
  //>>>>>>>>>>>>>>>>>>>>>>>>>>>>>>>>>>>//
  //              Dimer HF             //
  //<<<<<<<<<<<<<<<<<<<<<<<<<<<<<<<<<<<//


*** tstart() called on wanukaka
*** at Wed Apr 20 14:42:24 2022

   => Loading Basis Set <=

    Name: AUG-CC-PVDZ
    Role: ORBITAL
    Keyword: BASIS
    atoms 1, 5, 7, 9, 11-13, 17, 19, 21, 23-24 entry H          line    36 file /home/sulstice/software/miniconda2/envs/qmpython2/share/psi4/basis/aug-cc-pvdz.gbs 
    atoms 2-4, 6, 8, 10, 14-16, 18, 20, 22     entry C          line   178 file /home/sulstice/software/miniconda2/envs/qmpython2/share/psi4/basis/aug-cc-pvdz.gbs 


         ---------------------------------------------------------
                                   SCF
               by Justin Turney, Rob Parrish, Andy Simmonett
                          and Daniel G. A. Smith
                              RHF Reference
                       10 Threads,   7629 MiB Core
         ---------------------------------------------------------

  ==> Geometry <==

    Molecular point group: c1
    Full point group: C1

    Geometry (in Angstrom), charge = 0, multiplicity = 1:

       Center              X                  Y                   Z               Mass       
    ------------   -----------------  -----------------  -----------------  -----------------
         H            1.703156592366     0.001811746670    -0.788737122831     1.007825032230
         C            1.703156592366     0.001811746670     0.296562877169    12.000000000000
         C            1.703156592366    -1.195703381988     0.982389033446    12.000000000000
         C            1.703156592366    -1.229409676107     2.360676948120    12.000000000000
         H            1.703156592366    -2.169461648047     2.895616991537     1.007825032230
         C            1.703156592366    -0.073797744415     3.114056874406    12.000000000000
         H            1.703156592366    -0.086553810388     4.198381845428     1.007825032230
         C            1.703156592366     1.124889143540     2.415863788903    12.000000000000
         H            1.703156592366     2.050226359349     2.981836515312     1.007825032230
         C            1.703156592366     1.168189899778     1.036343550040    12.000000000000
         H            1.703156592366     2.104380512892     0.490294490049     1.007825032230
         H            1.703156592366    -2.103945689676     0.394692555215     1.007825032230
         H            0.048597435067    -0.010913831419     0.051007303010     1.007825032230
         C           -0.729856420341     0.000881588406    -0.727357182993    12.000000000000
         C           -1.188371687273     1.224615129264    -1.185819810662    12.000000000000
         C           -2.168979484227     1.253013598278    -2.166315030186    12.000000000000
         H           -2.526120899647     2.221091546344    -2.523415444440     1.007825032230
         C           -2.664802358189     0.064295040821    -2.662080981833    12.000000000000
         H           -3.438209266599     0.063565822531    -3.435399100246     1.007825032230
         C           -2.218105398300    -1.165788413614    -2.215435304420    12.000000000000
         H           -2.642379082968    -2.080828658543    -2.639660280887     1.007825032230
         C           -1.249755231758    -1.171927922942    -1.247196308088    12.000000000000
         H           -0.892652837892    -2.120932685280    -0.890134910909     1.007825032230
         H           -0.757089336347     2.118831844117    -0.754586972559     1.007825032230

  Running in c1 symmetry.

  Rotational constants: A =      0.07824  B =      0.01561  C =      0.01393 [cm^-1]
  Rotational constants: A =   2345.65604  B =    467.96025  C =    417.66736 [MHz]
  Nuclear repulsion =  606.404946773376309

  Charge       = 0
  Multiplicity = 1
  Electrons    = 84
  Nalpha       = 42
  Nbeta        = 42

  ==> Algorithm <==

  SCF Algorithm Type is DF.
  DIIS enabled.
  MOM disabled.
  Fractional occupation disabled.
  Guess Type is SAD.
  Energy threshold   = 1.00e-08
  Density threshold  = 1.00e-08
  Integral threshold = 0.00e+00

  ==> Primary Basis <==

  Basis Set: AUG-CC-PVDZ
    Blend: AUG-CC-PVDZ
    Number of shells: 168
    Number of basis function: 384
    Number of Cartesian functions: 408
    Spherical Harmonics?: true
    Max angular momentum: 2

   => Loading Basis Set <=

    Name: (AUG-CC-PVDZ AUX)
    Role: JKFIT
    Keyword: DF_BASIS_SCF
    atoms 1, 5, 7, 9, 11-13, 17, 19, 21, 23-24 entry H          line    70 file /home/sulstice/software/miniconda2/envs/qmpython2/share/psi4/basis/aug-cc-pvdz-jkfit.gbs 
    atoms 2-4, 6, 8, 10, 14-16, 18, 20, 22     entry C          line   154 file /home/sulstice/software/miniconda2/envs/qmpython2/share/psi4/basis/aug-cc-pvdz-jkfit.gbs 

  ==> Pre-Iterations <==

   -------------------------------------------------------
    Irrep   Nso     Nmo     Nalpha   Nbeta   Ndocc  Nsocc
   -------------------------------------------------------
     A        384     384       0       0       0       0
   -------------------------------------------------------
    Total     384     384      42      42      42       0
   -------------------------------------------------------

  ==> Integral Setup <==

  ==> DiskDFJK: Density-Fitted J/K Matrices <==

    J tasked:                  Yes
    K tasked:                  Yes
    wK tasked:                  No
    OpenMP threads:             10
    Integrals threads:          10
    Memory [MiB]:             5722
    Algorithm:                Core
    Integral Cache:           SAVE
    Schwarz Cutoff:          1E-12
    Fitting Condition:       1E-10

   => Auxiliary Basis Set <=

  Basis Set: (AUG-CC-PVDZ AUX)
    Blend: AUG-CC-PVDZ-JKFIT
    Number of shells: 480
    Number of basis function: 1416
    Number of Cartesian functions: 1632
    Spherical Harmonics?: true
    Max angular momentum: 3

  Minimum eigenvalue in the overlap matrix is 1.7224147816E-06.
  Using Symmetric Orthogonalization.

  SCF Guess: Superposition of Atomic Densities via on-the-fly atomic UHF.

  ==> Iterations <==

                           Total Energy        Delta E     RMS |[F,P]|

   @DF-RHF iter SAD:  -461.05690157520110   -4.61057e+02   0.00000e+00 
   @DF-RHF iter   1:  -461.04831610297254    8.58547e-03   1.93293e-03 DIIS
   @DF-RHF iter   2:  -461.33743376063990   -2.89118e-01   9.30203e-04 DIIS
   @DF-RHF iter   3:  -461.40533478104078   -6.79010e-02   1.55512e-04 DIIS
   @DF-RHF iter   4:  -461.40841219300182   -3.07741e-03   2.75133e-05 DIIS
   @DF-RHF iter   5:  -461.40848673070121   -7.45377e-05   1.31483e-05 DIIS
   @DF-RHF iter   6:  -461.40850341838484   -1.66877e-05   2.83438e-06 DIIS
   @DF-RHF iter   7:  -461.40850491670506   -1.49832e-06   1.05332e-06 DIIS
   @DF-RHF iter   8:  -461.40850520169789   -2.84993e-07   5.87104e-07 DIIS
   @DF-RHF iter   9:  -461.40850534889370   -1.47196e-07   2.21237e-07 DIIS
   @DF-RHF iter  10:  -461.40850536971783   -2.08241e-08   9.00896e-08 DIIS
   @DF-RHF iter  11:  -461.40850537166835   -1.95053e-09   2.09370e-08 DIIS
   @DF-RHF iter  12:  -461.40850537177516   -1.06809e-10   8.05214e-09 DIIS
  Energy and wave function converged.


  ==> Post-Iterations <==

    Orbital Energies [Eh]
    ---------------------

    Doubly Occupied:                                                      

       1A    -11.244703     2A    -11.244142     3A    -11.243559  
       4A    -11.240930     5A    -11.239355     6A    -11.237904  
       7A    -11.235244     8A    -11.233311     9A    -11.231639  
      10A    -11.231026    11A    -11.228031    12A    -11.217588  
      13A     -1.170155    14A     -1.153941    15A     -1.038762  
      16A     -1.023250    17A     -1.017276    18A     -1.008262  
      19A     -0.841829    20A     -0.834480    21A     -0.820969  
      22A     -0.814334    23A     -0.722650    24A     -0.705420  
      25A     -0.653548    26A     -0.632198    27A     -0.631091  
      28A     -0.618453    29A     -0.601248    30A     -0.589413  
      31A     -0.587139    32A     -0.583495    33A     -0.515218  
      34A     -0.510993    35A     -0.499084    36A     -0.491364  
      37A     -0.486945    38A     -0.470763    39A     -0.344960  
      40A     -0.337049    41A     -0.335500    42A     -0.322857  

    Virtual:                                                              

      43A      0.032236    44A      0.038628    45A      0.038791  
      46A      0.046882    47A      0.049492    48A      0.055762  
      49A      0.061868    50A      0.062437    51A      0.074868  
      52A      0.075980    53A      0.080244    54A      0.090727  
      55A      0.103985    56A      0.107020    57A      0.113105  
      58A      0.114219    59A      0.123142    60A      0.128097  
      61A      0.132474    62A      0.135876    63A      0.138554  
      64A      0.146774    65A      0.146928    66A      0.147912  
      67A      0.151571    68A      0.151845    69A      0.155765  
      70A      0.157407    71A      0.163089    72A      0.165921  
      73A      0.168377    74A      0.175786    75A      0.178558  
      76A      0.179790    77A      0.183379    78A      0.185320  
      79A      0.187536    80A      0.192980    81A      0.197671  
      82A      0.200267    83A      0.205926    84A      0.210186  
      85A      0.212197    86A      0.221763    87A      0.233069  
      88A      0.234009    89A      0.236429    90A      0.238411  
      91A      0.255209    92A      0.259908    93A      0.269795  
      94A      0.274886    95A      0.279283    96A      0.297185  
      97A      0.302559    98A      0.313693    99A      0.314613  
     100A      0.319185   101A      0.319981   102A      0.326378  
     103A      0.330162   104A      0.332843   105A      0.340410  
     106A      0.342828   107A      0.354449   108A      0.357119  
     109A      0.359868   110A      0.362689   111A      0.365597  
     112A      0.370090   113A      0.377878   114A      0.382727  
     115A      0.385514   116A      0.390236   117A      0.396063  
     118A      0.401708   119A      0.407550   120A      0.410960  
     121A      0.413085   122A      0.429092   123A      0.432620  
     124A      0.439832   125A      0.441720   126A      0.442318  
     127A      0.448434   128A      0.452135   129A      0.457916  
     130A      0.462169   131A      0.474414   132A      0.480861  
     133A      0.494417   134A      0.499472   135A      0.501638  
     136A      0.518411   137A      0.535271   138A      0.541165  
     139A      0.543356   140A      0.566432   141A      0.572307  
     142A      0.579855   143A      0.582545   144A      0.593634  
     145A      0.594164   146A      0.597944   147A      0.600011  
     148A      0.605108   149A      0.613390   150A      0.616720  
     151A      0.621804   152A      0.622852   153A      0.633861  
     154A      0.635337   155A      0.635763   156A      0.644766  
     157A      0.649723   158A      0.658632   159A      0.661638  
     160A      0.664442   161A      0.671853   162A      0.674991  
     163A      0.677216   164A      0.683880   165A      0.687438  
     166A      0.690761   167A      0.699935   168A      0.703544  
     169A      0.705789   170A      0.709809   171A      0.711388  
     172A      0.717978   173A      0.727830   174A      0.729278  
     175A      0.746075   176A      0.752786   177A      0.753850  
     178A      0.759501   179A      0.760566   180A      0.779643  
     181A      0.780278   182A      0.790381   183A      0.795238  
     184A      0.796764   185A      0.813917   186A      0.816817  
     187A      0.822114   188A      0.836286   189A      0.845159  
     190A      0.846726   191A      0.860581   192A      0.866342  
     193A      0.869997   194A      0.874678   195A      0.875342  
     196A      0.879652   197A      0.887498   198A      0.893130  
     199A      0.902496   200A      0.911338   201A      0.922806  
     202A      0.924738   203A      0.938794   204A      0.939658  
     205A      0.942815   206A      0.944906   207A      0.959953  
     208A      0.966107   209A      0.974252   210A      0.976611  
     211A      0.980448   212A      0.988736   213A      0.995287  
     214A      1.011126   215A      1.020314   216A      1.024486  
     217A      1.028606   218A      1.048486   219A      1.055167  
     220A      1.067489   221A      1.079474   222A      1.097037  
     223A      1.100025   224A      1.101204   225A      1.113519  
     226A      1.116647   227A      1.129292   228A      1.133706  
     229A      1.150019   230A      1.182677   231A      1.184108  
     232A      1.197939   233A      1.199449   234A      1.217727  
     235A      1.227990   236A      1.260725   237A      1.281260  
     238A      1.315804   239A      1.327020   240A      1.359347  
     241A      1.382067   242A      1.392293   243A      1.413521  
     244A      1.459404   245A      1.481401   246A      1.487784  
     247A      1.503683   248A      1.519761   249A      1.537001  
     250A      1.539201   251A      1.549557   252A      1.555759  
     253A      1.563495   254A      1.570026   255A      1.575089  
     256A      1.593147   257A      1.594642   258A      1.606534  
     259A      1.620966   260A      1.625671   261A      1.626930  
     262A      1.634261   263A      1.635763   264A      1.638819  
     265A      1.645177   266A      1.658541   267A      1.670736  
     268A      1.684875   269A      1.694917   270A      1.701100  
     271A      1.710806   272A      1.721111   273A      1.729051  
     274A      1.733288   275A      1.746925   276A      1.749035  
     277A      1.754113   278A      1.763671   279A      1.771311  
     280A      1.779103   281A      1.793574   282A      1.811953  
     283A      1.825805   284A      1.831709   285A      1.865337  
     286A      1.873615   287A      1.883220   288A      1.899623  
     289A      1.910520   290A      1.914496   291A      1.921862  
     292A      1.935308   293A      1.953282   294A      1.955261  
     295A      1.962944   296A      1.968526   297A      1.969675  
     298A      1.991099   299A      1.995238   300A      2.003056  
     301A      2.015262   302A      2.019036   303A      2.037952  
     304A      2.061772   305A      2.075704   306A      2.076745  
     307A      2.084570   308A      2.106527   309A      2.110790  
     310A      2.117154   311A      2.123903   312A      2.135721  
     313A      2.148860   314A      2.170649   315A      2.179185  
     316A      2.190800   317A      2.199215   318A      2.237916  
     319A      2.243538   320A      2.249438   321A      2.256767  
     322A      2.275832   323A      2.281868   324A      2.288772  
     325A      2.298279   326A      2.312044   327A      2.316763  
     328A      2.333222   329A      2.347207   330A      2.357403  
     331A      2.363214   332A      2.382880   333A      2.388322  
     334A      2.393705   335A      2.405417   336A      2.412769  
     337A      2.415502   338A      2.423443   339A      2.440827  
     340A      2.451443   341A      2.481581   342A      2.497880  
     343A      2.533438   344A      2.560958   345A      2.596298  
     346A      2.626150   347A      2.656717   348A      2.668618  
     349A      2.705505   350A      2.759198   351A      2.790470  
     352A      2.802614   353A      2.816678   354A      2.830124  
     355A      2.838887   356A      2.862208   357A      2.879917  
     358A      2.893075   359A      2.961672   360A      2.979115  
     361A      2.987491   362A      2.998995   363A      3.034744  
     364A      3.037332   365A      3.044588   366A      3.152095  
     367A      3.196334   368A      3.211795   369A      3.225769  
     370A      3.236367   371A      3.286523   372A      3.299208  
     373A      3.316786   374A      3.379525   375A      3.403657  
     376A      3.418011   377A      3.638059   378A      3.673900  
     379A      3.703832   380A      3.789052   381A      3.942485  
     382A      3.973495   383A      4.944389   384A      5.038153  

    Final Occupation by Irrep:
              A 
    DOCC [    42 ]

  @DF-RHF Final Energy:  -461.40850537177516

   => Energetics <=

    Nuclear Repulsion Energy =            606.4049467733763095
    One-Electron Energy =               -1825.2467364715505482
    Two-Electron Energy =                 757.4332843263989616
    Total Energy =                       -461.4085053717751634

Computation Completed


Properties will be evaluated at   0.000000,   0.000000,   0.000000 [a0]

Properties computed using the SCF density matrix

  Nuclear Dipole Moment: [e a0]
     X:     0.0104      Y:    -0.0119      Z:    -0.0188

  Electronic Dipole Moment: [e a0]
     X:     0.1349      Y:    -0.0051      Z:     0.1690

  Dipole Moment: [e a0]
     X:     0.1453      Y:    -0.0171      Z:     0.1501     Total:     0.2096

  Dipole Moment: [D]
     X:     0.3693      Y:    -0.0434      Z:     0.3815     Total:     0.5328


*** tstop() called on wanukaka at Wed Apr 20 14:42:45 2022
Module time:
	user time   =     185.56 seconds =       3.09 minutes
	system time =       4.35 seconds =       0.07 minutes
	total time  =         21 seconds =       0.35 minutes
Total time:
	user time   =    2967.10 seconds =      49.45 minutes
	system time =      86.29 seconds =       1.44 minutes
	total time  =        351 seconds =       5.85 minutes

  //>>>>>>>>>>>>>>>>>>>>>>>>>>>>>>>>>>>//
  //            Monomer A HF           //
  //<<<<<<<<<<<<<<<<<<<<<<<<<<<<<<<<<<<//


*** tstart() called on wanukaka
*** at Wed Apr 20 14:42:45 2022

   => Loading Basis Set <=

    Name: AUG-CC-PVDZ
    Role: ORBITAL
    Keyword: BASIS
    atoms 1, 5, 7, 9, 11-13, 17, 19, 21, 23-24 entry H          line    36 file /home/sulstice/software/miniconda2/envs/qmpython2/share/psi4/basis/aug-cc-pvdz.gbs 
    atoms 2-4, 6, 8, 10, 14-16, 18, 20, 22     entry C          line   178 file /home/sulstice/software/miniconda2/envs/qmpython2/share/psi4/basis/aug-cc-pvdz.gbs 


         ---------------------------------------------------------
                                   SCF
               by Justin Turney, Rob Parrish, Andy Simmonett
                          and Daniel G. A. Smith
                              RHF Reference
                       10 Threads,   7629 MiB Core
         ---------------------------------------------------------

  ==> Geometry <==

    Molecular point group: c1
    Full point group: C1

    Geometry (in Angstrom), charge = 0, multiplicity = 1:

       Center              X                  Y                   Z               Mass       
    ------------   -----------------  -----------------  -----------------  -----------------
         H            1.703156592366     0.001811746670    -0.788737122831     1.007825032230
         C            1.703156592366     0.001811746670     0.296562877169    12.000000000000
         C            1.703156592366    -1.195703381988     0.982389033446    12.000000000000
         C            1.703156592366    -1.229409676107     2.360676948120    12.000000000000
         H            1.703156592366    -2.169461648047     2.895616991537     1.007825032230
         C            1.703156592366    -0.073797744415     3.114056874406    12.000000000000
         H            1.703156592366    -0.086553810388     4.198381845428     1.007825032230
         C            1.703156592366     1.124889143540     2.415863788903    12.000000000000
         H            1.703156592366     2.050226359349     2.981836515312     1.007825032230
         C            1.703156592366     1.168189899778     1.036343550040    12.000000000000
         H            1.703156592366     2.104380512892     0.490294490049     1.007825032230
         H            1.703156592366    -2.103945689676     0.394692555215     1.007825032230
      Gh(H)           0.048597435067    -0.010913831419     0.051007303010     1.007825032230
      Gh(C)          -0.729856420341     0.000881588406    -0.727357182993    12.000000000000
      Gh(C)          -1.188371687273     1.224615129264    -1.185819810662    12.000000000000
      Gh(C)          -2.168979484227     1.253013598278    -2.166315030186    12.000000000000
      Gh(H)          -2.526120899647     2.221091546344    -2.523415444440     1.007825032230
      Gh(C)          -2.664802358189     0.064295040821    -2.662080981833    12.000000000000
      Gh(H)          -3.438209266599     0.063565822531    -3.435399100246     1.007825032230
      Gh(C)          -2.218105398300    -1.165788413614    -2.215435304420    12.000000000000
      Gh(H)          -2.642379082968    -2.080828658543    -2.639660280887     1.007825032230
      Gh(C)          -1.249755231758    -1.171927922942    -1.247196308088    12.000000000000
      Gh(H)          -0.892652837892    -2.120932685280    -0.890134910909     1.007825032230
      Gh(H)          -0.757089336347     2.118831844117    -0.754586972559     1.007825032230

  Running in c1 symmetry.

  Rotational constants: A =      0.07824  B =      0.01561  C =      0.01393 [cm^-1]
  Rotational constants: A =   2345.65604  B =    467.96025  C =    417.66736 [MHz]
  Nuclear repulsion =  205.246788278702354

  Charge       = 0
  Multiplicity = 1
  Electrons    = 42
  Nalpha       = 21
  Nbeta        = 21

  ==> Algorithm <==

  SCF Algorithm Type is DF.
  DIIS enabled.
  MOM disabled.
  Fractional occupation disabled.
  Guess Type is SAD.
  Energy threshold   = 1.00e-08
  Density threshold  = 1.00e-08
  Integral threshold = 0.00e+00

  ==> Primary Basis <==

  Basis Set: AUG-CC-PVDZ
    Blend: AUG-CC-PVDZ
    Number of shells: 168
    Number of basis function: 384
    Number of Cartesian functions: 408
    Spherical Harmonics?: true
    Max angular momentum: 2

   => Loading Basis Set <=

    Name: (AUG-CC-PVDZ AUX)
    Role: JKFIT
    Keyword: DF_BASIS_SCF
    atoms 1, 5, 7, 9, 11-13, 17, 19, 21, 23-24 entry H          line    70 file /home/sulstice/software/miniconda2/envs/qmpython2/share/psi4/basis/aug-cc-pvdz-jkfit.gbs 
    atoms 2-4, 6, 8, 10, 14-16, 18, 20, 22     entry C          line   154 file /home/sulstice/software/miniconda2/envs/qmpython2/share/psi4/basis/aug-cc-pvdz-jkfit.gbs 

  ==> Pre-Iterations <==

   -------------------------------------------------------
    Irrep   Nso     Nmo     Nalpha   Nbeta   Ndocc  Nsocc
   -------------------------------------------------------
     A        384     384       0       0       0       0
   -------------------------------------------------------
    Total     384     384      21      21      21       0
   -------------------------------------------------------

  ==> Integral Setup <==

  ==> DiskDFJK: Density-Fitted J/K Matrices <==

    J tasked:                  Yes
    K tasked:                  Yes
    wK tasked:                  No
    OpenMP threads:             10
    Integrals threads:          10
    Memory [MiB]:             5722
    Algorithm:                Core
    Integral Cache:           LOAD
    Schwarz Cutoff:          1E-12
    Fitting Condition:       1E-10

   => Auxiliary Basis Set <=

  Basis Set: (AUG-CC-PVDZ AUX)
    Blend: AUG-CC-PVDZ-JKFIT
    Number of shells: 480
    Number of basis function: 1416
    Number of Cartesian functions: 1632
    Spherical Harmonics?: true
    Max angular momentum: 3

  Minimum eigenvalue in the overlap matrix is 1.7224147816E-06.
  Using Symmetric Orthogonalization.

  SCF Guess: Superposition of Atomic Densities via on-the-fly atomic UHF.

  ==> Iterations <==

                           Total Energy        Delta E     RMS |[F,P]|

   @DF-RHF iter SAD:  -230.27718476119836   -2.30277e+02   0.00000e+00 
   @DF-RHF iter   1:  -230.54313073882111   -2.65946e-01   1.39312e-03 DIIS
   @DF-RHF iter   2:  -230.68785520923916   -1.44724e-01   6.92842e-04 DIIS
   @DF-RHF iter   3:  -230.72522851201236   -3.73733e-02   1.06946e-04 DIIS
   @DF-RHF iter   4:  -230.72669956712298   -1.47106e-03   1.29193e-05 DIIS
   @DF-RHF iter   5:  -230.72672330453008   -2.37374e-05   3.72884e-06 DIIS
   @DF-RHF iter   6:  -230.72672473274412   -1.42821e-06   1.23954e-06 DIIS
   @DF-RHF iter   7:  -230.72672489302940   -1.60285e-07   2.16001e-07 DIIS
   @DF-RHF iter   8:  -230.72672490081979   -7.79039e-09   1.14688e-07 DIIS
   @DF-RHF iter   9:  -230.72672490331612   -2.49634e-09   4.68350e-08 DIIS
   @DF-RHF iter  10:  -230.72672490443091   -1.11478e-09   1.67398e-08 DIIS
   @DF-RHF iter  11:  -230.72672490454389   -1.12976e-10   4.37623e-09 DIIS
  Energy and wave function converged.


  ==> Post-Iterations <==

    Orbital Energies [Eh]
    ---------------------

    Doubly Occupied:                                                      

       1A    -11.239197     2A    -11.238576     3A    -11.237756  
       4A    -11.236746     5A    -11.236498     6A    -11.235421  
       7A     -1.160851     8A     -1.024172     9A     -1.017378  
      10A     -0.827366    11A     -0.826420    12A     -0.712945  
      13A     -0.640590    14A     -0.625545    15A     -0.593841  
      16A     -0.581506    17A     -0.507436    18A     -0.502713  
      19A     -0.483764    20A     -0.340140    21A     -0.337040  

    Virtual:                                                              

      22A      0.023210    23A      0.036112    24A      0.036687  
      25A      0.044795    26A      0.048584    27A      0.053063  
      28A      0.060469    29A      0.062025    30A      0.067206  
      31A      0.075140    32A      0.077970    33A      0.083980  
      34A      0.092667    35A      0.107373    36A      0.108107  
      37A      0.115951    38A      0.118452    39A      0.123109  
      40A      0.123633    41A      0.128811    42A      0.131434  
      43A      0.141506    44A      0.146343    45A      0.147181  
      46A      0.152261    47A      0.153667    48A      0.158480  
      49A      0.159650    50A      0.160910    51A      0.161872  
      52A      0.163381    53A      0.169419    54A      0.176118  
      55A      0.178898    56A      0.181396    57A      0.182856  
      58A      0.190044    59A      0.190978    60A      0.192056  
      61A      0.202184    62A      0.205052    63A      0.206397  
      64A      0.215141    65A      0.218379    66A      0.233933  
      67A      0.237174    68A      0.237678    69A      0.250828  
      70A      0.254564    71A      0.262436    72A      0.269989  
      73A      0.273040    74A      0.281327    75A      0.296483  
      76A      0.298126    77A      0.298726    78A      0.310741  
      79A      0.315258    80A      0.324177    81A      0.328447  
      82A      0.329026    83A      0.334342    84A      0.344804  
      85A      0.356655    86A      0.365411    87A      0.367340  
      88A      0.370017    89A      0.374565    90A      0.377999  
      91A      0.385495    92A      0.387960    93A      0.397933  
      94A      0.400260    95A      0.403642    96A      0.409405  
      97A      0.412302    98A      0.418452    99A      0.430506  
     100A      0.432139   101A      0.437507   102A      0.439486  
     103A      0.448381   104A      0.451346   105A      0.457397  
     106A      0.460116   107A      0.466985   108A      0.470571  
     109A      0.487093   110A      0.488234   111A      0.493151  
     112A      0.505980   113A      0.508671   114A      0.512416  
     115A      0.516396   116A      0.527957   117A      0.539531  
     118A      0.542743   119A      0.557711   120A      0.566905  
     121A      0.572091   122A      0.584456   123A      0.585293  
     124A      0.587881   125A      0.592016   126A      0.593301  
     127A      0.598333   128A      0.603925   129A      0.618963  
     130A      0.620276   131A      0.625067   132A      0.631867  
     133A      0.639966   134A      0.643684   135A      0.650457  
     136A      0.651751   137A      0.667341   138A      0.669356  
     139A      0.675763   140A      0.680848   141A      0.687394  
     142A      0.687850   143A      0.698713   144A      0.703119  
     145A      0.704604   146A      0.709225   147A      0.718934  
     148A      0.727785   149A      0.743330   150A      0.746937  
     151A      0.754209   152A      0.763703   153A      0.764832  
     154A      0.769805   155A      0.772040   156A      0.790374  
     157A      0.792449   158A      0.802649   159A      0.805101  
     160A      0.812296   161A      0.817080   162A      0.828144  
     163A      0.834963   164A      0.838159   165A      0.851940  
     166A      0.855497   167A      0.858574   168A      0.864318  
     169A      0.867372   170A      0.869798   171A      0.876124  
     172A      0.881859   173A      0.887530   174A      0.897229  
     175A      0.906979   176A      0.912945   177A      0.920809  
     178A      0.930119   179A      0.935422   180A      0.940334  
     181A      0.947982   182A      0.950898   183A      0.955830  
     184A      0.963633   185A      0.968970   186A      0.986207  
     187A      0.995211   188A      0.998545   189A      1.005734  
     190A      1.009185   191A      1.019684   192A      1.037786  
     193A      1.044990   194A      1.047942   195A      1.048658  
     196A      1.062335   197A      1.067607   198A      1.079150  
     199A      1.086812   200A      1.108323   201A      1.109559  
     202A      1.121880   203A      1.122950   204A      1.138507  
     205A      1.142823   206A      1.149414   207A      1.168157  
     208A      1.196203   209A      1.215170   210A      1.226895  
     211A      1.243169   212A      1.247122   213A      1.249957  
     214A      1.262701   215A      1.293320   216A      1.321464  
     217A      1.355073   218A      1.386952   219A      1.392925  
     220A      1.405113   221A      1.419781   222A      1.429651  
     223A      1.438696   224A      1.446903   225A      1.490632  
     226A      1.507095   227A      1.522468   228A      1.527545  
     229A      1.543945   230A      1.569641   231A      1.582581  
     232A      1.603771   233A      1.610719   234A      1.614235  
     235A      1.628711   236A      1.643385   237A      1.651195  
     238A      1.661195   239A      1.665586   240A      1.670507  
     241A      1.688047   242A      1.693487   243A      1.721945  
     244A      1.744747   245A      1.764174   246A      1.770505  
     247A      1.786191   248A      1.834508   249A      1.845871  
     250A      1.846117   251A      1.864219   252A      1.925781  
     253A      1.932547   254A      1.957979   255A      1.964849  
     256A      1.973421   257A      1.981412   258A      1.990536  
     259A      2.003945   260A      2.021574   261A      2.066466  
     262A      2.074865   263A      2.092133   264A      2.104661  
     265A      2.117289   266A      2.134313   267A      2.144197  
     268A      2.149770   269A      2.153406   270A      2.160025  
     271A      2.176715   272A      2.192739   273A      2.195769  
     274A      2.206881   275A      2.212480   276A      2.220888  
     277A      2.236971   278A      2.250338   279A      2.257854  
     280A      2.267998   281A      2.272216   282A      2.275282  
     283A      2.283883   284A      2.292418   285A      2.296640  
     286A      2.302154   287A      2.320299   288A      2.331275  
     289A      2.333298   290A      2.336196   291A      2.355217  
     292A      2.360889   293A      2.372702   294A      2.391593  
     295A      2.398159   296A      2.417219   297A      2.425491  
     298A      2.442052   299A      2.477981   300A      2.485698  
     301A      2.501442   302A      2.520742   303A      2.531626  
     304A      2.533536   305A      2.547649   306A      2.580334  
     307A      2.622711   308A      2.640865   309A      2.655947  
     310A      2.660722   311A      2.677114   312A      2.684996  
     313A      2.692236   314A      2.705590   315A      2.731947  
     316A      2.744009   317A      2.755783   318A      2.781803  
     319A      2.786432   320A      2.801678   321A      2.821628  
     322A      2.840387   323A      2.857234   324A      2.869394  
     325A      2.880061   326A      2.900010   327A      2.909911  
     328A      2.926174   329A      2.940006   330A      2.962432  
     331A      2.986360   332A      3.003246   333A      3.033613  
     334A      3.045979   335A      3.063528   336A      3.124804  
     337A      3.180115   338A      3.203858   339A      3.213159  
     340A      3.266651   341A      3.276120   342A      3.280714  
     343A      3.297548   344A      3.313144   345A      3.345139  
     346A      3.381651   347A      3.423036   348A      3.435839  
     349A      3.475141   350A      3.498701   351A      3.509638  
     352A      3.528439   353A      3.559698   354A      3.569344  
     355A      3.619421   356A      3.644182   357A      3.690845  
     358A      3.749376   359A      3.805259   360A      3.962357  
     361A      4.048892   362A      4.068993   363A      4.151763  
     364A      4.171012   365A      4.290491   366A      4.417908  
     367A      4.472279   368A      4.675235   369A      4.930071  
     370A      4.998087   371A      5.059736   372A      5.389764  
     373A      5.430051   374A      5.483362   375A      5.526160  
     376A      5.575232   377A      5.740947   378A      6.143033  
     379A     18.008770   380A     18.428941   381A     18.450901  
     382A     19.074389   383A     19.100348   384A     20.843213  

    Final Occupation by Irrep:
              A 
    DOCC [    21 ]

  @DF-RHF Final Energy:  -230.72672490454389

   => Energetics <=

    Nuclear Repulsion Energy =            205.2467882787023541
    One-Electron Energy =                -716.7352175630625197
    Two-Electron Energy =                 280.7617043798163081
    Total Energy =                       -230.7267249045438575

Computation Completed


Properties will be evaluated at   0.000000,   0.000000,   0.000000 [a0]

Properties computed using the SCF density matrix

  Nuclear Dipole Moment: [e a0]
     X:   135.1770      Y:    -2.6979      Z:   134.9405

  Electronic Dipole Moment: [e a0]
     X:  -135.1770      Y:     2.6964      Z:  -134.9447

  Dipole Moment: [e a0]
     X:    -0.0000      Y:    -0.0014      Z:    -0.0042     Total:     0.0044

  Dipole Moment: [D]
     X:    -0.0000      Y:    -0.0037      Z:    -0.0107     Total:     0.0113


*** tstop() called on wanukaka at Wed Apr 20 14:42:57 2022
Module time:
	user time   =     103.12 seconds =       1.72 minutes
	system time =       2.43 seconds =       0.04 minutes
	total time  =         12 seconds =       0.20 minutes
Total time:
	user time   =    3070.26 seconds =      51.17 minutes
	system time =      88.72 seconds =       1.48 minutes
	total time  =        363 seconds =       6.05 minutes

  //>>>>>>>>>>>>>>>>>>>>>>>>>>>>>>>>>>>//
  //            Monomer B HF           //
  //<<<<<<<<<<<<<<<<<<<<<<<<<<<<<<<<<<<//


*** tstart() called on wanukaka
*** at Wed Apr 20 14:42:57 2022

   => Loading Basis Set <=

    Name: AUG-CC-PVDZ
    Role: ORBITAL
    Keyword: BASIS
    atoms 1, 5, 7, 9, 11-13, 17, 19, 21, 23-24 entry H          line    36 file /home/sulstice/software/miniconda2/envs/qmpython2/share/psi4/basis/aug-cc-pvdz.gbs 
    atoms 2-4, 6, 8, 10, 14-16, 18, 20, 22     entry C          line   178 file /home/sulstice/software/miniconda2/envs/qmpython2/share/psi4/basis/aug-cc-pvdz.gbs 


         ---------------------------------------------------------
                                   SCF
               by Justin Turney, Rob Parrish, Andy Simmonett
                          and Daniel G. A. Smith
                              RHF Reference
                       10 Threads,   7629 MiB Core
         ---------------------------------------------------------

  ==> Geometry <==

    Molecular point group: c1
    Full point group: C1

    Geometry (in Angstrom), charge = 0, multiplicity = 1:

       Center              X                  Y                   Z               Mass       
    ------------   -----------------  -----------------  -----------------  -----------------
      Gh(H)           1.703156592366     0.001811746670    -0.788737122831     1.007825032230
      Gh(C)           1.703156592366     0.001811746670     0.296562877169    12.000000000000
      Gh(C)           1.703156592366    -1.195703381988     0.982389033446    12.000000000000
      Gh(C)           1.703156592366    -1.229409676107     2.360676948120    12.000000000000
      Gh(H)           1.703156592366    -2.169461648047     2.895616991537     1.007825032230
      Gh(C)           1.703156592366    -0.073797744415     3.114056874406    12.000000000000
      Gh(H)           1.703156592366    -0.086553810388     4.198381845428     1.007825032230
      Gh(C)           1.703156592366     1.124889143540     2.415863788903    12.000000000000
      Gh(H)           1.703156592366     2.050226359349     2.981836515312     1.007825032230
      Gh(C)           1.703156592366     1.168189899778     1.036343550040    12.000000000000
      Gh(H)           1.703156592366     2.104380512892     0.490294490049     1.007825032230
      Gh(H)           1.703156592366    -2.103945689676     0.394692555215     1.007825032230
         H            0.048597435067    -0.010913831419     0.051007303010     1.007825032230
         C           -0.729856420341     0.000881588406    -0.727357182993    12.000000000000
         C           -1.188371687273     1.224615129264    -1.185819810662    12.000000000000
         C           -2.168979484227     1.253013598278    -2.166315030186    12.000000000000
         H           -2.526120899647     2.221091546344    -2.523415444440     1.007825032230
         C           -2.664802358189     0.064295040821    -2.662080981833    12.000000000000
         H           -3.438209266599     0.063565822531    -3.435399100246     1.007825032230
         C           -2.218105398300    -1.165788413614    -2.215435304420    12.000000000000
         H           -2.642379082968    -2.080828658543    -2.639660280887     1.007825032230
         C           -1.249755231758    -1.171927922942    -1.247196308088    12.000000000000
         H           -0.892652837892    -2.120932685280    -0.890134910909     1.007825032230
         H           -0.757089336347     2.118831844117    -0.754586972559     1.007825032230

  Running in c1 symmetry.

  Rotational constants: A =      0.07824  B =      0.01561  C =      0.01393 [cm^-1]
  Rotational constants: A =   2345.65604  B =    467.96025  C =    417.66736 [MHz]
  Nuclear repulsion =  205.034910568457349

  Charge       = 0
  Multiplicity = 1
  Electrons    = 42
  Nalpha       = 21
  Nbeta        = 21

  ==> Algorithm <==

  SCF Algorithm Type is DF.
  DIIS enabled.
  MOM disabled.
  Fractional occupation disabled.
  Guess Type is SAD.
  Energy threshold   = 1.00e-08
  Density threshold  = 1.00e-08
  Integral threshold = 0.00e+00

  ==> Primary Basis <==

  Basis Set: AUG-CC-PVDZ
    Blend: AUG-CC-PVDZ
    Number of shells: 168
    Number of basis function: 384
    Number of Cartesian functions: 408
    Spherical Harmonics?: true
    Max angular momentum: 2

   => Loading Basis Set <=

    Name: (AUG-CC-PVDZ AUX)
    Role: JKFIT
    Keyword: DF_BASIS_SCF
    atoms 1, 5, 7, 9, 11-13, 17, 19, 21, 23-24 entry H          line    70 file /home/sulstice/software/miniconda2/envs/qmpython2/share/psi4/basis/aug-cc-pvdz-jkfit.gbs 
    atoms 2-4, 6, 8, 10, 14-16, 18, 20, 22     entry C          line   154 file /home/sulstice/software/miniconda2/envs/qmpython2/share/psi4/basis/aug-cc-pvdz-jkfit.gbs 

  ==> Pre-Iterations <==

   -------------------------------------------------------
    Irrep   Nso     Nmo     Nalpha   Nbeta   Ndocc  Nsocc
   -------------------------------------------------------
     A        384     384       0       0       0       0
   -------------------------------------------------------
    Total     384     384      21      21      21       0
   -------------------------------------------------------

  ==> Integral Setup <==

  ==> DiskDFJK: Density-Fitted J/K Matrices <==

    J tasked:                  Yes
    K tasked:                  Yes
    wK tasked:                  No
    OpenMP threads:             10
    Integrals threads:          10
    Memory [MiB]:             5722
    Algorithm:                Core
    Integral Cache:           LOAD
    Schwarz Cutoff:          1E-12
    Fitting Condition:       1E-10

   => Auxiliary Basis Set <=

  Basis Set: (AUG-CC-PVDZ AUX)
    Blend: AUG-CC-PVDZ-JKFIT
    Number of shells: 480
    Number of basis function: 1416
    Number of Cartesian functions: 1632
    Spherical Harmonics?: true
    Max angular momentum: 3

  Minimum eigenvalue in the overlap matrix is 1.7224147816E-06.
  Using Symmetric Orthogonalization.

  SCF Guess: Superposition of Atomic Densities via on-the-fly atomic UHF.

  ==> Iterations <==

                           Total Energy        Delta E     RMS |[F,P]|

   @DF-RHF iter SAD:  -230.25787076948424   -2.30258e+02   0.00000e+00 
   @DF-RHF iter   1:  -230.54124025115718   -2.83369e-01   1.39202e-03 DIIS
   @DF-RHF iter   2:  -230.68633658885676   -1.45096e-01   6.97586e-04 DIIS
   @DF-RHF iter   3:  -230.72429218955514   -3.79556e-02   1.06627e-04 DIIS
   @DF-RHF iter   4:  -230.72576842372530   -1.47623e-03   1.26205e-05 DIIS
   @DF-RHF iter   5:  -230.72579177030516   -2.33466e-05   3.85861e-06 DIIS
   @DF-RHF iter   6:  -230.72579343159452   -1.66129e-06   1.61832e-06 DIIS
   @DF-RHF iter   7:  -230.72579376136744   -3.29773e-07   4.47746e-07 DIIS
   @DF-RHF iter   8:  -230.72579381697784   -5.56104e-08   2.47465e-07 DIIS
   @DF-RHF iter   9:  -230.72579384289645   -2.59186e-08   1.07444e-07 DIIS
   @DF-RHF iter  10:  -230.72579384860666   -5.71021e-09   2.05858e-08 DIIS
   @DF-RHF iter  11:  -230.72579384871952   -1.12863e-10   5.56822e-09 DIIS
  Energy and wave function converged.


  ==> Post-Iterations <==

    Orbital Energies [Eh]
    ---------------------

    Doubly Occupied:                                                      

       1A    -11.240268     2A    -11.239364     3A    -11.238686  
       4A    -11.238104     5A    -11.237412     6A    -11.235435  
       7A     -1.160995     8A     -1.023751     9A     -1.017512  
      10A     -0.828477    11A     -0.823892    12A     -0.711627  
      13A     -0.638492    14A     -0.625438    15A     -0.592451  
      16A     -0.582072    17A     -0.507573    18A     -0.498965  
      19A     -0.486224    20A     -0.340688    21A     -0.337204  

    Virtual:                                                              

      22A      0.022661    23A      0.035485    24A      0.035974  
      25A      0.043676    26A      0.047836    27A      0.052968  
      28A      0.061727    29A      0.062344    30A      0.070982  
      31A      0.073867    32A      0.078419    33A      0.080865  
      34A      0.099325    35A      0.101503    36A      0.109797  
      37A      0.110821    38A      0.112592    39A      0.118380  
      40A      0.125881    41A      0.134515    42A      0.138784  
      43A      0.140505    44A      0.143635    45A      0.146086  
      46A      0.149037    47A      0.150583    48A      0.152087  
      49A      0.153159    50A      0.159459    51A      0.171001  
      52A      0.171555    53A      0.173991    54A      0.175967  
      55A      0.178437    56A      0.183351    57A      0.186400  
      58A      0.191418    59A      0.192582    60A      0.196330  
      61A      0.198243    62A      0.208695    63A      0.212700  
      64A      0.222347    65A      0.222868    66A      0.230135  
      67A      0.232544    68A      0.237232    69A      0.239493  
      70A      0.243988    71A      0.257029    72A      0.259344  
      73A      0.266259    74A      0.272599    75A      0.284868  
      76A      0.289960    77A      0.292475    78A      0.311588  
      79A      0.321530    80A      0.326911    81A      0.332188  
      82A      0.333957    83A      0.338045    84A      0.344301  
      85A      0.353385    86A      0.356858    87A      0.361095  
      88A      0.361558    89A      0.373628    90A      0.375039  
      91A      0.380331    92A      0.381128    93A      0.386810  
      94A      0.389638    95A      0.402731    96A      0.408254  
      97A      0.413068    98A      0.420897    99A      0.432721  
     100A      0.436165   101A      0.439948   102A      0.440651  
     103A      0.449285   104A      0.454656   105A      0.458065  
     106A      0.464331   107A      0.468720   108A      0.475496  
     109A      0.481066   110A      0.489829   111A      0.491615  
     112A      0.504054   113A      0.508567   114A      0.520109  
     115A      0.526761   116A      0.531729   117A      0.542406  
     118A      0.544902   119A      0.553431   120A      0.555590  
     121A      0.566234   122A      0.570071   123A      0.572667  
     124A      0.576920   125A      0.583129   126A      0.594045  
     127A      0.605000   128A      0.608117   129A      0.616042  
     130A      0.619488   131A      0.623207   132A      0.638617  
     133A      0.640704   134A      0.644948   135A      0.655479  
     136A      0.664183   137A      0.666261   138A      0.668577  
     139A      0.674001   140A      0.676548   141A      0.688436  
     142A      0.694149   143A      0.700179   144A      0.701508  
     145A      0.710825   146A      0.713213   147A      0.718584  
     148A      0.731941   149A      0.739177   150A      0.741055  
     151A      0.753255   152A      0.766426   153A      0.767331  
     154A      0.776167   155A      0.783938   156A      0.784150  
     157A      0.790853   158A      0.802408   159A      0.809810  
     160A      0.816210   161A      0.825096   162A      0.831659  
     163A      0.839372   164A      0.850592   165A      0.852028  
     166A      0.859433   167A      0.861117   168A      0.869065  
     169A      0.871035   170A      0.874305   171A      0.887305  
     172A      0.892190   173A      0.895941   174A      0.898042  
     175A      0.909033   176A      0.910397   177A      0.927157  
     178A      0.930000   179A      0.935227   180A      0.939683  
     181A      0.952759   182A      0.961628   183A      0.966892  
     184A      0.969762   185A      0.976927   186A      0.986182  
     187A      0.993167   188A      0.995307   189A      1.006781  
     190A      1.013505   191A      1.020004   192A      1.025211  
     193A      1.033183   194A      1.042741   195A      1.055170  
     196A      1.061966   197A      1.077039   198A      1.081272  
     199A      1.090418   200A      1.092408   201A      1.110711  
     202A      1.115122   203A      1.118933   204A      1.129605  
     205A      1.130637   206A      1.132141   207A      1.155876  
     208A      1.194987   209A      1.202354   210A      1.206595  
     211A      1.217278   212A      1.227617   213A      1.231082  
     214A      1.246977   215A      1.260260   216A      1.286613  
     217A      1.288569   218A      1.308643   219A      1.320845  
     220A      1.371084   221A      1.405796   222A      1.415964  
     223A      1.427281   224A      1.434020   225A      1.469050  
     226A      1.484045   227A      1.504707   228A      1.512439  
     229A      1.520416   230A      1.523751   231A      1.527797  
     232A      1.560074   233A      1.579701   234A      1.593789  
     235A      1.602542   236A      1.613340   237A      1.625340  
     238A      1.637660   239A      1.661088   240A      1.665755  
     241A      1.684314   242A      1.706801   243A      1.719431  
     244A      1.731101   245A      1.741101   246A      1.753036  
     247A      1.765015   248A      1.799793   249A      1.803864  
     250A      1.818705   251A      1.851963   252A      1.870407  
     253A      1.915184   254A      1.928536   255A      1.937556  
     256A      1.977915   257A      1.981642   258A      1.990234  
     259A      1.991807   260A      2.006079   261A      2.032509  
     262A      2.048539   263A      2.069678   264A      2.102363  
     265A      2.116300   266A      2.122886   267A      2.132620  
     268A      2.144231   269A      2.147571   270A      2.157839  
     271A      2.169616   272A      2.174734   273A      2.184226  
     274A      2.208683   275A      2.227590   276A      2.229444  
     277A      2.234147   278A      2.244208   279A      2.247063  
     280A      2.263789   281A      2.285978   282A      2.294039  
     283A      2.297476   284A      2.307223   285A      2.314829  
     286A      2.316698   287A      2.330277   288A      2.347057  
     289A      2.365914   290A      2.378425   291A      2.386664  
     292A      2.394124   293A      2.409021   294A      2.415968  
     295A      2.419580   296A      2.445005   297A      2.452683  
     298A      2.464908   299A      2.486896   300A      2.490344  
     301A      2.527448   302A      2.534839   303A      2.547025  
     304A      2.558185   305A      2.568743   306A      2.582774  
     307A      2.636939   308A      2.642248   309A      2.653625  
     310A      2.670412   311A      2.676279   312A      2.677623  
     313A      2.696085   314A      2.710520   315A      2.713682  
     316A      2.725106   317A      2.730559   318A      2.755569  
     319A      2.787696   320A      2.800051   321A      2.809435  
     322A      2.824747   323A      2.850413   324A      2.860209  
     325A      2.876451   326A      2.906253   327A      2.910908  
     328A      2.923934   329A      2.955128   330A      2.964302  
     331A      2.995026   332A      3.009697   333A      3.022891  
     334A      3.041761   335A      3.050186   336A      3.126547  
     337A      3.200089   338A      3.210852   339A      3.240230  
     340A      3.247764   341A      3.278858   342A      3.308929  
     343A      3.320080   344A      3.339710   345A      3.382095  
     346A      3.414174   347A      3.428439   348A      3.462216  
     349A      3.483353   350A      3.503319   351A      3.551144  
     352A      3.561044   353A      3.574808   354A      3.637107  
     355A      3.666160   356A      3.726374   357A      3.794181  
     358A      3.903860   359A      3.956616   360A      4.027634  
     361A      4.038670   362A      4.123265   363A      4.179706  
     364A      4.257014   365A      4.267558   366A      4.469752  
     367A      4.494763   368A      4.714618   369A      4.943935  
     370A      4.982525   371A      5.014632   372A      5.421191  
     373A      5.454410   374A      5.512586   375A      5.520694  
     376A      5.547154   377A      5.739971   378A      6.220803  
     379A     18.013328   380A     18.396113   381A     18.420949  
     382A     19.111096   383A     19.161562   384A     20.930334  

    Final Occupation by Irrep:
              A 
    DOCC [    21 ]

  @DF-RHF Final Energy:  -230.72579384871952

   => Energetics <=

    Nuclear Repulsion Energy =            205.0349105684573487
    One-Electron Energy =                -716.3121425765651793
    Two-Electron Energy =                 280.5514381593883400
    Total Energy =                       -230.7257938487194906

Computation Completed


Properties will be evaluated at   0.000000,   0.000000,   0.000000 [a0]

Properties computed using the SCF density matrix

  Nuclear Dipole Moment: [e a0]
     X:  -135.1666      Y:     2.6860      Z:  -134.9594

  Electronic Dipole Moment: [e a0]
     X:   135.1692      Y:    -2.6897      Z:   134.9619

  Dipole Moment: [e a0]
     X:     0.0026      Y:    -0.0037      Z:     0.0026     Total:     0.0052

  Dipole Moment: [D]
     X:     0.0067      Y:    -0.0095      Z:     0.0065     Total:     0.0133


*** tstop() called on wanukaka at Wed Apr 20 14:43:09 2022
Module time:
	user time   =     103.25 seconds =       1.72 minutes
	system time =       2.29 seconds =       0.04 minutes
	total time  =         12 seconds =       0.20 minutes
Total time:
	user time   =    3173.54 seconds =      52.89 minutes
	system time =      91.01 seconds =       1.52 minutes
	total time  =        375 seconds =       6.25 minutes
  Constructing Basis Sets for SAPT...

   => Loading Basis Set <=

    Name: (AUG-CC-PVDZ AUX)
    Role: RIFIT
    Keyword: DF_BASIS_SAPT
    atoms 1, 5, 7, 9, 11-13, 17, 19, 21, 23-24 entry H          line    30 file /home/sulstice/software/miniconda2/envs/qmpython2/share/psi4/basis/aug-cc-pvdz-ri.gbs 
    atoms 2-4, 6, 8, 10, 14-16, 18, 20, 22     entry C          line   112 file /home/sulstice/software/miniconda2/envs/qmpython2/share/psi4/basis/aug-cc-pvdz-ri.gbs 


  //>>>>>>>>>>>>>>>>>>>>>>>>>>>>>>>>>>>//
  //               SAPT0               //
  //<<<<<<<<<<<<<<<<<<<<<<<<<<<<<<<<<<<//


*** tstart() called on wanukaka
*** at Wed Apr 20 14:43:09 2022

        SAPT0  
    Ed Hohenstein
     6 June 2009

      Orbital Information
  --------------------------
    NSO        =       384
    NMO        =       384
    NRI        =      1140
    NOCC A     =        21
    NOCC B     =        21
    FOCC A     =         0
    FOCC B     =         0
    NVIR A     =       363
    NVIR B     =       363

    Elst10,r            =    -0.029615846543 [Eh]
    Exch10              =     0.087396543443 [Eh]
    Exch10 (S^2)        =     0.082243692889 [Eh]

    Iter     Energy [mEh]          dE [mEh]         Residual      Time [s]
       1     -12.86315956      12.863159555      20.774780009             0
       2     -16.22611636       3.362956800       8.248539241             1
       3     -16.77789124       0.551774886       2.741690343             2
       4     -16.70325743      -0.074633813       1.549950537             2
       5     -16.64300222      -0.060255214       0.599106547             3
       6     -16.67051744       0.027515220       0.197183646             3
       7     -16.67276657       0.002249137       0.064061054             4
       8     -16.67148018      -0.001286397       0.016806714             4
       9     -16.67117376      -0.000306419       0.004218340             5
      10     -16.67128969       0.000115932       0.001125524             5
      11     -16.67129235       0.000002664       0.000356526             6
      12     -16.67128448      -0.000007876       0.000071727             6
      13     -16.67128542       0.000000941       0.000023566             7
      14     -16.67128557       0.000000149       0.000009565             7
      15     -16.67128546      -0.000000105       0.000004715             8
      16     -16.67128546      -0.000000004       0.000001997             8
      17     -16.67128547       0.000000017       0.000000534             9

    CHF Iterations converged


    Iter     Energy [mEh]          dE [mEh]         Residual      Time [s]
       1     -15.23808341      15.238083406      23.146072656             0
       2     -18.99858995       3.760506546       9.352635501             1
       3     -19.77214205       0.773552097       2.031016423             2
       4     -19.71123097      -0.060911084       0.871732724             2
       5     -19.68023916      -0.030991810       0.325768278             3
       6     -19.69055419       0.010315030       0.174011396             3
       7     -19.69201778       0.001463596       0.056518579             4
       8     -19.69064734      -0.001370441       0.014458520             4
       9     -19.69057273      -0.000074608       0.004270895             5
      10     -19.69062408       0.000051346       0.001538306             5
      11     -19.69064323       0.000019150       0.000441634             6
      12     -19.69063903      -0.000004204       0.000141454             6
      13     -19.69063700      -0.000002026       0.000039314             7
      14     -19.69063755       0.000000550       0.000010771             7
      15     -19.69063762       0.000000065       0.000003539             8
      16     -19.69063756      -0.000000054       0.000001052             8
      17     -19.69063757       0.000000011       0.000000381             9

    CHF Iterations converged

    Ind20,r (A<-B)      =    -0.016671285472 [Eh]
    Ind20,r (B<-A)      =    -0.019690637573 [Eh]
    Ind20,r             =    -0.036361923045 [Eh]
    Exch-Ind20,r (A<-B) =     0.012460533947 [Eh]
    Exch-Ind20,r (B<-A) =     0.016287937949 [Eh]
    Exch-Ind20,r        =     0.028748471896 [Eh]
    Disp20              =    -0.027335202480 [Eh]
    Disp20 (SS)         =    -0.013667601240 [Eh]
    Disp20 (OS)         =    -0.013667601240 [Eh]
    Exch-Disp20         =     0.005133321161 [Eh]
    Exch-Disp20 (SS)    =     0.003238017345 [Eh]
    Exch-Disp20 (OS)    =     0.001895303817 [Eh]

    SAPT Results 
  --------------------------------------------------------------------------------------------------------
    Electrostatics                -29.61584654 [mEh]     -18.58422428 [kcal/mol]     -77.75639439 [kJ/mol]
      Elst10,r                    -29.61584654 [mEh]     -18.58422428 [kcal/mol]     -77.75639439 [kJ/mol]

    Exchange                       87.39654344 [mEh]      54.84215899 [kcal/mol]     229.45959320 [kJ/mol]
      Exch10                       87.39654344 [mEh]      54.84215899 [kcal/mol]     229.45959320 [kJ/mol]
      Exch10(S^2)                  82.24369289 [mEh]      51.60869645 [kcal/mol]     215.93078593 [kJ/mol]

    Induction                     -13.76731541 [mEh]      -8.63912085 [kcal/mol]     -36.14608163 [kJ/mol]
      Ind20,r                     -36.36192304 [mEh]     -22.81745120 [kcal/mol]     -95.46821580 [kJ/mol]
      Exch-Ind20,r                 28.74847190 [mEh]      18.03993847 [kcal/mol]      75.47910256 [kJ/mol]
      delta HF,r (2)               -6.15386426 [mEh]      -3.86160813 [kcal/mol]     -16.15696840 [kJ/mol]

    Dispersion                    -22.20188132 [mEh]     -13.93189086 [kcal/mol]     -58.29103137 [kJ/mol]
      Disp20                      -27.33520248 [mEh]     -17.15309852 [kcal/mol]     -71.76856422 [kJ/mol]
      Exch-Disp20                   5.13332116 [mEh]       3.22120766 [kcal/mol]      13.47753285 [kJ/mol]
      Disp20 (SS)                 -13.66760124 [mEh]      -8.57654926 [kcal/mol]     -35.88428211 [kJ/mol]
      Disp20 (OS)                 -13.66760124 [mEh]      -8.57654926 [kcal/mol]     -35.88428211 [kJ/mol]
      Exch-Disp20 (SS)              3.23801734 [mEh]       2.03188656 [kcal/mol]       8.50141337 [kJ/mol]
      Exch-Disp20 (OS)              1.89530382 [mEh]       1.18932110 [kcal/mol]       4.97611949 [kJ/mol]

  Total HF                         44.01338149 [mEh]      27.61881386 [kcal/mol]     115.55711718 [kJ/mol]
  Total SAPT0                      21.81150017 [mEh]      13.68692299 [kcal/mol]      57.26608580 [kJ/mol]

  Special recipe for scaled SAPT0 (see Manual):
    Electrostatics sSAPT0         -29.61584654 [mEh]     -18.58422428 [kcal/mol]     -77.75639439 [kJ/mol]
    Exchange sSAPT0                87.39654344 [mEh]      54.84215899 [kcal/mol]     229.45959320 [kJ/mol]
    Induction sSAPT0               -8.01812024 [mEh]      -5.03144642 [kcal/mol]     -21.05157180 [kJ/mol]
    Dispersion sSAPT0             -21.17530623 [mEh]     -13.28770527 [kcal/mol]     -55.59575884 [kJ/mol]
  Total sSAPT0                     28.58727043 [mEh]      17.93878302 [kcal/mol]      75.05586817 [kJ/mol]
  --------------------------------------------------------------------------------------------------------

*** tstop() called on wanukaka at Wed Apr 20 14:43:55 2022
Module time:
	user time   =     351.71 seconds =       5.86 minutes
	system time =      25.42 seconds =       0.42 minutes
	total time  =         46 seconds =       0.77 minutes
Total time:
	user time   =    3526.52 seconds =      58.78 minutes
	system time =     116.49 seconds =       1.94 minutes
	total time  =        421 seconds =       7.02 minutes


Warning! sapt0 does not have an associated derived wavefunction.The returned wavefunction is the dimer SCF wavefunction.

