

   ===> N-Body Interaction Abacus <===
        BSSE Treatment:                     cp
        Number of 1-body computations:     4
        Number of 2-body computations:     1

   ==> N-Body: Now computing 1-body complexes <==


       N-Body: Computing complex (1/4) with fragments (2,) in the basis of fragments (2,).

    SCF Algorithm Type (re)set to DF.

*** tstart() called on wanukaka
*** at Wed Apr 20 14:36:54 2022

   => Loading Basis Set <=

    Name: AUG-CC-PVDZ
    Role: ORBITAL
    Keyword: BASIS
    atoms 1   entry O          line   250 file /home/sulstice/software/miniconda2/envs/qmpython2/share/psi4/basis/aug-cc-pvdz.gbs 
    atoms 2-3 entry H          line    36 file /home/sulstice/software/miniconda2/envs/qmpython2/share/psi4/basis/aug-cc-pvdz.gbs 


         ---------------------------------------------------------
                                   SCF
               by Justin Turney, Rob Parrish, Andy Simmonett
                          and Daniel G. A. Smith
                              RHF Reference
                       10 Threads,   7629 MiB Core
         ---------------------------------------------------------

  ==> Geometry <==

    Molecular point group: c1
    Full point group: C1

    Geometry (in Angstrom), charge = 0, multiplicity = 1:

       Center              X                  Y                   Z               Mass       
    ------------   -----------------  -----------------  -----------------  -----------------
         O            1.442976182486     0.250000000000     0.020626414764    15.994914619570
         H            2.201578182486     0.250000000000     0.524910414764     1.007825032230
         H            1.703431182486     0.250000000000    -0.852266585236     1.007825032230

  Running in c1 symmetry.

  Rotational constants: A =     16.34264  B =      0.39910  C =      0.38985 [cm^-1]
  Rotational constants: A = 489939.94381  B =  11964.71162  C =  11687.53565 [MHz]
  Nuclear repulsion =    9.656131623369420

  Charge       = 0
  Multiplicity = 1
  Electrons    = 10
  Nalpha       = 5
  Nbeta        = 5

  ==> Algorithm <==

  SCF Algorithm Type is DF.
  DIIS enabled.
  MOM disabled.
  Fractional occupation disabled.
  Guess Type is SAD.
  Energy threshold   = 1.00e-08
  Density threshold  = 1.00e-08
  Integral threshold = 0.00e+00

  ==> Primary Basis <==

  Basis Set: AUG-CC-PVDZ
    Blend: AUG-CC-PVDZ
    Number of shells: 19
    Number of basis function: 41
    Number of Cartesian functions: 43
    Spherical Harmonics?: true
    Max angular momentum: 2

   => Loading Basis Set <=

    Name: (AUG-CC-PVDZ AUX)
    Role: JKFIT
    Keyword: DF_BASIS_SCF
    atoms 1   entry O          line   270 file /home/sulstice/software/miniconda2/envs/qmpython2/share/psi4/basis/aug-cc-pvdz-jkfit.gbs 
    atoms 2-3 entry H          line    70 file /home/sulstice/software/miniconda2/envs/qmpython2/share/psi4/basis/aug-cc-pvdz-jkfit.gbs 

  ==> Pre-Iterations <==

   -------------------------------------------------------
    Irrep   Nso     Nmo     Nalpha   Nbeta   Ndocc  Nsocc
   -------------------------------------------------------
     A         41      41       0       0       0       0
   -------------------------------------------------------
    Total      41      41       5       5       5       0
   -------------------------------------------------------

  ==> Integral Setup <==

  DFHelper Memory: AOs need 0.002 GiB; user supplied 5.588 GiB. Using in-core AOs.

  ==> MemDFJK: Density-Fitted J/K Matrices <==

    J tasked:                   Yes
    K tasked:                   Yes
    wK tasked:                   No
    OpenMP threads:              10
    Memory [MiB]:              5722
    Algorithm:                 Core
    Schwarz Cutoff:           1E-12
    Mask sparsity (%):       0.0000
    Fitting Condition:        1E-10

   => Auxiliary Basis Set <=

  Basis Set: (AUG-CC-PVDZ AUX)
    Blend: AUG-CC-PVDZ-JKFIT
    Number of shells: 52
    Number of basis function: 150
    Number of Cartesian functions: 171
    Spherical Harmonics?: true
    Max angular momentum: 3

  Minimum eigenvalue in the overlap matrix is 2.2715653112E-03.
  Using Symmetric Orthogonalization.

  SCF Guess: Superposition of Atomic Densities via on-the-fly atomic UHF.

  ==> Iterations <==

                           Total Energy        Delta E     RMS |[F,P]|

   @DF-RHF iter SAD:   -75.51510323294366   -7.55151e+01   0.00000e+00 
   @DF-RHF iter   1:   -75.95669368956335   -4.41590e-01   1.11756e-02 DIIS
   @DF-RHF iter   2:   -76.01163659638561   -5.49429e-02   6.88167e-03 DIIS
   @DF-RHF iter   3:   -76.03894783837815   -2.73112e-02   4.97798e-04 DIIS
   @DF-RHF iter   4:   -76.03927419592216   -3.26358e-04   9.90600e-05 DIIS
   @DF-RHF iter   5:   -76.03928804456606   -1.38486e-05   2.06934e-05 DIIS
   @DF-RHF iter   6:   -76.03928900187182   -9.57306e-07   4.07817e-06 DIIS
   @DF-RHF iter   7:   -76.03928904359265   -4.17208e-08   7.47098e-07 DIIS
   @DF-RHF iter   8:   -76.03928904495368   -1.36103e-09   1.09217e-07 DIIS
   @DF-RHF iter   9:   -76.03928904497805   -2.43716e-11   2.54616e-08 DIIS
   @DF-RHF iter  10:   -76.03928904497926   -1.20792e-12   3.45268e-09 DIIS
  Energy and wave function converged.


  ==> Post-Iterations <==

    Orbital Energies [Eh]
    ---------------------

    Doubly Occupied:                                                      

       1A    -20.568064     2A     -1.380109     3A     -0.750841  
       4A     -0.589466     5A     -0.512926  

    Virtual:                                                              

       6A      0.036389     7A      0.057958     8A      0.172999  
       9A      0.193979    10A      0.225250    11A      0.229250  
      12A      0.305212    13A      0.334550    14A      0.387886  
      15A      0.416036    16A      0.444803    17A      0.543713  
      18A      0.657483    19A      0.660574    20A      0.845125  
      21A      0.938268    22A      1.092794    23A      1.108328  
      24A      1.153343    25A      1.339383    26A      1.485737  
      27A      1.500340    28A      1.598923    29A      2.035934  
      30A      2.048169    31A      2.134883    32A      2.417832  
      33A      2.556692    34A      2.717016    35A      2.754855  
      36A      2.971530    37A      3.673962    38A      3.700828  
      39A      3.716752    40A      4.113405    41A      4.405996  

    Final Occupation by Irrep:
              A 
    DOCC [     5 ]

  @DF-RHF Final Energy:   -76.03928904497926

   => Energetics <=

    Nuclear Repulsion Energy =              9.6561316233694203
    One-Electron Energy =                -123.7880276950773606
    Two-Electron Energy =                  38.0926070267286860
    Total Energy =                        -76.0392890449792560

Computation Completed


Properties will be evaluated at   0.000000,   0.000000,   0.000000 [a0]

Properties computed using the SCF density matrix

  Nuclear Dipole Moment: [e a0]
     X:    29.1940      Y:     4.7243      Z:    -0.3068

  Electronic Dipole Moment: [e a0]
     X:   -28.4834      Y:    -4.7243      Z:     0.0497

  Dipole Moment: [e a0]
     X:     0.7106      Y:    -0.0000      Z:    -0.2571     Total:     0.7557

  Dipole Moment: [D]
     X:     1.8063      Y:    -0.0000      Z:    -0.6534     Total:     1.9208


*** tstop() called on wanukaka at Wed Apr 20 14:36:54 2022
Module time:
	user time   =       3.76 seconds =       0.06 minutes
	system time =       0.24 seconds =       0.00 minutes
	total time  =          0 seconds =       0.00 minutes
Total time:
	user time   =       3.76 seconds =       0.06 minutes
	system time =       0.24 seconds =       0.00 minutes
	total time  =          0 seconds =       0.00 minutes

*** tstart() called on wanukaka
*** at Wed Apr 20 14:36:54 2022


  //>>>>>>>>>>>>>>>>>>>>>>>>>>>>>>>>>>>//
  //               DFMP2               //
  //<<<<<<<<<<<<<<<<<<<<<<<<<<<<<<<<<<<//

   => Loading Basis Set <=

    Name: (AUG-CC-PVDZ AUX)
    Role: RIFIT
    Keyword: DF_BASIS_MP2
    atoms 1   entry O          line   204 file /home/sulstice/software/miniconda2/envs/qmpython2/share/psi4/basis/aug-cc-pvdz-ri.gbs 
    atoms 2-3 entry H          line    30 file /home/sulstice/software/miniconda2/envs/qmpython2/share/psi4/basis/aug-cc-pvdz-ri.gbs 

	 --------------------------------------------------------
	                          DF-MP2                         
	      2nd-Order Density-Fitted Moller-Plesset Theory     
	              RMP2 Wavefunction,  10 Threads             
	                                                         
	        Rob Parrish, Justin Turney, Andy Simmonett,      
	           Ed Hohenstein, and C. David Sherrill          
	 --------------------------------------------------------

   => Auxiliary Basis Set <=

  Basis Set: (AUG-CC-PVDZ AUX)
    Blend: AUG-CC-PVDZ-RI
    Number of shells: 40
    Number of basis function: 118
    Number of Cartesian functions: 136
    Spherical Harmonics?: true
    Max angular momentum: 3

	 --------------------------------------------------------
	                 NBF =    41, NAUX =   118
	 --------------------------------------------------------
	   CLASS    FOCC     OCC    AOCC    AVIR     VIR    FVIR
	   PAIRS       0       5       5      36      36       0
	 --------------------------------------------------------

	-----------------------------------------------------------
	 ==================> DF-MP2 Energies <==================== 
	-----------------------------------------------------------
	 Reference Energy          =     -76.0392890449792560 [Eh]
	 Singles Energy            =      -0.0000000000000000 [Eh]
	 Same-Spin Energy          =      -0.0558310219320370 [Eh]
	 Opposite-Spin Energy      =      -0.1619550210726563 [Eh]
	 Correlation Energy        =      -0.2177860430046933 [Eh]
	 Total Energy              =     -76.2570750879839494 [Eh]
	-----------------------------------------------------------
	 ================> DF-SCS-MP2 Energies <================== 
	-----------------------------------------------------------
	 SCS Same-Spin Scale       =       0.3333333333333333 [-]
	 SCS Opposite-Spin Scale   =       1.2000000000000000 [-]
	 SCS Same-Spin Energy      =      -0.0186103406440123 [Eh]
	 SCS Opposite-Spin Energy  =      -0.1943460252871876 [Eh]
	 SCS Correlation Energy    =      -0.2129563659311999 [Eh]
	 SCS Total Energy          =     -76.2522454109104615 [Eh]
	-----------------------------------------------------------


*** tstop() called on wanukaka at Wed Apr 20 14:36:54 2022
Module time:
	user time   =       1.66 seconds =       0.03 minutes
	system time =       0.08 seconds =       0.00 minutes
	total time  =          0 seconds =       0.00 minutes
Total time:
	user time   =       5.43 seconds =       0.09 minutes
	system time =       0.32 seconds =       0.01 minutes
	total time  =          0 seconds =       0.00 minutes

       N-Body: Complex Energy (fragments = (2,), basis = (2,):   -76.25707508798395)

       N-Body: Computing complex (2/4) with fragments (2,) in the basis of fragments (1, 2).

    SCF Algorithm Type (re)set to DF.

*** tstart() called on wanukaka
*** at Wed Apr 20 14:36:54 2022

   => Loading Basis Set <=

    Name: AUG-CC-PVDZ
    Role: ORBITAL
    Keyword: BASIS
    atoms 1, 4     entry O          line   250 file /home/sulstice/software/miniconda2/envs/qmpython2/share/psi4/basis/aug-cc-pvdz.gbs 
    atoms 2-3, 5-6 entry H          line    36 file /home/sulstice/software/miniconda2/envs/qmpython2/share/psi4/basis/aug-cc-pvdz.gbs 


         ---------------------------------------------------------
                                   SCF
               by Justin Turney, Rob Parrish, Andy Simmonett
                          and Daniel G. A. Smith
                              RHF Reference
                       10 Threads,   7629 MiB Core
         ---------------------------------------------------------

  ==> Geometry <==

    Molecular point group: c1
    Full point group: C1

    Geometry (in Angstrom), charge = 0, multiplicity = 1:

       Center              X                  Y                   Z               Mass       
    ------------   -----------------  -----------------  -----------------  -----------------
      Gh(O)          -1.557023817514    -0.250000000000     0.020626414764    15.994914619570
      Gh(H)          -0.798421817514    -0.250000000000     0.524910414764     1.007825032230
      Gh(H)          -1.296568817514    -0.250000000000    -0.852266585236     1.007825032230
         O            1.442976182486     0.250000000000     0.020626414764    15.994914619570
         H            2.201578182486     0.250000000000     0.524910414764     1.007825032230
         H            1.703431182486     0.250000000000    -0.852266585236     1.007825032230

  Running in c1 symmetry.

  Rotational constants: A =      8.17132  B =      0.19955  C =      0.19493 [cm^-1]
  Rotational constants: A = 244969.97191  B =   5982.35581  C =   5843.76783 [MHz]
  Nuclear repulsion =    9.656131623369420

  Charge       = 0
  Multiplicity = 1
  Electrons    = 10
  Nalpha       = 5
  Nbeta        = 5

  ==> Algorithm <==

  SCF Algorithm Type is DF.
  DIIS enabled.
  MOM disabled.
  Fractional occupation disabled.
  Guess Type is SAD.
  Energy threshold   = 1.00e-08
  Density threshold  = 1.00e-08
  Integral threshold = 0.00e+00

  ==> Primary Basis <==

  Basis Set: AUG-CC-PVDZ
    Blend: AUG-CC-PVDZ
    Number of shells: 38
    Number of basis function: 82
    Number of Cartesian functions: 86
    Spherical Harmonics?: true
    Max angular momentum: 2

   => Loading Basis Set <=

    Name: (AUG-CC-PVDZ AUX)
    Role: JKFIT
    Keyword: DF_BASIS_SCF
    atoms 1, 4     entry O          line   270 file /home/sulstice/software/miniconda2/envs/qmpython2/share/psi4/basis/aug-cc-pvdz-jkfit.gbs 
    atoms 2-3, 5-6 entry H          line    70 file /home/sulstice/software/miniconda2/envs/qmpython2/share/psi4/basis/aug-cc-pvdz-jkfit.gbs 

  ==> Pre-Iterations <==

   -------------------------------------------------------
    Irrep   Nso     Nmo     Nalpha   Nbeta   Ndocc  Nsocc
   -------------------------------------------------------
     A         82      82       0       0       0       0
   -------------------------------------------------------
    Total      82      82       5       5       5       0
   -------------------------------------------------------

  ==> Integral Setup <==

  DFHelper Memory: AOs need 0.017 GiB; user supplied 5.588 GiB. Using in-core AOs.

  ==> MemDFJK: Density-Fitted J/K Matrices <==

    J tasked:                   Yes
    K tasked:                   Yes
    wK tasked:                   No
    OpenMP threads:              10
    Memory [MiB]:              5722
    Algorithm:                 Core
    Schwarz Cutoff:           1E-12
    Mask sparsity (%):       0.0000
    Fitting Condition:        1E-10

   => Auxiliary Basis Set <=

  Basis Set: (AUG-CC-PVDZ AUX)
    Blend: AUG-CC-PVDZ-JKFIT
    Number of shells: 104
    Number of basis function: 300
    Number of Cartesian functions: 342
    Spherical Harmonics?: true
    Max angular momentum: 3

  Minimum eigenvalue in the overlap matrix is 1.8543491187E-03.
  Using Symmetric Orthogonalization.

  SCF Guess: Superposition of Atomic Densities via on-the-fly atomic UHF.

  ==> Iterations <==

                           Total Energy        Delta E     RMS |[F,P]|

   @DF-RHF iter SAD:   -75.51510295705307   -7.55151e+01   0.00000e+00 
   @DF-RHF iter   1:   -75.95692424156613   -4.41821e-01   5.59093e-03 DIIS
   @DF-RHF iter   2:   -76.01188637395802   -5.49621e-02   3.44445e-03 DIIS
   @DF-RHF iter   3:   -76.03920793373678   -2.73216e-02   2.48773e-04 DIIS
   @DF-RHF iter   4:   -76.03953406826783   -3.26135e-04   4.95786e-05 DIIS
   @DF-RHF iter   5:   -76.03954794729455   -1.38790e-05   1.03516e-05 DIIS
   @DF-RHF iter   6:   -76.03954890676425   -9.59470e-07   2.04397e-06 DIIS
   @DF-RHF iter   7:   -76.03954894886714   -4.21029e-08   3.74408e-07 DIIS
   @DF-RHF iter   8:   -76.03954895023607   -1.36893e-09   5.55944e-08 DIIS
   @DF-RHF iter   9:   -76.03954895026125   -2.51816e-11   1.27905e-08 DIIS
   @DF-RHF iter  10:   -76.03954895026233   -1.08002e-12   1.73630e-09 DIIS
  Energy and wave function converged.


  ==> Post-Iterations <==

    Orbital Energies [Eh]
    ---------------------

    Doubly Occupied:                                                      

       1A    -20.568013     2A     -1.380144     3A     -0.750821  
       4A     -0.589387     5A     -0.512833  

    Virtual:                                                              

       6A      0.033942     7A      0.052940     8A      0.058734  
       9A      0.082492    10A      0.155898    11A      0.177083  
      12A      0.186089    13A      0.201671    14A      0.215435  
      15A      0.221373    16A      0.238215    17A      0.274931  
      18A      0.324847    19A      0.358525    20A      0.379910  
      21A      0.406287    22A      0.435831    23A      0.444384  
      24A      0.464042    25A      0.501397    26A      0.512102  
      27A      0.518657    28A      0.535966    29A      0.569006  
      30A      0.616475    31A      0.650302    32A      0.672432  
      33A      0.690182    34A      0.862966    35A      0.939530  
      36A      0.960502    37A      0.979738    38A      1.115712  
      39A      1.119422    40A      1.158163    41A      1.204910  
      42A      1.245714    43A      1.291960    44A      1.339765  
      45A      1.365827    46A      1.373540    47A      1.408080  
      48A      1.455880    49A      1.531823    50A      1.582489  
      51A      1.830450    52A      2.038688    53A      2.056035  
      54A      2.148374    55A      2.156667    56A      2.328962  
      57A      2.437636    58A      2.486033    59A      2.528838  
      60A      2.584697    61A      2.624608    62A      2.738329  
      63A      2.786496    64A      2.862362    65A      2.995413  
      66A      3.609774    67A      3.691764    68A      3.718566  
      69A      3.783741    70A      4.004770    71A      4.040065  
      72A      4.150045    73A      4.435203    74A      4.913007  
      75A      4.958887    76A      5.018338    77A      5.215085  
      78A      5.437307    79A      5.704457    80A      6.926722  
      81A      7.487352    82A     33.602925  

    Final Occupation by Irrep:
              A 
    DOCC [     5 ]

  @DF-RHF Final Energy:   -76.03954895026233

   => Energetics <=

    Nuclear Repulsion Energy =              9.6561316233694203
    One-Electron Energy =                -123.7889670382998872
    Two-Electron Energy =                  38.0932864646681395
    Total Energy =                        -76.0395489502623292

Computation Completed


Properties will be evaluated at   0.000000,   0.000000,   0.000000 [a0]

Properties computed using the SCF density matrix

  Nuclear Dipole Moment: [e a0]
     X:    29.1940      Y:     4.7243      Z:    -0.3068

  Electronic Dipole Moment: [e a0]
     X:   -28.4843      Y:    -4.7244      Z:     0.0497

  Dipole Moment: [e a0]
     X:     0.7098      Y:    -0.0001      Z:    -0.2571     Total:     0.7549

  Dipole Moment: [D]
     X:     1.8041      Y:    -0.0002      Z:    -0.6534     Total:     1.9187


*** tstop() called on wanukaka at Wed Apr 20 14:36:55 2022
Module time:
	user time   =       5.94 seconds =       0.10 minutes
	system time =       0.26 seconds =       0.00 minutes
	total time  =          1 seconds =       0.02 minutes
Total time:
	user time   =      11.42 seconds =       0.19 minutes
	system time =       0.58 seconds =       0.01 minutes
	total time  =          1 seconds =       0.02 minutes

*** tstart() called on wanukaka
*** at Wed Apr 20 14:36:55 2022


  //>>>>>>>>>>>>>>>>>>>>>>>>>>>>>>>>>>>//
  //               DFMP2               //
  //<<<<<<<<<<<<<<<<<<<<<<<<<<<<<<<<<<<//

   => Loading Basis Set <=

    Name: (AUG-CC-PVDZ AUX)
    Role: RIFIT
    Keyword: DF_BASIS_MP2
    atoms 1, 4     entry O          line   204 file /home/sulstice/software/miniconda2/envs/qmpython2/share/psi4/basis/aug-cc-pvdz-ri.gbs 
    atoms 2-3, 5-6 entry H          line    30 file /home/sulstice/software/miniconda2/envs/qmpython2/share/psi4/basis/aug-cc-pvdz-ri.gbs 

	 --------------------------------------------------------
	                          DF-MP2                         
	      2nd-Order Density-Fitted Moller-Plesset Theory     
	              RMP2 Wavefunction,  10 Threads             
	                                                         
	        Rob Parrish, Justin Turney, Andy Simmonett,      
	           Ed Hohenstein, and C. David Sherrill          
	 --------------------------------------------------------

   => Auxiliary Basis Set <=

  Basis Set: (AUG-CC-PVDZ AUX)
    Blend: AUG-CC-PVDZ-RI
    Number of shells: 80
    Number of basis function: 236
    Number of Cartesian functions: 272
    Spherical Harmonics?: true
    Max angular momentum: 3

	 --------------------------------------------------------
	                 NBF =    82, NAUX =   236
	 --------------------------------------------------------
	   CLASS    FOCC     OCC    AOCC    AVIR     VIR    FVIR
	   PAIRS       0       5       5      77      77       0
	 --------------------------------------------------------

	-----------------------------------------------------------
	 ==================> DF-MP2 Energies <==================== 
	-----------------------------------------------------------
	 Reference Energy          =     -76.0395489502623292 [Eh]
	 Singles Energy            =      -0.0000000000000000 [Eh]
	 Same-Spin Energy          =      -0.0558872493139293 [Eh]
	 Opposite-Spin Energy      =      -0.1622307905421202 [Eh]
	 Correlation Energy        =      -0.2181180398560495 [Eh]
	 Total Energy              =     -76.2576669901183806 [Eh]
	-----------------------------------------------------------
	 ================> DF-SCS-MP2 Energies <================== 
	-----------------------------------------------------------
	 SCS Same-Spin Scale       =       0.3333333333333333 [-]
	 SCS Opposite-Spin Scale   =       1.2000000000000000 [-]
	 SCS Same-Spin Energy      =      -0.0186290831046431 [Eh]
	 SCS Opposite-Spin Energy  =      -0.1946769486505443 [Eh]
	 SCS Correlation Energy    =      -0.2133060317551874 [Eh]
	 SCS Total Energy          =     -76.2528549820175101 [Eh]
	-----------------------------------------------------------


*** tstop() called on wanukaka at Wed Apr 20 14:36:55 2022
Module time:
	user time   =       2.00 seconds =       0.03 minutes
	system time =       0.13 seconds =       0.00 minutes
	total time  =          0 seconds =       0.00 minutes
Total time:
	user time   =      13.42 seconds =       0.22 minutes
	system time =       0.72 seconds =       0.01 minutes
	total time  =          1 seconds =       0.02 minutes

       N-Body: Complex Energy (fragments = (2,), basis = (1, 2):   -76.25766699011838)

       N-Body: Computing complex (3/4) with fragments (1,) in the basis of fragments (1, 2).

    SCF Algorithm Type (re)set to DF.

*** tstart() called on wanukaka
*** at Wed Apr 20 14:36:55 2022

   => Loading Basis Set <=

    Name: AUG-CC-PVDZ
    Role: ORBITAL
    Keyword: BASIS
    atoms 1, 4     entry O          line   250 file /home/sulstice/software/miniconda2/envs/qmpython2/share/psi4/basis/aug-cc-pvdz.gbs 
    atoms 2-3, 5-6 entry H          line    36 file /home/sulstice/software/miniconda2/envs/qmpython2/share/psi4/basis/aug-cc-pvdz.gbs 


         ---------------------------------------------------------
                                   SCF
               by Justin Turney, Rob Parrish, Andy Simmonett
                          and Daniel G. A. Smith
                              RHF Reference
                       10 Threads,   7629 MiB Core
         ---------------------------------------------------------

  ==> Geometry <==

    Molecular point group: c1
    Full point group: C1

    Geometry (in Angstrom), charge = 0, multiplicity = 1:

       Center              X                  Y                   Z               Mass       
    ------------   -----------------  -----------------  -----------------  -----------------
         O           -1.557023817514    -0.250000000000     0.020626414764    15.994914619570
         H           -0.798421817514    -0.250000000000     0.524910414764     1.007825032230
         H           -1.296568817514    -0.250000000000    -0.852266585236     1.007825032230
      Gh(O)           1.442976182486     0.250000000000     0.020626414764    15.994914619570
      Gh(H)           2.201578182486     0.250000000000     0.524910414764     1.007825032230
      Gh(H)           1.703431182486     0.250000000000    -0.852266585236     1.007825032230

  Running in c1 symmetry.

  Rotational constants: A =      8.17132  B =      0.19955  C =      0.19493 [cm^-1]
  Rotational constants: A = 244969.97191  B =   5982.35581  C =   5843.76783 [MHz]
  Nuclear repulsion =    9.656131623369420

  Charge       = 0
  Multiplicity = 1
  Electrons    = 10
  Nalpha       = 5
  Nbeta        = 5

  ==> Algorithm <==

  SCF Algorithm Type is DF.
  DIIS enabled.
  MOM disabled.
  Fractional occupation disabled.
  Guess Type is SAD.
  Energy threshold   = 1.00e-08
  Density threshold  = 1.00e-08
  Integral threshold = 0.00e+00

  ==> Primary Basis <==

  Basis Set: AUG-CC-PVDZ
    Blend: AUG-CC-PVDZ
    Number of shells: 38
    Number of basis function: 82
    Number of Cartesian functions: 86
    Spherical Harmonics?: true
    Max angular momentum: 2

   => Loading Basis Set <=

    Name: (AUG-CC-PVDZ AUX)
    Role: JKFIT
    Keyword: DF_BASIS_SCF
    atoms 1, 4     entry O          line   270 file /home/sulstice/software/miniconda2/envs/qmpython2/share/psi4/basis/aug-cc-pvdz-jkfit.gbs 
    atoms 2-3, 5-6 entry H          line    70 file /home/sulstice/software/miniconda2/envs/qmpython2/share/psi4/basis/aug-cc-pvdz-jkfit.gbs 

  ==> Pre-Iterations <==

   -------------------------------------------------------
    Irrep   Nso     Nmo     Nalpha   Nbeta   Ndocc  Nsocc
   -------------------------------------------------------
     A         82      82       0       0       0       0
   -------------------------------------------------------
    Total      82      82       5       5       5       0
   -------------------------------------------------------

  ==> Integral Setup <==

  DFHelper Memory: AOs need 0.017 GiB; user supplied 5.588 GiB. Using in-core AOs.

  ==> MemDFJK: Density-Fitted J/K Matrices <==

    J tasked:                   Yes
    K tasked:                   Yes
    wK tasked:                   No
    OpenMP threads:              10
    Memory [MiB]:              5722
    Algorithm:                 Core
    Schwarz Cutoff:           1E-12
    Mask sparsity (%):       0.0000
    Fitting Condition:        1E-10

   => Auxiliary Basis Set <=

  Basis Set: (AUG-CC-PVDZ AUX)
    Blend: AUG-CC-PVDZ-JKFIT
    Number of shells: 104
    Number of basis function: 300
    Number of Cartesian functions: 342
    Spherical Harmonics?: true
    Max angular momentum: 3

  Minimum eigenvalue in the overlap matrix is 1.8543491187E-03.
  Using Symmetric Orthogonalization.

  SCF Guess: Superposition of Atomic Densities via on-the-fly atomic UHF.

  ==> Iterations <==

                           Total Energy        Delta E     RMS |[F,P]|

   @DF-RHF iter SAD:   -75.51510324733545   -7.55151e+01   0.00000e+00 
   @DF-RHF iter   1:   -75.95678195774325   -4.41679e-01   5.58993e-03 DIIS
   @DF-RHF iter   2:   -76.01173633245129   -5.49544e-02   3.44423e-03 DIIS
   @DF-RHF iter   3:   -76.03905675103239   -2.73204e-02   2.48806e-04 DIIS
   @DF-RHF iter   4:   -76.03938340226108   -3.26651e-04   4.95612e-05 DIIS
   @DF-RHF iter   5:   -76.03939729144200   -1.38892e-05   1.03578e-05 DIIS
   @DF-RHF iter   6:   -76.03939825251469   -9.61073e-07   2.04160e-06 DIIS
   @DF-RHF iter   7:   -76.03939829439885   -4.18842e-08   3.74853e-07 DIIS
   @DF-RHF iter   8:   -76.03939829577413   -1.37528e-09   5.53189e-08 DIIS
   @DF-RHF iter   9:   -76.03939829579892   -2.47837e-11   1.28038e-08 DIIS
   @DF-RHF iter  10:   -76.03939829580011   -1.19371e-12   1.72924e-09 DIIS
  Energy and wave function converged.


  ==> Post-Iterations <==

    Orbital Energies [Eh]
    ---------------------

    Doubly Occupied:                                                      

       1A    -20.568092     2A     -1.380075     3A     -0.750782  
       4A     -0.589431     5A     -0.512866  

    Virtual:                                                              

       6A      0.025091     7A      0.049401     8A      0.061258  
       9A      0.081180    10A      0.136338    11A      0.139713  
      12A      0.182963    13A      0.188559    14A      0.213629  
      15A      0.246879    16A      0.247945    17A      0.260712  
      18A      0.323163    19A      0.349506    20A      0.377341  
      21A      0.394539    22A      0.418807    23A      0.429245  
      24A      0.450899    25A      0.468552    26A      0.480385  
      27A      0.490170    28A      0.528528    29A      0.565325  
      30A      0.581515    31A      0.599963    32A      0.669227  
      33A      0.711263    34A      0.864969    35A      0.901415  
      36A      0.961401    37A      1.067667    38A      1.080897  
      39A      1.100299    40A      1.127483    41A      1.174848  
      42A      1.205581    43A      1.270846    44A      1.302745  
      45A      1.310629    46A      1.330290    47A      1.409230  
      48A      1.488452    49A      1.527861    50A      1.581095  
      51A      1.660507    52A      2.046655    53A      2.061161  
      54A      2.093129    55A      2.136954    56A      2.329541  
      57A      2.416434    58A      2.470463    59A      2.491901  
      60A      2.567105    61A      2.602062    62A      2.744982  
      63A      2.793303    64A      2.884124    65A      2.993146  
      66A      3.583724    67A      3.676496    68A      3.701999  
      69A      3.730986    70A      3.973754    71A      4.030450  
      72A      4.192686    73A      4.414657    74A      4.887227  
      75A      4.968224    76A      5.028630    77A      5.134307  
      78A      5.376776    79A      5.638622    80A      6.905581  
      81A      7.439687    82A     33.562968  

    Final Occupation by Irrep:
              A 
    DOCC [     5 ]

  @DF-RHF Final Energy:   -76.03939829580011

   => Energetics <=

    Nuclear Repulsion Energy =              9.6561316233694203
    One-Electron Energy =                -123.7885667714687941
    Two-Electron Energy =                  38.0930368522992708
    Total Energy =                        -76.0393982958001118

Computation Completed


Properties will be evaluated at   0.000000,   0.000000,   0.000000 [a0]

Properties computed using the SCF density matrix

  Nuclear Dipole Moment: [e a0]
     X:   -27.4977      Y:    -4.7243      Z:    -0.3068

  Electronic Dipole Moment: [e a0]
     X:    28.2072      Y:     4.7247      Z:     0.0504

  Dipole Moment: [e a0]
     X:     0.7094      Y:     0.0003      Z:    -0.2563     Total:     0.7543

  Dipole Moment: [D]
     X:     1.8032      Y:     0.0009      Z:    -0.6516     Total:     1.9173


*** tstop() called on wanukaka at Wed Apr 20 14:36:56 2022
Module time:
	user time   =       5.92 seconds =       0.10 minutes
	system time =       0.29 seconds =       0.00 minutes
	total time  =          1 seconds =       0.02 minutes
Total time:
	user time   =      19.39 seconds =       0.32 minutes
	system time =       1.01 seconds =       0.02 minutes
	total time  =          2 seconds =       0.03 minutes

*** tstart() called on wanukaka
*** at Wed Apr 20 14:36:56 2022


  //>>>>>>>>>>>>>>>>>>>>>>>>>>>>>>>>>>>//
  //               DFMP2               //
  //<<<<<<<<<<<<<<<<<<<<<<<<<<<<<<<<<<<//

   => Loading Basis Set <=

    Name: (AUG-CC-PVDZ AUX)
    Role: RIFIT
    Keyword: DF_BASIS_MP2
    atoms 1, 4     entry O          line   204 file /home/sulstice/software/miniconda2/envs/qmpython2/share/psi4/basis/aug-cc-pvdz-ri.gbs 
    atoms 2-3, 5-6 entry H          line    30 file /home/sulstice/software/miniconda2/envs/qmpython2/share/psi4/basis/aug-cc-pvdz-ri.gbs 

	 --------------------------------------------------------
	                          DF-MP2                         
	      2nd-Order Density-Fitted Moller-Plesset Theory     
	              RMP2 Wavefunction,  10 Threads             
	                                                         
	        Rob Parrish, Justin Turney, Andy Simmonett,      
	           Ed Hohenstein, and C. David Sherrill          
	 --------------------------------------------------------

   => Auxiliary Basis Set <=

  Basis Set: (AUG-CC-PVDZ AUX)
    Blend: AUG-CC-PVDZ-RI
    Number of shells: 80
    Number of basis function: 236
    Number of Cartesian functions: 272
    Spherical Harmonics?: true
    Max angular momentum: 3

	 --------------------------------------------------------
	                 NBF =    82, NAUX =   236
	 --------------------------------------------------------
	   CLASS    FOCC     OCC    AOCC    AVIR     VIR    FVIR
	   PAIRS       0       5       5      77      77       0
	 --------------------------------------------------------

	-----------------------------------------------------------
	 ==================> DF-MP2 Energies <==================== 
	-----------------------------------------------------------
	 Reference Energy          =     -76.0393982958001118 [Eh]
	 Singles Energy            =      -0.0000000000000000 [Eh]
	 Same-Spin Energy          =      -0.0558714090639322 [Eh]
	 Opposite-Spin Energy      =      -0.1621370487456901 [Eh]
	 Correlation Energy        =      -0.2180084578096222 [Eh]
	 Total Energy              =     -76.2574067536097289 [Eh]
	-----------------------------------------------------------
	 ================> DF-SCS-MP2 Energies <================== 
	-----------------------------------------------------------
	 SCS Same-Spin Scale       =       0.3333333333333333 [-]
	 SCS Opposite-Spin Scale   =       1.2000000000000000 [-]
	 SCS Same-Spin Energy      =      -0.0186238030213107 [Eh]
	 SCS Opposite-Spin Energy  =      -0.1945644584948281 [Eh]
	 SCS Correlation Energy    =      -0.2131882615161388 [Eh]
	 SCS Total Energy          =     -76.2525865573162491 [Eh]
	-----------------------------------------------------------


*** tstop() called on wanukaka at Wed Apr 20 14:36:56 2022
Module time:
	user time   =       2.05 seconds =       0.03 minutes
	system time =       0.09 seconds =       0.00 minutes
	total time  =          0 seconds =       0.00 minutes
Total time:
	user time   =      21.44 seconds =       0.36 minutes
	system time =       1.10 seconds =       0.02 minutes
	total time  =          2 seconds =       0.03 minutes

       N-Body: Complex Energy (fragments = (1,), basis = (1, 2):   -76.25740675360973)

       N-Body: Computing complex (4/4) with fragments (1,) in the basis of fragments (1,).

    SCF Algorithm Type (re)set to DF.

*** tstart() called on wanukaka
*** at Wed Apr 20 14:36:56 2022

   => Loading Basis Set <=

    Name: AUG-CC-PVDZ
    Role: ORBITAL
    Keyword: BASIS
    atoms 1   entry O          line   250 file /home/sulstice/software/miniconda2/envs/qmpython2/share/psi4/basis/aug-cc-pvdz.gbs 
    atoms 2-3 entry H          line    36 file /home/sulstice/software/miniconda2/envs/qmpython2/share/psi4/basis/aug-cc-pvdz.gbs 


         ---------------------------------------------------------
                                   SCF
               by Justin Turney, Rob Parrish, Andy Simmonett
                          and Daniel G. A. Smith
                              RHF Reference
                       10 Threads,   7629 MiB Core
         ---------------------------------------------------------

  ==> Geometry <==

    Molecular point group: c1
    Full point group: C1

    Geometry (in Angstrom), charge = 0, multiplicity = 1:

       Center              X                  Y                   Z               Mass       
    ------------   -----------------  -----------------  -----------------  -----------------
         O           -1.557023817514    -0.250000000000     0.020626414764    15.994914619570
         H           -0.798421817514    -0.250000000000     0.524910414764     1.007825032230
         H           -1.296568817514    -0.250000000000    -0.852266585236     1.007825032230

  Running in c1 symmetry.

  Rotational constants: A =     16.34264  B =      0.39910  C =      0.38985 [cm^-1]
  Rotational constants: A = 489939.94381  B =  11964.71162  C =  11687.53565 [MHz]
  Nuclear repulsion =    9.656131623369420

  Charge       = 0
  Multiplicity = 1
  Electrons    = 10
  Nalpha       = 5
  Nbeta        = 5

  ==> Algorithm <==

  SCF Algorithm Type is DF.
  DIIS enabled.
  MOM disabled.
  Fractional occupation disabled.
  Guess Type is SAD.
  Energy threshold   = 1.00e-08
  Density threshold  = 1.00e-08
  Integral threshold = 0.00e+00

  ==> Primary Basis <==

  Basis Set: AUG-CC-PVDZ
    Blend: AUG-CC-PVDZ
    Number of shells: 19
    Number of basis function: 41
    Number of Cartesian functions: 43
    Spherical Harmonics?: true
    Max angular momentum: 2

   => Loading Basis Set <=

    Name: (AUG-CC-PVDZ AUX)
    Role: JKFIT
    Keyword: DF_BASIS_SCF
    atoms 1   entry O          line   270 file /home/sulstice/software/miniconda2/envs/qmpython2/share/psi4/basis/aug-cc-pvdz-jkfit.gbs 
    atoms 2-3 entry H          line    70 file /home/sulstice/software/miniconda2/envs/qmpython2/share/psi4/basis/aug-cc-pvdz-jkfit.gbs 

  ==> Pre-Iterations <==

   -------------------------------------------------------
    Irrep   Nso     Nmo     Nalpha   Nbeta   Ndocc  Nsocc
   -------------------------------------------------------
     A         41      41       0       0       0       0
   -------------------------------------------------------
    Total      41      41       5       5       5       0
   -------------------------------------------------------

  ==> Integral Setup <==

  DFHelper Memory: AOs need 0.002 GiB; user supplied 5.588 GiB. Using in-core AOs.

  ==> MemDFJK: Density-Fitted J/K Matrices <==

    J tasked:                   Yes
    K tasked:                   Yes
    wK tasked:                   No
    OpenMP threads:              10
    Memory [MiB]:              5722
    Algorithm:                 Core
    Schwarz Cutoff:           1E-12
    Mask sparsity (%):       0.0000
    Fitting Condition:        1E-10

   => Auxiliary Basis Set <=

  Basis Set: (AUG-CC-PVDZ AUX)
    Blend: AUG-CC-PVDZ-JKFIT
    Number of shells: 52
    Number of basis function: 150
    Number of Cartesian functions: 171
    Spherical Harmonics?: true
    Max angular momentum: 3

  Minimum eigenvalue in the overlap matrix is 2.2715653112E-03.
  Using Symmetric Orthogonalization.

  SCF Guess: Superposition of Atomic Densities via on-the-fly atomic UHF.

  ==> Iterations <==

                           Total Energy        Delta E     RMS |[F,P]|

   @DF-RHF iter SAD:   -75.51510323294355   -7.55151e+01   0.00000e+00 
   @DF-RHF iter   1:   -75.95669368956358   -4.41590e-01   1.11756e-02 DIIS
   @DF-RHF iter   2:   -76.01163659638566   -5.49429e-02   6.88167e-03 DIIS
   @DF-RHF iter   3:   -76.03894783837836   -2.73112e-02   4.97798e-04 DIIS
   @DF-RHF iter   4:   -76.03927419592229   -3.26358e-04   9.90600e-05 DIIS
   @DF-RHF iter   5:   -76.03928804456619   -1.38486e-05   2.06934e-05 DIIS
   @DF-RHF iter   6:   -76.03928900187211   -9.57306e-07   4.07817e-06 DIIS
   @DF-RHF iter   7:   -76.03928904359263   -4.17205e-08   7.47098e-07 DIIS
   @DF-RHF iter   8:   -76.03928904495388   -1.36124e-09   1.09217e-07 DIIS
   @DF-RHF iter   9:   -76.03928904497803   -2.41585e-11   2.54616e-08 DIIS
   @DF-RHF iter  10:   -76.03928904497909   -1.05160e-12   3.45268e-09 DIIS
  Energy and wave function converged.


  ==> Post-Iterations <==

    Orbital Energies [Eh]
    ---------------------

    Doubly Occupied:                                                      

       1A    -20.568064     2A     -1.380109     3A     -0.750841  
       4A     -0.589466     5A     -0.512926  

    Virtual:                                                              

       6A      0.036389     7A      0.057958     8A      0.172999  
       9A      0.193979    10A      0.225250    11A      0.229250  
      12A      0.305212    13A      0.334550    14A      0.387886  
      15A      0.416036    16A      0.444803    17A      0.543713  
      18A      0.657483    19A      0.660574    20A      0.845125  
      21A      0.938268    22A      1.092794    23A      1.108328  
      24A      1.153343    25A      1.339383    26A      1.485737  
      27A      1.500340    28A      1.598923    29A      2.035934  
      30A      2.048169    31A      2.134883    32A      2.417832  
      33A      2.556692    34A      2.717016    35A      2.754855  
      36A      2.971530    37A      3.673962    38A      3.700828  
      39A      3.716752    40A      4.113405    41A      4.405996  

    Final Occupation by Irrep:
              A 
    DOCC [     5 ]

  @DF-RHF Final Energy:   -76.03928904497909

   => Energetics <=

    Nuclear Repulsion Energy =              9.6561316233694203
    One-Electron Energy =                -123.7880276950761385
    Two-Electron Energy =                  38.0926070267276415
    Total Energy =                        -76.0392890449790855

Computation Completed


Properties will be evaluated at   0.000000,   0.000000,   0.000000 [a0]

Properties computed using the SCF density matrix

  Nuclear Dipole Moment: [e a0]
     X:   -27.4977      Y:    -4.7243      Z:    -0.3068

  Electronic Dipole Moment: [e a0]
     X:    28.2084      Y:     4.7243      Z:     0.0497

  Dipole Moment: [e a0]
     X:     0.7106      Y:    -0.0000      Z:    -0.2571     Total:     0.7557

  Dipole Moment: [D]
     X:     1.8063      Y:    -0.0000      Z:    -0.6534     Total:     1.9208


*** tstop() called on wanukaka at Wed Apr 20 14:36:57 2022
Module time:
	user time   =       5.31 seconds =       0.09 minutes
	system time =       0.30 seconds =       0.01 minutes
	total time  =          1 seconds =       0.02 minutes
Total time:
	user time   =      26.80 seconds =       0.45 minutes
	system time =       1.40 seconds =       0.02 minutes
	total time  =          3 seconds =       0.05 minutes

*** tstart() called on wanukaka
*** at Wed Apr 20 14:36:57 2022


  //>>>>>>>>>>>>>>>>>>>>>>>>>>>>>>>>>>>//
  //               DFMP2               //
  //<<<<<<<<<<<<<<<<<<<<<<<<<<<<<<<<<<<//

   => Loading Basis Set <=

    Name: (AUG-CC-PVDZ AUX)
    Role: RIFIT
    Keyword: DF_BASIS_MP2
    atoms 1   entry O          line   204 file /home/sulstice/software/miniconda2/envs/qmpython2/share/psi4/basis/aug-cc-pvdz-ri.gbs 
    atoms 2-3 entry H          line    30 file /home/sulstice/software/miniconda2/envs/qmpython2/share/psi4/basis/aug-cc-pvdz-ri.gbs 

	 --------------------------------------------------------
	                          DF-MP2                         
	      2nd-Order Density-Fitted Moller-Plesset Theory     
	              RMP2 Wavefunction,  10 Threads             
	                                                         
	        Rob Parrish, Justin Turney, Andy Simmonett,      
	           Ed Hohenstein, and C. David Sherrill          
	 --------------------------------------------------------

   => Auxiliary Basis Set <=

  Basis Set: (AUG-CC-PVDZ AUX)
    Blend: AUG-CC-PVDZ-RI
    Number of shells: 40
    Number of basis function: 118
    Number of Cartesian functions: 136
    Spherical Harmonics?: true
    Max angular momentum: 3

	 --------------------------------------------------------
	                 NBF =    41, NAUX =   118
	 --------------------------------------------------------
	   CLASS    FOCC     OCC    AOCC    AVIR     VIR    FVIR
	   PAIRS       0       5       5      36      36       0
	 --------------------------------------------------------

	-----------------------------------------------------------
	 ==================> DF-MP2 Energies <==================== 
	-----------------------------------------------------------
	 Reference Energy          =     -76.0392890449790855 [Eh]
	 Singles Energy            =      -0.0000000000000000 [Eh]
	 Same-Spin Energy          =      -0.0558310219320362 [Eh]
	 Opposite-Spin Energy      =      -0.1619550210726481 [Eh]
	 Correlation Energy        =      -0.2177860430046842 [Eh]
	 Total Energy              =     -76.2570750879837647 [Eh]
	-----------------------------------------------------------
	 ================> DF-SCS-MP2 Energies <================== 
	-----------------------------------------------------------
	 SCS Same-Spin Scale       =       0.3333333333333333 [-]
	 SCS Opposite-Spin Scale   =       1.2000000000000000 [-]
	 SCS Same-Spin Energy      =      -0.0186103406440121 [Eh]
	 SCS Opposite-Spin Energy  =      -0.1943460252871777 [Eh]
	 SCS Correlation Energy    =      -0.2129563659311897 [Eh]
	 SCS Total Energy          =     -76.2522454109102767 [Eh]
	-----------------------------------------------------------


*** tstop() called on wanukaka at Wed Apr 20 14:36:57 2022
Module time:
	user time   =       1.55 seconds =       0.03 minutes
	system time =       0.08 seconds =       0.00 minutes
	total time  =          0 seconds =       0.00 minutes
Total time:
	user time   =      28.36 seconds =       0.47 minutes
	system time =       1.48 seconds =       0.02 minutes
	total time  =          3 seconds =       0.05 minutes

       N-Body: Complex Energy (fragments = (1,), basis = (1,):   -76.25707508798376)

   ==> N-Body: Now computing 2-body complexes <==


       N-Body: Computing complex (1/1) with fragments (1, 2) in the basis of fragments (1, 2).

    SCF Algorithm Type (re)set to DF.

*** tstart() called on wanukaka
*** at Wed Apr 20 14:36:57 2022

   => Loading Basis Set <=

    Name: AUG-CC-PVDZ
    Role: ORBITAL
    Keyword: BASIS
    atoms 1, 4     entry O          line   250 file /home/sulstice/software/miniconda2/envs/qmpython2/share/psi4/basis/aug-cc-pvdz.gbs 
    atoms 2-3, 5-6 entry H          line    36 file /home/sulstice/software/miniconda2/envs/qmpython2/share/psi4/basis/aug-cc-pvdz.gbs 


         ---------------------------------------------------------
                                   SCF
               by Justin Turney, Rob Parrish, Andy Simmonett
                          and Daniel G. A. Smith
                              RHF Reference
                       10 Threads,   7629 MiB Core
         ---------------------------------------------------------

  ==> Geometry <==

    Molecular point group: c1
    Full point group: C1

    Geometry (in Angstrom), charge = 0, multiplicity = 1:

       Center              X                  Y                   Z               Mass       
    ------------   -----------------  -----------------  -----------------  -----------------
         O           -1.557023817514    -0.250000000000     0.020626414764    15.994914619570
         H           -0.798421817514    -0.250000000000     0.524910414764     1.007825032230
         H           -1.296568817514    -0.250000000000    -0.852266585236     1.007825032230
         O            1.442976182486     0.250000000000     0.020626414764    15.994914619570
         H            2.201578182486     0.250000000000     0.524910414764     1.007825032230
         H            1.703431182486     0.250000000000    -0.852266585236     1.007825032230

  Running in c1 symmetry.

  Rotational constants: A =      8.17132  B =      0.19955  C =      0.19493 [cm^-1]
  Rotational constants: A = 244969.97191  B =   5982.35581  C =   5843.76783 [MHz]
  Nuclear repulsion =   36.716387362214071

  Charge       = 0
  Multiplicity = 1
  Electrons    = 20
  Nalpha       = 10
  Nbeta        = 10

  ==> Algorithm <==

  SCF Algorithm Type is DF.
  DIIS enabled.
  MOM disabled.
  Fractional occupation disabled.
  Guess Type is SAD.
  Energy threshold   = 1.00e-08
  Density threshold  = 1.00e-08
  Integral threshold = 0.00e+00

  ==> Primary Basis <==

  Basis Set: AUG-CC-PVDZ
    Blend: AUG-CC-PVDZ
    Number of shells: 38
    Number of basis function: 82
    Number of Cartesian functions: 86
    Spherical Harmonics?: true
    Max angular momentum: 2

   => Loading Basis Set <=

    Name: (AUG-CC-PVDZ AUX)
    Role: JKFIT
    Keyword: DF_BASIS_SCF
    atoms 1, 4     entry O          line   270 file /home/sulstice/software/miniconda2/envs/qmpython2/share/psi4/basis/aug-cc-pvdz-jkfit.gbs 
    atoms 2-3, 5-6 entry H          line    70 file /home/sulstice/software/miniconda2/envs/qmpython2/share/psi4/basis/aug-cc-pvdz-jkfit.gbs 

  ==> Pre-Iterations <==

   -------------------------------------------------------
    Irrep   Nso     Nmo     Nalpha   Nbeta   Ndocc  Nsocc
   -------------------------------------------------------
     A         82      82       0       0       0       0
   -------------------------------------------------------
    Total      82      82      10      10      10       0
   -------------------------------------------------------

  ==> Integral Setup <==

  DFHelper Memory: AOs need 0.017 GiB; user supplied 5.588 GiB. Using in-core AOs.

  ==> MemDFJK: Density-Fitted J/K Matrices <==

    J tasked:                   Yes
    K tasked:                   Yes
    wK tasked:                   No
    OpenMP threads:              10
    Memory [MiB]:              5722
    Algorithm:                 Core
    Schwarz Cutoff:           1E-12
    Mask sparsity (%):       0.0000
    Fitting Condition:        1E-10

   => Auxiliary Basis Set <=

  Basis Set: (AUG-CC-PVDZ AUX)
    Blend: AUG-CC-PVDZ-JKFIT
    Number of shells: 104
    Number of basis function: 300
    Number of Cartesian functions: 342
    Spherical Harmonics?: true
    Max angular momentum: 3

  Minimum eigenvalue in the overlap matrix is 1.8543491187E-03.
  Using Symmetric Orthogonalization.

  SCF Guess: Superposition of Atomic Densities via on-the-fly atomic UHF.

  ==> Iterations <==

                           Total Energy        Delta E     RMS |[F,P]|

   @DF-RHF iter SAD:  -151.07248384214532   -1.51072e+02   0.00000e+00 
   @DF-RHF iter   1:  -151.92368103967800   -8.51197e-01   7.74193e-03 DIIS
   @DF-RHF iter   2:  -152.03137577345964   -1.07695e-01   4.64792e-03 DIIS
   @DF-RHF iter   3:  -152.08093683610863   -4.95611e-02   3.54416e-04 DIIS
   @DF-RHF iter   4:  -152.08160462291960   -6.67787e-04   6.73422e-05 DIIS
   @DF-RHF iter   5:  -152.08163059763197   -2.59747e-05   1.43236e-05 DIIS
   @DF-RHF iter   6:  -152.08163239325373   -1.79562e-06   3.22144e-06 DIIS
   @DF-RHF iter   7:  -152.08163246693789   -7.36842e-08   1.48033e-06 DIIS
   @DF-RHF iter   8:  -152.08163247754447   -1.06066e-08   2.79492e-07 DIIS
   @DF-RHF iter   9:  -152.08163247820499   -6.60521e-10   4.44806e-08 DIIS
   @DF-RHF iter  10:  -152.08163247821986   -1.48646e-11   1.11965e-08 DIIS
   @DF-RHF iter  11:  -152.08163247822091   -1.05160e-12   2.19458e-09 DIIS
  Energy and wave function converged.


  ==> Post-Iterations <==

    Orbital Energies [Eh]
    ---------------------

    Doubly Occupied:                                                      

       1A    -20.587415     2A    -20.542853     3A     -1.400598  
       4A     -1.355649     5A     -0.770996     6A     -0.727621  
       7A     -0.617181     8A     -0.562408     9A     -0.533262  
      10A     -0.488909  

    Virtual:                                                              

      11A      0.026831    12A      0.048580    13A      0.065747  
      14A      0.082361    15A      0.170602    16A      0.184012  
      17A      0.202640    18A      0.210323    19A      0.230151  
      20A      0.256614    21A      0.264792    22A      0.269614  
      23A      0.300108    24A      0.336636    25A      0.359636  
      26A      0.372041    27A      0.406765    28A      0.418597  
      29A      0.443043    30A      0.492872    31A      0.519379  
      32A      0.524035    33A      0.551179    34A      0.609248  
      35A      0.641448    36A      0.659987    37A      0.690854  
      38A      0.724020    39A      0.851684    40A      0.925830  
      41A      0.965844    42A      0.987102    43A      1.082322  
      44A      1.117583    45A      1.128290    46A      1.138004  
      47A      1.189051    48A      1.205239    49A      1.334441  
      50A      1.446199    51A      1.493035    52A      1.519288  
      53A      1.563464    54A      1.590595    55A      1.671167  
      56A      1.827919    57A      2.029535    58A      2.042205  
      59A      2.074939    60A      2.087711    61A      2.148066  
      62A      2.164206    63A      2.387151    64A      2.522211  
      65A      2.577545    66A      2.596970    67A      2.716334  
      68A      2.765853    69A      2.780666    70A      2.904363  
      71A      2.975460    72A      3.015996    73A      3.665677  
      74A      3.696307    75A      3.698316    76A      3.712258  
      77A      3.752838    78A      3.798655    79A      4.127509  
      80A      4.212974    81A      4.414801    82A      4.442395  

    Final Occupation by Irrep:
              A 
    DOCC [    10 ]

  @DF-RHF Final Energy:  -152.08163247822091

   => Energetics <=

    Nuclear Repulsion Energy =             36.7163873622140713
    One-Electron Energy =                -282.4222545431757112
    Two-Electron Energy =                  93.6242347027407362
    Total Energy =                       -152.0816324782209108

Computation Completed


Properties will be evaluated at   0.000000,   0.000000,   0.000000 [a0]

Properties computed using the SCF density matrix

  Nuclear Dipole Moment: [e a0]
     X:     1.6963      Y:     0.0000      Z:    -0.6136

  Electronic Dipole Moment: [e a0]
     X:    -0.1624      Y:     0.0275      Z:     0.1179

  Dipole Moment: [e a0]
     X:     1.5339      Y:     0.0275      Z:    -0.4956     Total:     1.6122

  Dipole Moment: [D]
     X:     3.8988      Y:     0.0700      Z:    -1.2598     Total:     4.0978


*** tstop() called on wanukaka at Wed Apr 20 14:36:58 2022
Module time:
	user time   =       5.96 seconds =       0.10 minutes
	system time =       0.34 seconds =       0.01 minutes
	total time  =          1 seconds =       0.02 minutes
Total time:
	user time   =      34.37 seconds =       0.57 minutes
	system time =       1.82 seconds =       0.03 minutes
	total time  =          4 seconds =       0.07 minutes

*** tstart() called on wanukaka
*** at Wed Apr 20 14:36:58 2022


  //>>>>>>>>>>>>>>>>>>>>>>>>>>>>>>>>>>>//
  //               DFMP2               //
  //<<<<<<<<<<<<<<<<<<<<<<<<<<<<<<<<<<<//

   => Loading Basis Set <=

    Name: (AUG-CC-PVDZ AUX)
    Role: RIFIT
    Keyword: DF_BASIS_MP2
    atoms 1, 4     entry O          line   204 file /home/sulstice/software/miniconda2/envs/qmpython2/share/psi4/basis/aug-cc-pvdz-ri.gbs 
    atoms 2-3, 5-6 entry H          line    30 file /home/sulstice/software/miniconda2/envs/qmpython2/share/psi4/basis/aug-cc-pvdz-ri.gbs 

	 --------------------------------------------------------
	                          DF-MP2                         
	      2nd-Order Density-Fitted Moller-Plesset Theory     
	              RMP2 Wavefunction,  10 Threads             
	                                                         
	        Rob Parrish, Justin Turney, Andy Simmonett,      
	           Ed Hohenstein, and C. David Sherrill          
	 --------------------------------------------------------

   => Auxiliary Basis Set <=

  Basis Set: (AUG-CC-PVDZ AUX)
    Blend: AUG-CC-PVDZ-RI
    Number of shells: 80
    Number of basis function: 236
    Number of Cartesian functions: 272
    Spherical Harmonics?: true
    Max angular momentum: 3

	 --------------------------------------------------------
	                 NBF =    82, NAUX =   236
	 --------------------------------------------------------
	   CLASS    FOCC     OCC    AOCC    AVIR     VIR    FVIR
	   PAIRS       0      10      10      72      72       0
	 --------------------------------------------------------

	-----------------------------------------------------------
	 ==================> DF-MP2 Energies <==================== 
	-----------------------------------------------------------
	 Reference Energy          =    -152.0816324782209108 [Eh]
	 Singles Energy            =      -0.0000000000000000 [Eh]
	 Same-Spin Energy          =      -0.1122315173271086 [Eh]
	 Opposite-Spin Energy      =      -0.3244471508649709 [Eh]
	 Correlation Energy        =      -0.4366786681920795 [Eh]
	 Total Energy              =    -152.5183111464129979 [Eh]
	-----------------------------------------------------------
	 ================> DF-SCS-MP2 Energies <================== 
	-----------------------------------------------------------
	 SCS Same-Spin Scale       =       0.3333333333333333 [-]
	 SCS Opposite-Spin Scale   =       1.2000000000000000 [-]
	 SCS Same-Spin Energy      =      -0.0374105057757029 [Eh]
	 SCS Opposite-Spin Energy  =      -0.3893365810379650 [Eh]
	 SCS Correlation Energy    =      -0.4267470868136679 [Eh]
	 SCS Total Energy          =    -152.5083795650345735 [Eh]
	-----------------------------------------------------------


*** tstop() called on wanukaka at Wed Apr 20 14:36:58 2022
Module time:
	user time   =       2.07 seconds =       0.03 minutes
	system time =       0.07 seconds =       0.00 minutes
	total time  =          0 seconds =       0.00 minutes
Total time:
	user time   =      36.44 seconds =       0.61 minutes
	system time =       1.89 seconds =       0.03 minutes
	total time  =          4 seconds =       0.07 minutes

       N-Body: Complex Energy (fragments = (1, 2), basis = (1, 2):  -152.51831114641300)

   ==> N-Body: Counterpoise Corrected (CP) energies <==

   n-Body     Total Energy [Eh]       I.E. [kcal/mol]      Delta [kcal/mol]
        1     -152.514150175968        0.000000000000        0.000000000000
        2     -152.517387578653       -2.031500855191       -2.031500855191

   => Loading Basis Set <=

    Name: DEF2-SVP
    Role: ORBITAL
    Keyword: BASIS
    atoms 1, 4     entry O          line   130 file /home/sulstice/software/miniconda2/envs/qmpython2/share/psi4/basis/def2-svp.gbs 
    atoms 2-3, 5-6 entry H          line    15 file /home/sulstice/software/miniconda2/envs/qmpython2/share/psi4/basis/def2-svp.gbs 

    SCF Algorithm Type (re)set to DF.

*** tstart() called on wanukaka
*** at Wed Apr 20 14:36:58 2022

   => Loading Basis Set <=

    Name: AUG-CC-PVDZ
    Role: ORBITAL
    Keyword: BASIS
    atoms 1   entry O          line   250 file /home/sulstice/software/miniconda2/envs/qmpython2/share/psi4/basis/aug-cc-pvdz.gbs 
    atoms 2-3 entry H          line    36 file /home/sulstice/software/miniconda2/envs/qmpython2/share/psi4/basis/aug-cc-pvdz.gbs 


         ---------------------------------------------------------
                                   SCF
               by Justin Turney, Rob Parrish, Andy Simmonett
                          and Daniel G. A. Smith
                              RHF Reference
                       10 Threads,   7629 MiB Core
         ---------------------------------------------------------

  ==> Geometry <==

    Molecular point group: cs
    Full point group: Cs

    Geometry (in Angstrom), charge = 0, multiplicity = 1:

       Center              X                  Y                   Z               Mass       
    ------------   -----------------  -----------------  -----------------  -----------------
         O            0.057023817514     0.020626414764     0.000000000000    15.994914619570
         H           -0.701578182486     0.524910414764     0.000000000000     1.007825032230
         H           -0.203431182486    -0.852266585236     0.000000000000     1.007825032230

  Running in cs symmetry.

  Rotational constants: A =     32.07667  B =     15.59772  C =     10.49459 [cm^-1]
  Rotational constants: A = 961634.40346  B = 467608.01942  C = 314619.79550 [MHz]
  Nuclear repulsion =    9.656131623369420

  Charge       = 0
  Multiplicity = 1
  Electrons    = 10
  Nalpha       = 5
  Nbeta        = 5

  ==> Algorithm <==

  SCF Algorithm Type is DF.
  DIIS enabled.
  MOM disabled.
  Fractional occupation disabled.
  Guess Type is SAD.
  Energy threshold   = 1.00e-08
  Density threshold  = 1.00e-08
  Integral threshold = 0.00e+00

  ==> Primary Basis <==

  Basis Set: AUG-CC-PVDZ
    Blend: AUG-CC-PVDZ
    Number of shells: 19
    Number of basis function: 41
    Number of Cartesian functions: 43
    Spherical Harmonics?: true
    Max angular momentum: 2

   => Loading Basis Set <=

    Name: (AUG-CC-PVDZ AUX)
    Role: JKFIT
    Keyword: DF_BASIS_SCF
    atoms 1   entry O          line   270 file /home/sulstice/software/miniconda2/envs/qmpython2/share/psi4/basis/aug-cc-pvdz-jkfit.gbs 
    atoms 2-3 entry H          line    70 file /home/sulstice/software/miniconda2/envs/qmpython2/share/psi4/basis/aug-cc-pvdz-jkfit.gbs 

  ==> Pre-Iterations <==

   -------------------------------------------------------
    Irrep   Nso     Nmo     Nalpha   Nbeta   Ndocc  Nsocc
   -------------------------------------------------------
     A'        30      30       0       0       0       0
     A"        11      11       0       0       0       0
   -------------------------------------------------------
    Total      41      41       5       5       5       0
   -------------------------------------------------------

  ==> Integral Setup <==

  DFHelper Memory: AOs need 0.002 GiB; user supplied 5.588 GiB. Using in-core AOs.

  ==> MemDFJK: Density-Fitted J/K Matrices <==

    J tasked:                   Yes
    K tasked:                   Yes
    wK tasked:                   No
    OpenMP threads:              10
    Memory [MiB]:              5722
    Algorithm:                 Core
    Schwarz Cutoff:           1E-12
    Mask sparsity (%):       0.0000
    Fitting Condition:        1E-10

   => Auxiliary Basis Set <=

  Basis Set: (AUG-CC-PVDZ AUX)
    Blend: AUG-CC-PVDZ-JKFIT
    Number of shells: 52
    Number of basis function: 150
    Number of Cartesian functions: 171
    Spherical Harmonics?: true
    Max angular momentum: 3

  Minimum eigenvalue in the overlap matrix is 2.2715653112E-03.
  Using Symmetric Orthogonalization.

  SCF Guess: Superposition of Atomic Densities via on-the-fly atomic UHF.

  ==> Iterations <==

                           Total Energy        Delta E     RMS |[F,P]|

   @DF-RHF iter SAD:   -75.51510323295011   -7.55151e+01   0.00000e+00 
   @DF-RHF iter   1:   -75.95669368957009   -4.41590e-01   1.43397e-02 DIIS
   @DF-RHF iter   2:   -76.01163659639199   -5.49429e-02   8.83008e-03 DIIS
   @DF-RHF iter   3:   -76.03894783838464   -2.73112e-02   6.38740e-04 DIIS
   @DF-RHF iter   4:   -76.03927419592873   -3.26358e-04   1.27107e-04 DIIS
   @DF-RHF iter   5:   -76.03928804457270   -1.38486e-05   2.65523e-05 DIIS
   @DF-RHF iter   6:   -76.03928900187859   -9.57306e-07   5.23283e-06 DIIS
   @DF-RHF iter   7:   -76.03928904359913   -4.17205e-08   9.58625e-07 DIIS
   @DF-RHF iter   8:   -76.03928904496044   -1.36131e-09   1.40140e-07 DIIS
   @DF-RHF iter   9:   -76.03928904498450   -2.40590e-11   3.26705e-08 DIIS
   @DF-RHF iter  10:   -76.03928904498567   -1.16529e-12   4.43025e-09 DIIS
  Energy and wave function converged.


  ==> Post-Iterations <==

    Orbital Energies [Eh]
    ---------------------

    Doubly Occupied:                                                      

       1Ap   -20.568064     2Ap    -1.380109     3Ap    -0.750841  
       4Ap    -0.589466     1App   -0.512926  

    Virtual:                                                              

       5Ap     0.036389     6Ap     0.057958     7Ap     0.172999  
       2App    0.193979     8Ap     0.225250     9Ap     0.229250  
      10Ap     0.305212    11Ap     0.334550     3App    0.387886  
      12Ap     0.416036     4App    0.444803    13Ap     0.543713  
      14Ap     0.657483    15Ap     0.660574    16Ap     0.845125  
      17Ap     0.938268     5App    1.092794    18Ap     1.108328  
       6App    1.153343    19Ap     1.339383    20Ap     1.485737  
       7App    1.500340    21Ap     1.598923    22Ap     2.035934  
       8App    2.048169     9App    2.134883    23Ap     2.417832  
      24Ap     2.556692    25Ap     2.717016    26Ap     2.754855  
      27Ap     2.971530    10App    3.673962    28Ap     3.700828  
      11App    3.716752    29Ap     4.113405    30Ap     4.405996  

    Final Occupation by Irrep:
             Ap   App 
    DOCC [     4,    1 ]

  @DF-RHF Final Energy:   -76.03928904498567

   => Energetics <=

    Nuclear Repulsion Energy =              9.6561316233694203
    One-Electron Energy =                -123.7880276950790801
    Two-Electron Energy =                  38.0926070267240036
    Total Energy =                        -76.0392890449856509

Computation Completed


Properties will be evaluated at   0.000000,   0.000000,   0.000000 [a0]

Properties computed using the SCF density matrix

  Nuclear Dipole Moment: [e a0]
     X:    -0.8481      Y:    -0.3068      Z:     0.0000

  Electronic Dipole Moment: [e a0]
     X:     0.1375      Y:     0.0497      Z:     0.0000

  Dipole Moment: [e a0]
     X:    -0.7106      Y:    -0.2571      Z:     0.0000     Total:     0.7557

  Dipole Moment: [D]
     X:    -1.8063      Y:    -0.6534      Z:     0.0000     Total:     1.9208


*** tstop() called on wanukaka at Wed Apr 20 14:36:59 2022
Module time:
	user time   =       4.00 seconds =       0.07 minutes
	system time =       0.19 seconds =       0.00 minutes
	total time  =          1 seconds =       0.02 minutes
Total time:
	user time   =      41.61 seconds =       0.69 minutes
	system time =       2.15 seconds =       0.04 minutes
	total time  =          5 seconds =       0.08 minutes

*** tstart() called on wanukaka
*** at Wed Apr 20 14:36:59 2022


  //>>>>>>>>>>>>>>>>>>>>>>>>>>>>>>>>>>>//
  //               DFMP2               //
  //<<<<<<<<<<<<<<<<<<<<<<<<<<<<<<<<<<<//

   => Loading Basis Set <=

    Name: (AUG-CC-PVDZ AUX)
    Role: RIFIT
    Keyword: DF_BASIS_MP2
    atoms 1   entry O          line   204 file /home/sulstice/software/miniconda2/envs/qmpython2/share/psi4/basis/aug-cc-pvdz-ri.gbs 
    atoms 2-3 entry H          line    30 file /home/sulstice/software/miniconda2/envs/qmpython2/share/psi4/basis/aug-cc-pvdz-ri.gbs 

	 --------------------------------------------------------
	                          DF-MP2                         
	      2nd-Order Density-Fitted Moller-Plesset Theory     
	              RMP2 Wavefunction,  10 Threads             
	                                                         
	        Rob Parrish, Justin Turney, Andy Simmonett,      
	           Ed Hohenstein, and C. David Sherrill          
	 --------------------------------------------------------

   => Auxiliary Basis Set <=

  Basis Set: (AUG-CC-PVDZ AUX)
    Blend: AUG-CC-PVDZ-RI
    Number of shells: 40
    Number of basis function: 118
    Number of Cartesian functions: 136
    Spherical Harmonics?: true
    Max angular momentum: 3

	 --------------------------------------------------------
	                 NBF =    41, NAUX =   118
	 --------------------------------------------------------
	   CLASS    FOCC     OCC    AOCC    AVIR     VIR    FVIR
	   PAIRS       0       5       5      36      36       0
	 --------------------------------------------------------

	-----------------------------------------------------------
	 ==================> DF-MP2 Energies <==================== 
	-----------------------------------------------------------
	 Reference Energy          =     -76.0392890449856651 [Eh]
	 Singles Energy            =      -0.0000000000000000 [Eh]
	 Same-Spin Energy          =      -0.0558310219320377 [Eh]
	 Opposite-Spin Energy      =      -0.1619550210726687 [Eh]
	 Correlation Energy        =      -0.2177860430047064 [Eh]
	 Total Energy              =     -76.2570750879903727 [Eh]
	-----------------------------------------------------------
	 ================> DF-SCS-MP2 Energies <================== 
	-----------------------------------------------------------
	 SCS Same-Spin Scale       =       0.3333333333333333 [-]
	 SCS Opposite-Spin Scale   =       1.2000000000000000 [-]
	 SCS Same-Spin Energy      =      -0.0186103406440126 [Eh]
	 SCS Opposite-Spin Energy  =      -0.1943460252872024 [Eh]
	 SCS Correlation Energy    =      -0.2129563659312150 [Eh]
	 SCS Total Energy          =     -76.2522454109168848 [Eh]
	-----------------------------------------------------------


*** tstop() called on wanukaka at Wed Apr 20 14:36:59 2022
Module time:
	user time   =       1.59 seconds =       0.03 minutes
	system time =       0.07 seconds =       0.00 minutes
	total time  =          0 seconds =       0.00 minutes
Total time:
	user time   =      43.20 seconds =       0.72 minutes
	system time =       2.22 seconds =       0.04 minutes
	total time  =          5 seconds =       0.08 minutes
    SCF Algorithm Type (re)set to DF.

*** tstart() called on wanukaka
*** at Wed Apr 20 14:36:59 2022

   => Loading Basis Set <=

    Name: AUG-CC-PVDZ
    Role: ORBITAL
    Keyword: BASIS
    atoms 1   entry O          line   250 file /home/sulstice/software/miniconda2/envs/qmpython2/share/psi4/basis/aug-cc-pvdz.gbs 
    atoms 2-3 entry H          line    36 file /home/sulstice/software/miniconda2/envs/qmpython2/share/psi4/basis/aug-cc-pvdz.gbs 


         ---------------------------------------------------------
                                   SCF
               by Justin Turney, Rob Parrish, Andy Simmonett
                          and Daniel G. A. Smith
                              RHF Reference
                       10 Threads,   7629 MiB Core
         ---------------------------------------------------------

  ==> Geometry <==

    Molecular point group: cs
    Full point group: Cs

    Geometry (in Angstrom), charge = 0, multiplicity = 1:

       Center              X                  Y                   Z               Mass       
    ------------   -----------------  -----------------  -----------------  -----------------
         O            0.057023817514     0.020626414764     0.000000000000    15.994914619570
         H           -0.701578182486     0.524910414764     0.000000000000     1.007825032230
         H           -0.203431182486    -0.852266585236     0.000000000000     1.007825032230

  Running in cs symmetry.

  Rotational constants: A =     32.07667  B =     15.59772  C =     10.49459 [cm^-1]
  Rotational constants: A = 961634.40346  B = 467608.01942  C = 314619.79550 [MHz]
  Nuclear repulsion =    9.656131623369422

  Charge       = 0
  Multiplicity = 1
  Electrons    = 10
  Nalpha       = 5
  Nbeta        = 5

  ==> Algorithm <==

  SCF Algorithm Type is DF.
  DIIS enabled.
  MOM disabled.
  Fractional occupation disabled.
  Guess Type is SAD.
  Energy threshold   = 1.00e-08
  Density threshold  = 1.00e-08
  Integral threshold = 0.00e+00

  ==> Primary Basis <==

  Basis Set: AUG-CC-PVDZ
    Blend: AUG-CC-PVDZ
    Number of shells: 19
    Number of basis function: 41
    Number of Cartesian functions: 43
    Spherical Harmonics?: true
    Max angular momentum: 2

   => Loading Basis Set <=

    Name: (AUG-CC-PVDZ AUX)
    Role: JKFIT
    Keyword: DF_BASIS_SCF
    atoms 1   entry O          line   270 file /home/sulstice/software/miniconda2/envs/qmpython2/share/psi4/basis/aug-cc-pvdz-jkfit.gbs 
    atoms 2-3 entry H          line    70 file /home/sulstice/software/miniconda2/envs/qmpython2/share/psi4/basis/aug-cc-pvdz-jkfit.gbs 

  ==> Pre-Iterations <==

   -------------------------------------------------------
    Irrep   Nso     Nmo     Nalpha   Nbeta   Ndocc  Nsocc
   -------------------------------------------------------
     A'        30      30       0       0       0       0
     A"        11      11       0       0       0       0
   -------------------------------------------------------
    Total      41      41       5       5       5       0
   -------------------------------------------------------

  ==> Integral Setup <==

  DFHelper Memory: AOs need 0.002 GiB; user supplied 5.588 GiB. Using in-core AOs.

  ==> MemDFJK: Density-Fitted J/K Matrices <==

    J tasked:                   Yes
    K tasked:                   Yes
    wK tasked:                   No
    OpenMP threads:              10
    Memory [MiB]:              5722
    Algorithm:                 Core
    Schwarz Cutoff:           1E-12
    Mask sparsity (%):       0.0000
    Fitting Condition:        1E-10

   => Auxiliary Basis Set <=

  Basis Set: (AUG-CC-PVDZ AUX)
    Blend: AUG-CC-PVDZ-JKFIT
    Number of shells: 52
    Number of basis function: 150
    Number of Cartesian functions: 171
    Spherical Harmonics?: true
    Max angular momentum: 3

  Minimum eigenvalue in the overlap matrix is 2.2715653112E-03.
  Using Symmetric Orthogonalization.

  SCF Guess: Superposition of Atomic Densities via on-the-fly atomic UHF.

  ==> Iterations <==

                           Total Energy        Delta E     RMS |[F,P]|

   @DF-RHF iter SAD:   -75.51510323294924   -7.55151e+01   0.00000e+00 
   @DF-RHF iter   1:   -75.95669368956871   -4.41590e-01   1.43397e-02 DIIS
   @DF-RHF iter   2:   -76.01163659639087   -5.49429e-02   8.83008e-03 DIIS
   @DF-RHF iter   3:   -76.03894783838348   -2.73112e-02   6.38740e-04 DIIS
   @DF-RHF iter   4:   -76.03927419592738   -3.26358e-04   1.27107e-04 DIIS
   @DF-RHF iter   5:   -76.03928804457132   -1.38486e-05   2.65523e-05 DIIS
   @DF-RHF iter   6:   -76.03928900187736   -9.57306e-07   5.23283e-06 DIIS
   @DF-RHF iter   7:   -76.03928904359778   -4.17204e-08   9.58625e-07 DIIS
   @DF-RHF iter   8:   -76.03928904495913   -1.36136e-09   1.40140e-07 DIIS
   @DF-RHF iter   9:   -76.03928904498315   -2.40163e-11   3.26705e-08 DIIS
   @DF-RHF iter  10:   -76.03928904498454   -1.39266e-12   4.43025e-09 DIIS
  Energy and wave function converged.


  ==> Post-Iterations <==

    Orbital Energies [Eh]
    ---------------------

    Doubly Occupied:                                                      

       1Ap   -20.568064     2Ap    -1.380109     3Ap    -0.750841  
       4Ap    -0.589466     1App   -0.512926  

    Virtual:                                                              

       5Ap     0.036389     6Ap     0.057958     7Ap     0.172999  
       2App    0.193979     8Ap     0.225250     9Ap     0.229250  
      10Ap     0.305212    11Ap     0.334550     3App    0.387886  
      12Ap     0.416036     4App    0.444803    13Ap     0.543713  
      14Ap     0.657483    15Ap     0.660574    16Ap     0.845125  
      17Ap     0.938268     5App    1.092794    18Ap     1.108328  
       6App    1.153343    19Ap     1.339383    20Ap     1.485737  
       7App    1.500340    21Ap     1.598923    22Ap     2.035934  
       8App    2.048169     9App    2.134883    23Ap     2.417832  
      24Ap     2.556692    25Ap     2.717016    26Ap     2.754855  
      27Ap     2.971530    10App    3.673962    28Ap     3.700828  
      11App    3.716752    29Ap     4.113405    30Ap     4.405996  

    Final Occupation by Irrep:
             Ap   App 
    DOCC [     4,    1 ]

  @DF-RHF Final Energy:   -76.03928904498454

   => Energetics <=

    Nuclear Repulsion Energy =              9.6561316233694221
    One-Electron Energy =                -123.7880276950799612
    Two-Electron Energy =                  38.0926070267259931
    Total Energy =                        -76.0392890449845424

Computation Completed


Properties will be evaluated at   0.000000,   0.000000,   0.000000 [a0]

Properties computed using the SCF density matrix

  Nuclear Dipole Moment: [e a0]
     X:    -0.8481      Y:    -0.3068      Z:     0.0000

  Electronic Dipole Moment: [e a0]
     X:     0.1375      Y:     0.0497      Z:     0.0000

  Dipole Moment: [e a0]
     X:    -0.7106      Y:    -0.2571      Z:     0.0000     Total:     0.7557

  Dipole Moment: [D]
     X:    -1.8063      Y:    -0.6534      Z:     0.0000     Total:     1.9208


*** tstop() called on wanukaka at Wed Apr 20 14:36:59 2022
Module time:
	user time   =       5.10 seconds =       0.09 minutes
	system time =       0.21 seconds =       0.00 minutes
	total time  =          0 seconds =       0.00 minutes
Total time:
	user time   =      48.36 seconds =       0.81 minutes
	system time =       2.43 seconds =       0.04 minutes
	total time  =          5 seconds =       0.08 minutes

*** tstart() called on wanukaka
*** at Wed Apr 20 14:36:59 2022


  //>>>>>>>>>>>>>>>>>>>>>>>>>>>>>>>>>>>//
  //               DFMP2               //
  //<<<<<<<<<<<<<<<<<<<<<<<<<<<<<<<<<<<//

   => Loading Basis Set <=

    Name: (AUG-CC-PVDZ AUX)
    Role: RIFIT
    Keyword: DF_BASIS_MP2
    atoms 1   entry O          line   204 file /home/sulstice/software/miniconda2/envs/qmpython2/share/psi4/basis/aug-cc-pvdz-ri.gbs 
    atoms 2-3 entry H          line    30 file /home/sulstice/software/miniconda2/envs/qmpython2/share/psi4/basis/aug-cc-pvdz-ri.gbs 

	 --------------------------------------------------------
	                          DF-MP2                         
	      2nd-Order Density-Fitted Moller-Plesset Theory     
	              RMP2 Wavefunction,  10 Threads             
	                                                         
	        Rob Parrish, Justin Turney, Andy Simmonett,      
	           Ed Hohenstein, and C. David Sherrill          
	 --------------------------------------------------------

   => Auxiliary Basis Set <=

  Basis Set: (AUG-CC-PVDZ AUX)
    Blend: AUG-CC-PVDZ-RI
    Number of shells: 40
    Number of basis function: 118
    Number of Cartesian functions: 136
    Spherical Harmonics?: true
    Max angular momentum: 3

	 --------------------------------------------------------
	                 NBF =    41, NAUX =   118
	 --------------------------------------------------------
	   CLASS    FOCC     OCC    AOCC    AVIR     VIR    FVIR
	   PAIRS       0       5       5      36      36       0
	 --------------------------------------------------------

	-----------------------------------------------------------
	 ==================> DF-MP2 Energies <==================== 
	-----------------------------------------------------------
	 Reference Energy          =     -76.0392890449845424 [Eh]
	 Singles Energy            =      -0.0000000000000000 [Eh]
	 Same-Spin Energy          =      -0.0558310219320389 [Eh]
	 Opposite-Spin Energy      =      -0.1619550210726778 [Eh]
	 Correlation Energy        =      -0.2177860430047167 [Eh]
	 Total Energy              =     -76.2570750879892643 [Eh]
	-----------------------------------------------------------
	 ================> DF-SCS-MP2 Energies <================== 
	-----------------------------------------------------------
	 SCS Same-Spin Scale       =       0.3333333333333333 [-]
	 SCS Opposite-Spin Scale   =       1.2000000000000000 [-]
	 SCS Same-Spin Energy      =      -0.0186103406440130 [Eh]
	 SCS Opposite-Spin Energy  =      -0.1943460252872134 [Eh]
	 SCS Correlation Energy    =      -0.2129563659312263 [Eh]
	 SCS Total Energy          =     -76.2522454109157621 [Eh]
	-----------------------------------------------------------


*** tstop() called on wanukaka at Wed Apr 20 14:37:00 2022
Module time:
	user time   =       1.62 seconds =       0.03 minutes
	system time =       0.05 seconds =       0.00 minutes
	total time  =          1 seconds =       0.02 minutes
Total time:
	user time   =      49.98 seconds =       0.83 minutes
	system time =       2.48 seconds =       0.04 minutes
	total time  =          6 seconds =       0.10 minutes
    SCF Algorithm Type (re)set to DF.

*** tstart() called on wanukaka
*** at Wed Apr 20 14:37:00 2022

   => Loading Basis Set <=

    Name: AUG-CC-PVDZ
    Role: ORBITAL
    Keyword: BASIS
    atoms 1, 4     entry O          line   250 file /home/sulstice/software/miniconda2/envs/qmpython2/share/psi4/basis/aug-cc-pvdz.gbs 
    atoms 2-3, 5-6 entry H          line    36 file /home/sulstice/software/miniconda2/envs/qmpython2/share/psi4/basis/aug-cc-pvdz.gbs 


         ---------------------------------------------------------
                                   SCF
               by Justin Turney, Rob Parrish, Andy Simmonett
                          and Daniel G. A. Smith
                              RHF Reference
                       10 Threads,   7629 MiB Core
         ---------------------------------------------------------

  ==> Geometry <==

    Molecular point group: c1
    Full point group: C1

    Geometry (in Angstrom), charge = 0, multiplicity = 1:

       Center              X                  Y                   Z               Mass       
    ------------   -----------------  -----------------  -----------------  -----------------
         O           -1.557023817514    -0.250000000000     0.020626414764    15.994914619570
         H           -0.798421817514    -0.250000000000     0.524910414764     1.007825032230
         H           -1.296568817514    -0.250000000000    -0.852266585236     1.007825032230
         O            1.442976182486     0.250000000000     0.020626414764    15.994914619570
         H            2.201578182486     0.250000000000     0.524910414764     1.007825032230
         H            1.703431182486     0.250000000000    -0.852266585236     1.007825032230

  Running in c1 symmetry.

  Rotational constants: A =      8.17132  B =      0.19955  C =      0.19493 [cm^-1]
  Rotational constants: A = 244969.97191  B =   5982.35581  C =   5843.76783 [MHz]
  Nuclear repulsion =   36.716387362214071

  Charge       = 0
  Multiplicity = 1
  Electrons    = 20
  Nalpha       = 10
  Nbeta        = 10

  ==> Algorithm <==

  SCF Algorithm Type is DF.
  DIIS enabled.
  MOM disabled.
  Fractional occupation disabled.
  Guess Type is SAD.
  Energy threshold   = 1.00e-08
  Density threshold  = 1.00e-08
  Integral threshold = 0.00e+00

  ==> Primary Basis <==

  Basis Set: AUG-CC-PVDZ
    Blend: AUG-CC-PVDZ
    Number of shells: 38
    Number of basis function: 82
    Number of Cartesian functions: 86
    Spherical Harmonics?: true
    Max angular momentum: 2

   => Loading Basis Set <=

    Name: (AUG-CC-PVDZ AUX)
    Role: JKFIT
    Keyword: DF_BASIS_SCF
    atoms 1, 4     entry O          line   270 file /home/sulstice/software/miniconda2/envs/qmpython2/share/psi4/basis/aug-cc-pvdz-jkfit.gbs 
    atoms 2-3, 5-6 entry H          line    70 file /home/sulstice/software/miniconda2/envs/qmpython2/share/psi4/basis/aug-cc-pvdz-jkfit.gbs 

  ==> Pre-Iterations <==

   -------------------------------------------------------
    Irrep   Nso     Nmo     Nalpha   Nbeta   Ndocc  Nsocc
   -------------------------------------------------------
     A         82      82       0       0       0       0
   -------------------------------------------------------
    Total      82      82      10      10      10       0
   -------------------------------------------------------

  ==> Integral Setup <==

  DFHelper Memory: AOs need 0.017 GiB; user supplied 5.588 GiB. Using in-core AOs.

  ==> MemDFJK: Density-Fitted J/K Matrices <==

    J tasked:                   Yes
    K tasked:                   Yes
    wK tasked:                   No
    OpenMP threads:              10
    Memory [MiB]:              5722
    Algorithm:                 Core
    Schwarz Cutoff:           1E-12
    Mask sparsity (%):       0.0000
    Fitting Condition:        1E-10

   => Auxiliary Basis Set <=

  Basis Set: (AUG-CC-PVDZ AUX)
    Blend: AUG-CC-PVDZ-JKFIT
    Number of shells: 104
    Number of basis function: 300
    Number of Cartesian functions: 342
    Spherical Harmonics?: true
    Max angular momentum: 3

  Minimum eigenvalue in the overlap matrix is 1.8543491187E-03.
  Using Symmetric Orthogonalization.

  SCF Guess: Superposition of Atomic Densities via on-the-fly atomic UHF.

  ==> Iterations <==

                           Total Energy        Delta E     RMS |[F,P]|

   @DF-RHF iter SAD:  -151.07248384215794   -1.51072e+02   0.00000e+00 
   @DF-RHF iter   1:  -151.92368103969213   -8.51197e-01   7.74193e-03 DIIS
   @DF-RHF iter   2:  -152.03137577347371   -1.07695e-01   4.64792e-03 DIIS
   @DF-RHF iter   3:  -152.08093683612248   -4.95611e-02   3.54416e-04 DIIS
   @DF-RHF iter   4:  -152.08160462293347   -6.67787e-04   6.73422e-05 DIIS
   @DF-RHF iter   5:  -152.08163059764598   -2.59747e-05   1.43236e-05 DIIS
   @DF-RHF iter   6:  -152.08163239326797   -1.79562e-06   3.22144e-06 DIIS
   @DF-RHF iter   7:  -152.08163246695179   -7.36838e-08   1.48033e-06 DIIS
   @DF-RHF iter   8:  -152.08163247755814   -1.06064e-08   2.79492e-07 DIIS
   @DF-RHF iter   9:  -152.08163247821921   -6.61061e-10   4.44806e-08 DIIS
   @DF-RHF iter  10:  -152.08163247823418   -1.49782e-11   1.11965e-08 DIIS
   @DF-RHF iter  11:  -152.08163247823475   -5.68434e-13   2.19458e-09 DIIS
  Energy and wave function converged.


  ==> Post-Iterations <==

    Orbital Energies [Eh]
    ---------------------

    Doubly Occupied:                                                      

       1A    -20.587415     2A    -20.542853     3A     -1.400598  
       4A     -1.355649     5A     -0.770996     6A     -0.727621  
       7A     -0.617181     8A     -0.562408     9A     -0.533262  
      10A     -0.488909  

    Virtual:                                                              

      11A      0.026831    12A      0.048580    13A      0.065747  
      14A      0.082361    15A      0.170602    16A      0.184012  
      17A      0.202640    18A      0.210323    19A      0.230151  
      20A      0.256614    21A      0.264792    22A      0.269614  
      23A      0.300108    24A      0.336636    25A      0.359636  
      26A      0.372041    27A      0.406765    28A      0.418597  
      29A      0.443043    30A      0.492872    31A      0.519379  
      32A      0.524035    33A      0.551179    34A      0.609248  
      35A      0.641448    36A      0.659987    37A      0.690854  
      38A      0.724020    39A      0.851684    40A      0.925830  
      41A      0.965844    42A      0.987102    43A      1.082322  
      44A      1.117583    45A      1.128290    46A      1.138004  
      47A      1.189051    48A      1.205239    49A      1.334441  
      50A      1.446199    51A      1.493035    52A      1.519288  
      53A      1.563464    54A      1.590595    55A      1.671167  
      56A      1.827919    57A      2.029535    58A      2.042205  
      59A      2.074939    60A      2.087711    61A      2.148066  
      62A      2.164206    63A      2.387151    64A      2.522211  
      65A      2.577545    66A      2.596970    67A      2.716334  
      68A      2.765853    69A      2.780666    70A      2.904363  
      71A      2.975460    72A      3.015996    73A      3.665677  
      74A      3.696307    75A      3.698316    76A      3.712258  
      77A      3.752838    78A      3.798655    79A      4.127509  
      80A      4.212974    81A      4.414801    82A      4.442395  

    Final Occupation by Irrep:
              A 
    DOCC [    10 ]

  @DF-RHF Final Energy:  -152.08163247823475

   => Energetics <=

    Nuclear Repulsion Energy =             36.7163873622140713
    One-Electron Energy =                -282.4222545431769618
    Two-Electron Energy =                  93.6242347027281170
    Total Energy =                       -152.0816324782347806

Computation Completed


Properties will be evaluated at   0.000000,   0.000000,   0.000000 [a0]

Properties computed using the SCF density matrix

  Nuclear Dipole Moment: [e a0]
     X:     1.6963      Y:     0.0000      Z:    -0.6136

  Electronic Dipole Moment: [e a0]
     X:    -0.1624      Y:     0.0275      Z:     0.1179

  Dipole Moment: [e a0]
     X:     1.5339      Y:     0.0275      Z:    -0.4956     Total:     1.6122

  Dipole Moment: [D]
     X:     3.8988      Y:     0.0700      Z:    -1.2598     Total:     4.0978


*** tstop() called on wanukaka at Wed Apr 20 14:37:00 2022
Module time:
	user time   =       6.72 seconds =       0.11 minutes
	system time =       0.21 seconds =       0.00 minutes
	total time  =          0 seconds =       0.00 minutes
Total time:
	user time   =      56.77 seconds =       0.95 minutes
	system time =       2.70 seconds =       0.05 minutes
	total time  =          6 seconds =       0.10 minutes

*** tstart() called on wanukaka
*** at Wed Apr 20 14:37:00 2022


  //>>>>>>>>>>>>>>>>>>>>>>>>>>>>>>>>>>>//
  //               DFMP2               //
  //<<<<<<<<<<<<<<<<<<<<<<<<<<<<<<<<<<<//

   => Loading Basis Set <=

    Name: (AUG-CC-PVDZ AUX)
    Role: RIFIT
    Keyword: DF_BASIS_MP2
    atoms 1, 4     entry O          line   204 file /home/sulstice/software/miniconda2/envs/qmpython2/share/psi4/basis/aug-cc-pvdz-ri.gbs 
    atoms 2-3, 5-6 entry H          line    30 file /home/sulstice/software/miniconda2/envs/qmpython2/share/psi4/basis/aug-cc-pvdz-ri.gbs 

	 --------------------------------------------------------
	                          DF-MP2                         
	      2nd-Order Density-Fitted Moller-Plesset Theory     
	              RMP2 Wavefunction,  10 Threads             
	                                                         
	        Rob Parrish, Justin Turney, Andy Simmonett,      
	           Ed Hohenstein, and C. David Sherrill          
	 --------------------------------------------------------

   => Auxiliary Basis Set <=

  Basis Set: (AUG-CC-PVDZ AUX)
    Blend: AUG-CC-PVDZ-RI
    Number of shells: 80
    Number of basis function: 236
    Number of Cartesian functions: 272
    Spherical Harmonics?: true
    Max angular momentum: 3

	 --------------------------------------------------------
	                 NBF =    82, NAUX =   236
	 --------------------------------------------------------
	   CLASS    FOCC     OCC    AOCC    AVIR     VIR    FVIR
	   PAIRS       0      10      10      72      72       0
	 --------------------------------------------------------

	-----------------------------------------------------------
	 ==================> DF-MP2 Energies <==================== 
	-----------------------------------------------------------
	 Reference Energy          =    -152.0816324782347522 [Eh]
	 Singles Energy            =      -0.0000000000000000 [Eh]
	 Same-Spin Energy          =      -0.1122315173270950 [Eh]
	 Opposite-Spin Energy      =      -0.3244471508649991 [Eh]
	 Correlation Energy        =      -0.4366786681920941 [Eh]
	 Total Energy              =    -152.5183111464268393 [Eh]
	-----------------------------------------------------------
	 ================> DF-SCS-MP2 Energies <================== 
	-----------------------------------------------------------
	 SCS Same-Spin Scale       =       0.3333333333333333 [-]
	 SCS Opposite-Spin Scale   =       1.2000000000000000 [-]
	 SCS Same-Spin Energy      =      -0.0374105057756983 [Eh]
	 SCS Opposite-Spin Energy  =      -0.3893365810379990 [Eh]
	 SCS Correlation Energy    =      -0.4267470868136973 [Eh]
	 SCS Total Energy          =    -152.5083795650484433 [Eh]
	-----------------------------------------------------------


*** tstop() called on wanukaka at Wed Apr 20 14:37:01 2022
Module time:
	user time   =       2.31 seconds =       0.04 minutes
	system time =       0.11 seconds =       0.00 minutes
	total time  =          1 seconds =       0.02 minutes
Total time:
	user time   =      59.09 seconds =       0.98 minutes
	system time =       2.81 seconds =       0.05 minutes
	total time  =          7 seconds =       0.12 minutes
