
  //>>>>>>>>>>>>>>>>>>>>>>>>>>>>>>>>>>>//
  //              Dimer HF             //
  //<<<<<<<<<<<<<<<<<<<<<<<<<<<<<<<<<<<//


*** tstart() called on wanukaka
*** at Wed Apr 20 14:39:05 2022

   => Loading Basis Set <=

    Name: AUG-CC-PVDZ
    Role: ORBITAL
    Keyword: BASIS
    atoms 1, 5, 7, 9, 11-13, 17, 19, 21, 23-24 entry H          line    36 file /home/sulstice/software/miniconda2/envs/qmpython2/share/psi4/basis/aug-cc-pvdz.gbs 
    atoms 2-4, 6, 8, 10, 14-16, 18, 20, 22     entry C          line   178 file /home/sulstice/software/miniconda2/envs/qmpython2/share/psi4/basis/aug-cc-pvdz.gbs 


         ---------------------------------------------------------
                                   SCF
               by Justin Turney, Rob Parrish, Andy Simmonett
                          and Daniel G. A. Smith
                              RHF Reference
                       10 Threads,   7629 MiB Core
         ---------------------------------------------------------

  ==> Geometry <==

    Molecular point group: c1
    Full point group: C1

    Geometry (in Angstrom), charge = 0, multiplicity = 1:

       Center              X                  Y                   Z               Mass       
    ------------   -----------------  -----------------  -----------------  -----------------
         H            2.408725551103     0.036802492390    -2.482514824532     1.007825032230
         C            2.408725551103     0.036802492390    -1.397214824532    12.000000000000
         C            2.408725551103    -1.160712636269    -0.711388668255    12.000000000000
         C            2.408725551103    -1.194418930388     0.666899246419    12.000000000000
         H            2.408725551103    -2.134470902328     1.201839289836     1.007825032230
         C            2.408725551103    -0.038806998696     1.420279172705    12.000000000000
         H            2.408725551103    -0.051563064668     2.504604143727     1.007825032230
         C            2.408725551103     1.159879889259     0.722086087202    12.000000000000
         H            2.408725551103     2.085217105068     1.288058813611     1.007825032230
         C            2.408725551103     1.203180645497    -0.657434151661    12.000000000000
         H            2.408725551103     2.139371258611    -1.203483211652     1.007825032230
         H            2.408725551103    -2.068954943957    -1.299085146486     1.007825032230
         H            0.068825551103    -0.000993576070     0.011598809048     1.007825032230
         C           -1.032074448897    -0.000993576070     0.011598809048    12.000000000000
         C           -1.693550019532    -0.000993576070    -1.205117295659    12.000000000000
         C           -3.080483936891    -0.000993576070    -1.218656456598    12.000000000000
         H           -3.595872508035    -0.000993576070    -2.181267609003     1.007825032230
         C           -3.768866536153    -0.000993576070    -0.022493672094    12.000000000000
         H           -4.862495701355    -0.000993576070    -0.010046221708     1.007825032230
         C           -3.124034621797    -0.000993576070     1.200751046770    12.000000000000
         H           -3.714175286244    -0.000993576070     2.122167150474     1.007825032230
         C           -1.754672111734    -0.000993576070     1.192218247166    12.000000000000
         H           -1.239543075713    -0.000993576070     2.135757899883     1.007825032230
         H           -1.093275631614    -0.000993576070    -2.105817256361     1.007825032230

  Running in c1 symmetry.

  Rotational constants: A =      0.06433  B =      0.01566  C =      0.01442 [cm^-1]
  Rotational constants: A =   1928.46532  B =    469.38902  C =    432.22219 [MHz]
  Nuclear repulsion =  598.706324151068657

  Charge       = 0
  Multiplicity = 1
  Electrons    = 84
  Nalpha       = 42
  Nbeta        = 42

  ==> Algorithm <==

  SCF Algorithm Type is DF.
  DIIS enabled.
  MOM disabled.
  Fractional occupation disabled.
  Guess Type is SAD.
  Energy threshold   = 1.00e-08
  Density threshold  = 1.00e-08
  Integral threshold = 0.00e+00

  ==> Primary Basis <==

  Basis Set: AUG-CC-PVDZ
    Blend: AUG-CC-PVDZ
    Number of shells: 168
    Number of basis function: 384
    Number of Cartesian functions: 408
    Spherical Harmonics?: true
    Max angular momentum: 2

   => Loading Basis Set <=

    Name: (AUG-CC-PVDZ AUX)
    Role: JKFIT
    Keyword: DF_BASIS_SCF
    atoms 1, 5, 7, 9, 11-13, 17, 19, 21, 23-24 entry H          line    70 file /home/sulstice/software/miniconda2/envs/qmpython2/share/psi4/basis/aug-cc-pvdz-jkfit.gbs 
    atoms 2-4, 6, 8, 10, 14-16, 18, 20, 22     entry C          line   154 file /home/sulstice/software/miniconda2/envs/qmpython2/share/psi4/basis/aug-cc-pvdz-jkfit.gbs 

  ==> Pre-Iterations <==

   -------------------------------------------------------
    Irrep   Nso     Nmo     Nalpha   Nbeta   Ndocc  Nsocc
   -------------------------------------------------------
     A        384     384       0       0       0       0
   -------------------------------------------------------
    Total     384     384      42      42      42       0
   -------------------------------------------------------

  ==> Integral Setup <==

  ==> DiskDFJK: Density-Fitted J/K Matrices <==

    J tasked:                  Yes
    K tasked:                  Yes
    wK tasked:                  No
    OpenMP threads:             10
    Integrals threads:          10
    Memory [MiB]:             5722
    Algorithm:                Core
    Integral Cache:           SAVE
    Schwarz Cutoff:          1E-12
    Fitting Condition:       1E-10

   => Auxiliary Basis Set <=

  Basis Set: (AUG-CC-PVDZ AUX)
    Blend: AUG-CC-PVDZ-JKFIT
    Number of shells: 480
    Number of basis function: 1416
    Number of Cartesian functions: 1632
    Spherical Harmonics?: true
    Max angular momentum: 3

  Minimum eigenvalue in the overlap matrix is 1.7007857550E-06.
  Using Symmetric Orthogonalization.

  SCF Guess: Superposition of Atomic Densities via on-the-fly atomic UHF.

  ==> Iterations <==

                           Total Energy        Delta E     RMS |[F,P]|

   @DF-RHF iter SAD:  -460.72756896372334   -4.60728e+02   0.00000e+00 
   @DF-RHF iter   1:  -461.08858296056940   -3.61014e-01   1.94166e-03 DIIS
   @DF-RHF iter   2:  -461.37552657090566   -2.86944e-01   9.47134e-04 DIIS
   @DF-RHF iter   3:  -461.44564533152561   -7.01188e-02   1.51935e-04 DIIS
   @DF-RHF iter   4:  -461.44856817304083   -2.92284e-03   2.33748e-05 DIIS
   @DF-RHF iter   5:  -461.44862548658512   -5.73135e-05   1.01762e-05 DIIS
   @DF-RHF iter   6:  -461.44863492574200   -9.43916e-06   2.11022e-06 DIIS
   @DF-RHF iter   7:  -461.44863548517435   -5.59432e-07   5.08264e-07 DIIS
   @DF-RHF iter   8:  -461.44863551722881   -3.20545e-08   1.71145e-07 DIIS
   @DF-RHF iter   9:  -461.44863552583701   -8.60820e-09   6.92691e-08 DIIS
   @DF-RHF iter  10:  -461.44863552853428   -2.69728e-09   2.87699e-08 DIIS
   @DF-RHF iter  11:  -461.44863552883464   -3.00361e-10   1.08311e-08 DIIS
   @DF-RHF iter  12:  -461.44863552887955   -4.49063e-11   3.41965e-09 DIIS
  Energy and wave function converged.


  ==> Post-Iterations <==

    Orbital Energies [Eh]
    ---------------------

    Doubly Occupied:                                                      

       1A    -11.244337     2A    -11.243280     3A    -11.242619  
       4A    -11.241631     5A    -11.241244     6A    -11.240172  
       7A    -11.232692     8A    -11.230987     9A    -11.229783  
      10A    -11.229301    11A    -11.226534    12A    -11.224911  
      13A     -1.166986    14A     -1.152233    15A     -1.029669  
      16A     -1.022523    17A     -1.015433    18A     -1.008384  
      19A     -0.832150    20A     -0.831304    21A     -0.819940  
      22A     -0.815216    23A     -0.718023    24A     -0.703567  
      25A     -0.645096    26A     -0.630659    27A     -0.630382  
      28A     -0.616697    29A     -0.598812    30A     -0.586143  
      31A     -0.584843    32A     -0.576711    33A     -0.513239  
      34A     -0.507467    35A     -0.499227    36A     -0.488345  
      37A     -0.488213    38A     -0.472670    39A     -0.347119  
      40A     -0.345491    41A     -0.333017    42A     -0.325210  

    Virtual:                                                              

      43A      0.031580    44A      0.038112    45A      0.042300  
      46A      0.042897    47A      0.051275    48A      0.054786  
      49A      0.056957    50A      0.060468    51A      0.075101  
      52A      0.076292    53A      0.077062    54A      0.093499  
      55A      0.102727    56A      0.109834    57A      0.111509  
      58A      0.117945    59A      0.123156    60A      0.124365  
      61A      0.134925    62A      0.139299    63A      0.140913  
      64A      0.143875    65A      0.147279    66A      0.149834  
      67A      0.150216    68A      0.151663    69A      0.152429  
      70A      0.156162    71A      0.158744    72A      0.165895  
      73A      0.167579    74A      0.168672    75A      0.177301  
      76A      0.178333    77A      0.182616    78A      0.185352  
      79A      0.190053    80A      0.192883    81A      0.198750  
      82A      0.201138    83A      0.202279    84A      0.203271  
      85A      0.209795    86A      0.221647    87A      0.234521  
      88A      0.235157    89A      0.239760    90A      0.243169  
      91A      0.244382    92A      0.252930    93A      0.265255  
      94A      0.266642    95A      0.268082    96A      0.295895  
      97A      0.296300    98A      0.309946    99A      0.315775  
     100A      0.318956   101A      0.322908   102A      0.327687  
     103A      0.334430   104A      0.335668   105A      0.341067  
     106A      0.349817   107A      0.355958   108A      0.363365  
     109A      0.365422   110A      0.369201   111A      0.372579  
     112A      0.375802   113A      0.377359   114A      0.377933  
     115A      0.382364   116A      0.388136   117A      0.393793  
     118A      0.394088   119A      0.404169   120A      0.408586  
     121A      0.425595   122A      0.426152   123A      0.435392  
     124A      0.437840   125A      0.438815   126A      0.444222  
     127A      0.444801   128A      0.452869   129A      0.458066  
     130A      0.469114   131A      0.472779   132A      0.483899  
     133A      0.486257   134A      0.490032   135A      0.502641  
     136A      0.516536   137A      0.519896   138A      0.525788  
     139A      0.527849   140A      0.535012   141A      0.554971  
     142A      0.566459   143A      0.577568   144A      0.583759  
     145A      0.583901   146A      0.594682   147A      0.595684  
     148A      0.605250   149A      0.610796   150A      0.612569  
     151A      0.615340   152A      0.617647   153A      0.623359  
     154A      0.630242   155A      0.630550   156A      0.634633  
     157A      0.642521   158A      0.656131   159A      0.661024  
     160A      0.664817   161A      0.665595   162A      0.674362  
     163A      0.680090   164A      0.681199   165A      0.686319  
     166A      0.688213   167A      0.695747   168A      0.698523  
     169A      0.701181   170A      0.705145   171A      0.713812  
     172A      0.714413   173A      0.719243   174A      0.720871  
     175A      0.729748   176A      0.730366   177A      0.737565  
     178A      0.747072   179A      0.752769   180A      0.766484  
     181A      0.772368   182A      0.774280   183A      0.785625  
     184A      0.791706   185A      0.797280   186A      0.797871  
     187A      0.800658   188A      0.813969   189A      0.817242  
     190A      0.829607   191A      0.856521   192A      0.858902  
     193A      0.860297   194A      0.863279   195A      0.871249  
     196A      0.881004   197A      0.892216   198A      0.895718  
     199A      0.897198   200A      0.904162   201A      0.915635  
     202A      0.922515   203A      0.933094   204A      0.933987  
     205A      0.935113   206A      0.941812   207A      0.950009  
     208A      0.955448   209A      0.961260   210A      0.962845  
     211A      0.969366   212A      0.987844   213A      0.995639  
     214A      1.002906   215A      1.006189   216A      1.006774  
     217A      1.017672   218A      1.021254   219A      1.040520  
     220A      1.052002   221A      1.056151   222A      1.067800  
     223A      1.080085   224A      1.081033   225A      1.085312  
     226A      1.101308   227A      1.106972   228A      1.129088  
     229A      1.145322   230A      1.177226   231A      1.184759  
     232A      1.187529   233A      1.199039   234A      1.201428  
     235A      1.234352   236A      1.254166   237A      1.309324  
     238A      1.311680   239A      1.355867   240A      1.366373  
     241A      1.370299   242A      1.395990   243A      1.398285  
     244A      1.418670   245A      1.438161   246A      1.481910  
     247A      1.491654   248A      1.502302   249A      1.504278  
     250A      1.511908   251A      1.524009   252A      1.539028  
     253A      1.552885   254A      1.555965   255A      1.567028  
     256A      1.570248   257A      1.579778   258A      1.585761  
     259A      1.592392   260A      1.603551   261A      1.621241  
     262A      1.628519   263A      1.638637   264A      1.643988  
     265A      1.645999   266A      1.650954   267A      1.652412  
     268A      1.681581   269A      1.686508   270A      1.689672  
     271A      1.707628   272A      1.709380   273A      1.710522  
     274A      1.723403   275A      1.729856   276A      1.742519  
     277A      1.757079   278A      1.761204   279A      1.762189  
     280A      1.764801   281A      1.794733   282A      1.796873  
     283A      1.806524   284A      1.815879   285A      1.829525  
     286A      1.831141   287A      1.873631   288A      1.892245  
     289A      1.898650   290A      1.904748   291A      1.917129  
     292A      1.917855   293A      1.927994   294A      1.929370  
     295A      1.949978   296A      1.962619   297A      1.967648  
     298A      1.984076   299A      1.986233   300A      1.987584  
     301A      2.004321   302A      2.010169   303A      2.020545  
     304A      2.028107   305A      2.032461   306A      2.036552  
     307A      2.053603   308A      2.083010   309A      2.104931  
     310A      2.105690   311A      2.118772   312A      2.121942  
     313A      2.137846   314A      2.139744   315A      2.159528  
     316A      2.161673   317A      2.201747   318A      2.204920  
     319A      2.211060   320A      2.220075   321A      2.231050  
     322A      2.249290   323A      2.258572   324A      2.263565  
     325A      2.278227   326A      2.292053   327A      2.295066  
     328A      2.306648   329A      2.310023   330A      2.325832  
     331A      2.336816   332A      2.343485   333A      2.365584  
     334A      2.374960   335A      2.385621   336A      2.395973  
     337A      2.397675   338A      2.402372   339A      2.428398  
     340A      2.453241   341A      2.456076   342A      2.462449  
     343A      2.477394   344A      2.496109   345A      2.510392  
     346A      2.512398   347A      2.639847   348A      2.669331  
     349A      2.697386   350A      2.708444   351A      2.784505  
     352A      2.793838   353A      2.804876   354A      2.812503  
     355A      2.822708   356A      2.840152   357A      2.864508  
     358A      2.878483   359A      2.924808   360A      2.965831  
     361A      2.982921   362A      2.986060   363A      3.003470  
     364A      3.027654   365A      3.045940   366A      3.107346  
     367A      3.173744   368A      3.190489   369A      3.192570  
     370A      3.200994   371A      3.238916   372A      3.250446  
     373A      3.311565   374A      3.370571   375A      3.390331  
     376A      3.398030   377A      3.576992   378A      3.620571  
     379A      3.670716   380A      3.690099   381A      3.898117  
     382A      3.920709   383A      4.856160   384A      4.916016  

    Final Occupation by Irrep:
              A 
    DOCC [    42 ]

  @DF-RHF Final Energy:  -461.44863552887955

   => Energetics <=

    Nuclear Repulsion Energy =            598.7063241510686566
    One-Electron Energy =               -1810.0453958237073948
    Two-Electron Energy =                 749.8904361437591888
    Total Energy =                       -461.4486355288795494

Computation Completed


Properties will be evaluated at   0.000000,   0.000000,   0.000000 [a0]

Properties computed using the SCF density matrix

  Nuclear Dipole Moment: [e a0]
     X:     0.0148      Y:     0.0004      Z:    -0.0171

  Electronic Dipole Moment: [e a0]
     X:     0.2221      Y:    -0.0013      Z:     0.0252

  Dipole Moment: [e a0]
     X:     0.2370      Y:    -0.0009      Z:     0.0081     Total:     0.2371

  Dipole Moment: [D]
     X:     0.6023      Y:    -0.0024      Z:     0.0206     Total:     0.6027


*** tstop() called on wanukaka at Wed Apr 20 14:39:26 2022
Module time:
	user time   =     184.27 seconds =       3.07 minutes
	system time =       4.24 seconds =       0.07 minutes
	total time  =         21 seconds =       0.35 minutes
Total time:
	user time   =    1304.28 seconds =      21.74 minutes
	system time =      33.15 seconds =       0.55 minutes
	total time  =        152 seconds =       2.53 minutes

  //>>>>>>>>>>>>>>>>>>>>>>>>>>>>>>>>>>>//
  //            Monomer A HF           //
  //<<<<<<<<<<<<<<<<<<<<<<<<<<<<<<<<<<<//


*** tstart() called on wanukaka
*** at Wed Apr 20 14:39:26 2022

   => Loading Basis Set <=

    Name: AUG-CC-PVDZ
    Role: ORBITAL
    Keyword: BASIS
    atoms 1, 5, 7, 9, 11-13, 17, 19, 21, 23-24 entry H          line    36 file /home/sulstice/software/miniconda2/envs/qmpython2/share/psi4/basis/aug-cc-pvdz.gbs 
    atoms 2-4, 6, 8, 10, 14-16, 18, 20, 22     entry C          line   178 file /home/sulstice/software/miniconda2/envs/qmpython2/share/psi4/basis/aug-cc-pvdz.gbs 


         ---------------------------------------------------------
                                   SCF
               by Justin Turney, Rob Parrish, Andy Simmonett
                          and Daniel G. A. Smith
                              RHF Reference
                       10 Threads,   7629 MiB Core
         ---------------------------------------------------------

  ==> Geometry <==

    Molecular point group: c1
    Full point group: C1

    Geometry (in Angstrom), charge = 0, multiplicity = 1:

       Center              X                  Y                   Z               Mass       
    ------------   -----------------  -----------------  -----------------  -----------------
         H            2.408725551103     0.036802492390    -2.482514824532     1.007825032230
         C            2.408725551103     0.036802492390    -1.397214824532    12.000000000000
         C            2.408725551103    -1.160712636269    -0.711388668255    12.000000000000
         C            2.408725551103    -1.194418930388     0.666899246419    12.000000000000
         H            2.408725551103    -2.134470902328     1.201839289836     1.007825032230
         C            2.408725551103    -0.038806998696     1.420279172705    12.000000000000
         H            2.408725551103    -0.051563064668     2.504604143727     1.007825032230
         C            2.408725551103     1.159879889259     0.722086087202    12.000000000000
         H            2.408725551103     2.085217105068     1.288058813611     1.007825032230
         C            2.408725551103     1.203180645497    -0.657434151661    12.000000000000
         H            2.408725551103     2.139371258611    -1.203483211652     1.007825032230
         H            2.408725551103    -2.068954943957    -1.299085146486     1.007825032230
      Gh(H)           0.068825551103    -0.000993576070     0.011598809048     1.007825032230
      Gh(C)          -1.032074448897    -0.000993576070     0.011598809048    12.000000000000
      Gh(C)          -1.693550019532    -0.000993576070    -1.205117295659    12.000000000000
      Gh(C)          -3.080483936891    -0.000993576070    -1.218656456598    12.000000000000
      Gh(H)          -3.595872508035    -0.000993576070    -2.181267609003     1.007825032230
      Gh(C)          -3.768866536153    -0.000993576070    -0.022493672094    12.000000000000
      Gh(H)          -4.862495701355    -0.000993576070    -0.010046221708     1.007825032230
      Gh(C)          -3.124034621797    -0.000993576070     1.200751046770    12.000000000000
      Gh(H)          -3.714175286244    -0.000993576070     2.122167150474     1.007825032230
      Gh(C)          -1.754672111734    -0.000993576070     1.192218247166    12.000000000000
      Gh(H)          -1.239543075713    -0.000993576070     2.135757899883     1.007825032230
      Gh(H)          -1.093275631614    -0.000993576070    -2.105817256361     1.007825032230

  Running in c1 symmetry.

  Rotational constants: A =      0.06433  B =      0.01566  C =      0.01442 [cm^-1]
  Rotational constants: A =   1928.46532  B =    469.38902  C =    432.22219 [MHz]
  Nuclear repulsion =  205.246788278701899

  Charge       = 0
  Multiplicity = 1
  Electrons    = 42
  Nalpha       = 21
  Nbeta        = 21

  ==> Algorithm <==

  SCF Algorithm Type is DF.
  DIIS enabled.
  MOM disabled.
  Fractional occupation disabled.
  Guess Type is SAD.
  Energy threshold   = 1.00e-08
  Density threshold  = 1.00e-08
  Integral threshold = 0.00e+00

  ==> Primary Basis <==

  Basis Set: AUG-CC-PVDZ
    Blend: AUG-CC-PVDZ
    Number of shells: 168
    Number of basis function: 384
    Number of Cartesian functions: 408
    Spherical Harmonics?: true
    Max angular momentum: 2

   => Loading Basis Set <=

    Name: (AUG-CC-PVDZ AUX)
    Role: JKFIT
    Keyword: DF_BASIS_SCF
    atoms 1, 5, 7, 9, 11-13, 17, 19, 21, 23-24 entry H          line    70 file /home/sulstice/software/miniconda2/envs/qmpython2/share/psi4/basis/aug-cc-pvdz-jkfit.gbs 
    atoms 2-4, 6, 8, 10, 14-16, 18, 20, 22     entry C          line   154 file /home/sulstice/software/miniconda2/envs/qmpython2/share/psi4/basis/aug-cc-pvdz-jkfit.gbs 

  ==> Pre-Iterations <==

   -------------------------------------------------------
    Irrep   Nso     Nmo     Nalpha   Nbeta   Ndocc  Nsocc
   -------------------------------------------------------
     A        384     384       0       0       0       0
   -------------------------------------------------------
    Total     384     384      21      21      21       0
   -------------------------------------------------------

  ==> Integral Setup <==

  ==> DiskDFJK: Density-Fitted J/K Matrices <==

    J tasked:                  Yes
    K tasked:                  Yes
    wK tasked:                  No
    OpenMP threads:             10
    Integrals threads:          10
    Memory [MiB]:             5722
    Algorithm:                Core
    Integral Cache:           LOAD
    Schwarz Cutoff:          1E-12
    Fitting Condition:       1E-10

   => Auxiliary Basis Set <=

  Basis Set: (AUG-CC-PVDZ AUX)
    Blend: AUG-CC-PVDZ-JKFIT
    Number of shells: 480
    Number of basis function: 1416
    Number of Cartesian functions: 1632
    Spherical Harmonics?: true
    Max angular momentum: 3

  Minimum eigenvalue in the overlap matrix is 1.7007857550E-06.
  Using Symmetric Orthogonalization.

  SCF Guess: Superposition of Atomic Densities via on-the-fly atomic UHF.

  ==> Iterations <==

                           Total Energy        Delta E     RMS |[F,P]|

   @DF-RHF iter SAD:  -230.27718032967132   -2.30277e+02   0.00000e+00 
   @DF-RHF iter   1:  -230.54332125572375   -2.66141e-01   1.39255e-03 DIIS
   @DF-RHF iter   2:  -230.68793858322084   -1.44617e-01   6.92282e-04 DIIS
   @DF-RHF iter   3:  -230.72528330102423   -3.73447e-02   1.07051e-04 DIIS
   @DF-RHF iter   4:  -230.72675581413426   -1.47251e-03   1.29224e-05 DIIS
   @DF-RHF iter   5:  -230.72677957484763   -2.37607e-05   3.73031e-06 DIIS
   @DF-RHF iter   6:  -230.72678100383365   -1.42899e-06   1.24215e-06 DIIS
   @DF-RHF iter   7:  -230.72678116441756   -1.60584e-07   2.16724e-07 DIIS
   @DF-RHF iter   8:  -230.72678117218047   -7.76291e-09   1.14941e-07 DIIS
   @DF-RHF iter   9:  -230.72678117466302   -2.48255e-09   4.62793e-08 DIIS
   @DF-RHF iter  10:  -230.72678117575472   -1.09171e-09   1.66995e-08 DIIS
   @DF-RHF iter  11:  -230.72678117586764   -1.12919e-10   4.41287e-09 DIIS
  Energy and wave function converged.


  ==> Post-Iterations <==

    Orbital Energies [Eh]
    ---------------------

    Doubly Occupied:                                                      

       1A    -11.239483     2A    -11.238333     3A    -11.237845  
       4A    -11.236897     5A    -11.236442     6A    -11.235355  
       7A     -1.160770     8A     -1.024084     9A     -1.017274  
      10A     -0.827261    11A     -0.826312    12A     -0.712834  
      13A     -0.640527    14A     -0.625416    15A     -0.593728  
      16A     -0.581371    17A     -0.507375    18A     -0.502612  
      19A     -0.483664    20A     -0.340095    21A     -0.336992  

    Virtual:                                                              

      22A      0.023859    23A      0.036073    24A      0.037873  
      25A      0.042016    26A      0.049733    27A      0.054493  
      28A      0.057290    29A      0.057817    30A      0.071371  
      31A      0.074927    32A      0.076123    33A      0.083167  
      34A      0.089865    35A      0.104524    36A      0.108725  
      37A      0.114911    38A      0.116081    39A      0.120637  
      40A      0.125626    41A      0.128023    42A      0.133640  
      43A      0.140341    44A      0.143963    45A      0.144798  
      46A      0.150518    47A      0.150677    48A      0.151832  
      49A      0.158531    50A      0.162785    51A      0.162916  
      52A      0.165861    53A      0.171550    54A      0.172310  
      55A      0.183678    56A      0.184628    57A      0.186691  
      58A      0.187251    59A      0.187940    60A      0.191740  
      61A      0.196678    62A      0.201470    63A      0.203008  
      64A      0.212391    65A      0.223476    66A      0.226801  
      67A      0.235429    68A      0.236357    69A      0.240402  
      70A      0.249422    71A      0.261517    72A      0.265019  
      73A      0.267488    74A      0.271383    75A      0.294814  
      76A      0.302147    77A      0.302657    78A      0.310560  
      79A      0.322939    80A      0.325458    81A      0.327349  
      82A      0.334641    83A      0.336175    84A      0.350311  
      85A      0.353294    86A      0.365910    87A      0.367855  
      88A      0.375595    89A      0.382868    90A      0.383301  
      91A      0.385091    92A      0.388186    93A      0.391941  
      94A      0.395811    95A      0.399323    96A      0.403445  
      97A      0.408853    98A      0.427489    99A      0.430818  
     100A      0.437805   101A      0.438869   102A      0.442854  
     103A      0.446418   104A      0.454457   105A      0.457009  
     106A      0.461026   107A      0.461321   108A      0.474607  
     109A      0.476015   110A      0.489461   111A      0.496927  
     112A      0.504584   113A      0.509291   114A      0.515834  
     115A      0.519478   116A      0.535102   117A      0.536505  
     118A      0.538262   119A      0.547223   120A      0.555531  
     121A      0.561091   122A      0.565497   123A      0.567539  
     124A      0.569641   125A      0.578792   126A      0.584109  
     127A      0.596221   128A      0.597939   129A      0.599232  
     130A      0.609444   131A      0.610825   132A      0.612767  
     133A      0.633742   134A      0.639081   135A      0.643270  
     136A      0.648234   137A      0.651291   138A      0.658237  
     139A      0.662984   140A      0.666135   141A      0.671713  
     142A      0.682478   143A      0.692960   144A      0.695394  
     145A      0.701003   146A      0.703541   147A      0.708279  
     148A      0.718524   149A      0.720314   150A      0.727070  
     151A      0.734049   152A      0.741365   153A      0.756088  
     154A      0.768360   155A      0.773967   156A      0.775511  
     157A      0.777422   158A      0.779502   159A      0.791823  
     160A      0.796620   161A      0.798588   162A      0.827567  
     163A      0.831899   164A      0.834288   165A      0.838636  
     166A      0.852901   167A      0.863319   168A      0.863906  
     169A      0.866379   170A      0.867276   171A      0.872588  
     172A      0.876896   173A      0.881659   174A      0.890944  
     175A      0.896905   176A      0.903804   177A      0.906284  
     178A      0.907659   179A      0.919341   180A      0.923807  
     181A      0.934534   182A      0.945924   183A      0.946366  
     184A      0.958345   185A      0.961263   186A      0.963412  
     187A      0.976929   188A      0.978654   189A      0.996459  
     190A      0.998637   191A      1.003480   192A      1.013513  
     193A      1.040358   194A      1.043884   195A      1.047835  
     196A      1.050254   197A      1.063495   198A      1.067912  
     199A      1.078804   200A      1.081447   201A      1.081724  
     202A      1.093397   203A      1.106247   204A      1.133448  
     205A      1.140317   206A      1.143806   207A      1.179724  
     208A      1.182984   209A      1.199080   210A      1.205252  
     211A      1.224306   212A      1.245485   213A      1.246746  
     214A      1.288183   215A      1.310557   216A      1.332316  
     217A      1.347985   218A      1.367093   219A      1.395984  
     220A      1.399844   221A      1.427406   222A      1.431162  
     223A      1.432780   224A      1.445599   225A      1.452158  
     226A      1.479276   227A      1.501356   228A      1.506506  
     229A      1.510367   230A      1.518270   231A      1.554146  
     232A      1.555673   233A      1.571693   234A      1.599986  
     235A      1.602842   236A      1.648083   237A      1.654063  
     238A      1.661097   239A      1.662358   240A      1.685683  
     241A      1.701088   242A      1.716625   243A      1.728361  
     244A      1.730489   245A      1.749008   246A      1.752750  
     247A      1.788018   248A      1.806992   249A      1.814672  
     250A      1.833163   251A      1.844306   252A      1.854788  
     253A      1.903931   254A      1.916016   255A      1.928305  
     256A      1.947162   257A      1.971937   258A      1.978485  
     259A      1.998420   260A      2.018494   261A      2.028190  
     262A      2.044479   263A      2.074107   264A      2.114060  
     265A      2.115125   266A      2.124433   267A      2.134333  
     268A      2.138582   269A      2.143540   270A      2.164780  
     271A      2.165913   272A      2.173198   273A      2.192842  
     274A      2.196892   275A      2.201916   276A      2.208905  
     277A      2.230253   278A      2.230506   279A      2.243924  
     280A      2.253113   281A      2.254244   282A      2.255769  
     283A      2.273487   284A      2.276719   285A      2.280889  
     286A      2.282404   287A      2.293203   288A      2.314015  
     289A      2.327449   290A      2.334342   291A      2.336499  
     292A      2.339017   293A      2.345060   294A      2.355075  
     295A      2.357028   296A      2.371993   297A      2.392047  
     298A      2.394519   299A      2.426763   300A      2.453102  
     301A      2.470651   302A      2.488409   303A      2.511986  
     304A      2.522088   305A      2.527203   306A      2.545104  
     307A      2.578336   308A      2.619801   309A      2.644799  
     310A      2.650018   311A      2.651762   312A      2.671920  
     313A      2.683782   314A      2.702892   315A      2.705209  
     316A      2.707588   317A      2.726763   318A      2.737344  
     319A      2.752343   320A      2.790488   321A      2.798754  
     322A      2.816295   323A      2.840598   324A      2.853688  
     325A      2.858177   326A      2.879477   327A      2.883184  
     328A      2.909550   329A      2.922772   330A      2.925412  
     331A      2.936020   332A      2.958141   333A      2.974912  
     334A      2.989361   335A      3.022207   336A      3.047389  
     337A      3.159037   338A      3.172212   339A      3.178482  
     340A      3.203669   341A      3.211942   342A      3.230128  
     343A      3.270580   344A      3.299657   345A      3.339603  
     346A      3.376777   347A      3.418341   348A      3.433159  
     349A      3.463884   350A      3.464320   351A      3.474406  
     352A      3.489076   353A      3.490647   354A      3.566875  
     355A      3.584226   356A      3.613028   357A      3.633875  
     358A      3.677271   359A      3.735661   360A      3.902915  
     361A      4.022392   362A      4.060152   363A      4.143578  
     364A      4.157818   365A      4.274144   366A      4.416294  
     367A      4.448287   368A      4.658773   369A      4.832814  
     370A      4.937461   371A      4.973454   372A      5.344556  
     373A      5.425384   374A      5.470820   375A      5.514603  
     376A      5.577577   377A      5.742863   378A      6.125538  
     379A     17.999405   380A     18.431074   381A     18.444022  
     382A     19.061322   383A     19.086339   384A     20.804844  

    Final Occupation by Irrep:
              A 
    DOCC [    21 ]

  @DF-RHF Final Energy:  -230.72678117586764

   => Energetics <=

    Nuclear Repulsion Energy =            205.2467882787018993
    One-Electron Energy =                -716.7377939050423947
    Two-Electron Energy =                 280.7642244504728524
    Total Energy =                       -230.7267811758676430

Computation Completed


Properties will be evaluated at   0.000000,   0.000000,   0.000000 [a0]

Properties computed using the SCF density matrix

  Nuclear Dipole Moment: [e a0]
     X:   191.1769      Y:     0.0793      Z:     0.5079

  Electronic Dipole Moment: [e a0]
     X:  -191.1772      Y:    -0.0807      Z:    -0.5111

  Dipole Moment: [e a0]
     X:    -0.0003      Y:    -0.0015      Z:    -0.0032     Total:     0.0035

  Dipole Moment: [D]
     X:    -0.0007      Y:    -0.0037      Z:    -0.0082     Total:     0.0090


*** tstop() called on wanukaka at Wed Apr 20 14:39:38 2022
Module time:
	user time   =     102.82 seconds =       1.71 minutes
	system time =       2.37 seconds =       0.04 minutes
	total time  =         12 seconds =       0.20 minutes
Total time:
	user time   =    1407.13 seconds =      23.45 minutes
	system time =      35.52 seconds =       0.59 minutes
	total time  =        164 seconds =       2.73 minutes

  //>>>>>>>>>>>>>>>>>>>>>>>>>>>>>>>>>>>//
  //            Monomer B HF           //
  //<<<<<<<<<<<<<<<<<<<<<<<<<<<<<<<<<<<//


*** tstart() called on wanukaka
*** at Wed Apr 20 14:39:38 2022

   => Loading Basis Set <=

    Name: AUG-CC-PVDZ
    Role: ORBITAL
    Keyword: BASIS
    atoms 1, 5, 7, 9, 11-13, 17, 19, 21, 23-24 entry H          line    36 file /home/sulstice/software/miniconda2/envs/qmpython2/share/psi4/basis/aug-cc-pvdz.gbs 
    atoms 2-4, 6, 8, 10, 14-16, 18, 20, 22     entry C          line   178 file /home/sulstice/software/miniconda2/envs/qmpython2/share/psi4/basis/aug-cc-pvdz.gbs 


         ---------------------------------------------------------
                                   SCF
               by Justin Turney, Rob Parrish, Andy Simmonett
                          and Daniel G. A. Smith
                              RHF Reference
                       10 Threads,   7629 MiB Core
         ---------------------------------------------------------

  ==> Geometry <==

    Molecular point group: c1
    Full point group: C1

    Geometry (in Angstrom), charge = 0, multiplicity = 1:

       Center              X                  Y                   Z               Mass       
    ------------   -----------------  -----------------  -----------------  -----------------
      Gh(H)           2.408725551103     0.036802492390    -2.482514824532     1.007825032230
      Gh(C)           2.408725551103     0.036802492390    -1.397214824532    12.000000000000
      Gh(C)           2.408725551103    -1.160712636269    -0.711388668255    12.000000000000
      Gh(C)           2.408725551103    -1.194418930388     0.666899246419    12.000000000000
      Gh(H)           2.408725551103    -2.134470902328     1.201839289836     1.007825032230
      Gh(C)           2.408725551103    -0.038806998696     1.420279172705    12.000000000000
      Gh(H)           2.408725551103    -0.051563064668     2.504604143727     1.007825032230
      Gh(C)           2.408725551103     1.159879889259     0.722086087202    12.000000000000
      Gh(H)           2.408725551103     2.085217105068     1.288058813611     1.007825032230
      Gh(C)           2.408725551103     1.203180645497    -0.657434151661    12.000000000000
      Gh(H)           2.408725551103     2.139371258611    -1.203483211652     1.007825032230
      Gh(H)           2.408725551103    -2.068954943957    -1.299085146486     1.007825032230
         H            0.068825551103    -0.000993576070     0.011598809048     1.007825032230
         C           -1.032074448897    -0.000993576070     0.011598809048    12.000000000000
         C           -1.693550019532    -0.000993576070    -1.205117295659    12.000000000000
         C           -3.080483936891    -0.000993576070    -1.218656456598    12.000000000000
         H           -3.595872508035    -0.000993576070    -2.181267609003     1.007825032230
         C           -3.768866536153    -0.000993576070    -0.022493672094    12.000000000000
         H           -4.862495701355    -0.000993576070    -0.010046221708     1.007825032230
         C           -3.124034621797    -0.000993576070     1.200751046770    12.000000000000
         H           -3.714175286244    -0.000993576070     2.122167150474     1.007825032230
         C           -1.754672111734    -0.000993576070     1.192218247166    12.000000000000
         H           -1.239543075713    -0.000993576070     2.135757899883     1.007825032230
         H           -1.093275631614    -0.000993576070    -2.105817256361     1.007825032230

  Running in c1 symmetry.

  Rotational constants: A =      0.06433  B =      0.01566  C =      0.01442 [cm^-1]
  Rotational constants: A =   1928.46532  B =    469.38902  C =    432.22219 [MHz]
  Nuclear repulsion =  205.034910568453142

  Charge       = 0
  Multiplicity = 1
  Electrons    = 42
  Nalpha       = 21
  Nbeta        = 21

  ==> Algorithm <==

  SCF Algorithm Type is DF.
  DIIS enabled.
  MOM disabled.
  Fractional occupation disabled.
  Guess Type is SAD.
  Energy threshold   = 1.00e-08
  Density threshold  = 1.00e-08
  Integral threshold = 0.00e+00

  ==> Primary Basis <==

  Basis Set: AUG-CC-PVDZ
    Blend: AUG-CC-PVDZ
    Number of shells: 168
    Number of basis function: 384
    Number of Cartesian functions: 408
    Spherical Harmonics?: true
    Max angular momentum: 2

   => Loading Basis Set <=

    Name: (AUG-CC-PVDZ AUX)
    Role: JKFIT
    Keyword: DF_BASIS_SCF
    atoms 1, 5, 7, 9, 11-13, 17, 19, 21, 23-24 entry H          line    70 file /home/sulstice/software/miniconda2/envs/qmpython2/share/psi4/basis/aug-cc-pvdz-jkfit.gbs 
    atoms 2-4, 6, 8, 10, 14-16, 18, 20, 22     entry C          line   154 file /home/sulstice/software/miniconda2/envs/qmpython2/share/psi4/basis/aug-cc-pvdz-jkfit.gbs 

  ==> Pre-Iterations <==

   -------------------------------------------------------
    Irrep   Nso     Nmo     Nalpha   Nbeta   Ndocc  Nsocc
   -------------------------------------------------------
     A        384     384       0       0       0       0
   -------------------------------------------------------
    Total     384     384      21      21      21       0
   -------------------------------------------------------

  ==> Integral Setup <==

  ==> DiskDFJK: Density-Fitted J/K Matrices <==

    J tasked:                  Yes
    K tasked:                  Yes
    wK tasked:                  No
    OpenMP threads:             10
    Integrals threads:          10
    Memory [MiB]:             5722
    Algorithm:                Core
    Integral Cache:           LOAD
    Schwarz Cutoff:          1E-12
    Fitting Condition:       1E-10

   => Auxiliary Basis Set <=

  Basis Set: (AUG-CC-PVDZ AUX)
    Blend: AUG-CC-PVDZ-JKFIT
    Number of shells: 480
    Number of basis function: 1416
    Number of Cartesian functions: 1632
    Spherical Harmonics?: true
    Max angular momentum: 3

  Minimum eigenvalue in the overlap matrix is 1.7007857550E-06.
  Using Symmetric Orthogonalization.

  SCF Guess: Superposition of Atomic Densities via on-the-fly atomic UHF.

  ==> Iterations <==

                           Total Energy        Delta E     RMS |[F,P]|

   @DF-RHF iter SAD:  -230.25786777097795   -2.30258e+02   0.00000e+00 
   @DF-RHF iter   1:  -230.54108132207324   -2.83214e-01   1.39069e-03 DIIS
   @DF-RHF iter   2:  -230.68616559851657   -1.45084e-01   6.96949e-04 DIIS
   @DF-RHF iter   3:  -230.72406587945363   -3.79003e-02   1.06497e-04 DIIS
   @DF-RHF iter   4:  -230.72554029581670   -1.47442e-03   1.25878e-05 DIIS
   @DF-RHF iter   5:  -230.72556353090295   -2.32351e-05   3.86146e-06 DIIS
   @DF-RHF iter   6:  -230.72556519691244   -1.66601e-06   1.61916e-06 DIIS
   @DF-RHF iter   7:  -230.72556552848454   -3.31572e-07   4.50042e-07 DIIS
   @DF-RHF iter   8:  -230.72556558478780   -5.63033e-08   2.48759e-07 DIIS
   @DF-RHF iter   9:  -230.72556561105733   -2.62695e-08   1.07520e-07 DIIS
   @DF-RHF iter  10:  -230.72556561676598   -5.70864e-09   2.06105e-08 DIIS
   @DF-RHF iter  11:  -230.72556561687861   -1.12635e-10   5.56954e-09 DIIS
  Energy and wave function converged.


  ==> Post-Iterations <==

    Orbital Energies [Eh]
    ---------------------

    Doubly Occupied:                                                      

       1A    -11.240308     2A    -11.239405     3A    -11.238724  
       4A    -11.238149     5A    -11.237451     6A    -11.235480  
       7A     -1.161043     8A     -1.023803     9A     -1.017563  
      10A     -0.828526    11A     -0.823933    12A     -0.711663  
      13A     -0.638532    14A     -0.625476    15A     -0.592505  
      16A     -0.582129    17A     -0.507580    18A     -0.499011  
      19A     -0.486269    20A     -0.340710    21A     -0.337220  

    Virtual:                                                              

      22A      0.022218    23A      0.035132    24A      0.037993  
      25A      0.038783    26A      0.048746    27A      0.052933  
      28A      0.057756    29A      0.059038    30A      0.073097  
      31A      0.074291    32A      0.077662    33A      0.082888  
      34A      0.099742    35A      0.103510    36A      0.106841  
      37A      0.110758    38A      0.110982    39A      0.111380  
      40A      0.119941    41A      0.133186    42A      0.133638  
      43A      0.141965    44A      0.143555    45A      0.147574  
      46A      0.148269    47A      0.148454    48A      0.151009  
      49A      0.155297    50A      0.165585    51A      0.166975  
      52A      0.172467    53A      0.174799    54A      0.176909  
      55A      0.181699    56A      0.184133    57A      0.187052  
      58A      0.189904    59A      0.190194    60A      0.190528  
      61A      0.197891    62A      0.202469    63A      0.207110  
      64A      0.215491    65A      0.225429    66A      0.229366  
      67A      0.230160    68A      0.230317    69A      0.236529  
      70A      0.238875    71A      0.239539    72A      0.249993  
      73A      0.257957    74A      0.270674    75A      0.278877  
      76A      0.287436    77A      0.290797    78A      0.303814  
      79A      0.322266    80A      0.325159    81A      0.329253  
      82A      0.332458    83A      0.340608    84A      0.342602  
      85A      0.345488    86A      0.357332    87A      0.363577  
      88A      0.364639    89A      0.369128    90A      0.373891  
      91A      0.378020    92A      0.392129    93A      0.394062  
      94A      0.403983    95A      0.406963    96A      0.408467  
      97A      0.415397    98A      0.419623    99A      0.429502  
     100A      0.431654   101A      0.435413   102A      0.436860  
     103A      0.439185   104A      0.447969   105A      0.454688  
     106A      0.457169   107A      0.469837   108A      0.473891  
     109A      0.478881   110A      0.486688   111A      0.495975  
     112A      0.499080   113A      0.508721   114A      0.516997  
     115A      0.518786   116A      0.523222   117A      0.525645  
     118A      0.535704   119A      0.549041   120A      0.549542  
     121A      0.554998   122A      0.559937   123A      0.568073  
     124A      0.581083   125A      0.582457   126A      0.599505  
     127A      0.600321   128A      0.604228   129A      0.610707  
     130A      0.611250   131A      0.618304   132A      0.630875  
     133A      0.634787   134A      0.636790   135A      0.643818  
     136A      0.647536   137A      0.659896   138A      0.669636  
     139A      0.672757   140A      0.674682   141A      0.679707  
     142A      0.687766   143A      0.694224   144A      0.696839  
     145A      0.705689   146A      0.708914   147A      0.714709  
     148A      0.720708   149A      0.722654   150A      0.727698  
     151A      0.730197   152A      0.751490   153A      0.759416  
     154A      0.763626   155A      0.766129   156A      0.768182  
     157A      0.786051   158A      0.788869   159A      0.789900  
     160A      0.795572   161A      0.804965   162A      0.808926  
     163A      0.810458   164A      0.849340   165A      0.852176  
     166A      0.861221   167A      0.865461   168A      0.865712  
     169A      0.872097   170A      0.873188   171A      0.878311  
     172A      0.882469   173A      0.894427   174A      0.895958  
     175A      0.906255   176A      0.906286   177A      0.910980  
     178A      0.924276   179A      0.930428   180A      0.934055  
     181A      0.938894   182A      0.940298   183A      0.945344  
     184A      0.955670   185A      0.957930   186A      0.958368  
     187A      0.962432   188A      0.972933   189A      0.993963  
     190A      0.995943   191A      1.001546   192A      1.003898  
     193A      1.013557   194A      1.027213   195A      1.030540  
     196A      1.031441   197A      1.038489   198A      1.060349  
     199A      1.063996   200A      1.073252   201A      1.074229  
     202A      1.096261   203A      1.113067   204A      1.120906  
     205A      1.123037   206A      1.135356   207A      1.140519  
     208A      1.161442   209A      1.169852   210A      1.192235  
     211A      1.207155   212A      1.209434   213A      1.216653  
     214A      1.217963   215A      1.234674   216A      1.242797  
     217A      1.263509   218A      1.276234   219A      1.312360  
     220A      1.350767   221A      1.382816   222A      1.405841  
     223A      1.410369   224A      1.413399   225A      1.467073  
     226A      1.467717   227A      1.490998   228A      1.493764  
     229A      1.497276   230A      1.508618   231A      1.518875  
     232A      1.547496   233A      1.570490   234A      1.575584  
     235A      1.576927   236A      1.594642   237A      1.601195  
     238A      1.631726   239A      1.646020   240A      1.663700  
     241A      1.671419   242A      1.697973   243A      1.714334  
     244A      1.714440   245A      1.725158   246A      1.728674  
     247A      1.745698   248A      1.782197   249A      1.800300  
     250A      1.808409   251A      1.825378   252A      1.857366  
     253A      1.898137   254A      1.903319   255A      1.915048  
     256A      1.938356   257A      1.960668   258A      1.976336  
     259A      1.989769   260A      1.998911   261A      2.014660  
     262A      2.019984   263A      2.035813   264A      2.070503  
     265A      2.096436   266A      2.097956   267A      2.107937  
     268A      2.129974   269A      2.135179   270A      2.151629  
     271A      2.154819   272A      2.165934   273A      2.192721  
     274A      2.217998   275A      2.219822   276A      2.231798  
     277A      2.238487   278A      2.249018   279A      2.254435  
     280A      2.262590   281A      2.267934   282A      2.270437  
     283A      2.278504   284A      2.281018   285A      2.306162  
     286A      2.320248   287A      2.322808   288A      2.330035  
     289A      2.355625   290A      2.366544   291A      2.368518  
     292A      2.374514   293A      2.386966   294A      2.393102  
     295A      2.426347   296A      2.430950   297A      2.451020  
     298A      2.455702   299A      2.471292   300A      2.486212  
     301A      2.498823   302A      2.519032   303A      2.521824  
     304A      2.544249   305A      2.553233   306A      2.584799  
     307A      2.591748   308A      2.602874   309A      2.603327  
     310A      2.646524   311A      2.655704   312A      2.659392  
     313A      2.663584   314A      2.692326   315A      2.703997  
     316A      2.725812   317A      2.730762   318A      2.749726  
     319A      2.753156   320A      2.781686   321A      2.789917  
     322A      2.804853   323A      2.822354   324A      2.865409  
     325A      2.874870   326A      2.876131   327A      2.886577  
     328A      2.890982   329A      2.934874   330A      2.942097  
     331A      2.957732   332A      2.966491   333A      2.975890  
     334A      2.988093   335A      2.998223   336A      3.050428  
     337A      3.087055   338A      3.183362   339A      3.199707  
     340A      3.215735   341A      3.275855   342A      3.289373  
     343A      3.308477   344A      3.309787   345A      3.377725  
     346A      3.414660   347A      3.454723   348A      3.460281  
     349A      3.463328   350A      3.466899   351A      3.505664  
     352A      3.515661   353A      3.561796   354A      3.604614  
     355A      3.637129   356A      3.681771   357A      3.740196  
     358A      3.795289   359A      3.825578   360A      3.938370  
     361A      4.004942   362A      4.025284   363A      4.051996  
     364A      4.099991   365A      4.137890   366A      4.476863  
     367A      4.485938   368A      4.687446   369A      4.892236  
     370A      4.907247   371A      4.931270   372A      5.308911  
     373A      5.432827   374A      5.505021   375A      5.516885  
     376A      5.546096   377A      5.739350   378A      6.108451  
     379A     18.021807   380A     18.390678   381A     18.427279  
     382A     19.030059   383A     19.044480   384A     20.735838  

    Final Occupation by Irrep:
              A 
    DOCC [    21 ]

  @DF-RHF Final Energy:  -230.72556561687861

   => Energetics <=

    Nuclear Repulsion Energy =            205.0349105684531423
    One-Electron Energy =                -716.3099829710718041
    Two-Electron Energy =                 280.5495067857400500
    Total Energy =                       -230.7255656168786118

Computation Completed


Properties will be evaluated at   0.000000,   0.000000,   0.000000 [a0]

Properties computed using the SCF density matrix

  Nuclear Dipole Moment: [e a0]
     X:  -191.1621      Y:    -0.0789      Z:    -0.5250

  Electronic Dipole Moment: [e a0]
     X:   191.1652      Y:     0.0789      Z:     0.5287

  Dipole Moment: [e a0]
     X:     0.0031      Y:     0.0000      Z:     0.0037     Total:     0.0048

  Dipole Moment: [D]
     X:     0.0078      Y:     0.0000      Z:     0.0094     Total:     0.0122


*** tstop() called on wanukaka at Wed Apr 20 14:39:50 2022
Module time:
	user time   =     100.94 seconds =       1.68 minutes
	system time =       2.34 seconds =       0.04 minutes
	total time  =         12 seconds =       0.20 minutes
Total time:
	user time   =    1508.10 seconds =      25.14 minutes
	system time =      37.86 seconds =       0.63 minutes
	total time  =        176 seconds =       2.93 minutes
  Constructing Basis Sets for SAPT...

   => Loading Basis Set <=

    Name: (AUG-CC-PVDZ AUX)
    Role: RIFIT
    Keyword: DF_BASIS_SAPT
    atoms 1, 5, 7, 9, 11-13, 17, 19, 21, 23-24 entry H          line    30 file /home/sulstice/software/miniconda2/envs/qmpython2/share/psi4/basis/aug-cc-pvdz-ri.gbs 
    atoms 2-4, 6, 8, 10, 14-16, 18, 20, 22     entry C          line   112 file /home/sulstice/software/miniconda2/envs/qmpython2/share/psi4/basis/aug-cc-pvdz-ri.gbs 


  //>>>>>>>>>>>>>>>>>>>>>>>>>>>>>>>>>>>//
  //               SAPT0               //
  //<<<<<<<<<<<<<<<<<<<<<<<<<<<<<<<<<<<//


*** tstart() called on wanukaka
*** at Wed Apr 20 14:39:50 2022

        SAPT0  
    Ed Hohenstein
     6 June 2009

      Orbital Information
  --------------------------
    NSO        =       384
    NMO        =       384
    NRI        =      1140
    NOCC A     =        21
    NOCC B     =        21
    FOCC A     =         0
    FOCC B     =         0
    NVIR A     =       363
    NVIR B     =       363

    Elst10,r            =    -0.004018017949 [Eh]
    Exch10              =     0.009053617935 [Eh]
    Exch10 (S^2)        =     0.008998557425 [Eh]

    Iter     Energy [mEh]          dE [mEh]         Residual      Time [s]
       1      -0.79801336       0.798013358       4.713874988             0
       2      -0.92524480       0.127231440       1.685320614             1
       3      -0.96471218       0.039467380       0.257434911             2
       4      -0.96328963      -0.001422552       0.094030378             2
       5      -0.96225688      -0.001032748       0.023454926             3
       6      -0.96228405       0.000027171       0.009262830             3
       7      -0.96236943       0.000085385       0.003286405             4
       8      -0.96235605      -0.000013384       0.001533113             4
       9      -0.96235160      -0.000004444       0.000372179             5
      10      -0.96235392       0.000002315       0.000121181             5
      11      -0.96235391      -0.000000007       0.000043552             6
      12      -0.96235369      -0.000000221       0.000010178             6
      13      -0.96235370       0.000000007       0.000003968             7
      14      -0.96235371       0.000000014       0.000000767             7

    CHF Iterations converged


    Iter     Energy [mEh]          dE [mEh]         Residual      Time [s]
       1      -1.20259945       1.202599452       5.901648590             1
       2      -1.34692185       0.144322394       2.345827424             1
       3      -1.43820443       0.091282584       0.289928275             2
       4      -1.43725823      -0.000946203       0.142626663             2
       5      -1.43595340      -0.001304826       0.057896790             3
       6      -1.43627321       0.000319805       0.022567220             4
       7      -1.43639444       0.000121228       0.007807126             4
       8      -1.43636612      -0.000028316       0.002722256             5
       9      -1.43634942      -0.000016698       0.000764660             5
      10      -1.43635034       0.000000923       0.000242723             6
      11      -1.43635232       0.000001978       0.000052848             6
      12      -1.43635200      -0.000000321       0.000012851             7
      13      -1.43635199      -0.000000011       0.000003804             7
      14      -1.43635200       0.000000013       0.000000897             8

    CHF Iterations converged

    Ind20,r (A<-B)      =    -0.000962353713 [Eh]
    Ind20,r (B<-A)      =    -0.001436352003 [Eh]
    Ind20,r             =    -0.002398705716 [Eh]
    Exch-Ind20,r (A<-B) =     0.000627093966 [Eh]
    Exch-Ind20,r (B<-A) =     0.001265520645 [Eh]
    Exch-Ind20,r        =     0.001892614611 [Eh]
    Disp20              =    -0.010469175442 [Eh]
    Disp20 (SS)         =    -0.005234587721 [Eh]
    Disp20 (OS)         =    -0.005234587721 [Eh]
    Exch-Disp20         =     0.001185406729 [Eh]
    Exch-Disp20 (SS)    =     0.000741507057 [Eh]
    Exch-Disp20 (OS)    =     0.000443899672 [Eh]

    SAPT Results 
  --------------------------------------------------------------------------------------------------------
    Electrostatics                 -4.01801795 [mEh]      -2.52134433 [kcal/mol]     -10.54930467 [kJ/mol]
      Elst10,r                     -4.01801795 [mEh]      -2.52134433 [kcal/mol]     -10.54930467 [kJ/mol]

    Exchange                        9.05361793 [mEh]       5.68123103 [kcal/mol]      23.77027061 [kJ/mol]
      Exch10                        9.05361793 [mEh]       5.68123103 [kcal/mol]      23.77027061 [kJ/mol]
      Exch10(S^2)                   8.99855742 [mEh]       5.64668003 [kcal/mol]      23.62570926 [kJ/mol]

    Induction                      -1.32433612 [mEh]      -0.83103346 [kcal/mol]      -3.47704400 [kJ/mol]
      Ind20,r                      -2.39870572 [mEh]      -1.50521056 [kcal/mol]      -6.29780099 [kJ/mol]
      Exch-Ind20,r                  1.89261461 [mEh]       1.18763360 [kcal/mol]       4.96905898 [kJ/mol]
      delta HF,r (2)               -0.81824501 [mEh]      -0.51345650 [kcal/mol]      -2.14830199 [kJ/mol]

    Dispersion                     -9.28376871 [mEh]      -5.82565282 [kcal/mol]     -24.37453140 [kJ/mol]
      Disp20                      -10.46917544 [mEh]      -6.56950677 [kcal/mol]     -27.48681634 [kJ/mol]
      Exch-Disp20                   1.18540673 [mEh]       0.74385395 [kcal/mol]       3.11228494 [kJ/mol]
      Disp20 (SS)                  -5.23458772 [mEh]      -3.28475339 [kcal/mol]     -13.74340817 [kJ/mol]
      Disp20 (OS)                  -5.23458772 [mEh]      -3.28475339 [kcal/mol]     -13.74340817 [kJ/mol]
      Exch-Disp20 (SS)              0.74150706 [mEh]       0.46530270 [kcal/mol]       1.94682651 [kJ/mol]
      Exch-Disp20 (OS)              0.44389967 [mEh]       0.27855125 [kcal/mol]       1.16545843 [kJ/mol]

  Total HF                          3.71126387 [mEh]       2.32885324 [kcal/mol]       9.74392194 [kJ/mol]
  Total SAPT0                      -5.57250485 [mEh]      -3.49679958 [kcal/mol]     -14.63060946 [kJ/mol]

  Special recipe for scaled SAPT0 (see Manual):
    Electrostatics sSAPT0          -4.01801795 [mEh]      -2.52134433 [kcal/mol]     -10.54930467 [kJ/mol]
    Exchange sSAPT0                 9.05361793 [mEh]       5.68123103 [kcal/mol]      23.77027061 [kJ/mol]
    Induction sSAPT0               -1.28938143 [mEh]      -0.80909906 [kcal/mol]      -3.38527048 [kJ/mol]
    Dispersion sSAPT0              -9.26187544 [mEh]      -5.81191459 [kcal/mol]     -24.31705063 [kJ/mol]
  Total sSAPT0                     -5.51565689 [mEh]      -3.46112695 [kcal/mol]     -14.48135516 [kJ/mol]
  --------------------------------------------------------------------------------------------------------

*** tstop() called on wanukaka at Wed Apr 20 14:40:33 2022
Module time:
	user time   =     325.09 seconds =       5.42 minutes
	system time =      23.35 seconds =       0.39 minutes
	total time  =         43 seconds =       0.72 minutes
Total time:
	user time   =    1834.46 seconds =      30.57 minutes
	system time =      61.31 seconds =       1.02 minutes
	total time  =        219 seconds =       3.65 minutes


Warning! sapt0 does not have an associated derived wavefunction.The returned wavefunction is the dimer SCF wavefunction.

