
  //>>>>>>>>>>>>>>>>>>>>>>>>>>>>>>>>>>>//
  //              Dimer HF             //
  //<<<<<<<<<<<<<<<<<<<<<<<<<<<<<<<<<<<//


*** tstart() called on wanukaka
*** at Wed Apr 20 14:37:01 2022

   => Loading Basis Set <=

    Name: AUG-CC-PVDZ
    Role: ORBITAL
    Keyword: BASIS
    atoms 1, 4     entry O          line   250 file /home/sulstice/software/miniconda2/envs/qmpython2/share/psi4/basis/aug-cc-pvdz.gbs 
    atoms 2-3, 5-6 entry H          line    36 file /home/sulstice/software/miniconda2/envs/qmpython2/share/psi4/basis/aug-cc-pvdz.gbs 


         ---------------------------------------------------------
                                   SCF
               by Justin Turney, Rob Parrish, Andy Simmonett
                          and Daniel G. A. Smith
                              RHF Reference
                       10 Threads,   7629 MiB Core
         ---------------------------------------------------------

  ==> Geometry <==

    Molecular point group: c1
    Full point group: C1

    Geometry (in Angstrom), charge = 0, multiplicity = 1:

       Center              X                  Y                   Z               Mass       
    ------------   -----------------  -----------------  -----------------  -----------------
         O           -1.557023817514    -0.250000000000     0.020626414764    15.994914619570
         H           -0.798421817514    -0.250000000000     0.524910414764     1.007825032230
         H           -1.296568817514    -0.250000000000    -0.852266585236     1.007825032230
         O            1.442976182486     0.250000000000     0.020626414764    15.994914619570
         H            2.201578182486     0.250000000000     0.524910414764     1.007825032230
         H            1.703431182486     0.250000000000    -0.852266585236     1.007825032230

  Running in c1 symmetry.

  Rotational constants: A =      8.17132  B =      0.19955  C =      0.19493 [cm^-1]
  Rotational constants: A = 244969.97191  B =   5982.35581  C =   5843.76783 [MHz]
  Nuclear repulsion =   36.716387362214071

  Charge       = 0
  Multiplicity = 1
  Electrons    = 20
  Nalpha       = 10
  Nbeta        = 10

  ==> Algorithm <==

  SCF Algorithm Type is DF.
  DIIS enabled.
  MOM disabled.
  Fractional occupation disabled.
  Guess Type is SAD.
  Energy threshold   = 1.00e-08
  Density threshold  = 1.00e-08
  Integral threshold = 0.00e+00

  ==> Primary Basis <==

  Basis Set: AUG-CC-PVDZ
    Blend: AUG-CC-PVDZ
    Number of shells: 38
    Number of basis function: 82
    Number of Cartesian functions: 86
    Spherical Harmonics?: true
    Max angular momentum: 2

   => Loading Basis Set <=

    Name: (AUG-CC-PVDZ AUX)
    Role: JKFIT
    Keyword: DF_BASIS_SCF
    atoms 1, 4     entry O          line   270 file /home/sulstice/software/miniconda2/envs/qmpython2/share/psi4/basis/aug-cc-pvdz-jkfit.gbs 
    atoms 2-3, 5-6 entry H          line    70 file /home/sulstice/software/miniconda2/envs/qmpython2/share/psi4/basis/aug-cc-pvdz-jkfit.gbs 

  ==> Pre-Iterations <==

   -------------------------------------------------------
    Irrep   Nso     Nmo     Nalpha   Nbeta   Ndocc  Nsocc
   -------------------------------------------------------
     A         82      82       0       0       0       0
   -------------------------------------------------------
    Total      82      82      10      10      10       0
   -------------------------------------------------------

  ==> Integral Setup <==

  ==> DiskDFJK: Density-Fitted J/K Matrices <==

    J tasked:                  Yes
    K tasked:                  Yes
    wK tasked:                  No
    OpenMP threads:             10
    Integrals threads:          10
    Memory [MiB]:             5722
    Algorithm:                Core
    Integral Cache:           SAVE
    Schwarz Cutoff:          1E-12
    Fitting Condition:       1E-10

   => Auxiliary Basis Set <=

  Basis Set: (AUG-CC-PVDZ AUX)
    Blend: AUG-CC-PVDZ-JKFIT
    Number of shells: 104
    Number of basis function: 300
    Number of Cartesian functions: 342
    Spherical Harmonics?: true
    Max angular momentum: 3

  Minimum eigenvalue in the overlap matrix is 1.8543491187E-03.
  Using Symmetric Orthogonalization.

  SCF Guess: Superposition of Atomic Densities via on-the-fly atomic UHF.

  ==> Iterations <==

                           Total Energy        Delta E     RMS |[F,P]|

   @DF-RHF iter SAD:  -151.07248384215796   -1.51072e+02   0.00000e+00 
   @DF-RHF iter   1:  -151.92368103969207   -8.51197e-01   7.74193e-03 DIIS
   @DF-RHF iter   2:  -152.03137577347360   -1.07695e-01   4.64792e-03 DIIS
   @DF-RHF iter   3:  -152.08093683612250   -4.95611e-02   3.54416e-04 DIIS
   @DF-RHF iter   4:  -152.08160462293358   -6.67787e-04   6.73422e-05 DIIS
   @DF-RHF iter   5:  -152.08163059764576   -2.59747e-05   1.43236e-05 DIIS
   @DF-RHF iter   6:  -152.08163239326805   -1.79562e-06   3.22144e-06 DIIS
   @DF-RHF iter   7:  -152.08163246695170   -7.36837e-08   1.48033e-06 DIIS
   @DF-RHF iter   8:  -152.08163247755843   -1.06067e-08   2.79492e-07 DIIS
   @DF-RHF iter   9:  -152.08163247821909   -6.60663e-10   4.44806e-08 DIIS
   @DF-RHF iter  10:  -152.08163247823421   -1.51203e-11   1.11965e-08 DIIS
   @DF-RHF iter  11:  -152.08163247823487   -6.53699e-13   2.19458e-09 DIIS
  Energy and wave function converged.


  ==> Post-Iterations <==

    Orbital Energies [Eh]
    ---------------------

    Doubly Occupied:                                                      

       1A    -20.587415     2A    -20.542853     3A     -1.400598  
       4A     -1.355649     5A     -0.770996     6A     -0.727621  
       7A     -0.617181     8A     -0.562408     9A     -0.533262  
      10A     -0.488909  

    Virtual:                                                              

      11A      0.026831    12A      0.048580    13A      0.065747  
      14A      0.082361    15A      0.170602    16A      0.184012  
      17A      0.202640    18A      0.210323    19A      0.230151  
      20A      0.256614    21A      0.264792    22A      0.269614  
      23A      0.300108    24A      0.336636    25A      0.359636  
      26A      0.372041    27A      0.406765    28A      0.418597  
      29A      0.443043    30A      0.492872    31A      0.519379  
      32A      0.524035    33A      0.551179    34A      0.609248  
      35A      0.641448    36A      0.659987    37A      0.690854  
      38A      0.724020    39A      0.851684    40A      0.925830  
      41A      0.965844    42A      0.987102    43A      1.082322  
      44A      1.117583    45A      1.128290    46A      1.138004  
      47A      1.189051    48A      1.205239    49A      1.334441  
      50A      1.446199    51A      1.493035    52A      1.519288  
      53A      1.563464    54A      1.590595    55A      1.671167  
      56A      1.827919    57A      2.029535    58A      2.042205  
      59A      2.074939    60A      2.087711    61A      2.148066  
      62A      2.164206    63A      2.387151    64A      2.522211  
      65A      2.577545    66A      2.596970    67A      2.716334  
      68A      2.765853    69A      2.780666    70A      2.904363  
      71A      2.975460    72A      3.015996    73A      3.665677  
      74A      3.696307    75A      3.698316    76A      3.712258  
      77A      3.752838    78A      3.798655    79A      4.127509  
      80A      4.212974    81A      4.414801    82A      4.442395  

    Final Occupation by Irrep:
              A 
    DOCC [    10 ]

  @DF-RHF Final Energy:  -152.08163247823487

   => Energetics <=

    Nuclear Repulsion Energy =             36.7163873622140713
    One-Electron Energy =                -282.4222545431762228
    Two-Electron Energy =                  93.6242347027272928
    Total Energy =                       -152.0816324782348374

Computation Completed


Properties will be evaluated at   0.000000,   0.000000,   0.000000 [a0]

Properties computed using the SCF density matrix

  Nuclear Dipole Moment: [e a0]
     X:     1.6963      Y:     0.0000      Z:    -0.6136

  Electronic Dipole Moment: [e a0]
     X:    -0.1624      Y:     0.0275      Z:     0.1179

  Dipole Moment: [e a0]
     X:     1.5339      Y:     0.0275      Z:    -0.4956     Total:     1.6122

  Dipole Moment: [D]
     X:     3.8988      Y:     0.0700      Z:    -1.2598     Total:     4.0978


*** tstop() called on wanukaka at Wed Apr 20 14:37:02 2022
Module time:
	user time   =       6.96 seconds =       0.12 minutes
	system time =       0.36 seconds =       0.01 minutes
	total time  =          1 seconds =       0.02 minutes
Total time:
	user time   =      66.13 seconds =       1.10 minutes
	system time =       3.17 seconds =       0.05 minutes
	total time  =          8 seconds =       0.13 minutes

  //>>>>>>>>>>>>>>>>>>>>>>>>>>>>>>>>>>>//
  //            Monomer A HF           //
  //<<<<<<<<<<<<<<<<<<<<<<<<<<<<<<<<<<<//


*** tstart() called on wanukaka
*** at Wed Apr 20 14:37:02 2022

   => Loading Basis Set <=

    Name: AUG-CC-PVDZ
    Role: ORBITAL
    Keyword: BASIS
    atoms 1, 4     entry O          line   250 file /home/sulstice/software/miniconda2/envs/qmpython2/share/psi4/basis/aug-cc-pvdz.gbs 
    atoms 2-3, 5-6 entry H          line    36 file /home/sulstice/software/miniconda2/envs/qmpython2/share/psi4/basis/aug-cc-pvdz.gbs 


         ---------------------------------------------------------
                                   SCF
               by Justin Turney, Rob Parrish, Andy Simmonett
                          and Daniel G. A. Smith
                              RHF Reference
                       10 Threads,   7629 MiB Core
         ---------------------------------------------------------

  ==> Geometry <==

    Molecular point group: c1
    Full point group: C1

    Geometry (in Angstrom), charge = 0, multiplicity = 1:

       Center              X                  Y                   Z               Mass       
    ------------   -----------------  -----------------  -----------------  -----------------
         O           -1.557023817514    -0.250000000000     0.020626414764    15.994914619570
         H           -0.798421817514    -0.250000000000     0.524910414764     1.007825032230
         H           -1.296568817514    -0.250000000000    -0.852266585236     1.007825032230
      Gh(O)           1.442976182486     0.250000000000     0.020626414764    15.994914619570
      Gh(H)           2.201578182486     0.250000000000     0.524910414764     1.007825032230
      Gh(H)           1.703431182486     0.250000000000    -0.852266585236     1.007825032230

  Running in c1 symmetry.

  Rotational constants: A =      8.17132  B =      0.19955  C =      0.19493 [cm^-1]
  Rotational constants: A = 244969.97191  B =   5982.35581  C =   5843.76783 [MHz]
  Nuclear repulsion =    9.656131623369420

  Charge       = 0
  Multiplicity = 1
  Electrons    = 10
  Nalpha       = 5
  Nbeta        = 5

  ==> Algorithm <==

  SCF Algorithm Type is DF.
  DIIS enabled.
  MOM disabled.
  Fractional occupation disabled.
  Guess Type is SAD.
  Energy threshold   = 1.00e-08
  Density threshold  = 1.00e-08
  Integral threshold = 0.00e+00

  ==> Primary Basis <==

  Basis Set: AUG-CC-PVDZ
    Blend: AUG-CC-PVDZ
    Number of shells: 38
    Number of basis function: 82
    Number of Cartesian functions: 86
    Spherical Harmonics?: true
    Max angular momentum: 2

   => Loading Basis Set <=

    Name: (AUG-CC-PVDZ AUX)
    Role: JKFIT
    Keyword: DF_BASIS_SCF
    atoms 1, 4     entry O          line   270 file /home/sulstice/software/miniconda2/envs/qmpython2/share/psi4/basis/aug-cc-pvdz-jkfit.gbs 
    atoms 2-3, 5-6 entry H          line    70 file /home/sulstice/software/miniconda2/envs/qmpython2/share/psi4/basis/aug-cc-pvdz-jkfit.gbs 

  ==> Pre-Iterations <==

   -------------------------------------------------------
    Irrep   Nso     Nmo     Nalpha   Nbeta   Ndocc  Nsocc
   -------------------------------------------------------
     A         82      82       0       0       0       0
   -------------------------------------------------------
    Total      82      82       5       5       5       0
   -------------------------------------------------------

  ==> Integral Setup <==

  ==> DiskDFJK: Density-Fitted J/K Matrices <==

    J tasked:                  Yes
    K tasked:                  Yes
    wK tasked:                  No
    OpenMP threads:             10
    Integrals threads:          10
    Memory [MiB]:             5722
    Algorithm:                Core
    Integral Cache:           LOAD
    Schwarz Cutoff:          1E-12
    Fitting Condition:       1E-10

   => Auxiliary Basis Set <=

  Basis Set: (AUG-CC-PVDZ AUX)
    Blend: AUG-CC-PVDZ-JKFIT
    Number of shells: 104
    Number of basis function: 300
    Number of Cartesian functions: 342
    Spherical Harmonics?: true
    Max angular momentum: 3

  Minimum eigenvalue in the overlap matrix is 1.8543491187E-03.
  Using Symmetric Orthogonalization.

  SCF Guess: Superposition of Atomic Densities via on-the-fly atomic UHF.

  ==> Iterations <==

                           Total Energy        Delta E     RMS |[F,P]|

   @DF-RHF iter SAD:   -75.51510324733830   -7.55151e+01   0.00000e+00 
   @DF-RHF iter   1:   -75.95678195774644   -4.41679e-01   5.58993e-03 DIIS
   @DF-RHF iter   2:   -76.01173633245459   -5.49544e-02   3.44423e-03 DIIS
   @DF-RHF iter   3:   -76.03905675103567   -2.73204e-02   2.48806e-04 DIIS
   @DF-RHF iter   4:   -76.03938340226425   -3.26651e-04   4.95612e-05 DIIS
   @DF-RHF iter   5:   -76.03939729144533   -1.38892e-05   1.03578e-05 DIIS
   @DF-RHF iter   6:   -76.03939825251796   -9.61073e-07   2.04160e-06 DIIS
   @DF-RHF iter   7:   -76.03939829440220   -4.18842e-08   3.74853e-07 DIIS
   @DF-RHF iter   8:   -76.03939829577745   -1.37524e-09   5.53189e-08 DIIS
   @DF-RHF iter   9:   -76.03939829580210   -2.46558e-11   1.28038e-08 DIIS
   @DF-RHF iter  10:   -76.03939829580327   -1.16529e-12   1.72924e-09 DIIS
  Energy and wave function converged.


  ==> Post-Iterations <==

    Orbital Energies [Eh]
    ---------------------

    Doubly Occupied:                                                      

       1A    -20.568092     2A     -1.380075     3A     -0.750782  
       4A     -0.589431     5A     -0.512866  

    Virtual:                                                              

       6A      0.025091     7A      0.049401     8A      0.061258  
       9A      0.081180    10A      0.136338    11A      0.139713  
      12A      0.182963    13A      0.188559    14A      0.213629  
      15A      0.246879    16A      0.247945    17A      0.260712  
      18A      0.323163    19A      0.349506    20A      0.377341  
      21A      0.394539    22A      0.418807    23A      0.429245  
      24A      0.450899    25A      0.468552    26A      0.480385  
      27A      0.490170    28A      0.528528    29A      0.565325  
      30A      0.581515    31A      0.599963    32A      0.669227  
      33A      0.711263    34A      0.864969    35A      0.901415  
      36A      0.961401    37A      1.067667    38A      1.080897  
      39A      1.100299    40A      1.127483    41A      1.174848  
      42A      1.205581    43A      1.270846    44A      1.302745  
      45A      1.310629    46A      1.330290    47A      1.409230  
      48A      1.488452    49A      1.527861    50A      1.581095  
      51A      1.660507    52A      2.046655    53A      2.061161  
      54A      2.093129    55A      2.136954    56A      2.329541  
      57A      2.416434    58A      2.470463    59A      2.491901  
      60A      2.567105    61A      2.602062    62A      2.744982  
      63A      2.793303    64A      2.884124    65A      2.993146  
      66A      3.583724    67A      3.676496    68A      3.701999  
      69A      3.730986    70A      3.973754    71A      4.030450  
      72A      4.192686    73A      4.414657    74A      4.887227  
      75A      4.968224    76A      5.028630    77A      5.134307  
      78A      5.376776    79A      5.638622    80A      6.905581  
      81A      7.439687    82A     33.562968  

    Final Occupation by Irrep:
              A 
    DOCC [     5 ]

  @DF-RHF Final Energy:   -76.03939829580327

   => Energetics <=

    Nuclear Repulsion Energy =              9.6561316233694203
    One-Electron Energy =                -123.7885667714685098
    Two-Electron Energy =                  38.0930368522958105
    Total Energy =                        -76.0393982958032808

Computation Completed


Properties will be evaluated at   0.000000,   0.000000,   0.000000 [a0]

Properties computed using the SCF density matrix

  Nuclear Dipole Moment: [e a0]
     X:   -27.4977      Y:    -4.7243      Z:    -0.3068

  Electronic Dipole Moment: [e a0]
     X:    28.2072      Y:     4.7247      Z:     0.0504

  Dipole Moment: [e a0]
     X:     0.7094      Y:     0.0003      Z:    -0.2563     Total:     0.7543

  Dipole Moment: [D]
     X:     1.8032      Y:     0.0009      Z:    -0.6516     Total:     1.9173


*** tstop() called on wanukaka at Wed Apr 20 14:37:02 2022
Module time:
	user time   =       5.08 seconds =       0.08 minutes
	system time =       0.22 seconds =       0.00 minutes
	total time  =          0 seconds =       0.00 minutes
Total time:
	user time   =      71.23 seconds =       1.19 minutes
	system time =       3.39 seconds =       0.06 minutes
	total time  =          8 seconds =       0.13 minutes

  //>>>>>>>>>>>>>>>>>>>>>>>>>>>>>>>>>>>//
  //            Monomer B HF           //
  //<<<<<<<<<<<<<<<<<<<<<<<<<<<<<<<<<<<//


*** tstart() called on wanukaka
*** at Wed Apr 20 14:37:02 2022

   => Loading Basis Set <=

    Name: AUG-CC-PVDZ
    Role: ORBITAL
    Keyword: BASIS
    atoms 1, 4     entry O          line   250 file /home/sulstice/software/miniconda2/envs/qmpython2/share/psi4/basis/aug-cc-pvdz.gbs 
    atoms 2-3, 5-6 entry H          line    36 file /home/sulstice/software/miniconda2/envs/qmpython2/share/psi4/basis/aug-cc-pvdz.gbs 


         ---------------------------------------------------------
                                   SCF
               by Justin Turney, Rob Parrish, Andy Simmonett
                          and Daniel G. A. Smith
                              RHF Reference
                       10 Threads,   7629 MiB Core
         ---------------------------------------------------------

  ==> Geometry <==

    Molecular point group: c1
    Full point group: C1

    Geometry (in Angstrom), charge = 0, multiplicity = 1:

       Center              X                  Y                   Z               Mass       
    ------------   -----------------  -----------------  -----------------  -----------------
      Gh(O)          -1.557023817514    -0.250000000000     0.020626414764    15.994914619570
      Gh(H)          -0.798421817514    -0.250000000000     0.524910414764     1.007825032230
      Gh(H)          -1.296568817514    -0.250000000000    -0.852266585236     1.007825032230
         O            1.442976182486     0.250000000000     0.020626414764    15.994914619570
         H            2.201578182486     0.250000000000     0.524910414764     1.007825032230
         H            1.703431182486     0.250000000000    -0.852266585236     1.007825032230

  Running in c1 symmetry.

  Rotational constants: A =      8.17132  B =      0.19955  C =      0.19493 [cm^-1]
  Rotational constants: A = 244969.97191  B =   5982.35581  C =   5843.76783 [MHz]
  Nuclear repulsion =    9.656131623369419

  Charge       = 0
  Multiplicity = 1
  Electrons    = 10
  Nalpha       = 5
  Nbeta        = 5

  ==> Algorithm <==

  SCF Algorithm Type is DF.
  DIIS enabled.
  MOM disabled.
  Fractional occupation disabled.
  Guess Type is SAD.
  Energy threshold   = 1.00e-08
  Density threshold  = 1.00e-08
  Integral threshold = 0.00e+00

  ==> Primary Basis <==

  Basis Set: AUG-CC-PVDZ
    Blend: AUG-CC-PVDZ
    Number of shells: 38
    Number of basis function: 82
    Number of Cartesian functions: 86
    Spherical Harmonics?: true
    Max angular momentum: 2

   => Loading Basis Set <=

    Name: (AUG-CC-PVDZ AUX)
    Role: JKFIT
    Keyword: DF_BASIS_SCF
    atoms 1, 4     entry O          line   270 file /home/sulstice/software/miniconda2/envs/qmpython2/share/psi4/basis/aug-cc-pvdz-jkfit.gbs 
    atoms 2-3, 5-6 entry H          line    70 file /home/sulstice/software/miniconda2/envs/qmpython2/share/psi4/basis/aug-cc-pvdz-jkfit.gbs 

  ==> Pre-Iterations <==

   -------------------------------------------------------
    Irrep   Nso     Nmo     Nalpha   Nbeta   Ndocc  Nsocc
   -------------------------------------------------------
     A         82      82       0       0       0       0
   -------------------------------------------------------
    Total      82      82       5       5       5       0
   -------------------------------------------------------

  ==> Integral Setup <==

  ==> DiskDFJK: Density-Fitted J/K Matrices <==

    J tasked:                  Yes
    K tasked:                  Yes
    wK tasked:                  No
    OpenMP threads:             10
    Integrals threads:          10
    Memory [MiB]:             5722
    Algorithm:                Core
    Integral Cache:           LOAD
    Schwarz Cutoff:          1E-12
    Fitting Condition:       1E-10

   => Auxiliary Basis Set <=

  Basis Set: (AUG-CC-PVDZ AUX)
    Blend: AUG-CC-PVDZ-JKFIT
    Number of shells: 104
    Number of basis function: 300
    Number of Cartesian functions: 342
    Spherical Harmonics?: true
    Max angular momentum: 3

  Minimum eigenvalue in the overlap matrix is 1.8543491187E-03.
  Using Symmetric Orthogonalization.

  SCF Guess: Superposition of Atomic Densities via on-the-fly atomic UHF.

  ==> Iterations <==

                           Total Energy        Delta E     RMS |[F,P]|

   @DF-RHF iter SAD:   -75.51510295705991   -7.55151e+01   0.00000e+00 
   @DF-RHF iter   1:   -75.95692424157373   -4.41821e-01   5.59093e-03 DIIS
   @DF-RHF iter   2:   -76.01188637396571   -5.49621e-02   3.44445e-03 DIIS
   @DF-RHF iter   3:   -76.03920793374456   -2.73216e-02   2.48773e-04 DIIS
   @DF-RHF iter   4:   -76.03953406827536   -3.26135e-04   4.95786e-05 DIIS
   @DF-RHF iter   5:   -76.03954794730235   -1.38790e-05   1.03516e-05 DIIS
   @DF-RHF iter   6:   -76.03954890677203   -9.59470e-07   2.04397e-06 DIIS
   @DF-RHF iter   7:   -76.03954894887468   -4.21027e-08   3.74408e-07 DIIS
   @DF-RHF iter   8:   -76.03954895024387   -1.36919e-09   5.55944e-08 DIIS
   @DF-RHF iter   9:   -76.03954895026905   -2.51816e-11   1.27905e-08 DIIS
   @DF-RHF iter  10:   -76.03954895027017   -1.12266e-12   1.73630e-09 DIIS
  Energy and wave function converged.


  ==> Post-Iterations <==

    Orbital Energies [Eh]
    ---------------------

    Doubly Occupied:                                                      

       1A    -20.568013     2A     -1.380144     3A     -0.750821  
       4A     -0.589387     5A     -0.512833  

    Virtual:                                                              

       6A      0.033942     7A      0.052940     8A      0.058734  
       9A      0.082492    10A      0.155898    11A      0.177083  
      12A      0.186089    13A      0.201671    14A      0.215435  
      15A      0.221373    16A      0.238215    17A      0.274931  
      18A      0.324847    19A      0.358525    20A      0.379910  
      21A      0.406287    22A      0.435831    23A      0.444384  
      24A      0.464042    25A      0.501397    26A      0.512102  
      27A      0.518657    28A      0.535966    29A      0.569006  
      30A      0.616475    31A      0.650302    32A      0.672432  
      33A      0.690182    34A      0.862966    35A      0.939530  
      36A      0.960502    37A      0.979738    38A      1.115712  
      39A      1.119422    40A      1.158163    41A      1.204910  
      42A      1.245714    43A      1.291960    44A      1.339765  
      45A      1.365827    46A      1.373540    47A      1.408080  
      48A      1.455880    49A      1.531823    50A      1.582489  
      51A      1.830450    52A      2.038688    53A      2.056035  
      54A      2.148374    55A      2.156667    56A      2.328962  
      57A      2.437636    58A      2.486033    59A      2.528838  
      60A      2.584697    61A      2.624608    62A      2.738329  
      63A      2.786496    64A      2.862362    65A      2.995413  
      66A      3.609774    67A      3.691764    68A      3.718566  
      69A      3.783741    70A      4.004770    71A      4.040065  
      72A      4.150045    73A      4.435203    74A      4.913007  
      75A      4.958887    76A      5.018338    77A      5.215085  
      78A      5.437307    79A      5.704457    80A      6.926722  
      81A      7.487352    82A     33.602925  

    Final Occupation by Irrep:
              A 
    DOCC [     5 ]

  @DF-RHF Final Energy:   -76.03954895027017

   => Energetics <=

    Nuclear Repulsion Energy =              9.6561316233694185
    One-Electron Energy =                -123.7889670383009815
    Two-Electron Energy =                  38.0932864646613893
    Total Energy =                        -76.0395489502701736

Computation Completed


Properties will be evaluated at   0.000000,   0.000000,   0.000000 [a0]

Properties computed using the SCF density matrix

  Nuclear Dipole Moment: [e a0]
     X:    29.1940      Y:     4.7243      Z:    -0.3068

  Electronic Dipole Moment: [e a0]
     X:   -28.4843      Y:    -4.7244      Z:     0.0497

  Dipole Moment: [e a0]
     X:     0.7098      Y:    -0.0001      Z:    -0.2571     Total:     0.7549

  Dipole Moment: [D]
     X:     1.8041      Y:    -0.0002      Z:    -0.6534     Total:     1.9187


*** tstop() called on wanukaka at Wed Apr 20 14:37:03 2022
Module time:
	user time   =       5.08 seconds =       0.08 minutes
	system time =       0.20 seconds =       0.00 minutes
	total time  =          1 seconds =       0.02 minutes
Total time:
	user time   =      76.34 seconds =       1.27 minutes
	system time =       3.59 seconds =       0.06 minutes
	total time  =          9 seconds =       0.15 minutes
  Constructing Basis Sets for SAPT...

   => Loading Basis Set <=

    Name: (AUG-CC-PVDZ AUX)
    Role: RIFIT
    Keyword: DF_BASIS_SAPT
    atoms 1, 4     entry O          line   204 file /home/sulstice/software/miniconda2/envs/qmpython2/share/psi4/basis/aug-cc-pvdz-ri.gbs 
    atoms 2-3, 5-6 entry H          line    30 file /home/sulstice/software/miniconda2/envs/qmpython2/share/psi4/basis/aug-cc-pvdz-ri.gbs 


  //>>>>>>>>>>>>>>>>>>>>>>>>>>>>>>>>>>>//
  //               SAPT0               //
  //<<<<<<<<<<<<<<<<<<<<<<<<<<<<<<<<<<<//


*** tstart() called on wanukaka
*** at Wed Apr 20 14:37:03 2022

        SAPT0  
    Ed Hohenstein
     6 June 2009

      Orbital Information
  --------------------------
    NSO        =        82
    NMO        =        82
    NRI        =       236
    NOCC A     =         5
    NOCC B     =         5
    FOCC A     =         0
    FOCC B     =         0
    NVIR A     =        77
    NVIR B     =        77

    Elst10,r            =    -0.005517198922 [Eh]
    Exch10              =     0.003677604622 [Eh]
    Exch10 (S^2)        =     0.003669048024 [Eh]

    Iter     Energy [mEh]          dE [mEh]         Residual      Time [s]
       1      -0.52450985       0.524509850       3.479602929             0
       2      -0.59218337       0.067673518       1.316897679             0
       3      -0.60406500       0.011881627       0.378224350             0
       4      -0.60248459      -0.001580404       0.103709178             0
       5      -0.60161493      -0.000869657       0.014074585             0
       6      -0.60178740       0.000172465       0.002761134             0
       7      -0.60177153      -0.000015864       0.000620642             0
       8      -0.60177109      -0.000000443       0.000149328             0
       9      -0.60177178       0.000000689       0.000030886             0
      10      -0.60177164      -0.000000140       0.000005129             0
      11      -0.60177166       0.000000016       0.000000987             0

    CHF Iterations converged


    Iter     Energy [mEh]          dE [mEh]         Residual      Time [s]
       1      -0.60649635       0.606496352       4.460125424             0
       2      -0.74003695       0.133540593       1.809624147             0
       3      -0.75805565       0.018018706       0.404342489             0
       4      -0.75608524      -0.001970411       0.086153285             0
       5      -0.75546068      -0.000624559       0.012150899             0
       6      -0.75558973       0.000129046       0.001834259             0
       7      -0.75557929      -0.000010438       0.000342068             0
       8      -0.75557964       0.000000354       0.000078877             0
       9      -0.75557982       0.000000181       0.000017018             0
      10      -0.75557977      -0.000000056       0.000002903             0
      11      -0.75557977       0.000000007       0.000000551             0

    CHF Iterations converged

    Ind20,r (A<-B)      =    -0.000601771658 [Eh]
    Ind20,r (B<-A)      =    -0.000755579774 [Eh]
    Ind20,r             =    -0.001357351432 [Eh]
    Exch-Ind20,r (A<-B) =     0.000328368747 [Eh]
    Exch-Ind20,r (B<-A) =     0.000433892379 [Eh]
    Exch-Ind20,r        =     0.000762261127 [Eh]
    Disp20              =    -0.001800188948 [Eh]
    Disp20 (SS)         =    -0.000900094474 [Eh]
    Disp20 (OS)         =    -0.000900094474 [Eh]
    Exch-Disp20         =     0.000248231523 [Eh]
    Exch-Disp20 (SS)    =     0.000155091174 [Eh]
    Exch-Disp20 (OS)    =     0.000093140349 [Eh]

    SAPT Results 
  --------------------------------------------------------------------------------------------------------
    Electrostatics                 -5.51719892 [mEh]      -3.46209459 [kcal/mol]     -14.48540377 [kJ/mol]
      Elst10,r                     -5.51719892 [mEh]      -3.46209459 [kcal/mol]     -14.48540377 [kJ/mol]

    Exchange                        3.67760462 [mEh]       2.30773174 [kcal/mol]       9.65554960 [kJ/mol]
      Exch10                        3.67760462 [mEh]       2.30773174 [kcal/mol]       9.65554960 [kJ/mol]
      Exch10(S^2)                   3.66904802 [mEh]       2.30236239 [kcal/mol]       9.63308426 [kJ/mol]

    Induction                      -0.84563786 [mEh]      -0.53064577 [kcal/mol]      -2.22022190 [kJ/mol]
      Ind20,r                      -1.35735143 [mEh]      -0.85175088 [kcal/mol]      -3.56372569 [kJ/mol]
      Exch-Ind20,r                  0.76226113 [mEh]       0.47832608 [kcal/mol]       2.00131631 [kJ/mol]
      delta HF,r (2)               -0.25054756 [mEh]      -0.15722096 [kcal/mol]      -0.65781252 [kJ/mol]

    Dispersion                     -1.55195743 [mEh]      -0.97386799 [kcal/mol]      -4.07466366 [kJ/mol]
      Disp20                       -1.80018895 [mEh]      -1.12963562 [kcal/mol]      -4.72639543 [kJ/mol]
      Exch-Disp20                   0.24823152 [mEh]       0.15576763 [kcal/mol]       0.65173177 [kJ/mol]
      Disp20 (SS)                  -0.90009447 [mEh]      -0.56481781 [kcal/mol]      -2.36319772 [kJ/mol]
      Disp20 (OS)                  -0.90009447 [mEh]      -0.56481781 [kcal/mol]      -2.36319772 [kJ/mol]
      Exch-Disp20 (SS)              0.15509117 [mEh]       0.09732118 [kcal/mol]       0.40719182 [kJ/mol]
      Exch-Disp20 (OS)              0.09314035 [mEh]       0.05844645 [kcal/mol]       0.24453995 [kJ/mol]

  Total HF                         -2.68523216 [mEh]      -1.68500862 [kcal/mol]      -7.05007607 [kJ/mol]
  Total SAPT0                      -4.23718959 [mEh]      -2.65887661 [kcal/mol]     -11.12473973 [kJ/mol]

  Special recipe for scaled SAPT0 (see Manual):
    Electrostatics sSAPT0          -5.51719892 [mEh]      -3.46209459 [kcal/mol]     -14.48540377 [kJ/mol]
    Exchange sSAPT0                 3.67760462 [mEh]       2.30773174 [kcal/mol]       9.65554960 [kJ/mol]
    Induction sSAPT0               -0.84029240 [mEh]      -0.52729144 [kcal/mol]      -2.20618739 [kJ/mol]
    Dispersion sSAPT0              -1.55021667 [mEh]      -0.97277565 [kcal/mol]      -4.07009330 [kJ/mol]
  Total sSAPT0                     -4.23010337 [mEh]      -2.65442994 [kcal/mol]     -11.10613486 [kJ/mol]
  --------------------------------------------------------------------------------------------------------

*** tstop() called on wanukaka at Wed Apr 20 14:37:03 2022
Module time:
	user time   =       3.91 seconds =       0.07 minutes
	system time =       0.24 seconds =       0.00 minutes
	total time  =          0 seconds =       0.00 minutes
Total time:
	user time   =      80.70 seconds =       1.34 minutes
	system time =       3.84 seconds =       0.06 minutes
	total time  =          9 seconds =       0.15 minutes


Warning! sapt0 does not have an associated derived wavefunction.The returned wavefunction is the dimer SCF wavefunction.

