
  //>>>>>>>>>>>>>>>>>>>>>>>>>>>>>>>>>>>//
  //              Dimer HF             //
  //<<<<<<<<<<<<<<<<<<<<<<<<<<<<<<<<<<<//


*** tstart() called on wanukaka
*** at Wed Apr 20 14:37:11 2022

   => Loading Basis Set <=

    Name: AUG-CC-PVDZ
    Role: ORBITAL
    Keyword: BASIS
    atoms 1, 4     entry O          line   250 file /home/sulstice/software/miniconda2/envs/qmpython2/share/psi4/basis/aug-cc-pvdz.gbs 
    atoms 2-3, 5-6 entry H          line    36 file /home/sulstice/software/miniconda2/envs/qmpython2/share/psi4/basis/aug-cc-pvdz.gbs 


         ---------------------------------------------------------
                                   SCF
               by Justin Turney, Rob Parrish, Andy Simmonett
                          and Daniel G. A. Smith
                              RHF Reference
                       10 Threads,   7629 MiB Core
         ---------------------------------------------------------

  ==> Geometry <==

    Molecular point group: c1
    Full point group: C1

    Geometry (in Angstrom), charge = 0, multiplicity = 1:

       Center              X                  Y                   Z               Mass       
    ------------   -----------------  -----------------  -----------------  -----------------
         O           -1.382421921084    -0.023108297943     0.338882554757    15.994914619570
         H           -1.874421921084     0.501891702057    -0.301117445243     1.007825032230
         H           -1.715421921084    -0.921108297943     0.244882554757     1.007825032230
         O            1.450578078916     0.023891702057    -0.356117445243    15.994914619570
         H            1.975578078916     0.363891702057     0.373882554757     1.007825032230
         H            0.532578078916     0.042891702057    -0.044117445243     1.007825032230

  Running in c1 symmetry.

  Rotational constants: A =      7.21759  B =      0.21288  C =      0.21280 [cm^-1]
  Rotational constants: A = 216378.04355  B =   6381.98732  C =   6379.47596 [MHz]
  Nuclear repulsion =   36.502871607913640

  Charge       = 0
  Multiplicity = 1
  Electrons    = 20
  Nalpha       = 10
  Nbeta        = 10

  ==> Algorithm <==

  SCF Algorithm Type is DF.
  DIIS enabled.
  MOM disabled.
  Fractional occupation disabled.
  Guess Type is SAD.
  Energy threshold   = 1.00e-08
  Density threshold  = 1.00e-08
  Integral threshold = 0.00e+00

  ==> Primary Basis <==

  Basis Set: AUG-CC-PVDZ
    Blend: AUG-CC-PVDZ
    Number of shells: 38
    Number of basis function: 82
    Number of Cartesian functions: 86
    Spherical Harmonics?: true
    Max angular momentum: 2

   => Loading Basis Set <=

    Name: (AUG-CC-PVDZ AUX)
    Role: JKFIT
    Keyword: DF_BASIS_SCF
    atoms 1, 4     entry O          line   270 file /home/sulstice/software/miniconda2/envs/qmpython2/share/psi4/basis/aug-cc-pvdz-jkfit.gbs 
    atoms 2-3, 5-6 entry H          line    70 file /home/sulstice/software/miniconda2/envs/qmpython2/share/psi4/basis/aug-cc-pvdz-jkfit.gbs 

  ==> Pre-Iterations <==

   -------------------------------------------------------
    Irrep   Nso     Nmo     Nalpha   Nbeta   Ndocc  Nsocc
   -------------------------------------------------------
     A         82      82       0       0       0       0
   -------------------------------------------------------
    Total      82      82      10      10      10       0
   -------------------------------------------------------

  ==> Integral Setup <==

  ==> DiskDFJK: Density-Fitted J/K Matrices <==

    J tasked:                  Yes
    K tasked:                  Yes
    wK tasked:                  No
    OpenMP threads:             10
    Integrals threads:          10
    Memory [MiB]:             5722
    Algorithm:                Core
    Integral Cache:           SAVE
    Schwarz Cutoff:          1E-12
    Fitting Condition:       1E-10

   => Auxiliary Basis Set <=

  Basis Set: (AUG-CC-PVDZ AUX)
    Blend: AUG-CC-PVDZ-JKFIT
    Number of shells: 104
    Number of basis function: 300
    Number of Cartesian functions: 342
    Spherical Harmonics?: true
    Max angular momentum: 3

  Minimum eigenvalue in the overlap matrix is 1.6085497249E-03.
  Using Symmetric Orthogonalization.

  SCF Guess: Superposition of Atomic Densities via on-the-fly atomic UHF.

  ==> Iterations <==

                           Total Energy        Delta E     RMS |[F,P]|

   @DF-RHF iter SAD:  -150.99874086369667   -1.50999e+02   0.00000e+00 
   @DF-RHF iter   1:  -151.93255564347058   -9.33815e-01   7.51843e-03 DIIS
   @DF-RHF iter   2:  -152.03512374562467   -1.02568e-01   4.72542e-03 DIIS
   @DF-RHF iter   3:  -152.08724073929159   -5.21170e-02   3.71552e-04 DIIS
   @DF-RHF iter   4:  -152.08803449367355   -7.93754e-04   8.26119e-05 DIIS
   @DF-RHF iter   5:  -152.08807710104458   -4.26074e-05   2.59368e-05 DIIS
   @DF-RHF iter   6:  -152.08808112746937   -4.02642e-06   1.15886e-05 DIIS
   @DF-RHF iter   7:  -152.08808176551315   -6.38044e-07   2.14355e-06 DIIS
   @DF-RHF iter   8:  -152.08808180876298   -4.32498e-08   3.36795e-07 DIIS
   @DF-RHF iter   9:  -152.08808180981913   -1.05615e-09   5.34785e-08 DIIS
   @DF-RHF iter  10:  -152.08808180984269   -2.35616e-11   1.51320e-08 DIIS
   @DF-RHF iter  11:  -152.08808180984460   -1.90425e-12   2.98475e-09 DIIS
  Energy and wave function converged.


  ==> Post-Iterations <==

    Orbital Energies [Eh]
    ---------------------

    Doubly Occupied:                                                      

       1A    -20.602650     2A    -20.546268     3A     -1.380653  
       4A     -1.322812     5A     -0.743368     6A     -0.695247  
       7A     -0.612611     8A     -0.557484     9A     -0.529678  
      10A     -0.479953  

    Virtual:                                                              

      11A      0.028390    12A      0.055204    13A      0.055948  
      14A      0.091313    15A      0.158007    16A      0.184853  
      17A      0.210983    18A      0.214420    19A      0.226678  
      20A      0.237004    21A      0.260877    22A      0.285425  
      23A      0.295162    24A      0.331671    25A      0.350182  
      26A      0.363271    27A      0.383655    28A      0.441807  
      29A      0.456666    30A      0.486544    31A      0.526426  
      32A      0.532596    33A      0.552135    34A      0.606443  
      35A      0.646404    36A      0.664428    37A      0.681050  
      38A      0.791569    39A      0.801323    40A      0.914859  
      41A      0.961831    42A      1.034770    43A      1.116482  
      44A      1.145956    45A      1.146465    46A      1.176647  
      47A      1.207203    48A      1.220935    49A      1.352598  
      50A      1.383873    51A      1.436733    52A      1.471863  
      53A      1.588734    54A      1.597913    55A      1.646785  
      56A      1.960160    57A      2.001285    58A      2.018169  
      59A      2.039561    60A      2.069429    61A      2.148052  
      62A      2.263436    63A      2.344007    64A      2.454662  
      65A      2.482940    66A      2.570441    67A      2.609817  
      68A      2.705063    69A      2.770417    70A      2.782452  
      71A      3.010588    72A      3.098919    73A      3.692537  
      74A      3.699141    75A      3.709490    76A      3.738460  
      77A      3.770586    78A      3.792736    79A      4.039915  
      80A      4.159212    81A      4.278678    82A      4.397857  

    Final Occupation by Irrep:
              A 
    DOCC [    10 ]

  @DF-RHF Final Energy:  -152.08808180984460

   => Energetics <=

    Nuclear Repulsion Energy =             36.5028716079136402
    One-Electron Energy =                -282.2404576304583657
    Two-Electron Energy =                  93.6495042127001369
    Total Energy =                       -152.0880818098445957

Computation Completed


Properties will be evaluated at   0.000000,   0.000000,   0.000000 [a0]

Properties computed using the SCF density matrix

  Nuclear Dipole Moment: [e a0]
     X:    -1.0137      Y:    -0.0117      Z:     0.2563

  Electronic Dipole Moment: [e a0]
     X:    -0.0189      Y:    -0.0106      Z:    -0.0207

  Dipole Moment: [e a0]
     X:    -1.0326      Y:    -0.0223      Z:     0.2357     Total:     1.0594

  Dipole Moment: [D]
     X:    -2.6246      Y:    -0.0566      Z:     0.5990     Total:     2.6927


*** tstop() called on wanukaka at Wed Apr 20 14:37:12 2022
Module time:
	user time   =       7.68 seconds =       0.13 minutes
	system time =       0.32 seconds =       0.01 minutes
	total time  =          1 seconds =       0.02 minutes
Total time:
	user time   =     154.64 seconds =       2.58 minutes
	system time =       7.02 seconds =       0.12 minutes
	total time  =         18 seconds =       0.30 minutes

  //>>>>>>>>>>>>>>>>>>>>>>>>>>>>>>>>>>>//
  //            Monomer A HF           //
  //<<<<<<<<<<<<<<<<<<<<<<<<<<<<<<<<<<<//


*** tstart() called on wanukaka
*** at Wed Apr 20 14:37:12 2022

   => Loading Basis Set <=

    Name: AUG-CC-PVDZ
    Role: ORBITAL
    Keyword: BASIS
    atoms 1, 4     entry O          line   250 file /home/sulstice/software/miniconda2/envs/qmpython2/share/psi4/basis/aug-cc-pvdz.gbs 
    atoms 2-3, 5-6 entry H          line    36 file /home/sulstice/software/miniconda2/envs/qmpython2/share/psi4/basis/aug-cc-pvdz.gbs 


         ---------------------------------------------------------
                                   SCF
               by Justin Turney, Rob Parrish, Andy Simmonett
                          and Daniel G. A. Smith
                              RHF Reference
                       10 Threads,   7629 MiB Core
         ---------------------------------------------------------

  ==> Geometry <==

    Molecular point group: c1
    Full point group: C1

    Geometry (in Angstrom), charge = 0, multiplicity = 1:

       Center              X                  Y                   Z               Mass       
    ------------   -----------------  -----------------  -----------------  -----------------
         O           -1.382421921084    -0.023108297943     0.338882554757    15.994914619570
         H           -1.874421921084     0.501891702057    -0.301117445243     1.007825032230
         H           -1.715421921084    -0.921108297943     0.244882554757     1.007825032230
      Gh(O)           1.450578078916     0.023891702057    -0.356117445243    15.994914619570
      Gh(H)           1.975578078916     0.363891702057     0.373882554757     1.007825032230
      Gh(H)           0.532578078916     0.042891702057    -0.044117445243     1.007825032230

  Running in c1 symmetry.

  Rotational constants: A =      7.21759  B =      0.21288  C =      0.21280 [cm^-1]
  Rotational constants: A = 216378.04355  B =   6381.98732  C =   6379.47596 [MHz]
  Nuclear repulsion =    9.140596497623598

  Charge       = 0
  Multiplicity = 1
  Electrons    = 10
  Nalpha       = 5
  Nbeta        = 5

  ==> Algorithm <==

  SCF Algorithm Type is DF.
  DIIS enabled.
  MOM disabled.
  Fractional occupation disabled.
  Guess Type is SAD.
  Energy threshold   = 1.00e-08
  Density threshold  = 1.00e-08
  Integral threshold = 0.00e+00

  ==> Primary Basis <==

  Basis Set: AUG-CC-PVDZ
    Blend: AUG-CC-PVDZ
    Number of shells: 38
    Number of basis function: 82
    Number of Cartesian functions: 86
    Spherical Harmonics?: true
    Max angular momentum: 2

   => Loading Basis Set <=

    Name: (AUG-CC-PVDZ AUX)
    Role: JKFIT
    Keyword: DF_BASIS_SCF
    atoms 1, 4     entry O          line   270 file /home/sulstice/software/miniconda2/envs/qmpython2/share/psi4/basis/aug-cc-pvdz-jkfit.gbs 
    atoms 2-3, 5-6 entry H          line    70 file /home/sulstice/software/miniconda2/envs/qmpython2/share/psi4/basis/aug-cc-pvdz-jkfit.gbs 

  ==> Pre-Iterations <==

   -------------------------------------------------------
    Irrep   Nso     Nmo     Nalpha   Nbeta   Ndocc  Nsocc
   -------------------------------------------------------
     A         82      82       0       0       0       0
   -------------------------------------------------------
    Total      82      82       5       5       5       0
   -------------------------------------------------------

  ==> Integral Setup <==

  ==> DiskDFJK: Density-Fitted J/K Matrices <==

    J tasked:                  Yes
    K tasked:                  Yes
    wK tasked:                  No
    OpenMP threads:             10
    Integrals threads:          10
    Memory [MiB]:             5722
    Algorithm:                Core
    Integral Cache:           LOAD
    Schwarz Cutoff:          1E-12
    Fitting Condition:       1E-10

   => Auxiliary Basis Set <=

  Basis Set: (AUG-CC-PVDZ AUX)
    Blend: AUG-CC-PVDZ-JKFIT
    Number of shells: 104
    Number of basis function: 300
    Number of Cartesian functions: 342
    Spherical Harmonics?: true
    Max angular momentum: 3

  Minimum eigenvalue in the overlap matrix is 1.6085497249E-03.
  Using Symmetric Orthogonalization.

  SCF Guess: Superposition of Atomic Densities via on-the-fly atomic UHF.

  ==> Iterations <==

                           Total Energy        Delta E     RMS |[F,P]|

   @DF-RHF iter SAD:   -75.45879237479828   -7.54588e+01   0.00000e+00 
   @DF-RHF iter   1:   -75.95711671473495   -4.98324e-01   5.52664e-03 DIIS
   @DF-RHF iter   2:   -76.01019123476884   -5.30745e-02   3.62253e-03 DIIS
   @DF-RHF iter   3:   -76.04096177473986   -3.07705e-02   2.59510e-04 DIIS
   @DF-RHF iter   4:   -76.04134471407761   -3.82939e-04   5.86776e-05 DIIS
   @DF-RHF iter   5:   -76.04136665931185   -2.19452e-05   1.32850e-05 DIIS
   @DF-RHF iter   6:   -76.04136841533349   -1.75602e-06   2.69515e-06 DIIS
   @DF-RHF iter   7:   -76.04136849240260   -7.70691e-08   4.55996e-07 DIIS
   @DF-RHF iter   8:   -76.04136849442958   -2.02698e-09   7.24573e-08 DIIS
   @DF-RHF iter   9:   -76.04136849447430   -4.47216e-11   1.87082e-08 DIIS
   @DF-RHF iter  10:   -76.04136849447708   -2.78533e-12   2.50010e-09 DIIS
  Energy and wave function converged.


  ==> Post-Iterations <==

    Orbital Energies [Eh]
    ---------------------

    Doubly Occupied:                                                      

       1A    -20.577898     2A     -1.353028     3A     -0.717991  
       4A     -0.582485     5A     -0.508632  

    Virtual:                                                              

       6A      0.032595     7A      0.054217     8A      0.057698  
       9A      0.083821    10A      0.154159    11A      0.171099  
      12A      0.176490    13A      0.190375    14A      0.217918  
      15A      0.232630    16A      0.240995    17A      0.279038  
      18A      0.299146    19A      0.344316    20A      0.384904  
      21A      0.401134    22A      0.410370    23A      0.460900  
      24A      0.464333    25A      0.484500    26A      0.532189  
      27A      0.547187    28A      0.555986    29A      0.558128  
      30A      0.638959    31A      0.671185    32A      0.675208  
      33A      0.758143    34A      0.822019    35A      0.936375  
      36A      0.951345    37A      0.966408    38A      1.151140  
      39A      1.157811    40A      1.161852    41A      1.213412  
      42A      1.225976    43A      1.291528    44A      1.337736  
      45A      1.342242    46A      1.421859    47A      1.456690  
      48A      1.495925    49A      1.514193    50A      1.600822  
      51A      1.797161    52A      2.000214    53A      2.095647  
      54A      2.165979    55A      2.195819    56A      2.376052  
      57A      2.401971    58A      2.413134    59A      2.474513  
      60A      2.540699    61A      2.626649    62A      2.669671  
      63A      2.733469    64A      2.784198    65A      3.073191  
      66A      3.481681    67A      3.723698    68A      3.729068  
      69A      3.826208    70A      3.958947    71A      4.059503  
      72A      4.079664    73A      4.304830    74A      4.911923  
      75A      4.951376    76A      5.013117    77A      5.212803  
      78A      5.491560    79A      5.699816    80A      6.650241  
      81A      7.114670    82A     33.582826  

    Final Occupation by Irrep:
              A 
    DOCC [     5 ]

  @DF-RHF Final Energy:   -76.04136849447708

   => Energetics <=

    Nuclear Repulsion Energy =              9.1405964976235978
    One-Electron Energy =                -122.8838625749489211
    Two-Electron Energy =                  37.7018975828482468
    Total Energy =                        -76.0413684944770836

Computation Completed


Properties will be evaluated at   0.000000,   0.000000,   0.000000 [a0]

Properties computed using the SCF density matrix

  Nuclear Dipole Moment: [e a0]
     X:   -27.6830      Y:    -1.1416      Z:     5.0169

  Electronic Dipole Moment: [e a0]
     X:    27.1335      Y:     0.8922      Z:    -5.5079

  Dipole Moment: [e a0]
     X:    -0.5495      Y:    -0.2494      Z:    -0.4911     Total:     0.7780

  Dipole Moment: [D]
     X:    -1.3967      Y:    -0.6339      Z:    -1.2481     Total:     1.9775


*** tstop() called on wanukaka at Wed Apr 20 14:37:13 2022
Module time:
	user time   =       5.07 seconds =       0.08 minutes
	system time =       0.21 seconds =       0.00 minutes
	total time  =          1 seconds =       0.02 minutes
Total time:
	user time   =     159.74 seconds =       2.66 minutes
	system time =       7.24 seconds =       0.12 minutes
	total time  =         19 seconds =       0.32 minutes

  //>>>>>>>>>>>>>>>>>>>>>>>>>>>>>>>>>>>//
  //            Monomer B HF           //
  //<<<<<<<<<<<<<<<<<<<<<<<<<<<<<<<<<<<//


*** tstart() called on wanukaka
*** at Wed Apr 20 14:37:13 2022

   => Loading Basis Set <=

    Name: AUG-CC-PVDZ
    Role: ORBITAL
    Keyword: BASIS
    atoms 1, 4     entry O          line   250 file /home/sulstice/software/miniconda2/envs/qmpython2/share/psi4/basis/aug-cc-pvdz.gbs 
    atoms 2-3, 5-6 entry H          line    36 file /home/sulstice/software/miniconda2/envs/qmpython2/share/psi4/basis/aug-cc-pvdz.gbs 


         ---------------------------------------------------------
                                   SCF
               by Justin Turney, Rob Parrish, Andy Simmonett
                          and Daniel G. A. Smith
                              RHF Reference
                       10 Threads,   7629 MiB Core
         ---------------------------------------------------------

  ==> Geometry <==

    Molecular point group: c1
    Full point group: C1

    Geometry (in Angstrom), charge = 0, multiplicity = 1:

       Center              X                  Y                   Z               Mass       
    ------------   -----------------  -----------------  -----------------  -----------------
      Gh(O)          -1.382421921084    -0.023108297943     0.338882554757    15.994914619570
      Gh(H)          -1.874421921084     0.501891702057    -0.301117445243     1.007825032230
      Gh(H)          -1.715421921084    -0.921108297943     0.244882554757     1.007825032230
         O            1.450578078916     0.023891702057    -0.356117445243    15.994914619570
         H            1.975578078916     0.363891702057     0.373882554757     1.007825032230
         H            0.532578078916     0.042891702057    -0.044117445243     1.007825032230

  Running in c1 symmetry.

  Rotational constants: A =      7.21759  B =      0.21288  C =      0.21280 [cm^-1]
  Rotational constants: A = 216378.04355  B =   6381.98732  C =   6379.47596 [MHz]
  Nuclear repulsion =    9.113686378675286

  Charge       = 0
  Multiplicity = 1
  Electrons    = 10
  Nalpha       = 5
  Nbeta        = 5

  ==> Algorithm <==

  SCF Algorithm Type is DF.
  DIIS enabled.
  MOM disabled.
  Fractional occupation disabled.
  Guess Type is SAD.
  Energy threshold   = 1.00e-08
  Density threshold  = 1.00e-08
  Integral threshold = 0.00e+00

  ==> Primary Basis <==

  Basis Set: AUG-CC-PVDZ
    Blend: AUG-CC-PVDZ
    Number of shells: 38
    Number of basis function: 82
    Number of Cartesian functions: 86
    Spherical Harmonics?: true
    Max angular momentum: 2

   => Loading Basis Set <=

    Name: (AUG-CC-PVDZ AUX)
    Role: JKFIT
    Keyword: DF_BASIS_SCF
    atoms 1, 4     entry O          line   270 file /home/sulstice/software/miniconda2/envs/qmpython2/share/psi4/basis/aug-cc-pvdz-jkfit.gbs 
    atoms 2-3, 5-6 entry H          line    70 file /home/sulstice/software/miniconda2/envs/qmpython2/share/psi4/basis/aug-cc-pvdz-jkfit.gbs 

  ==> Pre-Iterations <==

   -------------------------------------------------------
    Irrep   Nso     Nmo     Nalpha   Nbeta   Ndocc  Nsocc
   -------------------------------------------------------
     A         82      82       0       0       0       0
   -------------------------------------------------------
    Total      82      82       5       5       5       0
   -------------------------------------------------------

  ==> Integral Setup <==

  ==> DiskDFJK: Density-Fitted J/K Matrices <==

    J tasked:                  Yes
    K tasked:                  Yes
    wK tasked:                  No
    OpenMP threads:             10
    Integrals threads:          10
    Memory [MiB]:             5722
    Algorithm:                Core
    Integral Cache:           LOAD
    Schwarz Cutoff:          1E-12
    Fitting Condition:       1E-10

   => Auxiliary Basis Set <=

  Basis Set: (AUG-CC-PVDZ AUX)
    Blend: AUG-CC-PVDZ-JKFIT
    Number of shells: 104
    Number of basis function: 300
    Number of Cartesian functions: 342
    Spherical Harmonics?: true
    Max angular momentum: 3

  Minimum eigenvalue in the overlap matrix is 1.6085497249E-03.
  Using Symmetric Orthogonalization.

  SCF Guess: Superposition of Atomic Densities via on-the-fly atomic UHF.

  ==> Iterations <==

                           Total Energy        Delta E     RMS |[F,P]|

   @DF-RHF iter SAD:   -75.45545936099413   -7.54555e+01   0.00000e+00 
   @DF-RHF iter   1:   -75.95645975544484   -5.01000e-01   5.52295e-03 DIIS
   @DF-RHF iter   2:   -76.00943006891806   -5.29703e-02   3.63141e-03 DIIS
   @DF-RHF iter   3:   -76.04044766168143   -3.10176e-02   2.60429e-04 DIIS
   @DF-RHF iter   4:   -76.04083458831272   -3.86927e-04   5.92865e-05 DIIS
   @DF-RHF iter   5:   -76.04085712458357   -2.25363e-05   1.34838e-05 DIIS
   @DF-RHF iter   6:   -76.04085893699350   -1.81241e-06   2.72732e-06 DIIS
   @DF-RHF iter   7:   -76.04085901572330   -7.87298e-08   4.59023e-07 DIIS
   @DF-RHF iter   8:   -76.04085901777187   -2.04857e-09   7.24670e-08 DIIS
   @DF-RHF iter   9:   -76.04085901781662   -4.47500e-11   1.89988e-08 DIIS
   @DF-RHF iter  10:   -76.04085901781951   -2.89901e-12   2.53575e-09 DIIS
  Energy and wave function converged.


  ==> Post-Iterations <==

    Orbital Energies [Eh]
    ---------------------

    Doubly Occupied:                                                      

       1A    -20.578209     2A     -1.351761     3A     -0.716478  
       4A     -0.582230     5A     -0.508458  

    Virtual:                                                              

       6A      0.026566     7A      0.050543     8A      0.061501  
       9A      0.086188    10A      0.130322    11A      0.147105  
      12A      0.189133    13A      0.191077    14A      0.216887  
      15A      0.226420    16A      0.232469    17A      0.278912  
      18A      0.336714    19A      0.363760    20A      0.367442  
      21A      0.390400    22A      0.398347    23A      0.415954  
      24A      0.440537    25A      0.448203    26A      0.489724  
      27A      0.519028    28A      0.526458    29A      0.563471  
      30A      0.624350    31A      0.634219    32A      0.658258  
      33A      0.753363    34A      0.839376    35A      0.939115  
      36A      0.975212    37A      1.104960    38A      1.106558  
      39A      1.146628    40A      1.153612    41A      1.190747  
      42A      1.200401    43A      1.270052    44A      1.289994  
      45A      1.335742    46A      1.342474    47A      1.385928  
      48A      1.462934    49A      1.500395    50A      1.588299  
      51A      1.751385    52A      2.010939    53A      2.018643  
      54A      2.060507    55A      2.103343    56A      2.261569  
      57A      2.386327    58A      2.502272    59A      2.516788  
      60A      2.522025    61A      2.555461    62A      2.716660  
      63A      2.751275    64A      2.799205    65A      2.977158  
      66A      3.441737    67A      3.680009    68A      3.711351  
      69A      3.742840    70A      3.904776    71A      4.073486  
      72A      4.133108    73A      4.344871    74A      4.951620  
      75A      4.956954    76A      5.038846    77A      5.115123  
      78A      5.365829    79A      5.916168    80A      6.601810  
      81A      7.016728    82A     33.536147  

    Final Occupation by Irrep:
              A 
    DOCC [     5 ]

  @DF-RHF Final Energy:   -76.04085901781951

   => Energetics <=

    Nuclear Repulsion Energy =              9.1136863786752862
    One-Electron Energy =                -122.8348180087913022
    Two-Electron Energy =                  37.6802726122965126
    Total Energy =                        -76.0408590178195141

Computation Completed


Properties will be evaluated at   0.000000,   0.000000,   0.000000 [a0]

Properties computed using the SCF density matrix

  Nuclear Dipole Moment: [e a0]
     X:    26.6693      Y:     1.1299      Z:    -4.7605

  Electronic Dipole Moment: [e a0]
     X:   -26.9310      Y:    -0.8893      Z:     5.4585

  Dipole Moment: [e a0]
     X:    -0.2617      Y:     0.2406      Z:     0.6979     Total:     0.7833

  Dipole Moment: [D]
     X:    -0.6652      Y:     0.6116      Z:     1.7740     Total:     1.9909


*** tstop() called on wanukaka at Wed Apr 20 14:37:14 2022
Module time:
	user time   =       5.04 seconds =       0.08 minutes
	system time =       0.24 seconds =       0.00 minutes
	total time  =          1 seconds =       0.02 minutes
Total time:
	user time   =     164.81 seconds =       2.75 minutes
	system time =       7.49 seconds =       0.12 minutes
	total time  =         20 seconds =       0.33 minutes
  Constructing Basis Sets for SAPT...

   => Loading Basis Set <=

    Name: (AUG-CC-PVDZ AUX)
    Role: RIFIT
    Keyword: DF_BASIS_SAPT
    atoms 1, 4     entry O          line   204 file /home/sulstice/software/miniconda2/envs/qmpython2/share/psi4/basis/aug-cc-pvdz-ri.gbs 
    atoms 2-3, 5-6 entry H          line    30 file /home/sulstice/software/miniconda2/envs/qmpython2/share/psi4/basis/aug-cc-pvdz-ri.gbs 


  //>>>>>>>>>>>>>>>>>>>>>>>>>>>>>>>>>>>//
  //               SAPT0               //
  //<<<<<<<<<<<<<<<<<<<<<<<<<<<<<<<<<<<//


*** tstart() called on wanukaka
*** at Wed Apr 20 14:37:14 2022

        SAPT0  
    Ed Hohenstein
     6 June 2009

      Orbital Information
  --------------------------
    NSO        =        82
    NMO        =        82
    NRI        =       236
    NOCC A     =         5
    NOCC B     =         5
    FOCC A     =         0
    FOCC B     =         0
    NVIR A     =        77
    NVIR B     =        77

    Elst10,r            =    -0.013280519564 [Eh]
    Exch10              =     0.010956328476 [Eh]
    Exch10 (S^2)        =     0.010879467598 [Eh]

    Iter     Energy [mEh]          dE [mEh]         Residual      Time [s]
       1      -2.41272619       2.412726192       9.495531439             0
       2      -3.00171091       0.588984714       3.687133635             0
       3      -3.06723609       0.065525185       0.927059418             0
       4      -3.05683445      -0.010401642       0.218235353             0
       5      -3.05396946      -0.002864987       0.040416217             0
       6      -3.05483893       0.000869466       0.007194520             0
       7      -3.05473407      -0.000104855       0.001519905             0
       8      -3.05474637       0.000012300       0.000307144             0
       9      -3.05474494      -0.000001427       0.000058574             0
      10      -3.05474500       0.000000052       0.000016220             0
      11      -3.05474503       0.000000038       0.000003127             0
      12      -3.05474502      -0.000000011       0.000000383             0

    CHF Iterations converged


    Iter     Energy [mEh]          dE [mEh]         Residual      Time [s]
       1      -1.24941104       1.249411039       5.056884687             0
       2      -1.41199286       0.162581821       1.733099143             0
       3      -1.43467596       0.022683104       0.489176197             0
       4      -1.43125989      -0.003416078       0.152128162             0
       5      -1.42968661      -0.001573278       0.022410565             0
       6      -1.43007383       0.000387227       0.004024699             0
       7      -1.43003710      -0.000036732       0.000873594             0
       8      -1.43003785       0.000000752       0.000180494             0
       9      -1.43003893       0.000001072       0.000038740             0
      10      -1.43003868      -0.000000249       0.000006265             0
      11      -1.43003870       0.000000027       0.000000839             0

    CHF Iterations converged

    Ind20,r (A<-B)      =    -0.003054745024 [Eh]
    Ind20,r (B<-A)      =    -0.001430038703 [Eh]
    Ind20,r             =    -0.004484783727 [Eh]
    Exch-Ind20,r (A<-B) =     0.001458025484 [Eh]
    Exch-Ind20,r (B<-A) =     0.000928297071 [Eh]
    Exch-Ind20,r        =     0.002386322555 [Eh]
    Disp20              =    -0.003505092844 [Eh]
    Disp20 (SS)         =    -0.001752546422 [Eh]
    Disp20 (OS)         =    -0.001752546422 [Eh]
    Exch-Disp20         =     0.000631884262 [Eh]
    Exch-Disp20 (SS)    =     0.000390627665 [Eh]
    Exch-Disp20 (OS)    =     0.000241256597 [Eh]

    SAPT Results 
  --------------------------------------------------------------------------------------------------------
    Electrostatics                -13.28051956 [mEh]      -8.33365184 [kcal/mol]     -34.86799931 [kJ/mol]
      Elst10,r                    -13.28051956 [mEh]      -8.33365184 [kcal/mol]     -34.86799931 [kJ/mol]

    Exchange                       10.95632848 [mEh]       6.87519992 [kcal/mol]      28.76583645 [kJ/mol]
      Exch10                       10.95632848 [mEh]       6.87519992 [kcal/mol]      28.76583645 [kJ/mol]
      Exch10(S^2)                  10.87946760 [mEh]       6.82696899 [kcal/mol]      28.56403824 [kJ/mol]

    Induction                      -3.53010646 [mEh]      -2.21517525 [kcal/mol]      -9.26829323 [kJ/mol]
      Ind20,r                      -4.48478373 [mEh]      -2.81424428 [kcal/mol]     -11.77479805 [kJ/mol]
      Exch-Ind20,r                  2.38632256 [mEh]       1.49744001 [kcal/mol]       6.26528901 [kJ/mol]
      delta HF,r (2)               -1.43164529 [mEh]      -0.89837098 [kcal/mol]      -3.75878419 [kJ/mol]

    Dispersion                     -2.87320858 [mEh]      -1.80296561 [kcal/mol]      -7.54360809 [kJ/mol]
      Disp20                       -3.50509284 [mEh]      -2.19947897 [kcal/mol]      -9.20261999 [kJ/mol]
      Exch-Disp20                   0.63188426 [mEh]       0.39651336 [kcal/mol]       1.65901190 [kJ/mol]
      Disp20 (SS)                  -1.75254642 [mEh]      -1.09973948 [kcal/mol]      -4.60131000 [kJ/mol]
      Disp20 (OS)                  -1.75254642 [mEh]      -1.09973948 [kcal/mol]      -4.60131000 [kJ/mol]
      Exch-Disp20 (SS)              0.39062767 [mEh]       0.24512256 [kcal/mol]       1.02559279 [kJ/mol]
      Exch-Disp20 (OS)              0.24125660 [mEh]       0.15139080 [kcal/mol]       0.63341911 [kJ/mol]

  Total HF                         -5.85429755 [mEh]      -3.67362717 [kcal/mol]     -15.37045609 [kJ/mol]
  Total SAPT0                      -8.72750613 [mEh]      -5.47659278 [kcal/mol]     -22.91406419 [kJ/mol]

  Special recipe for scaled SAPT0 (see Manual):
    Electrostatics sSAPT0         -13.28051956 [mEh]      -8.33365184 [kcal/mol]     -34.86799931 [kJ/mol]
    Exchange sSAPT0                10.95632848 [mEh]       6.87519992 [kcal/mol]      28.76583645 [kJ/mol]
    Induction sSAPT0               -3.47917189 [mEh]      -2.18321332 [kcal/mol]      -9.13456453 [kJ/mol]
    Dispersion sSAPT0              -2.85972140 [mEh]      -1.79450227 [kcal/mol]      -7.50819751 [kJ/mol]
  Total sSAPT0                     -8.66308438 [mEh]      -5.43616752 [kcal/mol]     -22.74492490 [kJ/mol]
  --------------------------------------------------------------------------------------------------------

*** tstop() called on wanukaka at Wed Apr 20 14:37:14 2022
Module time:
	user time   =       4.26 seconds =       0.07 minutes
	system time =       0.26 seconds =       0.00 minutes
	total time  =          0 seconds =       0.00 minutes
Total time:
	user time   =     169.54 seconds =       2.83 minutes
	system time =       7.79 seconds =       0.13 minutes
	total time  =         20 seconds =       0.33 minutes


Warning! sapt0 does not have an associated derived wavefunction.The returned wavefunction is the dimer SCF wavefunction.

