gradient() will perform analytic gradient computation.

*** tstart() called on wanukaka
*** at Thu Apr 21 15:07:04 2022

   => Loading Basis Set <=

    Name: 6-31G
    Role: ORBITAL
    Keyword: BASIS
    atoms 1-6  entry C          line    87 file /home/sulstice/software/miniconda2/envs/qmpython2/share/psi4/basis/6-31g.gbs 
    atoms 7-12 entry H          line    26 file /home/sulstice/software/miniconda2/envs/qmpython2/share/psi4/basis/6-31g.gbs 


         ---------------------------------------------------------
                                   SCF
               by Justin Turney, Rob Parrish, Andy Simmonett
                          and Daniel G. A. Smith
                              RKS Reference
                       12 Threads,   7629 MiB Core
         ---------------------------------------------------------

  ==> Geometry <==

    Molecular point group: c1
    Full point group: C1

    Geometry (in Angstrom), charge = 0, multiplicity = 1:

       Center              X                  Y                   Z               Mass       
    ------------   -----------------  -----------------  -----------------  -----------------
         C           -0.762035129131     1.168403333333    -0.000521537536    12.000000000000
         C            0.630834870869     1.243953333333    -0.001191537536    12.000000000000
         C            1.392704870869     0.075793333333     0.000398462464    12.000000000000
         C            0.762034870869    -1.168396666667     0.002718462464    12.000000000000
         C           -0.630835129131    -1.243956666667     0.000128462464    12.000000000000
         C           -1.392705129131    -0.075796666667    -0.001531537536    12.000000000000
         H           -1.355605129131     2.078513333333     0.000518462464     1.007825032230
         H            1.122274870869     2.213303333333    -0.002821537536     1.007825032230
         H            2.477914870869     0.134733333333    -0.000041537536     1.007825032230
         H            1.355604870869    -2.078506666667     0.006288462464     1.007825032230
         H           -1.122265129131    -2.213306666667    -0.000481537536     1.007825032230
         H           -2.477915129131    -0.134736666667    -0.003471537536     1.007825032230

  Running in c1 symmetry.

  Rotational constants: A =      0.19014  B =      0.19014  C =      0.09507 [cm^-1]
  Rotational constants: A =   5700.40336  B =   5700.20496  C =   2850.15460 [MHz]
  Nuclear repulsion =  203.416220078318048

  Charge       = 0
  Multiplicity = 1
  Electrons    = 42
  Nalpha       = 21
  Nbeta        = 21

  ==> Algorithm <==

  SCF Algorithm Type is DF.
  DIIS enabled.
  MOM disabled.
  Fractional occupation disabled.
  Guess Type is SAD.
  Energy threshold   = 1.00e-08
  Density threshold  = 1.00e-08
  Integral threshold = 0.00e+00

  ==> Primary Basis <==

  Basis Set: 6-31G
    Blend: 6-31G
    Number of shells: 42
    Number of basis function: 66
    Number of Cartesian functions: 66
    Spherical Harmonics?: false
    Max angular momentum: 1

  ==> DFT Potential <==

   => Composite Functional: B3LYP <= 

    B3LYP Hyb-GGA Exchange-Correlation Functional

    P. J. Stephens, F. J. Devlin, C. F. Chabalowski, and M. J. Frisch, J. Phys. Chem. 98, 11623 (1994)

    Deriv               =              1
    GGA                 =           TRUE
    Meta                =          FALSE

    Exchange Hybrid     =           TRUE
    MP2 Hybrid          =          FALSE

   => Exchange Functionals <=

    0.0800   Slater exchange
    0.7200         Becke 88

   => Exact (HF) Exchange <=

    0.2000               HF 

   => Correlation Functionals <=

    0.1900   Vosko, Wilk & Nusair (VWN5_RPA)
    0.8100   Lee, Yang & Parr

   => Molecular Quadrature <=

    Radial Scheme          =       TREUTLER
    Pruning Scheme         =           FLAT
    Nuclear Scheme         =       TREUTLER

    BS radius alpha        =              1
    Pruning alpha          =              1
    Radial Points          =             75
    Spherical Points       =            302
    Total Points           =         263452
    Total Blocks           =           2041
    Max Points             =            256
    Max Functions          =             66

   => Loading Basis Set <=

    Name: (6-31G AUX)
    Role: JKFIT
    Keyword: DF_BASIS_SCF
    atoms 1-6  entry C          line   121 file /home/sulstice/software/miniconda2/envs/qmpython2/share/psi4/basis/cc-pvdz-jkfit.gbs 
    atoms 7-12 entry H          line    51 file /home/sulstice/software/miniconda2/envs/qmpython2/share/psi4/basis/cc-pvdz-jkfit.gbs 

  ==> Pre-Iterations <==

   -------------------------------------------------------
    Irrep   Nso     Nmo     Nalpha   Nbeta   Ndocc  Nsocc
   -------------------------------------------------------
     A         66      66       0       0       0       0
   -------------------------------------------------------
    Total      66      66      21      21      21       0
   -------------------------------------------------------

  ==> Integral Setup <==

  DFHelper Memory: AOs need 0.025 GiB; user supplied 5.155 GiB. Using in-core AOs.

  ==> MemDFJK: Density-Fitted J/K Matrices <==

    J tasked:                   Yes
    K tasked:                   Yes
    wK tasked:                   No
    OpenMP threads:              12
    Memory [MiB]:              5278
    Algorithm:                 Core
    Schwarz Cutoff:           1E-12
    Mask sparsity (%):       0.8264
    Fitting Condition:        1E-10

   => Auxiliary Basis Set <=

  Basis Set: (6-31G AUX)
    Blend: CC-PVDZ-JKFIT
    Number of shells: 198
    Number of basis function: 636
    Number of Cartesian functions: 636
    Spherical Harmonics?: false
    Max angular momentum: 3

  Cached 100.0% of DFT collocation blocks in 0.433 [GiB].

  Minimum eigenvalue in the overlap matrix is 6.9307879929E-04.
  Using Symmetric Orthogonalization.

  SCF Guess: Superposition of Atomic Densities via on-the-fly atomic UHF.

  ==> Iterations <==

                           Total Energy        Delta E     RMS |[F,P]|

   @DF-RKS iter SAD:  -231.72831285314180   -2.31728e+02   0.00000e+00 
   @DF-RKS iter   1:  -231.89833616356879   -1.70023e-01   1.05883e-02 DIIS
   @DF-RKS iter   2:  -231.89211030541603    6.22586e-03   1.09152e-02 DIIS
   @DF-RKS iter   3:  -232.19819297568355   -3.06083e-01   3.01509e-04 DIIS
   @DF-RKS iter   4:  -232.19846737682587   -2.74401e-04   3.39687e-05 DIIS
   @DF-RKS iter   5:  -232.19847083642725   -3.45960e-06   2.80799e-06 DIIS
   @DF-RKS iter   6:  -232.19847084419695   -7.76970e-09   2.40367e-06 DIIS
   @DF-RKS iter   7:  -232.19847085721884   -1.30219e-08   1.24140e-07 DIIS
   @DF-RKS iter   8:  -232.19847085724021   -2.13731e-11   7.92342e-08 DIIS
   @DF-RKS iter   9:  -232.19847085725715   -1.69393e-11   4.79126e-09 DIIS
  Energy and wave function converged.


  ==> Post-Iterations <==

    Orbital Energies [Eh]
    ---------------------

    Doubly Occupied:                                                      

       1A    -10.184470     2A    -10.184259     3A    -10.184257  
       4A    -10.183787     5A    -10.183783     6A    -10.183584  
       7A     -0.854115     8A     -0.745255     9A     -0.745221  
      10A     -0.601566    11A     -0.601486    12A     -0.523767  
      13A     -0.458947    14A     -0.445323    15A     -0.421926  
      16A     -0.421911    17A     -0.363395    18A     -0.342057  
      19A     -0.341915    20A     -0.249032    21A     -0.248983  

    Virtual:                                                              

      22A      0.004918    23A      0.005002    24A      0.092021  
      25A      0.143493    26A      0.143547    27A      0.163290  
      28A      0.181983    29A      0.182004    30A      0.190994  
      31A      0.305111    32A      0.305184    33A      0.323964  
      34A      0.324109    35A      0.495004    36A      0.525632  
      37A      0.547531    38A      0.563121    39A      0.592355  
      40A      0.610469    41A      0.610496    42A      0.624832  
      43A      0.624972    44A      0.635069    45A      0.668052  
      46A      0.668072    47A      0.668169    48A      0.668246  
      49A      0.743075    50A      0.847921    51A      0.858860  
      52A      0.858951    53A      0.901827    54A      0.901962  
      55A      0.969233    56A      0.977884    57A      1.007524  
      58A      1.007678    59A      1.129553    60A      1.129630  
      61A      1.193548    62A      1.193584    63A      1.225295  
      64A      1.464812    65A      1.464901    66A      1.911817  

    Final Occupation by Irrep:
              A 
    DOCC [    21 ]

  @DF-RKS Final Energy:  -232.19847085725715

   => Energetics <=

    Nuclear Repulsion Energy =            203.4162200783180481
    One-Electron Energy =                -714.0385660835643193
    Two-Electron Energy =                 306.5850648332507831
    DFT Exchange-Correlation Energy =     -28.1611896852616290
    Empirical Dispersion Energy =           0.0000000000000000
    VV10 Nonlocal Energy =                  0.0000000000000000
    Total Energy =                       -232.1984708572571492

Computation Completed


Properties will be evaluated at   0.000000,   0.000000,   0.000000 [a0]

Properties computed using the SCF density matrix

  Nuclear Dipole Moment: [e a0]
     X:     0.0000      Y:     0.0000      Z:    -0.0000

  Electronic Dipole Moment: [e a0]
     X:    -0.0000      Y:    -0.0000      Z:     0.0000

  Dipole Moment: [e a0]
     X:    -0.0000      Y:    -0.0000      Z:    -0.0000     Total:     0.0000

  Dipole Moment: [D]
     X:    -0.0000      Y:    -0.0000      Z:    -0.0000     Total:     0.0000


*** tstop() called on wanukaka at Thu Apr 21 15:07:06 2022
Module time:
	user time   =      21.85 seconds =       0.36 minutes
	system time =       0.61 seconds =       0.01 minutes
	total time  =          2 seconds =       0.03 minutes
Total time:
	user time   =    1411.45 seconds =      23.52 minutes
	system time =      42.64 seconds =       0.71 minutes
	total time  =        145 seconds =       2.42 minutes

*** tstart() called on wanukaka
*** at Thu Apr 21 15:07:06 2022


         ------------------------------------------------------------
                                   SCF GRAD                          
                          Rob Parrish, Justin Turney,                
                       Andy Simmonett, and Alex Sokolov              
         ------------------------------------------------------------

  ==> Geometry <==

    Molecular point group: c1
    Full point group: C1

    Geometry (in Angstrom), charge = 0, multiplicity = 1:

       Center              X                  Y                   Z               Mass       
    ------------   -----------------  -----------------  -----------------  -----------------
         C           -0.762035129131     1.168403333333    -0.000521537536    12.000000000000
         C            0.630834870869     1.243953333333    -0.001191537536    12.000000000000
         C            1.392704870869     0.075793333333     0.000398462464    12.000000000000
         C            0.762034870869    -1.168396666667     0.002718462464    12.000000000000
         C           -0.630835129131    -1.243956666667     0.000128462464    12.000000000000
         C           -1.392705129131    -0.075796666667    -0.001531537536    12.000000000000
         H           -1.355605129131     2.078513333333     0.000518462464     1.007825032230
         H            1.122274870869     2.213303333333    -0.002821537536     1.007825032230
         H            2.477914870869     0.134733333333    -0.000041537536     1.007825032230
         H            1.355604870869    -2.078506666667     0.006288462464     1.007825032230
         H           -1.122265129131    -2.213306666667    -0.000481537536     1.007825032230
         H           -2.477915129131    -0.134736666667    -0.003471537536     1.007825032230

  Nuclear repulsion =  203.416220078318048

  ==> Basis Set <==

  Basis Set: 6-31G
    Blend: 6-31G
    Number of shells: 42
    Number of basis function: 66
    Number of Cartesian functions: 66
    Spherical Harmonics?: false
    Max angular momentum: 1

  ==> DFJKGrad: Density-Fitted SCF Gradients <==

    Gradient:                    1
    J tasked:                  Yes
    K tasked:                  Yes
    wK tasked:                  No
    OpenMP threads:             12
    Integrals threads:          12
    Memory [MiB]:             5722
    Schwarz Cutoff:          0E+00
    Fitting Condition:       1E-10

   => Auxiliary Basis Set <=

  Basis Set: (6-31G AUX)
    Blend: CC-PVDZ-JKFIT
    Number of shells: 198
    Number of basis function: 636
    Number of Cartesian functions: 636
    Spherical Harmonics?: false
    Max angular momentum: 3

  ==> DFT Potential <==

   => Composite Functional: B3LYP <= 

    B3LYP Hyb-GGA Exchange-Correlation Functional

    P. J. Stephens, F. J. Devlin, C. F. Chabalowski, and M. J. Frisch, J. Phys. Chem. 98, 11623 (1994)

    Deriv               =              1
    GGA                 =           TRUE
    Meta                =          FALSE

    Exchange Hybrid     =           TRUE
    MP2 Hybrid          =          FALSE

   => Exchange Functionals <=

    0.0800   Slater exchange
    0.7200         Becke 88

   => Exact (HF) Exchange <=

    0.2000               HF 

   => Correlation Functionals <=

    0.1900   Vosko, Wilk & Nusair (VWN5_RPA)
    0.8100   Lee, Yang & Parr

   => Molecular Quadrature <=

    Radial Scheme          =       TREUTLER
    Pruning Scheme         =           FLAT
    Nuclear Scheme         =       TREUTLER

    BS radius alpha        =              1
    Pruning alpha          =              1
    Radial Points          =             75
    Spherical Points       =            302
    Total Points           =         263452
    Total Blocks           =           2041
    Max Points             =            256
    Max Functions          =             66


  -Total Gradient:
     Atom            X                  Y                   Z
    ------   -----------------  -----------------  -----------------
       1        0.003221677786    -0.004995000397     0.000076728301
       2       -0.002648144557    -0.005715276401    -0.000031289285
       3       -0.006302384210    -0.000150961737    -0.000038565077
       4       -0.003220669914     0.005003950807     0.000060856283
       5        0.002645189042     0.005709845817    -0.000035464876
       6        0.006301461012     0.000147137635    -0.000031367409
       7       -0.000271195061     0.000415742775     0.000084254927
       8        0.000282730409     0.000583683893    -0.000041575247
       9        0.000646779987     0.000022926969    -0.000043508031
      10        0.000273032432    -0.000418408360     0.000085627627
      11       -0.000280681738    -0.000580681302    -0.000041260467
      12       -0.000647794887    -0.000022961614    -0.000044315035


*** tstop() called on wanukaka at Thu Apr 21 15:07:07 2022
Module time:
	user time   =      10.95 seconds =       0.18 minutes
	system time =       0.22 seconds =       0.00 minutes
	total time  =          1 seconds =       0.02 minutes
Total time:
	user time   =    1422.42 seconds =      23.71 minutes
	system time =      42.86 seconds =       0.71 minutes
	total time  =        146 seconds =       2.43 minutes

			-----------------------------------------
			 OPTKING 2.0: for geometry optimizations 
			  - R.A. King,  Bethel University        
			-----------------------------------------

	Internal coordinates to be generated automatically.
	Detected frag 1 with atoms:  1 2 3 4 5 6 7 8 9 10 11 12
	---Fragment 1 Bond Connectivity---
	 1 : 2 6 7
	 2 : 1 3 8
	 3 : 2 4 9
	 4 : 3 5 10
	 5 : 4 6 11
	 6 : 1 5 12
	 7 : 1
	 8 : 2
	 9 : 3
	 10 : 4
	 11 : 5
	 12 : 6

	---Fragment 1 Geometry and Gradient---
	 C          -1.4400376920        2.2079623041       -0.0009855631
	 C           1.1921051363        2.3507311129       -0.0022516796
	 C           2.6318307795        0.1432286421        0.0007529849
	 C           1.4400372040       -2.2079497059        0.0051371495
	 C          -1.1921056244       -2.3507374119        0.0002427589
	 C          -2.6318312676       -0.1432349412       -0.0028941865
	 H          -2.5617224283        3.9278209481        0.0009797521
	 H           2.1207921434        4.1825371326       -0.0053319332
	 H           4.6825804681        0.2546091000       -0.0000784946
	 H           2.5617219403       -3.9278083499        0.0118834718
	 H          -2.1207737342       -4.1825434316       -0.0009099741
	 H          -4.6825809562       -0.2546153991       -0.0065602552
	             0.0032216778       -0.0049950004        0.0000767283
	            -0.0026481446       -0.0057152764       -0.0000312893
	            -0.0063023842       -0.0001509617       -0.0000385651
	            -0.0032206699        0.0050039508        0.0000608563
	             0.0026451890        0.0057098458       -0.0000354649
	             0.0063014610        0.0001471376       -0.0000313674
	            -0.0002711951        0.0004157428        0.0000842549
	             0.0002827304        0.0005836839       -0.0000415752
	             0.0006467800        0.0000229270       -0.0000435080
	             0.0002730324       -0.0004184084        0.0000856276
	            -0.0002806817       -0.0005806813       -0.0000412605
	            -0.0006477949       -0.0000229616       -0.0000443150

	Previous optimization step data not found.  Starting new optimization.

	---Fragment 1 Intrafragment Coordinates---
	 - Coordinate -           - BOHR/RAD -       - ANG/DEG -
	 R(1,2)           =         2.636012	       1.394918
	 R(1,6)           =         2.636002	       1.394912
	 R(1,7)           =         2.053313	       1.086566
	 R(2,3)           =         2.635505	       1.394649
	 R(2,8)           =         2.053773	       1.086810
	 R(3,4)           =         2.635988	       1.394905
	 R(3,9)           =         2.053772	       1.086809
	 R(4,5)           =         2.636017	       1.394920
	 R(4,10)          =         2.053323	       1.086572
	 R(5,6)           =         2.635505	       1.394649
	 R(5,11)          =         2.053762	       1.086804
	 R(6,12)          =         2.053775	       1.086811
	 B(1,2,3)         =         2.094526	     120.007482
	 B(1,2,8)         =         2.094199	     119.988764
	 B(1,6,5)         =         2.094530	     120.007755
	 B(1,6,12)        =         2.094198	     119.988723
	 B(2,1,6)         =         2.094126	     119.984577
	 B(2,1,7)         =         2.094526	     120.007526
	 B(2,3,4)         =         2.094530	     120.007717
	 B(2,3,9)         =         2.094454	     120.003402
	 B(3,2,8)         =         2.094461	     120.003753
	 B(3,4,5)         =         2.094132	     119.984901
	 B(3,4,10)        =         2.094532	     120.007825
	 B(4,3,9)         =         2.094201	     119.988881
	 B(4,5,6)         =         2.094521	     120.007199
	 B(4,5,11)        =         2.094198	     119.988704
	 B(5,4,10)        =         2.094522	     120.007272
	 B(5,6,12)        =         2.094457	     120.003521
	 B(6,1,7)         =         2.094533	     120.007895
	 B(6,5,11)        =         2.094467	     120.004096
	 D(1,2,3,4)       =        -0.000049	      -0.002815
	 D(1,2,3,9)       =        -3.141505	    -179.995000
	 D(1,6,5,4)       =        -0.000067	      -0.003828
	 D(1,6,5,11)      =         3.141405	     179.989222
	 D(2,1,6,5)       =         0.002765	       0.158422
	 D(2,1,6,12)      =        -3.138977	    -179.850148
	 D(2,3,4,5)       =         0.002747	       0.157410
	 D(2,3,4,10)      =        -3.139115	    -179.858044
	 D(3,2,1,6)       =        -0.002707	      -0.155101
	 D(3,2,1,7)       =         3.139171	     179.861239
	 D(3,4,5,6)       =        -0.002689	      -0.154088
	 D(3,4,5,11)      =         3.139025	     179.852860
	 D(4,3,2,8)       =         3.141404	     179.989191
	 D(4,5,6,12)      =        -3.141510	    -179.995258
	 D(5,4,3,9)       =        -3.138982	    -179.850404
	 D(5,6,1,7)       =        -3.139113	    -179.857918
	 D(6,1,2,8)       =         3.139025	     179.852892
	 D(6,5,4,10)      =         3.139173	     179.861366
	 D(7,1,2,8)       =        -0.002282	      -0.130769
	 D(7,1,6,12)      =         0.002330	       0.133513
	 D(8,2,3,9)       =        -0.000052	      -0.002993
	 D(9,3,4,10)      =         0.002341	       0.134142
	 D(10,4,5,11)     =        -0.002298	      -0.131686
	 D(11,5,6,12)     =        -0.000039	      -0.002207

	Current energy   :      -232.1984708573

	Generating empirical Hessian (Schlegel '84) for each fragment.
	Taking RFO optimization step.
	Going to follow RFO solution 1.
	Using RFO vector 1.
	Norm of target step-size    0.03179
	Projected energy change by RFO approximation:        -0.0004007463

	Back-transformation to cartesian coordinates...
	Could not converge backtransformation.
	Using first guess instead.

	--- Internal Coordinate Step in ANG or DEG, aJ/ANG or AJ/DEG ---
	 ---------------------------------------------------------------------------
	   Coordinate                Previous        Force       Change         New 
	   ----------                --------       ------       ------       ------
	    1 R(1,2)          =      1.394918     0.045273     0.006253     1.401171
	    2 R(1,6)          =      1.394912     0.045573     0.006295     1.401207
	    3 R(1,7)          =      1.086566    -0.004090    -0.000743     1.085823
	    4 R(2,3)          =      1.394649     0.047121     0.006501     1.401150
	    5 R(2,8)          =      1.086810    -0.005343    -0.000974     1.085836
	    6 R(3,4)          =      1.394905     0.045614     0.006301     1.401205
	    7 R(3,9)          =      1.086809    -0.005331    -0.000972     1.085838
	    8 R(4,5)          =      1.394920     0.045262     0.006252     1.401172
	    9 R(4,10)         =      1.086572    -0.004118    -0.000748     1.085824
	   10 R(5,6)          =      1.394649     0.047113     0.006499     1.401148
	   11 R(5,11)         =      1.086804    -0.005313    -0.000968     1.085836
	   12 R(6,12)         =      1.086811    -0.005340    -0.000973     1.085838
	   13 B(1,2,3)        =    120.007482    -0.000002    -0.006137   120.001346
	   14 B(1,2,8)        =    119.988764     0.000002     0.007233   119.995997
	   15 B(1,6,5)        =    120.007755    -0.000001    -0.003955   120.003800
	   16 B(1,6,12)       =    119.988723     0.000002     0.006646   119.995369
	   17 B(2,1,6)        =    119.984577     0.000003     0.010275   119.994852
	   18 B(2,1,7)        =    120.007526    -0.000001    -0.004993   120.002533
	   19 B(2,3,4)        =    120.007717    -0.000001    -0.003969   120.003748
	   20 B(2,3,9)        =    120.003402    -0.000000    -0.002656   120.000746
	   21 B(3,2,8)        =    120.003753     0.000000    -0.001104   120.002649
	   22 B(3,4,5)        =    119.984901     0.000003     0.010007   119.994909
	   23 B(3,4,10)       =    120.007825    -0.000002    -0.005144   120.002681
	   24 B(4,3,9)        =    119.988881     0.000002     0.006615   119.995497
	   25 B(4,5,6)        =    120.007199    -0.000002    -0.005910   120.001289
	   26 B(4,5,11)       =    119.988704     0.000002     0.007259   119.995964
	   27 B(5,4,10)       =    120.007272    -0.000001    -0.004898   120.002374
	   28 B(5,6,12)       =    120.003521    -0.000000    -0.002700   120.000821
	   29 B(6,1,7)        =    120.007895    -0.000002    -0.005316   120.002579
	   30 B(6,5,11)       =    120.004096    -0.000000    -0.001357   120.002739
	   31 D(1,2,3,4)      =     -0.002815     0.000000     0.002815     0.000000
	   32 D(1,2,3,9)      =   -179.995000    -0.000000    -0.039659  -180.034659
	   33 D(1,6,5,4)      =     -0.003828     0.000000     0.004795     0.000967
	   34 D(1,6,5,11)     =    179.989222     0.000000     0.045263   180.034485
	   35 D(2,1,6,5)      =      0.158422    -0.000001    -0.220357    -0.061935
	   36 D(2,1,6,12)     =   -179.850148    -0.000001    -0.176437  -180.026585
	   37 D(2,3,4,5)      =      0.157410    -0.000001    -0.218757    -0.061347
	   38 D(2,3,4,10)     =   -179.858044    -0.000001    -0.134247  -179.992291
	   39 D(3,2,1,6)      =     -0.155101     0.000001     0.216362     0.061261
	   40 D(3,2,1,7)      =    179.861239     0.000001     0.130609   179.991848
	   41 D(3,4,5,6)      =     -0.154088     0.000001     0.214761     0.060673
	   42 D(3,4,5,11)     =    179.852860     0.000001     0.174297   180.027157
	   43 D(4,3,2,8)      =    179.989191     0.000000     0.045110   180.034301
	   44 D(4,5,6,12)     =   -179.995258    -0.000000    -0.039128  -180.034385
	   45 D(5,4,3,9)      =   -179.850404    -0.000001    -0.175907  -180.026311
	   46 D(5,6,1,7)      =   -179.857918    -0.000001    -0.134604  -179.992522
	   47 D(6,1,2,8)      =    179.852892     0.000001     0.174449   180.027341
	   48 D(6,5,4,10)     =    179.861366     0.000001     0.130252   179.991617
	   49 D(7,1,2,8)      =     -0.130769     0.000001     0.088696    -0.042073
	   50 D(7,1,6,12)     =      0.133513    -0.000001    -0.090684     0.042828
	   51 D(8,2,3,9)      =     -0.002993     0.000000     0.002993     0.000000
	   52 D(9,3,4,10)     =      0.134142    -0.000001    -0.091397     0.042744
	   53 D(10,4,5,11)    =     -0.131686     0.000001     0.089788    -0.041899
	   54 D(11,5,6,12)    =     -0.002207     0.000000     0.001339    -0.000867
	 ---------------------------------------------------------------------------
	Successfully symmetrized geometry.

  ==> Convergence Check <==

  Measures of convergence in internal coordinates in au.
  Criteria marked as inactive (o), active & met (*), and active & unmet ( ).
  --------------------------------------------------------------------------------------------- ~
   Step     Total Energy     Delta E     MAX Force     RMS Force      MAX Disp      RMS Disp    ~
  --------------------------------------------------------------------------------------------- ~
    Convergence Criteria    1.00e-06 *    3.00e-04 *             o    1.20e-03 *             o  ~
  --------------------------------------------------------------------------------------------- ~
      1    -232.19847086   -2.32e+02      5.72e-03      1.87e-03 o    1.23e-02      4.33e-03 o  ~
  ---------------------------------------------------------------------------------------------

	Writing optimization data to binary file.
	Structure for next step:
	Cartesian Geometry (in Angstrom)
	    C    -0.7654446005   1.1736759916  -0.0020644828
	    C     0.6336615682   1.2496991516  -0.0004483523
	    C     1.3990676473   0.0760844803   0.0011856547
	    C     0.7654472855  -1.1736759698   0.0011956896
	    C    -0.6336611892  -1.2496987772   0.0008708557
	    C    -1.3990660137  -0.0760848519  -0.0007489051
	    H    -1.3586163713   2.0831584960  -0.0031969814
	    H     1.1246921332   2.2181662088  -0.0010190497
	    H     2.4833053701   0.1350095520   0.0018692352
	    H     1.3586169377  -2.0831597385   0.0025884971
	    H    -1.1246905543  -2.2181664188   0.0013243536
	    H    -2.4833037625  -0.1350081239  -0.0015649650
			--------------------------
			 OPTKING Finished Execution 
			--------------------------

    Structure for next step:
    Molecular point group: c1
    Full point group: C1

    Geometry (in Angstrom), charge = 0, multiplicity = 1:

    C           -0.765445374223     1.173675992736    -0.002063030040
    C            0.633660799940     1.249699153024    -0.000446899567
    C            1.399066882063     0.076084477150     0.001187107452
    C            0.765446517736    -1.173675977832     0.001197142392
    C           -0.633661962409    -1.249698785610     0.000872308476
    C           -1.399066789920    -0.076084855668    -0.000747452316
    H           -1.358617147323     2.083158500772    -0.003195528648
    H            1.124691366852     2.218166214025    -0.001017596940
    H            2.483304609095     0.135009549053     0.001870688009
    H            1.358616172360    -2.083159750173     0.002589949925
    H           -1.124691329448    -2.218166430995     0.001325806428
    H           -2.483304542975    -0.135008127923    -0.001563512259

gradient() will perform analytic gradient computation.

*** tstart() called on wanukaka
*** at Thu Apr 21 15:07:07 2022

   => Loading Basis Set <=

    Name: 6-31G
    Role: ORBITAL
    Keyword: BASIS
    atoms 1-6  entry C          line    87 file /home/sulstice/software/miniconda2/envs/qmpython2/share/psi4/basis/6-31g.gbs 
    atoms 7-12 entry H          line    26 file /home/sulstice/software/miniconda2/envs/qmpython2/share/psi4/basis/6-31g.gbs 


         ---------------------------------------------------------
                                   SCF
               by Justin Turney, Rob Parrish, Andy Simmonett
                          and Daniel G. A. Smith
                              RKS Reference
                       12 Threads,   7629 MiB Core
         ---------------------------------------------------------

  ==> Geometry <==

    Molecular point group: c1
    Full point group: C1

    Geometry (in Angstrom), charge = 0, multiplicity = 1:

       Center              X                  Y                   Z               Mass       
    ------------   -----------------  -----------------  -----------------  -----------------
         C           -0.765445374223     1.173675992736    -0.002063030040    12.000000000000
         C            0.633660799940     1.249699153024    -0.000446899567    12.000000000000
         C            1.399066882063     0.076084477150     0.001187107452    12.000000000000
         C            0.765446517736    -1.173675977832     0.001197142392    12.000000000000
         C           -0.633661962409    -1.249698785610     0.000872308476    12.000000000000
         C           -1.399066789920    -0.076084855668    -0.000747452316    12.000000000000
         H           -1.358617147323     2.083158500772    -0.003195528648     1.007825032230
         H            1.124691366852     2.218166214025    -0.001017596940     1.007825032230
         H            2.483304609095     0.135009549053     0.001870688009     1.007825032230
         H            1.358616172360    -2.083159750173     0.002589949925     1.007825032230
         H           -1.124691329448    -2.218166430995     0.001325806428     1.007825032230
         H           -2.483304542975    -0.135008127923    -0.001563512259     1.007825032230

  Running in c1 symmetry.

  Rotational constants: A =      0.18862  B =      0.18860  C =      0.09430 [cm^-1]
  Rotational constants: A =   5654.54546  B =   5654.08267  C =   2827.15725 [MHz]
  Nuclear repulsion =  202.658341715974075

  Charge       = 0
  Multiplicity = 1
  Electrons    = 42
  Nalpha       = 21
  Nbeta        = 21

  ==> Algorithm <==

  SCF Algorithm Type is DF.
  DIIS enabled.
  MOM disabled.
  Fractional occupation disabled.
  Guess Type is READ.
  Energy threshold   = 1.00e-08
  Density threshold  = 1.00e-08
  Integral threshold = 0.00e+00

  ==> Primary Basis <==

  Basis Set: 6-31G
    Blend: 6-31G
    Number of shells: 42
    Number of basis function: 66
    Number of Cartesian functions: 66
    Spherical Harmonics?: false
    Max angular momentum: 1

  ==> DFT Potential <==

   => Composite Functional: B3LYP <= 

    B3LYP Hyb-GGA Exchange-Correlation Functional

    P. J. Stephens, F. J. Devlin, C. F. Chabalowski, and M. J. Frisch, J. Phys. Chem. 98, 11623 (1994)

    Deriv               =              1
    GGA                 =           TRUE
    Meta                =          FALSE

    Exchange Hybrid     =           TRUE
    MP2 Hybrid          =          FALSE

   => Exchange Functionals <=

    0.0800   Slater exchange
    0.7200         Becke 88

   => Exact (HF) Exchange <=

    0.2000               HF 

   => Correlation Functionals <=

    0.1900   Vosko, Wilk & Nusair (VWN5_RPA)
    0.8100   Lee, Yang & Parr

   => Molecular Quadrature <=

    Radial Scheme          =       TREUTLER
    Pruning Scheme         =           FLAT
    Nuclear Scheme         =       TREUTLER

    BS radius alpha        =              1
    Pruning alpha          =              1
    Radial Points          =             75
    Spherical Points       =            302
    Total Points           =         263464
    Total Blocks           =           2040
    Max Points             =            256
    Max Functions          =             66

   => Loading Basis Set <=

    Name: (6-31G AUX)
    Role: JKFIT
    Keyword: DF_BASIS_SCF
    atoms 1-6  entry C          line   121 file /home/sulstice/software/miniconda2/envs/qmpython2/share/psi4/basis/cc-pvdz-jkfit.gbs 
    atoms 7-12 entry H          line    51 file /home/sulstice/software/miniconda2/envs/qmpython2/share/psi4/basis/cc-pvdz-jkfit.gbs 

   => Loading Basis Set <=

    Name: 6-31G
    Role: ORBITAL
    Keyword: BASIS
    atoms 1-6  entry C          line    87 file /home/sulstice/software/miniconda2/envs/qmpython2/share/psi4/basis/6-31g.gbs 
    atoms 7-12 entry H          line    26 file /home/sulstice/software/miniconda2/envs/qmpython2/share/psi4/basis/6-31g.gbs 

  Reading orbitals from file 180, no projection.

  ==> Pre-Iterations <==

   -------------------------------------------------------
    Irrep   Nso     Nmo     Nalpha   Nbeta   Ndocc  Nsocc
   -------------------------------------------------------
     A         66      66       0       0       0       0
   -------------------------------------------------------
    Total      66      66      21      21      21       0
   -------------------------------------------------------

  ==> Integral Setup <==

  DFHelper Memory: AOs need 0.025 GiB; user supplied 5.155 GiB. Using in-core AOs.

  ==> MemDFJK: Density-Fitted J/K Matrices <==

    J tasked:                   Yes
    K tasked:                   Yes
    wK tasked:                   No
    OpenMP threads:              12
    Memory [MiB]:              5278
    Algorithm:                 Core
    Schwarz Cutoff:           1E-12
    Mask sparsity (%):       0.8264
    Fitting Condition:        1E-10

   => Auxiliary Basis Set <=

  Basis Set: (6-31G AUX)
    Blend: CC-PVDZ-JKFIT
    Number of shells: 198
    Number of basis function: 636
    Number of Cartesian functions: 636
    Spherical Harmonics?: false
    Max angular momentum: 3

  Cached 100.0% of DFT collocation blocks in 0.433 [GiB].

  Minimum eigenvalue in the overlap matrix is 7.2420455111E-04.
  Using Symmetric Orthogonalization.

  SCF Guess: Orbitals guess was supplied from a previous computation.

  ==> Iterations <==

                           Total Energy        Delta E     RMS |[F,P]|

   @DF-RKS iter   0:  -232.17792193879711   -2.32178e+02   4.53911e-04 
   @DF-RKS iter   1:  -232.19860172595239   -2.06798e-02   1.30588e-04 DIIS
   @DF-RKS iter   2:  -232.19860701236527   -5.28641e-06   1.30414e-04 DIIS
   @DF-RKS iter   3:  -232.19865164315394   -4.46308e-05   2.85472e-06 DIIS
   @DF-RKS iter   4:  -232.19865166765737   -2.45034e-08   5.13695e-07 DIIS
   @DF-RKS iter   5:  -232.19865166797106   -3.13690e-10   3.95272e-07 DIIS
   @DF-RKS iter   6:  -232.19865166832750   -3.56437e-10   2.43001e-08 DIIS
   @DF-RKS iter   7:  -232.19865166832705    4.54747e-13   2.96918e-08 DIIS
   @DF-RKS iter   8:  -232.19865166832909   -2.04636e-12   6.82853e-10 DIIS
  Energy and wave function converged.


  ==> Post-Iterations <==

    Orbital Energies [Eh]
    ---------------------

    Doubly Occupied:                                                      

       1A    -10.185870     2A    -10.185672     3A    -10.185669  
       4A    -10.185224     5A    -10.185221     6A    -10.185033  
       7A     -0.850817     8A     -0.743717     9A     -0.743705  
      10A     -0.601030    11A     -0.601020    12A     -0.522469  
      13A     -0.460749    14A     -0.443479    15A     -0.421558  
      16A     -0.421542    17A     -0.361210    18A     -0.342372  
      19A     -0.342336    20A     -0.248112    21A     -0.248100  

    Virtual:                                                              

      22A      0.003588    23A      0.003603    24A      0.092713  
      25A      0.143879    26A      0.143883    27A      0.160079  
      28A      0.180869    29A      0.180876    30A      0.189943  
      31A      0.302764    32A      0.302783    33A      0.320430  
      34A      0.320468    35A      0.497487    36A      0.526283  
      37A      0.540642    38A      0.557113    39A      0.591323  
      40A      0.610899    41A      0.610911    42A      0.621552  
      43A      0.621580    44A      0.634067    45A      0.666784  
      46A      0.666799    47A      0.667418    48A      0.667422  
      49A      0.742015    50A      0.845149    51A      0.860002  
      52A      0.860016    53A      0.903198    54A      0.903210  
      55A      0.970307    56A      0.972210    57A      1.005184  
      58A      1.005216    59A      1.126747    60A      1.126763  
      61A      1.190515    62A      1.190587    63A      1.220856  
      64A      1.462313    65A      1.462349    66A      1.906152  

    Final Occupation by Irrep:
              A 
    DOCC [    21 ]

  @DF-RKS Final Energy:  -232.19865166832909

   => Energetics <=

    Nuclear Repulsion Energy =            202.6583417159740748
    One-Electron Energy =                -712.5421800394008187
    Two-Electron Energy =                 305.8306073531472293
    DFT Exchange-Correlation Energy =     -28.1454206980495911
    Empirical Dispersion Energy =           0.0000000000000000
    VV10 Nonlocal Energy =                  0.0000000000000000
    Total Energy =                       -232.1986516683290915

Computation Completed


Properties will be evaluated at   0.000000,   0.000000,   0.000000 [a0]

Properties computed using the SCF density matrix

  Nuclear Dipole Moment: [e a0]
     X:    -0.0000      Y:    -0.0000      Z:     0.0000

  Electronic Dipole Moment: [e a0]
     X:     0.0000      Y:     0.0000      Z:    -0.0000

  Dipole Moment: [e a0]
     X:    -0.0000      Y:     0.0000      Z:     0.0000     Total:     0.0000

  Dipole Moment: [D]
     X:    -0.0000      Y:     0.0000      Z:     0.0000     Total:     0.0000


*** tstop() called on wanukaka at Thu Apr 21 15:07:08 2022
Module time:
	user time   =      18.39 seconds =       0.31 minutes
	system time =       0.28 seconds =       0.00 minutes
	total time  =          1 seconds =       0.02 minutes
Total time:
	user time   =    1441.22 seconds =      24.02 minutes
	system time =      43.15 seconds =       0.72 minutes
	total time  =        147 seconds =       2.45 minutes

*** tstart() called on wanukaka
*** at Thu Apr 21 15:07:08 2022


         ------------------------------------------------------------
                                   SCF GRAD                          
                          Rob Parrish, Justin Turney,                
                       Andy Simmonett, and Alex Sokolov              
         ------------------------------------------------------------

  ==> Geometry <==

    Molecular point group: c1
    Full point group: C1

    Geometry (in Angstrom), charge = 0, multiplicity = 1:

       Center              X                  Y                   Z               Mass       
    ------------   -----------------  -----------------  -----------------  -----------------
         C           -0.765445374223     1.173675992736    -0.002063030040    12.000000000000
         C            0.633660799940     1.249699153024    -0.000446899567    12.000000000000
         C            1.399066882063     0.076084477150     0.001187107452    12.000000000000
         C            0.765446517736    -1.173675977832     0.001197142392    12.000000000000
         C           -0.633661962409    -1.249698785610     0.000872308476    12.000000000000
         C           -1.399066789920    -0.076084855668    -0.000747452316    12.000000000000
         H           -1.358617147323     2.083158500772    -0.003195528648     1.007825032230
         H            1.124691366852     2.218166214025    -0.001017596940     1.007825032230
         H            2.483304609095     0.135009549053     0.001870688009     1.007825032230
         H            1.358616172360    -2.083159750173     0.002589949925     1.007825032230
         H           -1.124691329448    -2.218166430995     0.001325806428     1.007825032230
         H           -2.483304542975    -0.135008127923    -0.001563512259     1.007825032230

  Nuclear repulsion =  202.658341715974075

  ==> Basis Set <==

  Basis Set: 6-31G
    Blend: 6-31G
    Number of shells: 42
    Number of basis function: 66
    Number of Cartesian functions: 66
    Spherical Harmonics?: false
    Max angular momentum: 1

  ==> DFJKGrad: Density-Fitted SCF Gradients <==

    Gradient:                    1
    J tasked:                  Yes
    K tasked:                  Yes
    wK tasked:                  No
    OpenMP threads:             12
    Integrals threads:          12
    Memory [MiB]:             5722
    Schwarz Cutoff:          0E+00
    Fitting Condition:       1E-10

   => Auxiliary Basis Set <=

  Basis Set: (6-31G AUX)
    Blend: CC-PVDZ-JKFIT
    Number of shells: 198
    Number of basis function: 636
    Number of Cartesian functions: 636
    Spherical Harmonics?: false
    Max angular momentum: 3

  ==> DFT Potential <==

   => Composite Functional: B3LYP <= 

    B3LYP Hyb-GGA Exchange-Correlation Functional

    P. J. Stephens, F. J. Devlin, C. F. Chabalowski, and M. J. Frisch, J. Phys. Chem. 98, 11623 (1994)

    Deriv               =              1
    GGA                 =           TRUE
    Meta                =          FALSE

    Exchange Hybrid     =           TRUE
    MP2 Hybrid          =          FALSE

   => Exchange Functionals <=

    0.0800   Slater exchange
    0.7200         Becke 88

   => Exact (HF) Exchange <=

    0.2000               HF 

   => Correlation Functionals <=

    0.1900   Vosko, Wilk & Nusair (VWN5_RPA)
    0.8100   Lee, Yang & Parr

   => Molecular Quadrature <=

    Radial Scheme          =       TREUTLER
    Pruning Scheme         =           FLAT
    Nuclear Scheme         =       TREUTLER

    BS radius alpha        =              1
    Pruning alpha          =              1
    Radial Points          =             75
    Spherical Points       =            302
    Total Points           =         263464
    Total Blocks           =           2040
    Max Points             =            256
    Max Functions          =             66


  -Total Gradient:
     Atom            X                  Y                   Z
    ------   -----------------  -----------------  -----------------
       1       -0.000346118849     0.000567852866    -0.000129491491
       2        0.000295056834     0.000539275562     0.000063047624
       3        0.000612984253     0.000064160591     0.000065172413
       4        0.000347182680    -0.000566851923    -0.000126903708
       5       -0.000296338098    -0.000539024073     0.000062475869
       6       -0.000612708488    -0.000065326334     0.000065372929
       7       -0.000033100564     0.000053676279     0.000023638753
       8        0.000023342644     0.000064712750    -0.000011471745
       9        0.000068470829    -0.000001682731    -0.000012128924
      10        0.000032957681    -0.000053838299     0.000023848222
      11       -0.000023281844    -0.000064753426    -0.000011418103
      12       -0.000068447058     0.000001798543    -0.000012139050


*** tstop() called on wanukaka at Thu Apr 21 15:07:09 2022
Module time:
	user time   =      10.31 seconds =       0.17 minutes
	system time =       0.29 seconds =       0.00 minutes
	total time  =          1 seconds =       0.02 minutes
Total time:
	user time   =    1451.54 seconds =      24.19 minutes
	system time =      43.44 seconds =       0.72 minutes
	total time  =        148 seconds =       2.47 minutes

			-----------------------------------------
			 OPTKING 2.0: for geometry optimizations 
			  - R.A. King,  Bethel University        
			-----------------------------------------

	Previous internal coordinate definitions found.
	---Fragment 1 Geometry and Gradient---
	 C          -1.4464821213        2.2179261863       -0.0038985618
	 C           1.1974453683        2.3615891384       -0.0008445178
	 C           2.6438532383        0.1437788242        0.0022433080
	 C           1.4464842822       -2.2179261581        0.0022622713
	 C          -1.1974475651       -2.3615884441        0.0016484241
	 C          -2.6438530642       -0.1437795395       -0.0014124802
	 H          -2.5674143178        3.9365990424       -0.0060386740
	 H           2.1253586590        4.1917266453       -0.0019229795
	 H           4.6927655973        0.2551310720        0.0035350880
	 H           2.5674124754       -3.9366014034        0.0048942960
	 H          -2.1253585883       -4.1917270553        0.0025054110
	 H          -4.6927654723       -0.2551283865       -0.0029546100
	            -0.0003461188        0.0005678529       -0.0001294915
	             0.0002950568        0.0005392756        0.0000630476
	             0.0006129843        0.0000641606        0.0000651724
	             0.0003471827       -0.0005668519       -0.0001269037
	            -0.0002963381       -0.0005390241        0.0000624759
	            -0.0006127085       -0.0000653263        0.0000653729
	            -0.0000331006        0.0000536763        0.0000236388
	             0.0000233426        0.0000647128       -0.0000114717
	             0.0000684708       -0.0000016827       -0.0000121289
	             0.0000329577       -0.0000538383        0.0000238482
	            -0.0000232818       -0.0000647534       -0.0000114181
	            -0.0000684471        0.0000017985       -0.0000121390

	---Fragment 1 Intrafragment Coordinates---
	 - Coordinate -           - BOHR/RAD -       - ANG/DEG -
	 R(1,2)           =         2.647829	       1.401171
	 R(1,6)           =         2.647897	       1.401207
	 R(1,7)           =         2.051909	       1.085823
	 R(2,3)           =         2.647789	       1.401150
	 R(2,8)           =         2.051933	       1.085836
	 R(3,4)           =         2.647894	       1.401205
	 R(3,9)           =         2.051936	       1.085838
	 R(4,5)           =         2.647832	       1.401172
	 R(4,10)          =         2.051909	       1.085824
	 R(5,6)           =         2.647787	       1.401148
	 R(5,11)          =         2.051932	       1.085836
	 R(6,12)          =         2.051936	       1.085838
	 B(1,2,3)         =         2.094419	     120.001346
	 B(1,2,8)         =         2.094325	     119.995997
	 B(1,6,5)         =         2.094461	     120.003800
	 B(1,6,12)        =         2.094314	     119.995369
	 B(2,1,6)         =         2.094305	     119.994852
	 B(2,1,7)         =         2.094439	     120.002533
	 B(2,3,4)         =         2.094461	     120.003748
	 B(2,3,9)         =         2.094408	     120.000746
	 B(3,2,8)         =         2.094441	     120.002649
	 B(3,4,5)         =         2.094306	     119.994909
	 B(3,4,10)        =         2.094442	     120.002681
	 B(4,3,9)         =         2.094317	     119.995497
	 B(4,5,6)         =         2.094418	     120.001289
	 B(4,5,11)        =         2.094325	     119.995964
	 B(5,4,10)        =         2.094437	     120.002374
	 B(5,6,12)        =         2.094409	     120.000821
	 B(6,1,7)         =         2.094440	     120.002579
	 B(6,5,11)        =         2.094443	     120.002739
	 D(1,2,3,4)       =         0.000000	       0.000000
	 D(1,2,3,9)       =         3.140988	     179.965341
	 D(1,6,5,4)       =         0.000017	       0.000967
	 D(1,6,5,11)      =        -3.140991	    -179.965515
	 D(2,1,6,5)       =        -0.001081	      -0.061935
	 D(2,1,6,12)      =         3.141129	     179.973415
	 D(2,3,4,5)       =        -0.001071	      -0.061347
	 D(2,3,4,10)      =        -3.141458	    -179.992291
	 D(3,2,1,6)       =         0.001069	       0.061261
	 D(3,2,1,7)       =         3.141450	     179.991848
	 D(3,4,5,6)       =         0.001059	       0.060673
	 D(3,4,5,11)      =        -3.141119	    -179.972843
	 D(4,3,2,8)       =        -3.140994	    -179.965699
	 D(4,5,6,12)      =         3.140993	     179.965615
	 D(5,4,3,9)       =         3.141133	     179.973689
	 D(5,6,1,7)       =        -3.141462	    -179.992522
	 D(6,1,2,8)       =        -3.141115	    -179.972659
	 D(6,5,4,10)      =         3.141446	     179.991617
	 D(7,1,2,8)       =        -0.000734	      -0.042073
	 D(7,1,6,12)      =         0.000747	       0.042828
	 D(8,2,3,9)       =        -0.000000	      -0.000000
	 D(9,3,4,10)      =         0.000746	       0.042744
	 D(10,4,5,11)     =        -0.000731	      -0.041899
	 D(11,5,6,12)     =        -0.000015	      -0.000867

	Current energy   :      -232.1986516683

	Energy change for the previous step:
		Projected    :        -0.0004007463
		Actual       :        -0.0001808111

	Performing BFGS update.
	Previous computed or guess Hessian on step 1.
	Steps to be used in Hessian update: 1
	Taking RFO optimization step.
	Going to follow RFO solution 1.
	Using RFO vector 1.
	Norm of target step-size    0.00535
	Projected energy change by RFO approximation:        -0.0000057605

	Back-transformation to cartesian coordinates...
	Successfully converged to displaced geometry.
	First geometry is closer to target in internal coordinates, so am using that one.
	First geometry has RMS(Delta(q)) = 2.32e-06

	--- Internal Coordinate Step in ANG or DEG, aJ/ANG or AJ/DEG ---
	 ---------------------------------------------------------------------------
	   Coordinate                Previous        Force       Change         New 
	   ----------                --------       ------       ------       ------
	    1 R(1,2)          =      1.401171    -0.005684    -0.000691     1.400480
	    2 R(1,6)          =      1.401207    -0.005891    -0.000717     1.400490
	    3 R(1,7)          =      1.085823    -0.000519    -0.000086     1.085738
	    4 R(2,3)          =      1.401150    -0.005682    -0.000690     1.400460
	    5 R(2,8)          =      1.085836    -0.000563    -0.000093     1.085743
	    6 R(3,4)          =      1.401205    -0.005886    -0.000716     1.400489
	    7 R(3,9)          =      1.085838    -0.000562    -0.000093     1.085745
	    8 R(4,5)          =      1.401172    -0.005689    -0.000692     1.400481
	    9 R(4,10)         =      1.085824    -0.000520    -0.000086     1.085738
	   10 R(5,6)          =      1.401148    -0.005676    -0.000689     1.400459
	   11 R(5,11)         =      1.085836    -0.000563    -0.000093     1.085743
	   12 R(6,12)         =      1.085838    -0.000562    -0.000093     1.085745
	   13 B(1,2,3)        =    120.001346    -0.000000    -0.000922   120.000423
	   14 B(1,2,8)        =    119.995997     0.000001     0.003503   119.999500
	   15 B(1,6,5)        =    120.003800    -0.000001    -0.002369   120.001431
	   16 B(1,6,12)       =    119.995369     0.000001     0.002729   119.998098
	   17 B(2,1,6)        =    119.994852     0.000001     0.003292   119.998144
	   18 B(2,1,7)        =    120.002533    -0.000000    -0.001375   120.001158
	   19 B(2,3,4)        =    120.003748    -0.000001    -0.002325   120.001423
	   20 B(2,3,9)        =    120.000746     0.000000    -0.000329   120.000417
	   21 B(3,2,8)        =    120.002649    -0.000001    -0.002573   120.000076
	   22 B(3,4,5)        =    119.994909     0.000001     0.003244   119.998153
	   23 B(3,4,10)       =    120.002681    -0.000001    -0.001928   120.000753
	   24 B(4,3,9)        =    119.995497     0.000001     0.002661   119.998158
	   25 B(4,5,6)        =    120.001289    -0.000000    -0.000875   120.000414
	   26 B(4,5,11)       =    119.995964     0.000001     0.003495   119.999459
	   27 B(5,4,10)       =    120.002374    -0.000000    -0.001285   120.001090
	   28 B(5,6,12)       =    120.000821     0.000000    -0.000351   120.000470
	   29 B(6,1,7)        =    120.002579    -0.000001    -0.001886   120.000693
	   30 B(6,5,11)       =    120.002739    -0.000001    -0.002612   120.000127
	   31 D(1,2,3,4)      =      0.000000    -0.000000     0.000000     0.000000
	   32 D(1,2,3,9)      =    179.965341     0.000000     0.047182   180.012523
	   33 D(1,6,5,4)      =      0.000967    -0.000000    -0.000967     0.000000
	   34 D(1,6,5,11)     =   -179.965515    -0.000000    -0.047216  -180.012731
	   35 D(2,1,6,5)      =     -0.061935     0.000001     0.090058     0.028123
	   36 D(2,1,6,12)     =    179.973415     0.000000     0.041891   180.015306
	   37 D(2,3,4,5)      =     -0.061347     0.000001     0.089188     0.027841
	   38 D(2,3,4,10)     =   -179.992291    -0.000000    -0.005138  -179.997429
	   39 D(3,2,1,6)      =      0.061261    -0.000001    -0.089130    -0.027869
	   40 D(3,2,1,7)      =    179.991848     0.000000     0.005716   179.997564
	   41 D(3,4,5,6)      =      0.060673    -0.000001    -0.088259    -0.027586
	   42 D(3,4,5,11)     =   -179.972843    -0.000000    -0.042408  -180.015251
	   43 D(4,3,2,8)      =   -179.965699    -0.000000    -0.046945  -180.012644
	   44 D(4,5,6,12)     =    179.965615     0.000000     0.046808   180.012422
	   45 D(5,4,3,9)      =    179.973689     0.000000     0.041516   180.015205
	   46 D(5,6,1,7)      =   -179.992522    -0.000000    -0.004787  -179.997309
	   47 D(6,1,2,8)      =   -179.972659    -0.000000    -0.042678  -180.015338
	   48 D(6,5,4,10)     =    179.991617     0.000000     0.006067   179.997684
	   49 D(7,1,2,8)      =     -0.042073     0.000000     0.052167     0.010095
	   50 D(7,1,6,12)     =      0.042828    -0.000000    -0.052955    -0.010127
	   51 D(8,2,3,9)      =      0.000000     0.000000     0.000000     0.000000
	   52 D(9,3,4,10)     =      0.042744    -0.000000    -0.052809    -0.010065
	   53 D(10,4,5,11)    =     -0.041899     0.000000     0.051918     0.010019
	   54 D(11,5,6,12)    =     -0.000867     0.000000     0.000867     0.000000
	 ---------------------------------------------------------------------------
	Successfully symmetrized geometry.

  ==> Convergence Check <==

  Measures of convergence in internal coordinates in au.
  Criteria marked as inactive (o), active & met (*), and active & unmet ( ).
  ---------------------------------------------------------------------------------------------
   Step     Total Energy     Delta E     MAX Force     RMS Force      MAX Disp      RMS Disp   
  ---------------------------------------------------------------------------------------------
    Convergence Criteria    1.00e-06 *    3.00e-04 *             o    1.20e-03 *             o
  ---------------------------------------------------------------------------------------------
      2    -232.19865167   -1.81e-04      7.15e-04      2.34e-04 o    1.57e-03      7.28e-04 o  ~
  ---------------------------------------------------------------------------------------------

	Writing optimization data to binary file.
	Structure for next step:
	Cartesian Geometry (in Angstrom)
	    C    -0.7650608330   1.1730546067  -0.0014299450
	    C     0.6333539798   1.2490768521  -0.0007566764
	    C     1.3983956343   0.0760482035   0.0008698562
	    C     0.7650607724  -1.1730539809   0.0018255902
	    C    -0.6333543164  -1.2490769310   0.0005653639
	    C    -1.3983955105  -0.0760487906  -0.0010665491
	    H    -1.3581881391   2.0824636887  -0.0026509706
	    H     1.1243756753   2.2174441911  -0.0012900926
	    H     2.4825395379   0.1349860119   0.0015973336
	    H     1.3581870392  -2.0824636790   0.0031287838
	    H    -1.1243751647  -2.2174446495   0.0010559871
	    H    -2.4825394736  -0.1349855646  -0.0018396981
			--------------------------
			 OPTKING Finished Execution 
			--------------------------

    Structure for next step:
    Molecular point group: c1
    Full point group: C1

    Geometry (in Angstrom), charge = 0, multiplicity = 1:

    C           -0.765060787218     1.173054617519    -0.001431136984
    C            0.633354031131     1.249076863174    -0.000757868425
    C            1.398395688627     0.076048210030     0.000868664194
    C            0.765060824232    -1.173053979332     0.001824398241
    C           -0.633354270087    -1.249076929727     0.000564171937
    C           -1.398395467187    -0.076048784667    -0.001067741109
    H           -1.358188095672     2.082463703062    -0.002652162576
    H            1.124375728551     2.217444206022    -0.001291284635
    H            2.482539596505     0.134986018563     0.001596141576
    H            1.358187093331    -2.082463680955     0.003127591855
    H           -1.124375120305    -2.217444652020     0.001054795075
    H           -2.482539434564    -0.134985558920    -0.001840890094

gradient() will perform analytic gradient computation.

*** tstart() called on wanukaka
*** at Thu Apr 21 15:07:09 2022

   => Loading Basis Set <=

    Name: 6-31G
    Role: ORBITAL
    Keyword: BASIS
    atoms 1-6  entry C          line    87 file /home/sulstice/software/miniconda2/envs/qmpython2/share/psi4/basis/6-31g.gbs 
    atoms 7-12 entry H          line    26 file /home/sulstice/software/miniconda2/envs/qmpython2/share/psi4/basis/6-31g.gbs 


         ---------------------------------------------------------
                                   SCF
               by Justin Turney, Rob Parrish, Andy Simmonett
                          and Daniel G. A. Smith
                              RKS Reference
                       12 Threads,   7629 MiB Core
         ---------------------------------------------------------

  ==> Geometry <==

    Molecular point group: c1
    Full point group: C1

    Geometry (in Angstrom), charge = 0, multiplicity = 1:

       Center              X                  Y                   Z               Mass       
    ------------   -----------------  -----------------  -----------------  -----------------
         C           -0.765060787218     1.173054617519    -0.001431136984    12.000000000000
         C            0.633354031131     1.249076863174    -0.000757868425    12.000000000000
         C            1.398395688627     0.076048210030     0.000868664194    12.000000000000
         C            0.765060824232    -1.173053979332     0.001824398241    12.000000000000
         C           -0.633354270087    -1.249076929727     0.000564171937    12.000000000000
         C           -1.398395467187    -0.076048784667    -0.001067741109    12.000000000000
         H           -1.358188095672     2.082463703062    -0.002652162576     1.007825032230
         H            1.124375728551     2.217444206022    -0.001291284635     1.007825032230
         H            2.482539596505     0.134986018563     0.001596141576     1.007825032230
         H            1.358187093331    -2.082463680955     0.003127591855     1.007825032230
         H           -1.124375120305    -2.217444652020     0.001054795075     1.007825032230
         H           -2.482539434564    -0.134985558920    -0.001840890094     1.007825032230

  Running in c1 symmetry.

  Rotational constants: A =      0.18878  B =      0.18878  C =      0.09439 [cm^-1]
  Rotational constants: A =   5659.58660  B =   5659.47456  C =   2829.76534 [MHz]
  Nuclear repulsion =  202.746783296725283

  Charge       = 0
  Multiplicity = 1
  Electrons    = 42
  Nalpha       = 21
  Nbeta        = 21

  ==> Algorithm <==

  SCF Algorithm Type is DF.
  DIIS enabled.
  MOM disabled.
  Fractional occupation disabled.
  Guess Type is READ.
  Energy threshold   = 1.00e-08
  Density threshold  = 1.00e-08
  Integral threshold = 0.00e+00

  ==> Primary Basis <==

  Basis Set: 6-31G
    Blend: 6-31G
    Number of shells: 42
    Number of basis function: 66
    Number of Cartesian functions: 66
    Spherical Harmonics?: false
    Max angular momentum: 1

  ==> DFT Potential <==

   => Composite Functional: B3LYP <= 

    B3LYP Hyb-GGA Exchange-Correlation Functional

    P. J. Stephens, F. J. Devlin, C. F. Chabalowski, and M. J. Frisch, J. Phys. Chem. 98, 11623 (1994)

    Deriv               =              1
    GGA                 =           TRUE
    Meta                =          FALSE

    Exchange Hybrid     =           TRUE
    MP2 Hybrid          =          FALSE

   => Exchange Functionals <=

    0.0800   Slater exchange
    0.7200         Becke 88

   => Exact (HF) Exchange <=

    0.2000               HF 

   => Correlation Functionals <=

    0.1900   Vosko, Wilk & Nusair (VWN5_RPA)
    0.8100   Lee, Yang & Parr

   => Molecular Quadrature <=

    Radial Scheme          =       TREUTLER
    Pruning Scheme         =           FLAT
    Nuclear Scheme         =       TREUTLER

    BS radius alpha        =              1
    Pruning alpha          =              1
    Radial Points          =             75
    Spherical Points       =            302
    Total Points           =         263452
    Total Blocks           =           2040
    Max Points             =            256
    Max Functions          =             66

   => Loading Basis Set <=

    Name: (6-31G AUX)
    Role: JKFIT
    Keyword: DF_BASIS_SCF
    atoms 1-6  entry C          line   121 file /home/sulstice/software/miniconda2/envs/qmpython2/share/psi4/basis/cc-pvdz-jkfit.gbs 
    atoms 7-12 entry H          line    51 file /home/sulstice/software/miniconda2/envs/qmpython2/share/psi4/basis/cc-pvdz-jkfit.gbs 

   => Loading Basis Set <=

    Name: 6-31G
    Role: ORBITAL
    Keyword: BASIS
    atoms 1-6  entry C          line    87 file /home/sulstice/software/miniconda2/envs/qmpython2/share/psi4/basis/6-31g.gbs 
    atoms 7-12 entry H          line    26 file /home/sulstice/software/miniconda2/envs/qmpython2/share/psi4/basis/6-31g.gbs 

  Reading orbitals from file 180, no projection.

  ==> Pre-Iterations <==

   -------------------------------------------------------
    Irrep   Nso     Nmo     Nalpha   Nbeta   Ndocc  Nsocc
   -------------------------------------------------------
     A         66      66       0       0       0       0
   -------------------------------------------------------
    Total      66      66      21      21      21       0
   -------------------------------------------------------

  ==> Integral Setup <==

  DFHelper Memory: AOs need 0.025 GiB; user supplied 5.155 GiB. Using in-core AOs.

  ==> MemDFJK: Density-Fitted J/K Matrices <==

    J tasked:                   Yes
    K tasked:                   Yes
    wK tasked:                   No
    OpenMP threads:              12
    Memory [MiB]:              5278
    Algorithm:                 Core
    Schwarz Cutoff:           1E-12
    Mask sparsity (%):       0.8264
    Fitting Condition:        1E-10

   => Auxiliary Basis Set <=

  Basis Set: (6-31G AUX)
    Blend: CC-PVDZ-JKFIT
    Number of shells: 198
    Number of basis function: 636
    Number of Cartesian functions: 636
    Spherical Harmonics?: false
    Max angular momentum: 3

  Cached 100.0% of DFT collocation blocks in 0.433 [GiB].

  Minimum eigenvalue in the overlap matrix is 7.2060475726E-04.
  Using Symmetric Orthogonalization.

  SCF Guess: Orbitals guess was supplied from a previous computation.

  ==> Iterations <==

                           Total Energy        Delta E     RMS |[F,P]|

   @DF-RKS iter   0:  -232.20121926560890   -2.32201e+02   5.03242e-05 
   @DF-RKS iter   1:  -232.19864680097615    2.57246e-03   1.37439e-05 DIIS
   @DF-RKS iter   2:  -232.19864686235846   -6.13823e-08   1.38363e-05 DIIS
   @DF-RKS iter   3:  -232.19864736437944   -5.02021e-07   2.99292e-07 DIIS
   @DF-RKS iter   4:  -232.19864736465496   -2.75520e-10   8.97186e-08 DIIS
   @DF-RKS iter   5:  -232.19864736466459   -9.63496e-12   6.83732e-08 DIIS
   @DF-RKS iter   6:  -232.19864736467562   -1.10276e-11   2.89783e-09 DIIS
  Energy and wave function converged.


  ==> Post-Iterations <==

    Orbital Energies [Eh]
    ---------------------

    Doubly Occupied:                                                      

       1A    -10.185688     2A    -10.185489     3A    -10.185487  
       4A    -10.185038     5A    -10.185036     6A    -10.184846  
       7A     -0.851174     8A     -0.743888     9A     -0.743882  
      10A     -0.601105    11A     -0.601098    12A     -0.522648  
      13A     -0.460604    14A     -0.443673    15A     -0.421610  
      16A     -0.421605    17A     -0.361437    18A     -0.342335  
      19A     -0.342321    20A     -0.248200    21A     -0.248197  

    Virtual:                                                              

      22A      0.003746    23A      0.003755    24A      0.092697  
      25A      0.143895    26A      0.143898    27A      0.160435  
      28A      0.181033    29A      0.181034    30A      0.190118  
      31A      0.303051    32A      0.303059    33A      0.320836  
      34A      0.320850    35A      0.497221    36A      0.526241  
      37A      0.541431    38A      0.557777    39A      0.591421  
      40A      0.610860    41A      0.610873    42A      0.621938  
      43A      0.621952    44A      0.634146    45A      0.666965  
      46A      0.666971    47A      0.667499    48A      0.667502  
      49A      0.742139    50A      0.845529    51A      0.860025  
      52A      0.860028    53A      0.903193    54A      0.903198  
      55A      0.970348    56A      0.972843    57A      1.005440  
      58A      1.005455    59A      1.127031    60A      1.127037  
      61A      1.190881    62A      1.190898    63A      1.221356  
      64A      1.462687    65A      1.462712    66A      1.906901  

    Final Occupation by Irrep:
              A 
    DOCC [    21 ]

  @DF-RKS Final Energy:  -232.19864736467562

   => Energetics <=

    Nuclear Repulsion Energy =            202.7467832967252832
    One-Electron Energy =                -712.7167437523435183
    Two-Electron Energy =                 305.9187865660632610
    DFT Exchange-Correlation Energy =     -28.1474734751206839
    Empirical Dispersion Energy =           0.0000000000000000
    VV10 Nonlocal Energy =                  0.0000000000000000
    Total Energy =                       -232.1986473646756224

Computation Completed


Properties will be evaluated at   0.000000,   0.000000,   0.000000 [a0]

Properties computed using the SCF density matrix

  Nuclear Dipole Moment: [e a0]
     X:    -0.0000      Y:     0.0000      Z:    -0.0000

  Electronic Dipole Moment: [e a0]
     X:    -0.0000      Y:    -0.0000      Z:     0.0000

  Dipole Moment: [e a0]
     X:    -0.0000      Y:    -0.0000      Z:    -0.0000     Total:     0.0000

  Dipole Moment: [D]
     X:    -0.0000      Y:    -0.0000      Z:    -0.0000     Total:     0.0000


*** tstop() called on wanukaka at Thu Apr 21 15:07:11 2022
Module time:
	user time   =      17.21 seconds =       0.29 minutes
	system time =       0.22 seconds =       0.00 minutes
	total time  =          2 seconds =       0.03 minutes
Total time:
	user time   =    1468.97 seconds =      24.48 minutes
	system time =      43.67 seconds =       0.73 minutes
	total time  =        150 seconds =       2.50 minutes

*** tstart() called on wanukaka
*** at Thu Apr 21 15:07:11 2022


         ------------------------------------------------------------
                                   SCF GRAD                          
                          Rob Parrish, Justin Turney,                
                       Andy Simmonett, and Alex Sokolov              
         ------------------------------------------------------------

  ==> Geometry <==

    Molecular point group: c1
    Full point group: C1

    Geometry (in Angstrom), charge = 0, multiplicity = 1:

       Center              X                  Y                   Z               Mass       
    ------------   -----------------  -----------------  -----------------  -----------------
         C           -0.765060787218     1.173054617519    -0.001431136984    12.000000000000
         C            0.633354031131     1.249076863174    -0.000757868425    12.000000000000
         C            1.398395688627     0.076048210030     0.000868664194    12.000000000000
         C            0.765060824232    -1.173053979332     0.001824398241    12.000000000000
         C           -0.633354270087    -1.249076929727     0.000564171937    12.000000000000
         C           -1.398395467187    -0.076048784667    -0.001067741109    12.000000000000
         H           -1.358188095672     2.082463703062    -0.002652162576     1.007825032230
         H            1.124375728551     2.217444206022    -0.001291284635     1.007825032230
         H            2.482539596505     0.134986018563     0.001596141576     1.007825032230
         H            1.358187093331    -2.082463680955     0.003127591855     1.007825032230
         H           -1.124375120305    -2.217444652020     0.001054795075     1.007825032230
         H           -2.482539434564    -0.134985558920    -0.001840890094     1.007825032230

  Nuclear repulsion =  202.746783296725312

  ==> Basis Set <==

  Basis Set: 6-31G
    Blend: 6-31G
    Number of shells: 42
    Number of basis function: 66
    Number of Cartesian functions: 66
    Spherical Harmonics?: false
    Max angular momentum: 1

  ==> DFJKGrad: Density-Fitted SCF Gradients <==

    Gradient:                    1
    J tasked:                  Yes
    K tasked:                  Yes
    wK tasked:                  No
    OpenMP threads:             12
    Integrals threads:          12
    Memory [MiB]:             5722
    Schwarz Cutoff:          0E+00
    Fitting Condition:       1E-10

   => Auxiliary Basis Set <=

  Basis Set: (6-31G AUX)
    Blend: CC-PVDZ-JKFIT
    Number of shells: 198
    Number of basis function: 636
    Number of Cartesian functions: 636
    Spherical Harmonics?: false
    Max angular momentum: 3

  ==> DFT Potential <==

   => Composite Functional: B3LYP <= 

    B3LYP Hyb-GGA Exchange-Correlation Functional

    P. J. Stephens, F. J. Devlin, C. F. Chabalowski, and M. J. Frisch, J. Phys. Chem. 98, 11623 (1994)

    Deriv               =              1
    GGA                 =           TRUE
    Meta                =          FALSE

    Exchange Hybrid     =           TRUE
    MP2 Hybrid          =          FALSE

   => Exchange Functionals <=

    0.0800   Slater exchange
    0.7200         Becke 88

   => Exact (HF) Exchange <=

    0.2000               HF 

   => Correlation Functionals <=

    0.1900   Vosko, Wilk & Nusair (VWN5_RPA)
    0.8100   Lee, Yang & Parr

   => Molecular Quadrature <=

    Radial Scheme          =       TREUTLER
    Pruning Scheme         =           FLAT
    Nuclear Scheme         =       TREUTLER

    BS radius alpha        =              1
    Pruning alpha          =              1
    Radial Points          =             75
    Spherical Points       =            302
    Total Points           =         263452
    Total Blocks           =           2040
    Max Points             =            256
    Max Functions          =             66


  -Total Gradient:
     Atom            X                  Y                   Z
    ------   -----------------  -----------------  -----------------
       1       -0.000003628047     0.000046417869     0.000049023404
       2        0.000017249836    -0.000008057375    -0.000024258390
       3        0.000014331491     0.000046286787    -0.000024465941
       4        0.000004204691    -0.000045793682     0.000048625347
       5       -0.000017792785     0.000008109262    -0.000023769890
       6       -0.000014253790    -0.000046927239    -0.000024914747
       7        0.000004170390    -0.000005305136    -0.000005291191
       8       -0.000003603504    -0.000004258960     0.000002590628
       9       -0.000003475681    -0.000002198977     0.000002628358
      10       -0.000004244129     0.000005210498    -0.000005340946
      11        0.000003644293     0.000004243030     0.000002598126
      12        0.000003397163     0.000002274157     0.000002609490


*** tstop() called on wanukaka at Thu Apr 21 15:07:12 2022
Module time:
	user time   =      10.06 seconds =       0.17 minutes
	system time =       0.20 seconds =       0.00 minutes
	total time  =          1 seconds =       0.02 minutes
Total time:
	user time   =    1479.04 seconds =      24.65 minutes
	system time =      43.87 seconds =       0.73 minutes
	total time  =        151 seconds =       2.52 minutes

			-----------------------------------------
			 OPTKING 2.0: for geometry optimizations 
			  - R.A. King,  Bethel University        
			-----------------------------------------

	Previous internal coordinate definitions found.
	---Fragment 1 Geometry and Gradient---
	 C          -1.4457553572        2.2167519573       -0.0027044569
	 C           1.1968656593        2.3604131810       -0.0014321638
	 C           2.6425848665        0.1437102893        0.0016415374
	 C           1.4457554271       -2.2167507513        0.0034476130
	 C          -1.1968661109       -2.3604133068        0.0010661304
	 C          -2.6425844481       -0.1437113752       -0.0020177383
	 H          -2.5666035277        3.9352860650       -0.0050118609
	 H           2.1247621891        4.1903622479       -0.0024401743
	 H           4.6913199330        0.2550866059        0.0030162704
	 H           2.5666016335       -3.9352860232        0.0059102920
	 H          -2.1247610397       -4.1903630907        0.0019932738
	 H          -4.6913196270       -0.2550857372       -0.0034787781
	            -0.0000036280        0.0000464179        0.0000490234
	             0.0000172498       -0.0000080574       -0.0000242584
	             0.0000143315        0.0000462868       -0.0000244659
	             0.0000042047       -0.0000457937        0.0000486253
	            -0.0000177928        0.0000081093       -0.0000237699
	            -0.0000142538       -0.0000469272       -0.0000249147
	             0.0000041704       -0.0000053051       -0.0000052912
	            -0.0000036035       -0.0000042590        0.0000025906
	            -0.0000034757       -0.0000021990        0.0000026284
	            -0.0000042441        0.0000052105       -0.0000053409
	             0.0000036443        0.0000042430        0.0000025981
	             0.0000033972        0.0000022742        0.0000026095

	---Fragment 1 Intrafragment Coordinates---
	 - Coordinate -           - BOHR/RAD -       - ANG/DEG -
	 R(1,2)           =         2.646523	       1.400480
	 R(1,6)           =         2.646543	       1.400490
	 R(1,7)           =         2.051747	       1.085738
	 R(2,3)           =         2.646485	       1.400460
	 R(2,8)           =         2.051757	       1.085743
	 R(3,4)           =         2.646541	       1.400489
	 R(3,9)           =         2.051761	       1.085745
	 R(4,5)           =         2.646525	       1.400481
	 R(4,10)          =         2.051747	       1.085738
	 R(5,6)           =         2.646484	       1.400459
	 R(5,11)          =         2.051757	       1.085743
	 R(6,12)          =         2.051761	       1.085745
	 B(1,2,3)         =         2.094402	     120.000423
	 B(1,2,8)         =         2.094386	     119.999500
	 B(1,6,5)         =         2.094420	     120.001431
	 B(1,6,12)        =         2.094362	     119.998098
	 B(2,1,6)         =         2.094363	     119.998144
	 B(2,1,7)         =         2.094415	     120.001158
	 B(2,3,4)         =         2.094420	     120.001423
	 B(2,3,9)         =         2.094402	     120.000417
	 B(3,2,8)         =         2.094396	     120.000076
	 B(3,4,5)         =         2.094363	     119.998153
	 B(3,4,10)        =         2.094408	     120.000753
	 B(4,3,9)         =         2.094363	     119.998158
	 B(4,5,6)         =         2.094402	     120.000414
	 B(4,5,11)        =         2.094386	     119.999459
	 B(5,4,10)        =         2.094414	     120.001090
	 B(5,6,12)        =         2.094403	     120.000470
	 B(6,1,7)         =         2.094407	     120.000693
	 B(6,5,11)        =         2.094397	     120.000127
	 D(1,2,3,4)       =        -0.000000	      -0.000000
	 D(1,2,3,9)       =        -3.141374	    -179.987477
	 D(1,6,5,4)       =        -0.000000	      -0.000000
	 D(1,6,5,11)      =         3.141370	     179.987269
	 D(2,1,6,5)       =         0.000491	       0.028123
	 D(2,1,6,12)      =        -3.141326	    -179.984694
	 D(2,3,4,5)       =         0.000486	       0.027841
	 D(2,3,4,10)      =        -3.141548	    -179.997429
	 D(3,2,1,6)       =        -0.000486	      -0.027869
	 D(3,2,1,7)       =         3.141550	     179.997564
	 D(3,4,5,6)       =        -0.000481	      -0.027586
	 D(3,4,5,11)      =         3.141326	     179.984749
	 D(4,3,2,8)       =         3.141372	     179.987356
	 D(4,5,6,12)      =        -3.141376	    -179.987578
	 D(5,4,3,9)       =        -3.141327	    -179.984795
	 D(5,6,1,7)       =        -3.141546	    -179.997309
	 D(6,1,2,8)       =         3.141325	     179.984662
	 D(6,5,4,10)      =         3.141552	     179.997684
	 D(7,1,2,8)       =         0.000176	       0.010095
	 D(7,1,6,12)      =        -0.000177	      -0.010127
	 D(8,2,3,9)       =        -0.000000	      -0.000000
	 D(9,3,4,10)      =        -0.000176	      -0.010065
	 D(10,4,5,11)     =         0.000175	       0.010019
	 D(11,5,6,12)     =         0.000000	       0.000000

	Current energy   :      -232.1986473647

	Energy change for the previous step:
		Projected    :        -0.0000057605
		Actual       :         0.0000043037

	Performing BFGS update.
	Previous computed or guess Hessian on step 1.
	Steps to be used in Hessian update: 2 1
	Taking RFO optimization step.
	Going to follow RFO solution 1.
	Using RFO vector 1.
	Norm of target step-size    0.00192
	Projected energy change by RFO approximation:        -0.0000000626

	Back-transformation to cartesian coordinates...
	Could not converge backtransformation.
	Using first guess instead.

	--- Internal Coordinate Step in ANG or DEG, aJ/ANG or AJ/DEG ---
	 ---------------------------------------------------------------------------
	   Coordinate                Previous        Force       Change         New 
	   ----------                --------       ------       ------       ------
	    1 R(1,2)          =      1.400480    -0.000097    -0.000013     1.400467
	    2 R(1,6)          =      1.400490    -0.000316    -0.000043     1.400447
	    3 R(1,7)          =      1.085738     0.000055     0.000008     1.085745
	    4 R(2,3)          =      1.400460     0.000061     0.000009     1.400468
	    5 R(2,8)          =      1.085743     0.000045     0.000005     1.085748
	    6 R(3,4)          =      1.400489    -0.000313    -0.000042     1.400447
	    7 R(3,9)          =      1.085745     0.000030     0.000003     1.085748
	    8 R(4,5)          =      1.400481    -0.000100    -0.000014     1.400467
	    9 R(4,10)         =      1.085738     0.000055     0.000008     1.085745
	   10 R(5,6)          =      1.400459     0.000063     0.000009     1.400468
	   11 R(5,11)         =      1.085743     0.000045     0.000005     1.085748
	   12 R(6,12)         =      1.085745     0.000029     0.000003     1.085748
	   13 B(1,2,3)        =    120.000423    -0.000000    -0.001139   119.999285
	   14 B(1,2,8)        =    119.999500     0.000000     0.000968   120.000468
	   15 B(1,6,5)        =    120.001431    -0.000000    -0.000278   120.001153
	   16 B(1,6,12)       =    119.998098     0.000000     0.001019   119.999117
	   17 B(2,1,6)        =    119.998144     0.000000     0.001416   119.999560
	   18 B(2,1,7)        =    120.001158    -0.000000    -0.000383   120.000776
	   19 B(2,3,4)        =    120.001423    -0.000000    -0.000274   120.001149
	   20 B(2,3,9)        =    120.000417    -0.000000    -0.000715   119.999702
	   21 B(3,2,8)        =    120.000076     0.000000     0.000171   120.000247
	   22 B(3,4,5)        =    119.998153     0.000000     0.001407   119.999560
	   23 B(3,4,10)       =    120.000753    -0.000000    -0.001068   119.999685
	   24 B(4,3,9)        =    119.998158     0.000000     0.000990   119.999148
	   25 B(4,5,6)        =    120.000414    -0.000000    -0.001125   119.999289
	   26 B(4,5,11)       =    119.999459     0.000000     0.000979   120.000438
	   27 B(5,4,10)       =    120.001090    -0.000000    -0.000336   120.000753
	   28 B(5,6,12)       =    120.000470    -0.000000    -0.000741   119.999729
	   29 B(6,1,7)        =    120.000693    -0.000000    -0.001030   119.999663
	   30 B(6,5,11)       =    120.000127     0.000000     0.000147   120.000273
	   31 D(1,2,3,4)      =      0.000000     0.000000     0.000000     0.000000
	   32 D(1,2,3,9)      =   -179.987477    -0.000000    -0.019431  -180.006908
	   33 D(1,6,5,4)      =      0.000000     0.000000     0.000000     0.000000
	   34 D(1,6,5,11)     =    179.987269     0.000000     0.019762   180.007031
	   35 D(2,1,6,5)      =      0.028123    -0.000000    -0.043115    -0.014992
	   36 D(2,1,6,12)     =   -179.984694    -0.000000    -0.023185  -180.007879
	   37 D(2,3,4,5)      =      0.027841    -0.000000    -0.042673    -0.014832
	   38 D(2,3,4,10)     =   -179.997429    -0.000000    -0.003432  -180.000862
	   39 D(3,2,1,6)      =     -0.027869     0.000000     0.042675     0.014807
	   40 D(3,2,1,7)      =    179.997564     0.000000     0.002436   180.000000
	   41 D(3,4,5,6)      =     -0.027586     0.000000     0.042233     0.014647
	   42 D(3,4,5,11)     =    179.984749     0.000000     0.023132   180.007881
	   43 D(4,3,2,8)      =    179.987356     0.000000     0.019617   180.006973
	   44 D(4,5,6,12)     =   -179.987578    -0.000000    -0.019270  -180.006848
	   45 D(5,4,3,9)      =   -179.984795    -0.000000    -0.023024  -180.007819
	   46 D(5,6,1,7)      =   -179.997309    -0.000000    -0.003620  -180.000929
	   47 D(6,1,2,8)      =    179.984662     0.000000     0.023276   180.007938
	   48 D(6,5,4,10)     =    179.997684     0.000000     0.002316   180.000000
	   49 D(7,1,2,8)      =      0.010095    -0.000000    -0.016219    -0.006124
	   50 D(7,1,6,12)     =     -0.010127     0.000000     0.016310     0.006183
	   51 D(8,2,3,9)      =      0.000000    -0.000000     0.000000     0.000000
	   52 D(9,3,4,10)     =     -0.010065     0.000000     0.016216     0.006151
	   53 D(10,4,5,11)    =      0.010019    -0.000000    -0.016109    -0.006090
	   54 D(11,5,6,12)    =      0.000000    -0.000000     0.000000     0.000000
	 ---------------------------------------------------------------------------
	Successfully symmetrized geometry.

  ==> Convergence Check <==

  Measures of convergence in internal coordinates in au.
  Criteria marked as inactive (o), active & met (*), and active & unmet ( ).
  ---------------------------------------------------------------------------------------------
   Step     Total Energy     Delta E     MAX Force     RMS Force      MAX Disp      RMS Disp   
  ---------------------------------------------------------------------------------------------
    Convergence Criteria    1.00e-06 *    3.00e-04 *             o    1.20e-03 *             o
  ---------------------------------------------------------------------------------------------
      3    -232.19864736    4.30e-06      3.84e-05 *    9.72e-06 o    7.52e-04 *    2.61e-04 o  ~
  ---------------------------------------------------------------------------------------------


  **** Optimization is complete! (in 3 steps) ****

  ==> Optimization Summary <==

  Measures of convergence in internal coordinates in au.
  --------------------------------------------------------------------------------------------------------------- ~
   Step         Total Energy             Delta E       MAX Force       RMS Force        MAX Disp        RMS Disp  ~
  --------------------------------------------------------------------------------------------------------------- ~
      1    -232.198470857257   -232.198470857257      0.00571944      0.00187217      0.01228433      0.00432579  ~
      2    -232.198651668329     -0.000180811072      0.00071509      0.00023417      0.00157181      0.00072797  ~
      3    -232.198647364676      0.000004303653      0.00003837      0.00000972      0.00075250      0.00026133  ~
  --------------------------------------------------------------------------------------------------------------- ~

	Writing optimization data to binary file.
	Final energy is   -232.1986473646756
	Final (previous) structure:
	Cartesian Geometry (in Angstrom)
	    C    -0.7650607842   1.1730546129  -0.0014311370
	    C     0.6333540286   1.2490768583  -0.0007578684
	    C     1.3983956831   0.0760482097   0.0008686642
	    C     0.7650608212  -1.1730539747   0.0018243982
	    C    -0.6333542676  -1.2490769248   0.0005641719
	    C    -1.3983954617  -0.0760487844  -0.0010677411
	    H    -1.3581880903   2.0824636949  -0.0026521626
	    H     1.1243757241   2.2174441973  -0.0012912846
	    H     2.4825395867   0.1349860180   0.0015961416
	    H     1.3581870880  -2.0824636728   0.0031275918
	    H    -1.1243751159  -2.2174446433   0.0010547951
	    H    -2.4825394248  -0.1349855584  -0.0018408901
	Saving final (previous) structure.
			--------------------------
			 OPTKING Finished Execution 
			--------------------------

    Final optimized geometry and variables:
    Molecular point group: c1
    Full point group: C1

    Geometry (in Angstrom), charge = 0, multiplicity = 1:

    C           -0.765060787218     1.173054617519    -0.001431136984
    C            0.633354031131     1.249076863174    -0.000757868425
    C            1.398395688627     0.076048210030     0.000868664194
    C            0.765060824232    -1.173053979332     0.001824398241
    C           -0.633354270087    -1.249076929727     0.000564171937
    C           -1.398395467187    -0.076048784667    -0.001067741109
    H           -1.358188095672     2.082463703062    -0.002652162576
    H            1.124375728551     2.217444206022    -0.001291284635
    H            2.482539596505     0.134986018563     0.001596141576
    H            1.358187093331    -2.082463680955     0.003127591855
    H           -1.124375120305    -2.217444652020     0.001054795075
    H           -2.482539434564    -0.134985558920    -0.001840890094

	Removing binary optimization data file.
	Cleaning optimization helper files.

*** tstart() called on wanukaka
*** at Thu Apr 21 15:07:12 2022

   => Loading Basis Set <=

    Name: 6-31G
    Role: ORBITAL
    Keyword: BASIS
    atoms 1-6  entry C          line    87 file /home/sulstice/software/miniconda2/envs/qmpython2/share/psi4/basis/6-31g.gbs 
    atoms 7-12 entry H          line    26 file /home/sulstice/software/miniconda2/envs/qmpython2/share/psi4/basis/6-31g.gbs 


         ---------------------------------------------------------
                                   SCF
               by Justin Turney, Rob Parrish, Andy Simmonett
                          and Daniel G. A. Smith
                              RKS Reference
                       12 Threads,   7629 MiB Core
         ---------------------------------------------------------

  ==> Geometry <==

    Molecular point group: c1
    Full point group: C1

    Geometry (in Angstrom), charge = 0, multiplicity = 1:

       Center              X                  Y                   Z               Mass       
    ------------   -----------------  -----------------  -----------------  -----------------
         C           -0.765060787218     1.173054617519    -0.001431136984    12.000000000000
         C            0.633354031131     1.249076863174    -0.000757868425    12.000000000000
         C            1.398395688627     0.076048210030     0.000868664194    12.000000000000
         C            0.765060824232    -1.173053979332     0.001824398241    12.000000000000
         C           -0.633354270087    -1.249076929727     0.000564171937    12.000000000000
         C           -1.398395467187    -0.076048784667    -0.001067741109    12.000000000000
         H           -1.358188095672     2.082463703062    -0.002652162576     1.007825032230
         H            1.124375728551     2.217444206022    -0.001291284635     1.007825032230
         H            2.482539596505     0.134986018563     0.001596141576     1.007825032230
         H            1.358187093331    -2.082463680955     0.003127591855     1.007825032230
         H           -1.124375120305    -2.217444652020     0.001054795075     1.007825032230
         H           -2.482539434564    -0.134985558920    -0.001840890094     1.007825032230

  Running in c1 symmetry.

  Rotational constants: A =      0.18878  B =      0.18878  C =      0.09439 [cm^-1]
  Rotational constants: A =   5659.58660  B =   5659.47456  C =   2829.76534 [MHz]
  Nuclear repulsion =  202.746783296725312

  Charge       = 0
  Multiplicity = 1
  Electrons    = 42
  Nalpha       = 21
  Nbeta        = 21

  ==> Algorithm <==

  SCF Algorithm Type is DF.
  DIIS enabled.
  MOM disabled.
  Fractional occupation disabled.
  Guess Type is SAD.
  Energy threshold   = 1.00e-06
  Density threshold  = 1.00e-06
  Integral threshold = 0.00e+00

  ==> Primary Basis <==

  Basis Set: 6-31G
    Blend: 6-31G
    Number of shells: 42
    Number of basis function: 66
    Number of Cartesian functions: 66
    Spherical Harmonics?: false
    Max angular momentum: 1

  ==> DFT Potential <==

   => Composite Functional: B3LYP <= 

    B3LYP Hyb-GGA Exchange-Correlation Functional

    P. J. Stephens, F. J. Devlin, C. F. Chabalowski, and M. J. Frisch, J. Phys. Chem. 98, 11623 (1994)

    Deriv               =              1
    GGA                 =           TRUE
    Meta                =          FALSE

    Exchange Hybrid     =           TRUE
    MP2 Hybrid          =          FALSE

   => Exchange Functionals <=

    0.0800   Slater exchange
    0.7200         Becke 88

   => Exact (HF) Exchange <=

    0.2000               HF 

   => Correlation Functionals <=

    0.1900   Vosko, Wilk & Nusair (VWN5_RPA)
    0.8100   Lee, Yang & Parr

   => Molecular Quadrature <=

    Radial Scheme          =       TREUTLER
    Pruning Scheme         =           FLAT
    Nuclear Scheme         =       TREUTLER

    BS radius alpha        =              1
    Pruning alpha          =              1
    Radial Points          =             75
    Spherical Points       =            302
    Total Points           =         263452
    Total Blocks           =           2040
    Max Points             =            256
    Max Functions          =             66

   => Loading Basis Set <=

    Name: (6-31G AUX)
    Role: JKFIT
    Keyword: DF_BASIS_SCF
    atoms 1-6  entry C          line   121 file /home/sulstice/software/miniconda2/envs/qmpython2/share/psi4/basis/cc-pvdz-jkfit.gbs 
    atoms 7-12 entry H          line    51 file /home/sulstice/software/miniconda2/envs/qmpython2/share/psi4/basis/cc-pvdz-jkfit.gbs 

  ==> Pre-Iterations <==

   -------------------------------------------------------
    Irrep   Nso     Nmo     Nalpha   Nbeta   Ndocc  Nsocc
   -------------------------------------------------------
     A         66      66       0       0       0       0
   -------------------------------------------------------
    Total      66      66      21      21      21       0
   -------------------------------------------------------

  ==> Integral Setup <==

  DFHelper Memory: AOs need 0.025 GiB; user supplied 5.155 GiB. Using in-core AOs.

  ==> MemDFJK: Density-Fitted J/K Matrices <==

    J tasked:                   Yes
    K tasked:                   Yes
    wK tasked:                   No
    OpenMP threads:              12
    Memory [MiB]:              5278
    Algorithm:                 Core
    Schwarz Cutoff:           1E-12
    Mask sparsity (%):       0.8264
    Fitting Condition:        1E-10

   => Auxiliary Basis Set <=

  Basis Set: (6-31G AUX)
    Blend: CC-PVDZ-JKFIT
    Number of shells: 198
    Number of basis function: 636
    Number of Cartesian functions: 636
    Spherical Harmonics?: false
    Max angular momentum: 3

  Cached 100.0% of DFT collocation blocks in 0.433 [GiB].

  Minimum eigenvalue in the overlap matrix is 7.2060475726E-04.
  Using Symmetric Orthogonalization.

  SCF Guess: Superposition of Atomic Densities via on-the-fly atomic UHF.

  ==> Iterations <==

                           Total Energy        Delta E     RMS |[F,P]|

   @DF-RKS iter SAD:  -231.68819767909847   -2.31688e+02   0.00000e+00 
   @DF-RKS iter   1:  -231.90394220439021   -2.15745e-01   1.04879e-02 DIIS
   @DF-RKS iter   2:  -231.90085408898074    3.08812e-03   1.07551e-02 DIIS
   @DF-RKS iter   3:  -232.19837118098957   -2.97517e-01   2.99997e-04 DIIS
   @DF-RKS iter   4:  -232.19864399437358   -2.72813e-04   3.33817e-05 DIIS
   @DF-RKS iter   5:  -232.19864735226483   -3.35789e-06   2.08364e-06 DIIS
   @DF-RKS iter   6:  -232.19864736475790   -1.24931e-08   3.14336e-07 DIIS
  Energy and wave function converged.


  ==> Post-Iterations <==

    Orbital Energies [Eh]
    ---------------------

    Doubly Occupied:                                                      

       1A    -10.185689     2A    -10.185492     3A    -10.185486  
       4A    -10.185041     5A    -10.185035     6A    -10.184847  
       7A     -0.851174     8A     -0.743889     9A     -0.743882  
      10A     -0.601105    11A     -0.601099    12A     -0.522648  
      13A     -0.460605    14A     -0.443673    15A     -0.421611  
      16A     -0.421605    17A     -0.361437    18A     -0.342336  
      19A     -0.342321    20A     -0.248202    21A     -0.248196  

    Virtual:                                                              

      22A      0.003746    23A      0.003753    24A      0.092697  
      25A      0.143894    26A      0.143899    27A      0.160434  
      28A      0.181032    29A      0.181034    30A      0.190117  
      31A      0.303050    32A      0.303059    33A      0.320836  
      34A      0.320850    35A      0.497220    36A      0.526240  
      37A      0.541430    38A      0.557776    39A      0.591421  
      40A      0.610860    41A      0.610871    42A      0.621937  
      43A      0.621951    44A      0.634146    45A      0.666965  
      46A      0.666970    47A      0.667499    48A      0.667500  
      49A      0.742138    50A      0.845529    51A      0.860024  
      52A      0.860029    53A      0.903192    54A      0.903199  
      55A      0.970348    56A      0.972842    57A      1.005440  
      58A      1.005454    59A      1.127032    60A      1.127036  
      61A      1.190880    62A      1.190897    63A      1.221356  
      64A      1.462686    65A      1.462712    66A      1.906900  

    Final Occupation by Irrep:
              A 
    DOCC [    21 ]

  @DF-RKS Final Energy:  -232.19864736475790

   => Energetics <=

    Nuclear Repulsion Energy =            202.7467832967253116
    One-Electron Energy =                -712.7168100908560291
    Two-Electron Energy =                 305.9188568386854286
    DFT Exchange-Correlation Energy =     -28.1474774093126356
    Empirical Dispersion Energy =           0.0000000000000000
    VV10 Nonlocal Energy =                  0.0000000000000000
    Total Energy =                       -232.1986473647579317

Computation Completed


Properties will be evaluated at   0.000000,   0.000000,   0.000000 [a0]

Properties computed using the SCF density matrix

  Nuclear Dipole Moment: [e a0]
     X:    -0.0000      Y:     0.0000      Z:    -0.0000

  Electronic Dipole Moment: [e a0]
     X:    -0.0000      Y:    -0.0000      Z:     0.0000

  Dipole Moment: [e a0]
     X:    -0.0000      Y:    -0.0000      Z:    -0.0000     Total:     0.0000

  Dipole Moment: [D]
     X:    -0.0000      Y:    -0.0000      Z:    -0.0000     Total:     0.0000


*** tstop() called on wanukaka at Thu Apr 21 15:07:14 2022
Module time:
	user time   =      19.29 seconds =       0.32 minutes
	system time =       0.31 seconds =       0.01 minutes
	total time  =          2 seconds =       0.03 minutes
Total time:
	user time   =    1498.64 seconds =      24.98 minutes
	system time =      44.20 seconds =       0.74 minutes
	total time  =        153 seconds =       2.55 minutes
