gradient() will perform analytic gradient computation.

*** tstart() called on wanukaka
*** at Thu Apr 14 20:22:35 2022

   => Loading Basis Set <=

    Name: CC-PVDZ
    Role: ORBITAL
    Keyword: BASIS
    atoms 1-3 entry C          line   138 file /home/sulstice/software/miniconda2/envs/qmpython2/share/psi4/basis/cc-pvdz.gbs 
    atoms 4-9 entry H          line    22 file /home/sulstice/software/miniconda2/envs/qmpython2/share/psi4/basis/cc-pvdz.gbs 


         ---------------------------------------------------------
                                   SCF
               by Justin Turney, Rob Parrish, Andy Simmonett
                          and Daniel G. A. Smith
                              RHF Reference
                       10 Threads,   7629 MiB Core
         ---------------------------------------------------------

  ==> Geometry <==

    Molecular point group: c1
    Full point group: C1

    Geometry (in Angstrom), charge = 0, multiplicity = 1:

       Center              X                  Y                   Z               Mass       
    ------------   -----------------  -----------------  -----------------  -----------------
         C           -0.027826666667     0.862929280929     0.082171393478    12.000000000000
         C           -0.736836666667    -0.455680719071    -0.041088606522    12.000000000000
         C            0.764663333333    -0.407250719071    -0.041098606522    12.000000000000
         H           -0.043886666667     1.361139280929     1.044991393478     1.007825032230
         H           -0.049476666667     1.534149280929    -0.768498606522     1.007825032230
         H           -1.238216666667    -0.678810719071    -0.975918606522     1.007825032230
         H           -1.233816666667    -0.850030719071     0.837781393478     1.007825032230
         H            1.279363333333    -0.597640719071    -0.975928606522     1.007825032230
         H            1.286033333333    -0.768780719071     0.837761393478     1.007825032230

  Running in c1 symmetry.

  Rotational constants: A =      0.67547  B =      0.67543  C =      0.42270 [cm^-1]
  Rotational constants: A =  20250.13923  B =  20248.82755  C =  12672.17797 [MHz]
  Nuclear repulsion =   75.877601308796244

  Charge       = 0
  Multiplicity = 1
  Electrons    = 24
  Nalpha       = 12
  Nbeta        = 12

  ==> Algorithm <==

  SCF Algorithm Type is DF.
  DIIS enabled.
  MOM disabled.
  Fractional occupation disabled.
  Guess Type is SAD.
  Energy threshold   = 1.00e-08
  Density threshold  = 1.00e-08
  Integral threshold = 0.00e+00

  ==> Primary Basis <==

  Basis Set: CC-PVDZ
    Blend: CC-PVDZ
    Number of shells: 36
    Number of basis function: 72
    Number of Cartesian functions: 75
    Spherical Harmonics?: true
    Max angular momentum: 2

   => Loading Basis Set <=

    Name: (CC-PVDZ AUX)
    Role: JKFIT
    Keyword: DF_BASIS_SCF
    atoms 1-3 entry C          line   121 file /home/sulstice/software/miniconda2/envs/qmpython2/share/psi4/basis/cc-pvdz-jkfit.gbs 
    atoms 4-9 entry H          line    51 file /home/sulstice/software/miniconda2/envs/qmpython2/share/psi4/basis/cc-pvdz-jkfit.gbs 

  ==> Pre-Iterations <==

   -------------------------------------------------------
    Irrep   Nso     Nmo     Nalpha   Nbeta   Ndocc  Nsocc
   -------------------------------------------------------
     A         72      72       0       0       0       0
   -------------------------------------------------------
    Total      72      72      12      12      12       0
   -------------------------------------------------------

  ==> Integral Setup <==

  DFHelper Memory: AOs need 0.016 GiB; user supplied 5.588 GiB. Using in-core AOs.

  ==> MemDFJK: Density-Fitted J/K Matrices <==

    J tasked:                   Yes
    K tasked:                   Yes
    wK tasked:                   No
    OpenMP threads:              10
    Memory [MiB]:              5722
    Algorithm:                 Core
    Schwarz Cutoff:           1E-12
    Mask sparsity (%):       0.0000
    Fitting Condition:        1E-10

   => Auxiliary Basis Set <=

  Basis Set: (CC-PVDZ AUX)
    Blend: CC-PVDZ-JKFIT
    Number of shells: 126
    Number of basis function: 348
    Number of Cartesian functions: 393
    Spherical Harmonics?: true
    Max angular momentum: 3

  Minimum eigenvalue in the overlap matrix is 5.7287891502E-03.
  Using Symmetric Orthogonalization.

  SCF Guess: Superposition of Atomic Densities via on-the-fly atomic UHF.

  ==> Iterations <==

                           Total Energy        Delta E     RMS |[F,P]|

   @DF-RHF iter SAD:  -116.72455439520245   -1.16725e+02   0.00000e+00 
   @DF-RHF iter   1:  -116.98969588315916   -2.65141e-01   4.77524e-03 DIIS
   @DF-RHF iter   2:  -117.05334339958435   -6.36475e-02   2.18565e-03 DIIS
   @DF-RHF iter   3:  -117.06636679784005   -1.30234e-02   4.16713e-04 DIIS
   @DF-RHF iter   4:  -117.06718317190416   -8.16374e-04   4.43050e-05 DIIS
   @DF-RHF iter   5:  -117.06719671745631   -1.35456e-05   9.31775e-06 DIIS
   @DF-RHF iter   6:  -117.06719735645554   -6.38999e-07   1.45715e-06 DIIS
   @DF-RHF iter   7:  -117.06719737262749   -1.61720e-08   2.09326e-07 DIIS
   @DF-RHF iter   8:  -117.06719737292944   -3.01952e-10   2.25370e-08 DIIS
   @DF-RHF iter   9:  -117.06719737293221   -2.77112e-12   6.14898e-09 DIIS
  Energy and wave function converged.


  ==> Post-Iterations <==

    Orbital Energies [Eh]
    ---------------------

    Doubly Occupied:                                                      

       1A    -11.228494     2A    -11.227500     3A    -11.227496  
       4A     -1.133494     5A     -0.816552     6A     -0.816539  
       7A     -0.665945     8A     -0.626104     9A     -0.509563  
      10A     -0.509539    11A     -0.418460    12A     -0.418423  

    Virtual:                                                              

      13A      0.191418    14A      0.206818    15A      0.238212  
      16A      0.238218    17A      0.305651    18A      0.305652  
      19A      0.313563    20A      0.404704    21A      0.404733  
      22A      0.550473    23A      0.576966    24A      0.666412  
      25A      0.666436    26A      0.747130    27A      0.824026  
      28A      0.824045    29A      0.845623    30A      0.845650  
      31A      0.847842    32A      0.875767    33A      0.906553  
      34A      0.906558    35A      0.925275    36A      0.925282  
      37A      1.009181    38A      1.386843    39A      1.402907  
      40A      1.402909    41A      1.444810    42A      1.444853  
      43A      1.447993    44A      1.726346    45A      1.730108  
      46A      1.730111    47A      1.837991    48A      1.837995  
      49A      1.851701    50A      1.851744    51A      1.882742  
      52A      1.990583    53A      1.999255    54A      2.014813  
      55A      2.014868    56A      2.084155    57A      2.084191  
      58A      2.232885    59A      2.232910    60A      2.390549  
      61A      2.398702    62A      2.422377    63A      2.422418  
      64A      2.604534    65A      2.604591    66A      2.633945  
      67A      2.713170    68A      2.796529    69A      2.937031  
      70A      2.937082    71A      3.134431    72A      3.134499  

    Final Occupation by Irrep:
              A 
    DOCC [    12 ]

  @DF-RHF Final Energy:  -117.06719737293221

   => Energetics <=

    Nuclear Repulsion Energy =             75.8776013087962440
    One-Electron Energy =                -306.6933815502081870
    Two-Electron Energy =                 113.7485828684797298
    Total Energy =                       -117.0671973729322133

Computation Completed


Properties will be evaluated at   0.000000,   0.000000,   0.000000 [a0]

Properties computed using the SCF density matrix

  Nuclear Dipole Moment: [e a0]
     X:     0.0000      Y:     0.0000      Z:     0.0002

  Electronic Dipole Moment: [e a0]
     X:     0.0000      Y:     0.0000      Z:    -0.0002

  Dipole Moment: [e a0]
     X:     0.0000      Y:     0.0000      Z:    -0.0000     Total:     0.0000

  Dipole Moment: [D]
     X:     0.0000      Y:     0.0001      Z:    -0.0001     Total:     0.0001


*** tstop() called on wanukaka at Thu Apr 14 20:22:36 2022
Module time:
	user time   =       6.62 seconds =       0.11 minutes
	system time =       0.27 seconds =       0.00 minutes
	total time  =          1 seconds =       0.02 minutes
Total time:
	user time   =  263641.60 seconds =    4394.03 minutes
	system time =    6520.31 seconds =     108.67 minutes
	total time  =      27900 seconds =     465.00 minutes

*** tstart() called on wanukaka
*** at Thu Apr 14 20:22:36 2022


         ------------------------------------------------------------
                                   SCF GRAD                          
                          Rob Parrish, Justin Turney,                
                       Andy Simmonett, and Alex Sokolov              
         ------------------------------------------------------------

  ==> Geometry <==

    Molecular point group: c1
    Full point group: C1

    Geometry (in Angstrom), charge = 0, multiplicity = 1:

       Center              X                  Y                   Z               Mass       
    ------------   -----------------  -----------------  -----------------  -----------------
         C           -0.027826666667     0.862929280929     0.082171393478    12.000000000000
         C           -0.736836666667    -0.455680719071    -0.041088606522    12.000000000000
         C            0.764663333333    -0.407250719071    -0.041098606522    12.000000000000
         H           -0.043886666667     1.361139280929     1.044991393478     1.007825032230
         H           -0.049476666667     1.534149280929    -0.768498606522     1.007825032230
         H           -1.238216666667    -0.678810719071    -0.975918606522     1.007825032230
         H           -1.233816666667    -0.850030719071     0.837781393478     1.007825032230
         H            1.279363333333    -0.597640719071    -0.975928606522     1.007825032230
         H            1.286033333333    -0.768780719071     0.837761393478     1.007825032230

  Nuclear repulsion =   75.877601308796244

  ==> Basis Set <==

  Basis Set: CC-PVDZ
    Blend: CC-PVDZ
    Number of shells: 36
    Number of basis function: 72
    Number of Cartesian functions: 75
    Spherical Harmonics?: true
    Max angular momentum: 2

  ==> DFJKGrad: Density-Fitted SCF Gradients <==

    Gradient:                    1
    J tasked:                  Yes
    K tasked:                  Yes
    wK tasked:                  No
    OpenMP threads:             10
    Integrals threads:          10
    Memory [MiB]:             5722
    Schwarz Cutoff:          0E+00
    Fitting Condition:       1E-10

   => Auxiliary Basis Set <=

  Basis Set: (CC-PVDZ AUX)
    Blend: CC-PVDZ-JKFIT
    Number of shells: 126
    Number of basis function: 348
    Number of Cartesian functions: 393
    Spherical Harmonics?: true
    Max angular momentum: 3


  -Total Gradient:
     Atom            X                  Y                   Z
    ------   -----------------  -----------------  -----------------
       1       -0.000038456403     0.001218104643    -0.000017651917
       2       -0.001104155515    -0.000659155633    -0.000066921075
       3        0.001141162359    -0.000576883380    -0.000070862992
       4       -0.000009158433     0.000284954216     0.001064807855
       5       -0.000009627472     0.000308789575    -0.000759446098
       6       -0.000231784109    -0.000117083500    -0.000935358376
       7       -0.000259297618    -0.000184458890     0.000858291572
       8        0.000238343081    -0.000104062131    -0.000933085959
       9        0.000272974111    -0.000170204902     0.000860226990


*** tstop() called on wanukaka at Thu Apr 14 20:22:37 2022
Module time:
	user time   =       5.28 seconds =       0.09 minutes
	system time =       0.21 seconds =       0.00 minutes
	total time  =          1 seconds =       0.02 minutes
Total time:
	user time   =  263646.99 seconds =    4394.12 minutes
	system time =    6520.53 seconds =     108.68 minutes
	total time  =      27901 seconds =     465.02 minutes

			-----------------------------------------
			 OPTKING 2.0: for geometry optimizations 
			  - R.A. King,  Bethel University        
			-----------------------------------------

	Internal coordinates to be generated automatically.
	Detected frag 1 with atoms:  1 2 3 4 5 6 7 8 9
	---Fragment 1 Bond Connectivity---
	 1 : 2 3 4 5
	 2 : 1 3 6 7
	 3 : 1 2 8 9
	 4 : 1
	 5 : 1
	 6 : 2
	 7 : 2
	 8 : 3
	 9 : 3

	---Fragment 1 Geometry and Gradient---
	 C          -0.0525847790        1.6307000066        0.1552814290
	 C          -1.3924194992       -0.8611117597       -0.0776462132
	 C           1.4450042782       -0.7695923234       -0.0776651105
	 H          -0.0829337806        2.5721804596        1.9747475371
	 H          -0.0934973496        2.8991219765       -1.4522518941
	 H          -2.3398903840       -1.2827663501       -1.8442188871
	 H          -2.3315755890       -1.6063252573        1.5831773867
	 H           2.4176463150       -1.1293772805       -1.8442377843
	 H           2.4302507882       -1.4527850096        1.5831395922
	            -0.0000384564        0.0012181046       -0.0000176519
	            -0.0011041555       -0.0006591556       -0.0000669211
	             0.0011411624       -0.0005768834       -0.0000708630
	            -0.0000091584        0.0002849542        0.0010648079
	            -0.0000096275        0.0003087896       -0.0007594461
	            -0.0002317841       -0.0001170835       -0.0009353584
	            -0.0002592976       -0.0001844589        0.0008582916
	             0.0002383431       -0.0001040621       -0.0009330860
	             0.0002729741       -0.0001702049        0.0008602270

	Previous optimization step data not found.  Starting new optimization.

	---Fragment 1 Intrafragment Coordinates---
	 - Coordinate -           - BOHR/RAD -       - ANG/DEG -
	 R(1,2)           =         2.838756	       1.502205
	 R(1,3)           =         2.838739	       1.502196
	 R(1,4)           =         2.048844	       1.084202
	 R(1,5)           =         2.048104	       1.083810
	 R(2,3)           =         2.838899	       1.502281
	 R(2,6)           =         2.048481	       1.084009
	 R(2,7)           =         2.048339	       1.083934
	 R(3,8)           =         2.048477	       1.084007
	 R(3,9)           =         2.048349	       1.083940
	 B(1,2,3)         =         1.047161	      59.997933
	 B(1,2,6)         =         2.059796	     118.017635
	 B(1,2,7)         =         2.059204	     117.983720
	 B(1,3,2)         =         1.047172	      59.998536
	 B(1,3,8)         =         2.059820	     118.019019
	 B(1,3,9)         =         2.059221	     117.984685
	 B(2,1,3)         =         1.047259	      60.003531
	 B(2,1,4)         =         2.059217	     117.984457
	 B(2,1,5)         =         2.059853	     118.020912
	 B(2,3,8)         =         2.058852	     117.963516
	 B(2,3,9)         =         2.060073	     118.033492
	 B(3,1,4)         =         2.059217	     117.984459
	 B(3,1,5)         =         2.059851	     118.020770
	 B(3,2,6)         =         2.058856	     117.963780
	 B(3,2,7)         =         2.060078	     118.033778
	 B(4,1,5)         =         1.995591	     114.338962
	 B(6,2,7)         =         1.995752	     114.348144
	 B(8,3,9)         =         1.995729	     114.346828
	 D(1,2,3,8)       =        -1.883488	    -107.915885
	 D(1,2,3,9)       =         1.882229	     107.843777
	 D(1,3,2,6)       =         1.883452	     107.913867
	 D(1,3,2,7)       =        -1.882202	    -107.842256
	 D(2,1,3,8)       =         1.881891	     107.824385
	 D(2,1,3,9)       =        -1.883633	    -107.924231
	 D(2,3,1,4)       =         1.882629	     107.866702
	 D(2,3,1,5)       =        -1.883125	    -107.895136
	 D(3,1,2,6)       =        -1.881903	    -107.825084
	 D(3,1,2,7)       =         1.883643	     107.924773
	 D(3,2,1,4)       =        -1.882629	    -107.866705
	 D(3,2,1,5)       =         1.883121	     107.894901
	 D(4,1,2,6)       =         2.518653	     144.308211
	 D(4,1,2,7)       =         0.001013	       0.058068
	 D(4,1,3,8)       =        -2.518666	    -144.308913
	 D(4,1,3,9)       =        -0.001004	      -0.057529
	 D(5,1,2,6)       =         0.001219	       0.069817
	 D(5,1,2,7)       =        -2.516421	    -144.180326
	 D(5,1,3,8)       =        -0.001235	      -0.070750
	 D(5,1,3,9)       =         2.516427	     144.180634
	 D(6,2,3,8)       =        -0.000035	      -0.002018
	 D(6,2,3,9)       =        -2.517504	    -144.242356
	 D(7,2,3,8)       =         2.517495	     144.241859
	 D(7,2,3,9)       =         0.000027	       0.001521

	Current energy   :      -117.0671973729

	Generating empirical Hessian (Schlegel '84) for each fragment.
	Taking RFO optimization step.
	Going to follow RFO solution 1.
	Using RFO vector 1.
	Norm of target step-size    0.01070
	Projected energy change by RFO approximation:        -0.0000205779

	Back-transformation to cartesian coordinates...
	Could not converge backtransformation.
	Using first guess instead.

	--- Internal Coordinate Step in ANG or DEG, aJ/ANG or AJ/DEG ---
	 ---------------------------------------------------------------------------
	   Coordinate                Previous        Force       Change         New 
	   ----------                --------       ------       ------       ------
	    1 R(1,2)          =      1.502205    -0.008769    -0.001748     1.500457
	    2 R(1,3)          =      1.502196    -0.008753    -0.001743     1.500453
	    3 R(1,4)          =      1.084202    -0.008870    -0.001605     1.082597
	    4 R(1,5)          =      1.083810    -0.006488    -0.001172     1.082638
	    5 R(2,3)          =      1.502281    -0.008934    -0.001795     1.500486
	    6 R(2,6)          =      1.084009    -0.007727    -0.001397     1.082613
	    7 R(2,7)          =      1.083934    -0.007266    -0.001313     1.082621
	    8 R(3,8)          =      1.084007    -0.007712    -0.001394     1.082613
	    9 R(3,9)          =      1.083940    -0.007296    -0.001318     1.082621
	   10 B(1,2,3)        =     59.997933     0.000000     0.001245    59.999178
	   11 B(1,2,6)        =    118.017635     0.000003     0.013122   118.030757
	   12 B(1,2,7)        =    117.983720     0.000007     0.070968   118.054688
	   13 B(1,3,2)        =     59.998536     0.000000     0.000914    59.999450
	   14 B(1,3,8)        =    118.019019     0.000003     0.011846   118.030866
	   15 B(1,3,9)        =    117.984685     0.000007     0.070084   118.054769
	   16 B(2,1,3)        =     60.003531    -0.000001    -0.002159    60.001372
	   17 B(2,1,4)        =    117.984457     0.000004     0.040876   118.025334
	   18 B(2,1,5)        =    118.020912     0.000006     0.041304   118.062216
	   19 B(2,3,8)        =    117.963516     0.000006     0.072672   118.036188
	   20 B(2,3,9)        =    118.033492     0.000004     0.014809   118.048302
	   21 B(3,1,4)        =    117.984459     0.000004     0.040922   118.025381
	   22 B(3,1,5)        =    118.020770     0.000006     0.041636   118.062405
	   23 B(3,2,6)        =    117.963780     0.000006     0.071979   118.035760
	   24 B(3,2,7)        =    118.033778     0.000004     0.014366   118.048144
	   25 B(4,1,5)        =    114.338962    -0.000013    -0.099144   114.239818
	   26 B(6,2,7)        =    114.348144    -0.000013    -0.103874   114.244271
	   27 B(8,3,9)        =    114.346828    -0.000013    -0.103129   114.243699
	   28 D(1,2,3,8)      =   -107.915885    -0.000000     0.016897  -107.898988
	   29 D(1,2,3,9)      =    107.843777     0.000002     0.078954   107.922731
	   30 D(1,3,2,6)      =    107.913867     0.000000    -0.014926   107.898941
	   31 D(1,3,2,7)      =   -107.842256    -0.000002    -0.080344  -107.922600
	   32 D(2,1,3,8)      =    107.824385     0.000001     0.083375   107.907760
	   33 D(2,1,3,9)      =   -107.924231    -0.000001     0.012159  -107.912071
	   34 D(2,3,1,4)      =    107.866702     0.000001     0.030989   107.897691
	   35 D(2,3,1,5)      =   -107.895136    -0.000001    -0.031223  -107.926359
	   36 D(3,1,2,6)      =   -107.825084    -0.000001    -0.082103  -107.907187
	   37 D(3,1,2,7)      =    107.924773     0.000001    -0.012959   107.911814
	   38 D(3,2,1,4)      =   -107.866705    -0.000001    -0.031064  -107.897769
	   39 D(3,2,1,5)      =    107.894901     0.000001     0.031770   107.926671
	   40 D(4,1,2,6)      =    144.308211    -0.000002    -0.113167   144.195044
	   41 D(4,1,2,7)      =      0.058068    -0.000000    -0.044023     0.014045
	   42 D(4,1,3,8)      =   -144.308913     0.000002     0.114364  -144.194549
	   43 D(4,1,3,9)      =     -0.057529     0.000000     0.043148    -0.014381
	   44 D(5,1,2,6)      =      0.069817    -0.000000    -0.050333     0.019484
	   45 D(5,1,2,7)      =   -144.180326     0.000002     0.018811  -144.161515
	   46 D(5,1,3,8)      =     -0.070750     0.000000     0.052151    -0.018599
	   47 D(5,1,3,9)      =    144.180634    -0.000002    -0.019064   144.161570
	   48 D(6,2,3,8)      =     -0.002018     0.000000     0.002018     0.000000
	   49 D(6,2,3,9)      =   -144.242356     0.000002     0.064028  -144.178329
	   50 D(7,2,3,8)      =    144.241859    -0.000002    -0.063447   144.178412
	   51 D(7,2,3,9)      =      0.001521    -0.000000    -0.001521     0.000000
	 ---------------------------------------------------------------------------
	Successfully symmetrized geometry.

  ==> Convergence Check <==

  Measures of convergence in internal coordinates in au.
  Criteria marked as inactive (o), active & met (*), and active & unmet ( ).
  --------------------------------------------------------------------------------------------- ~
   Step     Total Energy     Delta E     MAX Force     RMS Force      MAX Disp      RMS Disp    ~
  --------------------------------------------------------------------------------------------- ~
    Convergence Criteria    1.00e-06 *    3.00e-04 *             o    1.20e-03 *             o  ~
  --------------------------------------------------------------------------------------------- ~
      1    -117.06719737   -1.17e+02      1.08e-03      4.15e-04 o    3.39e-03      1.50e-03 o  ~
  ---------------------------------------------------------------------------------------------

	Writing optimization data to binary file.
	Structure for next step:
	Cartesian Geometry (in Angstrom)
	    C    -0.0277925594   0.8619525700   0.0819148307
	    C    -0.7359583138  -0.4551593307  -0.0409224312
	    C     0.7637483276  -0.4067990535  -0.0409327151
	    H    -0.0438604571   1.3604590048   1.0427737422
	    H    -0.0494391393   1.5330020343  -0.7673959029
	    H    -1.2379002878  -0.6778581475  -0.9739334690
	    H    -1.2325468065  -0.8500245049   0.8363176288
	    H     1.2789897724  -0.5966973535  -0.9739474291
	    H     1.2847594639  -0.7688516907   0.8362982869
			--------------------------
			 OPTKING Finished Execution 
			--------------------------

    Structure for next step:
    Molecular point group: c1
    Full point group: C1

    Geometry (in Angstrom), charge = 0, multiplicity = 1:

    C           -0.027791894027     0.861953529392     0.081895092321
    C           -0.735957651215    -0.455158376460    -0.040942170067
    C            0.763748996115    -0.406798099047    -0.040952454007
    H           -0.043859791809     1.360459966182     1.042754007559
    H           -0.049438474032     1.533002996416    -0.767415644599
    H           -1.237899627194    -0.677857194068    -0.973953211545
    H           -1.232546145906    -0.850023552166     0.836297893415
    H            1.278990442853    -0.596696399771    -0.973967171607
    H            1.284760134446    -0.768850737697     0.836278551432

gradient() will perform analytic gradient computation.

*** tstart() called on wanukaka
*** at Thu Apr 14 20:22:37 2022

   => Loading Basis Set <=

    Name: CC-PVDZ
    Role: ORBITAL
    Keyword: BASIS
    atoms 1-3 entry C          line   138 file /home/sulstice/software/miniconda2/envs/qmpython2/share/psi4/basis/cc-pvdz.gbs 
    atoms 4-9 entry H          line    22 file /home/sulstice/software/miniconda2/envs/qmpython2/share/psi4/basis/cc-pvdz.gbs 


         ---------------------------------------------------------
                                   SCF
               by Justin Turney, Rob Parrish, Andy Simmonett
                          and Daniel G. A. Smith
                              RHF Reference
                       10 Threads,   7629 MiB Core
         ---------------------------------------------------------

  ==> Geometry <==

    Molecular point group: c1
    Full point group: C1

    Geometry (in Angstrom), charge = 0, multiplicity = 1:

       Center              X                  Y                   Z               Mass       
    ------------   -----------------  -----------------  -----------------  -----------------
         C           -0.027791894027     0.861953529392     0.081895092321    12.000000000000
         C           -0.735957651215    -0.455158376460    -0.040942170067    12.000000000000
         C            0.763748996115    -0.406798099047    -0.040952454007    12.000000000000
         H           -0.043859791809     1.360459966182     1.042754007559     1.007825032230
         H           -0.049438474032     1.533002996416    -0.767415644599     1.007825032230
         H           -1.237899627194    -0.677857194068    -0.973953211545     1.007825032230
         H           -1.232546145906    -0.850023552166     0.836297893415     1.007825032230
         H            1.278990442853    -0.596696399771    -0.973967171607     1.007825032230
         H            1.284760134446    -0.768850737697     0.836278551432     1.007825032230

  Running in c1 symmetry.

  Rotational constants: A =      0.67705  B =      0.67703  C =      0.42355 [cm^-1]
  Rotational constants: A =  20297.32017  B =  20296.75755  C =  12697.70297 [MHz]
  Nuclear repulsion =   75.964996669652848

  Charge       = 0
  Multiplicity = 1
  Electrons    = 24
  Nalpha       = 12
  Nbeta        = 12

  ==> Algorithm <==

  SCF Algorithm Type is DF.
  DIIS enabled.
  MOM disabled.
  Fractional occupation disabled.
  Guess Type is READ.
  Energy threshold   = 1.00e-08
  Density threshold  = 1.00e-08
  Integral threshold = 0.00e+00

  ==> Primary Basis <==

  Basis Set: CC-PVDZ
    Blend: CC-PVDZ
    Number of shells: 36
    Number of basis function: 72
    Number of Cartesian functions: 75
    Spherical Harmonics?: true
    Max angular momentum: 2

   => Loading Basis Set <=

    Name: (CC-PVDZ AUX)
    Role: JKFIT
    Keyword: DF_BASIS_SCF
    atoms 1-3 entry C          line   121 file /home/sulstice/software/miniconda2/envs/qmpython2/share/psi4/basis/cc-pvdz-jkfit.gbs 
    atoms 4-9 entry H          line    51 file /home/sulstice/software/miniconda2/envs/qmpython2/share/psi4/basis/cc-pvdz-jkfit.gbs 

   => Loading Basis Set <=

    Name: CC-PVDZ
    Role: ORBITAL
    Keyword: BASIS
    atoms 1-3 entry C          line   138 file /home/sulstice/software/miniconda2/envs/qmpython2/share/psi4/basis/cc-pvdz.gbs 
    atoms 4-9 entry H          line    22 file /home/sulstice/software/miniconda2/envs/qmpython2/share/psi4/basis/cc-pvdz.gbs 

  Reading orbitals from file 180, no projection.

  ==> Pre-Iterations <==

   -------------------------------------------------------
    Irrep   Nso     Nmo     Nalpha   Nbeta   Ndocc  Nsocc
   -------------------------------------------------------
     A         72      72       0       0       0       0
   -------------------------------------------------------
    Total      72      72      12      12      12       0
   -------------------------------------------------------

  ==> Integral Setup <==

  DFHelper Memory: AOs need 0.016 GiB; user supplied 5.588 GiB. Using in-core AOs.

  ==> MemDFJK: Density-Fitted J/K Matrices <==

    J tasked:                   Yes
    K tasked:                   Yes
    wK tasked:                   No
    OpenMP threads:              10
    Memory [MiB]:              5722
    Algorithm:                 Core
    Schwarz Cutoff:           1E-12
    Mask sparsity (%):       0.0000
    Fitting Condition:        1E-10

   => Auxiliary Basis Set <=

  Basis Set: (CC-PVDZ AUX)
    Blend: CC-PVDZ-JKFIT
    Number of shells: 126
    Number of basis function: 348
    Number of Cartesian functions: 393
    Spherical Harmonics?: true
    Max angular momentum: 3

  Minimum eigenvalue in the overlap matrix is 5.7025439261E-03.
  Using Symmetric Orthogonalization.

  SCF Guess: Orbitals guess was supplied from a previous computation.

  ==> Iterations <==

                           Total Energy        Delta E     RMS |[F,P]|

   @DF-RHF iter   0:  -117.07276296416492   -1.17073e+02   9.24122e-05 
   @DF-RHF iter   1:  -117.06721000170191    5.55296e-03   2.10109e-05 DIIS
   @DF-RHF iter   2:  -117.06721113664389   -1.13494e-06   1.10179e-05 DIIS
   @DF-RHF iter   3:  -117.06721144401440   -3.07371e-07   9.11560e-07 DIIS
   @DF-RHF iter   4:  -117.06721144826965   -4.25524e-09   1.39957e-07 DIIS
   @DF-RHF iter   5:  -117.06721144840600   -1.36353e-10   3.86459e-08 DIIS
   @DF-RHF iter   6:  -117.06721144841947   -1.34719e-11   8.16860e-09 DIIS
  Energy and wave function converged.


  ==> Post-Iterations <==

    Orbital Energies [Eh]
    ---------------------

    Doubly Occupied:                                                      

       1A    -11.227915     2A    -11.226911     3A    -11.226910  
       4A     -1.134532     5A     -0.817041     6A     -0.817039  
       7A     -0.666498     8A     -0.626976     9A     -0.509612  
      10A     -0.509604    11A     -0.418817    12A     -0.418804  

    Virtual:                                                              

      13A      0.191635    14A      0.206955    15A      0.238413  
      16A      0.238414    17A      0.305847    18A      0.305849  
      19A      0.314175    20A      0.405223    21A      0.405235  
      22A      0.550221    23A      0.577170    24A      0.666475  
      25A      0.666487    26A      0.747603    27A      0.825533  
      28A      0.825543    29A      0.845473    30A      0.845475  
      31A      0.848122    32A      0.875705    33A      0.907393  
      34A      0.907395    35A      0.926363    36A      0.926370  
      37A      1.009625    38A      1.387765    39A      1.403118  
      40A      1.403119    41A      1.445527    42A      1.445535  
      43A      1.448789    44A      1.727923    45A      1.731217  
      46A      1.731218    47A      1.838816    48A      1.838822  
      49A      1.853903    50A      1.853931    51A      1.884681  
      52A      1.991997    53A      1.999963    54A      2.015922  
      55A      2.015936    56A      2.086114    57A      2.086130  
      58A      2.235047    59A      2.235059    60A      2.391675  
      61A      2.401126    62A      2.424519    63A      2.424525  
      64A      2.608387    65A      2.608428    66A      2.636777  
      67A      2.716387    68A      2.800259    69A      2.939893  
      70A      2.939903    71A      3.139445    72A      3.139487  

    Final Occupation by Irrep:
              A 
    DOCC [    12 ]

  @DF-RHF Final Energy:  -117.06721144841947

   => Energetics <=

    Nuclear Repulsion Energy =             75.9649966696528480
    One-Electron Energy =                -306.8631006260930576
    Two-Electron Energy =                 113.8308925080207246
    Total Energy =                       -117.0672114484194708

Computation Completed


Properties will be evaluated at   0.000000,   0.000000,   0.000000 [a0]

Properties computed using the SCF density matrix

  Nuclear Dipole Moment: [e a0]
     X:     0.0000      Y:     0.0000      Z:    -0.0000

  Electronic Dipole Moment: [e a0]
     X:    -0.0000      Y:    -0.0000      Z:     0.0000

  Dipole Moment: [e a0]
     X:     0.0000      Y:     0.0000      Z:     0.0000     Total:     0.0000

  Dipole Moment: [D]
     X:     0.0000      Y:     0.0000      Z:     0.0000     Total:     0.0000


*** tstop() called on wanukaka at Thu Apr 14 20:22:38 2022
Module time:
	user time   =       3.78 seconds =       0.06 minutes
	system time =       0.12 seconds =       0.00 minutes
	total time  =          1 seconds =       0.02 minutes
Total time:
	user time   =  263651.54 seconds =    4394.19 minutes
	system time =    6520.69 seconds =     108.68 minutes
	total time  =      27902 seconds =     465.03 minutes

*** tstart() called on wanukaka
*** at Thu Apr 14 20:22:38 2022


         ------------------------------------------------------------
                                   SCF GRAD                          
                          Rob Parrish, Justin Turney,                
                       Andy Simmonett, and Alex Sokolov              
         ------------------------------------------------------------

  ==> Geometry <==

    Molecular point group: c1
    Full point group: C1

    Geometry (in Angstrom), charge = 0, multiplicity = 1:

       Center              X                  Y                   Z               Mass       
    ------------   -----------------  -----------------  -----------------  -----------------
         C           -0.027791894027     0.861953529392     0.081895092321    12.000000000000
         C           -0.735957651215    -0.455158376460    -0.040942170067    12.000000000000
         C            0.763748996115    -0.406798099047    -0.040952454007    12.000000000000
         H           -0.043859791809     1.360459966182     1.042754007559     1.007825032230
         H           -0.049438474032     1.533002996416    -0.767415644599     1.007825032230
         H           -1.237899627194    -0.677857194068    -0.973953211545     1.007825032230
         H           -1.232546145906    -0.850023552166     0.836297893415     1.007825032230
         H            1.278990442853    -0.596696399771    -0.973967171607     1.007825032230
         H            1.284760134446    -0.768850737697     0.836278551432     1.007825032230

  Nuclear repulsion =   75.964996669652848

  ==> Basis Set <==

  Basis Set: CC-PVDZ
    Blend: CC-PVDZ
    Number of shells: 36
    Number of basis function: 72
    Number of Cartesian functions: 75
    Spherical Harmonics?: true
    Max angular momentum: 2

  ==> DFJKGrad: Density-Fitted SCF Gradients <==

    Gradient:                    1
    J tasked:                  Yes
    K tasked:                  Yes
    wK tasked:                  No
    OpenMP threads:             10
    Integrals threads:          10
    Memory [MiB]:             5722
    Schwarz Cutoff:          0E+00
    Fitting Condition:       1E-10

   => Auxiliary Basis Set <=

  Basis Set: (CC-PVDZ AUX)
    Blend: CC-PVDZ-JKFIT
    Number of shells: 126
    Number of basis function: 348
    Number of Cartesian functions: 393
    Spherical Harmonics?: true
    Max angular momentum: 3


  -Total Gradient:
     Atom            X                  Y                   Z
    ------   -----------------  -----------------  -----------------
       1       -0.000013763877     0.000467420905    -0.000041439059
       2       -0.000415302915    -0.000252227968     0.000027467920
       3        0.000427978741    -0.000223415616     0.000027636232
       4        0.000005782001    -0.000177434141    -0.000070457001
       5        0.000003785743    -0.000122235149     0.000034456905
       6        0.000137175870     0.000094623407     0.000052943168
       7        0.000126736665     0.000068006145    -0.000041627600
       8       -0.000141962554     0.000085668701     0.000053097451
       9       -0.000130429674     0.000059593716    -0.000042078017


*** tstop() called on wanukaka at Thu Apr 14 20:22:38 2022
Module time:
	user time   =       5.29 seconds =       0.09 minutes
	system time =       0.17 seconds =       0.00 minutes
	total time  =          0 seconds =       0.00 minutes
Total time:
	user time   =  263656.84 seconds =    4394.28 minutes
	system time =    6520.86 seconds =     108.68 minutes
	total time  =      27902 seconds =     465.03 minutes

			-----------------------------------------
			 OPTKING 2.0: for geometry optimizations 
			  - R.A. King,  Bethel University        
			-----------------------------------------

	Previous internal coordinate definitions found.
	---Fragment 1 Geometry and Gradient---
	 C          -0.0525190682        1.6288561034        0.1547592955
	 C          -1.3907584007       -0.8601246752       -0.0773694884
	 C           1.4432764312       -0.7687369956       -0.0773889222
	 H          -0.0828829944        2.5708967407        1.9705194905
	 H          -0.0934251760        2.8969558127       -1.4502053927
	 H          -2.3392912662       -1.2809644490       -1.8405048288
	 H          -2.3291746528       -1.6063117138        1.5803739779
	 H           2.4169416541       -1.1275927756       -1.8405312095
	 H           2.4278447910       -1.4529173256        1.5803374268
	            -0.0000137639        0.0004674209       -0.0000414391
	            -0.0004153029       -0.0002522280        0.0000274679
	             0.0004279787       -0.0002234156        0.0000276362
	             0.0000057820       -0.0001774341       -0.0000704570
	             0.0000037857       -0.0001222351        0.0000344569
	             0.0001371759        0.0000946234        0.0000529432
	             0.0001267367        0.0000680061       -0.0000416276
	            -0.0001419626        0.0000856687        0.0000530975
	            -0.0001304297        0.0000595937       -0.0000420780

	---Fragment 1 Intrafragment Coordinates---
	 - Coordinate -           - BOHR/RAD -       - ANG/DEG -
	 R(1,2)           =         2.835453	       1.500457
	 R(1,3)           =         2.835445	       1.500453
	 R(1,4)           =         2.045812	       1.082597
	 R(1,5)           =         2.045889	       1.082638
	 R(2,3)           =         2.835508	       1.500486
	 R(2,6)           =         2.045841	       1.082613
	 R(2,7)           =         2.045858	       1.082621
	 R(3,8)           =         2.045843	       1.082613
	 R(3,9)           =         2.045858	       1.082621
	 B(1,2,3)         =         1.047183	      59.999178
	 B(1,2,6)         =         2.060025	     118.030757
	 B(1,2,7)         =         2.060443	     118.054688
	 B(1,3,2)         =         1.047188	      59.999450
	 B(1,3,8)         =         2.060027	     118.030866
	 B(1,3,9)         =         2.060444	     118.054769
	 B(2,1,3)         =         1.047222	      60.001372
	 B(2,1,4)         =         2.059931	     118.025334
	 B(2,1,5)         =         2.060574	     118.062216
	 B(2,3,8)         =         2.060120	     118.036188
	 B(2,3,9)         =         2.060332	     118.048302
	 B(3,1,4)         =         2.059932	     118.025381
	 B(3,1,5)         =         2.060578	     118.062405
	 B(3,2,6)         =         2.060113	     118.035760
	 B(3,2,7)         =         2.060329	     118.048144
	 B(4,1,5)         =         1.993861	     114.239818
	 B(6,2,7)         =         1.993939	     114.244271
	 B(8,3,9)         =         1.993929	     114.243699
	 D(1,2,3,8)       =        -1.883193	    -107.898988
	 D(1,2,3,9)       =         1.883607	     107.922731
	 D(1,3,2,6)       =         1.883192	     107.898941
	 D(1,3,2,7)       =        -1.883605	    -107.922600
	 D(2,1,3,8)       =         1.883346	     107.907760
	 D(2,1,3,9)       =        -1.883421	    -107.912071
	 D(2,3,1,4)       =         1.883170	     107.897691
	 D(2,3,1,5)       =        -1.883670	    -107.926359
	 D(3,1,2,6)       =        -1.883336	    -107.907187
	 D(3,1,2,7)       =         1.883416	     107.911814
	 D(3,2,1,4)       =        -1.883171	    -107.897769
	 D(3,2,1,5)       =         1.883676	     107.926671
	 D(4,1,2,6)       =         2.516678	     144.195044
	 D(4,1,2,7)       =         0.000245	       0.014045
	 D(4,1,3,8)       =        -2.516670	    -144.194549
	 D(4,1,3,9)       =        -0.000251	      -0.014381
	 D(5,1,2,6)       =         0.000340	       0.019484
	 D(5,1,2,7)       =        -2.516093	    -144.161515
	 D(5,1,3,8)       =        -0.000325	      -0.018599
	 D(5,1,3,9)       =         2.516094	     144.161570
	 D(6,2,3,8)       =        -0.000000	      -0.000000
	 D(6,2,3,9)       =        -2.516387	    -144.178329
	 D(7,2,3,8)       =         2.516388	     144.178412
	 D(7,2,3,9)       =         0.000000	       0.000000

	Current energy   :      -117.0672114484

	Energy change for the previous step:
		Projected    :        -0.0000205779
		Actual       :        -0.0000140755

	Performing BFGS update.
	Previous computed or guess Hessian on step 1.
	Steps to be used in Hessian update: 1
	Taking RFO optimization step.
	Going to follow RFO solution 1.
	Using RFO vector 1.
	Norm of target step-size    0.00278
	Projected energy change by RFO approximation:        -0.0000008340

	Back-transformation to cartesian coordinates...
	Successfully converged to displaced geometry.
	First geometry is closer to target in internal coordinates, so am using that one.
	First geometry has RMS(Delta(q)) = 5.83e-07

	--- Internal Coordinate Step in ANG or DEG, aJ/ANG or AJ/DEG ---
	 ---------------------------------------------------------------------------
	   Coordinate                Previous        Force       Change         New 
	   ----------                --------       ------       ------       ------
	    1 R(1,2)          =      1.500457    -0.000784    -0.000212     1.500245
	    2 R(1,3)          =      1.500453    -0.000774    -0.000209     1.500244
	    3 R(1,4)          =      1.082597     0.001189     0.000164     1.082762
	    4 R(1,5)          =      1.082638     0.000848     0.000116     1.082754
	    5 R(2,3)          =      1.500486    -0.000847    -0.000232     1.500254
	    6 R(2,6)          =      1.082613     0.001060     0.000148     1.082760
	    7 R(2,7)          =      1.082621     0.000961     0.000132     1.082753
	    8 R(3,8)          =      1.082613     0.001057     0.000147     1.082760
	    9 R(3,9)          =      1.082621     0.000962     0.000132     1.082754
	   10 B(1,2,3)        =     59.999178     0.000000     0.000579    59.999757
	   11 B(1,2,6)        =    118.030757     0.000003     0.031630   118.062387
	   12 B(1,2,7)        =    118.054688     0.000001     0.007731   118.062419
	   13 B(1,3,2)        =     59.999450     0.000000     0.000379    59.999828
	   14 B(1,3,8)        =    118.030866     0.000003     0.031727   118.062592
	   15 B(1,3,9)        =    118.054769     0.000001     0.007684   118.062453
	   16 B(2,1,3)        =     60.001372    -0.000000    -0.000958    60.000415
	   17 B(2,1,4)        =    118.025334     0.000003     0.030032   118.055366
	   18 B(2,1,5)        =    118.062216     0.000001     0.008062   118.070278
	   19 B(2,3,8)        =    118.036188     0.000002     0.018592   118.054779
	   20 B(2,3,9)        =    118.048302     0.000002     0.021152   118.069454
	   21 B(3,1,4)        =    118.025381     0.000003     0.030081   118.055462
	   22 B(3,1,5)        =    118.062405     0.000001     0.007927   118.070332
	   23 B(3,2,6)        =    118.035760     0.000002     0.018998   118.054758
	   24 B(3,2,7)        =    118.048144     0.000002     0.021253   118.069397
	   25 B(4,1,5)        =    114.239818    -0.000005    -0.045819   114.193999
	   26 B(6,2,7)        =    114.244271    -0.000006    -0.048523   114.195748
	   27 B(8,3,9)        =    114.243699    -0.000006    -0.048170   114.195529
	   28 D(1,2,3,8)      =   -107.898988    -0.000001    -0.030563  -107.929552
	   29 D(1,2,3,9)      =    107.922731     0.000000     0.000278   107.923008
	   30 D(1,3,2,6)      =    107.898941     0.000001     0.030344   107.929285
	   31 D(1,3,2,7)      =   -107.922600    -0.000000    -0.000366  -107.922965
	   32 D(2,1,3,8)      =    107.907760     0.000000     0.008916   107.916675
	   33 D(2,1,3,9)      =   -107.912071    -0.000001    -0.022474  -107.934545
	   34 D(2,3,1,4)      =    107.897691     0.000001     0.023013   107.920704
	   35 D(2,3,1,5)      =   -107.926359    -0.000000    -0.005984  -107.932343
	   36 D(3,1,2,6)      =   -107.907187    -0.000000    -0.009525  -107.916712
	   37 D(3,1,2,7)      =    107.911814     0.000001     0.022650   107.934465
	   38 D(3,2,1,4)      =   -107.897769    -0.000001    -0.023093  -107.920863
	   39 D(3,2,1,5)      =    107.926671     0.000000     0.005761   107.932432
	   40 D(4,1,2,6)      =    144.195044    -0.000001    -0.032619   144.162425
	   41 D(4,1,2,7)      =      0.014045    -0.000000    -0.000443     0.013602
	   42 D(4,1,3,8)      =   -144.194549     0.000001     0.031929  -144.162621
	   43 D(4,1,3,9)      =     -0.014381     0.000000     0.000539    -0.013842
	   44 D(5,1,2,6)      =      0.019484    -0.000000    -0.003764     0.015720
	   45 D(5,1,2,7)      =   -144.161515     0.000001     0.028412  -144.133103
	   46 D(5,1,3,8)      =     -0.018599     0.000000     0.002931    -0.015668
	   47 D(5,1,3,9)      =    144.161570    -0.000001    -0.028458   144.133111
	   48 D(6,2,3,8)      =      0.000000     0.000000     0.000000     0.000000
	   49 D(6,2,3,9)      =   -144.178329     0.000001     0.030622  -144.147707
	   50 D(7,2,3,8)      =    144.178412    -0.000001    -0.030929   144.147483
	   51 D(7,2,3,9)      =      0.000000    -0.000000     0.000000     0.000000
	 ---------------------------------------------------------------------------
	Successfully symmetrized geometry.

  ==> Convergence Check <==

  Measures of convergence in internal coordinates in au.
  Criteria marked as inactive (o), active & met (*), and active & unmet ( ).
  ---------------------------------------------------------------------------------------------
   Step     Total Energy     Delta E     MAX Force     RMS Force      MAX Disp      RMS Disp   
  ---------------------------------------------------------------------------------------------
    Convergence Criteria    1.00e-06 *    3.00e-04 *             o    1.20e-03 *             o
  ---------------------------------------------------------------------------------------------
      2    -117.06721145   -1.41e-05      1.44e-04 *    5.78e-05 o    8.47e-04 *    3.89e-04 o  ~
  ---------------------------------------------------------------------------------------------


  **** Optimization is complete! (in 2 steps) ****

  ==> Optimization Summary <==

  Measures of convergence in internal coordinates in au.
  --------------------------------------------------------------------------------------------------------------- ~
   Step         Total Energy             Delta E       MAX Force       RMS Force        MAX Disp        RMS Disp  ~
  --------------------------------------------------------------------------------------------------------------- ~
      1    -117.067197372932   -117.067197372932      0.00108441      0.00041525      0.00339143      0.00149826  ~
      2    -117.067211448419     -0.000014075487      0.00014432      0.00005781      0.00084688      0.00038869  ~
  --------------------------------------------------------------------------------------------------------------- ~

	Writing optimization data to binary file.
	Final energy is   -117.0672114484195
	Final (previous) structure:
	Cartesian Geometry (in Angstrom)
	    C    -0.0277918939   0.8619535260   0.0818950920
	    C    -0.7359576483  -0.4551583747  -0.0409421699
	    C     0.7637489931  -0.4067980974  -0.0409524538
	    H    -0.0438597916   1.3604599608   1.0427540035
	    H    -0.0494384738   1.5330029904  -0.7674156416
	    H    -1.2378996223  -0.6778571914  -0.9739532077
	    H    -1.2325461411  -0.8500235488   0.8362978901
	    H     1.2789904378  -0.5966963974  -0.9739671678
	    H     1.2847601294  -0.7688507347   0.8362785481
	Saving final (previous) structure.
			--------------------------
			 OPTKING Finished Execution 
			--------------------------

    Final optimized geometry and variables:
    Molecular point group: c1
    Full point group: C1

    Geometry (in Angstrom), charge = 0, multiplicity = 1:

    C           -0.027791894027     0.861953529392     0.081895092321
    C           -0.735957651215    -0.455158376460    -0.040942170067
    C            0.763748996115    -0.406798099047    -0.040952454007
    H           -0.043859791809     1.360459966182     1.042754007559
    H           -0.049438474032     1.533002996416    -0.767415644599
    H           -1.237899627194    -0.677857194068    -0.973953211545
    H           -1.232546145906    -0.850023552166     0.836297893415
    H            1.278990442853    -0.596696399771    -0.973967171607
    H            1.284760134446    -0.768850737697     0.836278551432

	Removing binary optimization data file.
	Cleaning optimization helper files.

*** tstart() called on wanukaka
*** at Thu Apr 14 20:22:38 2022

   => Loading Basis Set <=

    Name: CC-PVDZ
    Role: ORBITAL
    Keyword: BASIS
    atoms 1-3 entry C          line   138 file /home/sulstice/software/miniconda2/envs/qmpython2/share/psi4/basis/cc-pvdz.gbs 
    atoms 4-9 entry H          line    22 file /home/sulstice/software/miniconda2/envs/qmpython2/share/psi4/basis/cc-pvdz.gbs 


         ---------------------------------------------------------
                                   SCF
               by Justin Turney, Rob Parrish, Andy Simmonett
                          and Daniel G. A. Smith
                              RHF Reference
                       10 Threads,   7629 MiB Core
         ---------------------------------------------------------

  ==> Geometry <==

    Molecular point group: c1
    Full point group: C1

    Geometry (in Angstrom), charge = 0, multiplicity = 1:

       Center              X                  Y                   Z               Mass       
    ------------   -----------------  -----------------  -----------------  -----------------
         C           -0.027791894027     0.861953529392     0.081895092321    12.000000000000
         C           -0.735957651215    -0.455158376460    -0.040942170067    12.000000000000
         C            0.763748996115    -0.406798099047    -0.040952454007    12.000000000000
         H           -0.043859791809     1.360459966182     1.042754007559     1.007825032230
         H           -0.049438474032     1.533002996416    -0.767415644599     1.007825032230
         H           -1.237899627194    -0.677857194068    -0.973953211545     1.007825032230
         H           -1.232546145906    -0.850023552166     0.836297893415     1.007825032230
         H            1.278990442853    -0.596696399771    -0.973967171607     1.007825032230
         H            1.284760134446    -0.768850737697     0.836278551432     1.007825032230

  Running in c1 symmetry.

  Rotational constants: A =      0.67705  B =      0.67703  C =      0.42355 [cm^-1]
  Rotational constants: A =  20297.32017  B =  20296.75755  C =  12697.70297 [MHz]
  Nuclear repulsion =   75.964996669652848

  Charge       = 0
  Multiplicity = 1
  Electrons    = 24
  Nalpha       = 12
  Nbeta        = 12

  ==> Algorithm <==

  SCF Algorithm Type is DF.
  DIIS enabled.
  MOM disabled.
  Fractional occupation disabled.
  Guess Type is SAD.
  Energy threshold   = 1.00e-06
  Density threshold  = 1.00e-06
  Integral threshold = 0.00e+00

  ==> Primary Basis <==

  Basis Set: CC-PVDZ
    Blend: CC-PVDZ
    Number of shells: 36
    Number of basis function: 72
    Number of Cartesian functions: 75
    Spherical Harmonics?: true
    Max angular momentum: 2

   => Loading Basis Set <=

    Name: (CC-PVDZ AUX)
    Role: JKFIT
    Keyword: DF_BASIS_SCF
    atoms 1-3 entry C          line   121 file /home/sulstice/software/miniconda2/envs/qmpython2/share/psi4/basis/cc-pvdz-jkfit.gbs 
    atoms 4-9 entry H          line    51 file /home/sulstice/software/miniconda2/envs/qmpython2/share/psi4/basis/cc-pvdz-jkfit.gbs 

  ==> Pre-Iterations <==

   -------------------------------------------------------
    Irrep   Nso     Nmo     Nalpha   Nbeta   Ndocc  Nsocc
   -------------------------------------------------------
     A         72      72       0       0       0       0
   -------------------------------------------------------
    Total      72      72      12      12      12       0
   -------------------------------------------------------

  ==> Integral Setup <==

  DFHelper Memory: AOs need 0.016 GiB; user supplied 5.588 GiB. Using in-core AOs.

  ==> MemDFJK: Density-Fitted J/K Matrices <==

    J tasked:                   Yes
    K tasked:                   Yes
    wK tasked:                   No
    OpenMP threads:              10
    Memory [MiB]:              5722
    Algorithm:                 Core
    Schwarz Cutoff:           1E-12
    Mask sparsity (%):       0.0000
    Fitting Condition:        1E-10

   => Auxiliary Basis Set <=

  Basis Set: (CC-PVDZ AUX)
    Blend: CC-PVDZ-JKFIT
    Number of shells: 126
    Number of basis function: 348
    Number of Cartesian functions: 393
    Spherical Harmonics?: true
    Max angular momentum: 3

  Minimum eigenvalue in the overlap matrix is 5.7025439261E-03.
  Using Symmetric Orthogonalization.

  SCF Guess: Superposition of Atomic Densities via on-the-fly atomic UHF.

  ==> Iterations <==

                           Total Energy        Delta E     RMS |[F,P]|

   @DF-RHF iter SAD:  -116.73575100227413   -1.16736e+02   0.00000e+00 
   @DF-RHF iter   1:  -116.98937470728353   -2.53624e-01   4.79034e-03 DIIS
   @DF-RHF iter   2:  -117.05328003187044   -6.39053e-02   2.19341e-03 DIIS
   @DF-RHF iter   3:  -117.06638064069161   -1.31006e-02   4.16945e-04 DIIS
   @DF-RHF iter   4:  -117.06719725444609   -8.16614e-04   4.43255e-05 DIIS
   @DF-RHF iter   5:  -117.06721079455320   -1.35401e-05   9.31092e-06 DIIS
   @DF-RHF iter   6:  -117.06721143204359   -6.37490e-07   1.45432e-06 DIIS
   @DF-RHF iter   7:  -117.06721144811783   -1.60742e-08   2.08449e-07 DIIS
  Energy and wave function converged.


  ==> Post-Iterations <==

    Orbital Energies [Eh]
    ---------------------

    Doubly Occupied:                                                      

       1A    -11.227915     2A    -11.226912     3A    -11.226911  
       4A     -1.134532     5A     -0.817041     6A     -0.817039  
       7A     -0.666497     8A     -0.626976     9A     -0.509612  
      10A     -0.509603    11A     -0.418817    12A     -0.418805  

    Virtual:                                                              

      13A      0.191635    14A      0.206954    15A      0.238413  
      16A      0.238414    17A      0.305847    18A      0.305849  
      19A      0.314175    20A      0.405223    21A      0.405235  
      22A      0.550221    23A      0.577169    24A      0.666474  
      25A      0.666486    26A      0.747602    27A      0.825533  
      28A      0.825542    29A      0.845473    30A      0.845474  
      31A      0.848121    32A      0.875704    33A      0.907392  
      34A      0.907395    35A      0.926362    36A      0.926370  
      37A      1.009624    38A      1.387765    39A      1.403118  
      40A      1.403119    41A      1.445527    42A      1.445535  
      43A      1.448789    44A      1.727923    45A      1.731216  
      46A      1.731217    47A      1.838816    48A      1.838822  
      49A      1.853902    50A      1.853930    51A      1.884681  
      52A      1.991997    53A      1.999963    54A      2.015922  
      55A      2.015936    56A      2.086114    57A      2.086130  
      58A      2.235047    59A      2.235059    60A      2.391674  
      61A      2.401125    62A      2.424519    63A      2.424524  
      64A      2.608387    65A      2.608427    66A      2.636777  
      67A      2.716387    68A      2.800259    69A      2.939892  
      70A      2.939903    71A      3.139445    72A      3.139486  

    Final Occupation by Irrep:
              A 
    DOCC [    12 ]

  @DF-RHF Final Energy:  -117.06721144811783

   => Energetics <=

    Nuclear Repulsion Energy =             75.9649966696528480
    One-Electron Energy =                -306.8631138786608972
    Two-Electron Energy =                 113.8309057608902037
    Total Energy =                       -117.0672114481178312

Computation Completed


Properties will be evaluated at   0.000000,   0.000000,   0.000000 [a0]

Properties computed using the SCF density matrix

  Nuclear Dipole Moment: [e a0]
     X:     0.0000      Y:     0.0000      Z:    -0.0000

  Electronic Dipole Moment: [e a0]
     X:    -0.0000      Y:    -0.0000      Z:     0.0000

  Dipole Moment: [e a0]
     X:     0.0000      Y:     0.0000      Z:     0.0000     Total:     0.0000

  Dipole Moment: [D]
     X:     0.0000      Y:     0.0000      Z:     0.0000     Total:     0.0000


*** tstop() called on wanukaka at Thu Apr 14 20:22:39 2022
Module time:
	user time   =       6.40 seconds =       0.11 minutes
	system time =       0.20 seconds =       0.00 minutes
	total time  =          1 seconds =       0.02 minutes
Total time:
	user time   =  263663.53 seconds =    4394.39 minutes
	system time =    6521.07 seconds =     108.68 minutes
	total time  =      27903 seconds =     465.05 minutes
hessian() using ref_gradient to assess stationary point.

  Based on options and gradient (rms=1.77E-04), recommend projecting translations and projecting rotations.
hessian() will perform analytic frequency computation.

*** tstart() called on wanukaka
*** at Thu Apr 14 20:22:39 2022

   => Loading Basis Set <=

    Name: CC-PVDZ
    Role: ORBITAL
    Keyword: BASIS
    atoms 1-3 entry C          line   138 file /home/sulstice/software/miniconda2/envs/qmpython2/share/psi4/basis/cc-pvdz.gbs 
    atoms 4-9 entry H          line    22 file /home/sulstice/software/miniconda2/envs/qmpython2/share/psi4/basis/cc-pvdz.gbs 


         ---------------------------------------------------------
                                   SCF
               by Justin Turney, Rob Parrish, Andy Simmonett
                          and Daniel G. A. Smith
                              RHF Reference
                       10 Threads,   7629 MiB Core
         ---------------------------------------------------------

  ==> Geometry <==

    Molecular point group: c1
    Full point group: C1

    Geometry (in Angstrom), charge = 0, multiplicity = 1:

       Center              X                  Y                   Z               Mass       
    ------------   -----------------  -----------------  -----------------  -----------------
         C           -0.027791894027     0.861953529392     0.081895092321    12.000000000000
         C           -0.735957651215    -0.455158376460    -0.040942170067    12.000000000000
         C            0.763748996115    -0.406798099047    -0.040952454007    12.000000000000
         H           -0.043859791809     1.360459966182     1.042754007559     1.007825032230
         H           -0.049438474032     1.533002996416    -0.767415644599     1.007825032230
         H           -1.237899627194    -0.677857194068    -0.973953211545     1.007825032230
         H           -1.232546145906    -0.850023552166     0.836297893415     1.007825032230
         H            1.278990442853    -0.596696399771    -0.973967171607     1.007825032230
         H            1.284760134446    -0.768850737697     0.836278551432     1.007825032230

  Running in c1 symmetry.

  Rotational constants: A =      0.67705  B =      0.67703  C =      0.42355 [cm^-1]
  Rotational constants: A =  20297.32017  B =  20296.75755  C =  12697.70297 [MHz]
  Nuclear repulsion =   75.964996669652848

  Charge       = 0
  Multiplicity = 1
  Electrons    = 24
  Nalpha       = 12
  Nbeta        = 12

  ==> Algorithm <==

  SCF Algorithm Type is DF.
  DIIS enabled.
  MOM disabled.
  Fractional occupation disabled.
  Guess Type is SAD.
  Energy threshold   = 1.00e-08
  Density threshold  = 1.00e-08
  Integral threshold = 0.00e+00

  ==> Primary Basis <==

  Basis Set: CC-PVDZ
    Blend: CC-PVDZ
    Number of shells: 36
    Number of basis function: 72
    Number of Cartesian functions: 75
    Spherical Harmonics?: true
    Max angular momentum: 2

   => Loading Basis Set <=

    Name: (CC-PVDZ AUX)
    Role: JKFIT
    Keyword: DF_BASIS_SCF
    atoms 1-3 entry C          line   121 file /home/sulstice/software/miniconda2/envs/qmpython2/share/psi4/basis/cc-pvdz-jkfit.gbs 
    atoms 4-9 entry H          line    51 file /home/sulstice/software/miniconda2/envs/qmpython2/share/psi4/basis/cc-pvdz-jkfit.gbs 

  ==> Pre-Iterations <==

   -------------------------------------------------------
    Irrep   Nso     Nmo     Nalpha   Nbeta   Ndocc  Nsocc
   -------------------------------------------------------
     A         72      72       0       0       0       0
   -------------------------------------------------------
    Total      72      72      12      12      12       0
   -------------------------------------------------------

  ==> Integral Setup <==

  DFHelper Memory: AOs need 0.016 GiB; user supplied 5.588 GiB. Using in-core AOs.

  ==> MemDFJK: Density-Fitted J/K Matrices <==

    J tasked:                   Yes
    K tasked:                   Yes
    wK tasked:                   No
    OpenMP threads:              10
    Memory [MiB]:              5722
    Algorithm:                 Core
    Schwarz Cutoff:           1E-12
    Mask sparsity (%):       0.0000
    Fitting Condition:        1E-10

   => Auxiliary Basis Set <=

  Basis Set: (CC-PVDZ AUX)
    Blend: CC-PVDZ-JKFIT
    Number of shells: 126
    Number of basis function: 348
    Number of Cartesian functions: 393
    Spherical Harmonics?: true
    Max angular momentum: 3

  Minimum eigenvalue in the overlap matrix is 5.7025439261E-03.
  Using Symmetric Orthogonalization.

  SCF Guess: Superposition of Atomic Densities via on-the-fly atomic UHF.

  ==> Iterations <==

                           Total Energy        Delta E     RMS |[F,P]|

   @DF-RHF iter SAD:  -116.73575100227413   -1.16736e+02   0.00000e+00 
   @DF-RHF iter   1:  -116.98937470728356   -2.53624e-01   4.79034e-03 DIIS
   @DF-RHF iter   2:  -117.05328003187043   -6.39053e-02   2.19341e-03 DIIS
   @DF-RHF iter   3:  -117.06638064069172   -1.31006e-02   4.16945e-04 DIIS
   @DF-RHF iter   4:  -117.06719725444609   -8.16614e-04   4.43255e-05 DIIS
   @DF-RHF iter   5:  -117.06721079455328   -1.35401e-05   9.31092e-06 DIIS
   @DF-RHF iter   6:  -117.06721143204344   -6.37490e-07   1.45432e-06 DIIS
   @DF-RHF iter   7:  -117.06721144811762   -1.60742e-08   2.08449e-07 DIIS
   @DF-RHF iter   8:  -117.06721144841714   -2.99522e-10   2.16096e-08 DIIS
   @DF-RHF iter   9:  -117.06721144841980   -2.65743e-12   3.73418e-09 DIIS
  Energy and wave function converged.


  ==> Post-Iterations <==

    Orbital Energies [Eh]
    ---------------------

    Doubly Occupied:                                                      

       1A    -11.227915     2A    -11.226911     3A    -11.226910  
       4A     -1.134532     5A     -0.817041     6A     -0.817039  
       7A     -0.666498     8A     -0.626976     9A     -0.509612  
      10A     -0.509604    11A     -0.418817    12A     -0.418804  

    Virtual:                                                              

      13A      0.191635    14A      0.206955    15A      0.238413  
      16A      0.238414    17A      0.305847    18A      0.305849  
      19A      0.314175    20A      0.405223    21A      0.405235  
      22A      0.550221    23A      0.577170    24A      0.666475  
      25A      0.666487    26A      0.747603    27A      0.825533  
      28A      0.825543    29A      0.845473    30A      0.845475  
      31A      0.848122    32A      0.875705    33A      0.907393  
      34A      0.907395    35A      0.926363    36A      0.926370  
      37A      1.009625    38A      1.387765    39A      1.403118  
      40A      1.403119    41A      1.445527    42A      1.445535  
      43A      1.448789    44A      1.727923    45A      1.731217  
      46A      1.731218    47A      1.838816    48A      1.838822  
      49A      1.853903    50A      1.853931    51A      1.884681  
      52A      1.991997    53A      1.999963    54A      2.015922  
      55A      2.015936    56A      2.086114    57A      2.086130  
      58A      2.235047    59A      2.235059    60A      2.391675  
      61A      2.401126    62A      2.424519    63A      2.424525  
      64A      2.608387    65A      2.608428    66A      2.636777  
      67A      2.716387    68A      2.800259    69A      2.939893  
      70A      2.939903    71A      3.139445    72A      3.139487  

    Final Occupation by Irrep:
              A 
    DOCC [    12 ]

  @DF-RHF Final Energy:  -117.06721144841980

   => Energetics <=

    Nuclear Repulsion Energy =             75.9649966696528480
    One-Electron Energy =                -306.8631004646690599
    Two-Electron Energy =                 113.8308923465964000
    Total Energy =                       -117.0672114484197976

Computation Completed


Properties will be evaluated at   0.000000,   0.000000,   0.000000 [a0]

Properties computed using the SCF density matrix

  Nuclear Dipole Moment: [e a0]
     X:     0.0000      Y:     0.0000      Z:    -0.0000

  Electronic Dipole Moment: [e a0]
     X:    -0.0000      Y:    -0.0000      Z:     0.0000

  Dipole Moment: [e a0]
     X:     0.0000      Y:     0.0000      Z:     0.0000     Total:     0.0000

  Dipole Moment: [D]
     X:     0.0000      Y:     0.0000      Z:     0.0000     Total:     0.0000


*** tstop() called on wanukaka at Thu Apr 14 20:22:40 2022
Module time:
	user time   =       6.10 seconds =       0.10 minutes
	system time =       0.26 seconds =       0.00 minutes
	total time  =          1 seconds =       0.02 minutes
Total time:
	user time   =  263669.73 seconds =    4394.50 minutes
	system time =    6521.33 seconds =     108.69 minutes
	total time  =      27904 seconds =     465.07 minutes

*** tstart() called on wanukaka
*** at Thu Apr 14 20:22:40 2022


         ------------------------------------------------------------
                                   SCF HESS                          
                          Rob Parrish, Justin Turney,                
                       Andy Simmonett, and Alex Sokolov              
         ------------------------------------------------------------

  ==> Geometry <==

    Molecular point group: c1
    Full point group: C1

    Geometry (in Angstrom), charge = 0, multiplicity = 1:

       Center              X                  Y                   Z               Mass       
    ------------   -----------------  -----------------  -----------------  -----------------
         C           -0.027791894027     0.861953529392     0.081895092321    12.000000000000
         C           -0.735957651215    -0.455158376460    -0.040942170067    12.000000000000
         C            0.763748996115    -0.406798099047    -0.040952454007    12.000000000000
         H           -0.043859791809     1.360459966182     1.042754007559     1.007825032230
         H           -0.049438474032     1.533002996416    -0.767415644599     1.007825032230
         H           -1.237899627194    -0.677857194068    -0.973953211545     1.007825032230
         H           -1.232546145906    -0.850023552166     0.836297893415     1.007825032230
         H            1.278990442853    -0.596696399771    -0.973967171607     1.007825032230
         H            1.284760134446    -0.768850737697     0.836278551432     1.007825032230

  Nuclear repulsion =   75.964996669652848

  ==> Basis Set <==

  Basis Set: CC-PVDZ
    Blend: CC-PVDZ
    Number of shells: 36
    Number of basis function: 72
    Number of Cartesian functions: 75
    Spherical Harmonics?: true
    Max angular momentum: 2

  ==> DFJKGrad: Density-Fitted SCF Gradients <==

    Gradient:                    2
    J tasked:                  Yes
    K tasked:                  Yes
    wK tasked:                  No
    OpenMP threads:             10
    Integrals threads:          10
    Memory [MiB]:             5722
    Schwarz Cutoff:          0E+00
    Fitting Condition:       1E-10

   => Auxiliary Basis Set <=

  Basis Set: (CC-PVDZ AUX)
    Blend: CC-PVDZ-JKFIT
    Number of shells: 126
    Number of basis function: 348
    Number of Cartesian functions: 393
    Spherical Harmonics?: true
    Max angular momentum: 3

  DFHelper Memory: AOs need 0.016 GiB; user supplied 6.706 GiB. Using in-core AOs.

  ==> MemDFJK: Density-Fitted J/K Matrices <==

    J tasked:                   Yes
    K tasked:                   Yes
    wK tasked:                   No
    OpenMP threads:              10
    Memory [MiB]:              6866
    Algorithm:                 Core
    Schwarz Cutoff:           1E-12
    Mask sparsity (%):       0.0000
    Fitting Condition:        1E-10

   => Auxiliary Basis Set <=

  Basis Set: (CC-PVDZ AUX)
    Blend: CC-PVDZ-JKFIT
    Number of shells: 126
    Number of basis function: 348
    Number of Cartesian functions: 393
    Spherical Harmonics?: true
    Max angular momentum: 3


         ------------------------------------------------------------
                                     CPHF                           
                                  Rob Parrish                       
         ------------------------------------------------------------

  ==> Geometry <==

    Molecular point group: c1
    Full point group: C1

    Geometry (in Angstrom), charge = 0, multiplicity = 1:

       Center              X                  Y                   Z               Mass       
    ------------   -----------------  -----------------  -----------------  -----------------
         C           -0.027791894027     0.861953529392     0.081895092321    12.000000000000
         C           -0.735957651215    -0.455158376460    -0.040942170067    12.000000000000
         C            0.763748996115    -0.406798099047    -0.040952454007    12.000000000000
         H           -0.043859791809     1.360459966182     1.042754007559     1.007825032230
         H           -0.049438474032     1.533002996416    -0.767415644599     1.007825032230
         H           -1.237899627194    -0.677857194068    -0.973953211545     1.007825032230
         H           -1.232546145906    -0.850023552166     0.836297893415     1.007825032230
         H            1.278990442853    -0.596696399771    -0.973967171607     1.007825032230
         H            1.284760134446    -0.768850737697     0.836278551432     1.007825032230

  Nuclear repulsion =   75.964996669652848
  Reference energy  = -117.067211448419798

  ==> Basis Set <==

  Basis Set: CC-PVDZ
    Blend: CC-PVDZ
    Number of shells: 36
    Number of basis function: 72
    Number of Cartesian functions: 75
    Spherical Harmonics?: true
    Max angular momentum: 2

  ==> CGRSolver (by Rob Parrish) <==

   Number of roots    =        27
   Preconditioning    =    JACOBI
   Convergence cutoff =     1E-06
   Maximum iterations =       100

  ==> CPHFRHamiltonian (by Rob Parrish) <== 

  ==> MemDFJK: Density-Fitted J/K Matrices <==

    J tasked:                   Yes
    K tasked:                   Yes
    wK tasked:                   No
    OpenMP threads:              10
    Memory [MiB]:              6866
    Algorithm:                 Core
    Schwarz Cutoff:           1E-12
    Mask sparsity (%):       0.0000
    Fitting Condition:        1E-10

   => Auxiliary Basis Set <=

  Basis Set: (CC-PVDZ AUX)
    Blend: CC-PVDZ-JKFIT
    Number of shells: 126
    Number of basis function: 348
    Number of Cartesian functions: 393
    Spherical Harmonics?: true
    Max angular momentum: 3

  ==> CPHF Iterations <==

  => Iterations <=

             Iter  Converged  Remaining    Residual
  CGR           1          0         27   1.073E-01
  CGR           2          0         27   2.007E-02
  CGR           3          0         27   3.750E-03
  CGR           4          0         27   1.057E-03
  CGR           5          0         27   2.379E-04
  CGR           6          0         27   6.665E-05
  CGR           7          0         27   1.914E-05
  CGR           8          0         27   4.989E-06
  CGR           9         27          0   9.900E-07

    CGRSolver converged.


*** tstop() called on wanukaka at Thu Apr 14 20:39:35 2022
Module time:
	user time   =    9814.49 seconds =     163.57 minutes
	system time =     243.90 seconds =       4.07 minutes
	total time  =       1015 seconds =      16.92 minutes
Total time:
	user time   =  273484.23 seconds =    4558.07 minutes
	system time =    6765.23 seconds =     112.75 minutes
	total time  =      28919 seconds =     481.98 minutes


  ==> Harmonic Vibrational Analysis <==

  non-mass-weighted Hessian:       Symmetric? True   Hermitian? True   Lin Dep Dim?  0 (0)
  projection of translations (True) and rotations (True) removed 6 degrees of freedom (6)
  total projector:                 Symmetric? True   Hermitian? True   Lin Dep Dim?  6 (6)
  mass-weighted Hessian:           Symmetric? True   Hermitian? True   Lin Dep Dim?  0 (0)
  pre-proj  low-frequency mode:    0.0000i [cm^-1]
  pre-proj  low-frequency mode:    0.0000i [cm^-1]
  pre-proj  low-frequency mode:    0.0000i [cm^-1]
  pre-proj  low-frequency mode:    0.0000i [cm^-1]
  pre-proj  low-frequency mode:    0.0000i [cm^-1]
  pre-proj  low-frequency mode:    0.0070  [cm^-1]
  pre-proj  all modes:['13.7351i' '13.3767i' '4.1517i' '0.0149i' '0.0113i' '0.0070' '786.3837'
 '786.3993' '908.6569' '949.0365' '949.0896' '1161.9076' '1161.9500'
 '1189.6453' '1241.6618' '1291.5229' '1300.9078' '1300.9088' '1565.5305'
 '1565.5407' '1637.5425' '3276.5516' '3276.5545' '3292.6882' '3360.8015'
 '3360.8173' '3383.7141']
  projected mass-weighted Hessian: Symmetric? True   Hermitian? True   Lin Dep Dim?  6 (6)
  post-proj low-frequency mode:    0.0000i [cm^-1] (TR)
  post-proj low-frequency mode:    0.0000i [cm^-1] (TR)
  post-proj low-frequency mode:    0.0000i [cm^-1] (TR)
  post-proj low-frequency mode:    0.0000i [cm^-1] (TR)
  post-proj low-frequency mode:    0.0000i [cm^-1] (TR)
  post-proj low-frequency mode:    0.0000i [cm^-1] (TR)
  post-proj  all modes:['0.0000i' '0.0000i' '0.0000i' '0.0000i' '0.0000i' '0.0000i' '786.3837'
 '786.3993' '908.6569' '949.0365' '949.0896' '1161.9076' '1161.9500'
 '1189.6450' '1241.6618' '1291.5229' '1300.9077' '1300.9087' '1565.5305'
 '1565.5407' '1637.5425' '3276.5516' '3276.5545' '3292.6882' '3360.8015'
 '3360.8173' '3383.7141']

  Vibration                       7                   8                   9           
  Freq [cm^-1]                 786.3837            786.3993            908.6569       
  Irrep                           A                   A                   A           
  Reduced mass [u]              1.0235              1.0235              1.0443        
  Force const [mDyne/A]         0.3729              0.3729              0.5080        
  Turning point v=0 [a0]        0.3868              0.3868              0.3562        
  RMS dev v=0 [a0 u^1/2]        0.2767              0.2767              0.2574        
  IR activ [km/mol]             0.0000              0.0000              0.1994        
  Char temp [K]               1131.4310           1131.4534           1307.3550       
  ----------------------------------------------------------------------------------
      1   C                0.00 -0.00  0.03   -0.00  0.00 -0.00    0.00 -0.00  0.03   
      2   C               -0.00  0.00 -0.01    0.00 -0.00  0.03    0.00 -0.00  0.03   
      3   C               -0.00  0.00 -0.02   -0.00  0.00 -0.03    0.00 -0.00  0.03   
      4   H                0.02  0.34 -0.15    0.44 -0.01  0.01   -0.01  0.37 -0.16   
      5   H               -0.02 -0.31 -0.21   -0.44  0.00  0.01    0.01 -0.34 -0.23   
      6   H               -0.33  0.25  0.11    0.14  0.33 -0.13    0.30  0.21 -0.18   
      7   H                0.33 -0.26  0.05   -0.14 -0.30 -0.19   -0.30 -0.17 -0.21   
      8   H                0.33  0.23  0.12    0.12 -0.36  0.12   -0.31  0.19 -0.18   
      9   H               -0.33 -0.25  0.08   -0.12  0.33  0.18    0.31 -0.15 -0.21   

  Vibration                       10                  11                  12          
  Freq [cm^-1]                 949.0365            949.0896           1161.9076       
  Irrep                           A                   A                   A           
  Reduced mass [u]              3.0881              3.0874              1.3528        
  Force const [mDyne/A]         1.6387              1.6385              1.0761        
  Turning point v=0 [a0]        0.2027              0.2027              0.2768        
  RMS dev v=0 [a0 u^1/2]        0.2519              0.2519              0.2276        
  IR activ [km/mol]            25.9528             25.9587              3.2510        
  Char temp [K]               1365.4522           1365.5286           1671.7264       
  ----------------------------------------------------------------------------------
      1   C                0.01  0.27  0.03    0.23 -0.01 -0.00    0.01  0.04  0.00   
      2   C                0.21 -0.11 -0.01   -0.15 -0.21 -0.02    0.08 -0.10 -0.01   
      3   C               -0.22 -0.10 -0.01   -0.14  0.22  0.02   -0.07 -0.09 -0.01   
      4   H                0.02  0.24  0.05    0.46  0.00 -0.00   -0.03  0.01  0.02   
      5   H                0.02  0.24  0.00    0.46  0.00 -0.00   -0.03  0.02 -0.02   
      6   H                0.31 -0.29 -0.02   -0.07 -0.29 -0.05   -0.26  0.43  0.05   
      7   H                0.31 -0.29 -0.04   -0.07 -0.29 -0.01   -0.26  0.43  0.03   
      8   H               -0.30 -0.28 -0.01   -0.06  0.31  0.05    0.22  0.42  0.05   
      9   H               -0.30 -0.27 -0.04   -0.06  0.32  0.01    0.22  0.42  0.03   

  Vibration                       13                  14                  15          
  Freq [cm^-1]                1161.9500           1189.6450           1241.6618       
  Irrep                           A                   A                   A           
  Reduced mass [u]              1.3530              1.4280              1.0078        
  Force const [mDyne/A]         1.0762              1.1907              0.9155        
  Turning point v=0 [a0]        0.2767              0.2662              0.3102        
  RMS dev v=0 [a0 u^1/2]        0.2276              0.2250              0.2202        
  IR activ [km/mol]             3.2462              0.0000              0.0000        
  Char temp [K]               1671.7874           1711.6343           1786.4749       
  ----------------------------------------------------------------------------------
      1   C               -0.14 -0.00  0.00    0.11  0.00 -0.00    0.00  0.00  0.00   
      2   C               -0.00  0.07  0.01   -0.06  0.10  0.01   -0.00 -0.00  0.00   
      3   C               -0.01 -0.08 -0.01   -0.05 -0.10 -0.01   -0.00  0.00 -0.00   
      4   H                0.57  0.02  0.00   -0.40 -0.01  0.00    0.41  0.01 -0.00   
      5   H                0.57  0.02 -0.00   -0.40 -0.01  0.00   -0.41 -0.01  0.00   
      6   H                0.15 -0.21 -0.01    0.21 -0.34 -0.03    0.22 -0.35 -0.03   
      7   H                0.15 -0.21 -0.04    0.21 -0.34 -0.03   -0.22  0.35  0.03   
      8   H                0.16  0.27  0.01    0.19  0.35  0.03    0.19  0.36  0.03   
      9   H                0.16  0.27  0.04    0.19  0.35  0.03   -0.19 -0.36 -0.03   

  Vibration                       16                  17                  18          
  Freq [cm^-1]                1291.5229           1300.9077           1300.9087       
  Irrep                           A                   A                   A           
  Reduced mass [u]              2.4415              1.4467              1.4467        
  Force const [mDyne/A]         2.3994              1.4425              1.4425        
  Turning point v=0 [a0]        0.1954              0.2529              0.2529        
  RMS dev v=0 [a0 u^1/2]        0.2159              0.2151              0.2151        
  IR activ [km/mol]             0.0000              0.0000              0.0000        
  Char temp [K]               1858.2139           1871.7165           1871.7180       
  ----------------------------------------------------------------------------------
      1   C               -0.01  0.21  0.02   -0.00  0.00 -0.03    0.00 -0.01  0.16   
      2   C               -0.18 -0.11 -0.01    0.00 -0.01  0.15   -0.00  0.00 -0.06   
      3   C                0.18 -0.10 -0.01   -0.00  0.01 -0.13    0.00  0.01 -0.10   
      4   H               -0.01  0.37 -0.04   -0.39 -0.08  0.01   -0.08  0.40 -0.05   
      5   H               -0.01  0.37  0.11    0.39  0.07  0.02    0.08 -0.38 -0.12   
      6   H               -0.32 -0.20  0.06    0.39  0.08 -0.07    0.07 -0.39 -0.01   
      7   H               -0.32 -0.19 -0.09   -0.39 -0.07 -0.08   -0.08  0.38  0.07   
      8   H                0.33 -0.18  0.06    0.39  0.07  0.07    0.08 -0.39  0.02   
      9   H                0.33 -0.17 -0.09   -0.39 -0.08  0.06   -0.08  0.38  0.09   

  Vibration                       19                  20                  21          
  Freq [cm^-1]                1565.5305           1565.5407           1637.5425       
  Irrep                           A                   A                   A           
  Reduced mass [u]              1.0924              1.0924              1.3860        
  Force const [mDyne/A]         1.5774              1.5774              2.1898        
  Turning point v=0 [a0]        0.2653              0.2653              0.2303        
  RMS dev v=0 [a0 u^1/2]        0.1961              0.1961              0.1917        
  IR activ [km/mol]             0.7735              0.7736              0.0000        
  Char temp [K]               2252.4498           2252.4645           2356.0591       
  ----------------------------------------------------------------------------------
      1   C               -0.01 -0.01 -0.00    0.00 -0.07 -0.01   -0.00  0.11  0.01   
      2   C               -0.06 -0.03 -0.00   -0.02 -0.02 -0.00   -0.09 -0.06 -0.01   
      3   C               -0.05  0.02  0.00    0.03 -0.03 -0.00    0.09 -0.05 -0.01   
      4   H                0.01  0.04 -0.02   -0.02  0.50 -0.29    0.01 -0.33  0.23   
      5   H                0.01  0.03  0.03   -0.01  0.43  0.37    0.01 -0.28 -0.29   
      6   H                0.36  0.25 -0.28    0.17  0.13 -0.13    0.26  0.18 -0.25   
      7   H                0.36  0.19  0.32    0.17  0.10  0.16    0.26  0.13  0.28   
      8   H                0.35 -0.20  0.26   -0.23  0.15 -0.17   -0.27  0.17 -0.25   
      9   H                0.34 -0.15 -0.29   -0.23  0.11  0.20   -0.27  0.12  0.28   

  Vibration                       22                  23                  24          
  Freq [cm^-1]                3276.5516           3276.5545           3292.6882       
  Irrep                           A                   A                   A           
  Reduced mass [u]              1.0517              1.0517              1.0675        
  Force const [mDyne/A]         6.6521              6.6522              6.8191        
  Turning point v=0 [a0]        0.1869              0.1869              0.1851        
  RMS dev v=0 [a0 u^1/2]        0.1355              0.1355              0.1352        
  IR activ [km/mol]            31.1192             31.1230              0.0000        
  Char temp [K]               4714.2283           4714.2323           4737.4453       
  ----------------------------------------------------------------------------------
      1   C               -0.00 -0.01 -0.00    0.00 -0.05 -0.00    0.00 -0.04 -0.00   
      2   C                0.03  0.02  0.00   -0.03 -0.02 -0.00    0.04  0.02  0.00   
      3   C                0.04 -0.02 -0.00    0.01 -0.01 -0.00   -0.04  0.02  0.00   
      4   H               -0.00  0.07  0.14   -0.01  0.24  0.50   -0.01  0.18  0.37   
      5   H               -0.00  0.09 -0.12   -0.01  0.33 -0.44   -0.01  0.24 -0.33   
      6   H               -0.18 -0.08 -0.35    0.18  0.08  0.36   -0.18 -0.08 -0.36   
      7   H               -0.18 -0.14  0.33    0.18  0.15 -0.34   -0.18 -0.14  0.34   
      8   H               -0.26  0.09  0.49   -0.07  0.02  0.13    0.19 -0.07 -0.36   
      9   H               -0.26  0.18 -0.46   -0.07  0.05 -0.12    0.19 -0.13  0.34   

  Vibration                       25                  26                  27          
  Freq [cm^-1]                3360.8015           3360.8173           3383.7141       
  Irrep                           A                   A                   A           
  Reduced mass [u]              1.1203              1.1203              1.1158        
  Force const [mDyne/A]         7.4552              7.4553              7.5271        
  Turning point v=0 [a0]        0.1788              0.1788              0.1786        
  RMS dev v=0 [a0 u^1/2]        0.1338              0.1338              0.1334        
  IR activ [km/mol]             0.0001              0.0000             44.0458        
  Char temp [K]               4835.4451           4835.4678           4868.4111       
  ----------------------------------------------------------------------------------
      1   C               -0.00  0.01 -0.08    0.00 -0.00  0.01   -0.00  0.01 -0.06   
      2   C                0.00 -0.00  0.03   -0.00  0.01 -0.08   -0.00  0.01 -0.06   
      3   C                0.00 -0.00  0.05    0.00 -0.01  0.07   -0.00  0.01 -0.06   
      4   H               -0.01  0.26  0.51    0.01 -0.03 -0.06   -0.01  0.19  0.36   
      5   H                0.01 -0.35  0.45   -0.01  0.04 -0.05    0.01 -0.25  0.32   
      6   H               -0.11 -0.04 -0.20    0.24  0.11  0.46    0.19  0.08  0.35   
      7   H                0.11  0.08 -0.18   -0.24 -0.19  0.43   -0.19 -0.15  0.33   
      8   H                0.16 -0.06 -0.30    0.22 -0.08 -0.40   -0.19  0.07  0.35   
      9   H               -0.17  0.11 -0.28   -0.22  0.16 -0.37    0.20 -0.14  0.33   

  ==> Thermochemistry Components <==

  Entropy, S
    Electronic S            0.000 [cal/(mol K)]        0.000 [J/(mol K)]       0.00000000 [mEh/K] (multiplicity = 1)
    Translational S        37.135 [cal/(mol K)]      155.375 [J/(mol K)]       0.05917914 [mEh/K] (mol. weight = 42.0470 [u], P = 101325.00 [Pa])
    Rotational S           21.646 [cal/(mol K)]       90.566 [J/(mol K)]       0.03449493 [mEh/K] (symmetry no. = 1)
    Vibrational S           1.084 [cal/(mol K)]        4.534 [J/(mol K)]       0.00172682 [mEh/K]
  Total S                  59.865 [cal/(mol K)]      250.475 [J/(mol K)]       0.09540089 [mEh/K]
  Correction S              0.000 [cal/(mol K)]        0.000 [J/(mol K)]       0.00000000 [mEh/K]

  Constant volume heat capacity, Cv
    Electronic Cv           0.000 [cal/(mol K)]        0.000 [J/(mol K)]       0.00000000 [mEh/K]
    Translational Cv        2.981 [cal/(mol K)]       12.472 [J/(mol K)]       0.00475022 [mEh/K]
    Rotational Cv           2.981 [cal/(mol K)]       12.472 [J/(mol K)]       0.00475022 [mEh/K]
    Vibrational Cv          4.174 [cal/(mol K)]       17.463 [J/(mol K)]       0.00665126 [mEh/K]
  Total Cv                 10.135 [cal/(mol K)]       42.406 [J/(mol K)]       0.01615169 [mEh/K]
  Correction Cv             0.000 [cal/(mol K)]        0.000 [J/(mol K)]       0.00000000 [mEh/K]

  Constant pressure heat capacity, Cp
    Electronic Cp           0.000 [cal/(mol K)]        0.000 [J/(mol K)]       0.00000000 [mEh/K]
    Translational Cp        4.968 [cal/(mol K)]       20.786 [J/(mol K)]       0.00791703 [mEh/K]
    Rotational Cp           2.981 [cal/(mol K)]       12.472 [J/(mol K)]       0.00475022 [mEh/K]
    Vibrational Cp          4.174 [cal/(mol K)]       17.463 [J/(mol K)]       0.00665126 [mEh/K]
  Total Cp                 12.123 [cal/(mol K)]       50.721 [J/(mol K)]       0.01931850 [mEh/K]
  Correction Cp             0.000 [cal/(mol K)]        0.000 [J/(mol K)]       0.00000000 [mEh/K]

  ==> Thermochemistry Energy Analysis <==

  Raw electronic energy, E0
  Total E0, Electronic energy at well bottom at 0 [K]                 -117.06721145 [Eh]

  Zero-point energy, ZPE_vib = Sum_i nu_i / 2
    Electronic ZPE          0.000 [kcal/mol]        0.000 [kJ/mol]       0.00000000 [Eh]
    Translational ZPE       0.000 [kcal/mol]        0.000 [kJ/mol]       0.00000000 [Eh]
    Rotational ZPE          0.000 [kcal/mol]        0.000 [kJ/mol]       0.00000000 [Eh]
    Vibrational ZPE        53.963 [kcal/mol]      225.782 [kJ/mol]       0.08599584 [Eh]       18873.905 [cm^-1]
  Correction ZPE           53.963 [kcal/mol]      225.782 [kJ/mol]       0.08599584 [Eh]       18873.905 [cm^-1]
  Total ZPE, Electronic energy at 0 [K]                               -116.98121561 [Eh]

  Thermal Energy, E (includes ZPE)
    Electronic E            0.000 [kcal/mol]        0.000 [kJ/mol]       0.00000000 [Eh]
    Translational E         0.889 [kcal/mol]        3.718 [kJ/mol]       0.00141628 [Eh]
    Rotational E            0.889 [kcal/mol]        3.718 [kJ/mol]       0.00141628 [Eh]
    Vibrational E          54.228 [kcal/mol]      226.889 [kJ/mol]       0.08641734 [Eh]
  Correction E             56.005 [kcal/mol]      234.326 [kJ/mol]       0.08924990 [Eh]
  Total E, Electronic energy at  298.15 [K]                           -116.97796155 [Eh]

  Enthalpy, H_trans = E_trans + k_B * T
    Electronic H            0.000 [kcal/mol]        0.000 [kJ/mol]       0.00000000 [Eh]
    Translational H         1.481 [kcal/mol]        6.197 [kJ/mol]       0.00236046 [Eh]
    Rotational H            0.889 [kcal/mol]        3.718 [kJ/mol]       0.00141628 [Eh]
    Vibrational H          54.228 [kcal/mol]      226.889 [kJ/mol]       0.08641734 [Eh]
  Correction H             56.598 [kcal/mol]      236.805 [kJ/mol]       0.09019408 [Eh]
  Total H, Enthalpy at  298.15 [K]                                    -116.97701737 [Eh]

  Gibbs free energy, G = H - T * S
    Electronic G            0.000 [kcal/mol]        0.000 [kJ/mol]       0.00000000 [Eh]
    Translational G        -9.591 [kcal/mol]      -40.128 [kJ/mol]      -0.01528380 [Eh]
    Rotational G           -5.565 [kcal/mol]      -23.284 [kJ/mol]      -0.00886839 [Eh]
    Vibrational G          53.905 [kcal/mol]      225.537 [kJ/mol]       0.08590249 [Eh]
  Correction G             38.749 [kcal/mol]      162.125 [kJ/mol]       0.06175031 [Eh]
  Total G, Free enthalpy at  298.15 [K]                               -117.00546114 [Eh]
