gradient() will perform analytic gradient computation.

*** tstart() called on wanukaka
*** at Thu Apr 14 12:54:54 2022

   => Loading Basis Set <=

    Name: CC-PVDZ
    Role: ORBITAL
    Keyword: BASIS
    atoms 1 entry C          line   138 file /home/sulstice/software/miniconda2/envs/qmpython2/share/psi4/basis/cc-pvdz.gbs 
    atoms 2 entry O          line   198 file /home/sulstice/software/miniconda2/envs/qmpython2/share/psi4/basis/cc-pvdz.gbs 


         ---------------------------------------------------------
                                   SCF
               by Justin Turney, Rob Parrish, Andy Simmonett
                          and Daniel G. A. Smith
                              RHF Reference
                       10 Threads,   7629 MiB Core
         ---------------------------------------------------------

  ==> Geometry <==

    Molecular point group: c2v
    Full point group: C_inf_v

    Geometry (in Angstrom), charge = 0, multiplicity = 1:

       Center              X                  Y                   Z               Mass       
    ------------   -----------------  -----------------  -----------------  -----------------
         C            0.000000000000     0.000000000000    -0.644483611972    12.000000000000
         O            0.000000000000     0.000000000000     0.483516388028    15.994914619570

  Running in c2v symmetry.

  Rotational constants: A = ************  B =      1.93239  C =      1.93239 [cm^-1]
  Rotational constants: A = ************  B =  57931.52687  C =  57931.52687 [MHz]
  Nuclear repulsion =   22.518179177446818

  Charge       = 0
  Multiplicity = 1
  Electrons    = 14
  Nalpha       = 7
  Nbeta        = 7

  ==> Algorithm <==

  SCF Algorithm Type is DF.
  DIIS enabled.
  MOM disabled.
  Fractional occupation disabled.
  Guess Type is SAD.
  Energy threshold   = 1.00e-08
  Density threshold  = 1.00e-08
  Integral threshold = 0.00e+00

  ==> Primary Basis <==

  Basis Set: CC-PVDZ
    Blend: CC-PVDZ
    Number of shells: 12
    Number of basis function: 28
    Number of Cartesian functions: 30
    Spherical Harmonics?: true
    Max angular momentum: 2

   => Loading Basis Set <=

    Name: (CC-PVDZ AUX)
    Role: JKFIT
    Keyword: DF_BASIS_SCF
    atoms 1 entry C          line   121 file /home/sulstice/software/miniconda2/envs/qmpython2/share/psi4/basis/cc-pvdz-jkfit.gbs 
    atoms 2 entry O          line   221 file /home/sulstice/software/miniconda2/envs/qmpython2/share/psi4/basis/cc-pvdz-jkfit.gbs 

  ==> Pre-Iterations <==

   -------------------------------------------------------
    Irrep   Nso     Nmo     Nalpha   Nbeta   Ndocc  Nsocc
   -------------------------------------------------------
     A1        14      14       0       0       0       0
     A2         2       2       0       0       0       0
     B1         6       6       0       0       0       0
     B2         6       6       0       0       0       0
   -------------------------------------------------------
    Total      28      28       7       7       7       0
   -------------------------------------------------------

  ==> Integral Setup <==

  DFHelper Memory: AOs need 0.001 GiB; user supplied 5.588 GiB. Using in-core AOs.

  ==> MemDFJK: Density-Fitted J/K Matrices <==

    J tasked:                   Yes
    K tasked:                   Yes
    wK tasked:                   No
    OpenMP threads:              10
    Memory [MiB]:              5722
    Algorithm:                 Core
    Schwarz Cutoff:           1E-12
    Mask sparsity (%):       0.0000
    Fitting Condition:        1E-10

   => Auxiliary Basis Set <=

  Basis Set: (CC-PVDZ AUX)
    Blend: CC-PVDZ-JKFIT
    Number of shells: 48
    Number of basis function: 140
    Number of Cartesian functions: 162
    Spherical Harmonics?: true
    Max angular momentum: 3

  Minimum eigenvalue in the overlap matrix is 2.1726289959E-02.
  Using Symmetric Orthogonalization.

  SCF Guess: Superposition of Atomic Densities via on-the-fly atomic UHF.

  ==> Iterations <==

                           Total Energy        Delta E     RMS |[F,P]|

   @DF-RHF iter SAD:  -111.88918470882999   -1.11889e+02   0.00000e+00 
   @DF-RHF iter   1:  -112.72643294815236   -8.37248e-01   1.49080e-02 DIIS
   @DF-RHF iter   2:  -112.73527299222388   -8.84004e-03   1.18553e-02 DIIS
   @DF-RHF iter   3:  -112.74895714668594   -1.36842e-02   8.95744e-04 DIIS
   @DF-RHF iter   4:  -112.74906450113438   -1.07354e-04   1.29402e-04 DIIS
   @DF-RHF iter   5:  -112.74906729789316   -2.79676e-06   2.86064e-05 DIIS
   @DF-RHF iter   6:  -112.74906743693266   -1.39039e-07   3.62107e-06 DIIS
   @DF-RHF iter   7:  -112.74906744019592   -3.26325e-09   1.00986e-06 DIIS
   @DF-RHF iter   8:  -112.74906744041242   -2.16502e-10   2.37341e-07 DIIS
   @DF-RHF iter   9:  -112.74906744042302   -1.06013e-11   2.12012e-08 DIIS
   @DF-RHF iter  10:  -112.74906744042299    2.84217e-14   1.39430e-09 DIIS
  Energy and wave function converged.


  ==> Post-Iterations <==

    Orbital Energies [Eh]
    ---------------------

    Doubly Occupied:                                                      

       1A1   -20.669355     2A1   -11.366739     3A1    -1.523150  
       4A1    -0.802123     1B2    -0.634463     1B1    -0.634463  
       5A1    -0.548851  

    Virtual:                                                              

       2B2     0.154659     2B1     0.154659     6A1     0.382603  
       3B2     0.672375     3B1     0.672375     7A1     0.726638  
       8A1     1.018570     9A1     1.062047     4B2     1.224538  
       4B1     1.224538     1A2     1.345283    10A1     1.345283  
       5B2     1.559407     5B1     1.559407    11A1     1.939255  
      12A1     2.343505    13A1     2.937618     2A2     2.937618  
       6B1     3.427158     6B2     3.427158    14A1     3.872558  

    Final Occupation by Irrep:
             A1    A2    B1    B2 
    DOCC [     5,    0,    1,    1 ]

  @DF-RHF Final Energy:  -112.74906744042299

   => Energetics <=

    Nuclear Repulsion Energy =             22.5181791774468181
    One-Electron Energy =                -198.1762071511452064
    Two-Electron Energy =                  62.9089605332753905
    Total Energy =                       -112.7490674404229907

Computation Completed


Properties will be evaluated at   0.000000,   0.000000,   0.000000 [a0]

Properties computed using the SCF density matrix

  Nuclear Dipole Moment: [e a0]
     X:     0.0000      Y:     0.0000      Z:     0.0023

  Electronic Dipole Moment: [e a0]
     X:     0.0000      Y:     0.0000      Z:    -0.0943

  Dipole Moment: [e a0]
     X:     0.0000      Y:     0.0000      Z:    -0.0920     Total:     0.0920

  Dipole Moment: [D]
     X:     0.0000      Y:     0.0000      Z:    -0.2339     Total:     0.2339


*** tstop() called on wanukaka at Thu Apr 14 12:54:54 2022
Module time:
	user time   =       5.00 seconds =       0.08 minutes
	system time =       0.18 seconds =       0.00 minutes
	total time  =          0 seconds =       0.00 minutes
Total time:
	user time   =    8961.93 seconds =     149.37 minutes
	system time =     394.96 seconds =       6.58 minutes
	total time  =       1038 seconds =      17.30 minutes

*** tstart() called on wanukaka
*** at Thu Apr 14 12:54:54 2022


         ------------------------------------------------------------
                                   SCF GRAD                          
                          Rob Parrish, Justin Turney,                
                       Andy Simmonett, and Alex Sokolov              
         ------------------------------------------------------------

  ==> Geometry <==

    Molecular point group: c2v
    Full point group: C_inf_v

    Geometry (in Angstrom), charge = 0, multiplicity = 1:

       Center              X                  Y                   Z               Mass       
    ------------   -----------------  -----------------  -----------------  -----------------
         C            0.000000000000     0.000000000000    -0.644483611972    12.000000000000
         O            0.000000000000     0.000000000000     0.483516388028    15.994914619570

  Nuclear repulsion =   22.518179177446818

  ==> Basis Set <==

  Basis Set: CC-PVDZ
    Blend: CC-PVDZ
    Number of shells: 12
    Number of basis function: 28
    Number of Cartesian functions: 30
    Spherical Harmonics?: true
    Max angular momentum: 2

  ==> DFJKGrad: Density-Fitted SCF Gradients <==

    Gradient:                    1
    J tasked:                  Yes
    K tasked:                  Yes
    wK tasked:                  No
    OpenMP threads:             10
    Integrals threads:          10
    Memory [MiB]:             5722
    Schwarz Cutoff:          0E+00
    Fitting Condition:       1E-10

   => Auxiliary Basis Set <=

  Basis Set: (CC-PVDZ AUX)
    Blend: CC-PVDZ-JKFIT
    Number of shells: 48
    Number of basis function: 140
    Number of Cartesian functions: 162
    Spherical Harmonics?: true
    Max angular momentum: 3


  -Total Gradient:
     Atom            X                  Y                   Z
    ------   -----------------  -----------------  -----------------
       1       -0.000000000000     0.000000000000    -0.048724827783
       2        0.000000000000     0.000000000000     0.048724827783


*** tstop() called on wanukaka at Thu Apr 14 12:54:55 2022
Module time:
	user time   =       3.59 seconds =       0.06 minutes
	system time =       0.12 seconds =       0.00 minutes
	total time  =          1 seconds =       0.02 minutes
Total time:
	user time   =    8965.53 seconds =     149.43 minutes
	system time =     395.08 seconds =       6.58 minutes
	total time  =       1039 seconds =      17.32 minutes

			-----------------------------------------
			 OPTKING 2.0: for geometry optimizations 
			  - R.A. King,  Bethel University        
			-----------------------------------------

	Internal coordinates to be generated automatically.
	Detected frag 1 with atoms:  1 2
	---Fragment 1 Bond Connectivity---
	 1 : 2
	 2 : 1

	---Fragment 1 Geometry and Gradient---
	 C           0.0000000000        0.0000000000       -1.2178975190
	 O           0.0000000000        0.0000000000        0.9137135505
	            -0.0000000000        0.0000000000       -0.0487248278
	             0.0000000000        0.0000000000        0.0487248278

	Previous optimization step data not found.  Starting new optimization.

	---Fragment 1 Intrafragment Coordinates---
	 - Coordinate -           - BOHR/RAD -       - ANG/DEG -
	 R(1,2)           =         2.131611	       1.128000

	Current energy   :      -112.7490674404

	Generating empirical Hessian (Schlegel '84) for each fragment.
	Taking RFO optimization step.
	Going to follow RFO solution 1.
	Using RFO vector 1.
	Norm of target step-size    0.03218
	Projected energy change by RFO approximation:        -0.0010491281

	Back-transformation to cartesian coordinates...
	Successfully converged to displaced geometry.

	--- Internal Coordinate Step in ANG or DEG, aJ/ANG or AJ/DEG ---
	 ---------------------------------------------------------------------------
	   Coordinate                Previous        Force       Change         New 
	   ----------                --------       ------       ------       ------
	    1 R(1,2)          =      1.128000    -0.401430    -0.017030     1.110970
	 ---------------------------------------------------------------------------
	Successfully symmetrized geometry.

  ==> Convergence Check <==

  Measures of convergence in internal coordinates in au.
  Criteria marked as inactive (o), active & met (*), and active & unmet ( ).
  --------------------------------------------------------------------------------------------- ~
   Step     Total Energy     Delta E     MAX Force     RMS Force      MAX Disp      RMS Disp    ~
  --------------------------------------------------------------------------------------------- ~
    Convergence Criteria    1.00e-06 *    3.00e-04 *             o    1.20e-03 *             o  ~
  --------------------------------------------------------------------------------------------- ~
      1    -112.74906744   -1.13e+02      4.87e-02      4.87e-02 o    3.22e-02      3.22e-02 o  ~
  ---------------------------------------------------------------------------------------------

	Writing optimization data to binary file.
	Structure for next step:
	Cartesian Geometry (in Angstrom)
	    C     0.0000000000   0.0000000000  -0.6359687337
	    O     0.0000000000   0.0000000000   0.4750015104
			--------------------------
			 OPTKING Finished Execution 
			--------------------------

    Structure for next step:
    Molecular point group: c2v
    Full point group: C_inf_v

    Geometry (in Angstrom), charge = 0, multiplicity = 1:

    C       
    O             1    1.110970

gradient() will perform analytic gradient computation.

*** tstart() called on wanukaka
*** at Thu Apr 14 12:54:55 2022

   => Loading Basis Set <=

    Name: CC-PVDZ
    Role: ORBITAL
    Keyword: BASIS
    atoms 1 entry C          line   138 file /home/sulstice/software/miniconda2/envs/qmpython2/share/psi4/basis/cc-pvdz.gbs 
    atoms 2 entry O          line   198 file /home/sulstice/software/miniconda2/envs/qmpython2/share/psi4/basis/cc-pvdz.gbs 


         ---------------------------------------------------------
                                   SCF
               by Justin Turney, Rob Parrish, Andy Simmonett
                          and Daniel G. A. Smith
                              RHF Reference
                       10 Threads,   7629 MiB Core
         ---------------------------------------------------------

  ==> Geometry <==

    Molecular point group: c2v
    Full point group: C_inf_v

    Geometry (in Angstrom), charge = 0, multiplicity = 1:

       Center              X                  Y                   Z               Mass       
    ------------   -----------------  -----------------  -----------------  -----------------
         C            0.000000000000     0.000000000000    -0.634753651163    12.000000000000
         O            0.000000000000     0.000000000000     0.476216597282    15.994914619570

  Running in c2v symmetry.

  Rotational constants: A = ************  B =      1.99208  C =      1.99208 [cm^-1]
  Rotational constants: A = ************  B =  59721.17130  C =  59721.17130 [MHz]
  Nuclear repulsion =   22.863354034652072

  Charge       = 0
  Multiplicity = 1
  Electrons    = 14
  Nalpha       = 7
  Nbeta        = 7

  ==> Algorithm <==

  SCF Algorithm Type is DF.
  DIIS enabled.
  MOM disabled.
  Fractional occupation disabled.
  Guess Type is READ.
  Energy threshold   = 1.00e-08
  Density threshold  = 1.00e-08
  Integral threshold = 0.00e+00

  ==> Primary Basis <==

  Basis Set: CC-PVDZ
    Blend: CC-PVDZ
    Number of shells: 12
    Number of basis function: 28
    Number of Cartesian functions: 30
    Spherical Harmonics?: true
    Max angular momentum: 2

   => Loading Basis Set <=

    Name: (CC-PVDZ AUX)
    Role: JKFIT
    Keyword: DF_BASIS_SCF
    atoms 1 entry C          line   121 file /home/sulstice/software/miniconda2/envs/qmpython2/share/psi4/basis/cc-pvdz-jkfit.gbs 
    atoms 2 entry O          line   221 file /home/sulstice/software/miniconda2/envs/qmpython2/share/psi4/basis/cc-pvdz-jkfit.gbs 

   => Loading Basis Set <=

    Name: CC-PVDZ
    Role: ORBITAL
    Keyword: BASIS
    atoms 1 entry C          line   138 file /home/sulstice/software/miniconda2/envs/qmpython2/share/psi4/basis/cc-pvdz.gbs 
    atoms 2 entry O          line   198 file /home/sulstice/software/miniconda2/envs/qmpython2/share/psi4/basis/cc-pvdz.gbs 

  Reading orbitals from file 180, no projection.

  ==> Pre-Iterations <==

   -------------------------------------------------------
    Irrep   Nso     Nmo     Nalpha   Nbeta   Ndocc  Nsocc
   -------------------------------------------------------
     A1        14      14       0       0       0       0
     A2         2       2       0       0       0       0
     B1         6       6       0       0       0       0
     B2         6       6       0       0       0       0
   -------------------------------------------------------
    Total      28      28       7       7       7       0
   -------------------------------------------------------

  ==> Integral Setup <==

  DFHelper Memory: AOs need 0.001 GiB; user supplied 5.588 GiB. Using in-core AOs.

  ==> MemDFJK: Density-Fitted J/K Matrices <==

    J tasked:                   Yes
    K tasked:                   Yes
    wK tasked:                   No
    OpenMP threads:              10
    Memory [MiB]:              5722
    Algorithm:                 Core
    Schwarz Cutoff:           1E-12
    Mask sparsity (%):       0.0000
    Fitting Condition:        1E-10

   => Auxiliary Basis Set <=

  Basis Set: (CC-PVDZ AUX)
    Blend: CC-PVDZ-JKFIT
    Number of shells: 48
    Number of basis function: 140
    Number of Cartesian functions: 162
    Spherical Harmonics?: true
    Max angular momentum: 3

  Minimum eigenvalue in the overlap matrix is 2.1264547463E-02.
  Using Symmetric Orthogonalization.

  SCF Guess: Orbitals guess was supplied from a previous computation.

  ==> Iterations <==

                           Total Energy        Delta E     RMS |[F,P]|

   @DF-RHF iter   0:  -112.77704051883991   -1.12777e+02   4.79159e-03 
   @DF-RHF iter   1:  -112.74982199389900    2.72185e-02   8.68613e-04 DIIS
   @DF-RHF iter   2:  -112.74986452971072   -4.25358e-05   6.44251e-04 DIIS
   @DF-RHF iter   3:  -112.74990333152428   -3.88018e-05   5.80298e-05 DIIS
   @DF-RHF iter   4:  -112.74990375701655   -4.25492e-07   1.21453e-05 DIIS
   @DF-RHF iter   5:  -112.74990379491312   -3.78966e-08   4.13885e-06 DIIS
   @DF-RHF iter   6:  -112.74990379737751   -2.46439e-09   6.11855e-07 DIIS
   @DF-RHF iter   7:  -112.74990379744467   -6.71605e-11   3.40909e-08 DIIS
   @DF-RHF iter   8:  -112.74990379744514   -4.68958e-13   3.36225e-09 DIIS
  Energy and wave function converged.


  ==> Post-Iterations <==

    Orbital Energies [Eh]
    ---------------------

    Doubly Occupied:                                                      

       1A1   -20.668848     2A1   -11.359761     3A1    -1.535085  
       4A1    -0.803721     1B1    -0.641959     1B2    -0.641959  
       5A1    -0.546740  

    Virtual:                                                              

       2B1     0.161774     2B2     0.161774     6A1     0.383749  
       3B1     0.673018     3B2     0.673018     7A1     0.728360  
       8A1     1.030494     9A1     1.076782     4B2     1.221542  
       4B1     1.221542    10A1     1.345698     1A2     1.345698  
       5B2     1.573785     5B1     1.573785    11A1     1.940034  
      12A1     2.380193     2A2     2.940145    13A1     2.940145  
       6B2     3.444164     6B1     3.444164    14A1     3.897099  

    Final Occupation by Irrep:
             A1    A2    B1    B2 
    DOCC [     5,    0,    1,    1 ]

  @DF-RHF Final Energy:  -112.74990379744514

   => Energetics <=

    Nuclear Repulsion Energy =             22.8633540346520725
    One-Electron Energy =                -198.8303705849392315
    Two-Electron Energy =                  63.2171127528420200
    Total Energy =                       -112.7499037974451426

Computation Completed


Properties will be evaluated at   0.000000,   0.000000,   0.000000 [a0]

Properties computed using the SCF density matrix

  Nuclear Dipole Moment: [e a0]
     X:     0.0000      Y:     0.0000      Z:     0.0023

  Electronic Dipole Moment: [e a0]
     X:     0.0000      Y:     0.0000      Z:    -0.0617

  Dipole Moment: [e a0]
     X:     0.0000      Y:     0.0000      Z:    -0.0594     Total:     0.0594

  Dipole Moment: [D]
     X:     0.0000      Y:     0.0000      Z:    -0.1510     Total:     0.1510


*** tstop() called on wanukaka at Thu Apr 14 12:54:55 2022
Module time:
	user time   =       2.56 seconds =       0.04 minutes
	system time =       0.16 seconds =       0.00 minutes
	total time  =          0 seconds =       0.00 minutes
Total time:
	user time   =    8968.18 seconds =     149.47 minutes
	system time =     395.24 seconds =       6.59 minutes
	total time  =       1039 seconds =      17.32 minutes

*** tstart() called on wanukaka
*** at Thu Apr 14 12:54:55 2022


         ------------------------------------------------------------
                                   SCF GRAD                          
                          Rob Parrish, Justin Turney,                
                       Andy Simmonett, and Alex Sokolov              
         ------------------------------------------------------------

  ==> Geometry <==

    Molecular point group: c2v
    Full point group: C_inf_v

    Geometry (in Angstrom), charge = 0, multiplicity = 1:

       Center              X                  Y                   Z               Mass       
    ------------   -----------------  -----------------  -----------------  -----------------
         C            0.000000000000     0.000000000000    -0.634753651163    12.000000000000
         O            0.000000000000     0.000000000000     0.476216597282    15.994914619570

  Nuclear repulsion =   22.863354034652072

  ==> Basis Set <==

  Basis Set: CC-PVDZ
    Blend: CC-PVDZ
    Number of shells: 12
    Number of basis function: 28
    Number of Cartesian functions: 30
    Spherical Harmonics?: true
    Max angular momentum: 2

  ==> DFJKGrad: Density-Fitted SCF Gradients <==

    Gradient:                    1
    J tasked:                  Yes
    K tasked:                  Yes
    wK tasked:                  No
    OpenMP threads:             10
    Integrals threads:          10
    Memory [MiB]:             5722
    Schwarz Cutoff:          0E+00
    Fitting Condition:       1E-10

   => Auxiliary Basis Set <=

  Basis Set: (CC-PVDZ AUX)
    Blend: CC-PVDZ-JKFIT
    Number of shells: 48
    Number of basis function: 140
    Number of Cartesian functions: 162
    Spherical Harmonics?: true
    Max angular momentum: 3


  -Total Gradient:
     Atom            X                  Y                   Z
    ------   -----------------  -----------------  -----------------
       1       -0.000000000000     0.000000000000    -0.002359332999
       2        0.000000000000     0.000000000000     0.002359332999


*** tstop() called on wanukaka at Thu Apr 14 12:54:55 2022
Module time:
	user time   =       3.50 seconds =       0.06 minutes
	system time =       0.20 seconds =       0.00 minutes
	total time  =          0 seconds =       0.00 minutes
Total time:
	user time   =    8971.69 seconds =     149.53 minutes
	system time =     395.44 seconds =       6.59 minutes
	total time  =       1039 seconds =      17.32 minutes

			-----------------------------------------
			 OPTKING 2.0: for geometry optimizations 
			  - R.A. King,  Bethel University        
			-----------------------------------------

	Previous internal coordinate definitions found.
	---Fragment 1 Geometry and Gradient---
	 C           0.0000000000        0.0000000000       -1.1995105578
	 O           0.0000000000        0.0000000000        0.8999189453
	            -0.0000000000        0.0000000000       -0.0023593330
	             0.0000000000        0.0000000000        0.0023593330

	---Fragment 1 Intrafragment Coordinates---
	 - Coordinate -           - BOHR/RAD -       - ANG/DEG -
	 R(1,2)           =         2.099430	       1.110970

	Current energy   :      -112.7499037974

	Energy change for the previous step:
		Projected    :        -0.0010491281
		Actual       :        -0.0008363570
	Energy ratio indicates good step: Trust radius increased to 1.000e+00.


	Performing BFGS update.
	Previous computed or guess Hessian on step 1.
	Steps to be used in Hessian update: 1
	Taking RFO optimization step.
	Going to follow RFO solution 1.
	Using RFO vector 1.
	Norm of target step-size    0.00164
	Projected energy change by RFO approximation:        -0.0000025227

	Back-transformation to cartesian coordinates...
	Successfully converged to displaced geometry.

	--- Internal Coordinate Step in ANG or DEG, aJ/ANG or AJ/DEG ---
	 ---------------------------------------------------------------------------
	   Coordinate                Previous        Force       Change         New 
	   ----------                --------       ------       ------       ------
	    1 R(1,2)          =      1.110970    -0.019438    -0.000867     1.110104
	 ---------------------------------------------------------------------------
	Successfully symmetrized geometry.

  ==> Convergence Check <==

  Measures of convergence in internal coordinates in au.
  Criteria marked as inactive (o), active & met (*), and active & unmet ( ).
  ---------------------------------------------------------------------------------------------
   Step     Total Energy     Delta E     MAX Force     RMS Force      MAX Disp      RMS Disp   
  ---------------------------------------------------------------------------------------------
    Convergence Criteria    1.00e-06 *    3.00e-04 *             o    1.20e-03 *             o
  ---------------------------------------------------------------------------------------------
      2    -112.74990380   -8.36e-04      2.36e-03      2.36e-03 o    1.64e-03      1.64e-03 o  ~
  ---------------------------------------------------------------------------------------------

	Writing optimization data to binary file.
	Structure for next step:
	Cartesian Geometry (in Angstrom)
	    C     0.0000000000   0.0000000000  -0.6343203658
	    O     0.0000000000   0.0000000000   0.4757833126
			--------------------------
			 OPTKING Finished Execution 
			--------------------------

    Structure for next step:
    Molecular point group: c2v
    Full point group: C_inf_v

    Geometry (in Angstrom), charge = 0, multiplicity = 1:

    C       
    O             1    1.110104

gradient() will perform analytic gradient computation.

*** tstart() called on wanukaka
*** at Thu Apr 14 12:54:55 2022

   => Loading Basis Set <=

    Name: CC-PVDZ
    Role: ORBITAL
    Keyword: BASIS
    atoms 1 entry C          line   138 file /home/sulstice/software/miniconda2/envs/qmpython2/share/psi4/basis/cc-pvdz.gbs 
    atoms 2 entry O          line   198 file /home/sulstice/software/miniconda2/envs/qmpython2/share/psi4/basis/cc-pvdz.gbs 


         ---------------------------------------------------------
                                   SCF
               by Justin Turney, Rob Parrish, Andy Simmonett
                          and Daniel G. A. Smith
                              RHF Reference
                       10 Threads,   7629 MiB Core
         ---------------------------------------------------------

  ==> Geometry <==

    Molecular point group: c2v
    Full point group: C_inf_v

    Geometry (in Angstrom), charge = 0, multiplicity = 1:

       Center              X                  Y                   Z               Mass       
    ------------   -----------------  -----------------  -----------------  -----------------
         C            0.000000000000     0.000000000000    -0.634258538231    12.000000000000
         O            0.000000000000     0.000000000000     0.475845144522    15.994914619570

  Running in c2v symmetry.

  Rotational constants: A = ************  B =      1.99520  C =      1.99520 [cm^-1]
  Rotational constants: A = ************  B =  59814.44640  C =  59814.44640 [MHz]
  Nuclear repulsion =   22.881201555125230

  Charge       = 0
  Multiplicity = 1
  Electrons    = 14
  Nalpha       = 7
  Nbeta        = 7

  ==> Algorithm <==

  SCF Algorithm Type is DF.
  DIIS enabled.
  MOM disabled.
  Fractional occupation disabled.
  Guess Type is READ.
  Energy threshold   = 1.00e-08
  Density threshold  = 1.00e-08
  Integral threshold = 0.00e+00

  ==> Primary Basis <==

  Basis Set: CC-PVDZ
    Blend: CC-PVDZ
    Number of shells: 12
    Number of basis function: 28
    Number of Cartesian functions: 30
    Spherical Harmonics?: true
    Max angular momentum: 2

   => Loading Basis Set <=

    Name: (CC-PVDZ AUX)
    Role: JKFIT
    Keyword: DF_BASIS_SCF
    atoms 1 entry C          line   121 file /home/sulstice/software/miniconda2/envs/qmpython2/share/psi4/basis/cc-pvdz-jkfit.gbs 
    atoms 2 entry O          line   221 file /home/sulstice/software/miniconda2/envs/qmpython2/share/psi4/basis/cc-pvdz-jkfit.gbs 

   => Loading Basis Set <=

    Name: CC-PVDZ
    Role: ORBITAL
    Keyword: BASIS
    atoms 1 entry C          line   138 file /home/sulstice/software/miniconda2/envs/qmpython2/share/psi4/basis/cc-pvdz.gbs 
    atoms 2 entry O          line   198 file /home/sulstice/software/miniconda2/envs/qmpython2/share/psi4/basis/cc-pvdz.gbs 

  Reading orbitals from file 180, no projection.

  ==> Pre-Iterations <==

   -------------------------------------------------------
    Irrep   Nso     Nmo     Nalpha   Nbeta   Ndocc  Nsocc
   -------------------------------------------------------
     A1        14      14       0       0       0       0
     A2         2       2       0       0       0       0
     B1         6       6       0       0       0       0
     B2         6       6       0       0       0       0
   -------------------------------------------------------
    Total      28      28       7       7       7       0
   -------------------------------------------------------

  ==> Integral Setup <==

  DFHelper Memory: AOs need 0.001 GiB; user supplied 5.588 GiB. Using in-core AOs.

  ==> MemDFJK: Density-Fitted J/K Matrices <==

    J tasked:                   Yes
    K tasked:                   Yes
    wK tasked:                   No
    OpenMP threads:              10
    Memory [MiB]:              5722
    Algorithm:                 Core
    Schwarz Cutoff:           1E-12
    Mask sparsity (%):       0.0000
    Fitting Condition:        1E-10

   => Auxiliary Basis Set <=

  Basis Set: (CC-PVDZ AUX)
    Blend: CC-PVDZ-JKFIT
    Number of shells: 48
    Number of basis function: 140
    Number of Cartesian functions: 162
    Spherical Harmonics?: true
    Max angular momentum: 3

  Minimum eigenvalue in the overlap matrix is 2.1241163215E-02.
  Using Symmetric Orthogonalization.

  SCF Guess: Orbitals guess was supplied from a previous computation.

  ==> Iterations <==

                           Total Energy        Delta E     RMS |[F,P]|

   @DF-RHF iter   0:  -112.75128009099437   -1.12751e+02   2.48346e-04 
   @DF-RHF iter   1:  -112.74990539951223    1.37469e-03   4.42648e-05 DIIS
   @DF-RHF iter   2:  -112.74990550947730   -1.09965e-07   3.28671e-05 DIIS
   @DF-RHF iter   3:  -112.74990561049644   -1.01019e-07   2.94351e-06 DIIS
   @DF-RHF iter   4:  -112.74990561159322   -1.09678e-09   6.17265e-07 DIIS
   @DF-RHF iter   5:  -112.74990561169116   -9.79412e-11   2.10385e-07 DIIS
   @DF-RHF iter   6:  -112.74990561169749   -6.32383e-12   3.10022e-08 DIIS
   @DF-RHF iter   7:  -112.74990561169764   -1.56319e-13   1.70622e-09 DIIS
  Energy and wave function converged.


  ==> Post-Iterations <==

    Orbital Energies [Eh]
    ---------------------

    Doubly Occupied:                                                      

       1A1   -20.668819     2A1   -11.359405     3A1    -1.535696  
       4A1    -0.803803     1B2    -0.642345     1B1    -0.642345  
       5A1    -0.546628  

    Virtual:                                                              

       2B1     0.162139     2B2     0.162139     6A1     0.383805  
       3B1     0.673051     3B2     0.673051     7A1     0.728445  
       8A1     1.030739     9A1     1.077920     4B2     1.221388  
       4B1     1.221388     1A2     1.345717    10A1     1.345717  
       5B1     1.574534     5B2     1.574534    11A1     1.940084  
      12A1     2.382116     2A2     2.940283    13A1     2.940283  
       6B1     3.445036     6B2     3.445036    14A1     3.898341  

    Final Occupation by Irrep:
             A1    A2    B1    B2 
    DOCC [     5,    0,    1,    1 ]

  @DF-RHF Final Energy:  -112.74990561169764

   => Energetics <=

    Nuclear Repulsion Energy =             22.8812015551252301
    One-Electron Energy =                -198.8641308619037886
    Two-Electron Energy =                  63.2330236950809024
    Total Energy =                       -112.7499056116976419

Computation Completed


Properties will be evaluated at   0.000000,   0.000000,   0.000000 [a0]

Properties computed using the SCF density matrix

  Nuclear Dipole Moment: [e a0]
     X:     0.0000      Y:     0.0000      Z:     0.0023

  Electronic Dipole Moment: [e a0]
     X:     0.0000      Y:     0.0000      Z:    -0.0601

  Dipole Moment: [e a0]
     X:     0.0000      Y:     0.0000      Z:    -0.0578     Total:     0.0578

  Dipole Moment: [D]
     X:     0.0000      Y:     0.0000      Z:    -0.1468     Total:     0.1468


*** tstop() called on wanukaka at Thu Apr 14 12:54:55 2022
Module time:
	user time   =       2.56 seconds =       0.04 minutes
	system time =       0.14 seconds =       0.00 minutes
	total time  =          0 seconds =       0.00 minutes
Total time:
	user time   =    8974.33 seconds =     149.57 minutes
	system time =     395.58 seconds =       6.59 minutes
	total time  =       1039 seconds =      17.32 minutes

*** tstart() called on wanukaka
*** at Thu Apr 14 12:54:55 2022


         ------------------------------------------------------------
                                   SCF GRAD                          
                          Rob Parrish, Justin Turney,                
                       Andy Simmonett, and Alex Sokolov              
         ------------------------------------------------------------

  ==> Geometry <==

    Molecular point group: c2v
    Full point group: C_inf_v

    Geometry (in Angstrom), charge = 0, multiplicity = 1:

       Center              X                  Y                   Z               Mass       
    ------------   -----------------  -----------------  -----------------  -----------------
         C            0.000000000000     0.000000000000    -0.634258538231    12.000000000000
         O            0.000000000000     0.000000000000     0.475845144522    15.994914619570

  Nuclear repulsion =   22.881201555125230

  ==> Basis Set <==

  Basis Set: CC-PVDZ
    Blend: CC-PVDZ
    Number of shells: 12
    Number of basis function: 28
    Number of Cartesian functions: 30
    Spherical Harmonics?: true
    Max angular momentum: 2

  ==> DFJKGrad: Density-Fitted SCF Gradients <==

    Gradient:                    1
    J tasked:                  Yes
    K tasked:                  Yes
    wK tasked:                  No
    OpenMP threads:             10
    Integrals threads:          10
    Memory [MiB]:             5722
    Schwarz Cutoff:          0E+00
    Fitting Condition:       1E-10

   => Auxiliary Basis Set <=

  Basis Set: (CC-PVDZ AUX)
    Blend: CC-PVDZ-JKFIT
    Number of shells: 48
    Number of basis function: 140
    Number of Cartesian functions: 162
    Spherical Harmonics?: true
    Max angular momentum: 3


  -Total Gradient:
     Atom            X                  Y                   Z
    ------   -----------------  -----------------  -----------------
       1        0.000000000000    -0.000000000000     0.000145989212
       2        0.000000000000     0.000000000000    -0.000145989211


*** tstop() called on wanukaka at Thu Apr 14 12:54:56 2022
Module time:
	user time   =       3.50 seconds =       0.06 minutes
	system time =       0.16 seconds =       0.00 minutes
	total time  =          1 seconds =       0.02 minutes
Total time:
	user time   =    8977.84 seconds =     149.63 minutes
	system time =     395.74 seconds =       6.60 minutes
	total time  =       1040 seconds =      17.33 minutes

			-----------------------------------------
			 OPTKING 2.0: for geometry optimizations 
			  - R.A. King,  Bethel University        
			-----------------------------------------

	Previous internal coordinate definitions found.
	---Fragment 1 Geometry and Gradient---
	 C           0.0000000000        0.0000000000       -1.1985749300
	 O           0.0000000000        0.0000000000        0.8992170013
	             0.0000000000       -0.0000000000        0.0001459892
	             0.0000000000        0.0000000000       -0.0001459892

	---Fragment 1 Intrafragment Coordinates---
	 - Coordinate -           - BOHR/RAD -       - ANG/DEG -
	 R(1,2)           =         2.097792	       1.110104

	Current energy   :      -112.7499056117

	Energy change for the previous step:
		Projected    :        -0.0000025227
		Actual       :        -0.0000018143

	Performing BFGS update.
	Previous computed or guess Hessian on step 1.
	Steps to be used in Hessian update: 2 1
	Taking RFO optimization step.
	Going to follow RFO solution 1.
	Using RFO vector 1.
	Norm of target step-size    0.00010
	Projected energy change by RFO approximation:        -0.0000000096

	Back-transformation to cartesian coordinates...
	Successfully converged to displaced geometry.

	--- Internal Coordinate Step in ANG or DEG, aJ/ANG or AJ/DEG ---
	 ---------------------------------------------------------------------------
	   Coordinate                Previous        Force       Change         New 
	   ----------                --------       ------       ------       ------
	    1 R(1,2)          =      1.110104     0.001203     0.000053     1.110157
	 ---------------------------------------------------------------------------
	Successfully symmetrized geometry.

  ==> Convergence Check <==

  Measures of convergence in internal coordinates in au.
  Criteria marked as inactive (o), active & met (*), and active & unmet ( ).
  ---------------------------------------------------------------------------------------------
   Step     Total Energy     Delta E     MAX Force     RMS Force      MAX Disp      RMS Disp   
  ---------------------------------------------------------------------------------------------
    Convergence Criteria    1.00e-06 *    3.00e-04 *             o    1.20e-03 *             o
  ---------------------------------------------------------------------------------------------
      3    -112.74990561   -1.81e-06      1.46e-04 *    1.46e-04 o    1.01e-04 *    1.01e-04 o  ~
  ---------------------------------------------------------------------------------------------


  **** Optimization is complete! (in 3 steps) ****

  ==> Optimization Summary <==

  Measures of convergence in internal coordinates in au.
  --------------------------------------------------------------------------------------------------------------- ~
   Step         Total Energy             Delta E       MAX Force       RMS Force        MAX Disp        RMS Disp  ~
  --------------------------------------------------------------------------------------------------------------- ~
      1    -112.749067440423   -112.749067440423      0.04872483      0.04872483      0.03218157      0.03218157  ~
      2    -112.749903797445     -0.000836357022      0.00235933      0.00235933      0.00163757      0.00163757  ~
      3    -112.749905611698     -0.000001814252      0.00014599      0.00014599      0.00010103      0.00010103  ~
  --------------------------------------------------------------------------------------------------------------- ~

	Writing optimization data to binary file.
	Final energy is   -112.7499056116976
	Final (previous) structure:
	Cartesian Geometry (in Angstrom)
	    C     0.0000000000   0.0000000000  -0.6342585357
	    O     0.0000000000   0.0000000000   0.4758451427
	Saving final (previous) structure.
			--------------------------
			 OPTKING Finished Execution 
			--------------------------

    Final optimized geometry and variables:
    Molecular point group: c2v
    Full point group: C_inf_v

    Geometry (in Angstrom), charge = 0, multiplicity = 1:

    C       
    O             1    1.110104

	Removing binary optimization data file.
	Cleaning optimization helper files.

*** tstart() called on wanukaka
*** at Thu Apr 14 12:54:56 2022

   => Loading Basis Set <=

    Name: CC-PVDZ
    Role: ORBITAL
    Keyword: BASIS
    atoms 1 entry C          line   138 file /home/sulstice/software/miniconda2/envs/qmpython2/share/psi4/basis/cc-pvdz.gbs 
    atoms 2 entry O          line   198 file /home/sulstice/software/miniconda2/envs/qmpython2/share/psi4/basis/cc-pvdz.gbs 


         ---------------------------------------------------------
                                   SCF
               by Justin Turney, Rob Parrish, Andy Simmonett
                          and Daniel G. A. Smith
                              RHF Reference
                       10 Threads,   7629 MiB Core
         ---------------------------------------------------------

  ==> Geometry <==

    Molecular point group: c2v
    Full point group: C_inf_v

    Geometry (in Angstrom), charge = 0, multiplicity = 1:

       Center              X                  Y                   Z               Mass       
    ------------   -----------------  -----------------  -----------------  -----------------
         C            0.000000000000     0.000000000000    -0.634258538231    12.000000000000
         O            0.000000000000     0.000000000000     0.475845144522    15.994914619570

  Running in c2v symmetry.

  Rotational constants: A = ************  B =      1.99520  C =      1.99520 [cm^-1]
  Rotational constants: A = ************  B =  59814.44640  C =  59814.44640 [MHz]
  Nuclear repulsion =   22.881201555125230

  Charge       = 0
  Multiplicity = 1
  Electrons    = 14
  Nalpha       = 7
  Nbeta        = 7

  ==> Algorithm <==

  SCF Algorithm Type is DF.
  DIIS enabled.
  MOM disabled.
  Fractional occupation disabled.
  Guess Type is SAD.
  Energy threshold   = 1.00e-06
  Density threshold  = 1.00e-06
  Integral threshold = 0.00e+00

  ==> Primary Basis <==

  Basis Set: CC-PVDZ
    Blend: CC-PVDZ
    Number of shells: 12
    Number of basis function: 28
    Number of Cartesian functions: 30
    Spherical Harmonics?: true
    Max angular momentum: 2

   => Loading Basis Set <=

    Name: (CC-PVDZ AUX)
    Role: JKFIT
    Keyword: DF_BASIS_SCF
    atoms 1 entry C          line   121 file /home/sulstice/software/miniconda2/envs/qmpython2/share/psi4/basis/cc-pvdz-jkfit.gbs 
    atoms 2 entry O          line   221 file /home/sulstice/software/miniconda2/envs/qmpython2/share/psi4/basis/cc-pvdz-jkfit.gbs 

  ==> Pre-Iterations <==

   -------------------------------------------------------
    Irrep   Nso     Nmo     Nalpha   Nbeta   Ndocc  Nsocc
   -------------------------------------------------------
     A1        14      14       0       0       0       0
     A2         2       2       0       0       0       0
     B1         6       6       0       0       0       0
     B2         6       6       0       0       0       0
   -------------------------------------------------------
    Total      28      28       7       7       7       0
   -------------------------------------------------------

  ==> Integral Setup <==

  DFHelper Memory: AOs need 0.001 GiB; user supplied 5.588 GiB. Using in-core AOs.

  ==> MemDFJK: Density-Fitted J/K Matrices <==

    J tasked:                   Yes
    K tasked:                   Yes
    wK tasked:                   No
    OpenMP threads:              10
    Memory [MiB]:              5722
    Algorithm:                 Core
    Schwarz Cutoff:           1E-12
    Mask sparsity (%):       0.0000
    Fitting Condition:        1E-10

   => Auxiliary Basis Set <=

  Basis Set: (CC-PVDZ AUX)
    Blend: CC-PVDZ-JKFIT
    Number of shells: 48
    Number of basis function: 140
    Number of Cartesian functions: 162
    Spherical Harmonics?: true
    Max angular momentum: 3

  Minimum eigenvalue in the overlap matrix is 2.1241163215E-02.
  Using Symmetric Orthogonalization.

  SCF Guess: Superposition of Atomic Densities via on-the-fly atomic UHF.

  ==> Iterations <==

                           Total Energy        Delta E     RMS |[F,P]|

   @DF-RHF iter SAD:  -111.93048183083249   -1.11930e+02   0.00000e+00 
   @DF-RHF iter   1:  -112.72903622478738   -7.98554e-01   1.44066e-02 DIIS
   @DF-RHF iter   2:  -112.73798565368656   -8.94943e-03   1.10760e-02 DIIS
   @DF-RHF iter   3:  -112.74980214948243   -1.18165e-02   8.66605e-04 DIIS
   @DF-RHF iter   4:  -112.74990309232922   -1.00943e-04   1.21309e-04 DIIS
   @DF-RHF iter   5:  -112.74990546899488   -2.37667e-06   2.89199e-05 DIIS
   @DF-RHF iter   6:  -112.74990560731341   -1.38319e-07   4.14253e-06 DIIS
   @DF-RHF iter   7:  -112.74990561141038   -4.09698e-09   1.18214e-06 DIIS
   @DF-RHF iter   8:  -112.74990561168931   -2.78931e-10   2.20490e-07 DIIS
  Energy and wave function converged.


  ==> Post-Iterations <==

    Orbital Energies [Eh]
    ---------------------

    Doubly Occupied:                                                      

       1A1   -20.668818     2A1   -11.359406     3A1    -1.535696  
       4A1    -0.803803     1B2    -0.642345     1B1    -0.642345  
       5A1    -0.546629  

    Virtual:                                                              

       2B1     0.162139     2B2     0.162139     6A1     0.383805  
       3B1     0.673051     3B2     0.673051     7A1     0.728445  
       8A1     1.030739     9A1     1.077920     4B2     1.221388  
       4B1     1.221388     1A2     1.345717    10A1     1.345717  
       5B1     1.574534     5B2     1.574534    11A1     1.940084  
      12A1     2.382116     2A2     2.940283    13A1     2.940283  
       6B1     3.445037     6B2     3.445037    14A1     3.898341  

    Final Occupation by Irrep:
             A1    A2    B1    B2 
    DOCC [     5,    0,    1,    1 ]

  @DF-RHF Final Energy:  -112.74990561168931

   => Energetics <=

    Nuclear Repulsion Energy =             22.8812015551252301
    One-Electron Energy =                -198.8641277064961912
    Two-Electron Energy =                  63.2330205396816609
    Total Energy =                       -112.7499056116893144

Computation Completed


Properties will be evaluated at   0.000000,   0.000000,   0.000000 [a0]

Properties computed using the SCF density matrix

  Nuclear Dipole Moment: [e a0]
     X:     0.0000      Y:     0.0000      Z:     0.0023

  Electronic Dipole Moment: [e a0]
     X:     0.0000      Y:     0.0000      Z:    -0.0601

  Dipole Moment: [e a0]
     X:     0.0000      Y:     0.0000      Z:    -0.0578     Total:     0.0578

  Dipole Moment: [D]
     X:     0.0000      Y:     0.0000      Z:    -0.1468     Total:     0.1468


*** tstop() called on wanukaka at Thu Apr 14 12:54:56 2022
Module time:
	user time   =       5.19 seconds =       0.09 minutes
	system time =       0.22 seconds =       0.00 minutes
	total time  =          0 seconds =       0.00 minutes
Total time:
	user time   =    8983.11 seconds =     149.72 minutes
	system time =     395.97 seconds =       6.60 minutes
	total time  =       1040 seconds =      17.33 minutes
hessian() using ref_gradient to assess stationary point.

  Based on options and gradient (rms=8.43E-05), recommend projecting translations and projecting rotations.
hessian() will perform analytic frequency computation.

*** tstart() called on wanukaka
*** at Thu Apr 14 12:54:56 2022

   => Loading Basis Set <=

    Name: CC-PVDZ
    Role: ORBITAL
    Keyword: BASIS
    atoms 1 entry C          line   138 file /home/sulstice/software/miniconda2/envs/qmpython2/share/psi4/basis/cc-pvdz.gbs 
    atoms 2 entry O          line   198 file /home/sulstice/software/miniconda2/envs/qmpython2/share/psi4/basis/cc-pvdz.gbs 


         ---------------------------------------------------------
                                   SCF
               by Justin Turney, Rob Parrish, Andy Simmonett
                          and Daniel G. A. Smith
                              RHF Reference
                       10 Threads,   7629 MiB Core
         ---------------------------------------------------------

  ==> Geometry <==

    Molecular point group: c2v
    Full point group: C_inf_v

    Geometry (in Angstrom), charge = 0, multiplicity = 1:

       Center              X                  Y                   Z               Mass       
    ------------   -----------------  -----------------  -----------------  -----------------
         C            0.000000000000     0.000000000000    -0.634258538231    12.000000000000
         O            0.000000000000     0.000000000000     0.475845144522    15.994914619570

  Running in c2v symmetry.

  Rotational constants: A = ************  B =      1.99520  C =      1.99520 [cm^-1]
  Rotational constants: A = ************  B =  59814.44640  C =  59814.44640 [MHz]
  Nuclear repulsion =   22.881201555125230

  Charge       = 0
  Multiplicity = 1
  Electrons    = 14
  Nalpha       = 7
  Nbeta        = 7

  ==> Algorithm <==

  SCF Algorithm Type is DF.
  DIIS enabled.
  MOM disabled.
  Fractional occupation disabled.
  Guess Type is SAD.
  Energy threshold   = 1.00e-08
  Density threshold  = 1.00e-08
  Integral threshold = 0.00e+00

  ==> Primary Basis <==

  Basis Set: CC-PVDZ
    Blend: CC-PVDZ
    Number of shells: 12
    Number of basis function: 28
    Number of Cartesian functions: 30
    Spherical Harmonics?: true
    Max angular momentum: 2

   => Loading Basis Set <=

    Name: (CC-PVDZ AUX)
    Role: JKFIT
    Keyword: DF_BASIS_SCF
    atoms 1 entry C          line   121 file /home/sulstice/software/miniconda2/envs/qmpython2/share/psi4/basis/cc-pvdz-jkfit.gbs 
    atoms 2 entry O          line   221 file /home/sulstice/software/miniconda2/envs/qmpython2/share/psi4/basis/cc-pvdz-jkfit.gbs 

  ==> Pre-Iterations <==

   -------------------------------------------------------
    Irrep   Nso     Nmo     Nalpha   Nbeta   Ndocc  Nsocc
   -------------------------------------------------------
     A1        14      14       0       0       0       0
     A2         2       2       0       0       0       0
     B1         6       6       0       0       0       0
     B2         6       6       0       0       0       0
   -------------------------------------------------------
    Total      28      28       7       7       7       0
   -------------------------------------------------------

  ==> Integral Setup <==

  DFHelper Memory: AOs need 0.001 GiB; user supplied 5.588 GiB. Using in-core AOs.

  ==> MemDFJK: Density-Fitted J/K Matrices <==

    J tasked:                   Yes
    K tasked:                   Yes
    wK tasked:                   No
    OpenMP threads:              10
    Memory [MiB]:              5722
    Algorithm:                 Core
    Schwarz Cutoff:           1E-12
    Mask sparsity (%):       0.0000
    Fitting Condition:        1E-10

   => Auxiliary Basis Set <=

  Basis Set: (CC-PVDZ AUX)
    Blend: CC-PVDZ-JKFIT
    Number of shells: 48
    Number of basis function: 140
    Number of Cartesian functions: 162
    Spherical Harmonics?: true
    Max angular momentum: 3

  Minimum eigenvalue in the overlap matrix is 2.1241163215E-02.
  Using Symmetric Orthogonalization.

  SCF Guess: Superposition of Atomic Densities via on-the-fly atomic UHF.

  ==> Iterations <==

                           Total Energy        Delta E     RMS |[F,P]|

   @DF-RHF iter SAD:  -111.93048183083246   -1.11930e+02   0.00000e+00 
   @DF-RHF iter   1:  -112.72903622478751   -7.98554e-01   1.44066e-02 DIIS
   @DF-RHF iter   2:  -112.73798565368662   -8.94943e-03   1.10760e-02 DIIS
   @DF-RHF iter   3:  -112.74980214948251   -1.18165e-02   8.66605e-04 DIIS
   @DF-RHF iter   4:  -112.74990309232911   -1.00943e-04   1.21309e-04 DIIS
   @DF-RHF iter   5:  -112.74990546899481   -2.37667e-06   2.89199e-05 DIIS
   @DF-RHF iter   6:  -112.74990560731347   -1.38319e-07   4.14253e-06 DIIS
   @DF-RHF iter   7:  -112.74990561141036   -4.09689e-09   1.18214e-06 DIIS
   @DF-RHF iter   8:  -112.74990561168924   -2.78888e-10   2.20490e-07 DIIS
   @DF-RHF iter   9:  -112.74990561169770   -8.45546e-12   1.80090e-08 DIIS
   @DF-RHF iter  10:  -112.74990561169773   -2.84217e-14   1.25174e-09 DIIS
  Energy and wave function converged.


  ==> Post-Iterations <==

    Orbital Energies [Eh]
    ---------------------

    Doubly Occupied:                                                      

       1A1   -20.668819     2A1   -11.359405     3A1    -1.535696  
       4A1    -0.803803     1B2    -0.642345     1B1    -0.642345  
       5A1    -0.546628  

    Virtual:                                                              

       2B1     0.162139     2B2     0.162139     6A1     0.383805  
       3B1     0.673051     3B2     0.673051     7A1     0.728445  
       8A1     1.030739     9A1     1.077920     4B2     1.221388  
       4B1     1.221388     1A2     1.345717    10A1     1.345717  
       5B1     1.574534     5B2     1.574534    11A1     1.940084  
      12A1     2.382116     2A2     2.940283    13A1     2.940283  
       6B1     3.445036     6B2     3.445036    14A1     3.898341  

    Final Occupation by Irrep:
             A1    A2    B1    B2 
    DOCC [     5,    0,    1,    1 ]

  @DF-RHF Final Energy:  -112.74990561169773

   => Energetics <=

    Nuclear Repulsion Energy =             22.8812015551252301
    One-Electron Energy =                -198.8641308867089492
    Two-Electron Energy =                  63.2330237198859848
    Total Energy =                       -112.7499056116977272

Computation Completed


Properties will be evaluated at   0.000000,   0.000000,   0.000000 [a0]

Properties computed using the SCF density matrix

  Nuclear Dipole Moment: [e a0]
     X:     0.0000      Y:     0.0000      Z:     0.0023

  Electronic Dipole Moment: [e a0]
     X:     0.0000      Y:     0.0000      Z:    -0.0601

  Dipole Moment: [e a0]
     X:     0.0000      Y:     0.0000      Z:    -0.0578     Total:     0.0578

  Dipole Moment: [D]
     X:     0.0000      Y:     0.0000      Z:    -0.1468     Total:     0.1468


*** tstop() called on wanukaka at Thu Apr 14 12:54:57 2022
Module time:
	user time   =       5.50 seconds =       0.09 minutes
	system time =       0.25 seconds =       0.00 minutes
	total time  =          1 seconds =       0.02 minutes
Total time:
	user time   =    8988.69 seconds =     149.81 minutes
	system time =     396.23 seconds =       6.60 minutes
	total time  =       1041 seconds =      17.35 minutes

*** tstart() called on wanukaka
*** at Thu Apr 14 12:54:57 2022


         ------------------------------------------------------------
                                   SCF HESS                          
                          Rob Parrish, Justin Turney,                
                       Andy Simmonett, and Alex Sokolov              
         ------------------------------------------------------------

  ==> Geometry <==

    Molecular point group: c2v
    Full point group: C_inf_v

    Geometry (in Angstrom), charge = 0, multiplicity = 1:

       Center              X                  Y                   Z               Mass       
    ------------   -----------------  -----------------  -----------------  -----------------
         C            0.000000000000     0.000000000000    -0.634258538231    12.000000000000
         O            0.000000000000     0.000000000000     0.475845144522    15.994914619570

  Nuclear repulsion =   22.881201555125230

  ==> Basis Set <==

  Basis Set: CC-PVDZ
    Blend: CC-PVDZ
    Number of shells: 12
    Number of basis function: 28
    Number of Cartesian functions: 30
    Spherical Harmonics?: true
    Max angular momentum: 2

  ==> DFJKGrad: Density-Fitted SCF Gradients <==

    Gradient:                    2
    J tasked:                  Yes
    K tasked:                  Yes
    wK tasked:                  No
    OpenMP threads:             10
    Integrals threads:          10
    Memory [MiB]:             5722
    Schwarz Cutoff:          0E+00
    Fitting Condition:       1E-10

   => Auxiliary Basis Set <=

  Basis Set: (CC-PVDZ AUX)
    Blend: CC-PVDZ-JKFIT
    Number of shells: 48
    Number of basis function: 140
    Number of Cartesian functions: 162
    Spherical Harmonics?: true
    Max angular momentum: 3

  DFHelper Memory: AOs need 0.001 GiB; user supplied 6.706 GiB. Using in-core AOs.

  ==> MemDFJK: Density-Fitted J/K Matrices <==

    J tasked:                   Yes
    K tasked:                   Yes
    wK tasked:                   No
    OpenMP threads:              10
    Memory [MiB]:              6866
    Algorithm:                 Core
    Schwarz Cutoff:           1E-12
    Mask sparsity (%):       0.0000
    Fitting Condition:        1E-10

   => Auxiliary Basis Set <=

  Basis Set: (CC-PVDZ AUX)
    Blend: CC-PVDZ-JKFIT
    Number of shells: 48
    Number of basis function: 140
    Number of Cartesian functions: 162
    Spherical Harmonics?: true
    Max angular momentum: 3


         ------------------------------------------------------------
                                     CPHF                           
                                  Rob Parrish                       
         ------------------------------------------------------------

  ==> Geometry <==

    Molecular point group: c2v
    Full point group: C_inf_v

    Geometry (in Angstrom), charge = 0, multiplicity = 1:

       Center              X                  Y                   Z               Mass       
    ------------   -----------------  -----------------  -----------------  -----------------
         C            0.000000000000     0.000000000000    -0.634258538231    12.000000000000
         O            0.000000000000     0.000000000000     0.475845144522    15.994914619570

  Nuclear repulsion =   22.881201555125230
  Reference energy  = -112.749905611697727

  ==> Basis Set <==

  Basis Set: CC-PVDZ
    Blend: CC-PVDZ
    Number of shells: 12
    Number of basis function: 28
    Number of Cartesian functions: 30
    Spherical Harmonics?: true
    Max angular momentum: 2

  ==> CGRSolver (by Rob Parrish) <==

   Number of roots    =         6
   Preconditioning    =    JACOBI
   Convergence cutoff =     1E-06
   Maximum iterations =       100

  ==> CPHFRHamiltonian (by Rob Parrish) <== 

  ==> MemDFJK: Density-Fitted J/K Matrices <==

    J tasked:                   Yes
    K tasked:                   Yes
    wK tasked:                   No
    OpenMP threads:              10
    Memory [MiB]:              6866
    Algorithm:                 Core
    Schwarz Cutoff:           1E-12
    Mask sparsity (%):       0.0000
    Fitting Condition:        1E-10

   => Auxiliary Basis Set <=

  Basis Set: (CC-PVDZ AUX)
    Blend: CC-PVDZ-JKFIT
    Number of shells: 48
    Number of basis function: 140
    Number of Cartesian functions: 162
    Spherical Harmonics?: true
    Max angular momentum: 3

  ==> CPHF Iterations <==

  => Iterations <=

             Iter  Converged  Remaining    Residual
  CGR           1          0          6   1.009E-01
  CGR           2          0          6   2.560E-02
  CGR           3          0          6   4.342E-03
  CGR           4          0          6   6.007E-04
  CGR           5          0          6   5.375E-05
  CGR           6          0          6   8.847E-06
  CGR           7          6          0   9.312E-07

    CGRSolver converged.


*** tstop() called on wanukaka at Thu Apr 14 12:55:01 2022
Module time:
	user time   =      31.45 seconds =       0.52 minutes
	system time =       0.79 seconds =       0.01 minutes
	total time  =          4 seconds =       0.07 minutes
Total time:
	user time   =    9020.16 seconds =     150.34 minutes
	system time =     397.02 seconds =       6.62 minutes
	total time  =       1045 seconds =      17.42 minutes


  ==> Harmonic Vibrational Analysis <==

  non-mass-weighted Hessian:       Symmetric? True   Hermitian? True   Lin Dep Dim?  0 (0)
  projection of translations (True) and rotations (True) removed 5 degrees of freedom (5)
  total projector:                 Symmetric? True   Hermitian? True   Lin Dep Dim?  5 (5)
  mass-weighted Hessian:           Symmetric? True   Hermitian? True   Lin Dep Dim?  0 (0)
  pre-proj  low-frequency mode:    0.0000i [cm^-1]
  pre-proj  low-frequency mode:    0.0000i [cm^-1]
  pre-proj  low-frequency mode:    0.0000i [cm^-1]
  pre-proj  low-frequency mode:    0.0000i [cm^-1]
  pre-proj  low-frequency mode:    0.0000i [cm^-1]
  pre-proj  all modes:['16.3773i' '16.3773i' '0.0060i' '0.0047i' '0.0047i' '2431.7987']
  projected mass-weighted Hessian: Symmetric? True   Hermitian? True   Lin Dep Dim?  5 (5)
  post-proj low-frequency mode:    0.0000i [cm^-1] (TR)
  post-proj low-frequency mode:    0.0000i [cm^-1] (TR)
  post-proj low-frequency mode:    0.0000i [cm^-1] (TR)
  post-proj low-frequency mode:    0.0000  [cm^-1] (TR)
  post-proj low-frequency mode:    0.0000  [cm^-1] (TR)
  post-proj  all modes:['0.0000i' '0.0000i' '0.0000i' '0.0000' '0.0000' '2431.7987']

  Vibration                       6           
  Freq [cm^-1]                2431.7987       
  Irrep                           A1          
  Reduced mass [u]             13.4388        
  Force const [mDyne/A]        46.8236        
  Turning point v=0 [a0]        0.0607        
  RMS dev v=0 [a0 u^1/2]        0.1573        
  IR activ [km/mol]            144.3811       
  Char temp [K]               3498.8168       
  ----------------------------------------------------------------------------------
      1   C               -0.00  0.00  0.80   
      2   O               -0.00  0.00 -0.60   

  ==> Thermochemistry Components <==

  Entropy, S
    Electronic S            0.000 [cal/(mol K)]        0.000 [J/(mol K)]       0.00000000 [mEh/K] (multiplicity = 1)
    Translational S        35.923 [cal/(mol K)]      150.302 [J/(mol K)]       0.05724692 [mEh/K] (mol. weight = 27.9949 [u], P = 101325.00 [Pa])
    Rotational S           11.214 [cal/(mol K)]       46.919 [J/(mol K)]       0.01787051 [mEh/K] (symmetry no. = 1)
    Vibrational S           0.000 [cal/(mol K)]        0.001 [J/(mol K)]       0.00000032 [mEh/K]
  Total S                  47.137 [cal/(mol K)]      197.222 [J/(mol K)]       0.07511775 [mEh/K]
  Correction S              0.000 [cal/(mol K)]        0.000 [J/(mol K)]       0.00000000 [mEh/K]

  Constant volume heat capacity, Cv
    Electronic Cv           0.000 [cal/(mol K)]        0.000 [J/(mol K)]       0.00000000 [mEh/K]
    Translational Cv        2.981 [cal/(mol K)]       12.472 [J/(mol K)]       0.00475022 [mEh/K]
    Rotational Cv           1.987 [cal/(mol K)]        8.314 [J/(mol K)]       0.00316681 [mEh/K]
    Vibrational Cv          0.002 [cal/(mol K)]        0.009 [J/(mol K)]       0.00000349 [mEh/K]
  Total Cv                  4.970 [cal/(mol K)]       20.795 [J/(mol K)]       0.00792052 [mEh/K]
  Correction Cv             0.000 [cal/(mol K)]        0.000 [J/(mol K)]       0.00000000 [mEh/K]

  Constant pressure heat capacity, Cp
    Electronic Cp           0.000 [cal/(mol K)]        0.000 [J/(mol K)]       0.00000000 [mEh/K]
    Translational Cp        4.968 [cal/(mol K)]       20.786 [J/(mol K)]       0.00791703 [mEh/K]
    Rotational Cp           1.987 [cal/(mol K)]        8.314 [J/(mol K)]       0.00316681 [mEh/K]
    Vibrational Cp          0.002 [cal/(mol K)]        0.009 [J/(mol K)]       0.00000349 [mEh/K]
  Total Cp                  6.957 [cal/(mol K)]       29.110 [J/(mol K)]       0.01108733 [mEh/K]
  Correction Cp             0.000 [cal/(mol K)]        0.000 [J/(mol K)]       0.00000000 [mEh/K]

  ==> Thermochemistry Energy Analysis <==

  Raw electronic energy, E0
  Total E0, Electronic energy at well bottom at 0 [K]                 -112.74990561 [Eh]

  Zero-point energy, ZPE_vib = Sum_i nu_i / 2
    Electronic ZPE          0.000 [kcal/mol]        0.000 [kJ/mol]       0.00000000 [Eh]
    Translational ZPE       0.000 [kcal/mol]        0.000 [kJ/mol]       0.00000000 [Eh]
    Rotational ZPE          0.000 [kcal/mol]        0.000 [kJ/mol]       0.00000000 [Eh]
    Vibrational ZPE         3.476 [kcal/mol]       14.545 [kJ/mol]       0.00554004 [Eh]        1215.899 [cm^-1]
  Correction ZPE            3.476 [kcal/mol]       14.545 [kJ/mol]       0.00554004 [Eh]        1215.899 [cm^-1]
  Total ZPE, Electronic energy at 0 [K]                               -112.74436557 [Eh]

  Thermal Energy, E (includes ZPE)
    Electronic E            0.000 [kcal/mol]        0.000 [kJ/mol]       0.00000000 [Eh]
    Translational E         0.889 [kcal/mol]        3.718 [kJ/mol]       0.00141628 [Eh]
    Rotational E            0.592 [kcal/mol]        2.479 [kJ/mol]       0.00094418 [Eh]
    Vibrational E           3.476 [kcal/mol]       14.546 [kJ/mol]       0.00554013 [Eh]
  Correction E              4.958 [kcal/mol]       20.743 [kJ/mol]       0.00790060 [Eh]
  Total E, Electronic energy at  298.15 [K]                           -112.74200502 [Eh]

  Enthalpy, H_trans = E_trans + k_B * T
    Electronic H            0.000 [kcal/mol]        0.000 [kJ/mol]       0.00000000 [Eh]
    Translational H         1.481 [kcal/mol]        6.197 [kJ/mol]       0.00236046 [Eh]
    Rotational H            0.592 [kcal/mol]        2.479 [kJ/mol]       0.00094418 [Eh]
    Vibrational H           3.476 [kcal/mol]       14.546 [kJ/mol]       0.00554013 [Eh]
  Correction H              5.550 [kcal/mol]       23.222 [kJ/mol]       0.00884478 [Eh]
  Total H, Enthalpy at  298.15 [K]                                    -112.74106083 [Eh]

  Gibbs free energy, G = H - T * S
    Electronic G            0.000 [kcal/mol]        0.000 [kJ/mol]       0.00000000 [Eh]
    Translational G        -9.229 [kcal/mol]      -38.615 [kJ/mol]      -0.01470771 [Eh]
    Rotational G           -2.751 [kcal/mol]      -11.510 [kJ/mol]      -0.00438391 [Eh]
    Vibrational G           3.476 [kcal/mol]       14.545 [kJ/mol]       0.00554004 [Eh]
  Correction G             -8.504 [kcal/mol]      -35.580 [kJ/mol]      -0.01355158 [Eh]
  Total G, Free enthalpy at  298.15 [K]                               -112.76345719 [Eh]
