gradient() will perform analytic gradient computation.

*** tstart() called on wanukaka
*** at Thu Apr 14 12:55:01 2022

   => Loading Basis Set <=

    Name: AUG-CC-PVDZ
    Role: ORBITAL
    Keyword: BASIS
    atoms 1 entry C          line   178 file /home/sulstice/software/miniconda2/envs/qmpython2/share/psi4/basis/aug-cc-pvdz.gbs 
    atoms 2 entry O          line   250 file /home/sulstice/software/miniconda2/envs/qmpython2/share/psi4/basis/aug-cc-pvdz.gbs 


         ---------------------------------------------------------
                                   SCF
               by Justin Turney, Rob Parrish, Andy Simmonett
                          and Daniel G. A. Smith
                              RHF Reference
                       10 Threads,   7629 MiB Core
         ---------------------------------------------------------

  ==> Geometry <==

    Molecular point group: c2v
    Full point group: C_inf_v

    Geometry (in Angstrom), charge = 0, multiplicity = 1:

       Center              X                  Y                   Z               Mass       
    ------------   -----------------  -----------------  -----------------  -----------------
         C            0.000000000000     0.000000000000    -0.644483611972    12.000000000000
         O            0.000000000000     0.000000000000     0.483516388028    15.994914619570

  Running in c2v symmetry.

  Rotational constants: A = ************  B =      1.93239  C =      1.93239 [cm^-1]
  Rotational constants: A = ************  B =  57931.52687  C =  57931.52687 [MHz]
  Nuclear repulsion =   22.518179177446818

  Charge       = 0
  Multiplicity = 1
  Electrons    = 14
  Nalpha       = 7
  Nbeta        = 7

  ==> Algorithm <==

  SCF Algorithm Type is DF.
  DIIS enabled.
  MOM disabled.
  Fractional occupation disabled.
  Guess Type is SAD.
  Energy threshold   = 1.00e-08
  Density threshold  = 1.00e-08
  Integral threshold = 0.00e+00

  ==> Primary Basis <==

  Basis Set: AUG-CC-PVDZ
    Blend: AUG-CC-PVDZ
    Number of shells: 18
    Number of basis function: 46
    Number of Cartesian functions: 50
    Spherical Harmonics?: true
    Max angular momentum: 2

   => Loading Basis Set <=

    Name: (AUG-CC-PVDZ AUX)
    Role: JKFIT
    Keyword: DF_BASIS_SCF
    atoms 1 entry C          line   154 file /home/sulstice/software/miniconda2/envs/qmpython2/share/psi4/basis/aug-cc-pvdz-jkfit.gbs 
    atoms 2 entry O          line   270 file /home/sulstice/software/miniconda2/envs/qmpython2/share/psi4/basis/aug-cc-pvdz-jkfit.gbs 

  ==> Pre-Iterations <==

   -------------------------------------------------------
    Irrep   Nso     Nmo     Nalpha   Nbeta   Ndocc  Nsocc
   -------------------------------------------------------
     A1        22      22       0       0       0       0
     A2         4       4       0       0       0       0
     B1        10      10       0       0       0       0
     B2        10      10       0       0       0       0
   -------------------------------------------------------
    Total      46      46       7       7       7       0
   -------------------------------------------------------

  ==> Integral Setup <==

  DFHelper Memory: AOs need 0.003 GiB; user supplied 5.588 GiB. Using in-core AOs.

  ==> MemDFJK: Density-Fitted J/K Matrices <==

    J tasked:                   Yes
    K tasked:                   Yes
    wK tasked:                   No
    OpenMP threads:              10
    Memory [MiB]:              5722
    Algorithm:                 Core
    Schwarz Cutoff:           1E-12
    Mask sparsity (%):       0.0000
    Fitting Condition:        1E-10

   => Auxiliary Basis Set <=

  Basis Set: (AUG-CC-PVDZ AUX)
    Blend: AUG-CC-PVDZ-JKFIT
    Number of shells: 56
    Number of basis function: 172
    Number of Cartesian functions: 202
    Spherical Harmonics?: true
    Max angular momentum: 3

  Minimum eigenvalue in the overlap matrix is 2.4868146782E-03.
  Using Symmetric Orthogonalization.

  SCF Guess: Superposition of Atomic Densities via on-the-fly atomic UHF.

  ==> Iterations <==

                           Total Energy        Delta E     RMS |[F,P]|

   @DF-RHF iter SAD:  -111.85597032487863   -1.11856e+02   0.00000e+00 
   @DF-RHF iter   1:  -112.72741280149179   -8.71442e-01   1.03081e-02 DIIS
   @DF-RHF iter   2:  -112.73672843003750   -9.31563e-03   8.39775e-03 DIIS
   @DF-RHF iter   3:  -112.75437030246144   -1.76419e-02   5.87880e-04 DIIS
   @DF-RHF iter   4:  -112.75449172600690   -1.21424e-04   6.01944e-05 DIIS
   @DF-RHF iter   5:  -112.75449362877858   -1.90277e-06   1.19795e-05 DIIS
   @DF-RHF iter   6:  -112.75449372834625   -9.95677e-08   2.09668e-06 DIIS
   @DF-RHF iter   7:  -112.75449373130033   -2.95408e-09   3.05901e-07 DIIS
   @DF-RHF iter   8:  -112.75449373136858   -6.82547e-11   4.55868e-08 DIIS
   @DF-RHF iter   9:  -112.75449373136993   -1.35003e-12   1.20762e-08 DIIS
   @DF-RHF iter  10:  -112.75449373137005   -1.13687e-13   1.81262e-09 DIIS
  Energy and wave function converged.


  ==> Post-Iterations <==

    Orbital Energies [Eh]
    ---------------------

    Doubly Occupied:                                                      

       1A1   -20.678476     2A1   -11.373860     3A1    -1.530190  
       4A1    -0.808327     1B2    -0.641079     1B1    -0.641079  
       5A1    -0.554702  

    Virtual:                                                              

       2B1     0.079056     2B2     0.079056     6A1     0.081316  
       7A1     0.105702     3B1     0.171000     3B2     0.171000  
       8A1     0.225274     4B1     0.247964     4B2     0.247964  
       9A1     0.334945     1A2     0.434067    10A1     0.434067  
      11A1     0.522955     5B2     0.603128     5B1     0.603128  
      12A1     0.697517     6B1     0.746121     6B2     0.746121  
      13A1     0.942710     2A2     1.054703    14A1     1.054703  
      15A1     1.058998     7B1     1.207466     7B2     1.207466  
      16A1     1.426472     3A2     1.654037    17A1     1.654037  
       8B2     1.673135     8B1     1.673135     9B2     1.968658  
       9B1     1.968658    18A1     2.141279    19A1     2.236537  
      20A1     2.992406    21A1     3.550554     4A2     3.550554  
      10B2     3.671559    10B1     3.671559    22A1     4.039855  

    Final Occupation by Irrep:
             A1    A2    B1    B2 
    DOCC [     5,    0,    1,    1 ]

  @DF-RHF Final Energy:  -112.75449373137005

   => Energetics <=

    Nuclear Repulsion Energy =             22.5181791774468181
    One-Electron Energy =                -198.0899215405273424
    Two-Electron Energy =                  62.8172486317104699
    Total Energy =                       -112.7544937313700473

Computation Completed


Properties will be evaluated at   0.000000,   0.000000,   0.000000 [a0]

Properties computed using the SCF density matrix

  Nuclear Dipole Moment: [e a0]
     X:     0.0000      Y:     0.0000      Z:     0.0023

  Electronic Dipole Moment: [e a0]
     X:     0.0000      Y:     0.0000      Z:    -0.1043

  Dipole Moment: [e a0]
     X:     0.0000      Y:     0.0000      Z:    -0.1020     Total:     0.1020

  Dipole Moment: [D]
     X:     0.0000      Y:     0.0000      Z:    -0.2593     Total:     0.2593


*** tstop() called on wanukaka at Thu Apr 14 12:55:01 2022
Module time:
	user time   =       5.92 seconds =       0.10 minutes
	system time =       0.25 seconds =       0.00 minutes
	total time  =          0 seconds =       0.00 minutes
Total time:
	user time   =    9026.32 seconds =     150.44 minutes
	system time =     397.30 seconds =       6.62 minutes
	total time  =       1045 seconds =      17.42 minutes

*** tstart() called on wanukaka
*** at Thu Apr 14 12:55:01 2022


         ------------------------------------------------------------
                                   SCF GRAD                          
                          Rob Parrish, Justin Turney,                
                       Andy Simmonett, and Alex Sokolov              
         ------------------------------------------------------------

  ==> Geometry <==

    Molecular point group: c2v
    Full point group: C_inf_v

    Geometry (in Angstrom), charge = 0, multiplicity = 1:

       Center              X                  Y                   Z               Mass       
    ------------   -----------------  -----------------  -----------------  -----------------
         C            0.000000000000     0.000000000000    -0.644483611972    12.000000000000
         O            0.000000000000     0.000000000000     0.483516388028    15.994914619570

  Nuclear repulsion =   22.518179177446818

  ==> Basis Set <==

  Basis Set: AUG-CC-PVDZ
    Blend: AUG-CC-PVDZ
    Number of shells: 18
    Number of basis function: 46
    Number of Cartesian functions: 50
    Spherical Harmonics?: true
    Max angular momentum: 2

  ==> DFJKGrad: Density-Fitted SCF Gradients <==

    Gradient:                    1
    J tasked:                  Yes
    K tasked:                  Yes
    wK tasked:                  No
    OpenMP threads:             10
    Integrals threads:          10
    Memory [MiB]:             5722
    Schwarz Cutoff:          0E+00
    Fitting Condition:       1E-10

   => Auxiliary Basis Set <=

  Basis Set: (AUG-CC-PVDZ AUX)
    Blend: AUG-CC-PVDZ-JKFIT
    Number of shells: 56
    Number of basis function: 172
    Number of Cartesian functions: 202
    Spherical Harmonics?: true
    Max angular momentum: 3


  -Total Gradient:
     Atom            X                  Y                   Z
    ------   -----------------  -----------------  -----------------
       1        0.000000000000     0.000000000000    -0.045873676648
       2       -0.000000000000    -0.000000000000     0.045873676648


*** tstop() called on wanukaka at Thu Apr 14 12:55:02 2022
Module time:
	user time   =       4.20 seconds =       0.07 minutes
	system time =       0.17 seconds =       0.00 minutes
	total time  =          1 seconds =       0.02 minutes
Total time:
	user time   =    9030.53 seconds =     150.51 minutes
	system time =     397.48 seconds =       6.62 minutes
	total time  =       1046 seconds =      17.43 minutes

			-----------------------------------------
			 OPTKING 2.0: for geometry optimizations 
			  - R.A. King,  Bethel University        
			-----------------------------------------

	Internal coordinates to be generated automatically.
	Detected frag 1 with atoms:  1 2
	---Fragment 1 Bond Connectivity---
	 1 : 2
	 2 : 1

	---Fragment 1 Geometry and Gradient---
	 C           0.0000000000        0.0000000000       -1.2178975190
	 O           0.0000000000        0.0000000000        0.9137135505
	             0.0000000000        0.0000000000       -0.0458736766
	            -0.0000000000       -0.0000000000        0.0458736766

	Previous optimization step data not found.  Starting new optimization.

	---Fragment 1 Intrafragment Coordinates---
	 - Coordinate -           - BOHR/RAD -       - ANG/DEG -
	 R(1,2)           =         2.131611	       1.128000

	Current energy   :      -112.7544937314

	Generating empirical Hessian (Schlegel '84) for each fragment.
	Taking RFO optimization step.
	Going to follow RFO solution 1.
	Using RFO vector 1.
	Norm of target step-size    0.03030
	Projected energy change by RFO approximation:        -0.0009301047

	Back-transformation to cartesian coordinates...
	Successfully converged to displaced geometry.

	--- Internal Coordinate Step in ANG or DEG, aJ/ANG or AJ/DEG ---
	 ---------------------------------------------------------------------------
	   Coordinate                Previous        Force       Change         New 
	   ----------                --------       ------       ------       ------
	    1 R(1,2)          =      1.128000    -0.377940    -0.016035     1.111965
	 ---------------------------------------------------------------------------
	Successfully symmetrized geometry.

  ==> Convergence Check <==

  Measures of convergence in internal coordinates in au.
  Criteria marked as inactive (o), active & met (*), and active & unmet ( ).
  --------------------------------------------------------------------------------------------- ~
   Step     Total Energy     Delta E     MAX Force     RMS Force      MAX Disp      RMS Disp    ~
  --------------------------------------------------------------------------------------------- ~
    Convergence Criteria    1.00e-06 *    3.00e-04 *             o    1.20e-03 *             o  ~
  --------------------------------------------------------------------------------------------- ~
      1    -112.75449373   -1.13e+02      4.59e-02      4.59e-02 o    3.03e-02      3.03e-02 o  ~
  ---------------------------------------------------------------------------------------------

	Writing optimization data to binary file.
	Structure for next step:
	Cartesian Geometry (in Angstrom)
	    C     0.0000000000   0.0000000000  -0.6364660423
	    O     0.0000000000   0.0000000000   0.4754988190
			--------------------------
			 OPTKING Finished Execution 
			--------------------------

    Structure for next step:
    Molecular point group: c2v
    Full point group: C_inf_v

    Geometry (in Angstrom), charge = 0, multiplicity = 1:

    C       
    O             1    1.111965

gradient() will perform analytic gradient computation.

*** tstart() called on wanukaka
*** at Thu Apr 14 12:55:02 2022

   => Loading Basis Set <=

    Name: AUG-CC-PVDZ
    Role: ORBITAL
    Keyword: BASIS
    atoms 1 entry C          line   178 file /home/sulstice/software/miniconda2/envs/qmpython2/share/psi4/basis/aug-cc-pvdz.gbs 
    atoms 2 entry O          line   250 file /home/sulstice/software/miniconda2/envs/qmpython2/share/psi4/basis/aug-cc-pvdz.gbs 


         ---------------------------------------------------------
                                   SCF
               by Justin Turney, Rob Parrish, Andy Simmonett
                          and Daniel G. A. Smith
                              RHF Reference
                       10 Threads,   7629 MiB Core
         ---------------------------------------------------------

  ==> Geometry <==

    Molecular point group: c2v
    Full point group: C_inf_v

    Geometry (in Angstrom), charge = 0, multiplicity = 1:

       Center              X                  Y                   Z               Mass       
    ------------   -----------------  -----------------  -----------------  -----------------
         C            0.000000000000     0.000000000000    -0.635321926433    12.000000000000
         O            0.000000000000     0.000000000000     0.476642939242    15.994914619570

  Running in c2v symmetry.

  Rotational constants: A = ************  B =      1.98852  C =      1.98852 [cm^-1]
  Rotational constants: A = ************  B =  59614.38170  C =  59614.38170 [MHz]
  Nuclear repulsion =   22.842903491164424

  Charge       = 0
  Multiplicity = 1
  Electrons    = 14
  Nalpha       = 7
  Nbeta        = 7

  ==> Algorithm <==

  SCF Algorithm Type is DF.
  DIIS enabled.
  MOM disabled.
  Fractional occupation disabled.
  Guess Type is READ.
  Energy threshold   = 1.00e-08
  Density threshold  = 1.00e-08
  Integral threshold = 0.00e+00

  ==> Primary Basis <==

  Basis Set: AUG-CC-PVDZ
    Blend: AUG-CC-PVDZ
    Number of shells: 18
    Number of basis function: 46
    Number of Cartesian functions: 50
    Spherical Harmonics?: true
    Max angular momentum: 2

   => Loading Basis Set <=

    Name: (AUG-CC-PVDZ AUX)
    Role: JKFIT
    Keyword: DF_BASIS_SCF
    atoms 1 entry C          line   154 file /home/sulstice/software/miniconda2/envs/qmpython2/share/psi4/basis/aug-cc-pvdz-jkfit.gbs 
    atoms 2 entry O          line   270 file /home/sulstice/software/miniconda2/envs/qmpython2/share/psi4/basis/aug-cc-pvdz-jkfit.gbs 

   => Loading Basis Set <=

    Name: AUG-CC-PVDZ
    Role: ORBITAL
    Keyword: BASIS
    atoms 1 entry C          line   178 file /home/sulstice/software/miniconda2/envs/qmpython2/share/psi4/basis/aug-cc-pvdz.gbs 
    atoms 2 entry O          line   250 file /home/sulstice/software/miniconda2/envs/qmpython2/share/psi4/basis/aug-cc-pvdz.gbs 

  Reading orbitals from file 180, no projection.

  ==> Pre-Iterations <==

   -------------------------------------------------------
    Irrep   Nso     Nmo     Nalpha   Nbeta   Ndocc  Nsocc
   -------------------------------------------------------
     A1        22      22       0       0       0       0
     A2         4       4       0       0       0       0
     B1        10      10       0       0       0       0
     B2        10      10       0       0       0       0
   -------------------------------------------------------
    Total      46      46       7       7       7       0
   -------------------------------------------------------

  ==> Integral Setup <==

  DFHelper Memory: AOs need 0.003 GiB; user supplied 5.588 GiB. Using in-core AOs.

  ==> MemDFJK: Density-Fitted J/K Matrices <==

    J tasked:                   Yes
    K tasked:                   Yes
    wK tasked:                   No
    OpenMP threads:              10
    Memory [MiB]:              5722
    Algorithm:                 Core
    Schwarz Cutoff:           1E-12
    Mask sparsity (%):       0.0000
    Fitting Condition:        1E-10

   => Auxiliary Basis Set <=

  Basis Set: (AUG-CC-PVDZ AUX)
    Blend: AUG-CC-PVDZ-JKFIT
    Number of shells: 56
    Number of basis function: 172
    Number of Cartesian functions: 202
    Spherical Harmonics?: true
    Max angular momentum: 3

  Minimum eigenvalue in the overlap matrix is 2.4466393488E-03.
  Using Symmetric Orthogonalization.

  SCF Guess: Orbitals guess was supplied from a previous computation.

  ==> Iterations <==

                           Total Energy        Delta E     RMS |[F,P]|

   @DF-RHF iter   0:  -112.78205113580832   -1.12782e+02   2.97765e-03 
   @DF-RHF iter   1:  -112.75519051632263    2.68606e-02   4.41237e-04 DIIS
   @DF-RHF iter   2:  -112.75523083172051   -4.03154e-05   2.78350e-04 DIIS
   @DF-RHF iter   3:  -112.75524864053202   -1.78088e-05   4.86104e-05 DIIS
   @DF-RHF iter   4:  -112.75524931817921   -6.77647e-07   8.57212e-06 DIIS
   @DF-RHF iter   5:  -112.75524936842594   -5.02467e-08   2.48943e-06 DIIS
   @DF-RHF iter   6:  -112.75524937105713   -2.63120e-09   4.16812e-07 DIIS
   @DF-RHF iter   7:  -112.75524937114398   -8.68425e-11   3.29854e-08 DIIS
   @DF-RHF iter   8:  -112.75524937114474   -7.67386e-13   4.25119e-09 DIIS
  Energy and wave function converged.


  ==> Post-Iterations <==

    Orbital Energies [Eh]
    ---------------------

    Doubly Occupied:                                                      

       1A1   -20.677863     2A1   -11.367129     3A1    -1.541505  
       4A1    -0.809733     1B2    -0.648140     1B1    -0.648140  
       5A1    -0.552750  

    Virtual:                                                              

       2B2     0.080334     2B1     0.080334     6A1     0.080978  
       7A1     0.106229     3B2     0.175558     3B1     0.175558  
       8A1     0.225473     4B1     0.248229     4B2     0.248229  
       9A1     0.334788     1A2     0.434554    10A1     0.434554  
      11A1     0.525607     5B2     0.606471     5B1     0.606471  
      12A1     0.698097     6B1     0.743963     6B2     0.743963  
      13A1     0.957152    14A1     1.055520     2A2     1.055520  
      15A1     1.068405     7B2     1.210793     7B1     1.210793  
      16A1     1.424774     3A2     1.657056    17A1     1.657056  
       8B2     1.684271     8B1     1.684271     9B1     1.975137  
       9B2     1.975137    18A1     2.157544    19A1     2.270833  
      20A1     3.017624     4A2     3.549670    21A1     3.549670  
      10B2     3.672150    10B1     3.672150    22A1     4.063957  

    Final Occupation by Irrep:
             A1    A2    B1    B2 
    DOCC [     5,    0,    1,    1 ]

  @DF-RHF Final Energy:  -112.75524937114474

   => Energetics <=

    Nuclear Repulsion Energy =             22.8429034911644244
    One-Electron Energy =                -198.7057870743181240
    Two-Electron Energy =                  63.1076342120089535
    Total Energy =                       -112.7552493711447426

Computation Completed


Properties will be evaluated at   0.000000,   0.000000,   0.000000 [a0]

Properties computed using the SCF density matrix

  Nuclear Dipole Moment: [e a0]
     X:     0.0000      Y:     0.0000      Z:     0.0023

  Electronic Dipole Moment: [e a0]
     X:     0.0000      Y:     0.0000      Z:    -0.0735

  Dipole Moment: [e a0]
     X:     0.0000      Y:     0.0000      Z:    -0.0712     Total:     0.0712

  Dipole Moment: [D]
     X:     0.0000      Y:     0.0000      Z:    -0.1811     Total:     0.1811


*** tstop() called on wanukaka at Thu Apr 14 12:55:02 2022
Module time:
	user time   =       2.73 seconds =       0.05 minutes
	system time =       0.10 seconds =       0.00 minutes
	total time  =          0 seconds =       0.00 minutes
Total time:
	user time   =    9033.35 seconds =     150.56 minutes
	system time =     397.58 seconds =       6.63 minutes
	total time  =       1046 seconds =      17.43 minutes

*** tstart() called on wanukaka
*** at Thu Apr 14 12:55:02 2022


         ------------------------------------------------------------
                                   SCF GRAD                          
                          Rob Parrish, Justin Turney,                
                       Andy Simmonett, and Alex Sokolov              
         ------------------------------------------------------------

  ==> Geometry <==

    Molecular point group: c2v
    Full point group: C_inf_v

    Geometry (in Angstrom), charge = 0, multiplicity = 1:

       Center              X                  Y                   Z               Mass       
    ------------   -----------------  -----------------  -----------------  -----------------
         C            0.000000000000     0.000000000000    -0.635321926433    12.000000000000
         O            0.000000000000     0.000000000000     0.476642939242    15.994914619570

  Nuclear repulsion =   22.842903491164424

  ==> Basis Set <==

  Basis Set: AUG-CC-PVDZ
    Blend: AUG-CC-PVDZ
    Number of shells: 18
    Number of basis function: 46
    Number of Cartesian functions: 50
    Spherical Harmonics?: true
    Max angular momentum: 2

  ==> DFJKGrad: Density-Fitted SCF Gradients <==

    Gradient:                    1
    J tasked:                  Yes
    K tasked:                  Yes
    wK tasked:                  No
    OpenMP threads:             10
    Integrals threads:          10
    Memory [MiB]:             5722
    Schwarz Cutoff:          0E+00
    Fitting Condition:       1E-10

   => Auxiliary Basis Set <=

  Basis Set: (AUG-CC-PVDZ AUX)
    Blend: AUG-CC-PVDZ-JKFIT
    Number of shells: 56
    Number of basis function: 172
    Number of Cartesian functions: 202
    Spherical Harmonics?: true
    Max angular momentum: 3


  -Total Gradient:
     Atom            X                  Y                   Z
    ------   -----------------  -----------------  -----------------
       1       -0.000000000000     0.000000000000    -0.003220099882
       2        0.000000000000     0.000000000000     0.003220099881


*** tstop() called on wanukaka at Thu Apr 14 12:55:02 2022
Module time:
	user time   =       3.62 seconds =       0.06 minutes
	system time =       0.17 seconds =       0.00 minutes
	total time  =          0 seconds =       0.00 minutes
Total time:
	user time   =    9036.98 seconds =     150.62 minutes
	system time =     397.75 seconds =       6.63 minutes
	total time  =       1046 seconds =      17.43 minutes

			-----------------------------------------
			 OPTKING 2.0: for geometry optimizations 
			  - R.A. King,  Bethel University        
			-----------------------------------------

	Previous internal coordinate definitions found.
	---Fragment 1 Geometry and Gradient---
	 C           0.0000000000        0.0000000000       -1.2005844425
	 O           0.0000000000        0.0000000000        0.9007246148
	            -0.0000000000        0.0000000000       -0.0032200999
	             0.0000000000        0.0000000000        0.0032200999

	---Fragment 1 Intrafragment Coordinates---
	 - Coordinate -           - BOHR/RAD -       - ANG/DEG -
	 R(1,2)           =         2.101309	       1.111965

	Current energy   :      -112.7552493711

	Energy change for the previous step:
		Projected    :        -0.0009301047
		Actual       :        -0.0007556398
	Energy ratio indicates good step: Trust radius increased to 1.000e+00.


	Performing BFGS update.
	Previous computed or guess Hessian on step 1.
	Steps to be used in Hessian update: 1
	Taking RFO optimization step.
	Going to follow RFO solution 1.
	Using RFO vector 1.
	Norm of target step-size    0.00229
	Projected energy change by RFO approximation:        -0.0000047497

	Back-transformation to cartesian coordinates...
	Successfully converged to displaced geometry.

	--- Internal Coordinate Step in ANG or DEG, aJ/ANG or AJ/DEG ---
	 ---------------------------------------------------------------------------
	   Coordinate                Previous        Force       Change         New 
	   ----------                --------       ------       ------       ------
	    1 R(1,2)          =      1.111965    -0.026530    -0.001211     1.110754
	 ---------------------------------------------------------------------------
	Successfully symmetrized geometry.

  ==> Convergence Check <==

  Measures of convergence in internal coordinates in au.
  Criteria marked as inactive (o), active & met (*), and active & unmet ( ).
  ---------------------------------------------------------------------------------------------
   Step     Total Energy     Delta E     MAX Force     RMS Force      MAX Disp      RMS Disp   
  ---------------------------------------------------------------------------------------------
    Convergence Criteria    1.00e-06 *    3.00e-04 *             o    1.20e-03 *             o
  ---------------------------------------------------------------------------------------------
      2    -112.75524937   -7.56e-04      3.22e-03      3.22e-03 o    2.29e-03      2.29e-03 o  ~
  ---------------------------------------------------------------------------------------------

	Writing optimization data to binary file.
	Structure for next step:
	Cartesian Geometry (in Angstrom)
	    C     0.0000000000   0.0000000000  -0.6347166469
	    O     0.0000000000   0.0000000000   0.4760376603
			--------------------------
			 OPTKING Finished Execution 
			--------------------------

    Structure for next step:
    Molecular point group: c2v
    Full point group: C_inf_v

    Geometry (in Angstrom), charge = 0, multiplicity = 1:

    C       
    O             1    1.110754

gradient() will perform analytic gradient computation.

*** tstart() called on wanukaka
*** at Thu Apr 14 12:55:02 2022

   => Loading Basis Set <=

    Name: AUG-CC-PVDZ
    Role: ORBITAL
    Keyword: BASIS
    atoms 1 entry C          line   178 file /home/sulstice/software/miniconda2/envs/qmpython2/share/psi4/basis/aug-cc-pvdz.gbs 
    atoms 2 entry O          line   250 file /home/sulstice/software/miniconda2/envs/qmpython2/share/psi4/basis/aug-cc-pvdz.gbs 


         ---------------------------------------------------------
                                   SCF
               by Justin Turney, Rob Parrish, Andy Simmonett
                          and Daniel G. A. Smith
                              RHF Reference
                       10 Threads,   7629 MiB Core
         ---------------------------------------------------------

  ==> Geometry <==

    Molecular point group: c2v
    Full point group: C_inf_v

    Geometry (in Angstrom), charge = 0, multiplicity = 1:

       Center              X                  Y                   Z               Mass       
    ------------   -----------------  -----------------  -----------------  -----------------
         C            0.000000000000     0.000000000000    -0.634630275453    12.000000000000
         O            0.000000000000     0.000000000000     0.476124036081    15.994914619570

  Running in c2v symmetry.

  Rotational constants: A = ************  B =      1.99286  C =      1.99286 [cm^-1]
  Rotational constants: A = ************  B =  59744.39382  C =  59744.39382 [MHz]
  Nuclear repulsion =   22.867798799784037

  Charge       = 0
  Multiplicity = 1
  Electrons    = 14
  Nalpha       = 7
  Nbeta        = 7

  ==> Algorithm <==

  SCF Algorithm Type is DF.
  DIIS enabled.
  MOM disabled.
  Fractional occupation disabled.
  Guess Type is READ.
  Energy threshold   = 1.00e-08
  Density threshold  = 1.00e-08
  Integral threshold = 0.00e+00

  ==> Primary Basis <==

  Basis Set: AUG-CC-PVDZ
    Blend: AUG-CC-PVDZ
    Number of shells: 18
    Number of basis function: 46
    Number of Cartesian functions: 50
    Spherical Harmonics?: true
    Max angular momentum: 2

   => Loading Basis Set <=

    Name: (AUG-CC-PVDZ AUX)
    Role: JKFIT
    Keyword: DF_BASIS_SCF
    atoms 1 entry C          line   154 file /home/sulstice/software/miniconda2/envs/qmpython2/share/psi4/basis/aug-cc-pvdz-jkfit.gbs 
    atoms 2 entry O          line   270 file /home/sulstice/software/miniconda2/envs/qmpython2/share/psi4/basis/aug-cc-pvdz-jkfit.gbs 

   => Loading Basis Set <=

    Name: AUG-CC-PVDZ
    Role: ORBITAL
    Keyword: BASIS
    atoms 1 entry C          line   178 file /home/sulstice/software/miniconda2/envs/qmpython2/share/psi4/basis/aug-cc-pvdz.gbs 
    atoms 2 entry O          line   250 file /home/sulstice/software/miniconda2/envs/qmpython2/share/psi4/basis/aug-cc-pvdz.gbs 

  Reading orbitals from file 180, no projection.

  ==> Pre-Iterations <==

   -------------------------------------------------------
    Irrep   Nso     Nmo     Nalpha   Nbeta   Ndocc  Nsocc
   -------------------------------------------------------
     A1        22      22       0       0       0       0
     A2         4       4       0       0       0       0
     B1        10      10       0       0       0       0
     B2        10      10       0       0       0       0
   -------------------------------------------------------
    Total      46      46       7       7       7       0
   -------------------------------------------------------

  ==> Integral Setup <==

  DFHelper Memory: AOs need 0.003 GiB; user supplied 5.588 GiB. Using in-core AOs.

  ==> MemDFJK: Density-Fitted J/K Matrices <==

    J tasked:                   Yes
    K tasked:                   Yes
    wK tasked:                   No
    OpenMP threads:              10
    Memory [MiB]:              5722
    Algorithm:                 Core
    Schwarz Cutoff:           1E-12
    Mask sparsity (%):       0.0000
    Fitting Condition:        1E-10

   => Auxiliary Basis Set <=

  Basis Set: (AUG-CC-PVDZ AUX)
    Blend: AUG-CC-PVDZ-JKFIT
    Number of shells: 56
    Number of basis function: 172
    Number of Cartesian functions: 202
    Spherical Harmonics?: true
    Max angular momentum: 3

  Minimum eigenvalue in the overlap matrix is 2.4436639093E-03.
  Using Symmetric Orthogonalization.

  SCF Guess: Orbitals guess was supplied from a previous computation.

  ==> Iterations <==

                           Total Energy        Delta E     RMS |[F,P]|

   @DF-RHF iter   0:  -112.75729544147961   -1.12757e+02   2.29153e-04 
   @DF-RHF iter   1:  -112.75525249482773    2.04295e-03   3.37501e-05 DIIS
   @DF-RHF iter   2:  -112.75525273063076   -2.35803e-07   2.12216e-05 DIIS
   @DF-RHF iter   3:  -112.75525283408186   -1.03451e-07   3.71661e-06 DIIS
   @DF-RHF iter   4:  -112.75525283802990   -3.94805e-09   6.49889e-07 DIIS
   @DF-RHF iter   5:  -112.75525283831998   -2.90072e-10   1.87999e-07 DIIS
   @DF-RHF iter   6:  -112.75525283833504   -1.50635e-11   3.14972e-08 DIIS
   @DF-RHF iter   7:  -112.75525283833539   -3.55271e-13   2.46075e-09 DIIS
  Energy and wave function converged.


  ==> Post-Iterations <==

    Orbital Energies [Eh]
    ---------------------

    Doubly Occupied:                                                      

       1A1   -20.677813     2A1   -11.366620     3A1    -1.542364  
       4A1    -0.809840     1B1    -0.648680     1B2    -0.648680  
       5A1    -0.552598  

    Virtual:                                                              

       2B1     0.080424     2B2     0.080424     6A1     0.080952  
       7A1     0.106268     3B1     0.175905     3B2     0.175905  
       8A1     0.225489     4B1     0.248256     4B2     0.248256  
       9A1     0.334775     1A2     0.434591    10A1     0.434591  
      11A1     0.525797     5B1     0.606725     5B2     0.606725  
      12A1     0.698142     6B1     0.743798     6B2     0.743798  
      13A1     0.958147    14A1     1.055585     2A2     1.055585  
      15A1     1.069218     7B1     1.211050     7B2     1.211050  
      16A1     1.424664     3A2     1.657286    17A1     1.657286  
       8B1     1.685114     8B2     1.685114     9B1     1.975637  
       9B2     1.975637    18A1     2.158613    19A1     2.273673  
      20A1     3.019643     4A2     3.549607    21A1     3.549607  
      10B1     3.672209    10B2     3.672209    22A1     4.065809  

    Final Occupation by Irrep:
             A1    A2    B1    B2 
    DOCC [     5,    0,    1,    1 ]

  @DF-RHF Final Energy:  -112.75525283833539

   => Energetics <=

    Nuclear Repulsion Energy =             22.8677987997840368
    One-Electron Energy =                -198.7529122917218558
    Two-Electron Energy =                  63.1298606536024423
    Total Energy =                       -112.7552528383353945

Computation Completed


Properties will be evaluated at   0.000000,   0.000000,   0.000000 [a0]

Properties computed using the SCF density matrix

  Nuclear Dipole Moment: [e a0]
     X:     0.0000      Y:     0.0000      Z:     0.0023

  Electronic Dipole Moment: [e a0]
     X:     0.0000      Y:     0.0000      Z:    -0.0712

  Dipole Moment: [e a0]
     X:     0.0000      Y:     0.0000      Z:    -0.0689     Total:     0.0689

  Dipole Moment: [D]
     X:     0.0000      Y:     0.0000      Z:    -0.1752     Total:     0.1752


*** tstop() called on wanukaka at Thu Apr 14 12:55:03 2022
Module time:
	user time   =       2.71 seconds =       0.05 minutes
	system time =       0.13 seconds =       0.00 minutes
	total time  =          1 seconds =       0.02 minutes
Total time:
	user time   =    9039.78 seconds =     150.66 minutes
	system time =     397.88 seconds =       6.63 minutes
	total time  =       1047 seconds =      17.45 minutes

*** tstart() called on wanukaka
*** at Thu Apr 14 12:55:03 2022


         ------------------------------------------------------------
                                   SCF GRAD                          
                          Rob Parrish, Justin Turney,                
                       Andy Simmonett, and Alex Sokolov              
         ------------------------------------------------------------

  ==> Geometry <==

    Molecular point group: c2v
    Full point group: C_inf_v

    Geometry (in Angstrom), charge = 0, multiplicity = 1:

       Center              X                  Y                   Z               Mass       
    ------------   -----------------  -----------------  -----------------  -----------------
         C            0.000000000000     0.000000000000    -0.634630275453    12.000000000000
         O            0.000000000000     0.000000000000     0.476124036081    15.994914619570

  Nuclear repulsion =   22.867798799784037

  ==> Basis Set <==

  Basis Set: AUG-CC-PVDZ
    Blend: AUG-CC-PVDZ
    Number of shells: 18
    Number of basis function: 46
    Number of Cartesian functions: 50
    Spherical Harmonics?: true
    Max angular momentum: 2

  ==> DFJKGrad: Density-Fitted SCF Gradients <==

    Gradient:                    1
    J tasked:                  Yes
    K tasked:                  Yes
    wK tasked:                  No
    OpenMP threads:             10
    Integrals threads:          10
    Memory [MiB]:             5722
    Schwarz Cutoff:          0E+00
    Fitting Condition:       1E-10

   => Auxiliary Basis Set <=

  Basis Set: (AUG-CC-PVDZ AUX)
    Blend: AUG-CC-PVDZ-JKFIT
    Number of shells: 56
    Number of basis function: 172
    Number of Cartesian functions: 202
    Spherical Harmonics?: true
    Max angular momentum: 3


  -Total Gradient:
     Atom            X                  Y                   Z
    ------   -----------------  -----------------  -----------------
       1        0.000000000000     0.000000000000     0.000193510813
       2       -0.000000000000     0.000000000000    -0.000193510814


*** tstop() called on wanukaka at Thu Apr 14 12:55:03 2022
Module time:
	user time   =       3.71 seconds =       0.06 minutes
	system time =       0.12 seconds =       0.00 minutes
	total time  =          0 seconds =       0.00 minutes
Total time:
	user time   =    9043.50 seconds =     150.72 minutes
	system time =     398.00 seconds =       6.63 minutes
	total time  =       1047 seconds =      17.45 minutes

			-----------------------------------------
			 OPTKING 2.0: for geometry optimizations 
			  - R.A. King,  Bethel University        
			-----------------------------------------

	Previous internal coordinate definitions found.
	---Fragment 1 Geometry and Gradient---
	 C           0.0000000000        0.0000000000       -1.1992774115
	 O           0.0000000000        0.0000000000        0.8997440299
	             0.0000000000        0.0000000000        0.0001935108
	            -0.0000000000        0.0000000000       -0.0001935108

	---Fragment 1 Intrafragment Coordinates---
	 - Coordinate -           - BOHR/RAD -       - ANG/DEG -
	 R(1,2)           =         2.099021	       1.110754

	Current energy   :      -112.7552528383

	Energy change for the previous step:
		Projected    :        -0.0000047497
		Actual       :        -0.0000034672

	Performing BFGS update.
	Previous computed or guess Hessian on step 1.
	Steps to be used in Hessian update: 2 1
	Taking RFO optimization step.
	Going to follow RFO solution 1.
	Using RFO vector 1.
	Norm of target step-size    0.00014
	Projected energy change by RFO approximation:        -0.0000000171

	Back-transformation to cartesian coordinates...
	Successfully converged to displaced geometry.

	--- Internal Coordinate Step in ANG or DEG, aJ/ANG or AJ/DEG ---
	 ---------------------------------------------------------------------------
	   Coordinate                Previous        Force       Change         New 
	   ----------                --------       ------       ------       ------
	    1 R(1,2)          =      1.110754     0.001594     0.000072     1.110827
	 ---------------------------------------------------------------------------
	Successfully symmetrized geometry.

  ==> Convergence Check <==

  Measures of convergence in internal coordinates in au.
  Criteria marked as inactive (o), active & met (*), and active & unmet ( ).
  ---------------------------------------------------------------------------------------------
   Step     Total Energy     Delta E     MAX Force     RMS Force      MAX Disp      RMS Disp   
  ---------------------------------------------------------------------------------------------
    Convergence Criteria    1.00e-06 *    3.00e-04 *             o    1.20e-03 *             o
  ---------------------------------------------------------------------------------------------
      3    -112.75525284   -3.47e-06      1.94e-04 *    1.94e-04 o    1.37e-04 *    1.37e-04 o  ~
  ---------------------------------------------------------------------------------------------


  **** Optimization is complete! (in 3 steps) ****

  ==> Optimization Summary <==

  Measures of convergence in internal coordinates in au.
  --------------------------------------------------------------------------------------------------------------- ~
   Step         Total Energy             Delta E       MAX Force       RMS Force        MAX Disp        RMS Disp  ~
  --------------------------------------------------------------------------------------------------------------- ~
      1    -112.754493731370   -112.754493731370      0.04587368      0.04587368      0.03030201      0.03030201  ~
      2    -112.755249371145     -0.000755639775      0.00322010      0.00322010      0.00228762      0.00228762  ~
      3    -112.755252838335     -0.000003467191      0.00019351      0.00019351      0.00013690      0.00013690  ~
  --------------------------------------------------------------------------------------------------------------- ~

	Writing optimization data to binary file.
	Final energy is   -112.7552528383354
	Final (previous) structure:
	Cartesian Geometry (in Angstrom)
	    C     0.0000000000   0.0000000000  -0.6346302730
	    O     0.0000000000   0.0000000000   0.4761240342
	Saving final (previous) structure.
			--------------------------
			 OPTKING Finished Execution 
			--------------------------

    Final optimized geometry and variables:
    Molecular point group: c2v
    Full point group: C_inf_v

    Geometry (in Angstrom), charge = 0, multiplicity = 1:

    C       
    O             1    1.110754

	Removing binary optimization data file.
	Cleaning optimization helper files.

*** tstart() called on wanukaka
*** at Thu Apr 14 12:55:03 2022

   => Loading Basis Set <=

    Name: AUG-CC-PVDZ
    Role: ORBITAL
    Keyword: BASIS
    atoms 1 entry C          line   178 file /home/sulstice/software/miniconda2/envs/qmpython2/share/psi4/basis/aug-cc-pvdz.gbs 
    atoms 2 entry O          line   250 file /home/sulstice/software/miniconda2/envs/qmpython2/share/psi4/basis/aug-cc-pvdz.gbs 


         ---------------------------------------------------------
                                   SCF
               by Justin Turney, Rob Parrish, Andy Simmonett
                          and Daniel G. A. Smith
                              RHF Reference
                       10 Threads,   7629 MiB Core
         ---------------------------------------------------------

  ==> Geometry <==

    Molecular point group: c2v
    Full point group: C_inf_v

    Geometry (in Angstrom), charge = 0, multiplicity = 1:

       Center              X                  Y                   Z               Mass       
    ------------   -----------------  -----------------  -----------------  -----------------
         C            0.000000000000     0.000000000000    -0.634630275453    12.000000000000
         O            0.000000000000     0.000000000000     0.476124036081    15.994914619570

  Running in c2v symmetry.

  Rotational constants: A = ************  B =      1.99286  C =      1.99286 [cm^-1]
  Rotational constants: A = ************  B =  59744.39382  C =  59744.39382 [MHz]
  Nuclear repulsion =   22.867798799784037

  Charge       = 0
  Multiplicity = 1
  Electrons    = 14
  Nalpha       = 7
  Nbeta        = 7

  ==> Algorithm <==

  SCF Algorithm Type is DF.
  DIIS enabled.
  MOM disabled.
  Fractional occupation disabled.
  Guess Type is SAD.
  Energy threshold   = 1.00e-06
  Density threshold  = 1.00e-06
  Integral threshold = 0.00e+00

  ==> Primary Basis <==

  Basis Set: AUG-CC-PVDZ
    Blend: AUG-CC-PVDZ
    Number of shells: 18
    Number of basis function: 46
    Number of Cartesian functions: 50
    Spherical Harmonics?: true
    Max angular momentum: 2

   => Loading Basis Set <=

    Name: (AUG-CC-PVDZ AUX)
    Role: JKFIT
    Keyword: DF_BASIS_SCF
    atoms 1 entry C          line   154 file /home/sulstice/software/miniconda2/envs/qmpython2/share/psi4/basis/aug-cc-pvdz-jkfit.gbs 
    atoms 2 entry O          line   270 file /home/sulstice/software/miniconda2/envs/qmpython2/share/psi4/basis/aug-cc-pvdz-jkfit.gbs 

  ==> Pre-Iterations <==

   -------------------------------------------------------
    Irrep   Nso     Nmo     Nalpha   Nbeta   Ndocc  Nsocc
   -------------------------------------------------------
     A1        22      22       0       0       0       0
     A2         4       4       0       0       0       0
     B1        10      10       0       0       0       0
     B2        10      10       0       0       0       0
   -------------------------------------------------------
    Total      46      46       7       7       7       0
   -------------------------------------------------------

  ==> Integral Setup <==

  DFHelper Memory: AOs need 0.003 GiB; user supplied 5.588 GiB. Using in-core AOs.

  ==> MemDFJK: Density-Fitted J/K Matrices <==

    J tasked:                   Yes
    K tasked:                   Yes
    wK tasked:                   No
    OpenMP threads:              10
    Memory [MiB]:              5722
    Algorithm:                 Core
    Schwarz Cutoff:           1E-12
    Mask sparsity (%):       0.0000
    Fitting Condition:        1E-10

   => Auxiliary Basis Set <=

  Basis Set: (AUG-CC-PVDZ AUX)
    Blend: AUG-CC-PVDZ-JKFIT
    Number of shells: 56
    Number of basis function: 172
    Number of Cartesian functions: 202
    Spherical Harmonics?: true
    Max angular momentum: 3

  Minimum eigenvalue in the overlap matrix is 2.4436639093E-03.
  Using Symmetric Orthogonalization.

  SCF Guess: Superposition of Atomic Densities via on-the-fly atomic UHF.

  ==> Iterations <==

                           Total Energy        Delta E     RMS |[F,P]|

   @DF-RHF iter SAD:  -111.89275788382520   -1.11893e+02   0.00000e+00 
   @DF-RHF iter   1:  -112.72980088604730   -8.37043e-01   1.00619e-02 DIIS
   @DF-RHF iter   2:  -112.73960290759408   -9.80202e-03   7.92042e-03 DIIS
   @DF-RHF iter   3:  -112.75513407284885   -1.55312e-02   5.80505e-04 DIIS
   @DF-RHF iter   4:  -112.75525104447210   -1.16972e-04   5.80291e-05 DIIS
   @DF-RHF iter   5:  -112.75525275708821   -1.71262e-06   1.08667e-05 DIIS
   @DF-RHF iter   6:  -112.75525283649047   -7.94023e-08   1.55686e-06 DIIS
   @DF-RHF iter   7:  -112.75525283827011   -1.77964e-09   3.42303e-07 DIIS
  Energy and wave function converged.


  ==> Post-Iterations <==

    Orbital Energies [Eh]
    ---------------------

    Doubly Occupied:                                                      

       1A1   -20.677811     2A1   -11.366619     3A1    -1.542363  
       4A1    -0.809839     1B2    -0.648680     1B1    -0.648680  
       5A1    -0.552598  

    Virtual:                                                              

       2B1     0.080424     2B2     0.080424     6A1     0.080952  
       7A1     0.106268     3B1     0.175906     3B2     0.175906  
       8A1     0.225489     4B1     0.248256     4B2     0.248256  
       9A1     0.334775     1A2     0.434591    10A1     0.434591  
      11A1     0.525797     5B1     0.606725     5B2     0.606725  
      12A1     0.698142     6B1     0.743798     6B2     0.743798  
      13A1     0.958147    14A1     1.055585     2A2     1.055585  
      15A1     1.069219     7B1     1.211051     7B2     1.211051  
      16A1     1.424664     3A2     1.657286    17A1     1.657286  
       8B1     1.685114     8B2     1.685114     9B1     1.975638  
       9B2     1.975638    18A1     2.158614    19A1     2.273673  
      20A1     3.019644     4A2     3.549608    21A1     3.549608  
      10B1     3.672210    10B2     3.672210    22A1     4.065810  

    Final Occupation by Irrep:
             A1    A2    B1    B2 
    DOCC [     5,    0,    1,    1 ]

  @DF-RHF Final Energy:  -112.75525283827011

   => Energetics <=

    Nuclear Repulsion Energy =             22.8677987997840368
    One-Electron Energy =                -198.7529183138657061
    Two-Electron Energy =                  63.1298666758115701
    Total Energy =                       -112.7552528382701098

Computation Completed


Properties will be evaluated at   0.000000,   0.000000,   0.000000 [a0]

Properties computed using the SCF density matrix

  Nuclear Dipole Moment: [e a0]
     X:     0.0000      Y:     0.0000      Z:     0.0023

  Electronic Dipole Moment: [e a0]
     X:     0.0000      Y:     0.0000      Z:    -0.0712

  Dipole Moment: [e a0]
     X:     0.0000      Y:     0.0000      Z:    -0.0689     Total:     0.0689

  Dipole Moment: [D]
     X:     0.0000      Y:     0.0000      Z:    -0.1752     Total:     0.1752


*** tstop() called on wanukaka at Thu Apr 14 12:55:04 2022
Module time:
	user time   =       5.25 seconds =       0.09 minutes
	system time =       0.26 seconds =       0.00 minutes
	total time  =          1 seconds =       0.02 minutes
Total time:
	user time   =    9048.82 seconds =     150.81 minutes
	system time =     398.27 seconds =       6.64 minutes
	total time  =       1048 seconds =      17.47 minutes
hessian() using ref_gradient to assess stationary point.

  Based on options and gradient (rms=1.12E-04), recommend projecting translations and projecting rotations.
hessian() will perform analytic frequency computation.

*** tstart() called on wanukaka
*** at Thu Apr 14 12:55:04 2022

   => Loading Basis Set <=

    Name: AUG-CC-PVDZ
    Role: ORBITAL
    Keyword: BASIS
    atoms 1 entry C          line   178 file /home/sulstice/software/miniconda2/envs/qmpython2/share/psi4/basis/aug-cc-pvdz.gbs 
    atoms 2 entry O          line   250 file /home/sulstice/software/miniconda2/envs/qmpython2/share/psi4/basis/aug-cc-pvdz.gbs 


         ---------------------------------------------------------
                                   SCF
               by Justin Turney, Rob Parrish, Andy Simmonett
                          and Daniel G. A. Smith
                              RHF Reference
                       10 Threads,   7629 MiB Core
         ---------------------------------------------------------

  ==> Geometry <==

    Molecular point group: c2v
    Full point group: C_inf_v

    Geometry (in Angstrom), charge = 0, multiplicity = 1:

       Center              X                  Y                   Z               Mass       
    ------------   -----------------  -----------------  -----------------  -----------------
         C            0.000000000000     0.000000000000    -0.634630275453    12.000000000000
         O            0.000000000000     0.000000000000     0.476124036081    15.994914619570

  Running in c2v symmetry.

  Rotational constants: A = ************  B =      1.99286  C =      1.99286 [cm^-1]
  Rotational constants: A = ************  B =  59744.39382  C =  59744.39382 [MHz]
  Nuclear repulsion =   22.867798799784037

  Charge       = 0
  Multiplicity = 1
  Electrons    = 14
  Nalpha       = 7
  Nbeta        = 7

  ==> Algorithm <==

  SCF Algorithm Type is DF.
  DIIS enabled.
  MOM disabled.
  Fractional occupation disabled.
  Guess Type is SAD.
  Energy threshold   = 1.00e-08
  Density threshold  = 1.00e-08
  Integral threshold = 0.00e+00

  ==> Primary Basis <==

  Basis Set: AUG-CC-PVDZ
    Blend: AUG-CC-PVDZ
    Number of shells: 18
    Number of basis function: 46
    Number of Cartesian functions: 50
    Spherical Harmonics?: true
    Max angular momentum: 2

   => Loading Basis Set <=

    Name: (AUG-CC-PVDZ AUX)
    Role: JKFIT
    Keyword: DF_BASIS_SCF
    atoms 1 entry C          line   154 file /home/sulstice/software/miniconda2/envs/qmpython2/share/psi4/basis/aug-cc-pvdz-jkfit.gbs 
    atoms 2 entry O          line   270 file /home/sulstice/software/miniconda2/envs/qmpython2/share/psi4/basis/aug-cc-pvdz-jkfit.gbs 

  ==> Pre-Iterations <==

   -------------------------------------------------------
    Irrep   Nso     Nmo     Nalpha   Nbeta   Ndocc  Nsocc
   -------------------------------------------------------
     A1        22      22       0       0       0       0
     A2         4       4       0       0       0       0
     B1        10      10       0       0       0       0
     B2        10      10       0       0       0       0
   -------------------------------------------------------
    Total      46      46       7       7       7       0
   -------------------------------------------------------

  ==> Integral Setup <==

  DFHelper Memory: AOs need 0.003 GiB; user supplied 5.588 GiB. Using in-core AOs.

  ==> MemDFJK: Density-Fitted J/K Matrices <==

    J tasked:                   Yes
    K tasked:                   Yes
    wK tasked:                   No
    OpenMP threads:              10
    Memory [MiB]:              5722
    Algorithm:                 Core
    Schwarz Cutoff:           1E-12
    Mask sparsity (%):       0.0000
    Fitting Condition:        1E-10

   => Auxiliary Basis Set <=

  Basis Set: (AUG-CC-PVDZ AUX)
    Blend: AUG-CC-PVDZ-JKFIT
    Number of shells: 56
    Number of basis function: 172
    Number of Cartesian functions: 202
    Spherical Harmonics?: true
    Max angular momentum: 3

  Minimum eigenvalue in the overlap matrix is 2.4436639093E-03.
  Using Symmetric Orthogonalization.

  SCF Guess: Superposition of Atomic Densities via on-the-fly atomic UHF.

  ==> Iterations <==

                           Total Energy        Delta E     RMS |[F,P]|

   @DF-RHF iter SAD:  -111.89275788382511   -1.11893e+02   0.00000e+00 
   @DF-RHF iter   1:  -112.72980088604723   -8.37043e-01   1.00619e-02 DIIS
   @DF-RHF iter   2:  -112.73960290759415   -9.80202e-03   7.92042e-03 DIIS
   @DF-RHF iter   3:  -112.75513407284876   -1.55312e-02   5.80505e-04 DIIS
   @DF-RHF iter   4:  -112.75525104447208   -1.16972e-04   5.80291e-05 DIIS
   @DF-RHF iter   5:  -112.75525275708819   -1.71262e-06   1.08667e-05 DIIS
   @DF-RHF iter   6:  -112.75525283649043   -7.94022e-08   1.55686e-06 DIIS
   @DF-RHF iter   7:  -112.75525283826997   -1.77954e-09   3.42303e-07 DIIS
   @DF-RHF iter   8:  -112.75525283833080   -6.08367e-11   9.38693e-08 DIIS
   @DF-RHF iter   9:  -112.75525283833529   -4.49063e-12   1.94352e-08 DIIS
   @DF-RHF iter  10:  -112.75525283833552   -2.27374e-13   1.60857e-09 DIIS
  Energy and wave function converged.


  ==> Post-Iterations <==

    Orbital Energies [Eh]
    ---------------------

    Doubly Occupied:                                                      

       1A1   -20.677813     2A1   -11.366620     3A1    -1.542364  
       4A1    -0.809840     1B2    -0.648680     1B1    -0.648680  
       5A1    -0.552598  

    Virtual:                                                              

       2B1     0.080424     2B2     0.080424     6A1     0.080952  
       7A1     0.106268     3B1     0.175905     3B2     0.175905  
       8A1     0.225489     4B1     0.248256     4B2     0.248256  
       9A1     0.334775     1A2     0.434591    10A1     0.434591  
      11A1     0.525797     5B1     0.606725     5B2     0.606725  
      12A1     0.698142     6B1     0.743798     6B2     0.743798  
      13A1     0.958147    14A1     1.055585     2A2     1.055585  
      15A1     1.069218     7B1     1.211050     7B2     1.211050  
      16A1     1.424664     3A2     1.657286    17A1     1.657286  
       8B1     1.685114     8B2     1.685114     9B1     1.975637  
       9B2     1.975637    18A1     2.158613    19A1     2.273673  
      20A1     3.019644     4A2     3.549607    21A1     3.549607  
      10B1     3.672209    10B2     3.672209    22A1     4.065809  

    Final Occupation by Irrep:
             A1    A2    B1    B2 
    DOCC [     5,    0,    1,    1 ]

  @DF-RHF Final Energy:  -112.75525283833552

   => Energetics <=

    Nuclear Repulsion Energy =             22.8677987997840368
    One-Electron Energy =                -198.7529123668898308
    Two-Electron Energy =                  63.1298607287702822
    Total Energy =                       -112.7552528383355224

Computation Completed


Properties will be evaluated at   0.000000,   0.000000,   0.000000 [a0]

Properties computed using the SCF density matrix

  Nuclear Dipole Moment: [e a0]
     X:     0.0000      Y:     0.0000      Z:     0.0023

  Electronic Dipole Moment: [e a0]
     X:     0.0000      Y:     0.0000      Z:    -0.0712

  Dipole Moment: [e a0]
     X:     0.0000      Y:     0.0000      Z:    -0.0689     Total:     0.0689

  Dipole Moment: [D]
     X:     0.0000      Y:     0.0000      Z:    -0.1752     Total:     0.1752


*** tstop() called on wanukaka at Thu Apr 14 12:55:04 2022
Module time:
	user time   =       5.39 seconds =       0.09 minutes
	system time =       0.19 seconds =       0.00 minutes
	total time  =          0 seconds =       0.00 minutes
Total time:
	user time   =    9054.29 seconds =     150.90 minutes
	system time =     398.47 seconds =       6.64 minutes
	total time  =       1048 seconds =      17.47 minutes

*** tstart() called on wanukaka
*** at Thu Apr 14 12:55:04 2022


         ------------------------------------------------------------
                                   SCF HESS                          
                          Rob Parrish, Justin Turney,                
                       Andy Simmonett, and Alex Sokolov              
         ------------------------------------------------------------

  ==> Geometry <==

    Molecular point group: c2v
    Full point group: C_inf_v

    Geometry (in Angstrom), charge = 0, multiplicity = 1:

       Center              X                  Y                   Z               Mass       
    ------------   -----------------  -----------------  -----------------  -----------------
         C            0.000000000000     0.000000000000    -0.634630275453    12.000000000000
         O            0.000000000000     0.000000000000     0.476124036081    15.994914619570

  Nuclear repulsion =   22.867798799784037

  ==> Basis Set <==

  Basis Set: AUG-CC-PVDZ
    Blend: AUG-CC-PVDZ
    Number of shells: 18
    Number of basis function: 46
    Number of Cartesian functions: 50
    Spherical Harmonics?: true
    Max angular momentum: 2

  ==> DFJKGrad: Density-Fitted SCF Gradients <==

    Gradient:                    2
    J tasked:                  Yes
    K tasked:                  Yes
    wK tasked:                  No
    OpenMP threads:             10
    Integrals threads:          10
    Memory [MiB]:             5722
    Schwarz Cutoff:          0E+00
    Fitting Condition:       1E-10

   => Auxiliary Basis Set <=

  Basis Set: (AUG-CC-PVDZ AUX)
    Blend: AUG-CC-PVDZ-JKFIT
    Number of shells: 56
    Number of basis function: 172
    Number of Cartesian functions: 202
    Spherical Harmonics?: true
    Max angular momentum: 3

  DFHelper Memory: AOs need 0.003 GiB; user supplied 6.706 GiB. Using in-core AOs.

  ==> MemDFJK: Density-Fitted J/K Matrices <==

    J tasked:                   Yes
    K tasked:                   Yes
    wK tasked:                   No
    OpenMP threads:              10
    Memory [MiB]:              6866
    Algorithm:                 Core
    Schwarz Cutoff:           1E-12
    Mask sparsity (%):       0.0000
    Fitting Condition:        1E-10

   => Auxiliary Basis Set <=

  Basis Set: (AUG-CC-PVDZ AUX)
    Blend: AUG-CC-PVDZ-JKFIT
    Number of shells: 56
    Number of basis function: 172
    Number of Cartesian functions: 202
    Spherical Harmonics?: true
    Max angular momentum: 3


         ------------------------------------------------------------
                                     CPHF                           
                                  Rob Parrish                       
         ------------------------------------------------------------

  ==> Geometry <==

    Molecular point group: c2v
    Full point group: C_inf_v

    Geometry (in Angstrom), charge = 0, multiplicity = 1:

       Center              X                  Y                   Z               Mass       
    ------------   -----------------  -----------------  -----------------  -----------------
         C            0.000000000000     0.000000000000    -0.634630275453    12.000000000000
         O            0.000000000000     0.000000000000     0.476124036081    15.994914619570

  Nuclear repulsion =   22.867798799784037
  Reference energy  = -112.755252838335522

  ==> Basis Set <==

  Basis Set: AUG-CC-PVDZ
    Blend: AUG-CC-PVDZ
    Number of shells: 18
    Number of basis function: 46
    Number of Cartesian functions: 50
    Spherical Harmonics?: true
    Max angular momentum: 2

  ==> CGRSolver (by Rob Parrish) <==

   Number of roots    =         6
   Preconditioning    =    JACOBI
   Convergence cutoff =     1E-06
   Maximum iterations =       100

  ==> CPHFRHamiltonian (by Rob Parrish) <== 

  ==> MemDFJK: Density-Fitted J/K Matrices <==

    J tasked:                   Yes
    K tasked:                   Yes
    wK tasked:                   No
    OpenMP threads:              10
    Memory [MiB]:              6866
    Algorithm:                 Core
    Schwarz Cutoff:           1E-12
    Mask sparsity (%):       0.0000
    Fitting Condition:        1E-10

   => Auxiliary Basis Set <=

  Basis Set: (AUG-CC-PVDZ AUX)
    Blend: AUG-CC-PVDZ-JKFIT
    Number of shells: 56
    Number of basis function: 172
    Number of Cartesian functions: 202
    Spherical Harmonics?: true
    Max angular momentum: 3

  ==> CPHF Iterations <==

  => Iterations <=

             Iter  Converged  Remaining    Residual
  CGR           1          0          6   8.897E-02
  CGR           2          0          6   2.388E-02
  CGR           3          0          6   4.066E-03
  CGR           4          0          6   6.610E-04
  CGR           5          0          6   8.104E-05
  CGR           6          0          6   1.239E-05
  CGR           7          0          6   1.525E-06
  CGR           8          6          0   1.409E-07

    CGRSolver converged.


*** tstop() called on wanukaka at Thu Apr 14 12:55:21 2022
Module time:
	user time   =     157.60 seconds =       2.63 minutes
	system time =       3.98 seconds =       0.07 minutes
	total time  =         17 seconds =       0.28 minutes
Total time:
	user time   =    9211.91 seconds =     153.53 minutes
	system time =     402.45 seconds =       6.71 minutes
	total time  =       1065 seconds =      17.75 minutes


  ==> Harmonic Vibrational Analysis <==

  non-mass-weighted Hessian:       Symmetric? True   Hermitian? True   Lin Dep Dim?  0 (0)
  projection of translations (True) and rotations (True) removed 5 degrees of freedom (5)
  total projector:                 Symmetric? True   Hermitian? True   Lin Dep Dim?  5 (5)
  mass-weighted Hessian:           Symmetric? True   Hermitian? True   Lin Dep Dim?  0 (0)
  pre-proj  low-frequency mode:    0.0000i [cm^-1]
  pre-proj  low-frequency mode:    0.0000i [cm^-1]
  pre-proj  low-frequency mode:    0.0000i [cm^-1]
  pre-proj  low-frequency mode:    0.0000i [cm^-1]
  pre-proj  low-frequency mode:    0.0061  [cm^-1]
  pre-proj  all modes:['18.8500i' '18.8500i' '0.0085i' '0.0052i' '0.0061' '2403.0886']
  projected mass-weighted Hessian: Symmetric? True   Hermitian? True   Lin Dep Dim?  5 (5)
  post-proj low-frequency mode:    0.0000i [cm^-1] (TR)
  post-proj low-frequency mode:    0.0000i [cm^-1] (TR)
  post-proj low-frequency mode:    0.0000i [cm^-1] (TR)
  post-proj low-frequency mode:    0.0000  [cm^-1] (TR)
  post-proj low-frequency mode:    0.0000  [cm^-1] (TR)
  post-proj  all modes:['0.0000i' '0.0000i' '0.0000i' '0.0000' '0.0000' '2403.0886']

  Vibration                       6           
  Freq [cm^-1]                2403.0886       
  Irrep                           A1          
  Reduced mass [u]             13.4388        
  Force const [mDyne/A]        45.7245        
  Turning point v=0 [a0]        0.0611        
  RMS dev v=0 [a0 u^1/2]        0.1583        
  IR activ [km/mol]            144.7432       
  Char temp [K]               3457.5094       
  ----------------------------------------------------------------------------------
      1   C                0.00  0.00  0.80   
      2   O                0.00 -0.00 -0.60   

  ==> Thermochemistry Components <==

  Entropy, S
    Electronic S            0.000 [cal/(mol K)]        0.000 [J/(mol K)]       0.00000000 [mEh/K] (multiplicity = 1)
    Translational S        35.923 [cal/(mol K)]      150.302 [J/(mol K)]       0.05724692 [mEh/K] (mol. weight = 27.9949 [u], P = 101325.00 [Pa])
    Rotational S           11.216 [cal/(mol K)]       46.929 [J/(mol K)]       0.01787422 [mEh/K] (symmetry no. = 1)
    Vibrational S           0.000 [cal/(mol K)]        0.001 [J/(mol K)]       0.00000037 [mEh/K]
  Total S                  47.139 [cal/(mol K)]      197.231 [J/(mol K)]       0.07512151 [mEh/K]
  Correction S              0.000 [cal/(mol K)]        0.000 [J/(mol K)]       0.00000000 [mEh/K]

  Constant volume heat capacity, Cv
    Electronic Cv           0.000 [cal/(mol K)]        0.000 [J/(mol K)]       0.00000000 [mEh/K]
    Translational Cv        2.981 [cal/(mol K)]       12.472 [J/(mol K)]       0.00475022 [mEh/K]
    Rotational Cv           1.987 [cal/(mol K)]        8.314 [J/(mol K)]       0.00316681 [mEh/K]
    Vibrational Cv          0.002 [cal/(mol K)]        0.010 [J/(mol K)]       0.00000392 [mEh/K]
  Total Cv                  4.970 [cal/(mol K)]       20.796 [J/(mol K)]       0.00792094 [mEh/K]
  Correction Cv             0.000 [cal/(mol K)]        0.000 [J/(mol K)]       0.00000000 [mEh/K]

  Constant pressure heat capacity, Cp
    Electronic Cp           0.000 [cal/(mol K)]        0.000 [J/(mol K)]       0.00000000 [mEh/K]
    Translational Cp        4.968 [cal/(mol K)]       20.786 [J/(mol K)]       0.00791703 [mEh/K]
    Rotational Cp           1.987 [cal/(mol K)]        8.314 [J/(mol K)]       0.00316681 [mEh/K]
    Vibrational Cp          0.002 [cal/(mol K)]        0.010 [J/(mol K)]       0.00000392 [mEh/K]
  Total Cp                  6.958 [cal/(mol K)]       29.111 [J/(mol K)]       0.01108775 [mEh/K]
  Correction Cp             0.000 [cal/(mol K)]        0.000 [J/(mol K)]       0.00000000 [mEh/K]

  ==> Thermochemistry Energy Analysis <==

  Raw electronic energy, E0
  Total E0, Electronic energy at well bottom at 0 [K]                 -112.75525284 [Eh]

  Zero-point energy, ZPE_vib = Sum_i nu_i / 2
    Electronic ZPE          0.000 [kcal/mol]        0.000 [kJ/mol]       0.00000000 [Eh]
    Translational ZPE       0.000 [kcal/mol]        0.000 [kJ/mol]       0.00000000 [Eh]
    Rotational ZPE          0.000 [kcal/mol]        0.000 [kJ/mol]       0.00000000 [Eh]
    Vibrational ZPE         3.435 [kcal/mol]       14.374 [kJ/mol]       0.00547464 [Eh]        1201.544 [cm^-1]
  Correction ZPE            3.435 [kcal/mol]       14.374 [kJ/mol]       0.00547464 [Eh]        1201.544 [cm^-1]
  Total ZPE, Electronic energy at 0 [K]                               -112.74977820 [Eh]

  Thermal Energy, E (includes ZPE)
    Electronic E            0.000 [kcal/mol]        0.000 [kJ/mol]       0.00000000 [Eh]
    Translational E         0.889 [kcal/mol]        3.718 [kJ/mol]       0.00141628 [Eh]
    Rotational E            0.592 [kcal/mol]        2.479 [kJ/mol]       0.00094418 [Eh]
    Vibrational E           3.435 [kcal/mol]       14.374 [kJ/mol]       0.00547474 [Eh]
  Correction E              4.917 [kcal/mol]       20.571 [kJ/mol]       0.00783520 [Eh]
  Total E, Electronic energy at  298.15 [K]                           -112.74741764 [Eh]

  Enthalpy, H_trans = E_trans + k_B * T
    Electronic H            0.000 [kcal/mol]        0.000 [kJ/mol]       0.00000000 [Eh]
    Translational H         1.481 [kcal/mol]        6.197 [kJ/mol]       0.00236046 [Eh]
    Rotational H            0.592 [kcal/mol]        2.479 [kJ/mol]       0.00094418 [Eh]
    Vibrational H           3.435 [kcal/mol]       14.374 [kJ/mol]       0.00547474 [Eh]
  Correction H              5.509 [kcal/mol]       23.050 [kJ/mol]       0.00877939 [Eh]
  Total H, Enthalpy at  298.15 [K]                                    -112.74647345 [Eh]

  Gibbs free energy, G = H - T * S
    Electronic G            0.000 [kcal/mol]        0.000 [kJ/mol]       0.00000000 [Eh]
    Translational G        -9.229 [kcal/mol]      -38.615 [kJ/mol]      -0.01470771 [Eh]
    Rotational G           -2.752 [kcal/mol]      -11.513 [kJ/mol]      -0.00438501 [Eh]
    Vibrational G           3.435 [kcal/mol]       14.374 [kJ/mol]       0.00547463 [Eh]
  Correction G             -8.545 [kcal/mol]      -35.754 [kJ/mol]      -0.01361809 [Eh]
  Total G, Free enthalpy at  298.15 [K]                               -112.76887093 [Eh]
