gradient() will perform analytic gradient computation.

*** tstart() called on wanukaka
*** at Thu Apr 14 12:54:26 2022

   => Loading Basis Set <=

    Name: 6-311++G(D,P)
    Role: ORBITAL
    Keyword: BASIS
    atoms 1 entry C          line   119 file /home/sulstice/software/miniconda2/envs/qmpython2/share/psi4/basis/6-311ppg_d_p_.gbs 
    atoms 2 entry O          line   161 file /home/sulstice/software/miniconda2/envs/qmpython2/share/psi4/basis/6-311ppg_d_p_.gbs 


         ---------------------------------------------------------
                                   SCF
               by Justin Turney, Rob Parrish, Andy Simmonett
                          and Daniel G. A. Smith
                              RHF Reference
                       10 Threads,   7629 MiB Core
         ---------------------------------------------------------

  ==> Geometry <==

    Molecular point group: c2v
    Full point group: C_inf_v

    Geometry (in Angstrom), charge = 0, multiplicity = 1:

       Center              X                  Y                   Z               Mass       
    ------------   -----------------  -----------------  -----------------  -----------------
         C            0.000000000000     0.000000000000    -0.644483611972    12.000000000000
         O            0.000000000000     0.000000000000     0.483516388028    15.994914619570

  Running in c2v symmetry.

  Rotational constants: A = ************  B =      1.93239  C =      1.93239 [cm^-1]
  Rotational constants: A = ************  B =  57931.52687  C =  57931.52687 [MHz]
  Nuclear repulsion =   22.518179177446818

  Charge       = 0
  Multiplicity = 1
  Electrons    = 14
  Nalpha       = 7
  Nbeta        = 7

  ==> Algorithm <==

  SCF Algorithm Type is DF.
  DIIS enabled.
  MOM disabled.
  Fractional occupation disabled.
  Guess Type is SAD.
  Energy threshold   = 1.00e-08
  Density threshold  = 1.00e-08
  Integral threshold = 0.00e+00

  ==> Primary Basis <==

  Basis Set: 6-311++G(D,P)
    Blend: 6-311++G(D,P)
    Number of shells: 20
    Number of basis function: 44
    Number of Cartesian functions: 46
    Spherical Harmonics?: true
    Max angular momentum: 2

   => Loading Basis Set <=

    Name: (6-311++G(D,P) AUX)
    Role: JKFIT
    Keyword: DF_BASIS_SCF
    atoms 1 entry C          line   162 file /home/sulstice/software/miniconda2/envs/qmpython2/share/psi4/basis/aug-cc-pvtz-jkfit.gbs 
    atoms 2 entry O          line   286 file /home/sulstice/software/miniconda2/envs/qmpython2/share/psi4/basis/aug-cc-pvtz-jkfit.gbs 

  ==> Pre-Iterations <==

   -------------------------------------------------------
    Irrep   Nso     Nmo     Nalpha   Nbeta   Ndocc  Nsocc
   -------------------------------------------------------
     A1        22      22       0       0       0       0
     A2         2       2       0       0       0       0
     B1        10      10       0       0       0       0
     B2        10      10       0       0       0       0
   -------------------------------------------------------
    Total      44      44       7       7       7       0
   -------------------------------------------------------

  ==> Integral Setup <==

  DFHelper Memory: AOs need 0.004 GiB; user supplied 5.588 GiB. Using in-core AOs.

  ==> MemDFJK: Density-Fitted J/K Matrices <==

    J tasked:                   Yes
    K tasked:                   Yes
    wK tasked:                   No
    OpenMP threads:              10
    Memory [MiB]:              5722
    Algorithm:                 Core
    Schwarz Cutoff:           1E-12
    Mask sparsity (%):       0.0000
    Fitting Condition:        1E-10

   => Auxiliary Basis Set <=

  Basis Set: (6-311++G(D,P) AUX)
    Blend: AUG-CC-PVTZ-JKFIT
    Number of shells: 60
    Number of basis function: 208
    Number of Cartesian functions: 262
    Spherical Harmonics?: true
    Max angular momentum: 4

  Minimum eigenvalue in the overlap matrix is 3.6613778739E-03.
  Using Symmetric Orthogonalization.

  SCF Guess: Superposition of Atomic Densities via on-the-fly atomic UHF.

  ==> Iterations <==

                           Total Energy        Delta E     RMS |[F,P]|

   @DF-RHF iter SAD:  -111.86449014182278   -1.11864e+02   0.00000e+00 
   @DF-RHF iter   1:  -112.74248878046663   -8.77999e-01   1.08367e-02 DIIS
   @DF-RHF iter   2:  -112.75123978009559   -8.75100e-03   8.87176e-03 DIIS
   @DF-RHF iter   3:  -112.76945821808104   -1.82184e-02   6.43974e-04 DIIS
   @DF-RHF iter   4:  -112.76959155537951   -1.33337e-04   6.70825e-05 DIIS
   @DF-RHF iter   5:  -112.76959394757728   -2.39220e-06   1.20586e-05 DIIS
   @DF-RHF iter   6:  -112.76959405798712   -1.10410e-07   2.23050e-06 DIIS
   @DF-RHF iter   7:  -112.76959406089556   -2.90844e-09   3.31992e-07 DIIS
   @DF-RHF iter   8:  -112.76959406096893   -7.33706e-11   6.24777e-08 DIIS
   @DF-RHF iter   9:  -112.76959406097123   -2.30216e-12   1.09187e-08 DIIS
   @DF-RHF iter  10:  -112.76959406097143   -1.98952e-13   1.97403e-09 DIIS
  Energy and wave function converged.


  ==> Post-Iterations <==

    Orbital Energies [Eh]
    ---------------------

    Doubly Occupied:                                                      

       1A1   -20.670218     2A1   -11.366297     3A1    -1.528024  
       4A1    -0.806855     1B1    -0.641978     1B2    -0.641978  
       5A1    -0.555883  

    Virtual:                                                              

       6A1     0.083961     2B2     0.084286     2B1     0.084286  
       7A1     0.111413     3B2     0.173486     3B1     0.173486  
       8A1     0.263040     4B1     0.300284     4B2     0.300284  
       9A1     0.362186    10A1     0.531969     5B1     0.708402  
       5B2     0.708402    11A1     0.857985    12A1     1.060902  
       6B1     1.261920     6B2     1.261920    13A1     1.268867  
       1A2     1.508349    14A1     1.508349    15A1     1.639131  
       7B1     1.685416     7B2     1.685416    16A1     2.371484  
       8B1     3.009000     8B2     3.009000    17A1     3.157536  
       2A2     3.157536    18A1     3.387472     9B1     3.747825  
       9B2     3.747825    19A1     4.087392    10B2     5.476614  
      10B1     5.476614    20A1     6.139527    21A1    24.942901  
      22A1    51.543527  

    Final Occupation by Irrep:
             A1    A2    B1    B2 
    DOCC [     5,    0,    1,    1 ]

  @DF-RHF Final Energy:  -112.76959406097143

   => Energetics <=

    Nuclear Repulsion Energy =             22.5181791774468181
    One-Electron Energy =                -198.1530837441300719
    Two-Electron Energy =                  62.8653105057118253
    Total Energy =                       -112.7695940609714285

Computation Completed


Properties will be evaluated at   0.000000,   0.000000,   0.000000 [a0]

Properties computed using the SCF density matrix

  Nuclear Dipole Moment: [e a0]
     X:     0.0000      Y:     0.0000      Z:     0.0023

  Electronic Dipole Moment: [e a0]
     X:     0.0000      Y:     0.0000      Z:    -0.1214

  Dipole Moment: [e a0]
     X:     0.0000      Y:     0.0000      Z:    -0.1191     Total:     0.1191

  Dipole Moment: [D]
     X:     0.0000      Y:     0.0000      Z:    -0.3026     Total:     0.3026


*** tstop() called on wanukaka at Thu Apr 14 12:54:26 2022
Module time:
	user time   =       5.34 seconds =       0.09 minutes
	system time =       0.20 seconds =       0.00 minutes
	total time  =          0 seconds =       0.00 minutes
Total time:
	user time   =    8703.84 seconds =     145.06 minutes
	system time =     387.95 seconds =       6.47 minutes
	total time  =       1010 seconds =      16.83 minutes

*** tstart() called on wanukaka
*** at Thu Apr 14 12:54:26 2022


         ------------------------------------------------------------
                                   SCF GRAD                          
                          Rob Parrish, Justin Turney,                
                       Andy Simmonett, and Alex Sokolov              
         ------------------------------------------------------------

  ==> Geometry <==

    Molecular point group: c2v
    Full point group: C_inf_v

    Geometry (in Angstrom), charge = 0, multiplicity = 1:

       Center              X                  Y                   Z               Mass       
    ------------   -----------------  -----------------  -----------------  -----------------
         C            0.000000000000     0.000000000000    -0.644483611972    12.000000000000
         O            0.000000000000     0.000000000000     0.483516388028    15.994914619570

  Nuclear repulsion =   22.518179177446818

  ==> Basis Set <==

  Basis Set: 6-311++G(D,P)
    Blend: 6-311++G(D,P)
    Number of shells: 20
    Number of basis function: 44
    Number of Cartesian functions: 46
    Spherical Harmonics?: true
    Max angular momentum: 2

  ==> DFJKGrad: Density-Fitted SCF Gradients <==

    Gradient:                    1
    J tasked:                  Yes
    K tasked:                  Yes
    wK tasked:                  No
    OpenMP threads:             10
    Integrals threads:          10
    Memory [MiB]:             5722
    Schwarz Cutoff:          0E+00
    Fitting Condition:       1E-10

   => Auxiliary Basis Set <=

  Basis Set: (6-311++G(D,P) AUX)
    Blend: AUG-CC-PVTZ-JKFIT
    Number of shells: 60
    Number of basis function: 208
    Number of Cartesian functions: 262
    Spherical Harmonics?: true
    Max angular momentum: 4


  -Total Gradient:
     Atom            X                  Y                   Z
    ------   -----------------  -----------------  -----------------
       1       -0.000000000000     0.000000000000    -0.060858355111
       2        0.000000000000     0.000000000000     0.060858355110


*** tstop() called on wanukaka at Thu Apr 14 12:54:27 2022
Module time:
	user time   =       3.99 seconds =       0.07 minutes
	system time =       0.23 seconds =       0.00 minutes
	total time  =          1 seconds =       0.02 minutes
Total time:
	user time   =    8707.84 seconds =     145.13 minutes
	system time =     388.18 seconds =       6.47 minutes
	total time  =       1011 seconds =      16.85 minutes

			-----------------------------------------
			 OPTKING 2.0: for geometry optimizations 
			  - R.A. King,  Bethel University        
			-----------------------------------------

	Internal coordinates to be generated automatically.
	Detected frag 1 with atoms:  1 2
	---Fragment 1 Bond Connectivity---
	 1 : 2
	 2 : 1

	---Fragment 1 Geometry and Gradient---
	 C           0.0000000000        0.0000000000       -1.2178975190
	 O           0.0000000000        0.0000000000        0.9137135505
	            -0.0000000000        0.0000000000       -0.0608583551
	             0.0000000000        0.0000000000        0.0608583551

	Previous optimization step data not found.  Starting new optimization.

	---Fragment 1 Intrafragment Coordinates---
	 - Coordinate -           - BOHR/RAD -       - ANG/DEG -
	 R(1,2)           =         2.131611	       1.128000

	Current energy   :      -112.7695940610

	Generating empirical Hessian (Schlegel '84) for each fragment.
	Taking RFO optimization step.
	Going to follow RFO solution 1.
	Using RFO vector 1.
	Norm of target step-size    0.04017
	Projected energy change by RFO approximation:        -0.0016352722

	Back-transformation to cartesian coordinates...
	Successfully converged to displaced geometry.

	--- Internal Coordinate Step in ANG or DEG, aJ/ANG or AJ/DEG ---
	 ---------------------------------------------------------------------------
	   Coordinate                Previous        Force       Change         New 
	   ----------                --------       ------       ------       ------
	    1 R(1,2)          =      1.128000    -0.501395    -0.021258     1.106742
	 ---------------------------------------------------------------------------
	Successfully symmetrized geometry.

  ==> Convergence Check <==

  Measures of convergence in internal coordinates in au.
  Criteria marked as inactive (o), active & met (*), and active & unmet ( ).
  --------------------------------------------------------------------------------------------- ~
   Step     Total Energy     Delta E     MAX Force     RMS Force      MAX Disp      RMS Disp    ~
  --------------------------------------------------------------------------------------------- ~
    Convergence Criteria    1.00e-06 *    3.00e-04 *             o    1.20e-03 *             o  ~
  --------------------------------------------------------------------------------------------- ~
      1    -112.76959406   -1.13e+02      6.09e-02      6.09e-02 o    4.02e-02      4.02e-02 o  ~
  ---------------------------------------------------------------------------------------------

	Writing optimization data to binary file.
	Structure for next step:
	Cartesian Geometry (in Angstrom)
	    C     0.0000000000   0.0000000000  -0.6338545022
	    O     0.0000000000   0.0000000000   0.4728872788
			--------------------------
			 OPTKING Finished Execution 
			--------------------------

    Structure for next step:
    Molecular point group: c2v
    Full point group: C_inf_v

    Geometry (in Angstrom), charge = 0, multiplicity = 1:

    C       
    O             1    1.106742

gradient() will perform analytic gradient computation.

*** tstart() called on wanukaka
*** at Thu Apr 14 12:54:27 2022

   => Loading Basis Set <=

    Name: 6-311++G(D,P)
    Role: ORBITAL
    Keyword: BASIS
    atoms 1 entry C          line   119 file /home/sulstice/software/miniconda2/envs/qmpython2/share/psi4/basis/6-311ppg_d_p_.gbs 
    atoms 2 entry O          line   161 file /home/sulstice/software/miniconda2/envs/qmpython2/share/psi4/basis/6-311ppg_d_p_.gbs 


         ---------------------------------------------------------
                                   SCF
               by Justin Turney, Rob Parrish, Andy Simmonett
                          and Daniel G. A. Smith
                              RHF Reference
                       10 Threads,   7629 MiB Core
         ---------------------------------------------------------

  ==> Geometry <==

    Molecular point group: c2v
    Full point group: C_inf_v

    Geometry (in Angstrom), charge = 0, multiplicity = 1:

       Center              X                  Y                   Z               Mass       
    ------------   -----------------  -----------------  -----------------  -----------------
         C            0.000000000000     0.000000000000    -0.632337715735    12.000000000000
         O            0.000000000000     0.000000000000     0.474404069624    15.994914619570

  Running in c2v symmetry.

  Rotational constants: A = ************  B =      2.00734  C =      2.00734 [cm^-1]
  Rotational constants: A = ************  B =  60178.38938  C =  60178.38938 [MHz]
  Nuclear repulsion =   22.950706703387628

  Charge       = 0
  Multiplicity = 1
  Electrons    = 14
  Nalpha       = 7
  Nbeta        = 7

  ==> Algorithm <==

  SCF Algorithm Type is DF.
  DIIS enabled.
  MOM disabled.
  Fractional occupation disabled.
  Guess Type is READ.
  Energy threshold   = 1.00e-08
  Density threshold  = 1.00e-08
  Integral threshold = 0.00e+00

  ==> Primary Basis <==

  Basis Set: 6-311++G(D,P)
    Blend: 6-311++G(D,P)
    Number of shells: 20
    Number of basis function: 44
    Number of Cartesian functions: 46
    Spherical Harmonics?: true
    Max angular momentum: 2

   => Loading Basis Set <=

    Name: (6-311++G(D,P) AUX)
    Role: JKFIT
    Keyword: DF_BASIS_SCF
    atoms 1 entry C          line   162 file /home/sulstice/software/miniconda2/envs/qmpython2/share/psi4/basis/aug-cc-pvtz-jkfit.gbs 
    atoms 2 entry O          line   286 file /home/sulstice/software/miniconda2/envs/qmpython2/share/psi4/basis/aug-cc-pvtz-jkfit.gbs 

   => Loading Basis Set <=

    Name: 6-311++G(D,P)
    Role: ORBITAL
    Keyword: BASIS
    atoms 1 entry C          line   119 file /home/sulstice/software/miniconda2/envs/qmpython2/share/psi4/basis/6-311ppg_d_p_.gbs 
    atoms 2 entry O          line   161 file /home/sulstice/software/miniconda2/envs/qmpython2/share/psi4/basis/6-311ppg_d_p_.gbs 

  Reading orbitals from file 180, no projection.

  ==> Pre-Iterations <==

   -------------------------------------------------------
    Irrep   Nso     Nmo     Nalpha   Nbeta   Ndocc  Nsocc
   -------------------------------------------------------
     A1        22      22       0       0       0       0
     A2         2       2       0       0       0       0
     B1        10      10       0       0       0       0
     B2        10      10       0       0       0       0
   -------------------------------------------------------
    Total      44      44       7       7       7       0
   -------------------------------------------------------

  ==> Integral Setup <==

  DFHelper Memory: AOs need 0.004 GiB; user supplied 5.588 GiB. Using in-core AOs.

  ==> MemDFJK: Density-Fitted J/K Matrices <==

    J tasked:                   Yes
    K tasked:                   Yes
    wK tasked:                   No
    OpenMP threads:              10
    Memory [MiB]:              5722
    Algorithm:                 Core
    Schwarz Cutoff:           1E-12
    Mask sparsity (%):       0.0000
    Fitting Condition:        1E-10

   => Auxiliary Basis Set <=

  Basis Set: (6-311++G(D,P) AUX)
    Blend: AUG-CC-PVTZ-JKFIT
    Number of shells: 60
    Number of basis function: 208
    Number of Cartesian functions: 262
    Spherical Harmonics?: true
    Max angular momentum: 4

  Minimum eigenvalue in the overlap matrix is 3.4115739922E-03.
  Using Symmetric Orthogonalization.

  SCF Guess: Orbitals guess was supplied from a previous computation.

  ==> Iterations <==

                           Total Energy        Delta E     RMS |[F,P]|

   @DF-RHF iter   0:  -112.80250726176853   -1.12803e+02   3.87001e-03 
   @DF-RHF iter   1:  -112.77082308656824    3.16842e-02   5.96564e-04 DIIS
   @DF-RHF iter   2:  -112.77088146082994   -5.83743e-05   4.42565e-04 DIIS
   @DF-RHF iter   3:  -112.77092369413471   -4.22333e-05   5.16721e-05 DIIS
   @DF-RHF iter   4:  -112.77092449275756   -7.98623e-07   1.16031e-05 DIIS
   @DF-RHF iter   5:  -112.77092458490563   -9.21481e-08   4.54746e-06 DIIS
   @DF-RHF iter   6:  -112.77092459277299   -7.86736e-09   7.60922e-07 DIIS
   @DF-RHF iter   7:  -112.77092459306974   -2.96751e-10   7.80842e-08 DIIS
   @DF-RHF iter   8:  -112.77092459307298   -3.24007e-12   7.66269e-09 DIIS
  Energy and wave function converged.


  ==> Post-Iterations <==

    Orbital Energies [Eh]
    ---------------------

    Doubly Occupied:                                                      

       1A1   -20.669393     2A1   -11.356922     3A1    -1.542902  
       4A1    -0.808797     1B1    -0.651407     1B2    -0.651407  
       5A1    -0.553172  

    Virtual:                                                              

       6A1     0.083536     2B1     0.086426     2B2     0.086426  
       7A1     0.112150     3B2     0.179674     3B1     0.179674  
       8A1     0.263151     4B1     0.300703     4B2     0.300703  
       9A1     0.361165    10A1     0.535829     5B2     0.710970  
       5B1     0.710970    11A1     0.870059    12A1     1.070610  
       6B2     1.258732     6B1     1.258732    13A1     1.289162  
      14A1     1.508639     1A2     1.508639    15A1     1.635892  
       7B1     1.700931     7B2     1.700931    16A1     2.405022  
       8B1     3.020044     8B2     3.020044    17A1     3.160500  
       2A2     3.160500    18A1     3.378151     9B1     3.768593  
       9B2     3.768593    19A1     4.106301    10B2     5.480759  
      10B1     5.480759    20A1     6.178741    21A1    24.985346  
      22A1    51.566829  

    Final Occupation by Irrep:
             A1    A2    B1    B2 
    DOCC [     5,    0,    1,    1 ]

  @DF-RHF Final Energy:  -112.77092459307298

   => Energetics <=

    Nuclear Repulsion Energy =             22.9507067033876275
    One-Electron Energy =                -198.9752658737054958
    Two-Electron Energy =                  63.2536345772448954
    Total Energy =                       -112.7709245930729764

Computation Completed


Properties will be evaluated at   0.000000,   0.000000,   0.000000 [a0]

Properties computed using the SCF density matrix

  Nuclear Dipole Moment: [e a0]
     X:     0.0000      Y:     0.0000      Z:     0.0023

  Electronic Dipole Moment: [e a0]
     X:     0.0000      Y:     0.0000      Z:    -0.0779

  Dipole Moment: [e a0]
     X:     0.0000      Y:     0.0000      Z:    -0.0756     Total:     0.0756

  Dipole Moment: [D]
     X:     0.0000      Y:     0.0000      Z:    -0.1921     Total:     0.1921


*** tstop() called on wanukaka at Thu Apr 14 12:54:27 2022
Module time:
	user time   =       2.67 seconds =       0.04 minutes
	system time =       0.12 seconds =       0.00 minutes
	total time  =          0 seconds =       0.00 minutes
Total time:
	user time   =    8710.60 seconds =     145.18 minutes
	system time =     388.30 seconds =       6.47 minutes
	total time  =       1011 seconds =      16.85 minutes

*** tstart() called on wanukaka
*** at Thu Apr 14 12:54:27 2022


         ------------------------------------------------------------
                                   SCF GRAD                          
                          Rob Parrish, Justin Turney,                
                       Andy Simmonett, and Alex Sokolov              
         ------------------------------------------------------------

  ==> Geometry <==

    Molecular point group: c2v
    Full point group: C_inf_v

    Geometry (in Angstrom), charge = 0, multiplicity = 1:

       Center              X                  Y                   Z               Mass       
    ------------   -----------------  -----------------  -----------------  -----------------
         C            0.000000000000     0.000000000000    -0.632337715735    12.000000000000
         O            0.000000000000     0.000000000000     0.474404069624    15.994914619570

  Nuclear repulsion =   22.950706703387628

  ==> Basis Set <==

  Basis Set: 6-311++G(D,P)
    Blend: 6-311++G(D,P)
    Number of shells: 20
    Number of basis function: 44
    Number of Cartesian functions: 46
    Spherical Harmonics?: true
    Max angular momentum: 2

  ==> DFJKGrad: Density-Fitted SCF Gradients <==

    Gradient:                    1
    J tasked:                  Yes
    K tasked:                  Yes
    wK tasked:                  No
    OpenMP threads:             10
    Integrals threads:          10
    Memory [MiB]:             5722
    Schwarz Cutoff:          0E+00
    Fitting Condition:       1E-10

   => Auxiliary Basis Set <=

  Basis Set: (6-311++G(D,P) AUX)
    Blend: AUG-CC-PVTZ-JKFIT
    Number of shells: 60
    Number of basis function: 208
    Number of Cartesian functions: 262
    Spherical Harmonics?: true
    Max angular momentum: 4


  -Total Gradient:
     Atom            X                  Y                   Z
    ------   -----------------  -----------------  -----------------
       1        0.000000000000    -0.000000000000    -0.004007460122
       2        0.000000000000     0.000000000000     0.004007460122


*** tstop() called on wanukaka at Thu Apr 14 12:54:28 2022
Module time:
	user time   =       4.05 seconds =       0.07 minutes
	system time =       0.21 seconds =       0.00 minutes
	total time  =          1 seconds =       0.02 minutes
Total time:
	user time   =    8714.66 seconds =     145.24 minutes
	system time =     388.51 seconds =       6.48 minutes
	total time  =       1012 seconds =      16.87 minutes

			-----------------------------------------
			 OPTKING 2.0: for geometry optimizations 
			  - R.A. King,  Bethel University        
			-----------------------------------------

	Previous internal coordinate definitions found.
	---Fragment 1 Geometry and Gradient---
	 C           0.0000000000        0.0000000000       -1.1949451015
	 O           0.0000000000        0.0000000000        0.8964937644
	             0.0000000000       -0.0000000000       -0.0040074601
	             0.0000000000        0.0000000000        0.0040074601

	---Fragment 1 Intrafragment Coordinates---
	 - Coordinate -           - BOHR/RAD -       - ANG/DEG -
	 R(1,2)           =         2.091439	       1.106742

	Current energy   :      -112.7709245931

	Energy change for the previous step:
		Projected    :        -0.0016352722
		Actual       :        -0.0013305321
	Energy ratio indicates good step: Trust radius increased to 1.000e+00.


	Performing BFGS update.
	Previous computed or guess Hessian on step 1.
	Steps to be used in Hessian update: 1
	Taking RFO optimization step.
	Going to follow RFO solution 1.
	Using RFO vector 1.
	Norm of target step-size    0.00283
	Projected energy change by RFO approximation:        -0.0000073387

	Back-transformation to cartesian coordinates...
	Successfully converged to displaced geometry.

	--- Internal Coordinate Step in ANG or DEG, aJ/ANG or AJ/DEG ---
	 ---------------------------------------------------------------------------
	   Coordinate                Previous        Force       Change         New 
	   ----------                --------       ------       ------       ------
	    1 R(1,2)          =      1.106742    -0.033016    -0.001498     1.105243
	 ---------------------------------------------------------------------------
	Successfully symmetrized geometry.

  ==> Convergence Check <==

  Measures of convergence in internal coordinates in au.
  Criteria marked as inactive (o), active & met (*), and active & unmet ( ).
  ---------------------------------------------------------------------------------------------
   Step     Total Energy     Delta E     MAX Force     RMS Force      MAX Disp      RMS Disp   
  ---------------------------------------------------------------------------------------------
    Convergence Criteria    1.00e-06 *    3.00e-04 *             o    1.20e-03 *             o
  ---------------------------------------------------------------------------------------------
      2    -112.77092459   -1.33e-03      4.01e-03      4.01e-03 o    2.83e-03      2.83e-03 o  ~
  ---------------------------------------------------------------------------------------------

	Writing optimization data to binary file.
	Structure for next step:
	Cartesian Geometry (in Angstrom)
	    C     0.0000000000   0.0000000000  -0.6315884659
	    O     0.0000000000   0.0000000000   0.4736548204
			--------------------------
			 OPTKING Finished Execution 
			--------------------------

    Structure for next step:
    Molecular point group: c2v
    Full point group: C_inf_v

    Geometry (in Angstrom), charge = 0, multiplicity = 1:

    C       
    O             1    1.105243

gradient() will perform analytic gradient computation.

*** tstart() called on wanukaka
*** at Thu Apr 14 12:54:28 2022

   => Loading Basis Set <=

    Name: 6-311++G(D,P)
    Role: ORBITAL
    Keyword: BASIS
    atoms 1 entry C          line   119 file /home/sulstice/software/miniconda2/envs/qmpython2/share/psi4/basis/6-311ppg_d_p_.gbs 
    atoms 2 entry O          line   161 file /home/sulstice/software/miniconda2/envs/qmpython2/share/psi4/basis/6-311ppg_d_p_.gbs 


         ---------------------------------------------------------
                                   SCF
               by Justin Turney, Rob Parrish, Andy Simmonett
                          and Daniel G. A. Smith
                              RHF Reference
                       10 Threads,   7629 MiB Core
         ---------------------------------------------------------

  ==> Geometry <==

    Molecular point group: c2v
    Full point group: C_inf_v

    Geometry (in Angstrom), charge = 0, multiplicity = 1:

       Center              X                  Y                   Z               Mass       
    ------------   -----------------  -----------------  -----------------  -----------------
         C            0.000000000000     0.000000000000    -0.631481549715    12.000000000000
         O            0.000000000000     0.000000000000     0.473761740954    15.994914619570

  Running in c2v symmetry.

  Rotational constants: A = ************  B =      2.01278  C =      2.01278 [cm^-1]
  Rotational constants: A = ************  B =  60341.68036  C =  60341.68036 [MHz]
  Nuclear repulsion =   22.981823392746815

  Charge       = 0
  Multiplicity = 1
  Electrons    = 14
  Nalpha       = 7
  Nbeta        = 7

  ==> Algorithm <==

  SCF Algorithm Type is DF.
  DIIS enabled.
  MOM disabled.
  Fractional occupation disabled.
  Guess Type is READ.
  Energy threshold   = 1.00e-08
  Density threshold  = 1.00e-08
  Integral threshold = 0.00e+00

  ==> Primary Basis <==

  Basis Set: 6-311++G(D,P)
    Blend: 6-311++G(D,P)
    Number of shells: 20
    Number of basis function: 44
    Number of Cartesian functions: 46
    Spherical Harmonics?: true
    Max angular momentum: 2

   => Loading Basis Set <=

    Name: (6-311++G(D,P) AUX)
    Role: JKFIT
    Keyword: DF_BASIS_SCF
    atoms 1 entry C          line   162 file /home/sulstice/software/miniconda2/envs/qmpython2/share/psi4/basis/aug-cc-pvtz-jkfit.gbs 
    atoms 2 entry O          line   286 file /home/sulstice/software/miniconda2/envs/qmpython2/share/psi4/basis/aug-cc-pvtz-jkfit.gbs 

   => Loading Basis Set <=

    Name: 6-311++G(D,P)
    Role: ORBITAL
    Keyword: BASIS
    atoms 1 entry C          line   119 file /home/sulstice/software/miniconda2/envs/qmpython2/share/psi4/basis/6-311ppg_d_p_.gbs 
    atoms 2 entry O          line   161 file /home/sulstice/software/miniconda2/envs/qmpython2/share/psi4/basis/6-311ppg_d_p_.gbs 

  Reading orbitals from file 180, no projection.

  ==> Pre-Iterations <==

   -------------------------------------------------------
    Irrep   Nso     Nmo     Nalpha   Nbeta   Ndocc  Nsocc
   -------------------------------------------------------
     A1        22      22       0       0       0       0
     A2         2       2       0       0       0       0
     B1        10      10       0       0       0       0
     B2        10      10       0       0       0       0
   -------------------------------------------------------
    Total      44      44       7       7       7       0
   -------------------------------------------------------

  ==> Integral Setup <==

  DFHelper Memory: AOs need 0.004 GiB; user supplied 5.588 GiB. Using in-core AOs.

  ==> MemDFJK: Density-Fitted J/K Matrices <==

    J tasked:                   Yes
    K tasked:                   Yes
    wK tasked:                   No
    OpenMP threads:              10
    Memory [MiB]:              5722
    Algorithm:                 Core
    Schwarz Cutoff:           1E-12
    Mask sparsity (%):       0.0000
    Fitting Condition:        1E-10

   => Auxiliary Basis Set <=

  Basis Set: (6-311++G(D,P) AUX)
    Blend: AUG-CC-PVTZ-JKFIT
    Number of shells: 60
    Number of basis function: 208
    Number of Cartesian functions: 262
    Spherical Harmonics?: true
    Max angular momentum: 4

  Minimum eigenvalue in the overlap matrix is 3.3943491794E-03.
  Using Symmetric Orthogonalization.

  SCF Guess: Orbitals guess was supplied from a previous computation.

  ==> Iterations <==

                           Total Energy        Delta E     RMS |[F,P]|

   @DF-RHF iter   0:  -112.77313209401116   -1.12773e+02   2.77619e-04 
   @DF-RHF iter   1:  -112.77092932532159    2.20277e-03   4.18863e-05 DIIS
   @DF-RHF iter   2:  -112.77092961373503   -2.88413e-07   3.10165e-05 DIIS
   @DF-RHF iter   3:  -112.77092982152951   -2.07794e-07   3.65855e-06 DIIS
   @DF-RHF iter   4:  -112.77092982553815   -4.00864e-09   8.19549e-07 DIIS
   @DF-RHF iter   5:  -112.77092982600192   -4.63771e-10   3.24061e-07 DIIS
   @DF-RHF iter   6:  -112.77092982604175   -3.98330e-11   5.34236e-08 DIIS
   @DF-RHF iter   7:  -112.77092982604321   -1.46372e-12   5.41689e-09 DIIS
  Energy and wave function converged.


  ==> Post-Iterations <==

    Orbital Energies [Eh]
    ---------------------

    Doubly Occupied:                                                      

       1A1   -20.669327     2A1   -11.356259     3A1    -1.543959  
       4A1    -0.808936     1B2    -0.652084     1B1    -0.652084  
       5A1    -0.552973  

    Virtual:                                                              

       6A1     0.083505     2B1     0.086566     2B2     0.086566  
       7A1     0.112202     3B1     0.180122     3B2     0.180122  
       8A1     0.263161     4B1     0.300737     4B2     0.300737  
       9A1     0.361091    10A1     0.536076     5B2     0.711157  
       5B1     0.711157    11A1     0.870881    12A1     1.071243  
       6B1     1.258503     6B2     1.258503    13A1     1.290735  
       1A2     1.508654    14A1     1.508654    15A1     1.635683  
       7B2     1.702054     7B1     1.702054    16A1     2.407470  
       8B1     3.020825     8B2     3.020825     2A2     3.160732  
      17A1     3.160732    18A1     3.377293     9B1     3.770044  
       9B2     3.770044    19A1     4.107816    10B1     5.481078  
      10B2     5.481078    20A1     6.181608    21A1    24.988188  
      22A1    51.568577  

    Final Occupation by Irrep:
             A1    A2    B1    B2 
    DOCC [     5,    0,    1,    1 ]

  @DF-RHF Final Energy:  -112.77092982604321

   => Energetics <=

    Nuclear Repulsion Energy =             22.9818233927468150
    One-Electron Energy =                -199.0342640297011485
    Two-Electron Energy =                  63.2815108109111364
    Total Energy =                       -112.7709298260432149

Computation Completed


Properties will be evaluated at   0.000000,   0.000000,   0.000000 [a0]

Properties computed using the SCF density matrix

  Nuclear Dipole Moment: [e a0]
     X:     0.0000      Y:     0.0000      Z:     0.0023

  Electronic Dipole Moment: [e a0]
     X:     0.0000      Y:     0.0000      Z:    -0.0748

  Dipole Moment: [e a0]
     X:     0.0000      Y:     0.0000      Z:    -0.0726     Total:     0.0726

  Dipole Moment: [D]
     X:     0.0000      Y:     0.0000      Z:    -0.1844     Total:     0.1844


*** tstop() called on wanukaka at Thu Apr 14 12:54:28 2022
Module time:
	user time   =       2.78 seconds =       0.05 minutes
	system time =       0.11 seconds =       0.00 minutes
	total time  =          0 seconds =       0.00 minutes
Total time:
	user time   =    8717.52 seconds =     145.29 minutes
	system time =     388.62 seconds =       6.48 minutes
	total time  =       1012 seconds =      16.87 minutes

*** tstart() called on wanukaka
*** at Thu Apr 14 12:54:28 2022


         ------------------------------------------------------------
                                   SCF GRAD                          
                          Rob Parrish, Justin Turney,                
                       Andy Simmonett, and Alex Sokolov              
         ------------------------------------------------------------

  ==> Geometry <==

    Molecular point group: c2v
    Full point group: C_inf_v

    Geometry (in Angstrom), charge = 0, multiplicity = 1:

       Center              X                  Y                   Z               Mass       
    ------------   -----------------  -----------------  -----------------  -----------------
         C            0.000000000000     0.000000000000    -0.631481549715    12.000000000000
         O            0.000000000000     0.000000000000     0.473761740954    15.994914619570

  Nuclear repulsion =   22.981823392746815

  ==> Basis Set <==

  Basis Set: 6-311++G(D,P)
    Blend: 6-311++G(D,P)
    Number of shells: 20
    Number of basis function: 44
    Number of Cartesian functions: 46
    Spherical Harmonics?: true
    Max angular momentum: 2

  ==> DFJKGrad: Density-Fitted SCF Gradients <==

    Gradient:                    1
    J tasked:                  Yes
    K tasked:                  Yes
    wK tasked:                  No
    OpenMP threads:             10
    Integrals threads:          10
    Memory [MiB]:             5722
    Schwarz Cutoff:          0E+00
    Fitting Condition:       1E-10

   => Auxiliary Basis Set <=

  Basis Set: (6-311++G(D,P) AUX)
    Blend: AUG-CC-PVTZ-JKFIT
    Number of shells: 60
    Number of basis function: 208
    Number of Cartesian functions: 262
    Spherical Harmonics?: true
    Max angular momentum: 4


  -Total Gradient:
     Atom            X                  Y                   Z
    ------   -----------------  -----------------  -----------------
       1        0.000000000000    -0.000000000000     0.000318817345
       2        0.000000000000     0.000000000000    -0.000318817345


*** tstop() called on wanukaka at Thu Apr 14 12:54:28 2022
Module time:
	user time   =       4.35 seconds =       0.07 minutes
	system time =       0.17 seconds =       0.00 minutes
	total time  =          0 seconds =       0.00 minutes
Total time:
	user time   =    8721.88 seconds =     145.36 minutes
	system time =     388.79 seconds =       6.48 minutes
	total time  =       1012 seconds =      16.87 minutes

			-----------------------------------------
			 OPTKING 2.0: for geometry optimizations 
			  - R.A. King,  Bethel University        
			-----------------------------------------

	Previous internal coordinate definitions found.
	---Fragment 1 Geometry and Gradient---
	 C           0.0000000000        0.0000000000       -1.1933271822
	 O           0.0000000000        0.0000000000        0.8952799391
	             0.0000000000       -0.0000000000        0.0003188173
	             0.0000000000        0.0000000000       -0.0003188173

	---Fragment 1 Intrafragment Coordinates---
	 - Coordinate -           - BOHR/RAD -       - ANG/DEG -
	 R(1,2)           =         2.088607	       1.105243

	Current energy   :      -112.7709298260

	Energy change for the previous step:
		Projected    :        -0.0000073387
		Actual       :        -0.0000052330

	Performing BFGS update.
	Previous computed or guess Hessian on step 1.
	Steps to be used in Hessian update: 2 1
	Taking RFO optimization step.
	Going to follow RFO solution 1.
	Using RFO vector 1.
	Norm of target step-size    0.00022
	Projected energy change by RFO approximation:        -0.0000000463

	Back-transformation to cartesian coordinates...
	Successfully converged to displaced geometry.

	--- Internal Coordinate Step in ANG or DEG, aJ/ANG or AJ/DEG ---
	 ---------------------------------------------------------------------------
	   Coordinate                Previous        Force       Change         New 
	   ----------                --------       ------       ------       ------
	    1 R(1,2)          =      1.105243     0.002627     0.000119     1.105362
	 ---------------------------------------------------------------------------
	Successfully symmetrized geometry.

  ==> Convergence Check <==

  Measures of convergence in internal coordinates in au.
  Criteria marked as inactive (o), active & met (*), and active & unmet ( ).
  ---------------------------------------------------------------------------------------------
   Step     Total Energy     Delta E     MAX Force     RMS Force      MAX Disp      RMS Disp   
  ---------------------------------------------------------------------------------------------
    Convergence Criteria    1.00e-06 *    3.00e-04 *             o    1.20e-03 *             o
  ---------------------------------------------------------------------------------------------
      3    -112.77092983   -5.23e-06      3.19e-04      3.19e-04 o    2.24e-04 *    2.24e-04 o  ~
  ---------------------------------------------------------------------------------------------

	Writing optimization data to binary file.
	Structure for next step:
	Cartesian Geometry (in Angstrom)
	    C     0.0000000000   0.0000000000  -0.6315408441
	    O     0.0000000000   0.0000000000   0.4738210360
			--------------------------
			 OPTKING Finished Execution 
			--------------------------

    Structure for next step:
    Molecular point group: c2v
    Full point group: C_inf_v

    Geometry (in Angstrom), charge = 0, multiplicity = 1:

    C       
    O             1    1.105362

gradient() will perform analytic gradient computation.

*** tstart() called on wanukaka
*** at Thu Apr 14 12:54:28 2022

   => Loading Basis Set <=

    Name: 6-311++G(D,P)
    Role: ORBITAL
    Keyword: BASIS
    atoms 1 entry C          line   119 file /home/sulstice/software/miniconda2/envs/qmpython2/share/psi4/basis/6-311ppg_d_p_.gbs 
    atoms 2 entry O          line   161 file /home/sulstice/software/miniconda2/envs/qmpython2/share/psi4/basis/6-311ppg_d_p_.gbs 


         ---------------------------------------------------------
                                   SCF
               by Justin Turney, Rob Parrish, Andy Simmonett
                          and Daniel G. A. Smith
                              RHF Reference
                       10 Threads,   7629 MiB Core
         ---------------------------------------------------------

  ==> Geometry <==

    Molecular point group: c2v
    Full point group: C_inf_v

    Geometry (in Angstrom), charge = 0, multiplicity = 1:

       Center              X                  Y                   Z               Mass       
    ------------   -----------------  -----------------  -----------------  -----------------
         C            0.000000000000     0.000000000000    -0.631549308367    12.000000000000
         O            0.000000000000     0.000000000000     0.473812576100    15.994914619570

  Running in c2v symmetry.

  Rotational constants: A = ************  B =      2.01235  C =      2.01235 [cm^-1]
  Rotational constants: A = ************  B =  60328.73299  C =  60328.73299 [MHz]
  Nuclear repulsion =   22.979357682849912

  Charge       = 0
  Multiplicity = 1
  Electrons    = 14
  Nalpha       = 7
  Nbeta        = 7

  ==> Algorithm <==

  SCF Algorithm Type is DF.
  DIIS enabled.
  MOM disabled.
  Fractional occupation disabled.
  Guess Type is READ.
  Energy threshold   = 1.00e-08
  Density threshold  = 1.00e-08
  Integral threshold = 0.00e+00

  ==> Primary Basis <==

  Basis Set: 6-311++G(D,P)
    Blend: 6-311++G(D,P)
    Number of shells: 20
    Number of basis function: 44
    Number of Cartesian functions: 46
    Spherical Harmonics?: true
    Max angular momentum: 2

   => Loading Basis Set <=

    Name: (6-311++G(D,P) AUX)
    Role: JKFIT
    Keyword: DF_BASIS_SCF
    atoms 1 entry C          line   162 file /home/sulstice/software/miniconda2/envs/qmpython2/share/psi4/basis/aug-cc-pvtz-jkfit.gbs 
    atoms 2 entry O          line   286 file /home/sulstice/software/miniconda2/envs/qmpython2/share/psi4/basis/aug-cc-pvtz-jkfit.gbs 

   => Loading Basis Set <=

    Name: 6-311++G(D,P)
    Role: ORBITAL
    Keyword: BASIS
    atoms 1 entry C          line   119 file /home/sulstice/software/miniconda2/envs/qmpython2/share/psi4/basis/6-311ppg_d_p_.gbs 
    atoms 2 entry O          line   161 file /home/sulstice/software/miniconda2/envs/qmpython2/share/psi4/basis/6-311ppg_d_p_.gbs 

  Reading orbitals from file 180, no projection.

  ==> Pre-Iterations <==

   -------------------------------------------------------
    Irrep   Nso     Nmo     Nalpha   Nbeta   Ndocc  Nsocc
   -------------------------------------------------------
     A1        22      22       0       0       0       0
     A2         2       2       0       0       0       0
     B1        10      10       0       0       0       0
     B2        10      10       0       0       0       0
   -------------------------------------------------------
    Total      44      44       7       7       7       0
   -------------------------------------------------------

  ==> Integral Setup <==

  DFHelper Memory: AOs need 0.004 GiB; user supplied 5.588 GiB. Using in-core AOs.

  ==> MemDFJK: Density-Fitted J/K Matrices <==

    J tasked:                   Yes
    K tasked:                   Yes
    wK tasked:                   No
    OpenMP threads:              10
    Memory [MiB]:              5722
    Algorithm:                 Core
    Schwarz Cutoff:           1E-12
    Mask sparsity (%):       0.0000
    Fitting Condition:        1E-10

   => Auxiliary Basis Set <=

  Basis Set: (6-311++G(D,P) AUX)
    Blend: AUG-CC-PVTZ-JKFIT
    Number of shells: 60
    Number of basis function: 208
    Number of Cartesian functions: 262
    Spherical Harmonics?: true
    Max angular momentum: 4

  Minimum eigenvalue in the overlap matrix is 3.3957105085E-03.
  Using Symmetric Orthogonalization.

  SCF Guess: Orbitals guess was supplied from a previous computation.

  ==> Iterations <==

                           Total Energy        Delta E     RMS |[F,P]|

   @DF-RHF iter   0:  -112.77075575927402   -1.12771e+02   2.19925e-05 
   @DF-RHF iter   1:  -112.77092985579361   -1.74097e-04   3.31482e-06 DIIS
   @DF-RHF iter   2:  -112.77092985759933   -1.80572e-09   2.45510e-06 DIIS
   @DF-RHF iter   3:  -112.77092985890150   -1.30217e-09   2.89746e-07 DIIS
   @DF-RHF iter   4:  -112.77092985892668   -2.51816e-11   6.49008e-08 DIIS
   @DF-RHF iter   5:  -112.77092985892948   -2.79954e-12   2.56833e-08 DIIS
   @DF-RHF iter   6:  -112.77092985892982   -3.41061e-13   4.23114e-09 DIIS
  Energy and wave function converged.


  ==> Post-Iterations <==

    Orbital Energies [Eh]
    ---------------------

    Doubly Occupied:                                                      

       1A1   -20.669333     2A1   -11.356312     3A1    -1.543875  
       4A1    -0.808925     1B1    -0.652030     1B2    -0.652030  
       5A1    -0.552989  

    Virtual:                                                              

       6A1     0.083508     2B2     0.086555     2B1     0.086555  
       7A1     0.112198     3B1     0.180087     3B2     0.180087  
       8A1     0.263161     4B2     0.300735     4B1     0.300735  
       9A1     0.361097    10A1     0.536057     5B2     0.711143  
       5B1     0.711143    11A1     0.870816    12A1     1.071193  
       6B1     1.258521     6B2     1.258521    13A1     1.290610  
      14A1     1.508652     1A2     1.508652    15A1     1.635699  
       7B2     1.701965     7B1     1.701965    16A1     2.407276  
       8B1     3.020764     8B2     3.020764     2A2     3.160713  
      17A1     3.160713    18A1     3.377362     9B1     3.769929  
       9B2     3.769929    19A1     4.107695    10B1     5.481053  
      10B2     5.481053    20A1     6.181381    21A1    24.987964  
      22A1    51.568438  

    Final Occupation by Irrep:
             A1    A2    B1    B2 
    DOCC [     5,    0,    1,    1 ]

  @DF-RHF Final Energy:  -112.77092985892982

   => Energetics <=

    Nuclear Repulsion Energy =             22.9793576828499120
    One-Electron Energy =                -199.0295898873366980
    Two-Electron Energy =                  63.2793023455569639
    Total Energy =                       -112.7709298589298044

Computation Completed


Properties will be evaluated at   0.000000,   0.000000,   0.000000 [a0]

Properties computed using the SCF density matrix

  Nuclear Dipole Moment: [e a0]
     X:     0.0000      Y:     0.0000      Z:     0.0023

  Electronic Dipole Moment: [e a0]
     X:     0.0000      Y:     0.0000      Z:    -0.0751

  Dipole Moment: [e a0]
     X:     0.0000      Y:     0.0000      Z:    -0.0728     Total:     0.0728

  Dipole Moment: [D]
     X:     0.0000      Y:     0.0000      Z:    -0.1850     Total:     0.1850


*** tstop() called on wanukaka at Thu Apr 14 12:54:29 2022
Module time:
	user time   =       2.61 seconds =       0.04 minutes
	system time =       0.12 seconds =       0.00 minutes
	total time  =          1 seconds =       0.02 minutes
Total time:
	user time   =    8724.58 seconds =     145.41 minutes
	system time =     388.91 seconds =       6.48 minutes
	total time  =       1013 seconds =      16.88 minutes

*** tstart() called on wanukaka
*** at Thu Apr 14 12:54:29 2022


         ------------------------------------------------------------
                                   SCF GRAD                          
                          Rob Parrish, Justin Turney,                
                       Andy Simmonett, and Alex Sokolov              
         ------------------------------------------------------------

  ==> Geometry <==

    Molecular point group: c2v
    Full point group: C_inf_v

    Geometry (in Angstrom), charge = 0, multiplicity = 1:

       Center              X                  Y                   Z               Mass       
    ------------   -----------------  -----------------  -----------------  -----------------
         C            0.000000000000     0.000000000000    -0.631549308367    12.000000000000
         O            0.000000000000     0.000000000000     0.473812576100    15.994914619570

  Nuclear repulsion =   22.979357682849912

  ==> Basis Set <==

  Basis Set: 6-311++G(D,P)
    Blend: 6-311++G(D,P)
    Number of shells: 20
    Number of basis function: 44
    Number of Cartesian functions: 46
    Spherical Harmonics?: true
    Max angular momentum: 2

  ==> DFJKGrad: Density-Fitted SCF Gradients <==

    Gradient:                    1
    J tasked:                  Yes
    K tasked:                  Yes
    wK tasked:                  No
    OpenMP threads:             10
    Integrals threads:          10
    Memory [MiB]:             5722
    Schwarz Cutoff:          0E+00
    Fitting Condition:       1E-10

   => Auxiliary Basis Set <=

  Basis Set: (6-311++G(D,P) AUX)
    Blend: AUG-CC-PVTZ-JKFIT
    Number of shells: 60
    Number of basis function: 208
    Number of Cartesian functions: 262
    Spherical Harmonics?: true
    Max angular momentum: 4


  -Total Gradient:
     Atom            X                  Y                   Z
    ------   -----------------  -----------------  -----------------
       1        0.000000000000     0.000000000000    -0.000025167614
       2       -0.000000000000     0.000000000000     0.000025167613


*** tstop() called on wanukaka at Thu Apr 14 12:54:29 2022
Module time:
	user time   =       4.05 seconds =       0.07 minutes
	system time =       0.20 seconds =       0.00 minutes
	total time  =          0 seconds =       0.00 minutes
Total time:
	user time   =    8728.64 seconds =     145.48 minutes
	system time =     389.11 seconds =       6.49 minutes
	total time  =       1013 seconds =      16.88 minutes

			-----------------------------------------
			 OPTKING 2.0: for geometry optimizations 
			  - R.A. King,  Bethel University        
			-----------------------------------------

	Previous internal coordinate definitions found.
	---Fragment 1 Geometry and Gradient---
	 C           0.0000000000        0.0000000000       -1.1934552275
	 O           0.0000000000        0.0000000000        0.8953760036
	             0.0000000000        0.0000000000       -0.0000251676
	            -0.0000000000        0.0000000000        0.0000251676

	---Fragment 1 Intrafragment Coordinates---
	 - Coordinate -           - BOHR/RAD -       - ANG/DEG -
	 R(1,2)           =         2.088831	       1.105362

	Current energy   :      -112.7709298589

	Energy change for the previous step:
		Projected    :        -0.0000000463
		Actual       :        -0.0000000329

	Performing BFGS update.
	Previous computed or guess Hessian on step 1.
	Denominators (dg)(dq) or (dq)(dq) are very small.
	 Skipping Hessian update for step 3.
	Steps to be used in Hessian update: 2 1
	Taking RFO optimization step.
	Going to follow RFO solution 1.
	Using RFO vector 1.
	Norm of target step-size    0.00002
	Projected energy change by RFO approximation:        -0.0000000003

	Back-transformation to cartesian coordinates...
	Successfully converged to displaced geometry.

	--- Internal Coordinate Step in ANG or DEG, aJ/ANG or AJ/DEG ---
	 ---------------------------------------------------------------------------
	   Coordinate                Previous        Force       Change         New 
	   ----------                --------       ------       ------       ------
	    1 R(1,2)          =      1.105362    -0.000207    -0.000009     1.105353
	 ---------------------------------------------------------------------------
	Successfully symmetrized geometry.

  ==> Convergence Check <==

  Measures of convergence in internal coordinates in au.
  Criteria marked as inactive (o), active & met (*), and active & unmet ( ).
  ---------------------------------------------------------------------------------------------
   Step     Total Energy     Delta E     MAX Force     RMS Force      MAX Disp      RMS Disp   
  ---------------------------------------------------------------------------------------------
    Convergence Criteria    1.00e-06 *    3.00e-04 *             o    1.20e-03 *             o
  ---------------------------------------------------------------------------------------------
      4    -112.77092986   -3.29e-08 *    2.52e-05 *    2.52e-05 o    1.77e-05 *    1.77e-05 o  ~
  ---------------------------------------------------------------------------------------------


  **** Optimization is complete! (in 4 steps) ****

  ==> Optimization Summary <==

  Measures of convergence in internal coordinates in au.
  --------------------------------------------------------------------------------------------------------------- ~
   Step         Total Energy             Delta E       MAX Force       RMS Force        MAX Disp        RMS Disp  ~
  --------------------------------------------------------------------------------------------------------------- ~
      1    -112.769594060971   -112.769594060971      0.06085836      0.06085836      0.04017220      0.04017220  ~
      2    -112.770924593073     -0.001330532102      0.00400746      0.00400746      0.00283174      0.00283174  ~
      3    -112.770929826043     -0.000005232970      0.00031882      0.00031882      0.00022411      0.00022411  ~
      4    -112.770929858930     -0.000000032887      0.00002517      0.00002517      0.00001770      0.00001770  ~
  --------------------------------------------------------------------------------------------------------------- ~

	Writing optimization data to binary file.
	Final energy is   -112.7709298589298
	Final (previous) structure:
	Cartesian Geometry (in Angstrom)
	    C     0.0000000000   0.0000000000  -0.6315493059
	    O     0.0000000000   0.0000000000   0.4738125742
	Saving final (previous) structure.
			--------------------------
			 OPTKING Finished Execution 
			--------------------------

    Final optimized geometry and variables:
    Molecular point group: c2v
    Full point group: C_inf_v

    Geometry (in Angstrom), charge = 0, multiplicity = 1:

    C       
    O             1    1.105362

	Removing binary optimization data file.
	Cleaning optimization helper files.

*** tstart() called on wanukaka
*** at Thu Apr 14 12:54:29 2022

   => Loading Basis Set <=

    Name: 6-311++G(D,P)
    Role: ORBITAL
    Keyword: BASIS
    atoms 1 entry C          line   119 file /home/sulstice/software/miniconda2/envs/qmpython2/share/psi4/basis/6-311ppg_d_p_.gbs 
    atoms 2 entry O          line   161 file /home/sulstice/software/miniconda2/envs/qmpython2/share/psi4/basis/6-311ppg_d_p_.gbs 


         ---------------------------------------------------------
                                   SCF
               by Justin Turney, Rob Parrish, Andy Simmonett
                          and Daniel G. A. Smith
                              RHF Reference
                       10 Threads,   7629 MiB Core
         ---------------------------------------------------------

  ==> Geometry <==

    Molecular point group: c2v
    Full point group: C_inf_v

    Geometry (in Angstrom), charge = 0, multiplicity = 1:

       Center              X                  Y                   Z               Mass       
    ------------   -----------------  -----------------  -----------------  -----------------
         C            0.000000000000     0.000000000000    -0.631549308367    12.000000000000
         O            0.000000000000     0.000000000000     0.473812576100    15.994914619570

  Running in c2v symmetry.

  Rotational constants: A = ************  B =      2.01235  C =      2.01235 [cm^-1]
  Rotational constants: A = ************  B =  60328.73299  C =  60328.73299 [MHz]
  Nuclear repulsion =   22.979357682849912

  Charge       = 0
  Multiplicity = 1
  Electrons    = 14
  Nalpha       = 7
  Nbeta        = 7

  ==> Algorithm <==

  SCF Algorithm Type is DF.
  DIIS enabled.
  MOM disabled.
  Fractional occupation disabled.
  Guess Type is SAD.
  Energy threshold   = 1.00e-06
  Density threshold  = 1.00e-06
  Integral threshold = 0.00e+00

  ==> Primary Basis <==

  Basis Set: 6-311++G(D,P)
    Blend: 6-311++G(D,P)
    Number of shells: 20
    Number of basis function: 44
    Number of Cartesian functions: 46
    Spherical Harmonics?: true
    Max angular momentum: 2

   => Loading Basis Set <=

    Name: (6-311++G(D,P) AUX)
    Role: JKFIT
    Keyword: DF_BASIS_SCF
    atoms 1 entry C          line   162 file /home/sulstice/software/miniconda2/envs/qmpython2/share/psi4/basis/aug-cc-pvtz-jkfit.gbs 
    atoms 2 entry O          line   286 file /home/sulstice/software/miniconda2/envs/qmpython2/share/psi4/basis/aug-cc-pvtz-jkfit.gbs 

  ==> Pre-Iterations <==

   -------------------------------------------------------
    Irrep   Nso     Nmo     Nalpha   Nbeta   Ndocc  Nsocc
   -------------------------------------------------------
     A1        22      22       0       0       0       0
     A2         2       2       0       0       0       0
     B1        10      10       0       0       0       0
     B2        10      10       0       0       0       0
   -------------------------------------------------------
    Total      44      44       7       7       7       0
   -------------------------------------------------------

  ==> Integral Setup <==

  DFHelper Memory: AOs need 0.004 GiB; user supplied 5.588 GiB. Using in-core AOs.

  ==> MemDFJK: Density-Fitted J/K Matrices <==

    J tasked:                   Yes
    K tasked:                   Yes
    wK tasked:                   No
    OpenMP threads:              10
    Memory [MiB]:              5722
    Algorithm:                 Core
    Schwarz Cutoff:           1E-12
    Mask sparsity (%):       0.0000
    Fitting Condition:        1E-10

   => Auxiliary Basis Set <=

  Basis Set: (6-311++G(D,P) AUX)
    Blend: AUG-CC-PVTZ-JKFIT
    Number of shells: 60
    Number of basis function: 208
    Number of Cartesian functions: 262
    Spherical Harmonics?: true
    Max angular momentum: 4

  Minimum eigenvalue in the overlap matrix is 3.3957105085E-03.
  Using Symmetric Orthogonalization.

  SCF Guess: Superposition of Atomic Densities via on-the-fly atomic UHF.

  ==> Iterations <==

                           Total Energy        Delta E     RMS |[F,P]|

   @DF-RHF iter SAD:  -111.91232076848414   -1.11912e+02   0.00000e+00 
   @DF-RHF iter   1:  -112.74594199722014   -8.33621e-01   1.05447e-02 DIIS
   @DF-RHF iter   2:  -112.75541135643304   -9.46936e-03   8.22628e-03 DIIS
   @DF-RHF iter   3:  -112.77079878552566   -1.53874e-02   6.40991e-04 DIIS
   @DF-RHF iter   4:  -112.77092756344443   -1.28778e-04   6.61229e-05 DIIS
   @DF-RHF iter   5:  -112.77092977088108   -2.20744e-06   1.08261e-05 DIIS
   @DF-RHF iter   6:  -112.77092985718818   -8.63071e-08   1.58811e-06 DIIS
   @DF-RHF iter   7:  -112.77092985887198   -1.68380e-09   3.07782e-07 DIIS
  Energy and wave function converged.


  ==> Post-Iterations <==

    Orbital Energies [Eh]
    ---------------------

    Doubly Occupied:                                                      

       1A1   -20.669332     2A1   -11.356314     3A1    -1.543875  
       4A1    -0.808924     1B1    -0.652030     1B2    -0.652030  
       5A1    -0.552989  

    Virtual:                                                              

       6A1     0.083508     2B2     0.086554     2B1     0.086554  
       7A1     0.112198     3B1     0.180086     3B2     0.180086  
       8A1     0.263161     4B2     0.300735     4B1     0.300735  
       9A1     0.361097    10A1     0.536057     5B2     0.711142  
       5B1     0.711142    11A1     0.870815    12A1     1.071193  
       6B1     1.258521     6B2     1.258521    13A1     1.290610  
      14A1     1.508651     1A2     1.508651    15A1     1.635700  
       7B2     1.701964     7B1     1.701964    16A1     2.407275  
       8B1     3.020762     8B2     3.020762     2A2     3.160714  
      17A1     3.160714    18A1     3.377361     9B1     3.769929  
       9B2     3.769929    19A1     4.107695    10B1     5.481053  
      10B2     5.481053    20A1     6.181381    21A1    24.987962  
      22A1    51.568438  

    Final Occupation by Irrep:
             A1    A2    B1    B2 
    DOCC [     5,    0,    1,    1 ]

  @DF-RHF Final Energy:  -112.77092985887198

   => Energetics <=

    Nuclear Repulsion Energy =             22.9793576828499120
    One-Electron Energy =                -199.0295722866882215
    Two-Electron Energy =                  63.2792847449663185
    Total Energy =                       -112.7709298588719804

Computation Completed


Properties will be evaluated at   0.000000,   0.000000,   0.000000 [a0]

Properties computed using the SCF density matrix

  Nuclear Dipole Moment: [e a0]
     X:     0.0000      Y:     0.0000      Z:     0.0023

  Electronic Dipole Moment: [e a0]
     X:     0.0000      Y:     0.0000      Z:    -0.0751

  Dipole Moment: [e a0]
     X:     0.0000      Y:     0.0000      Z:    -0.0728     Total:     0.0728

  Dipole Moment: [D]
     X:     0.0000      Y:     0.0000      Z:    -0.1850     Total:     0.1850


*** tstop() called on wanukaka at Thu Apr 14 12:54:30 2022
Module time:
	user time   =       5.22 seconds =       0.09 minutes
	system time =       0.23 seconds =       0.00 minutes
	total time  =          1 seconds =       0.02 minutes
Total time:
	user time   =    8733.95 seconds =     145.57 minutes
	system time =     389.34 seconds =       6.49 minutes
	total time  =       1014 seconds =      16.90 minutes
hessian() using ref_gradient to assess stationary point.

  Based on options and gradient (rms=1.45E-05), recommend projecting translations and projecting rotations.
hessian() will perform analytic frequency computation.

*** tstart() called on wanukaka
*** at Thu Apr 14 12:54:30 2022

   => Loading Basis Set <=

    Name: 6-311++G(D,P)
    Role: ORBITAL
    Keyword: BASIS
    atoms 1 entry C          line   119 file /home/sulstice/software/miniconda2/envs/qmpython2/share/psi4/basis/6-311ppg_d_p_.gbs 
    atoms 2 entry O          line   161 file /home/sulstice/software/miniconda2/envs/qmpython2/share/psi4/basis/6-311ppg_d_p_.gbs 


         ---------------------------------------------------------
                                   SCF
               by Justin Turney, Rob Parrish, Andy Simmonett
                          and Daniel G. A. Smith
                              RHF Reference
                       10 Threads,   7629 MiB Core
         ---------------------------------------------------------

  ==> Geometry <==

    Molecular point group: c2v
    Full point group: C_inf_v

    Geometry (in Angstrom), charge = 0, multiplicity = 1:

       Center              X                  Y                   Z               Mass       
    ------------   -----------------  -----------------  -----------------  -----------------
         C            0.000000000000     0.000000000000    -0.631549308367    12.000000000000
         O            0.000000000000     0.000000000000     0.473812576100    15.994914619570

  Running in c2v symmetry.

  Rotational constants: A = ************  B =      2.01235  C =      2.01235 [cm^-1]
  Rotational constants: A = ************  B =  60328.73299  C =  60328.73299 [MHz]
  Nuclear repulsion =   22.979357682849912

  Charge       = 0
  Multiplicity = 1
  Electrons    = 14
  Nalpha       = 7
  Nbeta        = 7

  ==> Algorithm <==

  SCF Algorithm Type is DF.
  DIIS enabled.
  MOM disabled.
  Fractional occupation disabled.
  Guess Type is SAD.
  Energy threshold   = 1.00e-08
  Density threshold  = 1.00e-08
  Integral threshold = 0.00e+00

  ==> Primary Basis <==

  Basis Set: 6-311++G(D,P)
    Blend: 6-311++G(D,P)
    Number of shells: 20
    Number of basis function: 44
    Number of Cartesian functions: 46
    Spherical Harmonics?: true
    Max angular momentum: 2

   => Loading Basis Set <=

    Name: (6-311++G(D,P) AUX)
    Role: JKFIT
    Keyword: DF_BASIS_SCF
    atoms 1 entry C          line   162 file /home/sulstice/software/miniconda2/envs/qmpython2/share/psi4/basis/aug-cc-pvtz-jkfit.gbs 
    atoms 2 entry O          line   286 file /home/sulstice/software/miniconda2/envs/qmpython2/share/psi4/basis/aug-cc-pvtz-jkfit.gbs 

  ==> Pre-Iterations <==

   -------------------------------------------------------
    Irrep   Nso     Nmo     Nalpha   Nbeta   Ndocc  Nsocc
   -------------------------------------------------------
     A1        22      22       0       0       0       0
     A2         2       2       0       0       0       0
     B1        10      10       0       0       0       0
     B2        10      10       0       0       0       0
   -------------------------------------------------------
    Total      44      44       7       7       7       0
   -------------------------------------------------------

  ==> Integral Setup <==

  DFHelper Memory: AOs need 0.004 GiB; user supplied 5.588 GiB. Using in-core AOs.

  ==> MemDFJK: Density-Fitted J/K Matrices <==

    J tasked:                   Yes
    K tasked:                   Yes
    wK tasked:                   No
    OpenMP threads:              10
    Memory [MiB]:              5722
    Algorithm:                 Core
    Schwarz Cutoff:           1E-12
    Mask sparsity (%):       0.0000
    Fitting Condition:        1E-10

   => Auxiliary Basis Set <=

  Basis Set: (6-311++G(D,P) AUX)
    Blend: AUG-CC-PVTZ-JKFIT
    Number of shells: 60
    Number of basis function: 208
    Number of Cartesian functions: 262
    Spherical Harmonics?: true
    Max angular momentum: 4

  Minimum eigenvalue in the overlap matrix is 3.3957105085E-03.
  Using Symmetric Orthogonalization.

  SCF Guess: Superposition of Atomic Densities via on-the-fly atomic UHF.

  ==> Iterations <==

                           Total Energy        Delta E     RMS |[F,P]|

   @DF-RHF iter SAD:  -111.91232076848408   -1.11912e+02   0.00000e+00 
   @DF-RHF iter   1:  -112.74594199722014   -8.33621e-01   1.05447e-02 DIIS
   @DF-RHF iter   2:  -112.75541135643306   -9.46936e-03   8.22628e-03 DIIS
   @DF-RHF iter   3:  -112.77079878552563   -1.53874e-02   6.40991e-04 DIIS
   @DF-RHF iter   4:  -112.77092756344432   -1.28778e-04   6.61229e-05 DIIS
   @DF-RHF iter   5:  -112.77092977088104   -2.20744e-06   1.08261e-05 DIIS
   @DF-RHF iter   6:  -112.77092985718819   -8.63072e-08   1.58811e-06 DIIS
   @DF-RHF iter   7:  -112.77092985887191   -1.68372e-09   3.07782e-07 DIIS
   @DF-RHF iter   8:  -112.77092985892536   -5.34470e-11   9.28672e-08 DIIS
   @DF-RHF iter   9:  -112.77092985892969   -4.33431e-12   2.10194e-08 DIIS
   @DF-RHF iter  10:  -112.77092985892978   -8.52651e-14   2.42331e-09 DIIS
  Energy and wave function converged.


  ==> Post-Iterations <==

    Orbital Energies [Eh]
    ---------------------

    Doubly Occupied:                                                      

       1A1   -20.669333     2A1   -11.356312     3A1    -1.543875  
       4A1    -0.808925     1B1    -0.652030     1B2    -0.652030  
       5A1    -0.552989  

    Virtual:                                                              

       6A1     0.083508     2B2     0.086555     2B1     0.086555  
       7A1     0.112198     3B1     0.180087     3B2     0.180087  
       8A1     0.263161     4B2     0.300735     4B1     0.300735  
       9A1     0.361097    10A1     0.536057     5B2     0.711143  
       5B1     0.711143    11A1     0.870816    12A1     1.071193  
       6B1     1.258521     6B2     1.258521    13A1     1.290610  
      14A1     1.508652     1A2     1.508652    15A1     1.635699  
       7B2     1.701965     7B1     1.701965    16A1     2.407276  
       8B1     3.020764     8B2     3.020764     2A2     3.160713  
      17A1     3.160713    18A1     3.377362     9B1     3.769929  
       9B2     3.769929    19A1     4.107695    10B1     5.481053  
      10B2     5.481053    20A1     6.181381    21A1    24.987964  
      22A1    51.568438  

    Final Occupation by Irrep:
             A1    A2    B1    B2 
    DOCC [     5,    0,    1,    1 ]

  @DF-RHF Final Energy:  -112.77092985892978

   => Energetics <=

    Nuclear Repulsion Energy =             22.9793576828499120
    One-Electron Energy =                -199.0295898102432091
    Two-Electron Energy =                  63.2793022684635105
    Total Energy =                       -112.7709298589297759

Computation Completed


Properties will be evaluated at   0.000000,   0.000000,   0.000000 [a0]

Properties computed using the SCF density matrix

  Nuclear Dipole Moment: [e a0]
     X:     0.0000      Y:     0.0000      Z:     0.0023

  Electronic Dipole Moment: [e a0]
     X:     0.0000      Y:     0.0000      Z:    -0.0751

  Dipole Moment: [e a0]
     X:     0.0000      Y:     0.0000      Z:    -0.0728     Total:     0.0728

  Dipole Moment: [D]
     X:     0.0000      Y:     0.0000      Z:    -0.1850     Total:     0.1850


*** tstop() called on wanukaka at Thu Apr 14 12:54:30 2022
Module time:
	user time   =       5.88 seconds =       0.10 minutes
	system time =       0.20 seconds =       0.00 minutes
	total time  =          0 seconds =       0.00 minutes
Total time:
	user time   =    8739.97 seconds =     145.67 minutes
	system time =     389.54 seconds =       6.49 minutes
	total time  =       1014 seconds =      16.90 minutes

*** tstart() called on wanukaka
*** at Thu Apr 14 12:54:30 2022


         ------------------------------------------------------------
                                   SCF HESS                          
                          Rob Parrish, Justin Turney,                
                       Andy Simmonett, and Alex Sokolov              
         ------------------------------------------------------------

  ==> Geometry <==

    Molecular point group: c2v
    Full point group: C_inf_v

    Geometry (in Angstrom), charge = 0, multiplicity = 1:

       Center              X                  Y                   Z               Mass       
    ------------   -----------------  -----------------  -----------------  -----------------
         C            0.000000000000     0.000000000000    -0.631549308367    12.000000000000
         O            0.000000000000     0.000000000000     0.473812576100    15.994914619570

  Nuclear repulsion =   22.979357682849912

  ==> Basis Set <==

  Basis Set: 6-311++G(D,P)
    Blend: 6-311++G(D,P)
    Number of shells: 20
    Number of basis function: 44
    Number of Cartesian functions: 46
    Spherical Harmonics?: true
    Max angular momentum: 2

  ==> DFJKGrad: Density-Fitted SCF Gradients <==

    Gradient:                    2
    J tasked:                  Yes
    K tasked:                  Yes
    wK tasked:                  No
    OpenMP threads:             10
    Integrals threads:          10
    Memory [MiB]:             5722
    Schwarz Cutoff:          0E+00
    Fitting Condition:       1E-10

   => Auxiliary Basis Set <=

  Basis Set: (6-311++G(D,P) AUX)
    Blend: AUG-CC-PVTZ-JKFIT
    Number of shells: 60
    Number of basis function: 208
    Number of Cartesian functions: 262
    Spherical Harmonics?: true
    Max angular momentum: 4

  DFHelper Memory: AOs need 0.004 GiB; user supplied 6.706 GiB. Using in-core AOs.

  ==> MemDFJK: Density-Fitted J/K Matrices <==

    J tasked:                   Yes
    K tasked:                   Yes
    wK tasked:                   No
    OpenMP threads:              10
    Memory [MiB]:              6866
    Algorithm:                 Core
    Schwarz Cutoff:           1E-12
    Mask sparsity (%):       0.0000
    Fitting Condition:        1E-10

   => Auxiliary Basis Set <=

  Basis Set: (6-311++G(D,P) AUX)
    Blend: AUG-CC-PVTZ-JKFIT
    Number of shells: 60
    Number of basis function: 208
    Number of Cartesian functions: 262
    Spherical Harmonics?: true
    Max angular momentum: 4


         ------------------------------------------------------------
                                     CPHF                           
                                  Rob Parrish                       
         ------------------------------------------------------------

  ==> Geometry <==

    Molecular point group: c2v
    Full point group: C_inf_v

    Geometry (in Angstrom), charge = 0, multiplicity = 1:

       Center              X                  Y                   Z               Mass       
    ------------   -----------------  -----------------  -----------------  -----------------
         C            0.000000000000     0.000000000000    -0.631549308367    12.000000000000
         O            0.000000000000     0.000000000000     0.473812576100    15.994914619570

  Nuclear repulsion =   22.979357682849912
  Reference energy  = -112.770929858929776

  ==> Basis Set <==

  Basis Set: 6-311++G(D,P)
    Blend: 6-311++G(D,P)
    Number of shells: 20
    Number of basis function: 44
    Number of Cartesian functions: 46
    Spherical Harmonics?: true
    Max angular momentum: 2

  ==> CGRSolver (by Rob Parrish) <==

   Number of roots    =         6
   Preconditioning    =    JACOBI
   Convergence cutoff =     1E-06
   Maximum iterations =       100

  ==> CPHFRHamiltonian (by Rob Parrish) <== 

  ==> MemDFJK: Density-Fitted J/K Matrices <==

    J tasked:                   Yes
    K tasked:                   Yes
    wK tasked:                   No
    OpenMP threads:              10
    Memory [MiB]:              6866
    Algorithm:                 Core
    Schwarz Cutoff:           1E-12
    Mask sparsity (%):       0.0000
    Fitting Condition:        1E-10

   => Auxiliary Basis Set <=

  Basis Set: (6-311++G(D,P) AUX)
    Blend: AUG-CC-PVTZ-JKFIT
    Number of shells: 60
    Number of basis function: 208
    Number of Cartesian functions: 262
    Spherical Harmonics?: true
    Max angular momentum: 4

  ==> CPHF Iterations <==

  => Iterations <=

             Iter  Converged  Remaining    Residual
  CGR           1          0          6   8.892E-02
  CGR           2          0          6   2.651E-02
  CGR           3          0          6   4.251E-03
  CGR           4          0          6   7.065E-04
  CGR           5          0          6   1.048E-04
  CGR           6          0          6   2.012E-05
  CGR           7          0          6   2.063E-06
  CGR           8          6          0   1.983E-07

    CGRSolver converged.


*** tstop() called on wanukaka at Thu Apr 14 12:54:54 2022
Module time:
	user time   =     216.69 seconds =       3.61 minutes
	system time =       5.22 seconds =       0.09 minutes
	total time  =         24 seconds =       0.40 minutes
Total time:
	user time   =    8956.67 seconds =     149.28 minutes
	system time =     394.76 seconds =       6.58 minutes
	total time  =       1038 seconds =      17.30 minutes


  ==> Harmonic Vibrational Analysis <==

  non-mass-weighted Hessian:       Symmetric? True   Hermitian? True   Lin Dep Dim?  0 (0)
  projection of translations (True) and rotations (True) removed 5 degrees of freedom (5)
  total projector:                 Symmetric? True   Hermitian? True   Lin Dep Dim?  5 (5)
  mass-weighted Hessian:           Symmetric? True   Hermitian? True   Lin Dep Dim?  0 (0)
  pre-proj  low-frequency mode:    0.0112  [cm^-1]
  pre-proj  low-frequency mode:    0.0138  [cm^-1]
  pre-proj  low-frequency mode:    0.0173  [cm^-1]
  pre-proj  low-frequency mode:    6.8145  [cm^-1]
  pre-proj  low-frequency mode:    6.8145  [cm^-1]
  pre-proj  all modes:['0.0112' '0.0138' '0.0173' '6.8145' '6.8145' '2431.7370']
  projected mass-weighted Hessian: Symmetric? True   Hermitian? True   Lin Dep Dim?  5 (5)
  post-proj low-frequency mode:    0.0000i [cm^-1] (TR)
  post-proj low-frequency mode:    0.0000i [cm^-1] (TR)
  post-proj low-frequency mode:    0.0000  [cm^-1] (TR)
  post-proj low-frequency mode:    0.0000  [cm^-1] (TR)
  post-proj low-frequency mode:    0.0000  [cm^-1] (TR)
  post-proj  all modes:['0.0000i' '0.0000i' '0.0000' '0.0000' '0.0000' '2431.7370']

  Vibration                       6           
  Freq [cm^-1]                2431.7370       
  Irrep                           A1          
  Reduced mass [u]             13.4388        
  Force const [mDyne/A]        46.8212        
  Turning point v=0 [a0]        0.0607        
  RMS dev v=0 [a0 u^1/2]        0.1573        
  IR activ [km/mol]            163.4416       
  Char temp [K]               3498.7282       
  ----------------------------------------------------------------------------------
      1   C                0.00 -0.00  0.80   
      2   O               -0.00 -0.00 -0.60   

  ==> Thermochemistry Components <==

  Entropy, S
    Electronic S            0.000 [cal/(mol K)]        0.000 [J/(mol K)]       0.00000000 [mEh/K] (multiplicity = 1)
    Translational S        35.923 [cal/(mol K)]      150.302 [J/(mol K)]       0.05724692 [mEh/K] (mol. weight = 27.9949 [u], P = 101325.00 [Pa])
    Rotational S           11.197 [cal/(mol K)]       46.848 [J/(mol K)]       0.01784339 [mEh/K] (symmetry no. = 1)
    Vibrational S           0.000 [cal/(mol K)]        0.001 [J/(mol K)]       0.00000032 [mEh/K]
  Total S                  47.120 [cal/(mol K)]      197.150 [J/(mol K)]       0.07509064 [mEh/K]
  Correction S              0.000 [cal/(mol K)]        0.000 [J/(mol K)]       0.00000000 [mEh/K]

  Constant volume heat capacity, Cv
    Electronic Cv           0.000 [cal/(mol K)]        0.000 [J/(mol K)]       0.00000000 [mEh/K]
    Translational Cv        2.981 [cal/(mol K)]       12.472 [J/(mol K)]       0.00475022 [mEh/K]
    Rotational Cv           1.987 [cal/(mol K)]        8.314 [J/(mol K)]       0.00316681 [mEh/K]
    Vibrational Cv          0.002 [cal/(mol K)]        0.009 [J/(mol K)]       0.00000349 [mEh/K]
  Total Cv                  4.970 [cal/(mol K)]       20.795 [J/(mol K)]       0.00792052 [mEh/K]
  Correction Cv             0.000 [cal/(mol K)]        0.000 [J/(mol K)]       0.00000000 [mEh/K]

  Constant pressure heat capacity, Cp
    Electronic Cp           0.000 [cal/(mol K)]        0.000 [J/(mol K)]       0.00000000 [mEh/K]
    Translational Cp        4.968 [cal/(mol K)]       20.786 [J/(mol K)]       0.00791703 [mEh/K]
    Rotational Cp           1.987 [cal/(mol K)]        8.314 [J/(mol K)]       0.00316681 [mEh/K]
    Vibrational Cp          0.002 [cal/(mol K)]        0.009 [J/(mol K)]       0.00000349 [mEh/K]
  Total Cp                  6.957 [cal/(mol K)]       29.110 [J/(mol K)]       0.01108733 [mEh/K]
  Correction Cp             0.000 [cal/(mol K)]        0.000 [J/(mol K)]       0.00000000 [mEh/K]

  ==> Thermochemistry Energy Analysis <==

  Raw electronic energy, E0
  Total E0, Electronic energy at well bottom at 0 [K]                 -112.77092986 [Eh]

  Zero-point energy, ZPE_vib = Sum_i nu_i / 2
    Electronic ZPE          0.000 [kcal/mol]        0.000 [kJ/mol]       0.00000000 [Eh]
    Translational ZPE       0.000 [kcal/mol]        0.000 [kJ/mol]       0.00000000 [Eh]
    Rotational ZPE          0.000 [kcal/mol]        0.000 [kJ/mol]       0.00000000 [Eh]
    Vibrational ZPE         3.476 [kcal/mol]       14.545 [kJ/mol]       0.00553990 [Eh]        1215.869 [cm^-1]
  Correction ZPE            3.476 [kcal/mol]       14.545 [kJ/mol]       0.00553990 [Eh]        1215.869 [cm^-1]
  Total ZPE, Electronic energy at 0 [K]                               -112.76538995 [Eh]

  Thermal Energy, E (includes ZPE)
    Electronic E            0.000 [kcal/mol]        0.000 [kJ/mol]       0.00000000 [Eh]
    Translational E         0.889 [kcal/mol]        3.718 [kJ/mol]       0.00141628 [Eh]
    Rotational E            0.592 [kcal/mol]        2.479 [kJ/mol]       0.00094418 [Eh]
    Vibrational E           3.476 [kcal/mol]       14.545 [kJ/mol]       0.00553999 [Eh]
  Correction E              4.958 [kcal/mol]       20.743 [kJ/mol]       0.00790045 [Eh]
  Total E, Electronic energy at  298.15 [K]                           -112.76302940 [Eh]

  Enthalpy, H_trans = E_trans + k_B * T
    Electronic H            0.000 [kcal/mol]        0.000 [kJ/mol]       0.00000000 [Eh]
    Translational H         1.481 [kcal/mol]        6.197 [kJ/mol]       0.00236046 [Eh]
    Rotational H            0.592 [kcal/mol]        2.479 [kJ/mol]       0.00094418 [Eh]
    Vibrational H           3.476 [kcal/mol]       14.545 [kJ/mol]       0.00553999 [Eh]
  Correction H              5.550 [kcal/mol]       23.222 [kJ/mol]       0.00884464 [Eh]
  Total H, Enthalpy at  298.15 [K]                                    -112.76208522 [Eh]

  Gibbs free energy, G = H - T * S
    Electronic G            0.000 [kcal/mol]        0.000 [kJ/mol]       0.00000000 [Eh]
    Translational G        -9.229 [kcal/mol]      -38.615 [kJ/mol]      -0.01470771 [Eh]
    Rotational G           -2.746 [kcal/mol]      -11.489 [kJ/mol]      -0.00437582 [Eh]
    Vibrational G           3.476 [kcal/mol]       14.545 [kJ/mol]       0.00553990 [Eh]
  Correction G             -8.499 [kcal/mol]      -35.559 [kJ/mol]      -0.01354363 [Eh]
  Total G, Free enthalpy at  298.15 [K]                               -112.78447349 [Eh]
