gradient() will perform analytic gradient computation.

*** tstart() called on wanukaka
*** at Thu Apr 14 13:06:39 2022

   => Loading Basis Set <=

    Name: 6-31++G(D,P)
    Role: ORBITAL
    Keyword: BASIS
    atoms 1-2 entry C          line   115 file /home/sulstice/software/miniconda2/envs/qmpython2/share/psi4/basis/6-31ppg_d_p_.gbs 
    atoms 3-4 entry H          line    46 file /home/sulstice/software/miniconda2/envs/qmpython2/share/psi4/basis/6-31ppg_d_p_.gbs 


         ---------------------------------------------------------
                                   SCF
               by Justin Turney, Rob Parrish, Andy Simmonett
                          and Daniel G. A. Smith
                              RHF Reference
                       10 Threads,   7629 MiB Core
         ---------------------------------------------------------

  ==> Geometry <==

    Molecular point group: d2h
    Full point group: D_inf_h

    Geometry (in Angstrom), charge = 0, multiplicity = 1:

       Center              X                  Y                   Z               Mass       
    ------------   -----------------  -----------------  -----------------  -----------------
         C           -0.600155000000    -0.000000000000     0.000000000000    12.000000000000
         C            0.600155000000     0.000000000000     0.000000000000    12.000000000000
         H           -1.665935000000    -0.000000000000     0.000000000000     1.007825032230
         H            1.665935000000     0.000000000000     0.000000000000     1.007825032230

  Running in d2h symmetry.

  Rotational constants: A = ************  B =      1.18394  C =      1.18394 [cm^-1]
  Rotational constants: A = ************  B =  35493.64415  C =  35493.64415 [MHz]
  Nuclear repulsion =   24.790474845202418

  Charge       = 0
  Multiplicity = 1
  Electrons    = 14
  Nalpha       = 7
  Nbeta        = 7

  ==> Algorithm <==

  SCF Algorithm Type is DF.
  DIIS enabled.
  MOM disabled.
  Fractional occupation disabled.
  Guess Type is SAD.
  Energy threshold   = 1.00e-08
  Density threshold  = 1.00e-08
  Integral threshold = 0.00e+00

  ==> Primary Basis <==

  Basis Set: 6-31++G(D,P)
    Blend: 6-31++G(D,P)
    Number of shells: 24
    Number of basis function: 50
    Number of Cartesian functions: 50
    Spherical Harmonics?: false
    Max angular momentum: 2

   => Loading Basis Set <=

    Name: (6-31++G(D,P) AUX)
    Role: JKFIT
    Keyword: DF_BASIS_SCF
    atoms 1-2 entry C          line   154 file /home/sulstice/software/miniconda2/envs/qmpython2/share/psi4/basis/aug-cc-pvdz-jkfit.gbs 
    atoms 3-4 entry H          line    70 file /home/sulstice/software/miniconda2/envs/qmpython2/share/psi4/basis/aug-cc-pvdz-jkfit.gbs 

  ==> Pre-Iterations <==

   -------------------------------------------------------
    Irrep   Nso     Nmo     Nalpha   Nbeta   Ndocc  Nsocc
   -------------------------------------------------------
     Ag        14      14       0       0       0       0
     B1g        5       5       0       0       0       0
     B2g        5       5       0       0       0       0
     B3g        1       1       0       0       0       0
     Au         1       1       0       0       0       0
     B1u        5       5       0       0       0       0
     B2u        5       5       0       0       0       0
     B3u       14      14       0       0       0       0
   -------------------------------------------------------
    Total      50      50       7       7       7       0
   -------------------------------------------------------

  ==> Integral Setup <==

  DFHelper Memory: AOs need 0.006 GiB; user supplied 5.588 GiB. Using in-core AOs.

  ==> MemDFJK: Density-Fitted J/K Matrices <==

    J tasked:                   Yes
    K tasked:                   Yes
    wK tasked:                   No
    OpenMP threads:              10
    Memory [MiB]:              5722
    Algorithm:                 Core
    Schwarz Cutoff:           1E-12
    Mask sparsity (%):       0.0000
    Fitting Condition:        1E-10

   => Auxiliary Basis Set <=

  Basis Set: (6-31++G(D,P) AUX)
    Blend: AUG-CC-PVDZ-JKFIT
    Number of shells: 80
    Number of basis function: 272
    Number of Cartesian functions: 272
    Spherical Harmonics?: false
    Max angular momentum: 3

  Minimum eigenvalue in the overlap matrix is 2.8854012683E-05.
  Using Symmetric Orthogonalization.

  SCF Guess: Superposition of Atomic Densities via on-the-fly atomic UHF.

  ==> Iterations <==

                           Total Energy        Delta E     RMS |[F,P]|

   @DF-RHF iter SAD:   -75.87830648768748   -7.58783e+01   0.00000e+00 
   @DF-RHF iter   1:   -76.77917991800766   -9.00873e-01   1.28759e-02 DIIS
   @DF-RHF iter   2:   -76.82172948613987   -4.25496e-02   4.39486e-03 DIIS
   @DF-RHF iter   3:   -76.82664882465278   -4.91934e-03   4.77872e-04 DIIS
   @DF-RHF iter   4:   -76.82676374796505   -1.14923e-04   4.86164e-05 DIIS
   @DF-RHF iter   5:   -76.82676509892585   -1.35096e-06   1.01429e-05 DIIS
   @DF-RHF iter   6:   -76.82676517001889   -7.10930e-08   1.60848e-06 DIIS
   @DF-RHF iter   7:   -76.82676517175679   -1.73790e-09   2.40818e-07 DIIS
   @DF-RHF iter   8:   -76.82676517179355   -3.67635e-11   1.52706e-08 DIIS
   @DF-RHF iter   9:   -76.82676517179365   -9.94760e-14   1.50615e-09 DIIS
  Energy and wave function converged.


  ==> Post-Iterations <==

    Orbital Energies [Eh]
    ---------------------

    Doubly Occupied:                                                      

       1Ag   -11.251708     1B3u  -11.247956     2Ag    -1.032622  
       2B3u   -0.766476     3Ag    -0.679194     1B1u   -0.410337  
       1B2u   -0.410337  

    Virtual:                                                              

       4Ag     0.044330     3B3u    0.051102     1B2g    0.114234  
       1B1g    0.114234     2B2u    0.133696     2B1u    0.133696  
       5Ag     0.155449     4B3u    0.179376     6Ag     0.210646  
       5B3u    0.235387     2B1g    0.265511     2B2g    0.265511  
       6B3u    0.382638     7Ag     0.436260     7B3u    0.791657  
       3B2u    0.873567     3B1u    0.873567     8Ag     0.910931  
       3B1g    0.983101     3B2g    0.983101     8B3u    1.084449  
       9Ag     1.131078    10Ag     1.377756     9B3u    1.630241  
       4B1u    1.644529     4B2u    1.644529    10B3u    1.702208  
      11Ag     1.805365     1B3g    1.805365     4B1g    2.231473  
       4B2g    2.231473    11B3u    2.241718     1Au     2.241718  
      12Ag     2.690818     5B2u    2.691334     5B1u    2.691334  
      12B3u    3.173883     5B2g    3.375043     5B1g    3.375043  
      13Ag     3.805164    13B3u    4.256414    14Ag     5.071306  
      14B3u    5.812309  

    Final Occupation by Irrep:
             Ag   B1g   B2g   B3g    Au   B1u   B2u   B3u 
    DOCC [     3,    0,    0,    0,    0,    1,    1,    2 ]

  @DF-RHF Final Energy:   -76.82676517179365

   => Energetics <=

    Nuclear Repulsion Energy =             24.7904748452024180
    One-Electron Energy =                -151.6372235867996210
    Two-Electron Energy =                  50.0199835698035287
    Total Energy =                        -76.8267651717936673

Computation Completed


Properties will be evaluated at   0.000000,   0.000000,   0.000000 [a0]

Properties computed using the SCF density matrix

  Nuclear Dipole Moment: [e a0]
     X:     0.0000      Y:     0.0000      Z:     0.0000

  Electronic Dipole Moment: [e a0]
     X:     0.0000      Y:     0.0000      Z:     0.0000

  Dipole Moment: [e a0]
     X:     0.0000      Y:     0.0000      Z:     0.0000     Total:     0.0000

  Dipole Moment: [D]
     X:     0.0000      Y:     0.0000      Z:     0.0000     Total:     0.0000


*** tstop() called on wanukaka at Thu Apr 14 13:06:40 2022
Module time:
	user time   =       5.26 seconds =       0.09 minutes
	system time =       0.19 seconds =       0.00 minutes
	total time  =          1 seconds =       0.02 minutes
Total time:
	user time   =   15033.61 seconds =     250.56 minutes
	system time =     651.29 seconds =      10.85 minutes
	total time  =       1744 seconds =      29.07 minutes

*** tstart() called on wanukaka
*** at Thu Apr 14 13:06:40 2022


         ------------------------------------------------------------
                                   SCF GRAD                          
                          Rob Parrish, Justin Turney,                
                       Andy Simmonett, and Alex Sokolov              
         ------------------------------------------------------------

  ==> Geometry <==

    Molecular point group: d2h
    Full point group: D_inf_h

    Geometry (in Angstrom), charge = 0, multiplicity = 1:

       Center              X                  Y                   Z               Mass       
    ------------   -----------------  -----------------  -----------------  -----------------
         C           -0.600155000000    -0.000000000000     0.000000000000    12.000000000000
         C            0.600155000000     0.000000000000     0.000000000000    12.000000000000
         H           -1.665935000000    -0.000000000000     0.000000000000     1.007825032230
         H            1.665935000000     0.000000000000     0.000000000000     1.007825032230

  Nuclear repulsion =   24.790474845202418

  ==> Basis Set <==

  Basis Set: 6-31++G(D,P)
    Blend: 6-31++G(D,P)
    Number of shells: 24
    Number of basis function: 50
    Number of Cartesian functions: 50
    Spherical Harmonics?: false
    Max angular momentum: 2

  ==> DFJKGrad: Density-Fitted SCF Gradients <==

    Gradient:                    1
    J tasked:                  Yes
    K tasked:                  Yes
    wK tasked:                  No
    OpenMP threads:             10
    Integrals threads:          10
    Memory [MiB]:             5722
    Schwarz Cutoff:          0E+00
    Fitting Condition:       1E-10

   => Auxiliary Basis Set <=

  Basis Set: (6-31++G(D,P) AUX)
    Blend: AUG-CC-PVDZ-JKFIT
    Number of shells: 80
    Number of basis function: 272
    Number of Cartesian functions: 272
    Spherical Harmonics?: false
    Max angular momentum: 3


  -Total Gradient:
     Atom            X                  Y                   Z
    ------   -----------------  -----------------  -----------------
       1       -0.019889610996    -0.000000000000     0.000000000000
       2        0.019889610996     0.000000000000     0.000000000000
       3       -0.006997711345    -0.000000000000     0.000000000000
       4        0.006997711345     0.000000000000     0.000000000000


*** tstop() called on wanukaka at Thu Apr 14 13:06:41 2022
Module time:
	user time   =       4.41 seconds =       0.07 minutes
	system time =       0.14 seconds =       0.00 minutes
	total time  =          1 seconds =       0.02 minutes
Total time:
	user time   =   15038.04 seconds =     250.63 minutes
	system time =     651.43 seconds =      10.86 minutes
	total time  =       1745 seconds =      29.08 minutes

			-----------------------------------------
			 OPTKING 2.0: for geometry optimizations 
			  - R.A. King,  Bethel University        
			-----------------------------------------

	Internal coordinates to be generated automatically.
	Detected frag 1 with atoms:  1 2 3 4
	---Fragment 1 Bond Connectivity---
	 1 : 2 3
	 2 : 1 4
	 3 : 1
	 4 : 2

	---Fragment 1 Geometry and Gradient---
	 C          -1.1341285828       -0.0000000000        0.0000000000
	 C           1.1341285828        0.0000000000        0.0000000000
	 H          -3.1481608928       -0.0000000000        0.0000000000
	 H           3.1481608928        0.0000000000        0.0000000000
	            -0.0198896110       -0.0000000000        0.0000000000
	             0.0198896110        0.0000000000        0.0000000000
	            -0.0069977113       -0.0000000000        0.0000000000
	             0.0069977113        0.0000000000        0.0000000000

	Previous optimization step data not found.  Starting new optimization.

	---Fragment 1 Intrafragment Coordinates---
	 - Coordinate -           - BOHR/RAD -       - ANG/DEG -
	 R(1,2)           =         2.268257	       1.200310
	 R(1,3)           =         2.014032	       1.065780
	 R(2,4)           =         2.014032	       1.065780
	 L(1,2,4)         =         3.141593	     180.000000
	 l(1,2,4)         =         3.141593	     180.000000
	 L(2,1,3)         =         3.141593	     180.000000
	 l(2,1,3)         =         3.141593	     180.000000

	Current energy   :       -76.8267651718

	Generating empirical Hessian (Schlegel '84) for each fragment.
	Taking RFO optimization step.
	Going to follow RFO solution 1.
	Using RFO vector 1.
	Norm of target step-size    0.03663
	Projected energy change by RFO approximation:        -0.0009474492

	Back-transformation to cartesian coordinates...
	Successfully converged to displaced geometry.

	--- Internal Coordinate Step in ANG or DEG, aJ/ANG or AJ/DEG ---
	 ---------------------------------------------------------------------------
	   Coordinate                Previous        Force       Change         New 
	   ----------                --------       ------       ------       ------
	    1 R(1,2)          =      1.200310    -0.221517    -0.013581     1.186729
	    2 R(1,3)          =      1.065780    -0.057652    -0.009780     1.056000
	    3 R(2,4)          =      1.065780    -0.057652    -0.009780     1.056000
	    4 L(1,2,4)        =    180.000000    -0.000000     0.000000   180.000000
	    5 l(1,2,4)        =    180.000000     0.000000     0.000000   180.000000
	    6 L(2,1,3)        =    180.000000    -0.000000     0.000000   180.000000
	    7 l(2,1,3)        =    180.000000    -0.000000     0.000000   180.000000
	 ---------------------------------------------------------------------------
	Successfully symmetrized geometry.

  ==> Convergence Check <==

  Measures of convergence in internal coordinates in au.
  Criteria marked as inactive (o), active & met (*), and active & unmet ( ).
  --------------------------------------------------------------------------------------------- ~
   Step     Total Energy     Delta E     MAX Force     RMS Force      MAX Disp      RMS Disp    ~
  --------------------------------------------------------------------------------------------- ~
    Convergence Criteria    1.00e-06 *    3.00e-04 *             o    1.20e-03 *             o  ~
  --------------------------------------------------------------------------------------------- ~
      1     -76.82676517   -7.68e+01      2.69e-02      1.08e-02 o    2.57e-02      1.38e-02 o  ~
  ---------------------------------------------------------------------------------------------

	Writing optimization data to binary file.
	Structure for next step:
	Cartesian Geometry (in Angstrom)
	    C    -0.5933643131  -0.0000000000   0.0000000000
	    C     0.5933643131   0.0000000000   0.0000000000
	    H    -1.6493643530  -0.0000000000   0.0000000000
	    H     1.6493643530   0.0000000000   0.0000000000
			--------------------------
			 OPTKING Finished Execution 
			--------------------------

    Structure for next step:
    Molecular point group: d2h
    Full point group: D_inf_h

    Geometry (in Angstrom), charge = 0, multiplicity = 1:

    C           -0.593364315474    -0.000000000000     0.000000000000
    C            0.593364315474     0.000000000000     0.000000000000
    H           -1.649364359479    -0.000000000000     0.000000000000
    H            1.649364359479     0.000000000000     0.000000000000

gradient() will perform analytic gradient computation.

*** tstart() called on wanukaka
*** at Thu Apr 14 13:06:41 2022

   => Loading Basis Set <=

    Name: 6-31++G(D,P)
    Role: ORBITAL
    Keyword: BASIS
    atoms 1-2 entry C          line   115 file /home/sulstice/software/miniconda2/envs/qmpython2/share/psi4/basis/6-31ppg_d_p_.gbs 
    atoms 3-4 entry H          line    46 file /home/sulstice/software/miniconda2/envs/qmpython2/share/psi4/basis/6-31ppg_d_p_.gbs 


         ---------------------------------------------------------
                                   SCF
               by Justin Turney, Rob Parrish, Andy Simmonett
                          and Daniel G. A. Smith
                              RHF Reference
                       10 Threads,   7629 MiB Core
         ---------------------------------------------------------

  ==> Geometry <==

    Molecular point group: d2h
    Full point group: D_inf_h

    Geometry (in Angstrom), charge = 0, multiplicity = 1:

       Center              X                  Y                   Z               Mass       
    ------------   -----------------  -----------------  -----------------  -----------------
         C           -0.593364315474    -0.000000000000     0.000000000000    12.000000000000
         C            0.593364315474     0.000000000000     0.000000000000    12.000000000000
         H           -1.649364359479    -0.000000000000     0.000000000000     1.007825032230
         H            1.649364359479     0.000000000000     0.000000000000     1.007825032230

  Running in d2h symmetry.

  Rotational constants: A = ************  B =      1.20988  C =      1.20988 [cm^-1]
  Rotational constants: A = ************  B =  36271.23170  C =  36271.23170 [MHz]
  Nuclear repulsion =   25.058076885895577

  Charge       = 0
  Multiplicity = 1
  Electrons    = 14
  Nalpha       = 7
  Nbeta        = 7

  ==> Algorithm <==

  SCF Algorithm Type is DF.
  DIIS enabled.
  MOM disabled.
  Fractional occupation disabled.
  Guess Type is READ.
  Energy threshold   = 1.00e-08
  Density threshold  = 1.00e-08
  Integral threshold = 0.00e+00

  ==> Primary Basis <==

  Basis Set: 6-31++G(D,P)
    Blend: 6-31++G(D,P)
    Number of shells: 24
    Number of basis function: 50
    Number of Cartesian functions: 50
    Spherical Harmonics?: false
    Max angular momentum: 2

   => Loading Basis Set <=

    Name: (6-31++G(D,P) AUX)
    Role: JKFIT
    Keyword: DF_BASIS_SCF
    atoms 1-2 entry C          line   154 file /home/sulstice/software/miniconda2/envs/qmpython2/share/psi4/basis/aug-cc-pvdz-jkfit.gbs 
    atoms 3-4 entry H          line    70 file /home/sulstice/software/miniconda2/envs/qmpython2/share/psi4/basis/aug-cc-pvdz-jkfit.gbs 

   => Loading Basis Set <=

    Name: 6-31++G(D,P)
    Role: ORBITAL
    Keyword: BASIS
    atoms 1-2 entry C          line   115 file /home/sulstice/software/miniconda2/envs/qmpython2/share/psi4/basis/6-31ppg_d_p_.gbs 
    atoms 3-4 entry H          line    46 file /home/sulstice/software/miniconda2/envs/qmpython2/share/psi4/basis/6-31ppg_d_p_.gbs 

  Reading orbitals from file 180, no projection.

  ==> Pre-Iterations <==

   -------------------------------------------------------
    Irrep   Nso     Nmo     Nalpha   Nbeta   Ndocc  Nsocc
   -------------------------------------------------------
     Ag        14      14       0       0       0       0
     B1g        5       5       0       0       0       0
     B2g        5       5       0       0       0       0
     B3g        1       1       0       0       0       0
     Au         1       1       0       0       0       0
     B1u        5       5       0       0       0       0
     B2u        5       5       0       0       0       0
     B3u       14      14       0       0       0       0
   -------------------------------------------------------
    Total      50      50       7       7       7       0
   -------------------------------------------------------

  ==> Integral Setup <==

  DFHelper Memory: AOs need 0.006 GiB; user supplied 5.588 GiB. Using in-core AOs.

  ==> MemDFJK: Density-Fitted J/K Matrices <==

    J tasked:                   Yes
    K tasked:                   Yes
    wK tasked:                   No
    OpenMP threads:              10
    Memory [MiB]:              5722
    Algorithm:                 Core
    Schwarz Cutoff:           1E-12
    Mask sparsity (%):       0.0000
    Fitting Condition:        1E-10

   => Auxiliary Basis Set <=

  Basis Set: (6-31++G(D,P) AUX)
    Blend: AUG-CC-PVDZ-JKFIT
    Number of shells: 80
    Number of basis function: 272
    Number of Cartesian functions: 272
    Spherical Harmonics?: false
    Max angular momentum: 3

  Minimum eigenvalue in the overlap matrix is 2.7272424910E-05.
  Using Symmetric Orthogonalization.

  SCF Guess: Orbitals guess was supplied from a previous computation.

  ==> Iterations <==

                           Total Energy        Delta E     RMS |[F,P]|

   @DF-RHF iter   0:   -76.85806719558110   -7.68581e+01   2.01183e-03 
   @DF-RHF iter   1:   -76.82709420767732    3.09730e-02   4.21829e-04 DIIS
   @DF-RHF iter   2:   -76.82715305437193   -5.88467e-05   1.65836e-04 DIIS
   @DF-RHF iter   3:   -76.82715933476980   -6.28040e-06   1.51451e-05 DIIS
   @DF-RHF iter   4:   -76.82715945693620   -1.22166e-07   2.74437e-06 DIIS
   @DF-RHF iter   5:   -76.82715946174372   -4.80752e-09   4.55865e-07 DIIS
   @DF-RHF iter   6:   -76.82715946190503   -1.61307e-10   9.56844e-08 DIIS
   @DF-RHF iter   7:   -76.82715946191152   -6.49436e-12   6.39303e-09 DIIS
  Energy and wave function converged.


  ==> Post-Iterations <==

    Orbital Energies [Eh]
    ---------------------

    Doubly Occupied:                                                      

       1Ag   -11.246745     1B3u  -11.242653     2Ag    -1.036808  
       2B3u   -0.768126     3Ag    -0.682523     1B1u   -0.413449  
       1B2u   -0.413449  

    Virtual:                                                              

       4Ag     0.044327     3B3u    0.051395     1B1g    0.115388  
       1B2g    0.115388     2B1u    0.133270     2B2u    0.133270  
       5Ag     0.155593     4B3u    0.180504     6Ag     0.210797  
       5B3u    0.235417     2B1g    0.269050     2B2g    0.269050  
       6B3u    0.389262     7Ag     0.439494     7B3u    0.797623  
       3B2u    0.870908     3B1u    0.870908     8Ag     0.910122  
       3B1g    0.986912     3B2g    0.986912     8B3u    1.084206  
       9Ag     1.131751    10Ag     1.386667     4B1u    1.651258  
       4B2u    1.651258     9B3u    1.660576    10B3u    1.709092  
      11Ag     1.801858     1B3g    1.801858     4B1g    2.239233  
       4B2g    2.239233    11B3u    2.250325     1Au     2.250325  
       5B2u    2.707704     5B1u    2.707704    12Ag     2.713953  
      12B3u    3.210251     5B1g    3.407476     5B2g    3.407476  
      13Ag     3.830367    13B3u    4.288418    14Ag     5.123766  
      14B3u    5.874690  

    Final Occupation by Irrep:
             Ag   B1g   B2g   B3g    Au   B1u   B2u   B3u 
    DOCC [     3,    0,    0,    0,    0,    1,    1,    2 ]

  @DF-RHF Final Energy:   -76.82715946191152

   => Energetics <=

    Nuclear Repulsion Energy =             25.0580768858955771
    One-Electron Energy =                -152.1629654189387111
    Two-Electron Energy =                  50.2777290711316240
    Total Energy =                        -76.8271594619115206

Computation Completed


Properties will be evaluated at   0.000000,   0.000000,   0.000000 [a0]

Properties computed using the SCF density matrix

  Nuclear Dipole Moment: [e a0]
     X:     0.0000      Y:     0.0000      Z:     0.0000

  Electronic Dipole Moment: [e a0]
     X:     0.0000      Y:     0.0000      Z:     0.0000

  Dipole Moment: [e a0]
     X:     0.0000      Y:     0.0000      Z:     0.0000     Total:     0.0000

  Dipole Moment: [D]
     X:     0.0000      Y:     0.0000      Z:     0.0000     Total:     0.0000


*** tstop() called on wanukaka at Thu Apr 14 13:06:41 2022
Module time:
	user time   =       3.42 seconds =       0.06 minutes
	system time =       0.15 seconds =       0.00 minutes
	total time  =          0 seconds =       0.00 minutes
Total time:
	user time   =   15041.56 seconds =     250.69 minutes
	system time =     651.60 seconds =      10.86 minutes
	total time  =       1745 seconds =      29.08 minutes

*** tstart() called on wanukaka
*** at Thu Apr 14 13:06:41 2022


         ------------------------------------------------------------
                                   SCF GRAD                          
                          Rob Parrish, Justin Turney,                
                       Andy Simmonett, and Alex Sokolov              
         ------------------------------------------------------------

  ==> Geometry <==

    Molecular point group: d2h
    Full point group: D_inf_h

    Geometry (in Angstrom), charge = 0, multiplicity = 1:

       Center              X                  Y                   Z               Mass       
    ------------   -----------------  -----------------  -----------------  -----------------
         C           -0.593364315474    -0.000000000000     0.000000000000    12.000000000000
         C            0.593364315474     0.000000000000     0.000000000000    12.000000000000
         H           -1.649364359479    -0.000000000000     0.000000000000     1.007825032230
         H            1.649364359479     0.000000000000     0.000000000000     1.007825032230

  Nuclear repulsion =   25.058076885895577

  ==> Basis Set <==

  Basis Set: 6-31++G(D,P)
    Blend: 6-31++G(D,P)
    Number of shells: 24
    Number of basis function: 50
    Number of Cartesian functions: 50
    Spherical Harmonics?: false
    Max angular momentum: 2

  ==> DFJKGrad: Density-Fitted SCF Gradients <==

    Gradient:                    1
    J tasked:                  Yes
    K tasked:                  Yes
    wK tasked:                  No
    OpenMP threads:             10
    Integrals threads:          10
    Memory [MiB]:             5722
    Schwarz Cutoff:          0E+00
    Fitting Condition:       1E-10

   => Auxiliary Basis Set <=

  Basis Set: (6-31++G(D,P) AUX)
    Blend: AUG-CC-PVDZ-JKFIT
    Number of shells: 80
    Number of basis function: 272
    Number of Cartesian functions: 272
    Spherical Harmonics?: false
    Max angular momentum: 3


  -Total Gradient:
     Atom            X                  Y                   Z
    ------   -----------------  -----------------  -----------------
       1        0.004121801081     0.000000000000     0.000000000000
       2       -0.004121801081    -0.000000000000     0.000000000000
       3        0.001075399183     0.000000000000     0.000000000000
       4       -0.001075399183    -0.000000000000     0.000000000000


*** tstop() called on wanukaka at Thu Apr 14 13:06:41 2022
Module time:
	user time   =       4.26 seconds =       0.07 minutes
	system time =       0.15 seconds =       0.00 minutes
	total time  =          0 seconds =       0.00 minutes
Total time:
	user time   =   15045.83 seconds =     250.76 minutes
	system time =     651.75 seconds =      10.86 minutes
	total time  =       1745 seconds =      29.08 minutes

			-----------------------------------------
			 OPTKING 2.0: for geometry optimizations 
			  - R.A. King,  Bethel University        
			-----------------------------------------

	Previous internal coordinate definitions found.
	---Fragment 1 Geometry and Gradient---
	 C          -1.1212960489       -0.0000000000        0.0000000000
	 C           1.1212960489        0.0000000000        0.0000000000
	 H          -3.1168469205       -0.0000000000        0.0000000000
	 H           3.1168469205        0.0000000000        0.0000000000
	             0.0041218011        0.0000000000        0.0000000000
	            -0.0041218011       -0.0000000000        0.0000000000
	             0.0010753992        0.0000000000        0.0000000000
	            -0.0010753992       -0.0000000000        0.0000000000

	---Fragment 1 Intrafragment Coordinates---
	 - Coordinate -           - BOHR/RAD -       - ANG/DEG -
	 R(1,2)           =         2.242592	       1.186729
	 R(1,3)           =         1.995551	       1.056000
	 R(2,4)           =         1.995551	       1.056000
	 L(1,2,4)         =         3.141593	     180.000000
	 l(1,2,4)         =         3.141593	     180.000000
	 L(2,1,3)         =         3.141593	     180.000000
	 l(2,1,3)         =         3.141593	     180.000000

	Current energy   :       -76.8271594619

	Energy change for the previous step:
		Projected    :        -0.0009474492
		Actual       :        -0.0003942901

	Performing BFGS update.
	Previous computed or guess Hessian on step 1.
	Steps to be used in Hessian update: 1
	Taking RFO optimization step.
	Going to follow RFO solution 1.
	Using RFO vector 1.
	Norm of target step-size    0.00539
	Projected energy change by RFO approximation:        -0.0000269302

	Back-transformation to cartesian coordinates...
	Successfully converged to displaced geometry.

	--- Internal Coordinate Step in ANG or DEG, aJ/ANG or AJ/DEG ---
	 ---------------------------------------------------------------------------
	   Coordinate                Previous        Force       Change         New 
	   ----------                --------       ------       ------       ------
	    1 R(1,2)          =      1.186729     0.042818     0.002217     1.188946
	    2 R(1,3)          =      1.056000     0.008860     0.001268     1.057268
	    3 R(2,4)          =      1.056000     0.008860     0.001268     1.057268
	    4 L(1,2,4)        =    180.000000     0.000000     0.000000   180.000000
	    5 l(1,2,4)        =    180.000000    -0.000000     0.000000   180.000000
	    6 L(2,1,3)        =    180.000000    -0.000000     0.000000   180.000000
	    7 l(2,1,3)        =    180.000000     0.000000     0.000000   180.000000
	 ---------------------------------------------------------------------------
	Successfully symmetrized geometry.

  ==> Convergence Check <==

  Measures of convergence in internal coordinates in au.
  Criteria marked as inactive (o), active & met (*), and active & unmet ( ).
  ---------------------------------------------------------------------------------------------
   Step     Total Energy     Delta E     MAX Force     RMS Force      MAX Disp      RMS Disp   
  ---------------------------------------------------------------------------------------------
    Convergence Criteria    1.00e-06 *    3.00e-04 *             o    1.20e-03 *             o
  ---------------------------------------------------------------------------------------------
      2     -76.82715946   -3.94e-04      5.20e-03      2.05e-03 o    4.19e-03      2.04e-03 o  ~
  ---------------------------------------------------------------------------------------------

	Writing optimization data to binary file.
	Structure for next step:
	Cartesian Geometry (in Angstrom)
	    C    -0.5944729387  -0.0000000000  -0.0000000000
	    C     0.5944729387   0.0000000000   0.0000000000
	    H    -1.6517412364  -0.0000000000   0.0000000000
	    H     1.6517412364   0.0000000000   0.0000000000
			--------------------------
			 OPTKING Finished Execution 
			--------------------------

    Structure for next step:
    Molecular point group: d2h
    Full point group: D_inf_h

    Geometry (in Angstrom), charge = 0, multiplicity = 1:

    C           -0.594472940987    -0.000000000000     0.000000000000
    C            0.594472940987     0.000000000000     0.000000000000
    H           -1.651741242897    -0.000000000000     0.000000000000
    H            1.651741242897     0.000000000000     0.000000000000

gradient() will perform analytic gradient computation.

*** tstart() called on wanukaka
*** at Thu Apr 14 13:06:41 2022

   => Loading Basis Set <=

    Name: 6-31++G(D,P)
    Role: ORBITAL
    Keyword: BASIS
    atoms 1-2 entry C          line   115 file /home/sulstice/software/miniconda2/envs/qmpython2/share/psi4/basis/6-31ppg_d_p_.gbs 
    atoms 3-4 entry H          line    46 file /home/sulstice/software/miniconda2/envs/qmpython2/share/psi4/basis/6-31ppg_d_p_.gbs 


         ---------------------------------------------------------
                                   SCF
               by Justin Turney, Rob Parrish, Andy Simmonett
                          and Daniel G. A. Smith
                              RHF Reference
                       10 Threads,   7629 MiB Core
         ---------------------------------------------------------

  ==> Geometry <==

    Molecular point group: d2h
    Full point group: D_inf_h

    Geometry (in Angstrom), charge = 0, multiplicity = 1:

       Center              X                  Y                   Z               Mass       
    ------------   -----------------  -----------------  -----------------  -----------------
         C           -0.594472940987    -0.000000000000     0.000000000000    12.000000000000
         C            0.594472940987     0.000000000000     0.000000000000    12.000000000000
         H           -1.651741242897    -0.000000000000     0.000000000000     1.007825032230
         H            1.651741242897     0.000000000000     0.000000000000     1.007825032230

  Running in d2h symmetry.

  Rotational constants: A = ************  B =      1.20577  C =      1.20577 [cm^-1]
  Rotational constants: A = ************  B =  36148.20596  C =  36148.20596 [MHz]
  Nuclear repulsion =   25.016302252661468

  Charge       = 0
  Multiplicity = 1
  Electrons    = 14
  Nalpha       = 7
  Nbeta        = 7

  ==> Algorithm <==

  SCF Algorithm Type is DF.
  DIIS enabled.
  MOM disabled.
  Fractional occupation disabled.
  Guess Type is READ.
  Energy threshold   = 1.00e-08
  Density threshold  = 1.00e-08
  Integral threshold = 0.00e+00

  ==> Primary Basis <==

  Basis Set: 6-31++G(D,P)
    Blend: 6-31++G(D,P)
    Number of shells: 24
    Number of basis function: 50
    Number of Cartesian functions: 50
    Spherical Harmonics?: false
    Max angular momentum: 2

   => Loading Basis Set <=

    Name: (6-31++G(D,P) AUX)
    Role: JKFIT
    Keyword: DF_BASIS_SCF
    atoms 1-2 entry C          line   154 file /home/sulstice/software/miniconda2/envs/qmpython2/share/psi4/basis/aug-cc-pvdz-jkfit.gbs 
    atoms 3-4 entry H          line    70 file /home/sulstice/software/miniconda2/envs/qmpython2/share/psi4/basis/aug-cc-pvdz-jkfit.gbs 

   => Loading Basis Set <=

    Name: 6-31++G(D,P)
    Role: ORBITAL
    Keyword: BASIS
    atoms 1-2 entry C          line   115 file /home/sulstice/software/miniconda2/envs/qmpython2/share/psi4/basis/6-31ppg_d_p_.gbs 
    atoms 3-4 entry H          line    46 file /home/sulstice/software/miniconda2/envs/qmpython2/share/psi4/basis/6-31ppg_d_p_.gbs 

  Reading orbitals from file 180, no projection.

  ==> Pre-Iterations <==

   -------------------------------------------------------
    Irrep   Nso     Nmo     Nalpha   Nbeta   Ndocc  Nsocc
   -------------------------------------------------------
     Ag        14      14       0       0       0       0
     B1g        5       5       0       0       0       0
     B2g        5       5       0       0       0       0
     B3g        1       1       0       0       0       0
     Au         1       1       0       0       0       0
     B1u        5       5       0       0       0       0
     B2u        5       5       0       0       0       0
     B3u       14      14       0       0       0       0
   -------------------------------------------------------
    Total      50      50       7       7       7       0
   -------------------------------------------------------

  ==> Integral Setup <==

  DFHelper Memory: AOs need 0.006 GiB; user supplied 5.588 GiB. Using in-core AOs.

  ==> MemDFJK: Density-Fitted J/K Matrices <==

    J tasked:                   Yes
    K tasked:                   Yes
    wK tasked:                   No
    OpenMP threads:              10
    Memory [MiB]:              5722
    Algorithm:                 Core
    Schwarz Cutoff:           1E-12
    Mask sparsity (%):       0.0000
    Fitting Condition:        1E-10

   => Auxiliary Basis Set <=

  Basis Set: (6-31++G(D,P) AUX)
    Blend: AUG-CC-PVDZ-JKFIT
    Number of shells: 80
    Number of basis function: 272
    Number of Cartesian functions: 272
    Spherical Harmonics?: false
    Max angular momentum: 3

  Minimum eigenvalue in the overlap matrix is 2.7538744108E-05.
  Using Symmetric Orthogonalization.

  SCF Guess: Orbitals guess was supplied from a previous computation.

  ==> Iterations <==

                           Total Energy        Delta E     RMS |[F,P]|

   @DF-RHF iter   0:   -76.82239658201118   -7.68224e+01   3.29329e-04 
   @DF-RHF iter   1:   -76.82717086969609   -4.77429e-03   6.63511e-05 DIIS
   @DF-RHF iter   2:   -76.82717231316670   -1.44347e-06   2.62576e-05 DIIS
   @DF-RHF iter   3:   -76.82717247001867   -1.56852e-07   2.40115e-06 DIIS
   @DF-RHF iter   4:   -76.82717247304916   -3.03049e-09   4.36535e-07 DIIS
   @DF-RHF iter   5:   -76.82717247317427   -1.25112e-10   7.50707e-08 DIIS
   @DF-RHF iter   6:   -76.82717247317871   -4.43379e-12   1.49459e-08 DIIS
   @DF-RHF iter   7:   -76.82717247317885   -1.42109e-13   9.34005e-10 DIIS
  Energy and wave function converged.


  ==> Post-Iterations <==

    Orbital Energies [Eh]
    ---------------------

    Doubly Occupied:                                                      

       1Ag   -11.247530     1B3u  -11.243496     2Ag    -1.036147  
       2B3u   -0.767991     3Ag    -0.682096     1B1u   -0.412941  
       1B2u   -0.412941  

    Virtual:                                                              

       4Ag     0.044326     3B3u    0.051352     1B1g    0.115202  
       1B2g    0.115202     2B1u    0.133337     2B2u    0.133337  
       5Ag     0.155576     4B3u    0.180347     6Ag     0.210769  
       5B3u    0.235407     2B1g    0.268455     2B2g    0.268455  
       6B3u    0.388292     7Ag     0.439072     7B3u    0.796634  
       3B1u    0.871349     3B2u    0.871349     8Ag     0.910295  
       3B1g    0.986282     3B2g    0.986282     8B3u    1.084222  
       9Ag     1.131649    10Ag     1.385364     4B1u    1.650101  
       4B2u    1.650101     9B3u    1.655801    10B3u    1.708060  
       1B3g    1.802423    11Ag     1.802423     4B2g    2.237980  
       4B1g    2.237980     1Au     2.248903    11B3u    2.248903  
       5B1u    2.705359     5B2u    2.705359    12Ag     2.710652  
      12B3u    3.204936     5B2g    3.402669     5B1g    3.402669  
      13Ag     3.827036    13B3u    4.283622    14Ag     5.115483  
      14B3u    5.865652  

    Final Occupation by Irrep:
             Ag   B1g   B2g   B3g    Au   B1u   B2u   B3u 
    DOCC [     3,    0,    0,    0,    0,    1,    1,    2 ]

  @DF-RHF Final Energy:   -76.82717247317885

   => Energetics <=

    Nuclear Repulsion Energy =             25.0163022526614682
    One-Electron Energy =                -152.0806656899365805
    Two-Electron Energy =                  50.2371909640962855
    Total Energy =                        -76.8271724731788339

Computation Completed


Properties will be evaluated at   0.000000,   0.000000,   0.000000 [a0]

Properties computed using the SCF density matrix

  Nuclear Dipole Moment: [e a0]
     X:     0.0000      Y:     0.0000      Z:     0.0000

  Electronic Dipole Moment: [e a0]
     X:     0.0000      Y:     0.0000      Z:     0.0000

  Dipole Moment: [e a0]
     X:     0.0000      Y:     0.0000      Z:     0.0000     Total:     0.0000

  Dipole Moment: [D]
     X:     0.0000      Y:     0.0000      Z:     0.0000     Total:     0.0000


*** tstop() called on wanukaka at Thu Apr 14 13:06:42 2022
Module time:
	user time   =       4.85 seconds =       0.08 minutes
	system time =       0.21 seconds =       0.00 minutes
	total time  =          1 seconds =       0.02 minutes
Total time:
	user time   =   15050.79 seconds =     250.85 minutes
	system time =     651.97 seconds =      10.87 minutes
	total time  =       1746 seconds =      29.10 minutes

*** tstart() called on wanukaka
*** at Thu Apr 14 13:06:42 2022


         ------------------------------------------------------------
                                   SCF GRAD                          
                          Rob Parrish, Justin Turney,                
                       Andy Simmonett, and Alex Sokolov              
         ------------------------------------------------------------

  ==> Geometry <==

    Molecular point group: d2h
    Full point group: D_inf_h

    Geometry (in Angstrom), charge = 0, multiplicity = 1:

       Center              X                  Y                   Z               Mass       
    ------------   -----------------  -----------------  -----------------  -----------------
         C           -0.594472940987    -0.000000000000     0.000000000000    12.000000000000
         C            0.594472940987     0.000000000000     0.000000000000    12.000000000000
         H           -1.651741242897    -0.000000000000     0.000000000000     1.007825032230
         H            1.651741242897     0.000000000000     0.000000000000     1.007825032230

  Nuclear repulsion =   25.016302252661468

  ==> Basis Set <==

  Basis Set: 6-31++G(D,P)
    Blend: 6-31++G(D,P)
    Number of shells: 24
    Number of basis function: 50
    Number of Cartesian functions: 50
    Spherical Harmonics?: false
    Max angular momentum: 2

  ==> DFJKGrad: Density-Fitted SCF Gradients <==

    Gradient:                    1
    J tasked:                  Yes
    K tasked:                  Yes
    wK tasked:                  No
    OpenMP threads:             10
    Integrals threads:          10
    Memory [MiB]:             5722
    Schwarz Cutoff:          0E+00
    Fitting Condition:       1E-10

   => Auxiliary Basis Set <=

  Basis Set: (6-31++G(D,P) AUX)
    Blend: AUG-CC-PVDZ-JKFIT
    Number of shells: 80
    Number of basis function: 272
    Number of Cartesian functions: 272
    Spherical Harmonics?: false
    Max angular momentum: 3


  -Total Gradient:
     Atom            X                  Y                   Z
    ------   -----------------  -----------------  -----------------
       1       -0.000223502944    -0.000000000000     0.000000000000
       2        0.000223502944     0.000000000000     0.000000000000
       3        0.000007742838     0.000000000000     0.000000000000
       4       -0.000007742838    -0.000000000000     0.000000000000


*** tstop() called on wanukaka at Thu Apr 14 13:06:42 2022
Module time:
	user time   =       3.77 seconds =       0.06 minutes
	system time =       0.18 seconds =       0.00 minutes
	total time  =          0 seconds =       0.00 minutes
Total time:
	user time   =   15054.57 seconds =     250.91 minutes
	system time =     652.15 seconds =      10.87 minutes
	total time  =       1746 seconds =      29.10 minutes

			-----------------------------------------
			 OPTKING 2.0: for geometry optimizations 
			  - R.A. King,  Bethel University        
			-----------------------------------------

	Previous internal coordinate definitions found.
	---Fragment 1 Geometry and Gradient---
	 C          -1.1233910475       -0.0000000000        0.0000000000
	 C           1.1233910475        0.0000000000        0.0000000000
	 H          -3.1213385792       -0.0000000000        0.0000000000
	 H           3.1213385792        0.0000000000        0.0000000000
	            -0.0002235029       -0.0000000000        0.0000000000
	             0.0002235029        0.0000000000        0.0000000000
	             0.0000077428        0.0000000000        0.0000000000
	            -0.0000077428       -0.0000000000        0.0000000000

	---Fragment 1 Intrafragment Coordinates---
	 - Coordinate -           - BOHR/RAD -       - ANG/DEG -
	 R(1,2)           =         2.246782	       1.188946
	 R(1,3)           =         1.997948	       1.057268
	 R(2,4)           =         1.997948	       1.057268
	 L(1,2,4)         =         3.141593	     180.000000
	 l(1,2,4)         =         3.141593	     180.000000
	 L(2,1,3)         =         3.141593	     180.000000
	 l(2,1,3)         =         3.141593	     180.000000

	Current energy   :       -76.8271724732

	Energy change for the previous step:
		Projected    :        -0.0000269302
		Actual       :        -0.0000130113

	Performing BFGS update.
	Previous computed or guess Hessian on step 1.
	Steps to be used in Hessian update: 2 1
	Taking RFO optimization step.
	Going to follow RFO solution 1.
	Using RFO vector 1.
	Norm of target step-size    0.00019
	Projected energy change by RFO approximation:        -0.0000000399

	Back-transformation to cartesian coordinates...
	Successfully converged to displaced geometry.

	--- Internal Coordinate Step in ANG or DEG, aJ/ANG or AJ/DEG ---
	 ---------------------------------------------------------------------------
	   Coordinate                Previous        Force       Change         New 
	   ----------                --------       ------       ------       ------
	    1 R(1,2)          =      1.188946    -0.001778    -0.000097     1.188849
	    2 R(1,3)          =      1.057268     0.000064     0.000018     1.057287
	    3 R(2,4)          =      1.057268     0.000064     0.000018     1.057287
	    4 L(1,2,4)        =    180.000000     0.000000     0.000000   180.000000
	    5 l(1,2,4)        =    180.000000     0.000000     0.000000   180.000000
	    6 L(2,1,3)        =    180.000000     0.000000     0.000000   180.000000
	    7 l(2,1,3)        =    180.000000    -0.000000     0.000000   180.000000
	 ---------------------------------------------------------------------------
	Successfully symmetrized geometry.

  ==> Convergence Check <==

  Measures of convergence in internal coordinates in au.
  Criteria marked as inactive (o), active & met (*), and active & unmet ( ).
  ---------------------------------------------------------------------------------------------
   Step     Total Energy     Delta E     MAX Force     RMS Force      MAX Disp      RMS Disp   
  ---------------------------------------------------------------------------------------------
    Convergence Criteria    1.00e-06 *    3.00e-04 *             o    1.20e-03 *             o
  ---------------------------------------------------------------------------------------------
      3     -76.82717247   -1.30e-05      2.16e-04 *    8.17e-05 o    1.82e-04 *    7.14e-05 o  ~
  ---------------------------------------------------------------------------------------------


  **** Optimization is complete! (in 3 steps) ****

  ==> Optimization Summary <==

  Measures of convergence in internal coordinates in au.
  --------------------------------------------------------------------------------------------------------------- ~
   Step         Total Energy             Delta E       MAX Force       RMS Force        MAX Disp        RMS Disp  ~
  --------------------------------------------------------------------------------------------------------------- ~
      1     -76.826765171794    -76.826765171794      0.02688732      0.01082896      0.02566507      0.01384518  ~
      2     -76.827159461912     -0.000394290118      0.00519720      0.00204673      0.00419000      0.00203695  ~
      3     -76.827172473179     -0.000013011267      0.00021576      0.00008165      0.00018246      0.00007137  ~
  --------------------------------------------------------------------------------------------------------------- ~

	Writing optimization data to binary file.
	Final energy is    -76.8271724731788
	Final (previous) structure:
	Cartesian Geometry (in Angstrom)
	    C    -0.5944729387  -0.0000000000   0.0000000000
	    C     0.5944729387   0.0000000000   0.0000000000
	    H    -1.6517412364  -0.0000000000   0.0000000000
	    H     1.6517412364   0.0000000000   0.0000000000
	Saving final (previous) structure.
			--------------------------
			 OPTKING Finished Execution 
			--------------------------

    Final optimized geometry and variables:
    Molecular point group: d2h
    Full point group: D_inf_h

    Geometry (in Angstrom), charge = 0, multiplicity = 1:

    C           -0.594472940987    -0.000000000000     0.000000000000
    C            0.594472940987     0.000000000000     0.000000000000
    H           -1.651741242897    -0.000000000000     0.000000000000
    H            1.651741242897     0.000000000000     0.000000000000

	Removing binary optimization data file.
	Cleaning optimization helper files.

*** tstart() called on wanukaka
*** at Thu Apr 14 13:06:42 2022

   => Loading Basis Set <=

    Name: 6-31++G(D,P)
    Role: ORBITAL
    Keyword: BASIS
    atoms 1-2 entry C          line   115 file /home/sulstice/software/miniconda2/envs/qmpython2/share/psi4/basis/6-31ppg_d_p_.gbs 
    atoms 3-4 entry H          line    46 file /home/sulstice/software/miniconda2/envs/qmpython2/share/psi4/basis/6-31ppg_d_p_.gbs 


         ---------------------------------------------------------
                                   SCF
               by Justin Turney, Rob Parrish, Andy Simmonett
                          and Daniel G. A. Smith
                              RHF Reference
                       10 Threads,   7629 MiB Core
         ---------------------------------------------------------

  ==> Geometry <==

    Molecular point group: d2h
    Full point group: D_inf_h

    Geometry (in Angstrom), charge = 0, multiplicity = 1:

       Center              X                  Y                   Z               Mass       
    ------------   -----------------  -----------------  -----------------  -----------------
         C           -0.594472940987    -0.000000000000     0.000000000000    12.000000000000
         C            0.594472940987     0.000000000000     0.000000000000    12.000000000000
         H           -1.651741242897    -0.000000000000     0.000000000000     1.007825032230
         H            1.651741242897     0.000000000000     0.000000000000     1.007825032230

  Running in d2h symmetry.

  Rotational constants: A = ************  B =      1.20577  C =      1.20577 [cm^-1]
  Rotational constants: A = ************  B =  36148.20596  C =  36148.20596 [MHz]
  Nuclear repulsion =   25.016302252661468

  Charge       = 0
  Multiplicity = 1
  Electrons    = 14
  Nalpha       = 7
  Nbeta        = 7

  ==> Algorithm <==

  SCF Algorithm Type is DF.
  DIIS enabled.
  MOM disabled.
  Fractional occupation disabled.
  Guess Type is SAD.
  Energy threshold   = 1.00e-06
  Density threshold  = 1.00e-06
  Integral threshold = 0.00e+00

  ==> Primary Basis <==

  Basis Set: 6-31++G(D,P)
    Blend: 6-31++G(D,P)
    Number of shells: 24
    Number of basis function: 50
    Number of Cartesian functions: 50
    Spherical Harmonics?: false
    Max angular momentum: 2

   => Loading Basis Set <=

    Name: (6-31++G(D,P) AUX)
    Role: JKFIT
    Keyword: DF_BASIS_SCF
    atoms 1-2 entry C          line   154 file /home/sulstice/software/miniconda2/envs/qmpython2/share/psi4/basis/aug-cc-pvdz-jkfit.gbs 
    atoms 3-4 entry H          line    70 file /home/sulstice/software/miniconda2/envs/qmpython2/share/psi4/basis/aug-cc-pvdz-jkfit.gbs 

  ==> Pre-Iterations <==

   -------------------------------------------------------
    Irrep   Nso     Nmo     Nalpha   Nbeta   Ndocc  Nsocc
   -------------------------------------------------------
     Ag        14      14       0       0       0       0
     B1g        5       5       0       0       0       0
     B2g        5       5       0       0       0       0
     B3g        1       1       0       0       0       0
     Au         1       1       0       0       0       0
     B1u        5       5       0       0       0       0
     B2u        5       5       0       0       0       0
     B3u       14      14       0       0       0       0
   -------------------------------------------------------
    Total      50      50       7       7       7       0
   -------------------------------------------------------

  ==> Integral Setup <==

  DFHelper Memory: AOs need 0.006 GiB; user supplied 5.588 GiB. Using in-core AOs.

  ==> MemDFJK: Density-Fitted J/K Matrices <==

    J tasked:                   Yes
    K tasked:                   Yes
    wK tasked:                   No
    OpenMP threads:              10
    Memory [MiB]:              5722
    Algorithm:                 Core
    Schwarz Cutoff:           1E-12
    Mask sparsity (%):       0.0000
    Fitting Condition:        1E-10

   => Auxiliary Basis Set <=

  Basis Set: (6-31++G(D,P) AUX)
    Blend: AUG-CC-PVDZ-JKFIT
    Number of shells: 80
    Number of basis function: 272
    Number of Cartesian functions: 272
    Spherical Harmonics?: false
    Max angular momentum: 3

  Minimum eigenvalue in the overlap matrix is 2.7538744108E-05.
  Using Symmetric Orthogonalization.

  SCF Guess: Superposition of Atomic Densities via on-the-fly atomic UHF.

  ==> Iterations <==

                           Total Energy        Delta E     RMS |[F,P]|

   @DF-RHF iter SAD:   -75.89742206366026   -7.58974e+01   0.00000e+00 
   @DF-RHF iter   1:   -76.77797288534305   -8.80551e-01   1.31620e-02 DIIS
   @DF-RHF iter   2:   -76.82196857961269   -4.39957e-02   4.48424e-03 DIIS
   @DF-RHF iter   3:   -76.82705640222913   -5.08782e-03   4.79817e-04 DIIS
   @DF-RHF iter   4:   -76.82717110657303   -1.14704e-04   4.79630e-05 DIIS
   @DF-RHF iter   5:   -76.82717240374598   -1.29717e-06   9.96424e-06 DIIS
   @DF-RHF iter   6:   -76.82717247145806   -6.77121e-08   1.59024e-06 DIIS
   @DF-RHF iter   7:   -76.82717247314277   -1.68471e-09   2.38429e-07 DIIS
  Energy and wave function converged.


  ==> Post-Iterations <==

    Orbital Energies [Eh]
    ---------------------

    Doubly Occupied:                                                      

       1Ag   -11.247530     1B3u  -11.243496     2Ag    -1.036147  
       2B3u   -0.767991     3Ag    -0.682096     1B1u   -0.412941  
       1B2u   -0.412941  

    Virtual:                                                              

       4Ag     0.044326     3B3u    0.051352     1B1g    0.115202  
       1B2g    0.115202     2B1u    0.133337     2B2u    0.133337  
       5Ag     0.155576     4B3u    0.180347     6Ag     0.210769  
       5B3u    0.235407     2B1g    0.268455     2B2g    0.268455  
       6B3u    0.388292     7Ag     0.439072     7B3u    0.796634  
       3B1u    0.871349     3B2u    0.871349     8Ag     0.910295  
       3B1g    0.986282     3B2g    0.986282     8B3u    1.084222  
       9Ag     1.131649    10Ag     1.385364     4B1u    1.650101  
       4B2u    1.650101     9B3u    1.655801    10B3u    1.708060  
       1B3g    1.802423    11Ag     1.802423     4B2g    2.237980  
       4B1g    2.237980     1Au     2.248903    11B3u    2.248903  
       5B1u    2.705359     5B2u    2.705359    12Ag     2.710652  
      12B3u    3.204936     5B2g    3.402669     5B1g    3.402669  
      13Ag     3.827036    13B3u    4.283621    14Ag     5.115483  
      14B3u    5.865652  

    Final Occupation by Irrep:
             Ag   B1g   B2g   B3g    Au   B1u   B2u   B3u 
    DOCC [     3,    0,    0,    0,    0,    1,    1,    2 ]

  @DF-RHF Final Energy:   -76.82717247314277

   => Energetics <=

    Nuclear Repulsion Energy =             25.0163022526614682
    One-Electron Energy =                -152.0806668630955585
    Two-Electron Energy =                  50.2371921372913306
    Total Energy =                        -76.8271724731427668

Computation Completed


Properties will be evaluated at   0.000000,   0.000000,   0.000000 [a0]

Properties computed using the SCF density matrix

  Nuclear Dipole Moment: [e a0]
     X:     0.0000      Y:     0.0000      Z:     0.0000

  Electronic Dipole Moment: [e a0]
     X:     0.0000      Y:     0.0000      Z:     0.0000

  Dipole Moment: [e a0]
     X:     0.0000      Y:     0.0000      Z:     0.0000     Total:     0.0000

  Dipole Moment: [D]
     X:     0.0000      Y:     0.0000      Z:     0.0000     Total:     0.0000


*** tstop() called on wanukaka at Thu Apr 14 13:06:43 2022
Module time:
	user time   =       5.25 seconds =       0.09 minutes
	system time =       0.17 seconds =       0.00 minutes
	total time  =          1 seconds =       0.02 minutes
Total time:
	user time   =   15059.91 seconds =     251.00 minutes
	system time =     652.32 seconds =      10.87 minutes
	total time  =       1747 seconds =      29.12 minutes
hessian() using ref_gradient to assess stationary point.

  Based on options and gradient (rms=9.13E-05), recommend projecting translations and projecting rotations.
hessian() will perform analytic frequency computation.

*** tstart() called on wanukaka
*** at Thu Apr 14 13:06:43 2022

   => Loading Basis Set <=

    Name: 6-31++G(D,P)
    Role: ORBITAL
    Keyword: BASIS
    atoms 1-2 entry C          line   115 file /home/sulstice/software/miniconda2/envs/qmpython2/share/psi4/basis/6-31ppg_d_p_.gbs 
    atoms 3-4 entry H          line    46 file /home/sulstice/software/miniconda2/envs/qmpython2/share/psi4/basis/6-31ppg_d_p_.gbs 


         ---------------------------------------------------------
                                   SCF
               by Justin Turney, Rob Parrish, Andy Simmonett
                          and Daniel G. A. Smith
                              RHF Reference
                       10 Threads,   7629 MiB Core
         ---------------------------------------------------------

  ==> Geometry <==

    Molecular point group: d2h
    Full point group: D_inf_h

    Geometry (in Angstrom), charge = 0, multiplicity = 1:

       Center              X                  Y                   Z               Mass       
    ------------   -----------------  -----------------  -----------------  -----------------
         C           -0.594472940987    -0.000000000000     0.000000000000    12.000000000000
         C            0.594472940987     0.000000000000     0.000000000000    12.000000000000
         H           -1.651741242897    -0.000000000000     0.000000000000     1.007825032230
         H            1.651741242897     0.000000000000     0.000000000000     1.007825032230

  Running in d2h symmetry.

  Rotational constants: A = ************  B =      1.20577  C =      1.20577 [cm^-1]
  Rotational constants: A = ************  B =  36148.20596  C =  36148.20596 [MHz]
  Nuclear repulsion =   25.016302252661468

  Charge       = 0
  Multiplicity = 1
  Electrons    = 14
  Nalpha       = 7
  Nbeta        = 7

  ==> Algorithm <==

  SCF Algorithm Type is DF.
  DIIS enabled.
  MOM disabled.
  Fractional occupation disabled.
  Guess Type is SAD.
  Energy threshold   = 1.00e-08
  Density threshold  = 1.00e-08
  Integral threshold = 0.00e+00

  ==> Primary Basis <==

  Basis Set: 6-31++G(D,P)
    Blend: 6-31++G(D,P)
    Number of shells: 24
    Number of basis function: 50
    Number of Cartesian functions: 50
    Spherical Harmonics?: false
    Max angular momentum: 2

   => Loading Basis Set <=

    Name: (6-31++G(D,P) AUX)
    Role: JKFIT
    Keyword: DF_BASIS_SCF
    atoms 1-2 entry C          line   154 file /home/sulstice/software/miniconda2/envs/qmpython2/share/psi4/basis/aug-cc-pvdz-jkfit.gbs 
    atoms 3-4 entry H          line    70 file /home/sulstice/software/miniconda2/envs/qmpython2/share/psi4/basis/aug-cc-pvdz-jkfit.gbs 

  ==> Pre-Iterations <==

   -------------------------------------------------------
    Irrep   Nso     Nmo     Nalpha   Nbeta   Ndocc  Nsocc
   -------------------------------------------------------
     Ag        14      14       0       0       0       0
     B1g        5       5       0       0       0       0
     B2g        5       5       0       0       0       0
     B3g        1       1       0       0       0       0
     Au         1       1       0       0       0       0
     B1u        5       5       0       0       0       0
     B2u        5       5       0       0       0       0
     B3u       14      14       0       0       0       0
   -------------------------------------------------------
    Total      50      50       7       7       7       0
   -------------------------------------------------------

  ==> Integral Setup <==

  DFHelper Memory: AOs need 0.006 GiB; user supplied 5.588 GiB. Using in-core AOs.

  ==> MemDFJK: Density-Fitted J/K Matrices <==

    J tasked:                   Yes
    K tasked:                   Yes
    wK tasked:                   No
    OpenMP threads:              10
    Memory [MiB]:              5722
    Algorithm:                 Core
    Schwarz Cutoff:           1E-12
    Mask sparsity (%):       0.0000
    Fitting Condition:        1E-10

   => Auxiliary Basis Set <=

  Basis Set: (6-31++G(D,P) AUX)
    Blend: AUG-CC-PVDZ-JKFIT
    Number of shells: 80
    Number of basis function: 272
    Number of Cartesian functions: 272
    Spherical Harmonics?: false
    Max angular momentum: 3

  Minimum eigenvalue in the overlap matrix is 2.7538744108E-05.
  Using Symmetric Orthogonalization.

  SCF Guess: Superposition of Atomic Densities via on-the-fly atomic UHF.

  ==> Iterations <==

                           Total Energy        Delta E     RMS |[F,P]|

   @DF-RHF iter SAD:   -75.89742206366034   -7.58974e+01   0.00000e+00 
   @DF-RHF iter   1:   -76.77797288534299   -8.80551e-01   1.31620e-02 DIIS
   @DF-RHF iter   2:   -76.82196857961272   -4.39957e-02   4.48424e-03 DIIS
   @DF-RHF iter   3:   -76.82705640222912   -5.08782e-03   4.79817e-04 DIIS
   @DF-RHF iter   4:   -76.82717110657308   -1.14704e-04   4.79630e-05 DIIS
   @DF-RHF iter   5:   -76.82717240374596   -1.29717e-06   9.96424e-06 DIIS
   @DF-RHF iter   6:   -76.82717247145803   -6.77121e-08   1.59024e-06 DIIS
   @DF-RHF iter   7:   -76.82717247314272   -1.68470e-09   2.38429e-07 DIIS
   @DF-RHF iter   8:   -76.82717247317871   -3.59819e-11   1.52087e-08 DIIS
   @DF-RHF iter   9:   -76.82717247317888   -1.70530e-13   1.52715e-09 DIIS
  Energy and wave function converged.


  ==> Post-Iterations <==

    Orbital Energies [Eh]
    ---------------------

    Doubly Occupied:                                                      

       1Ag   -11.247530     1B3u  -11.243496     2Ag    -1.036147  
       2B3u   -0.767991     3Ag    -0.682096     1B1u   -0.412941  
       1B2u   -0.412941  

    Virtual:                                                              

       4Ag     0.044326     3B3u    0.051352     1B1g    0.115202  
       1B2g    0.115202     2B1u    0.133337     2B2u    0.133337  
       5Ag     0.155576     4B3u    0.180347     6Ag     0.210769  
       5B3u    0.235407     2B1g    0.268455     2B2g    0.268455  
       6B3u    0.388292     7Ag     0.439072     7B3u    0.796634  
       3B1u    0.871349     3B2u    0.871349     8Ag     0.910295  
       3B1g    0.986282     3B2g    0.986282     8B3u    1.084222  
       9Ag     1.131649    10Ag     1.385364     4B1u    1.650101  
       4B2u    1.650101     9B3u    1.655801    10B3u    1.708060  
       1B3g    1.802423    11Ag     1.802423     4B2g    2.237980  
       4B1g    2.237980     1Au     2.248903    11B3u    2.248903  
       5B1u    2.705359     5B2u    2.705359    12Ag     2.710652  
      12B3u    3.204936     5B2g    3.402669     5B1g    3.402669  
      13Ag     3.827036    13B3u    4.283622    14Ag     5.115483  
      14B3u    5.865652  

    Final Occupation by Irrep:
             Ag   B1g   B2g   B3g    Au   B1u   B2u   B3u 
    DOCC [     3,    0,    0,    0,    0,    1,    1,    2 ]

  @DF-RHF Final Energy:   -76.82717247317888

   => Energetics <=

    Nuclear Repulsion Energy =             25.0163022526614682
    One-Electron Energy =                -152.0806656133349861
    Two-Electron Energy =                  50.2371908874946342
    Total Energy =                        -76.8271724731788908

Computation Completed


Properties will be evaluated at   0.000000,   0.000000,   0.000000 [a0]

Properties computed using the SCF density matrix

  Nuclear Dipole Moment: [e a0]
     X:     0.0000      Y:     0.0000      Z:     0.0000

  Electronic Dipole Moment: [e a0]
     X:     0.0000      Y:     0.0000      Z:     0.0000

  Dipole Moment: [e a0]
     X:     0.0000      Y:     0.0000      Z:     0.0000     Total:     0.0000

  Dipole Moment: [D]
     X:     0.0000      Y:     0.0000      Z:     0.0000     Total:     0.0000


*** tstop() called on wanukaka at Thu Apr 14 13:06:44 2022
Module time:
	user time   =       5.32 seconds =       0.09 minutes
	system time =       0.20 seconds =       0.00 minutes
	total time  =          1 seconds =       0.02 minutes
Total time:
	user time   =   15065.31 seconds =     251.09 minutes
	system time =     652.53 seconds =      10.88 minutes
	total time  =       1748 seconds =      29.13 minutes

*** tstart() called on wanukaka
*** at Thu Apr 14 13:06:44 2022


         ------------------------------------------------------------
                                   SCF HESS                          
                          Rob Parrish, Justin Turney,                
                       Andy Simmonett, and Alex Sokolov              
         ------------------------------------------------------------

  ==> Geometry <==

    Molecular point group: d2h
    Full point group: D_inf_h

    Geometry (in Angstrom), charge = 0, multiplicity = 1:

       Center              X                  Y                   Z               Mass       
    ------------   -----------------  -----------------  -----------------  -----------------
         C           -0.594472940987    -0.000000000000     0.000000000000    12.000000000000
         C            0.594472940987     0.000000000000     0.000000000000    12.000000000000
         H           -1.651741242897    -0.000000000000     0.000000000000     1.007825032230
         H            1.651741242897     0.000000000000     0.000000000000     1.007825032230

  Nuclear repulsion =   25.016302252661468

  ==> Basis Set <==

  Basis Set: 6-31++G(D,P)
    Blend: 6-31++G(D,P)
    Number of shells: 24
    Number of basis function: 50
    Number of Cartesian functions: 50
    Spherical Harmonics?: false
    Max angular momentum: 2

  ==> DFJKGrad: Density-Fitted SCF Gradients <==

    Gradient:                    2
    J tasked:                  Yes
    K tasked:                  Yes
    wK tasked:                  No
    OpenMP threads:             10
    Integrals threads:          10
    Memory [MiB]:             5722
    Schwarz Cutoff:          0E+00
    Fitting Condition:       1E-10

   => Auxiliary Basis Set <=

  Basis Set: (6-31++G(D,P) AUX)
    Blend: AUG-CC-PVDZ-JKFIT
    Number of shells: 80
    Number of basis function: 272
    Number of Cartesian functions: 272
    Spherical Harmonics?: false
    Max angular momentum: 3

  DFHelper Memory: AOs need 0.006 GiB; user supplied 6.706 GiB. Using in-core AOs.

  ==> MemDFJK: Density-Fitted J/K Matrices <==

    J tasked:                   Yes
    K tasked:                   Yes
    wK tasked:                   No
    OpenMP threads:              10
    Memory [MiB]:              6866
    Algorithm:                 Core
    Schwarz Cutoff:           1E-12
    Mask sparsity (%):       0.0000
    Fitting Condition:        1E-10

   => Auxiliary Basis Set <=

  Basis Set: (6-31++G(D,P) AUX)
    Blend: AUG-CC-PVDZ-JKFIT
    Number of shells: 80
    Number of basis function: 272
    Number of Cartesian functions: 272
    Spherical Harmonics?: false
    Max angular momentum: 3


         ------------------------------------------------------------
                                     CPHF                           
                                  Rob Parrish                       
         ------------------------------------------------------------

  ==> Geometry <==

    Molecular point group: d2h
    Full point group: D_inf_h

    Geometry (in Angstrom), charge = 0, multiplicity = 1:

       Center              X                  Y                   Z               Mass       
    ------------   -----------------  -----------------  -----------------  -----------------
         C           -0.594472940987    -0.000000000000     0.000000000000    12.000000000000
         C            0.594472940987     0.000000000000     0.000000000000    12.000000000000
         H           -1.651741242897    -0.000000000000     0.000000000000     1.007825032230
         H            1.651741242897     0.000000000000     0.000000000000     1.007825032230

  Nuclear repulsion =   25.016302252661468
  Reference energy  =  -76.827172473178877

  ==> Basis Set <==

  Basis Set: 6-31++G(D,P)
    Blend: 6-31++G(D,P)
    Number of shells: 24
    Number of basis function: 50
    Number of Cartesian functions: 50
    Spherical Harmonics?: false
    Max angular momentum: 2

  ==> CGRSolver (by Rob Parrish) <==

   Number of roots    =        12
   Preconditioning    =    JACOBI
   Convergence cutoff =     1E-06
   Maximum iterations =       100

  ==> CPHFRHamiltonian (by Rob Parrish) <== 

  ==> MemDFJK: Density-Fitted J/K Matrices <==

    J tasked:                   Yes
    K tasked:                   Yes
    wK tasked:                   No
    OpenMP threads:              10
    Memory [MiB]:              6866
    Algorithm:                 Core
    Schwarz Cutoff:           1E-12
    Mask sparsity (%):       0.0000
    Fitting Condition:        1E-10

   => Auxiliary Basis Set <=

  Basis Set: (6-31++G(D,P) AUX)
    Blend: AUG-CC-PVDZ-JKFIT
    Number of shells: 80
    Number of basis function: 272
    Number of Cartesian functions: 272
    Spherical Harmonics?: false
    Max angular momentum: 3

  ==> CPHF Iterations <==

  => Iterations <=

             Iter  Converged  Remaining    Residual
  CGR           1          0         12   1.043E-01
  CGR           2          0         12   3.405E-02
  CGR           3          0         12   5.183E-03
  CGR           4          0         12   7.396E-04
  CGR           5          0         12   1.179E-04
  CGR           6          0         12   1.492E-05
  CGR           7          8          4   1.744E-06
  CGR           8         12          0   2.147E-07

    CGRSolver converged.


*** tstop() called on wanukaka at Thu Apr 14 13:07:48 2022
Module time:
	user time   =     614.61 seconds =      10.24 minutes
	system time =      15.72 seconds =       0.26 minutes
	total time  =         64 seconds =       1.07 minutes
Total time:
	user time   =   15679.94 seconds =     261.33 minutes
	system time =     668.25 seconds =      11.14 minutes
	total time  =       1812 seconds =      30.20 minutes


  ==> Harmonic Vibrational Analysis <==

  non-mass-weighted Hessian:       Symmetric? True   Hermitian? True   Lin Dep Dim?  0 (0)
  projection of translations (True) and rotations (True) removed 5 degrees of freedom (5)
  total projector:                 Symmetric? True   Hermitian? True   Lin Dep Dim?  5 (5)
  mass-weighted Hessian:           Symmetric? True   Hermitian? True   Lin Dep Dim?  0 (0)
  pre-proj  low-frequency mode:    0.0000i [cm^-1]
  pre-proj  low-frequency mode:    0.0000i [cm^-1]
  pre-proj  low-frequency mode:    0.2052  [cm^-1]
  pre-proj  low-frequency mode:   15.3800  [cm^-1]
  pre-proj  low-frequency mode:   15.3809  [cm^-1]
  pre-proj  all modes:['0.0366i' '0.0184i' '0.2052' '15.3800' '15.3809' '801.4860' '801.4862'
 '867.8034' '867.8035' '2221.3782' '3582.1432' '3692.0270']
  projected mass-weighted Hessian: Symmetric? True   Hermitian? True   Lin Dep Dim?  5 (5)
  post-proj low-frequency mode:    0.0000i [cm^-1] (TR)
  post-proj low-frequency mode:    0.0000i [cm^-1] (TR)
  post-proj low-frequency mode:    0.0000  [cm^-1] (TR)
  post-proj low-frequency mode:    0.0000  [cm^-1] (TR)
  post-proj low-frequency mode:    0.0000  [cm^-1] (TR)
  post-proj  all modes:['0.0000i' '0.0000i' '0.0000' '0.0000' '0.0000' '801.4859' '801.4861'
 '867.8034' '867.8035' '2221.3782' '3582.1432' '3692.0270']

  Vibration                       6                   7                   8           
  Freq [cm^-1]                 801.4859            801.4861            867.8034       
  Irrep                          B1g                 B2g                 B2u          
  Reduced mass [u]              1.5755              1.5755              1.0848        
  Force const [mDyne/A]         0.5963              0.5963              0.4813        
  Turning point v=0 [a0]        0.3088              0.3088              0.3576        
  RMS dev v=0 [a0 u^1/2]        0.2741              0.2741              0.2634        
  IR activ [km/mol]             0.0000              0.0000             132.0947       
  Char temp [K]               1153.1598           1153.1601           1248.5759       
  ----------------------------------------------------------------------------------
      1   C                0.00 -0.16 -0.00   -0.00  0.00 -0.16    0.00 -0.06  0.00   
      2   C               -0.00  0.16  0.00    0.00 -0.00  0.16   -0.00 -0.06  0.00   
      3   H               -0.00  0.69  0.00    0.00 -0.00  0.69   -0.00  0.70 -0.00   
      4   H               -0.00 -0.69 -0.00   -0.00  0.00 -0.69    0.00  0.70 -0.00   

  Vibration                       9                   10                  11          
  Freq [cm^-1]                 867.8035           2221.3782           3582.1432       
  Irrep                          B1u                  Ag                 B3u          
  Reduced mass [u]              1.0848              3.7178              1.0848        
  Force const [mDyne/A]         0.4813             10.8089              8.2015        
  Turning point v=0 [a0]        0.3576              0.1207              0.1760        
  RMS dev v=0 [a0 u^1/2]        0.2634              0.1646              0.1296        
  IR activ [km/mol]            132.0947             0.0000             100.8121       
  Char temp [K]               1248.5760           3196.0686           5153.9065       
  ----------------------------------------------------------------------------------
      1   C                0.00 -0.00 -0.06    0.35  0.00 -0.00   -0.06 -0.00 -0.00   
      2   C               -0.00 -0.00 -0.06   -0.35 -0.00  0.00   -0.06  0.00  0.00   
      3   H               -0.00  0.00  0.70    0.61 -0.00 -0.00    0.70  0.00 -0.00   
      4   H                0.00  0.00  0.70   -0.61 -0.00 -0.00    0.70 -0.00 -0.00   

  Vibration                       12          
  Freq [cm^-1]                3692.0270       
  Irrep                           Ag          
  Reduced mass [u]              1.2398        
  Force const [mDyne/A]         9.9569        
  Turning point v=0 [a0]        0.1622        
  RMS dev v=0 [a0 u^1/2]        0.1277        
  IR activ [km/mol]             0.0000        
  Char temp [K]               5312.0048       
  ----------------------------------------------------------------------------------
      1   C               -0.10 -0.00 -0.00   
      2   C                0.10 -0.00 -0.00   
      3   H                0.70  0.00  0.00   
      4   H               -0.70  0.00  0.00   

  ==> Thermochemistry Components <==

  Entropy, S
    Electronic S            0.000 [cal/(mol K)]        0.000 [J/(mol K)]       0.00000000 [mEh/K] (multiplicity = 1)
    Translational S        35.704 [cal/(mol K)]      149.387 [J/(mol K)]       0.05689862 [mEh/K] (mol. weight = 26.0157 [u], P = 101325.00 [Pa])
    Rotational S           10.837 [cal/(mol K)]       45.343 [J/(mol K)]       0.01727031 [mEh/K] (symmetry no. = 2)
    Vibrational S           0.730 [cal/(mol K)]        3.055 [J/(mol K)]       0.00116343 [mEh/K]
  Total S                  47.272 [cal/(mol K)]      197.785 [J/(mol K)]       0.07533236 [mEh/K]
  Correction S              0.000 [cal/(mol K)]        0.000 [J/(mol K)]       0.00000000 [mEh/K]

  Constant volume heat capacity, Cv
    Electronic Cv           0.000 [cal/(mol K)]        0.000 [J/(mol K)]       0.00000000 [mEh/K]
    Translational Cv        2.981 [cal/(mol K)]       12.472 [J/(mol K)]       0.00475022 [mEh/K]
    Rotational Cv           1.987 [cal/(mol K)]        8.314 [J/(mol K)]       0.00316681 [mEh/K]
    Vibrational Cv          2.393 [cal/(mol K)]       10.011 [J/(mol K)]       0.00381289 [mEh/K]
  Total Cv                  7.361 [cal/(mol K)]       30.797 [J/(mol K)]       0.01172992 [mEh/K]
  Correction Cv             0.000 [cal/(mol K)]        0.000 [J/(mol K)]       0.00000000 [mEh/K]

  Constant pressure heat capacity, Cp
    Electronic Cp           0.000 [cal/(mol K)]        0.000 [J/(mol K)]       0.00000000 [mEh/K]
    Translational Cp        4.968 [cal/(mol K)]       20.786 [J/(mol K)]       0.00791703 [mEh/K]
    Rotational Cp           1.987 [cal/(mol K)]        8.314 [J/(mol K)]       0.00316681 [mEh/K]
    Vibrational Cp          2.393 [cal/(mol K)]       10.011 [J/(mol K)]       0.00381289 [mEh/K]
  Total Cp                  9.348 [cal/(mol K)]       39.111 [J/(mol K)]       0.01489673 [mEh/K]
  Correction Cp             0.000 [cal/(mol K)]        0.000 [J/(mol K)]       0.00000000 [mEh/K]

  ==> Thermochemistry Energy Analysis <==

  Raw electronic energy, E0
  Total E0, Electronic energy at well bottom at 0 [K]                  -76.82717247 [Eh]

  Zero-point energy, ZPE_vib = Sum_i nu_i / 2
    Electronic ZPE          0.000 [kcal/mol]        0.000 [kJ/mol]       0.00000000 [Eh]
    Translational ZPE       0.000 [kcal/mol]        0.000 [kJ/mol]       0.00000000 [Eh]
    Rotational ZPE          0.000 [kcal/mol]        0.000 [kJ/mol]       0.00000000 [Eh]
    Vibrational ZPE        18.347 [kcal/mol]       76.765 [kJ/mol]       0.02923829 [Eh]        6417.064 [cm^-1]
  Correction ZPE           18.347 [kcal/mol]       76.765 [kJ/mol]       0.02923829 [Eh]        6417.064 [cm^-1]
  Total ZPE, Electronic energy at 0 [K]                                -76.79793418 [Eh]

  Thermal Energy, E (includes ZPE)
    Electronic E            0.000 [kcal/mol]        0.000 [kJ/mol]       0.00000000 [Eh]
    Translational E         0.889 [kcal/mol]        3.718 [kJ/mol]       0.00141628 [Eh]
    Rotational E            0.592 [kcal/mol]        2.479 [kJ/mol]       0.00094418 [Eh]
    Vibrational E          18.522 [kcal/mol]       77.495 [kJ/mol]       0.02951637 [Eh]
  Correction E             20.003 [kcal/mol]       83.693 [kJ/mol]       0.03187683 [Eh]
  Total E, Electronic energy at  298.15 [K]                            -76.79529565 [Eh]

  Enthalpy, H_trans = E_trans + k_B * T
    Electronic H            0.000 [kcal/mol]        0.000 [kJ/mol]       0.00000000 [Eh]
    Translational H         1.481 [kcal/mol]        6.197 [kJ/mol]       0.00236046 [Eh]
    Rotational H            0.592 [kcal/mol]        2.479 [kJ/mol]       0.00094418 [Eh]
    Vibrational H          18.522 [kcal/mol]       77.495 [kJ/mol]       0.02951637 [Eh]
  Correction H             20.595 [kcal/mol]       86.172 [kJ/mol]       0.03282101 [Eh]
  Total H, Enthalpy at  298.15 [K]                                     -76.79435146 [Eh]

  Gibbs free energy, G = H - T * S
    Electronic G            0.000 [kcal/mol]        0.000 [kJ/mol]       0.00000000 [Eh]
    Translational G        -9.164 [kcal/mol]      -38.342 [kJ/mol]      -0.01460386 [Eh]
    Rotational G           -2.639 [kcal/mol]      -11.040 [kJ/mol]      -0.00420496 [Eh]
    Vibrational G          18.304 [kcal/mol]       76.584 [kJ/mol]       0.02916949 [Eh]
  Correction G              6.501 [kcal/mol]       27.202 [kJ/mol]       0.01036067 [Eh]
  Total G, Free enthalpy at  298.15 [K]                                -76.81681180 [Eh]
