gradient() will perform analytic gradient computation.

*** tstart() called on wanukaka
*** at Thu Apr 14 12:53:57 2022

   => Loading Basis Set <=

    Name: 6-31+G(D)
    Role: ORBITAL
    Keyword: BASIS
    atoms 1 entry C          line   119 file /home/sulstice/software/miniconda2/envs/qmpython2/share/psi4/basis/6-31pg_d_.gbs 
    atoms 2 entry O          line   157 file /home/sulstice/software/miniconda2/envs/qmpython2/share/psi4/basis/6-31pg_d_.gbs 


         ---------------------------------------------------------
                                   SCF
               by Justin Turney, Rob Parrish, Andy Simmonett
                          and Daniel G. A. Smith
                              RHF Reference
                       10 Threads,   7629 MiB Core
         ---------------------------------------------------------

  ==> Geometry <==

    Molecular point group: c2v
    Full point group: C_inf_v

    Geometry (in Angstrom), charge = 0, multiplicity = 1:

       Center              X                  Y                   Z               Mass       
    ------------   -----------------  -----------------  -----------------  -----------------
         C            0.000000000000     0.000000000000    -0.644483611972    12.000000000000
         O            0.000000000000     0.000000000000     0.483516388028    15.994914619570

  Running in c2v symmetry.

  Rotational constants: A = ************  B =      1.93239  C =      1.93239 [cm^-1]
  Rotational constants: A = ************  B =  57931.52687  C =  57931.52687 [MHz]
  Nuclear repulsion =   22.518179177446818

  Charge       = 0
  Multiplicity = 1
  Electrons    = 14
  Nalpha       = 7
  Nbeta        = 7

  ==> Algorithm <==

  SCF Algorithm Type is DF.
  DIIS enabled.
  MOM disabled.
  Fractional occupation disabled.
  Guess Type is SAD.
  Energy threshold   = 1.00e-08
  Density threshold  = 1.00e-08
  Integral threshold = 0.00e+00

  ==> Primary Basis <==

  Basis Set: 6-31+G(D)
    Blend: 6-31+G(D)
    Number of shells: 16
    Number of basis function: 38
    Number of Cartesian functions: 38
    Spherical Harmonics?: false
    Max angular momentum: 2

   => Loading Basis Set <=

    Name: (6-31+G(D) AUX)
    Role: JKFIT
    Keyword: DF_BASIS_SCF
    atoms 1 entry C          line   194 file /home/sulstice/software/miniconda2/envs/qmpython2/share/psi4/basis/heavy-aug-cc-pvdz-jkfit.gbs 
    atoms 2 entry O          line   310 file /home/sulstice/software/miniconda2/envs/qmpython2/share/psi4/basis/heavy-aug-cc-pvdz-jkfit.gbs 

  ==> Pre-Iterations <==

   -------------------------------------------------------
    Irrep   Nso     Nmo     Nalpha   Nbeta   Ndocc  Nsocc
   -------------------------------------------------------
     A1        20      20       0       0       0       0
     A2         2       2       0       0       0       0
     B1         8       8       0       0       0       0
     B2         8       8       0       0       0       0
   -------------------------------------------------------
    Total      38      38       7       7       7       0
   -------------------------------------------------------

  ==> Integral Setup <==

  DFHelper Memory: AOs need 0.003 GiB; user supplied 5.588 GiB. Using in-core AOs.

  ==> MemDFJK: Density-Fitted J/K Matrices <==

    J tasked:                   Yes
    K tasked:                   Yes
    wK tasked:                   No
    OpenMP threads:              10
    Memory [MiB]:              5722
    Algorithm:                 Core
    Schwarz Cutoff:           1E-12
    Mask sparsity (%):       0.0000
    Fitting Condition:        1E-10

   => Auxiliary Basis Set <=

  Basis Set: (6-31+G(D) AUX)
    Blend: HEAVY-AUG-CC-PVDZ-JKFIT
    Number of shells: 56
    Number of basis function: 202
    Number of Cartesian functions: 202
    Spherical Harmonics?: false
    Max angular momentum: 3

  Minimum eigenvalue in the overlap matrix is 5.0714143463E-03.
  Using Symmetric Orthogonalization.

  SCF Guess: Superposition of Atomic Densities via on-the-fly atomic UHF.

  ==> Iterations <==

                           Total Energy        Delta E     RMS |[F,P]|

   @DF-RHF iter SAD:  -111.84739496009726   -1.11847e+02   0.00000e+00 
   @DF-RHF iter   1:  -112.71442951507514   -8.67035e-01   1.18681e-02 DIIS
   @DF-RHF iter   2:  -112.72343901850488   -9.00950e-03   9.74817e-03 DIIS
   @DF-RHF iter   3:  -112.74115781058937   -1.77188e-02   6.44100e-04 DIIS
   @DF-RHF iter   4:  -112.74127304185930   -1.15231e-04   7.37839e-05 DIIS
   @DF-RHF iter   5:  -112.74127531929292   -2.27743e-06   1.38958e-05 DIIS
   @DF-RHF iter   6:  -112.74127542191275   -1.02620e-07   2.63152e-06 DIIS
   @DF-RHF iter   7:  -112.74127542538091   -3.46816e-09   3.51558e-07 DIIS
   @DF-RHF iter   8:  -112.74127542545634   -7.54312e-11   4.76322e-08 DIIS
   @DF-RHF iter   9:  -112.74127542545769   -1.35003e-12   8.71002e-09 DIIS
  Energy and wave function converged.


  ==> Post-Iterations <==

    Orbital Energies [Eh]
    ---------------------

    Doubly Occupied:                                                      

       1A1   -20.686132     2A1   -11.372766     3A1    -1.529322  
       4A1    -0.804552     1B2    -0.641603     1B1    -0.641603  
       5A1    -0.555394  

    Virtual:                                                              

       2B2     0.084259     2B1     0.084259     6A1     0.085843  
       7A1     0.115024     3B1     0.184666     3B2     0.184666  
       8A1     0.271275     4B1     0.306697     4B2     0.306697  
       9A1     0.365978    10A1     0.582260     5B1     0.858369  
       5B2     0.858369    11A1     1.008253    12A1     1.238061  
      13A1     1.418994     6B1     1.428622     6B2     1.428622  
      14A1     1.711382     1A2     1.741367    15A1     1.741367  
       7B1     1.836360     7B2     1.836360     2A2     2.253181  
      16A1     2.253181    17A1     2.838476     8B1     2.957484  
       8B2     2.957484    18A1     3.440356    19A1     4.417771  
      20A1     4.559356  

    Final Occupation by Irrep:
             A1    A2    B1    B2 
    DOCC [     5,    0,    1,    1 ]

  @DF-RHF Final Energy:  -112.74127542545769

   => Energetics <=

    Nuclear Repulsion Energy =             22.5181791774468181
    One-Electron Energy =                -198.0561651694234797
    Two-Electron Energy =                  62.7967105665189607
    Total Energy =                       -112.7412754254577010

Computation Completed


Properties will be evaluated at   0.000000,   0.000000,   0.000000 [a0]

Properties computed using the SCF density matrix

  Nuclear Dipole Moment: [e a0]
     X:     0.0000      Y:     0.0000      Z:     0.0023

  Electronic Dipole Moment: [e a0]
     X:     0.0000      Y:     0.0000      Z:    -0.1298

  Dipole Moment: [e a0]
     X:     0.0000      Y:     0.0000      Z:    -0.1274     Total:     0.1274

  Dipole Moment: [D]
     X:     0.0000      Y:     0.0000      Z:    -0.3239     Total:     0.3239


*** tstop() called on wanukaka at Thu Apr 14 12:53:57 2022
Module time:
	user time   =       4.94 seconds =       0.08 minutes
	system time =       0.22 seconds =       0.00 minutes
	total time  =          0 seconds =       0.00 minutes
Total time:
	user time   =    8430.22 seconds =     140.50 minutes
	system time =     380.17 seconds =       6.34 minutes
	total time  =        981 seconds =      16.35 minutes

*** tstart() called on wanukaka
*** at Thu Apr 14 12:53:57 2022


         ------------------------------------------------------------
                                   SCF GRAD                          
                          Rob Parrish, Justin Turney,                
                       Andy Simmonett, and Alex Sokolov              
         ------------------------------------------------------------

  ==> Geometry <==

    Molecular point group: c2v
    Full point group: C_inf_v

    Geometry (in Angstrom), charge = 0, multiplicity = 1:

       Center              X                  Y                   Z               Mass       
    ------------   -----------------  -----------------  -----------------  -----------------
         C            0.000000000000     0.000000000000    -0.644483611972    12.000000000000
         O            0.000000000000     0.000000000000     0.483516388028    15.994914619570

  Nuclear repulsion =   22.518179177446818

  ==> Basis Set <==

  Basis Set: 6-31+G(D)
    Blend: 6-31+G(D)
    Number of shells: 16
    Number of basis function: 38
    Number of Cartesian functions: 38
    Spherical Harmonics?: false
    Max angular momentum: 2

  ==> DFJKGrad: Density-Fitted SCF Gradients <==

    Gradient:                    1
    J tasked:                  Yes
    K tasked:                  Yes
    wK tasked:                  No
    OpenMP threads:             10
    Integrals threads:          10
    Memory [MiB]:             5722
    Schwarz Cutoff:          0E+00
    Fitting Condition:       1E-10

   => Auxiliary Basis Set <=

  Basis Set: (6-31+G(D) AUX)
    Blend: HEAVY-AUG-CC-PVDZ-JKFIT
    Number of shells: 56
    Number of basis function: 202
    Number of Cartesian functions: 202
    Spherical Harmonics?: false
    Max angular momentum: 3


  -Total Gradient:
     Atom            X                  Y                   Z
    ------   -----------------  -----------------  -----------------
       1        0.000000000000     0.000000000000    -0.040582284091
       2       -0.000000000000    -0.000000000000     0.040582284089


*** tstop() called on wanukaka at Thu Apr 14 12:53:58 2022
Module time:
	user time   =       3.64 seconds =       0.06 minutes
	system time =       0.15 seconds =       0.00 minutes
	total time  =          1 seconds =       0.02 minutes
Total time:
	user time   =    8433.87 seconds =     140.56 minutes
	system time =     380.32 seconds =       6.34 minutes
	total time  =        982 seconds =      16.37 minutes

			-----------------------------------------
			 OPTKING 2.0: for geometry optimizations 
			  - R.A. King,  Bethel University        
			-----------------------------------------

	Internal coordinates to be generated automatically.
	Detected frag 1 with atoms:  1 2
	---Fragment 1 Bond Connectivity---
	 1 : 2
	 2 : 1

	---Fragment 1 Geometry and Gradient---
	 C           0.0000000000        0.0000000000       -1.2178975190
	 O           0.0000000000        0.0000000000        0.9137135505
	             0.0000000000        0.0000000000       -0.0405822841
	            -0.0000000000       -0.0000000000        0.0405822841

	Previous optimization step data not found.  Starting new optimization.

	---Fragment 1 Intrafragment Coordinates---
	 - Coordinate -           - BOHR/RAD -       - ANG/DEG -
	 R(1,2)           =         2.131611	       1.128000

	Current energy   :      -112.7412754255

	Generating empirical Hessian (Schlegel '84) for each fragment.
	Taking RFO optimization step.
	Going to follow RFO solution 1.
	Using RFO vector 1.
	Norm of target step-size    0.02681
	Projected energy change by RFO approximation:        -0.0007281286

	Back-transformation to cartesian coordinates...
	Successfully converged to displaced geometry.

	--- Internal Coordinate Step in ANG or DEG, aJ/ANG or AJ/DEG ---
	 ---------------------------------------------------------------------------
	   Coordinate                Previous        Force       Change         New 
	   ----------                --------       ------       ------       ------
	    1 R(1,2)          =      1.128000    -0.334346    -0.014188     1.113812
	 ---------------------------------------------------------------------------
	Successfully symmetrized geometry.

  ==> Convergence Check <==

  Measures of convergence in internal coordinates in au.
  Criteria marked as inactive (o), active & met (*), and active & unmet ( ).
  --------------------------------------------------------------------------------------------- ~
   Step     Total Energy     Delta E     MAX Force     RMS Force      MAX Disp      RMS Disp    ~
  --------------------------------------------------------------------------------------------- ~
    Convergence Criteria    1.00e-06 *    3.00e-04 *             o    1.20e-03 *             o  ~
  --------------------------------------------------------------------------------------------- ~
      1    -112.74127543   -1.13e+02      4.06e-02      4.06e-02 o    2.68e-02      2.68e-02 o  ~
  ---------------------------------------------------------------------------------------------

	Writing optimization data to binary file.
	Structure for next step:
	Cartesian Geometry (in Angstrom)
	    C     0.0000000000   0.0000000000  -0.6373894299
	    O     0.0000000000   0.0000000000   0.4764222065
			--------------------------
			 OPTKING Finished Execution 
			--------------------------

    Structure for next step:
    Molecular point group: c2v
    Full point group: C_inf_v

    Geometry (in Angstrom), charge = 0, multiplicity = 1:

    C       
    O             1    1.113812

gradient() will perform analytic gradient computation.

*** tstart() called on wanukaka
*** at Thu Apr 14 12:53:58 2022

   => Loading Basis Set <=

    Name: 6-31+G(D)
    Role: ORBITAL
    Keyword: BASIS
    atoms 1 entry C          line   119 file /home/sulstice/software/miniconda2/envs/qmpython2/share/psi4/basis/6-31pg_d_.gbs 
    atoms 2 entry O          line   157 file /home/sulstice/software/miniconda2/envs/qmpython2/share/psi4/basis/6-31pg_d_.gbs 


         ---------------------------------------------------------
                                   SCF
               by Justin Turney, Rob Parrish, Andy Simmonett
                          and Daniel G. A. Smith
                              RHF Reference
                       10 Threads,   7629 MiB Core
         ---------------------------------------------------------

  ==> Geometry <==

    Molecular point group: c2v
    Full point group: C_inf_v

    Geometry (in Angstrom), charge = 0, multiplicity = 1:

       Center              X                  Y                   Z               Mass       
    ------------   -----------------  -----------------  -----------------  -----------------
         C            0.000000000000     0.000000000000    -0.636377082713    12.000000000000
         O            0.000000000000     0.000000000000     0.477434558057    15.994914619570

  Running in c2v symmetry.

  Rotational constants: A = ************  B =      1.98193  C =      1.98193 [cm^-1]
  Rotational constants: A = ************  B =  59416.85623  C =  59416.85623 [MHz]
  Nuclear repulsion =   22.805028410901564

  Charge       = 0
  Multiplicity = 1
  Electrons    = 14
  Nalpha       = 7
  Nbeta        = 7

  ==> Algorithm <==

  SCF Algorithm Type is DF.
  DIIS enabled.
  MOM disabled.
  Fractional occupation disabled.
  Guess Type is READ.
  Energy threshold   = 1.00e-08
  Density threshold  = 1.00e-08
  Integral threshold = 0.00e+00

  ==> Primary Basis <==

  Basis Set: 6-31+G(D)
    Blend: 6-31+G(D)
    Number of shells: 16
    Number of basis function: 38
    Number of Cartesian functions: 38
    Spherical Harmonics?: false
    Max angular momentum: 2

   => Loading Basis Set <=

    Name: (6-31+G(D) AUX)
    Role: JKFIT
    Keyword: DF_BASIS_SCF
    atoms 1 entry C          line   194 file /home/sulstice/software/miniconda2/envs/qmpython2/share/psi4/basis/heavy-aug-cc-pvdz-jkfit.gbs 
    atoms 2 entry O          line   310 file /home/sulstice/software/miniconda2/envs/qmpython2/share/psi4/basis/heavy-aug-cc-pvdz-jkfit.gbs 

   => Loading Basis Set <=

    Name: 6-31+G(D)
    Role: ORBITAL
    Keyword: BASIS
    atoms 1 entry C          line   119 file /home/sulstice/software/miniconda2/envs/qmpython2/share/psi4/basis/6-31pg_d_.gbs 
    atoms 2 entry O          line   157 file /home/sulstice/software/miniconda2/envs/qmpython2/share/psi4/basis/6-31pg_d_.gbs 

  Reading orbitals from file 180, no projection.

  ==> Pre-Iterations <==

   -------------------------------------------------------
    Irrep   Nso     Nmo     Nalpha   Nbeta   Ndocc  Nsocc
   -------------------------------------------------------
     A1        20      20       0       0       0       0
     A2         2       2       0       0       0       0
     B1         8       8       0       0       0       0
     B2         8       8       0       0       0       0
   -------------------------------------------------------
    Total      38      38       7       7       7       0
   -------------------------------------------------------

  ==> Integral Setup <==

  DFHelper Memory: AOs need 0.003 GiB; user supplied 5.588 GiB. Using in-core AOs.

  ==> MemDFJK: Density-Fitted J/K Matrices <==

    J tasked:                   Yes
    K tasked:                   Yes
    wK tasked:                   No
    OpenMP threads:              10
    Memory [MiB]:              5722
    Algorithm:                 Core
    Schwarz Cutoff:           1E-12
    Mask sparsity (%):       0.0000
    Fitting Condition:        1E-10

   => Auxiliary Basis Set <=

  Basis Set: (6-31+G(D) AUX)
    Blend: HEAVY-AUG-CC-PVDZ-JKFIT
    Number of shells: 56
    Number of basis function: 202
    Number of Cartesian functions: 202
    Spherical Harmonics?: false
    Max angular momentum: 3

  Minimum eigenvalue in the overlap matrix is 4.8505050193E-03.
  Using Symmetric Orthogonalization.

  SCF Guess: Orbitals guess was supplied from a previous computation.

  ==> Iterations <==

                           Total Energy        Delta E     RMS |[F,P]|

   @DF-RHF iter   0:  -112.76300076185935   -1.12763e+02   2.89158e-03 
   @DF-RHF iter   1:  -112.74180175568642    2.11990e-02   4.44258e-04 DIIS
   @DF-RHF iter   2:  -112.74183055027565   -2.87946e-05   3.13137e-04 DIIS
   @DF-RHF iter   3:  -112.74184765224837   -1.71020e-05   4.04192e-05 DIIS
   @DF-RHF iter   4:  -112.74184802411472   -3.71866e-07   7.94949e-06 DIIS
   @DF-RHF iter   5:  -112.74184805410383   -2.99891e-08   2.25296e-06 DIIS
   @DF-RHF iter   6:  -112.74184805573347   -1.62964e-09   4.26116e-07 DIIS
   @DF-RHF iter   7:  -112.74184805580522   -7.17506e-11   4.24478e-08 DIIS
   @DF-RHF iter   8:  -112.74184805580616   -9.37916e-13   4.52329e-09 DIIS
  Energy and wave function converged.


  ==> Post-Iterations <==

    Orbital Energies [Eh]
    ---------------------

    Doubly Occupied:                                                      

       1A1   -20.685887     2A1   -11.367010     3A1    -1.539344  
       4A1    -0.805663     1B1    -0.647880     1B2    -0.647880  
       5A1    -0.553640  

    Virtual:                                                              

       6A1     0.085528     2B1     0.085757     2B2     0.085757  
       7A1     0.115539     3B1     0.188976     3B2     0.188976  
       8A1     0.271510     4B1     0.306871     4B2     0.306871  
       9A1     0.365698    10A1     0.585593     5B1     0.859929  
       5B2     0.859929    11A1     1.023747    12A1     1.243206  
      13A1     1.424521     6B1     1.426562     6B2     1.426562  
      14A1     1.715532    15A1     1.736725     1A2     1.736725  
       7B1     1.849197     7B2     1.849197     2A2     2.261588  
      16A1     2.261588    17A1     2.869031     8B1     2.974044  
       8B2     2.974044    18A1     3.472906    19A1     4.428565  
      20A1     4.562775  

    Final Occupation by Irrep:
             A1    A2    B1    B2 
    DOCC [     5,    0,    1,    1 ]

  @DF-RHF Final Energy:  -112.74184805580616

   => Energetics <=

    Nuclear Repulsion Energy =             22.8050284109015635
    One-Electron Energy =                -198.5991448566308293
    Two-Electron Energy =                  63.0522683899230998
    Total Energy =                       -112.7418480558061589

Computation Completed


Properties will be evaluated at   0.000000,   0.000000,   0.000000 [a0]

Properties computed using the SCF density matrix

  Nuclear Dipole Moment: [e a0]
     X:     0.0000      Y:     0.0000      Z:     0.0023

  Electronic Dipole Moment: [e a0]
     X:     0.0000      Y:     0.0000      Z:    -0.1012

  Dipole Moment: [e a0]
     X:     0.0000      Y:     0.0000      Z:    -0.0989     Total:     0.0989

  Dipole Moment: [D]
     X:     0.0000      Y:     0.0000      Z:    -0.2514     Total:     0.2514


*** tstop() called on wanukaka at Thu Apr 14 12:53:58 2022
Module time:
	user time   =       2.47 seconds =       0.04 minutes
	system time =       0.10 seconds =       0.00 minutes
	total time  =          0 seconds =       0.00 minutes
Total time:
	user time   =    8436.41 seconds =     140.61 minutes
	system time =     380.43 seconds =       6.34 minutes
	total time  =        982 seconds =      16.37 minutes

*** tstart() called on wanukaka
*** at Thu Apr 14 12:53:58 2022


         ------------------------------------------------------------
                                   SCF GRAD                          
                          Rob Parrish, Justin Turney,                
                       Andy Simmonett, and Alex Sokolov              
         ------------------------------------------------------------

  ==> Geometry <==

    Molecular point group: c2v
    Full point group: C_inf_v

    Geometry (in Angstrom), charge = 0, multiplicity = 1:

       Center              X                  Y                   Z               Mass       
    ------------   -----------------  -----------------  -----------------  -----------------
         C            0.000000000000     0.000000000000    -0.636377082713    12.000000000000
         O            0.000000000000     0.000000000000     0.477434558057    15.994914619570

  Nuclear repulsion =   22.805028410901564

  ==> Basis Set <==

  Basis Set: 6-31+G(D)
    Blend: 6-31+G(D)
    Number of shells: 16
    Number of basis function: 38
    Number of Cartesian functions: 38
    Spherical Harmonics?: false
    Max angular momentum: 2

  ==> DFJKGrad: Density-Fitted SCF Gradients <==

    Gradient:                    1
    J tasked:                  Yes
    K tasked:                  Yes
    wK tasked:                  No
    OpenMP threads:             10
    Integrals threads:          10
    Memory [MiB]:             5722
    Schwarz Cutoff:          0E+00
    Fitting Condition:       1E-10

   => Auxiliary Basis Set <=

  Basis Set: (6-31+G(D) AUX)
    Blend: HEAVY-AUG-CC-PVDZ-JKFIT
    Number of shells: 56
    Number of basis function: 202
    Number of Cartesian functions: 202
    Spherical Harmonics?: false
    Max angular momentum: 3


  -Total Gradient:
     Atom            X                  Y                   Z
    ------   -----------------  -----------------  -----------------
       1        0.000000000000    -0.000000000000    -0.001501064202
       2       -0.000000000000     0.000000000000     0.001501064202


*** tstop() called on wanukaka at Thu Apr 14 12:53:58 2022
Module time:
	user time   =       4.01 seconds =       0.07 minutes
	system time =       0.20 seconds =       0.00 minutes
	total time  =          0 seconds =       0.00 minutes
Total time:
	user time   =    8440.44 seconds =     140.67 minutes
	system time =     380.63 seconds =       6.34 minutes
	total time  =        982 seconds =      16.37 minutes

			-----------------------------------------
			 OPTKING 2.0: for geometry optimizations 
			  - R.A. King,  Bethel University        
			-----------------------------------------

	Previous internal coordinate definitions found.
	---Fragment 1 Geometry and Gradient---
	 C           0.0000000000        0.0000000000       -1.2025783988
	 O           0.0000000000        0.0000000000        0.9022205576
	             0.0000000000       -0.0000000000       -0.0015010642
	            -0.0000000000        0.0000000000        0.0015010642

	---Fragment 1 Intrafragment Coordinates---
	 - Coordinate -           - BOHR/RAD -       - ANG/DEG -
	 R(1,2)           =         2.104799	       1.113812

	Current energy   :      -112.7418480558

	Energy change for the previous step:
		Projected    :        -0.0007281286
		Actual       :        -0.0005726303
	Energy ratio indicates good step: Trust radius increased to 1.000e+00.


	Performing BFGS update.
	Previous computed or guess Hessian on step 1.
	Steps to be used in Hessian update: 1
	Taking RFO optimization step.
	Going to follow RFO solution 1.
	Using RFO vector 1.
	Norm of target step-size    0.00103
	Projected energy change by RFO approximation:        -0.0000010156

	Back-transformation to cartesian coordinates...
	Successfully converged to displaced geometry.

	--- Internal Coordinate Step in ANG or DEG, aJ/ANG or AJ/DEG ---
	 ---------------------------------------------------------------------------
	   Coordinate                Previous        Force       Change         New 
	   ----------                --------       ------       ------       ------
	    1 R(1,2)          =      1.113812    -0.012367    -0.000545     1.113267
	 ---------------------------------------------------------------------------
	Successfully symmetrized geometry.

  ==> Convergence Check <==

  Measures of convergence in internal coordinates in au.
  Criteria marked as inactive (o), active & met (*), and active & unmet ( ).
  ---------------------------------------------------------------------------------------------
   Step     Total Energy     Delta E     MAX Force     RMS Force      MAX Disp      RMS Disp   
  ---------------------------------------------------------------------------------------------
    Convergence Criteria    1.00e-06 *    3.00e-04 *             o    1.20e-03 *             o
  ---------------------------------------------------------------------------------------------
      2    -112.74184806   -5.73e-04      1.50e-03      1.50e-03 o    1.03e-03 *    1.03e-03 o  ~
  ---------------------------------------------------------------------------------------------

	Writing optimization data to binary file.
	Structure for next step:
	Cartesian Geometry (in Angstrom)
	    C     0.0000000000   0.0000000000  -0.6361046013
	    O     0.0000000000   0.0000000000   0.4771620773
			--------------------------
			 OPTKING Finished Execution 
			--------------------------

    Structure for next step:
    Molecular point group: c2v
    Full point group: C_inf_v

    Geometry (in Angstrom), charge = 0, multiplicity = 1:

    C       
    O             1    1.113267

gradient() will perform analytic gradient computation.

*** tstart() called on wanukaka
*** at Thu Apr 14 12:53:58 2022

   => Loading Basis Set <=

    Name: 6-31+G(D)
    Role: ORBITAL
    Keyword: BASIS
    atoms 1 entry C          line   119 file /home/sulstice/software/miniconda2/envs/qmpython2/share/psi4/basis/6-31pg_d_.gbs 
    atoms 2 entry O          line   157 file /home/sulstice/software/miniconda2/envs/qmpython2/share/psi4/basis/6-31pg_d_.gbs 


         ---------------------------------------------------------
                                   SCF
               by Justin Turney, Rob Parrish, Andy Simmonett
                          and Daniel G. A. Smith
                              RHF Reference
                       10 Threads,   7629 MiB Core
         ---------------------------------------------------------

  ==> Geometry <==

    Molecular point group: c2v
    Full point group: C_inf_v

    Geometry (in Angstrom), charge = 0, multiplicity = 1:

       Center              X                  Y                   Z               Mass       
    ------------   -----------------  -----------------  -----------------  -----------------
         C            0.000000000000     0.000000000000    -0.636065720683    12.000000000000
         O            0.000000000000     0.000000000000     0.477200962289    15.994914619570

  Running in c2v symmetry.

  Rotational constants: A = ************  B =      1.98387  C =      1.98387 [cm^-1]
  Rotational constants: A = ************  B =  59475.04104  C =  59475.04104 [MHz]
  Nuclear repulsion =   22.816191754113341

  Charge       = 0
  Multiplicity = 1
  Electrons    = 14
  Nalpha       = 7
  Nbeta        = 7

  ==> Algorithm <==

  SCF Algorithm Type is DF.
  DIIS enabled.
  MOM disabled.
  Fractional occupation disabled.
  Guess Type is READ.
  Energy threshold   = 1.00e-08
  Density threshold  = 1.00e-08
  Integral threshold = 0.00e+00

  ==> Primary Basis <==

  Basis Set: 6-31+G(D)
    Blend: 6-31+G(D)
    Number of shells: 16
    Number of basis function: 38
    Number of Cartesian functions: 38
    Spherical Harmonics?: false
    Max angular momentum: 2

   => Loading Basis Set <=

    Name: (6-31+G(D) AUX)
    Role: JKFIT
    Keyword: DF_BASIS_SCF
    atoms 1 entry C          line   194 file /home/sulstice/software/miniconda2/envs/qmpython2/share/psi4/basis/heavy-aug-cc-pvdz-jkfit.gbs 
    atoms 2 entry O          line   310 file /home/sulstice/software/miniconda2/envs/qmpython2/share/psi4/basis/heavy-aug-cc-pvdz-jkfit.gbs 

   => Loading Basis Set <=

    Name: 6-31+G(D)
    Role: ORBITAL
    Keyword: BASIS
    atoms 1 entry C          line   119 file /home/sulstice/software/miniconda2/envs/qmpython2/share/psi4/basis/6-31pg_d_.gbs 
    atoms 2 entry O          line   157 file /home/sulstice/software/miniconda2/envs/qmpython2/share/psi4/basis/6-31pg_d_.gbs 

  Reading orbitals from file 180, no projection.

  ==> Pre-Iterations <==

   -------------------------------------------------------
    Irrep   Nso     Nmo     Nalpha   Nbeta   Ndocc  Nsocc
   -------------------------------------------------------
     A1        20      20       0       0       0       0
     A2         2       2       0       0       0       0
     B1         8       8       0       0       0       0
     B2         8       8       0       0       0       0
   -------------------------------------------------------
    Total      38      38       7       7       7       0
   -------------------------------------------------------

  ==> Integral Setup <==

  DFHelper Memory: AOs need 0.003 GiB; user supplied 5.588 GiB. Using in-core AOs.

  ==> MemDFJK: Density-Fitted J/K Matrices <==

    J tasked:                   Yes
    K tasked:                   Yes
    wK tasked:                   No
    OpenMP threads:              10
    Memory [MiB]:              5722
    Algorithm:                 Core
    Schwarz Cutoff:           1E-12
    Mask sparsity (%):       0.0000
    Fitting Condition:        1E-10

   => Auxiliary Basis Set <=

  Basis Set: (6-31+G(D) AUX)
    Blend: HEAVY-AUG-CC-PVDZ-JKFIT
    Number of shells: 56
    Number of basis function: 202
    Number of Cartesian functions: 202
    Spherical Harmonics?: false
    Max angular momentum: 3

  Minimum eigenvalue in the overlap matrix is 4.8420788574E-03.
  Using Symmetric Orthogonalization.

  SCF Guess: Orbitals guess was supplied from a previous computation.

  ==> Iterations <==

                           Total Energy        Delta E     RMS |[F,P]|

   @DF-RHF iter   0:  -112.74265716740962   -1.12743e+02   1.12885e-04 
   @DF-RHF iter   1:  -112.74184872122892    8.08446e-04   1.71063e-05 DIIS
   @DF-RHF iter   2:  -112.74184876384604   -4.26171e-08   1.20579e-05 DIIS
   @DF-RHF iter   3:  -112.74184878920028   -2.53542e-08   1.55289e-06 DIIS
   @DF-RHF iter   4:  -112.74184878974913   -5.48852e-10   3.04729e-07 DIIS
   @DF-RHF iter   5:  -112.74184878979311   -4.39826e-11   8.54624e-08 DIIS
   @DF-RHF iter   6:  -112.74184878979528   -2.17426e-12   1.63012e-08 DIIS
   @DF-RHF iter   7:  -112.74184878979557   -2.84217e-13   1.62593e-09 DIIS
  Energy and wave function converged.


  ==> Post-Iterations <==

    Orbital Energies [Eh]
    ---------------------

    Doubly Occupied:                                                      

       1A1   -20.685877     2A1   -11.366789     3A1    -1.539731  
       4A1    -0.805706     1B1    -0.648124     1B2    -0.648124  
       5A1    -0.553571  

    Virtual:                                                              

       6A1     0.085516     2B1     0.085812     2B2     0.085812  
       7A1     0.115558     3B1     0.189145     3B2     0.189145  
       8A1     0.271519     4B2     0.306879     4B1     0.306879  
       9A1     0.365687    10A1     0.585713     5B2     0.859990  
       5B1     0.859990    11A1     1.024341    12A1     1.243400  
      13A1     1.424757     6B2     1.426480     6B1     1.426480  
      14A1     1.715702    15A1     1.736547     1A2     1.736547  
       7B2     1.849702     7B1     1.849702    16A1     2.261915  
       2A2     2.261915    17A1     2.870218     8B2     2.974681  
       8B1     2.974681    18A1     3.474206    19A1     4.429003  
      20A1     4.562893  

    Final Occupation by Irrep:
             A1    A2    B1    B2 
    DOCC [     5,    0,    1,    1 ]

  @DF-RHF Final Energy:  -112.74184878979557

   => Energetics <=

    Nuclear Repulsion Energy =             22.8161917541133406
    One-Electron Energy =                -198.6202377595748771
    Two-Electron Energy =                  63.0621972156659822
    Total Energy =                       -112.7418487897955686

Computation Completed


Properties will be evaluated at   0.000000,   0.000000,   0.000000 [a0]

Properties computed using the SCF density matrix

  Nuclear Dipole Moment: [e a0]
     X:     0.0000      Y:     0.0000      Z:     0.0023

  Electronic Dipole Moment: [e a0]
     X:     0.0000      Y:     0.0000      Z:    -0.1001

  Dipole Moment: [e a0]
     X:     0.0000      Y:     0.0000      Z:    -0.0978     Total:     0.0978

  Dipole Moment: [D]
     X:     0.0000      Y:     0.0000      Z:    -0.2486     Total:     0.2486


*** tstop() called on wanukaka at Thu Apr 14 12:53:59 2022
Module time:
	user time   =       2.46 seconds =       0.04 minutes
	system time =       0.14 seconds =       0.00 minutes
	total time  =          1 seconds =       0.02 minutes
Total time:
	user time   =    8442.98 seconds =     140.72 minutes
	system time =     380.78 seconds =       6.35 minutes
	total time  =        983 seconds =      16.38 minutes

*** tstart() called on wanukaka
*** at Thu Apr 14 12:53:59 2022


         ------------------------------------------------------------
                                   SCF GRAD                          
                          Rob Parrish, Justin Turney,                
                       Andy Simmonett, and Alex Sokolov              
         ------------------------------------------------------------

  ==> Geometry <==

    Molecular point group: c2v
    Full point group: C_inf_v

    Geometry (in Angstrom), charge = 0, multiplicity = 1:

       Center              X                  Y                   Z               Mass       
    ------------   -----------------  -----------------  -----------------  -----------------
         C            0.000000000000     0.000000000000    -0.636065720683    12.000000000000
         O            0.000000000000     0.000000000000     0.477200962289    15.994914619570

  Nuclear repulsion =   22.816191754113341

  ==> Basis Set <==

  Basis Set: 6-31+G(D)
    Blend: 6-31+G(D)
    Number of shells: 16
    Number of basis function: 38
    Number of Cartesian functions: 38
    Spherical Harmonics?: false
    Max angular momentum: 2

  ==> DFJKGrad: Density-Fitted SCF Gradients <==

    Gradient:                    1
    J tasked:                  Yes
    K tasked:                  Yes
    wK tasked:                  No
    OpenMP threads:             10
    Integrals threads:          10
    Memory [MiB]:             5722
    Schwarz Cutoff:          0E+00
    Fitting Condition:       1E-10

   => Auxiliary Basis Set <=

  Basis Set: (6-31+G(D) AUX)
    Blend: HEAVY-AUG-CC-PVDZ-JKFIT
    Number of shells: 56
    Number of basis function: 202
    Number of Cartesian functions: 202
    Spherical Harmonics?: false
    Max angular momentum: 3


  -Total Gradient:
     Atom            X                  Y                   Z
    ------   -----------------  -----------------  -----------------
       1       -0.000000000000     0.000000000000     0.000076592708
       2        0.000000000000     0.000000000000    -0.000076592708


*** tstop() called on wanukaka at Thu Apr 14 12:53:59 2022
Module time:
	user time   =       3.98 seconds =       0.07 minutes
	system time =       0.20 seconds =       0.00 minutes
	total time  =          0 seconds =       0.00 minutes
Total time:
	user time   =    8446.98 seconds =     140.78 minutes
	system time =     380.98 seconds =       6.35 minutes
	total time  =        983 seconds =      16.38 minutes

			-----------------------------------------
			 OPTKING 2.0: for geometry optimizations 
			  - R.A. King,  Bethel University        
			-----------------------------------------

	Previous internal coordinate definitions found.
	---Fragment 1 Geometry and Gradient---
	 C           0.0000000000        0.0000000000       -1.2019900099
	 O           0.0000000000        0.0000000000        0.9017791255
	            -0.0000000000        0.0000000000        0.0000765927
	             0.0000000000        0.0000000000       -0.0000765927

	---Fragment 1 Intrafragment Coordinates---
	 - Coordinate -           - BOHR/RAD -       - ANG/DEG -
	 R(1,2)           =         2.103769	       1.113267

	Current energy   :      -112.7418487898

	Energy change for the previous step:
		Projected    :        -0.0000010156
		Actual       :        -0.0000007340

	Performing BFGS update.
	Previous computed or guess Hessian on step 1.
	Steps to be used in Hessian update: 2 1
	Taking RFO optimization step.
	Going to follow RFO solution 1.
	Using RFO vector 1.
	Norm of target step-size    0.00005
	Projected energy change by RFO approximation:        -0.0000000026

	Back-transformation to cartesian coordinates...
	Successfully converged to displaced geometry.

	--- Internal Coordinate Step in ANG or DEG, aJ/ANG or AJ/DEG ---
	 ---------------------------------------------------------------------------
	   Coordinate                Previous        Force       Change         New 
	   ----------                --------       ------       ------       ------
	    1 R(1,2)          =      1.113267     0.000631     0.000028     1.113294
	 ---------------------------------------------------------------------------
	Successfully symmetrized geometry.

  ==> Convergence Check <==

  Measures of convergence in internal coordinates in au.
  Criteria marked as inactive (o), active & met (*), and active & unmet ( ).
  ---------------------------------------------------------------------------------------------
   Step     Total Energy     Delta E     MAX Force     RMS Force      MAX Disp      RMS Disp   
  ---------------------------------------------------------------------------------------------
    Convergence Criteria    1.00e-06 *    3.00e-04 *             o    1.20e-03 *             o
  ---------------------------------------------------------------------------------------------
      3    -112.74184879   -7.34e-07 *    7.66e-05 *    7.66e-05 o    5.24e-05 *    5.24e-05 o  ~
  ---------------------------------------------------------------------------------------------


  **** Optimization is complete! (in 3 steps) ****

  ==> Optimization Summary <==

  Measures of convergence in internal coordinates in au.
  --------------------------------------------------------------------------------------------------------------- ~
   Step         Total Energy             Delta E       MAX Force       RMS Force        MAX Disp        RMS Disp  ~
  --------------------------------------------------------------------------------------------------------------- ~
      1    -112.741275425458   -112.741275425458      0.04058228      0.04058228      0.02681211      0.02681211  ~
      2    -112.741848055806     -0.000572630348      0.00150106      0.00150106      0.00102982      0.00102982  ~
      3    -112.741848789796     -0.000000733989      0.00007659      0.00007659      0.00005245      0.00005245  ~
  --------------------------------------------------------------------------------------------------------------- ~

	Writing optimization data to binary file.
	Final energy is   -112.7418487897956
	Final (previous) structure:
	Cartesian Geometry (in Angstrom)
	    C     0.0000000000   0.0000000000  -0.6360657182
	    O     0.0000000000   0.0000000000   0.4772009604
	Saving final (previous) structure.
			--------------------------
			 OPTKING Finished Execution 
			--------------------------

    Final optimized geometry and variables:
    Molecular point group: c2v
    Full point group: C_inf_v

    Geometry (in Angstrom), charge = 0, multiplicity = 1:

    C       
    O             1    1.113267

	Removing binary optimization data file.
	Cleaning optimization helper files.

*** tstart() called on wanukaka
*** at Thu Apr 14 12:53:59 2022

   => Loading Basis Set <=

    Name: 6-31+G(D)
    Role: ORBITAL
    Keyword: BASIS
    atoms 1 entry C          line   119 file /home/sulstice/software/miniconda2/envs/qmpython2/share/psi4/basis/6-31pg_d_.gbs 
    atoms 2 entry O          line   157 file /home/sulstice/software/miniconda2/envs/qmpython2/share/psi4/basis/6-31pg_d_.gbs 


         ---------------------------------------------------------
                                   SCF
               by Justin Turney, Rob Parrish, Andy Simmonett
                          and Daniel G. A. Smith
                              RHF Reference
                       10 Threads,   7629 MiB Core
         ---------------------------------------------------------

  ==> Geometry <==

    Molecular point group: c2v
    Full point group: C_inf_v

    Geometry (in Angstrom), charge = 0, multiplicity = 1:

       Center              X                  Y                   Z               Mass       
    ------------   -----------------  -----------------  -----------------  -----------------
         C            0.000000000000     0.000000000000    -0.636065720683    12.000000000000
         O            0.000000000000     0.000000000000     0.477200962289    15.994914619570

  Running in c2v symmetry.

  Rotational constants: A = ************  B =      1.98387  C =      1.98387 [cm^-1]
  Rotational constants: A = ************  B =  59475.04104  C =  59475.04104 [MHz]
  Nuclear repulsion =   22.816191754113341

  Charge       = 0
  Multiplicity = 1
  Electrons    = 14
  Nalpha       = 7
  Nbeta        = 7

  ==> Algorithm <==

  SCF Algorithm Type is DF.
  DIIS enabled.
  MOM disabled.
  Fractional occupation disabled.
  Guess Type is SAD.
  Energy threshold   = 1.00e-06
  Density threshold  = 1.00e-06
  Integral threshold = 0.00e+00

  ==> Primary Basis <==

  Basis Set: 6-31+G(D)
    Blend: 6-31+G(D)
    Number of shells: 16
    Number of basis function: 38
    Number of Cartesian functions: 38
    Spherical Harmonics?: false
    Max angular momentum: 2

   => Loading Basis Set <=

    Name: (6-31+G(D) AUX)
    Role: JKFIT
    Keyword: DF_BASIS_SCF
    atoms 1 entry C          line   194 file /home/sulstice/software/miniconda2/envs/qmpython2/share/psi4/basis/heavy-aug-cc-pvdz-jkfit.gbs 
    atoms 2 entry O          line   310 file /home/sulstice/software/miniconda2/envs/qmpython2/share/psi4/basis/heavy-aug-cc-pvdz-jkfit.gbs 

  ==> Pre-Iterations <==

   -------------------------------------------------------
    Irrep   Nso     Nmo     Nalpha   Nbeta   Ndocc  Nsocc
   -------------------------------------------------------
     A1        20      20       0       0       0       0
     A2         2       2       0       0       0       0
     B1         8       8       0       0       0       0
     B2         8       8       0       0       0       0
   -------------------------------------------------------
    Total      38      38       7       7       7       0
   -------------------------------------------------------

  ==> Integral Setup <==

  DFHelper Memory: AOs need 0.003 GiB; user supplied 5.588 GiB. Using in-core AOs.

  ==> MemDFJK: Density-Fitted J/K Matrices <==

    J tasked:                   Yes
    K tasked:                   Yes
    wK tasked:                   No
    OpenMP threads:              10
    Memory [MiB]:              5722
    Algorithm:                 Core
    Schwarz Cutoff:           1E-12
    Mask sparsity (%):       0.0000
    Fitting Condition:        1E-10

   => Auxiliary Basis Set <=

  Basis Set: (6-31+G(D) AUX)
    Blend: HEAVY-AUG-CC-PVDZ-JKFIT
    Number of shells: 56
    Number of basis function: 202
    Number of Cartesian functions: 202
    Spherical Harmonics?: false
    Max angular momentum: 3

  Minimum eigenvalue in the overlap matrix is 4.8420788574E-03.
  Using Symmetric Orthogonalization.

  SCF Guess: Superposition of Atomic Densities via on-the-fly atomic UHF.

  ==> Iterations <==

                           Total Energy        Delta E     RMS |[F,P]|

   @DF-RHF iter SAD:  -111.87896963914397   -1.11879e+02   0.00000e+00 
   @DF-RHF iter   1:  -112.71645668814827   -8.37487e-01   1.16054e-02 DIIS
   @DF-RHF iter   2:  -112.72587265876527   -9.41597e-03   9.26650e-03 DIIS
   @DF-RHF iter   3:  -112.74173617951089   -1.58635e-02   6.34133e-04 DIIS
   @DF-RHF iter   4:  -112.74184668579802   -1.10506e-04   7.06731e-05 DIIS
   @DF-RHF iter   5:  -112.74184870124083   -2.01544e-06   1.28292e-05 DIIS
   @DF-RHF iter   6:  -112.74184878736750   -8.61267e-08   2.09445e-06 DIIS
   @DF-RHF iter   7:  -112.74184878970696   -2.33946e-09   4.01592e-07 DIIS
  Energy and wave function converged.


  ==> Post-Iterations <==

    Orbital Energies [Eh]
    ---------------------

    Doubly Occupied:                                                      

       1A1   -20.685875     2A1   -11.366790     3A1    -1.539731  
       4A1    -0.805705     1B1    -0.648124     1B2    -0.648124  
       5A1    -0.553571  

    Virtual:                                                              

       6A1     0.085516     2B1     0.085812     2B2     0.085812  
       7A1     0.115558     3B1     0.189145     3B2     0.189145  
       8A1     0.271519     4B2     0.306879     4B1     0.306879  
       9A1     0.365687    10A1     0.585713     5B2     0.859989  
       5B1     0.859989    11A1     1.024341    12A1     1.243400  
      13A1     1.424758     6B2     1.426480     6B1     1.426480  
      14A1     1.715702    15A1     1.736547     1A2     1.736547  
       7B2     1.849702     7B1     1.849702    16A1     2.261915  
       2A2     2.261915    17A1     2.870218     8B2     2.974681  
       8B1     2.974681    18A1     3.474206    19A1     4.429003  
      20A1     4.562893  

    Final Occupation by Irrep:
             A1    A2    B1    B2 
    DOCC [     5,    0,    1,    1 ]

  @DF-RHF Final Energy:  -112.74184878970696

   => Energetics <=

    Nuclear Repulsion Energy =             22.8161917541133406
    One-Electron Energy =                -198.6202436158267801
    Two-Electron Energy =                  63.0622030720064828
    Total Energy =                       -112.7418487897069639

Computation Completed


Properties will be evaluated at   0.000000,   0.000000,   0.000000 [a0]

Properties computed using the SCF density matrix

  Nuclear Dipole Moment: [e a0]
     X:     0.0000      Y:     0.0000      Z:     0.0023

  Electronic Dipole Moment: [e a0]
     X:     0.0000      Y:     0.0000      Z:    -0.1001

  Dipole Moment: [e a0]
     X:     0.0000      Y:     0.0000      Z:    -0.0978     Total:     0.0978

  Dipole Moment: [D]
     X:     0.0000      Y:     0.0000      Z:    -0.2486     Total:     0.2486


*** tstop() called on wanukaka at Thu Apr 14 12:54:00 2022
Module time:
	user time   =       5.34 seconds =       0.09 minutes
	system time =       0.17 seconds =       0.00 minutes
	total time  =          1 seconds =       0.02 minutes
Total time:
	user time   =    8452.42 seconds =     140.87 minutes
	system time =     381.15 seconds =       6.35 minutes
	total time  =        984 seconds =      16.40 minutes
hessian() using ref_gradient to assess stationary point.

  Based on options and gradient (rms=4.42E-05), recommend projecting translations and projecting rotations.
hessian() will perform analytic frequency computation.

*** tstart() called on wanukaka
*** at Thu Apr 14 12:54:00 2022

   => Loading Basis Set <=

    Name: 6-31+G(D)
    Role: ORBITAL
    Keyword: BASIS
    atoms 1 entry C          line   119 file /home/sulstice/software/miniconda2/envs/qmpython2/share/psi4/basis/6-31pg_d_.gbs 
    atoms 2 entry O          line   157 file /home/sulstice/software/miniconda2/envs/qmpython2/share/psi4/basis/6-31pg_d_.gbs 


         ---------------------------------------------------------
                                   SCF
               by Justin Turney, Rob Parrish, Andy Simmonett
                          and Daniel G. A. Smith
                              RHF Reference
                       10 Threads,   7629 MiB Core
         ---------------------------------------------------------

  ==> Geometry <==

    Molecular point group: c2v
    Full point group: C_inf_v

    Geometry (in Angstrom), charge = 0, multiplicity = 1:

       Center              X                  Y                   Z               Mass       
    ------------   -----------------  -----------------  -----------------  -----------------
         C            0.000000000000     0.000000000000    -0.636065720683    12.000000000000
         O            0.000000000000     0.000000000000     0.477200962289    15.994914619570

  Running in c2v symmetry.

  Rotational constants: A = ************  B =      1.98387  C =      1.98387 [cm^-1]
  Rotational constants: A = ************  B =  59475.04104  C =  59475.04104 [MHz]
  Nuclear repulsion =   22.816191754113341

  Charge       = 0
  Multiplicity = 1
  Electrons    = 14
  Nalpha       = 7
  Nbeta        = 7

  ==> Algorithm <==

  SCF Algorithm Type is DF.
  DIIS enabled.
  MOM disabled.
  Fractional occupation disabled.
  Guess Type is SAD.
  Energy threshold   = 1.00e-08
  Density threshold  = 1.00e-08
  Integral threshold = 0.00e+00

  ==> Primary Basis <==

  Basis Set: 6-31+G(D)
    Blend: 6-31+G(D)
    Number of shells: 16
    Number of basis function: 38
    Number of Cartesian functions: 38
    Spherical Harmonics?: false
    Max angular momentum: 2

   => Loading Basis Set <=

    Name: (6-31+G(D) AUX)
    Role: JKFIT
    Keyword: DF_BASIS_SCF
    atoms 1 entry C          line   194 file /home/sulstice/software/miniconda2/envs/qmpython2/share/psi4/basis/heavy-aug-cc-pvdz-jkfit.gbs 
    atoms 2 entry O          line   310 file /home/sulstice/software/miniconda2/envs/qmpython2/share/psi4/basis/heavy-aug-cc-pvdz-jkfit.gbs 

  ==> Pre-Iterations <==

   -------------------------------------------------------
    Irrep   Nso     Nmo     Nalpha   Nbeta   Ndocc  Nsocc
   -------------------------------------------------------
     A1        20      20       0       0       0       0
     A2         2       2       0       0       0       0
     B1         8       8       0       0       0       0
     B2         8       8       0       0       0       0
   -------------------------------------------------------
    Total      38      38       7       7       7       0
   -------------------------------------------------------

  ==> Integral Setup <==

  DFHelper Memory: AOs need 0.003 GiB; user supplied 5.588 GiB. Using in-core AOs.

  ==> MemDFJK: Density-Fitted J/K Matrices <==

    J tasked:                   Yes
    K tasked:                   Yes
    wK tasked:                   No
    OpenMP threads:              10
    Memory [MiB]:              5722
    Algorithm:                 Core
    Schwarz Cutoff:           1E-12
    Mask sparsity (%):       0.0000
    Fitting Condition:        1E-10

   => Auxiliary Basis Set <=

  Basis Set: (6-31+G(D) AUX)
    Blend: HEAVY-AUG-CC-PVDZ-JKFIT
    Number of shells: 56
    Number of basis function: 202
    Number of Cartesian functions: 202
    Spherical Harmonics?: false
    Max angular momentum: 3

  Minimum eigenvalue in the overlap matrix is 4.8420788574E-03.
  Using Symmetric Orthogonalization.

  SCF Guess: Superposition of Atomic Densities via on-the-fly atomic UHF.

  ==> Iterations <==

                           Total Energy        Delta E     RMS |[F,P]|

   @DF-RHF iter SAD:  -111.87896963914399   -1.11879e+02   0.00000e+00 
   @DF-RHF iter   1:  -112.71645668814828   -8.37487e-01   1.16054e-02 DIIS
   @DF-RHF iter   2:  -112.72587265876535   -9.41597e-03   9.26650e-03 DIIS
   @DF-RHF iter   3:  -112.74173617951095   -1.58635e-02   6.34133e-04 DIIS
   @DF-RHF iter   4:  -112.74184668579814   -1.10506e-04   7.06731e-05 DIIS
   @DF-RHF iter   5:  -112.74184870124078   -2.01544e-06   1.28292e-05 DIIS
   @DF-RHF iter   6:  -112.74184878736754   -8.61268e-08   2.09445e-06 DIIS
   @DF-RHF iter   7:  -112.74184878970696   -2.33942e-09   4.01592e-07 DIIS
   @DF-RHF iter   8:  -112.74184878979169   -8.47251e-11   9.93419e-08 DIIS
   @DF-RHF iter   9:  -112.74184878979531   -3.62377e-12   1.81253e-08 DIIS
   @DF-RHF iter  10:  -112.74184878979548   -1.70530e-13   1.84420e-09 DIIS
  Energy and wave function converged.


  ==> Post-Iterations <==

    Orbital Energies [Eh]
    ---------------------

    Doubly Occupied:                                                      

       1A1   -20.685877     2A1   -11.366789     3A1    -1.539731  
       4A1    -0.805706     1B1    -0.648124     1B2    -0.648124  
       5A1    -0.553571  

    Virtual:                                                              

       6A1     0.085516     2B1     0.085812     2B2     0.085812  
       7A1     0.115558     3B1     0.189145     3B2     0.189145  
       8A1     0.271519     4B2     0.306879     4B1     0.306879  
       9A1     0.365687    10A1     0.585713     5B2     0.859990  
       5B1     0.859990    11A1     1.024341    12A1     1.243400  
      13A1     1.424757     6B2     1.426480     6B1     1.426480  
      14A1     1.715702    15A1     1.736547     1A2     1.736547  
       7B2     1.849702     7B1     1.849702    16A1     2.261915  
       2A2     2.261915    17A1     2.870218     8B2     2.974681  
       8B1     2.974681    18A1     3.474206    19A1     4.429003  
      20A1     4.562893  

    Final Occupation by Irrep:
             A1    A2    B1    B2 
    DOCC [     5,    0,    1,    1 ]

  @DF-RHF Final Energy:  -112.74184878979548

   => Energetics <=

    Nuclear Repulsion Energy =             22.8161917541133406
    One-Electron Energy =                -198.6202378028121984
    Two-Electron Energy =                  63.0621972589033888
    Total Energy =                       -112.7418487897954833

Computation Completed


Properties will be evaluated at   0.000000,   0.000000,   0.000000 [a0]

Properties computed using the SCF density matrix

  Nuclear Dipole Moment: [e a0]
     X:     0.0000      Y:     0.0000      Z:     0.0023

  Electronic Dipole Moment: [e a0]
     X:     0.0000      Y:     0.0000      Z:    -0.1001

  Dipole Moment: [e a0]
     X:     0.0000      Y:     0.0000      Z:    -0.0978     Total:     0.0978

  Dipole Moment: [D]
     X:     0.0000      Y:     0.0000      Z:    -0.2486     Total:     0.2486


*** tstop() called on wanukaka at Thu Apr 14 12:54:00 2022
Module time:
	user time   =       6.28 seconds =       0.10 minutes
	system time =       0.31 seconds =       0.01 minutes
	total time  =          0 seconds =       0.00 minutes
Total time:
	user time   =    8458.79 seconds =     140.98 minutes
	system time =     381.47 seconds =       6.36 minutes
	total time  =        984 seconds =      16.40 minutes

*** tstart() called on wanukaka
*** at Thu Apr 14 12:54:00 2022


         ------------------------------------------------------------
                                   SCF HESS                          
                          Rob Parrish, Justin Turney,                
                       Andy Simmonett, and Alex Sokolov              
         ------------------------------------------------------------

  ==> Geometry <==

    Molecular point group: c2v
    Full point group: C_inf_v

    Geometry (in Angstrom), charge = 0, multiplicity = 1:

       Center              X                  Y                   Z               Mass       
    ------------   -----------------  -----------------  -----------------  -----------------
         C            0.000000000000     0.000000000000    -0.636065720683    12.000000000000
         O            0.000000000000     0.000000000000     0.477200962289    15.994914619570

  Nuclear repulsion =   22.816191754113341

  ==> Basis Set <==

  Basis Set: 6-31+G(D)
    Blend: 6-31+G(D)
    Number of shells: 16
    Number of basis function: 38
    Number of Cartesian functions: 38
    Spherical Harmonics?: false
    Max angular momentum: 2

  ==> DFJKGrad: Density-Fitted SCF Gradients <==

    Gradient:                    2
    J tasked:                  Yes
    K tasked:                  Yes
    wK tasked:                  No
    OpenMP threads:             10
    Integrals threads:          10
    Memory [MiB]:             5722
    Schwarz Cutoff:          0E+00
    Fitting Condition:       1E-10

   => Auxiliary Basis Set <=

  Basis Set: (6-31+G(D) AUX)
    Blend: HEAVY-AUG-CC-PVDZ-JKFIT
    Number of shells: 56
    Number of basis function: 202
    Number of Cartesian functions: 202
    Spherical Harmonics?: false
    Max angular momentum: 3

  DFHelper Memory: AOs need 0.003 GiB; user supplied 6.706 GiB. Using in-core AOs.

  ==> MemDFJK: Density-Fitted J/K Matrices <==

    J tasked:                   Yes
    K tasked:                   Yes
    wK tasked:                   No
    OpenMP threads:              10
    Memory [MiB]:              6866
    Algorithm:                 Core
    Schwarz Cutoff:           1E-12
    Mask sparsity (%):       0.0000
    Fitting Condition:        1E-10

   => Auxiliary Basis Set <=

  Basis Set: (6-31+G(D) AUX)
    Blend: HEAVY-AUG-CC-PVDZ-JKFIT
    Number of shells: 56
    Number of basis function: 202
    Number of Cartesian functions: 202
    Spherical Harmonics?: false
    Max angular momentum: 3


         ------------------------------------------------------------
                                     CPHF                           
                                  Rob Parrish                       
         ------------------------------------------------------------

  ==> Geometry <==

    Molecular point group: c2v
    Full point group: C_inf_v

    Geometry (in Angstrom), charge = 0, multiplicity = 1:

       Center              X                  Y                   Z               Mass       
    ------------   -----------------  -----------------  -----------------  -----------------
         C            0.000000000000     0.000000000000    -0.636065720683    12.000000000000
         O            0.000000000000     0.000000000000     0.477200962289    15.994914619570

  Nuclear repulsion =   22.816191754113341
  Reference energy  = -112.741848789795483

  ==> Basis Set <==

  Basis Set: 6-31+G(D)
    Blend: 6-31+G(D)
    Number of shells: 16
    Number of basis function: 38
    Number of Cartesian functions: 38
    Spherical Harmonics?: false
    Max angular momentum: 2

  ==> CGRSolver (by Rob Parrish) <==

   Number of roots    =         6
   Preconditioning    =    JACOBI
   Convergence cutoff =     1E-06
   Maximum iterations =       100

  ==> CPHFRHamiltonian (by Rob Parrish) <== 

  ==> MemDFJK: Density-Fitted J/K Matrices <==

    J tasked:                   Yes
    K tasked:                   Yes
    wK tasked:                   No
    OpenMP threads:              10
    Memory [MiB]:              6866
    Algorithm:                 Core
    Schwarz Cutoff:           1E-12
    Mask sparsity (%):       0.0000
    Fitting Condition:        1E-10

   => Auxiliary Basis Set <=

  Basis Set: (6-31+G(D) AUX)
    Blend: HEAVY-AUG-CC-PVDZ-JKFIT
    Number of shells: 56
    Number of basis function: 202
    Number of Cartesian functions: 202
    Spherical Harmonics?: false
    Max angular momentum: 3

  ==> CPHF Iterations <==

  => Iterations <=

             Iter  Converged  Remaining    Residual
  CGR           1          0          6   1.057E-01
  CGR           2          0          6   2.660E-02
  CGR           3          0          6   4.122E-03
  CGR           4          0          6   6.280E-04
  CGR           5          0          6   9.522E-05
  CGR           6          0          6   1.842E-05
  CGR           7          4          2   1.449E-06
  CGR           8          6          0   1.399E-07

    CGRSolver converged.


*** tstop() called on wanukaka at Thu Apr 14 12:54:11 2022
Module time:
	user time   =     101.10 seconds =       1.69 minutes
	system time =       2.28 seconds =       0.04 minutes
	total time  =         11 seconds =       0.18 minutes
Total time:
	user time   =    8559.91 seconds =     142.67 minutes
	system time =     383.75 seconds =       6.40 minutes
	total time  =        995 seconds =      16.58 minutes


  ==> Harmonic Vibrational Analysis <==

  non-mass-weighted Hessian:       Symmetric? True   Hermitian? True   Lin Dep Dim?  0 (0)
  projection of translations (True) and rotations (True) removed 5 degrees of freedom (5)
  total projector:                 Symmetric? True   Hermitian? True   Lin Dep Dim?  5 (5)
  mass-weighted Hessian:           Symmetric? True   Hermitian? True   Lin Dep Dim?  0 (0)
  pre-proj  low-frequency mode:    0.0000i [cm^-1]
  pre-proj  low-frequency mode:    0.0000i [cm^-1]
  pre-proj  low-frequency mode:    0.0000i [cm^-1]
  pre-proj  low-frequency mode:    0.0033  [cm^-1]
  pre-proj  low-frequency mode:    0.0106  [cm^-1]
  pre-proj  all modes:['11.8465i' '11.8463i' '0.0017i' '0.0033' '0.0106' '2432.1612']
  projected mass-weighted Hessian: Symmetric? True   Hermitian? True   Lin Dep Dim?  5 (5)
  post-proj low-frequency mode:    0.0000i [cm^-1] (TR)
  post-proj low-frequency mode:    0.0000  [cm^-1] (TR)
  post-proj low-frequency mode:    0.0000  [cm^-1] (TR)
  post-proj low-frequency mode:    0.0000  [cm^-1] (TR)
  post-proj low-frequency mode:    0.0000  [cm^-1] (TR)
  post-proj  all modes:['0.0000i' '0.0000' '0.0000' '0.0000' '0.0000' '2432.1612']

  Vibration                       6           
  Freq [cm^-1]                2432.1612       
  Irrep                           A1          
  Reduced mass [u]             13.4388        
  Force const [mDyne/A]        46.8375        
  Turning point v=0 [a0]        0.0607        
  RMS dev v=0 [a0 u^1/2]        0.1573        
  IR activ [km/mol]            159.7123       
  Char temp [K]               3499.3384       
  ----------------------------------------------------------------------------------
      1   C               -0.00 -0.00  0.80   
      2   O                0.00  0.00 -0.60   

  ==> Thermochemistry Components <==

  Entropy, S
    Electronic S            0.000 [cal/(mol K)]        0.000 [J/(mol K)]       0.00000000 [mEh/K] (multiplicity = 1)
    Translational S        35.923 [cal/(mol K)]      150.302 [J/(mol K)]       0.05724692 [mEh/K] (mol. weight = 27.9949 [u], P = 101325.00 [Pa])
    Rotational S           11.225 [cal/(mol K)]       46.966 [J/(mol K)]       0.01788853 [mEh/K] (symmetry no. = 1)
    Vibrational S           0.000 [cal/(mol K)]        0.001 [J/(mol K)]       0.00000032 [mEh/K]
  Total S                  47.148 [cal/(mol K)]      197.269 [J/(mol K)]       0.07513577 [mEh/K]
  Correction S              0.000 [cal/(mol K)]        0.000 [J/(mol K)]       0.00000000 [mEh/K]

  Constant volume heat capacity, Cv
    Electronic Cv           0.000 [cal/(mol K)]        0.000 [J/(mol K)]       0.00000000 [mEh/K]
    Translational Cv        2.981 [cal/(mol K)]       12.472 [J/(mol K)]       0.00475022 [mEh/K]
    Rotational Cv           1.987 [cal/(mol K)]        8.314 [J/(mol K)]       0.00316681 [mEh/K]
    Vibrational Cv          0.002 [cal/(mol K)]        0.009 [J/(mol K)]       0.00000349 [mEh/K]
  Total Cv                  4.970 [cal/(mol K)]       20.795 [J/(mol K)]       0.00792051 [mEh/K]
  Correction Cv             0.000 [cal/(mol K)]        0.000 [J/(mol K)]       0.00000000 [mEh/K]

  Constant pressure heat capacity, Cp
    Electronic Cp           0.000 [cal/(mol K)]        0.000 [J/(mol K)]       0.00000000 [mEh/K]
    Translational Cp        4.968 [cal/(mol K)]       20.786 [J/(mol K)]       0.00791703 [mEh/K]
    Rotational Cp           1.987 [cal/(mol K)]        8.314 [J/(mol K)]       0.00316681 [mEh/K]
    Vibrational Cp          0.002 [cal/(mol K)]        0.009 [J/(mol K)]       0.00000349 [mEh/K]
  Total Cp                  6.957 [cal/(mol K)]       29.110 [J/(mol K)]       0.01108732 [mEh/K]
  Correction Cp             0.000 [cal/(mol K)]        0.000 [J/(mol K)]       0.00000000 [mEh/K]

  ==> Thermochemistry Energy Analysis <==

  Raw electronic energy, E0
  Total E0, Electronic energy at well bottom at 0 [K]                 -112.74184879 [Eh]

  Zero-point energy, ZPE_vib = Sum_i nu_i / 2
    Electronic ZPE          0.000 [kcal/mol]        0.000 [kJ/mol]       0.00000000 [Eh]
    Translational ZPE       0.000 [kcal/mol]        0.000 [kJ/mol]       0.00000000 [Eh]
    Rotational ZPE          0.000 [kcal/mol]        0.000 [kJ/mol]       0.00000000 [Eh]
    Vibrational ZPE         3.477 [kcal/mol]       14.548 [kJ/mol]       0.00554087 [Eh]        1216.081 [cm^-1]
  Correction ZPE            3.477 [kcal/mol]       14.548 [kJ/mol]       0.00554087 [Eh]        1216.081 [cm^-1]
  Total ZPE, Electronic energy at 0 [K]                               -112.73630792 [Eh]

  Thermal Energy, E (includes ZPE)
    Electronic E            0.000 [kcal/mol]        0.000 [kJ/mol]       0.00000000 [Eh]
    Translational E         0.889 [kcal/mol]        3.718 [kJ/mol]       0.00141628 [Eh]
    Rotational E            0.592 [kcal/mol]        2.479 [kJ/mol]       0.00094418 [Eh]
    Vibrational E           3.477 [kcal/mol]       14.548 [kJ/mol]       0.00554096 [Eh]
  Correction E              4.958 [kcal/mol]       20.745 [kJ/mol]       0.00790142 [Eh]
  Total E, Electronic energy at  298.15 [K]                           -112.73394737 [Eh]

  Enthalpy, H_trans = E_trans + k_B * T
    Electronic H            0.000 [kcal/mol]        0.000 [kJ/mol]       0.00000000 [Eh]
    Translational H         1.481 [kcal/mol]        6.197 [kJ/mol]       0.00236046 [Eh]
    Rotational H            0.592 [kcal/mol]        2.479 [kJ/mol]       0.00094418 [Eh]
    Vibrational H           3.477 [kcal/mol]       14.548 [kJ/mol]       0.00554096 [Eh]
  Correction H              5.551 [kcal/mol]       23.224 [kJ/mol]       0.00884561 [Eh]
  Total H, Enthalpy at  298.15 [K]                                    -112.73300318 [Eh]

  Gibbs free energy, G = H - T * S
    Electronic G            0.000 [kcal/mol]        0.000 [kJ/mol]       0.00000000 [Eh]
    Translational G        -9.229 [kcal/mol]      -38.615 [kJ/mol]      -0.01470771 [Eh]
    Rotational G           -2.754 [kcal/mol]      -11.524 [kJ/mol]      -0.00438928 [Eh]
    Vibrational G           3.477 [kcal/mol]       14.548 [kJ/mol]       0.00554086 [Eh]
  Correction G             -8.507 [kcal/mol]      -35.592 [kJ/mol]      -0.01355613 [Eh]
  Total G, Free enthalpy at  298.15 [K]                               -112.75540491 [Eh]
