gradient() will perform analytic gradient computation.

*** tstart() called on wanukaka
*** at Thu Apr 14 13:05:22 2022

   => Loading Basis Set <=

    Name: AUG-CC-PVDZ
    Role: ORBITAL
    Keyword: BASIS
    atoms 1 entry C          line   178 file /home/sulstice/software/miniconda2/envs/qmpython2/share/psi4/basis/aug-cc-pvdz.gbs 
    atoms 2 entry O          line   250 file /home/sulstice/software/miniconda2/envs/qmpython2/share/psi4/basis/aug-cc-pvdz.gbs 


         ---------------------------------------------------------
                                   SCF
               by Justin Turney, Rob Parrish, Andy Simmonett
                          and Daniel G. A. Smith
                              RKS Reference
                       10 Threads,   7629 MiB Core
         ---------------------------------------------------------

  ==> Geometry <==

    Molecular point group: c2v
    Full point group: C_inf_v

    Geometry (in Angstrom), charge = 0, multiplicity = 1:

       Center              X                  Y                   Z               Mass       
    ------------   -----------------  -----------------  -----------------  -----------------
         C            0.000000000000     0.000000000000    -0.644483611972    12.000000000000
         O            0.000000000000     0.000000000000     0.483516388028    15.994914619570

  Running in c2v symmetry.

  Rotational constants: A = ************  B =      1.93239  C =      1.93239 [cm^-1]
  Rotational constants: A = ************  B =  57931.52687  C =  57931.52687 [MHz]
  Nuclear repulsion =   22.518179177446818

  Charge       = 0
  Multiplicity = 1
  Electrons    = 14
  Nalpha       = 7
  Nbeta        = 7

  ==> Algorithm <==

  SCF Algorithm Type is DF.
  DIIS enabled.
  MOM disabled.
  Fractional occupation disabled.
  Guess Type is SAD.
  Energy threshold   = 1.00e-08
  Density threshold  = 1.00e-08
  Integral threshold = 0.00e+00

  ==> Primary Basis <==

  Basis Set: AUG-CC-PVDZ
    Blend: AUG-CC-PVDZ
    Number of shells: 18
    Number of basis function: 46
    Number of Cartesian functions: 50
    Spherical Harmonics?: true
    Max angular momentum: 2

  ==> DFT Potential <==

   => Composite Functional: M06-2X <= 

    Hybrid M06-2X Meta-GGA XC Functional

    Y. Zhao and D. G. Truhlar,  Theor. Chem. Acc., 120, 215, 2008


    Deriv               =              1
    GGA                 =           TRUE
    Meta                =           TRUE

    Exchange Hybrid     =           TRUE
    MP2 Hybrid          =          FALSE

   => Exchange Functionals <=

    1.0000   XC_HYB_MGGA_X_M06_2X

   => Exact (HF) Exchange <=

    0.5400               HF 

   => Correlation Functionals <=

    1.0000   XC_MGGA_C_M06_2X

   => Molecular Quadrature <=

    Radial Scheme          =       TREUTLER
    Pruning Scheme         =           FLAT
    Nuclear Scheme         =       TREUTLER

    BS radius alpha        =              1
    Pruning alpha          =              1
    Radial Points          =             75
    Spherical Points       =            302
    Total Points           =          45300
    Total Blocks           =            421
    Max Points             =            256
    Max Functions          =             46

   => Loading Basis Set <=

    Name: (AUG-CC-PVDZ AUX)
    Role: JKFIT
    Keyword: DF_BASIS_SCF
    atoms 1 entry C          line   154 file /home/sulstice/software/miniconda2/envs/qmpython2/share/psi4/basis/aug-cc-pvdz-jkfit.gbs 
    atoms 2 entry O          line   270 file /home/sulstice/software/miniconda2/envs/qmpython2/share/psi4/basis/aug-cc-pvdz-jkfit.gbs 

  ==> Pre-Iterations <==

   -------------------------------------------------------
    Irrep   Nso     Nmo     Nalpha   Nbeta   Ndocc  Nsocc
   -------------------------------------------------------
     A1        22      22       0       0       0       0
     A2         4       4       0       0       0       0
     B1        10      10       0       0       0       0
     B2        10      10       0       0       0       0
   -------------------------------------------------------
    Total      46      46       7       7       7       0
   -------------------------------------------------------

  ==> Integral Setup <==

  DFHelper Memory: AOs need 0.003 GiB; user supplied 5.442 GiB. Using in-core AOs.

  ==> MemDFJK: Density-Fitted J/K Matrices <==

    J tasked:                   Yes
    K tasked:                   Yes
    wK tasked:                   No
    OpenMP threads:              10
    Memory [MiB]:              5572
    Algorithm:                 Core
    Schwarz Cutoff:           1E-12
    Mask sparsity (%):       0.0000
    Fitting Condition:        1E-10

   => Auxiliary Basis Set <=

  Basis Set: (AUG-CC-PVDZ AUX)
    Blend: AUG-CC-PVDZ-JKFIT
    Number of shells: 56
    Number of basis function: 172
    Number of Cartesian functions: 202
    Spherical Harmonics?: true
    Max angular momentum: 3

  Cached 100.0% of DFT collocation blocks in 0.146 [GiB].

  Minimum eigenvalue in the overlap matrix is 2.4868146782E-03.
  Using Symmetric Orthogonalization.

  SCF Guess: Superposition of Atomic Densities via on-the-fly atomic UHF.

  ==> Iterations <==

                           Total Energy        Delta E     RMS |[F,P]|

   @DF-RKS iter SAD:  -112.64671386990673   -1.12647e+02   0.00000e+00 
   @DF-RKS iter   1:  -113.25694106832808   -6.10227e-01   1.23192e-02 DIIS
   @DF-RKS iter   2:  -113.21979591641404    3.71452e-02   1.75458e-02 DIIS
   @DF-RKS iter   3:  -113.29399001681135   -7.41941e-02   2.09144e-03 DIIS
   @DF-RKS iter   4:  -113.29542158037255   -1.43156e-03   2.07587e-04 DIIS
   @DF-RKS iter   5:  -113.29543367204388   -1.20917e-05   5.50907e-05 DIIS
   @DF-RKS iter   6:  -113.29543447943917   -8.07395e-07   8.71670e-06 DIIS
   @DF-RKS iter   7:  -113.29543450109908   -2.16599e-08   3.89526e-07 DIIS
   @DF-RKS iter   8:  -113.29543450120578   -1.06695e-10   5.66451e-08 DIIS
   @DF-RKS iter   9:  -113.29543450120680   -1.02318e-12   8.66059e-09 DIIS
  Energy and wave function converged.


  ==> Post-Iterations <==

    Orbital Energies [Eh]
    ---------------------

    Doubly Occupied:                                                      

       1A1   -19.754816     2A1   -10.672690     3A1    -1.297535  
       4A1    -0.675068     1B2    -0.555642     1B1    -0.555642  
       5A1    -0.449714  

    Virtual:                                                              

       2B2     0.009745     2B1     0.009745     6A1     0.032369  
       7A1     0.061811     3B1     0.075544     3B2     0.075544  
       8A1     0.162355     4B1     0.180008     4B2     0.180008  
       9A1     0.265029     1A2     0.351878    10A1     0.351878  
      11A1     0.426029     5B2     0.505888     5B1     0.505888  
      12A1     0.595723     6B1     0.603287     6B2     0.603287  
      13A1     0.769390    14A1     0.895874     2A2     0.911232  
      15A1     0.911236     7B1     1.028535     7B2     1.028535  
      16A1     1.229395     8B2     1.443694     8B1     1.443694  
      17A1     1.449318     3A2     1.449319     9B2     1.751243  
       9B1     1.751243    18A1     1.922440    19A1     1.978845  
      20A1     2.694596    21A1     3.227324     4A2     3.227365  
      10B2     3.338432    10B1     3.338432    22A1     3.678251  

    Final Occupation by Irrep:
             A1    A2    B1    B2 
    DOCC [     5,    0,    1,    1 ]

  @DF-RKS Final Energy:  -113.29543450120680

   => Energetics <=

    Nuclear Repulsion Energy =             22.5181791774468181
    One-Electron Energy =                -198.1826326287743427
    Two-Electron Energy =                  69.0352513481362990
    DFT Exchange-Correlation Energy =      -6.6662323980155795
    Empirical Dispersion Energy =           0.0000000000000000
    VV10 Nonlocal Energy =                  0.0000000000000000
    Total Energy =                       -113.2954345012067989

Computation Completed


Properties will be evaluated at   0.000000,   0.000000,   0.000000 [a0]

Properties computed using the SCF density matrix

  Nuclear Dipole Moment: [e a0]
     X:     0.0000      Y:     0.0000      Z:     0.0023

  Electronic Dipole Moment: [e a0]
     X:     0.0000      Y:     0.0000      Z:     0.0158

  Dipole Moment: [e a0]
     X:     0.0000      Y:     0.0000      Z:     0.0182     Total:     0.0182

  Dipole Moment: [D]
     X:     0.0000      Y:     0.0000      Z:     0.0462     Total:     0.0462


*** tstop() called on wanukaka at Thu Apr 14 13:05:23 2022
Module time:
	user time   =       8.83 seconds =       0.15 minutes
	system time =       0.26 seconds =       0.00 minutes
	total time  =          1 seconds =       0.02 minutes
Total time:
	user time   =   14316.22 seconds =     238.60 minutes
	system time =     629.23 seconds =      10.49 minutes
	total time  =       1667 seconds =      27.78 minutes

*** tstart() called on wanukaka
*** at Thu Apr 14 13:05:23 2022


         ------------------------------------------------------------
                                   SCF GRAD                          
                          Rob Parrish, Justin Turney,                
                       Andy Simmonett, and Alex Sokolov              
         ------------------------------------------------------------

  ==> Geometry <==

    Molecular point group: c2v
    Full point group: C_inf_v

    Geometry (in Angstrom), charge = 0, multiplicity = 1:

       Center              X                  Y                   Z               Mass       
    ------------   -----------------  -----------------  -----------------  -----------------
         C            0.000000000000     0.000000000000    -0.644483611972    12.000000000000
         O            0.000000000000     0.000000000000     0.483516388028    15.994914619570

  Nuclear repulsion =   22.518179177446818

  ==> Basis Set <==

  Basis Set: AUG-CC-PVDZ
    Blend: AUG-CC-PVDZ
    Number of shells: 18
    Number of basis function: 46
    Number of Cartesian functions: 50
    Spherical Harmonics?: true
    Max angular momentum: 2

  ==> DFJKGrad: Density-Fitted SCF Gradients <==

    Gradient:                    1
    J tasked:                  Yes
    K tasked:                  Yes
    wK tasked:                  No
    OpenMP threads:             10
    Integrals threads:          10
    Memory [MiB]:             5722
    Schwarz Cutoff:          0E+00
    Fitting Condition:       1E-10

   => Auxiliary Basis Set <=

  Basis Set: (AUG-CC-PVDZ AUX)
    Blend: AUG-CC-PVDZ-JKFIT
    Number of shells: 56
    Number of basis function: 172
    Number of Cartesian functions: 202
    Spherical Harmonics?: true
    Max angular momentum: 3

  ==> DFT Potential <==

   => Composite Functional: M06-2X <= 

    Hybrid M06-2X Meta-GGA XC Functional

    Y. Zhao and D. G. Truhlar,  Theor. Chem. Acc., 120, 215, 2008


    Deriv               =              1
    GGA                 =           TRUE
    Meta                =           TRUE

    Exchange Hybrid     =           TRUE
    MP2 Hybrid          =          FALSE

   => Exchange Functionals <=

    1.0000   XC_HYB_MGGA_X_M06_2X

   => Exact (HF) Exchange <=

    0.5400               HF 

   => Correlation Functionals <=

    1.0000   XC_MGGA_C_M06_2X

   => Molecular Quadrature <=

    Radial Scheme          =       TREUTLER
    Pruning Scheme         =           FLAT
    Nuclear Scheme         =       TREUTLER

    BS radius alpha        =              1
    Pruning alpha          =              1
    Radial Points          =             75
    Spherical Points       =            302
    Total Points           =          45300
    Total Blocks           =            421
    Max Points             =            256
    Max Functions          =             46


  -Total Gradient:
     Atom            X                  Y                   Z
    ------   -----------------  -----------------  -----------------
       1        0.000000000000     0.000000000000     0.000633774437
       2       -0.000000000000    -0.000000000000    -0.000393638694


*** tstop() called on wanukaka at Thu Apr 14 13:05:24 2022
Module time:
	user time   =       4.43 seconds =       0.07 minutes
	system time =       0.17 seconds =       0.00 minutes
	total time  =          1 seconds =       0.02 minutes
Total time:
	user time   =   14320.66 seconds =     238.68 minutes
	system time =     629.40 seconds =      10.49 minutes
	total time  =       1668 seconds =      27.80 minutes

			-----------------------------------------
			 OPTKING 2.0: for geometry optimizations 
			  - R.A. King,  Bethel University        
			-----------------------------------------

	Internal coordinates to be generated automatically.
	Detected frag 1 with atoms:  1 2
	---Fragment 1 Bond Connectivity---
	 1 : 2
	 2 : 1

	---Fragment 1 Geometry and Gradient---
	 C           0.0000000000        0.0000000000       -1.2178975190
	 O           0.0000000000        0.0000000000        0.9137135505
	             0.0000000000        0.0000000000        0.0006337744
	            -0.0000000000       -0.0000000000       -0.0003936387

	Previous optimization step data not found.  Starting new optimization.

	---Fragment 1 Intrafragment Coordinates---
	 - Coordinate -           - BOHR/RAD -       - ANG/DEG -
	 R(1,2)           =         2.131611	       1.128000

	Current energy   :      -113.2954345012

	Generating empirical Hessian (Schlegel '84) for each fragment.
	Taking RFO optimization step.
	Going to follow RFO solution 1.
	Using RFO vector 1.
	Norm of target step-size    0.00034
	Projected energy change by RFO approximation:        -0.0000001168

	Back-transformation to cartesian coordinates...
	Successfully converged to displaced geometry.

	--- Internal Coordinate Step in ANG or DEG, aJ/ANG or AJ/DEG ---
	 ---------------------------------------------------------------------------
	   Coordinate                Previous        Force       Change         New 
	   ----------                --------       ------       ------       ------
	    1 R(1,2)          =      1.128000     0.004232     0.000180     1.128180
	 ---------------------------------------------------------------------------
	Successfully symmetrized geometry.

  ==> Convergence Check <==

  Measures of convergence in internal coordinates in au.
  Criteria marked as inactive (o), active & met (*), and active & unmet ( ).
  --------------------------------------------------------------------------------------------- ~
   Step     Total Energy     Delta E     MAX Force     RMS Force      MAX Disp      RMS Disp    ~
  --------------------------------------------------------------------------------------------- ~
    Convergence Criteria    1.00e-06 *    3.00e-04 *             o    1.20e-03 *             o  ~
  --------------------------------------------------------------------------------------------- ~
      1    -113.29543450   -1.13e+02      5.14e-04      5.14e-04 o    3.40e-04 *    3.40e-04 o  ~
  ---------------------------------------------------------------------------------------------

	Writing optimization data to binary file.
	Structure for next step:
	Cartesian Geometry (in Angstrom)
	    C     0.0000000000   0.0000000000  -0.6445734750
	    O     0.0000000000   0.0000000000   0.4836062516
			--------------------------
			 OPTKING Finished Execution 
			--------------------------

    Structure for next step:
    Molecular point group: c2v
    Full point group: C_inf_v

    Geometry (in Angstrom), charge = 0, multiplicity = 1:

    C       
    O             1    1.128180

gradient() will perform analytic gradient computation.

*** tstart() called on wanukaka
*** at Thu Apr 14 13:05:24 2022

   => Loading Basis Set <=

    Name: AUG-CC-PVDZ
    Role: ORBITAL
    Keyword: BASIS
    atoms 1 entry C          line   178 file /home/sulstice/software/miniconda2/envs/qmpython2/share/psi4/basis/aug-cc-pvdz.gbs 
    atoms 2 entry O          line   250 file /home/sulstice/software/miniconda2/envs/qmpython2/share/psi4/basis/aug-cc-pvdz.gbs 


         ---------------------------------------------------------
                                   SCF
               by Justin Turney, Rob Parrish, Andy Simmonett
                          and Daniel G. A. Smith
                              RKS Reference
                       10 Threads,   7629 MiB Core
         ---------------------------------------------------------

  ==> Geometry <==

    Molecular point group: c2v
    Full point group: C_inf_v

    Geometry (in Angstrom), charge = 0, multiplicity = 1:

       Center              X                  Y                   Z               Mass       
    ------------   -----------------  -----------------  -----------------  -----------------
         C            0.000000000000     0.000000000000    -0.644586301429    12.000000000000
         O            0.000000000000     0.000000000000     0.483593429607    15.994914619570

  Running in c2v symmetry.

  Rotational constants: A = ************  B =      1.93177  C =      1.93177 [cm^-1]
  Rotational constants: A = ************  B =  57913.07012  C =  57913.07012 [MHz]
  Nuclear repulsion =   22.514591791893242

  Charge       = 0
  Multiplicity = 1
  Electrons    = 14
  Nalpha       = 7
  Nbeta        = 7

  ==> Algorithm <==

  SCF Algorithm Type is DF.
  DIIS enabled.
  MOM disabled.
  Fractional occupation disabled.
  Guess Type is READ.
  Energy threshold   = 1.00e-08
  Density threshold  = 1.00e-08
  Integral threshold = 0.00e+00

  ==> Primary Basis <==

  Basis Set: AUG-CC-PVDZ
    Blend: AUG-CC-PVDZ
    Number of shells: 18
    Number of basis function: 46
    Number of Cartesian functions: 50
    Spherical Harmonics?: true
    Max angular momentum: 2

  ==> DFT Potential <==

   => Composite Functional: M06-2X <= 

    Hybrid M06-2X Meta-GGA XC Functional

    Y. Zhao and D. G. Truhlar,  Theor. Chem. Acc., 120, 215, 2008


    Deriv               =              1
    GGA                 =           TRUE
    Meta                =           TRUE

    Exchange Hybrid     =           TRUE
    MP2 Hybrid          =          FALSE

   => Exchange Functionals <=

    1.0000   XC_HYB_MGGA_X_M06_2X

   => Exact (HF) Exchange <=

    0.5400               HF 

   => Correlation Functionals <=

    1.0000   XC_MGGA_C_M06_2X

   => Molecular Quadrature <=

    Radial Scheme          =       TREUTLER
    Pruning Scheme         =           FLAT
    Nuclear Scheme         =       TREUTLER

    BS radius alpha        =              1
    Pruning alpha          =              1
    Radial Points          =             75
    Spherical Points       =            302
    Total Points           =          45300
    Total Blocks           =            421
    Max Points             =            256
    Max Functions          =             46

   => Loading Basis Set <=

    Name: (AUG-CC-PVDZ AUX)
    Role: JKFIT
    Keyword: DF_BASIS_SCF
    atoms 1 entry C          line   154 file /home/sulstice/software/miniconda2/envs/qmpython2/share/psi4/basis/aug-cc-pvdz-jkfit.gbs 
    atoms 2 entry O          line   270 file /home/sulstice/software/miniconda2/envs/qmpython2/share/psi4/basis/aug-cc-pvdz-jkfit.gbs 

   => Loading Basis Set <=

    Name: AUG-CC-PVDZ
    Role: ORBITAL
    Keyword: BASIS
    atoms 1 entry C          line   178 file /home/sulstice/software/miniconda2/envs/qmpython2/share/psi4/basis/aug-cc-pvdz.gbs 
    atoms 2 entry O          line   250 file /home/sulstice/software/miniconda2/envs/qmpython2/share/psi4/basis/aug-cc-pvdz.gbs 

  Reading orbitals from file 180, no projection.

  ==> Pre-Iterations <==

   -------------------------------------------------------
    Irrep   Nso     Nmo     Nalpha   Nbeta   Ndocc  Nsocc
   -------------------------------------------------------
     A1        22      22       0       0       0       0
     A2         4       4       0       0       0       0
     B1        10      10       0       0       0       0
     B2        10      10       0       0       0       0
   -------------------------------------------------------
    Total      46      46       7       7       7       0
   -------------------------------------------------------

  ==> Integral Setup <==

  DFHelper Memory: AOs need 0.003 GiB; user supplied 5.442 GiB. Using in-core AOs.

  ==> MemDFJK: Density-Fitted J/K Matrices <==

    J tasked:                   Yes
    K tasked:                   Yes
    wK tasked:                   No
    OpenMP threads:              10
    Memory [MiB]:              5572
    Algorithm:                 Core
    Schwarz Cutoff:           1E-12
    Mask sparsity (%):       0.0000
    Fitting Condition:        1E-10

   => Auxiliary Basis Set <=

  Basis Set: (AUG-CC-PVDZ AUX)
    Blend: AUG-CC-PVDZ-JKFIT
    Number of shells: 56
    Number of basis function: 172
    Number of Cartesian functions: 202
    Spherical Harmonics?: true
    Max angular momentum: 3

  Cached 100.0% of DFT collocation blocks in 0.146 [GiB].

  Minimum eigenvalue in the overlap matrix is 2.4872732345E-03.
  Using Symmetric Orthogonalization.

  SCF Guess: Orbitals guess was supplied from a previous computation.

  ==> Iterations <==

                           Total Energy        Delta E     RMS |[F,P]|

   @DF-RKS iter   0:  -113.29516328054898   -1.13295e+02   3.11045e-05 
   @DF-RKS iter   1:  -113.29543458071126   -2.71300e-04   6.79197e-06 DIIS
   @DF-RKS iter   2:  -113.29543457481002    5.90124e-09   8.94812e-06 DIIS
   @DF-RKS iter   3:  -113.29543459361227   -1.88023e-08   1.39588e-06 DIIS
   @DF-RKS iter   4:  -113.29543459416961   -5.57336e-10   1.64747e-07 DIIS
   @DF-RKS iter   5:  -113.29543459417739   -7.78755e-12   1.41488e-08 DIIS
   @DF-RKS iter   6:  -113.29543459417745   -5.68434e-14   2.55736e-09 DIIS
  Energy and wave function converged.


  ==> Post-Iterations <==

    Orbital Energies [Eh]
    ---------------------

    Doubly Occupied:                                                      

       1A1   -19.754825     2A1   -10.672755     3A1    -1.297428  
       4A1    -0.675062     1B2    -0.555574     1B1    -0.555574  
       5A1    -0.449732  

    Virtual:                                                              

       2B2     0.009696     2B1     0.009696     6A1     0.032371  
       7A1     0.061806     3B1     0.075524     3B2     0.075524  
       8A1     0.162352     4B2     0.180009     4B1     0.180009  
       9A1     0.265025     1A2     0.351874    10A1     0.351874  
      11A1     0.425988     5B2     0.505854     5B1     0.505854  
      12A1     0.595716     6B2     0.603303     6B1     0.603303  
      13A1     0.769181    14A1     0.895831     2A2     0.911220  
      15A1     0.911224     7B2     1.028504     7B1     1.028504  
      16A1     1.229421     8B2     1.443568     8B1     1.443568  
      17A1     1.449290     3A2     1.449291     9B2     1.751179  
       9B1     1.751179    18A1     1.922309    19A1     1.978451  
      20A1     2.694320    21A1     3.227329     4A2     3.227371  
      10B2     3.338426    10B1     3.338426    22A1     3.677988  

    Final Occupation by Irrep:
             A1    A2    B1    B2 
    DOCC [     5,    0,    1,    1 ]

  @DF-RKS Final Energy:  -113.29543459417745

   => Energetics <=

    Nuclear Repulsion Energy =             22.5145917918932419
    One-Electron Energy =                -198.1758445573982499
    Two-Electron Energy =                  69.0319668261425505
    DFT Exchange-Correlation Energy =      -6.6661486548150046
    Empirical Dispersion Energy =           0.0000000000000000
    VV10 Nonlocal Energy =                  0.0000000000000000
    Total Energy =                       -113.2954345941774505

Computation Completed


Properties will be evaluated at   0.000000,   0.000000,   0.000000 [a0]

Properties computed using the SCF density matrix

  Nuclear Dipole Moment: [e a0]
     X:     0.0000      Y:     0.0000      Z:     0.0023

  Electronic Dipole Moment: [e a0]
     X:     0.0000      Y:     0.0000      Z:     0.0156

  Dipole Moment: [e a0]
     X:     0.0000      Y:     0.0000      Z:     0.0179     Total:     0.0179

  Dipole Moment: [D]
     X:     0.0000      Y:     0.0000      Z:     0.0455     Total:     0.0455


*** tstop() called on wanukaka at Thu Apr 14 13:05:24 2022
Module time:
	user time   =       5.64 seconds =       0.09 minutes
	system time =       0.15 seconds =       0.00 minutes
	total time  =          0 seconds =       0.00 minutes
Total time:
	user time   =   14326.42 seconds =     238.77 minutes
	system time =     629.55 seconds =      10.49 minutes
	total time  =       1668 seconds =      27.80 minutes

*** tstart() called on wanukaka
*** at Thu Apr 14 13:05:24 2022


         ------------------------------------------------------------
                                   SCF GRAD                          
                          Rob Parrish, Justin Turney,                
                       Andy Simmonett, and Alex Sokolov              
         ------------------------------------------------------------

  ==> Geometry <==

    Molecular point group: c2v
    Full point group: C_inf_v

    Geometry (in Angstrom), charge = 0, multiplicity = 1:

       Center              X                  Y                   Z               Mass       
    ------------   -----------------  -----------------  -----------------  -----------------
         C            0.000000000000     0.000000000000    -0.644586301429    12.000000000000
         O            0.000000000000     0.000000000000     0.483593429607    15.994914619570

  Nuclear repulsion =   22.514591791893242

  ==> Basis Set <==

  Basis Set: AUG-CC-PVDZ
    Blend: AUG-CC-PVDZ
    Number of shells: 18
    Number of basis function: 46
    Number of Cartesian functions: 50
    Spherical Harmonics?: true
    Max angular momentum: 2

  ==> DFJKGrad: Density-Fitted SCF Gradients <==

    Gradient:                    1
    J tasked:                  Yes
    K tasked:                  Yes
    wK tasked:                  No
    OpenMP threads:             10
    Integrals threads:          10
    Memory [MiB]:             5722
    Schwarz Cutoff:          0E+00
    Fitting Condition:       1E-10

   => Auxiliary Basis Set <=

  Basis Set: (AUG-CC-PVDZ AUX)
    Blend: AUG-CC-PVDZ-JKFIT
    Number of shells: 56
    Number of basis function: 172
    Number of Cartesian functions: 202
    Spherical Harmonics?: true
    Max angular momentum: 3

  ==> DFT Potential <==

   => Composite Functional: M06-2X <= 

    Hybrid M06-2X Meta-GGA XC Functional

    Y. Zhao and D. G. Truhlar,  Theor. Chem. Acc., 120, 215, 2008


    Deriv               =              1
    GGA                 =           TRUE
    Meta                =           TRUE

    Exchange Hybrid     =           TRUE
    MP2 Hybrid          =          FALSE

   => Exchange Functionals <=

    1.0000   XC_HYB_MGGA_X_M06_2X

   => Exact (HF) Exchange <=

    0.5400               HF 

   => Correlation Functionals <=

    1.0000   XC_MGGA_C_M06_2X

   => Molecular Quadrature <=

    Radial Scheme          =       TREUTLER
    Pruning Scheme         =           FLAT
    Nuclear Scheme         =       TREUTLER

    BS radius alpha        =              1
    Pruning alpha          =              1
    Radial Points          =             75
    Spherical Points       =            302
    Total Points           =          45300
    Total Blocks           =            421
    Max Points             =            256
    Max Functions          =             46


  -Total Gradient:
     Atom            X                  Y                   Z
    ------   -----------------  -----------------  -----------------
       1        0.000000000000     0.000000000000     0.000183701480
       2        0.000000000000     0.000000000000     0.000054863388


*** tstop() called on wanukaka at Thu Apr 14 13:05:25 2022
Module time:
	user time   =       4.50 seconds =       0.07 minutes
	system time =       0.15 seconds =       0.00 minutes
	total time  =          1 seconds =       0.02 minutes
Total time:
	user time   =   14330.93 seconds =     238.85 minutes
	system time =     629.70 seconds =      10.50 minutes
	total time  =       1669 seconds =      27.82 minutes

			-----------------------------------------
			 OPTKING 2.0: for geometry optimizations 
			  - R.A. King,  Bethel University        
			-----------------------------------------

	Previous internal coordinate definitions found.
	---Fragment 1 Geometry and Gradient---
	 C           0.0000000000        0.0000000000       -1.2180915739
	 O           0.0000000000        0.0000000000        0.9138591380
	             0.0000000000        0.0000000000        0.0001837015
	             0.0000000000        0.0000000000        0.0000548634

	---Fragment 1 Intrafragment Coordinates---
	 - Coordinate -           - BOHR/RAD -       - ANG/DEG -
	 R(1,2)           =         2.131951	       1.128180

	Current energy   :      -113.2954345942

	Energy change for the previous step:
		Projected    :        -0.0000001168
		Actual       :        -0.0000000930
	Energy ratio indicates good step: Trust radius increased to 1.000e+00.


	Performing BFGS update.
	Previous computed or guess Hessian on step 1.
	Steps to be used in Hessian update: 1
	Taking RFO optimization step.
	Going to follow RFO solution 1.
	Using RFO vector 1.
	Norm of target step-size    0.00005
	Projected energy change by RFO approximation:        -0.0000000020

	Back-transformation to cartesian coordinates...
	Successfully converged to displaced geometry.

	--- Internal Coordinate Step in ANG or DEG, aJ/ANG or AJ/DEG ---
	 ---------------------------------------------------------------------------
	   Coordinate                Previous        Force       Change         New 
	   ----------                --------       ------       ------       ------
	    1 R(1,2)          =      1.128180     0.000531     0.000026     1.128205
	 ---------------------------------------------------------------------------
	Successfully symmetrized geometry.

  ==> Convergence Check <==

  Measures of convergence in internal coordinates in au.
  Criteria marked as inactive (o), active & met (*), and active & unmet ( ).
  ---------------------------------------------------------------------------------------------
   Step     Total Energy     Delta E     MAX Force     RMS Force      MAX Disp      RMS Disp   
  ---------------------------------------------------------------------------------------------
    Convergence Criteria    1.00e-06 *    3.00e-04 *             o    1.20e-03 *             o
  ---------------------------------------------------------------------------------------------
      2    -113.29543459   -9.30e-08 *    6.44e-05 *    6.44e-05 o    4.87e-05 *    4.87e-05 o  ~
  ---------------------------------------------------------------------------------------------


  **** Optimization is complete! (in 2 steps) ****

  ==> Optimization Summary <==

  Measures of convergence in internal coordinates in au.
  --------------------------------------------------------------------------------------------------------------- ~
   Step         Total Energy             Delta E       MAX Force       RMS Force        MAX Disp        RMS Disp  ~
  --------------------------------------------------------------------------------------------------------------- ~
      1    -113.295434501207   -113.295434501207      0.00051371      0.00051371      0.00033964      0.00033964  ~
      2    -113.295434594177     -0.000000092971      0.00006442      0.00006442      0.00004870      0.00004870  ~
  --------------------------------------------------------------------------------------------------------------- ~

	Writing optimization data to binary file.
	Final energy is   -113.2954345941775
	Final (previous) structure:
	Cartesian Geometry (in Angstrom)
	    C     0.0000000000   0.0000000000  -0.6445862989
	    O     0.0000000000   0.0000000000   0.4835934277
	Saving final (previous) structure.
			--------------------------
			 OPTKING Finished Execution 
			--------------------------

    Final optimized geometry and variables:
    Molecular point group: c2v
    Full point group: C_inf_v

    Geometry (in Angstrom), charge = 0, multiplicity = 1:

    C       
    O             1    1.128180

	Removing binary optimization data file.
	Cleaning optimization helper files.

*** tstart() called on wanukaka
*** at Thu Apr 14 13:05:25 2022

   => Loading Basis Set <=

    Name: AUG-CC-PVDZ
    Role: ORBITAL
    Keyword: BASIS
    atoms 1 entry C          line   178 file /home/sulstice/software/miniconda2/envs/qmpython2/share/psi4/basis/aug-cc-pvdz.gbs 
    atoms 2 entry O          line   250 file /home/sulstice/software/miniconda2/envs/qmpython2/share/psi4/basis/aug-cc-pvdz.gbs 


         ---------------------------------------------------------
                                   SCF
               by Justin Turney, Rob Parrish, Andy Simmonett
                          and Daniel G. A. Smith
                              RKS Reference
                       10 Threads,   7629 MiB Core
         ---------------------------------------------------------

  ==> Geometry <==

    Molecular point group: c2v
    Full point group: C_inf_v

    Geometry (in Angstrom), charge = 0, multiplicity = 1:

       Center              X                  Y                   Z               Mass       
    ------------   -----------------  -----------------  -----------------  -----------------
         C            0.000000000000     0.000000000000    -0.644586301429    12.000000000000
         O            0.000000000000     0.000000000000     0.483593429607    15.994914619570

  Running in c2v symmetry.

  Rotational constants: A = ************  B =      1.93177  C =      1.93177 [cm^-1]
  Rotational constants: A = ************  B =  57913.07012  C =  57913.07012 [MHz]
  Nuclear repulsion =   22.514591791893242

  Charge       = 0
  Multiplicity = 1
  Electrons    = 14
  Nalpha       = 7
  Nbeta        = 7

  ==> Algorithm <==

  SCF Algorithm Type is DF.
  DIIS enabled.
  MOM disabled.
  Fractional occupation disabled.
  Guess Type is SAD.
  Energy threshold   = 1.00e-06
  Density threshold  = 1.00e-06
  Integral threshold = 0.00e+00

  ==> Primary Basis <==

  Basis Set: AUG-CC-PVDZ
    Blend: AUG-CC-PVDZ
    Number of shells: 18
    Number of basis function: 46
    Number of Cartesian functions: 50
    Spherical Harmonics?: true
    Max angular momentum: 2

  ==> DFT Potential <==

   => Composite Functional: M06-2X <= 

    Hybrid M06-2X Meta-GGA XC Functional

    Y. Zhao and D. G. Truhlar,  Theor. Chem. Acc., 120, 215, 2008


    Deriv               =              1
    GGA                 =           TRUE
    Meta                =           TRUE

    Exchange Hybrid     =           TRUE
    MP2 Hybrid          =          FALSE

   => Exchange Functionals <=

    1.0000   XC_HYB_MGGA_X_M06_2X

   => Exact (HF) Exchange <=

    0.5400               HF 

   => Correlation Functionals <=

    1.0000   XC_MGGA_C_M06_2X

   => Molecular Quadrature <=

    Radial Scheme          =       TREUTLER
    Pruning Scheme         =           FLAT
    Nuclear Scheme         =       TREUTLER

    BS radius alpha        =              1
    Pruning alpha          =              1
    Radial Points          =             75
    Spherical Points       =            302
    Total Points           =          45300
    Total Blocks           =            421
    Max Points             =            256
    Max Functions          =             46

   => Loading Basis Set <=

    Name: (AUG-CC-PVDZ AUX)
    Role: JKFIT
    Keyword: DF_BASIS_SCF
    atoms 1 entry C          line   154 file /home/sulstice/software/miniconda2/envs/qmpython2/share/psi4/basis/aug-cc-pvdz-jkfit.gbs 
    atoms 2 entry O          line   270 file /home/sulstice/software/miniconda2/envs/qmpython2/share/psi4/basis/aug-cc-pvdz-jkfit.gbs 

  ==> Pre-Iterations <==

   -------------------------------------------------------
    Irrep   Nso     Nmo     Nalpha   Nbeta   Ndocc  Nsocc
   -------------------------------------------------------
     A1        22      22       0       0       0       0
     A2         4       4       0       0       0       0
     B1        10      10       0       0       0       0
     B2        10      10       0       0       0       0
   -------------------------------------------------------
    Total      46      46       7       7       7       0
   -------------------------------------------------------

  ==> Integral Setup <==

  DFHelper Memory: AOs need 0.003 GiB; user supplied 5.442 GiB. Using in-core AOs.

  ==> MemDFJK: Density-Fitted J/K Matrices <==

    J tasked:                   Yes
    K tasked:                   Yes
    wK tasked:                   No
    OpenMP threads:              10
    Memory [MiB]:              5572
    Algorithm:                 Core
    Schwarz Cutoff:           1E-12
    Mask sparsity (%):       0.0000
    Fitting Condition:        1E-10

   => Auxiliary Basis Set <=

  Basis Set: (AUG-CC-PVDZ AUX)
    Blend: AUG-CC-PVDZ-JKFIT
    Number of shells: 56
    Number of basis function: 172
    Number of Cartesian functions: 202
    Spherical Harmonics?: true
    Max angular momentum: 3

  Cached 100.0% of DFT collocation blocks in 0.146 [GiB].

  Minimum eigenvalue in the overlap matrix is 2.4872732345E-03.
  Using Symmetric Orthogonalization.

  SCF Guess: Superposition of Atomic Densities via on-the-fly atomic UHF.

  ==> Iterations <==

                           Total Energy        Delta E     RMS |[F,P]|

   @DF-RKS iter SAD:  -112.64641565782263   -1.12646e+02   0.00000e+00 
   @DF-RKS iter   1:  -113.25694080700022   -6.10525e-01   1.23192e-02 DIIS
   @DF-RKS iter   2:  -113.21971004890926    3.72308e-02   1.75550e-02 DIIS
   @DF-RKS iter   3:  -113.29399110984365   -7.42811e-02   2.09048e-03 DIIS
   @DF-RKS iter   4:  -113.29542166525552   -1.43056e-03   2.07661e-04 DIIS
   @DF-RKS iter   5:  -113.29543376447295   -1.20992e-05   5.51098e-05 DIIS
   @DF-RKS iter   6:  -113.29543457238482   -8.07912e-07   8.72183e-06 DIIS
   @DF-RKS iter   7:  -113.29543459406966   -2.16848e-08   3.89813e-07 DIIS
  Energy and wave function converged.


  ==> Post-Iterations <==

    Orbital Energies [Eh]
    ---------------------

    Doubly Occupied:                                                      

       1A1   -19.754824     2A1   -10.672755     3A1    -1.297428  
       4A1    -0.675062     1B2    -0.555574     1B1    -0.555574  
       5A1    -0.449733  

    Virtual:                                                              

       2B2     0.009696     2B1     0.009696     6A1     0.032371  
       7A1     0.061806     3B1     0.075524     3B2     0.075524  
       8A1     0.162352     4B2     0.180009     4B1     0.180009  
       9A1     0.265025     1A2     0.351873    10A1     0.351874  
      11A1     0.425988     5B2     0.505854     5B1     0.505854  
      12A1     0.595716     6B2     0.603302     6B1     0.603302  
      13A1     0.769180    14A1     0.895830     2A2     0.911220  
      15A1     0.911224     7B2     1.028504     7B1     1.028504  
      16A1     1.229421     8B2     1.443568     8B1     1.443568  
      17A1     1.449289     3A2     1.449290     9B2     1.751179  
       9B1     1.751179    18A1     1.922309    19A1     1.978451  
      20A1     2.694320    21A1     3.227330     4A2     3.227371  
      10B2     3.338426    10B1     3.338426    22A1     3.677988  

    Final Occupation by Irrep:
             A1    A2    B1    B2 
    DOCC [     5,    0,    1,    1 ]

  @DF-RKS Final Energy:  -113.29543459406966

   => Energetics <=

    Nuclear Repulsion Energy =             22.5145917918932419
    One-Electron Energy =                -198.1758828081432284
    Two-Electron Energy =                  69.0320074599125917
    DFT Exchange-Correlation Energy =      -6.6661510377322726
    Empirical Dispersion Energy =           0.0000000000000000
    VV10 Nonlocal Energy =                  0.0000000000000000
    Total Energy =                       -113.2954345940696612

Computation Completed


Properties will be evaluated at   0.000000,   0.000000,   0.000000 [a0]

Properties computed using the SCF density matrix

  Nuclear Dipole Moment: [e a0]
     X:     0.0000      Y:     0.0000      Z:     0.0023

  Electronic Dipole Moment: [e a0]
     X:     0.0000      Y:     0.0000      Z:     0.0156

  Dipole Moment: [e a0]
     X:     0.0000      Y:     0.0000      Z:     0.0179     Total:     0.0179

  Dipole Moment: [D]
     X:     0.0000      Y:     0.0000      Z:     0.0455     Total:     0.0455


*** tstop() called on wanukaka at Thu Apr 14 13:05:25 2022
Module time:
	user time   =       7.91 seconds =       0.13 minutes
	system time =       0.24 seconds =       0.00 minutes
	total time  =          0 seconds =       0.00 minutes
Total time:
	user time   =   14338.94 seconds =     238.98 minutes
	system time =     629.95 seconds =      10.50 minutes
	total time  =       1669 seconds =      27.82 minutes
hessian() using ref_gradient to assess stationary point.

  Based on options and gradient (rms=7.83E-05), recommend projecting translations and projecting rotations.
hessian() will perform frequency computation by finite difference of analytic gradients.

         ----------------------------------------------------------
                                   FINDIF
                     R. A. King and Jonathon Misiewicz
         ---------------------------------------------------------

  Using finite-differences of gradients to determine vibrational frequencies and 
  normal modes.  Resulting frequencies are only valid at stationary points.
    Generating geometries for use with 3-point formula.
    Displacement size will be 5.00e-03.
    Number of atoms is 2.
    Number of irreps is 4.
    Number of SALCs is 1.
    Translations projected? 1. Rotations projected? 1.
    Index of SALCs per irrep:
     1 :  0 
     2 : 
     3 : 
     4 : 
    Number of SALCs per irrep:
     Irrep 1: 1
     Irrep 2: 0
     Irrep 3: 0
     Irrep 4: 0
    Number of geometries (including reference) is 3.
    Number of displacements per irrep:
      Irrep 1: 2
      Irrep 2: 0
      Irrep 3: 0
      Irrep 4: 0

  //>>>>>>>>>>>>>>>>>>>>>>>>>>>>>>>>>>>//
  //    Loading displacement 1 of 3    //
  //<<<<<<<<<<<<<<<<<<<<<<<<<<<<<<<<<<<//
gradient() will perform analytic gradient computation.

*** tstart() called on wanukaka
*** at Thu Apr 14 13:05:25 2022

   => Loading Basis Set <=

    Name: AUG-CC-PVDZ
    Role: ORBITAL
    Keyword: BASIS
    atoms 1 entry C          line   178 file /home/sulstice/software/miniconda2/envs/qmpython2/share/psi4/basis/aug-cc-pvdz.gbs 
    atoms 2 entry O          line   250 file /home/sulstice/software/miniconda2/envs/qmpython2/share/psi4/basis/aug-cc-pvdz.gbs 


         ---------------------------------------------------------
                                   SCF
               by Justin Turney, Rob Parrish, Andy Simmonett
                          and Daniel G. A. Smith
                              RKS Reference
                       10 Threads,   7629 MiB Core
         ---------------------------------------------------------

  ==> Geometry <==

    Molecular point group: c2v
    Full point group: C_inf_v

    Geometry (in Angstrom), charge = 0, multiplicity = 1:

       Center              X                  Y                   Z               Mass       
    ------------   -----------------  -----------------  -----------------  -----------------
         C            0.000000000000     0.000000000000    -0.644586301429    12.000000000000
         O            0.000000000000     0.000000000000     0.483593429607    15.994914619570

  Running in c2v symmetry.

  Rotational constants: A = ************  B =      1.93177  C =      1.93177 [cm^-1]
  Rotational constants: A = ************  B =  57913.07012  C =  57913.07012 [MHz]
  Nuclear repulsion =   22.514591791893242

  Charge       = 0
  Multiplicity = 1
  Electrons    = 14
  Nalpha       = 7
  Nbeta        = 7

  ==> Algorithm <==

  SCF Algorithm Type is DF.
  DIIS enabled.
  MOM disabled.
  Fractional occupation disabled.
  Guess Type is SAD.
  Energy threshold   = 1.00e-08
  Density threshold  = 1.00e-08
  Integral threshold = 0.00e+00

  ==> Primary Basis <==

  Basis Set: AUG-CC-PVDZ
    Blend: AUG-CC-PVDZ
    Number of shells: 18
    Number of basis function: 46
    Number of Cartesian functions: 50
    Spherical Harmonics?: true
    Max angular momentum: 2

  ==> DFT Potential <==

   => Composite Functional: M06-2X <= 

    Hybrid M06-2X Meta-GGA XC Functional

    Y. Zhao and D. G. Truhlar,  Theor. Chem. Acc., 120, 215, 2008


    Deriv               =              1
    GGA                 =           TRUE
    Meta                =           TRUE

    Exchange Hybrid     =           TRUE
    MP2 Hybrid          =          FALSE

   => Exchange Functionals <=

    1.0000   XC_HYB_MGGA_X_M06_2X

   => Exact (HF) Exchange <=

    0.5400               HF 

   => Correlation Functionals <=

    1.0000   XC_MGGA_C_M06_2X

   => Molecular Quadrature <=

    Radial Scheme          =       TREUTLER
    Pruning Scheme         =           FLAT
    Nuclear Scheme         =       TREUTLER

    BS radius alpha        =              1
    Pruning alpha          =              1
    Radial Points          =             75
    Spherical Points       =            302
    Total Points           =          45300
    Total Blocks           =            421
    Max Points             =            256
    Max Functions          =             46

   => Loading Basis Set <=

    Name: (AUG-CC-PVDZ AUX)
    Role: JKFIT
    Keyword: DF_BASIS_SCF
    atoms 1 entry C          line   154 file /home/sulstice/software/miniconda2/envs/qmpython2/share/psi4/basis/aug-cc-pvdz-jkfit.gbs 
    atoms 2 entry O          line   270 file /home/sulstice/software/miniconda2/envs/qmpython2/share/psi4/basis/aug-cc-pvdz-jkfit.gbs 

  ==> Pre-Iterations <==

   -------------------------------------------------------
    Irrep   Nso     Nmo     Nalpha   Nbeta   Ndocc  Nsocc
   -------------------------------------------------------
     A1        22      22       0       0       0       0
     A2         4       4       0       0       0       0
     B1        10      10       0       0       0       0
     B2        10      10       0       0       0       0
   -------------------------------------------------------
    Total      46      46       7       7       7       0
   -------------------------------------------------------

  ==> Integral Setup <==

  DFHelper Memory: AOs need 0.003 GiB; user supplied 5.442 GiB. Using in-core AOs.

  ==> MemDFJK: Density-Fitted J/K Matrices <==

    J tasked:                   Yes
    K tasked:                   Yes
    wK tasked:                   No
    OpenMP threads:              10
    Memory [MiB]:              5572
    Algorithm:                 Core
    Schwarz Cutoff:           1E-12
    Mask sparsity (%):       0.0000
    Fitting Condition:        1E-10

   => Auxiliary Basis Set <=

  Basis Set: (AUG-CC-PVDZ AUX)
    Blend: AUG-CC-PVDZ-JKFIT
    Number of shells: 56
    Number of basis function: 172
    Number of Cartesian functions: 202
    Spherical Harmonics?: true
    Max angular momentum: 3

  Cached 100.0% of DFT collocation blocks in 0.146 [GiB].

  Minimum eigenvalue in the overlap matrix is 2.4872732345E-03.
  Using Symmetric Orthogonalization.

  SCF Guess: Superposition of Atomic Densities via on-the-fly atomic UHF.

  ==> Iterations <==

                           Total Energy        Delta E     RMS |[F,P]|

   @DF-RKS iter SAD:  -112.64641565782254   -1.12646e+02   0.00000e+00 
   @DF-RKS iter   1:  -113.25694080700038   -6.10525e-01   1.23192e-02 DIIS
   @DF-RKS iter   2:  -113.21971004890912    3.72308e-02   1.75550e-02 DIIS
   @DF-RKS iter   3:  -113.29399110984356   -7.42811e-02   2.09048e-03 DIIS
   @DF-RKS iter   4:  -113.29542166525542   -1.43056e-03   2.07661e-04 DIIS
   @DF-RKS iter   5:  -113.29543376447288   -1.20992e-05   5.51098e-05 DIIS
   @DF-RKS iter   6:  -113.29543457238481   -8.07912e-07   8.72183e-06 DIIS
   @DF-RKS iter   7:  -113.29543459406956   -2.16848e-08   3.89813e-07 DIIS
   @DF-RKS iter   8:  -113.29543459417641   -1.06851e-10   5.67509e-08 DIIS
   @DF-RKS iter   9:  -113.29543459417744   -1.02318e-12   8.66652e-09 DIIS
  Energy and wave function converged.


  ==> Post-Iterations <==

    Orbital Energies [Eh]
    ---------------------

    Doubly Occupied:                                                      

       1A1   -19.754825     2A1   -10.672755     3A1    -1.297428  
       4A1    -0.675062     1B2    -0.555574     1B1    -0.555574  
       5A1    -0.449732  

    Virtual:                                                              

       2B2     0.009696     2B1     0.009696     6A1     0.032371  
       7A1     0.061806     3B1     0.075524     3B2     0.075524  
       8A1     0.162352     4B2     0.180009     4B1     0.180009  
       9A1     0.265025     1A2     0.351874    10A1     0.351874  
      11A1     0.425988     5B2     0.505854     5B1     0.505854  
      12A1     0.595716     6B2     0.603303     6B1     0.603303  
      13A1     0.769181    14A1     0.895831     2A2     0.911220  
      15A1     0.911224     7B2     1.028504     7B1     1.028504  
      16A1     1.229421     8B2     1.443568     8B1     1.443568  
      17A1     1.449290     3A2     1.449291     9B2     1.751179  
       9B1     1.751179    18A1     1.922309    19A1     1.978451  
      20A1     2.694320    21A1     3.227329     4A2     3.227371  
      10B2     3.338426    10B1     3.338426    22A1     3.677988  

    Final Occupation by Irrep:
             A1    A2    B1    B2 
    DOCC [     5,    0,    1,    1 ]

  @DF-RKS Final Energy:  -113.29543459417744

   => Energetics <=

    Nuclear Repulsion Energy =             22.5145917918932419
    One-Electron Energy =                -198.1758439658687792
    Two-Electron Energy =                  69.0319662001952281
    DFT Exchange-Correlation Energy =      -6.6661486203971263
    Empirical Dispersion Energy =           0.0000000000000000
    VV10 Nonlocal Energy =                  0.0000000000000000
    Total Energy =                       -113.2954345941774221

Computation Completed


Properties will be evaluated at   0.000000,   0.000000,   0.000000 [a0]

Properties computed using the SCF density matrix

  Nuclear Dipole Moment: [e a0]
     X:     0.0000      Y:     0.0000      Z:     0.0023

  Electronic Dipole Moment: [e a0]
     X:     0.0000      Y:     0.0000      Z:     0.0156

  Dipole Moment: [e a0]
     X:     0.0000      Y:     0.0000      Z:     0.0179     Total:     0.0179

  Dipole Moment: [D]
     X:     0.0000      Y:     0.0000      Z:     0.0455     Total:     0.0455


*** tstop() called on wanukaka at Thu Apr 14 13:05:26 2022
Module time:
	user time   =       8.55 seconds =       0.14 minutes
	system time =       0.23 seconds =       0.00 minutes
	total time  =          1 seconds =       0.02 minutes
Total time:
	user time   =   14347.62 seconds =     239.13 minutes
	system time =     630.19 seconds =      10.50 minutes
	total time  =       1670 seconds =      27.83 minutes

*** tstart() called on wanukaka
*** at Thu Apr 14 13:05:26 2022


         ------------------------------------------------------------
                                   SCF GRAD                          
                          Rob Parrish, Justin Turney,                
                       Andy Simmonett, and Alex Sokolov              
         ------------------------------------------------------------

  ==> Geometry <==

    Molecular point group: c2v
    Full point group: C_inf_v

    Geometry (in Angstrom), charge = 0, multiplicity = 1:

       Center              X                  Y                   Z               Mass       
    ------------   -----------------  -----------------  -----------------  -----------------
         C            0.000000000000     0.000000000000    -0.644586301429    12.000000000000
         O            0.000000000000     0.000000000000     0.483593429607    15.994914619570

  Nuclear repulsion =   22.514591791893242

  ==> Basis Set <==

  Basis Set: AUG-CC-PVDZ
    Blend: AUG-CC-PVDZ
    Number of shells: 18
    Number of basis function: 46
    Number of Cartesian functions: 50
    Spherical Harmonics?: true
    Max angular momentum: 2

  ==> DFJKGrad: Density-Fitted SCF Gradients <==

    Gradient:                    1
    J tasked:                  Yes
    K tasked:                  Yes
    wK tasked:                  No
    OpenMP threads:             10
    Integrals threads:          10
    Memory [MiB]:             5722
    Schwarz Cutoff:          0E+00
    Fitting Condition:       1E-10

   => Auxiliary Basis Set <=

  Basis Set: (AUG-CC-PVDZ AUX)
    Blend: AUG-CC-PVDZ-JKFIT
    Number of shells: 56
    Number of basis function: 172
    Number of Cartesian functions: 202
    Spherical Harmonics?: true
    Max angular momentum: 3

  ==> DFT Potential <==

   => Composite Functional: M06-2X <= 

    Hybrid M06-2X Meta-GGA XC Functional

    Y. Zhao and D. G. Truhlar,  Theor. Chem. Acc., 120, 215, 2008


    Deriv               =              1
    GGA                 =           TRUE
    Meta                =           TRUE

    Exchange Hybrid     =           TRUE
    MP2 Hybrid          =          FALSE

   => Exchange Functionals <=

    1.0000   XC_HYB_MGGA_X_M06_2X

   => Exact (HF) Exchange <=

    0.5400               HF 

   => Correlation Functionals <=

    1.0000   XC_MGGA_C_M06_2X

   => Molecular Quadrature <=

    Radial Scheme          =       TREUTLER
    Pruning Scheme         =           FLAT
    Nuclear Scheme         =       TREUTLER

    BS radius alpha        =              1
    Pruning alpha          =              1
    Radial Points          =             75
    Spherical Points       =            302
    Total Points           =          45300
    Total Blocks           =            421
    Max Points             =            256
    Max Functions          =             46


  -Total Gradient:
     Atom            X                  Y                   Z
    ------   -----------------  -----------------  -----------------
       1        0.000000000000     0.000000000000     0.000183699952
       2        0.000000000000    -0.000000000000     0.000054864910


*** tstop() called on wanukaka at Thu Apr 14 13:05:27 2022
Module time:
	user time   =       4.04 seconds =       0.07 minutes
	system time =       0.19 seconds =       0.00 minutes
	total time  =          1 seconds =       0.02 minutes
Total time:
	user time   =   14351.67 seconds =     239.19 minutes
	system time =     630.38 seconds =      10.51 minutes
	total time  =       1671 seconds =      27.85 minutes

  //>>>>>>>>>>>>>>>>>>>>>>>>>>>>>>>>>>>//
  //    Loading displacement 2 of 3    //
  //<<<<<<<<<<<<<<<<<<<<<<<<<<<<<<<<<<<//
gradient() will perform analytic gradient computation.

*** tstart() called on wanukaka
*** at Thu Apr 14 13:05:27 2022

   => Loading Basis Set <=

    Name: AUG-CC-PVDZ
    Role: ORBITAL
    Keyword: BASIS
    atoms 1 entry C          line   178 file /home/sulstice/software/miniconda2/envs/qmpython2/share/psi4/basis/aug-cc-pvdz.gbs 
    atoms 2 entry O          line   250 file /home/sulstice/software/miniconda2/envs/qmpython2/share/psi4/basis/aug-cc-pvdz.gbs 


         ---------------------------------------------------------
                                   SCF
               by Justin Turney, Rob Parrish, Andy Simmonett
                          and Daniel G. A. Smith
                              RKS Reference
                       10 Threads,   7629 MiB Core
         ---------------------------------------------------------

  ==> Geometry <==

    Molecular point group: c2v
    Full point group: C_inf_v

    Geometry (in Angstrom), charge = 0, multiplicity = 1:

       Center              X                  Y                   Z               Mass       
    ------------   -----------------  -----------------  -----------------  -----------------
         C            0.000000000000     0.000000000000    -0.645163641769    12.000000000000
         O            0.000000000000     0.000000000000     0.484026572530    15.994914619570

  Running in c2v symmetry.

  Rotational constants: A = ************  B =      1.92832  C =      1.92832 [cm^-1]
  Rotational constants: A = ************  B =  57809.46667  C =  57809.46667 [MHz]
  Nuclear repulsion =   22.494444063107956

  Charge       = 0
  Multiplicity = 1
  Electrons    = 14
  Nalpha       = 7
  Nbeta        = 7

  ==> Algorithm <==

  SCF Algorithm Type is DF.
  DIIS enabled.
  MOM disabled.
  Fractional occupation disabled.
  Guess Type is SAD.
  Energy threshold   = 1.00e-08
  Density threshold  = 1.00e-08
  Integral threshold = 0.00e+00

  ==> Primary Basis <==

  Basis Set: AUG-CC-PVDZ
    Blend: AUG-CC-PVDZ
    Number of shells: 18
    Number of basis function: 46
    Number of Cartesian functions: 50
    Spherical Harmonics?: true
    Max angular momentum: 2

  ==> DFT Potential <==

   => Composite Functional: M06-2X <= 

    Hybrid M06-2X Meta-GGA XC Functional

    Y. Zhao and D. G. Truhlar,  Theor. Chem. Acc., 120, 215, 2008


    Deriv               =              1
    GGA                 =           TRUE
    Meta                =           TRUE

    Exchange Hybrid     =           TRUE
    MP2 Hybrid          =          FALSE

   => Exchange Functionals <=

    1.0000   XC_HYB_MGGA_X_M06_2X

   => Exact (HF) Exchange <=

    0.5400               HF 

   => Correlation Functionals <=

    1.0000   XC_MGGA_C_M06_2X

   => Molecular Quadrature <=

    Radial Scheme          =       TREUTLER
    Pruning Scheme         =           FLAT
    Nuclear Scheme         =       TREUTLER

    BS radius alpha        =              1
    Pruning alpha          =              1
    Radial Points          =             75
    Spherical Points       =            302
    Total Points           =          45300
    Total Blocks           =            420
    Max Points             =            256
    Max Functions          =             46

   => Loading Basis Set <=

    Name: (AUG-CC-PVDZ AUX)
    Role: JKFIT
    Keyword: DF_BASIS_SCF
    atoms 1 entry C          line   154 file /home/sulstice/software/miniconda2/envs/qmpython2/share/psi4/basis/aug-cc-pvdz-jkfit.gbs 
    atoms 2 entry O          line   270 file /home/sulstice/software/miniconda2/envs/qmpython2/share/psi4/basis/aug-cc-pvdz-jkfit.gbs 

  ==> Pre-Iterations <==

   -------------------------------------------------------
    Irrep   Nso     Nmo     Nalpha   Nbeta   Ndocc  Nsocc
   -------------------------------------------------------
     A1        22      22       0       0       0       0
     A2         4       4       0       0       0       0
     B1        10      10       0       0       0       0
     B2        10      10       0       0       0       0
   -------------------------------------------------------
    Total      46      46       7       7       7       0
   -------------------------------------------------------

  ==> Integral Setup <==

  DFHelper Memory: AOs need 0.003 GiB; user supplied 5.442 GiB. Using in-core AOs.

  ==> MemDFJK: Density-Fitted J/K Matrices <==

    J tasked:                   Yes
    K tasked:                   Yes
    wK tasked:                   No
    OpenMP threads:              10
    Memory [MiB]:              5572
    Algorithm:                 Core
    Schwarz Cutoff:           1E-12
    Mask sparsity (%):       0.0000
    Fitting Condition:        1E-10

   => Auxiliary Basis Set <=

  Basis Set: (AUG-CC-PVDZ AUX)
    Blend: AUG-CC-PVDZ-JKFIT
    Number of shells: 56
    Number of basis function: 172
    Number of Cartesian functions: 202
    Spherical Harmonics?: true
    Max angular momentum: 3

  Cached 100.0% of DFT collocation blocks in 0.146 [GiB].

  Minimum eigenvalue in the overlap matrix is 2.4898548199E-03.
  Using Symmetric Orthogonalization.

  SCF Guess: Superposition of Atomic Densities via on-the-fly atomic UHF.

  ==> Iterations <==

                           Total Energy        Delta E     RMS |[F,P]|

   @DF-RKS iter SAD:  -112.64473954923743   -1.12645e+02   0.00000e+00 
   @DF-RKS iter   1:  -113.25693580275394   -6.12196e-01   1.23190e-02 DIIS
   @DF-RKS iter   2:  -113.21922151520357    3.77143e-02   1.76068e-02 DIIS
   @DF-RKS iter   3:  -113.29399441688410   -7.47729e-02   2.08509e-03 DIIS
   @DF-RKS iter   4:  -113.29541930727325   -1.42489e-03   2.08077e-04 DIIS
   @DF-RKS iter   5:  -113.29543144938521   -1.21421e-05   5.52176e-05 DIIS
   @DF-RKS iter   6:  -113.29543226021092   -8.10826e-07   8.75068e-06 DIIS
   @DF-RKS iter   7:  -113.29543228203524   -2.18243e-08   3.91433e-07 DIIS
   @DF-RKS iter   8:  -113.29543228214298   -1.07747e-10   5.73491e-08 DIIS
   @DF-RKS iter   9:  -113.29543228214403   -1.05160e-12   8.69973e-09 DIIS
  Energy and wave function converged.


  ==> Post-Iterations <==

    Orbital Energies [Eh]
    ---------------------

    Doubly Occupied:                                                      

       1A1   -19.754873     2A1   -10.673118     3A1    -1.296826  
       4A1    -0.675028     1B2    -0.555192     1B1    -0.555192  
       5A1    -0.449834  

    Virtual:                                                              

       2B1     0.009419     2B2     0.009419     6A1     0.032383  
       7A1     0.061775     3B1     0.075410     3B2     0.075410  
       8A1     0.162333     4B1     0.180014     4B2     0.180014  
       9A1     0.265002     1A2     0.351851    10A1     0.351851  
      11A1     0.425758     5B2     0.505665     5B1     0.505665  
      12A1     0.595676     6B2     0.603391     6B1     0.603391  
      13A1     0.768004    14A1     0.895588     2A2     0.911150  
      15A1     0.911154     7B1     1.028331     7B2     1.028331  
      16A1     1.229568     8B2     1.442860     8B1     1.442860  
      17A1     1.449134     3A2     1.449135     9B2     1.750820  
       9B1     1.750820    18A1     1.921563    19A1     1.976248  
      20A1     2.692777    21A1     3.227360     4A2     3.227402  
      10B2     3.338392    10B1     3.338392    22A1     3.676510  

    Final Occupation by Irrep:
             A1    A2    B1    B2 
    DOCC [     5,    0,    1,    1 ]

  @DF-RKS Final Energy:  -113.29543228214403

   => Energetics <=

    Nuclear Repulsion Energy =             22.4944440631079559
    One-Electron Energy =                -198.1377119878596318
    Two-Electron Energy =                  69.0135139254722247
    DFT Exchange-Correlation Energy =      -6.6656782828645760
    Empirical Dispersion Energy =           0.0000000000000000
    VV10 Nonlocal Energy =                  0.0000000000000000
    Total Energy =                       -113.2954322821440343

Computation Completed


Properties will be evaluated at   0.000000,   0.000000,   0.000000 [a0]

Properties computed using the SCF density matrix

  Nuclear Dipole Moment: [e a0]
     X:     0.0000      Y:     0.0000      Z:     0.0023

  Electronic Dipole Moment: [e a0]
     X:     0.0000      Y:     0.0000      Z:     0.0140

  Dipole Moment: [e a0]
     X:     0.0000      Y:     0.0000      Z:     0.0163     Total:     0.0163

  Dipole Moment: [D]
     X:     0.0000      Y:     0.0000      Z:     0.0415     Total:     0.0415


*** tstop() called on wanukaka at Thu Apr 14 13:05:28 2022
Module time:
	user time   =       8.48 seconds =       0.14 minutes
	system time =       0.34 seconds =       0.01 minutes
	total time  =          1 seconds =       0.02 minutes
Total time:
	user time   =   14360.22 seconds =     239.34 minutes
	system time =     630.72 seconds =      10.51 minutes
	total time  =       1672 seconds =      27.87 minutes

*** tstart() called on wanukaka
*** at Thu Apr 14 13:05:28 2022


         ------------------------------------------------------------
                                   SCF GRAD                          
                          Rob Parrish, Justin Turney,                
                       Andy Simmonett, and Alex Sokolov              
         ------------------------------------------------------------

  ==> Geometry <==

    Molecular point group: c2v
    Full point group: C_inf_v

    Geometry (in Angstrom), charge = 0, multiplicity = 1:

       Center              X                  Y                   Z               Mass       
    ------------   -----------------  -----------------  -----------------  -----------------
         C            0.000000000000     0.000000000000    -0.645163641769    12.000000000000
         O            0.000000000000     0.000000000000     0.484026572530    15.994914619570

  Nuclear repulsion =   22.494444063107956

  ==> Basis Set <==

  Basis Set: AUG-CC-PVDZ
    Blend: AUG-CC-PVDZ
    Number of shells: 18
    Number of basis function: 46
    Number of Cartesian functions: 50
    Spherical Harmonics?: true
    Max angular momentum: 2

  ==> DFJKGrad: Density-Fitted SCF Gradients <==

    Gradient:                    1
    J tasked:                  Yes
    K tasked:                  Yes
    wK tasked:                  No
    OpenMP threads:             10
    Integrals threads:          10
    Memory [MiB]:             5722
    Schwarz Cutoff:          0E+00
    Fitting Condition:       1E-10

   => Auxiliary Basis Set <=

  Basis Set: (AUG-CC-PVDZ AUX)
    Blend: AUG-CC-PVDZ-JKFIT
    Number of shells: 56
    Number of basis function: 172
    Number of Cartesian functions: 202
    Spherical Harmonics?: true
    Max angular momentum: 3

  ==> DFT Potential <==

   => Composite Functional: M06-2X <= 

    Hybrid M06-2X Meta-GGA XC Functional

    Y. Zhao and D. G. Truhlar,  Theor. Chem. Acc., 120, 215, 2008


    Deriv               =              1
    GGA                 =           TRUE
    Meta                =           TRUE

    Exchange Hybrid     =           TRUE
    MP2 Hybrid          =          FALSE

   => Exchange Functionals <=

    1.0000   XC_HYB_MGGA_X_M06_2X

   => Exact (HF) Exchange <=

    0.5400               HF 

   => Correlation Functionals <=

    1.0000   XC_MGGA_C_M06_2X

   => Molecular Quadrature <=

    Radial Scheme          =       TREUTLER
    Pruning Scheme         =           FLAT
    Nuclear Scheme         =       TREUTLER

    BS radius alpha        =              1
    Pruning alpha          =              1
    Radial Points          =             75
    Spherical Points       =            302
    Total Points           =          45300
    Total Blocks           =            420
    Max Points             =            256
    Max Functions          =             46


  -Total Gradient:
     Atom            X                  Y                   Z
    ------   -----------------  -----------------  -----------------
       1        0.000000000000     0.000000000000    -0.002336841963
       2        0.000000000000     0.000000000000     0.002565996981


*** tstop() called on wanukaka at Thu Apr 14 13:05:28 2022
Module time:
	user time   =       4.11 seconds =       0.07 minutes
	system time =       0.18 seconds =       0.00 minutes
	total time  =          0 seconds =       0.00 minutes
Total time:
	user time   =   14364.34 seconds =     239.41 minutes
	system time =     630.90 seconds =      10.52 minutes
	total time  =       1672 seconds =      27.87 minutes

  //>>>>>>>>>>>>>>>>>>>>>>>>>>>>>>>>>>>//
  //    Loading displacement 3 of 3    //
  //<<<<<<<<<<<<<<<<<<<<<<<<<<<<<<<<<<<//
gradient() will perform analytic gradient computation.

*** tstart() called on wanukaka
*** at Thu Apr 14 13:05:28 2022

   => Loading Basis Set <=

    Name: AUG-CC-PVDZ
    Role: ORBITAL
    Keyword: BASIS
    atoms 1 entry C          line   178 file /home/sulstice/software/miniconda2/envs/qmpython2/share/psi4/basis/aug-cc-pvdz.gbs 
    atoms 2 entry O          line   250 file /home/sulstice/software/miniconda2/envs/qmpython2/share/psi4/basis/aug-cc-pvdz.gbs 


         ---------------------------------------------------------
                                   SCF
               by Justin Turney, Rob Parrish, Andy Simmonett
                          and Daniel G. A. Smith
                              RKS Reference
                       10 Threads,   7629 MiB Core
         ---------------------------------------------------------

  ==> Geometry <==

    Molecular point group: c2v
    Full point group: C_inf_v

    Geometry (in Angstrom), charge = 0, multiplicity = 1:

       Center              X                  Y                   Z               Mass       
    ------------   -----------------  -----------------  -----------------  -----------------
         C            0.000000000000     0.000000000000    -0.644008961089    12.000000000000
         O            0.000000000000     0.000000000000     0.483160286683    15.994914619570

  Running in c2v symmetry.

  Rotational constants: A = ************  B =      1.93524  C =      1.93524 [cm^-1]
  Rotational constants: A = ************  B =  58016.95234  C =  58016.95234 [MHz]
  Nuclear repulsion =   22.534775644699419

  Charge       = 0
  Multiplicity = 1
  Electrons    = 14
  Nalpha       = 7
  Nbeta        = 7

  ==> Algorithm <==

  SCF Algorithm Type is DF.
  DIIS enabled.
  MOM disabled.
  Fractional occupation disabled.
  Guess Type is SAD.
  Energy threshold   = 1.00e-08
  Density threshold  = 1.00e-08
  Integral threshold = 0.00e+00

  ==> Primary Basis <==

  Basis Set: AUG-CC-PVDZ
    Blend: AUG-CC-PVDZ
    Number of shells: 18
    Number of basis function: 46
    Number of Cartesian functions: 50
    Spherical Harmonics?: true
    Max angular momentum: 2

  ==> DFT Potential <==

   => Composite Functional: M06-2X <= 

    Hybrid M06-2X Meta-GGA XC Functional

    Y. Zhao and D. G. Truhlar,  Theor. Chem. Acc., 120, 215, 2008


    Deriv               =              1
    GGA                 =           TRUE
    Meta                =           TRUE

    Exchange Hybrid     =           TRUE
    MP2 Hybrid          =          FALSE

   => Exchange Functionals <=

    1.0000   XC_HYB_MGGA_X_M06_2X

   => Exact (HF) Exchange <=

    0.5400               HF 

   => Correlation Functionals <=

    1.0000   XC_MGGA_C_M06_2X

   => Molecular Quadrature <=

    Radial Scheme          =       TREUTLER
    Pruning Scheme         =           FLAT
    Nuclear Scheme         =       TREUTLER

    BS radius alpha        =              1
    Pruning alpha          =              1
    Radial Points          =             75
    Spherical Points       =            302
    Total Points           =          45300
    Total Blocks           =            421
    Max Points             =            256
    Max Functions          =             46

   => Loading Basis Set <=

    Name: (AUG-CC-PVDZ AUX)
    Role: JKFIT
    Keyword: DF_BASIS_SCF
    atoms 1 entry C          line   154 file /home/sulstice/software/miniconda2/envs/qmpython2/share/psi4/basis/aug-cc-pvdz-jkfit.gbs 
    atoms 2 entry O          line   270 file /home/sulstice/software/miniconda2/envs/qmpython2/share/psi4/basis/aug-cc-pvdz-jkfit.gbs 

  ==> Pre-Iterations <==

   -------------------------------------------------------
    Irrep   Nso     Nmo     Nalpha   Nbeta   Ndocc  Nsocc
   -------------------------------------------------------
     A1        22      22       0       0       0       0
     A2         4       4       0       0       0       0
     B1        10      10       0       0       0       0
     B2        10      10       0       0       0       0
   -------------------------------------------------------
    Total      46      46       7       7       7       0
   -------------------------------------------------------

  ==> Integral Setup <==

  DFHelper Memory: AOs need 0.003 GiB; user supplied 5.442 GiB. Using in-core AOs.

  ==> MemDFJK: Density-Fitted J/K Matrices <==

    J tasked:                   Yes
    K tasked:                   Yes
    wK tasked:                   No
    OpenMP threads:              10
    Memory [MiB]:              5572
    Algorithm:                 Core
    Schwarz Cutoff:           1E-12
    Mask sparsity (%):       0.0000
    Fitting Condition:        1E-10

   => Auxiliary Basis Set <=

  Basis Set: (AUG-CC-PVDZ AUX)
    Blend: AUG-CC-PVDZ-JKFIT
    Number of shells: 56
    Number of basis function: 172
    Number of Cartesian functions: 202
    Spherical Harmonics?: true
    Max angular momentum: 3

  Cached 100.0% of DFT collocation blocks in 0.146 [GiB].

  Minimum eigenvalue in the overlap matrix is 2.4846975711E-03.
  Using Symmetric Orthogonalization.

  SCF Guess: Superposition of Atomic Densities via on-the-fly atomic UHF.

  ==> Iterations <==

                           Total Energy        Delta E     RMS |[F,P]|

   @DF-RKS iter SAD:  -112.64809260829006   -1.12648e+02   0.00000e+00 
   @DF-RKS iter   1:  -113.25693979976006   -6.08847e-01   1.23195e-02 DIIS
   @DF-RKS iter   2:  -113.22018878940702    3.67510e-02   1.75035e-02 DIIS
   @DF-RKS iter   3:  -113.29398297480230   -7.37942e-02   2.09587e-03 DIIS
   @DF-RKS iter   4:  -113.29541920017442   -1.43623e-03   2.07250e-04 DIIS
   @DF-RKS iter   5:  -113.29543125729465   -1.20571e-05   5.50023e-05 DIIS
   @DF-RKS iter   6:  -113.29543206230720   -8.05013e-07   8.69298e-06 DIIS
   @DF-RKS iter   7:  -113.29543208385306   -2.15459e-08   3.88205e-07 DIIS
   @DF-RKS iter   8:  -113.29543208395904   -1.05985e-10   5.61588e-08 DIIS
   @DF-RKS iter   9:  -113.29543208395989   -8.52651e-13   8.63309e-09 DIIS
  Energy and wave function converged.


  ==> Post-Iterations <==

    Orbital Energies [Eh]
    ---------------------

    Doubly Occupied:                                                      

       1A1   -19.754777     2A1   -10.672391     3A1    -1.298029  
       4A1    -0.675096     1B2    -0.555957     1B1    -0.555957  
       5A1    -0.449631  

    Virtual:                                                              

       2B2     0.009972     2B1     0.009972     6A1     0.032360  
       7A1     0.061836     3B1     0.075639     3B2     0.075639  
       8A1     0.162371     4B2     0.180005     4B1     0.180005  
       9A1     0.265049     1A2     0.351896    10A1     0.351897  
      11A1     0.426217     5B2     0.506043     5B1     0.506043  
      12A1     0.595756     6B2     0.603214     6B1     0.603214  
      13A1     0.770355    14A1     0.896079     2A2     0.911289  
      15A1     0.911293     7B2     1.028678     7B1     1.028678  
      16A1     1.229275     8B2     1.444277     8B1     1.444277  
      17A1     1.449447     3A2     1.449447     9B2     1.751538  
       9B1     1.751538    18A1     1.923040    19A1     1.980678  
      20A1     2.695873    21A1     3.227299     4A2     3.227340  
      10B2     3.338462    10B1     3.338462    22A1     3.679469  

    Final Occupation by Irrep:
             A1    A2    B1    B2 
    DOCC [     5,    0,    1,    1 ]

  @DF-RKS Final Energy:  -113.29543208395989

   => Energetics <=

    Nuclear Repulsion Energy =             22.5347756446994190
    One-Electron Energy =                -198.2140357832232951
    Two-Electron Energy =                  69.0504481627630184
    DFT Exchange-Correlation Energy =      -6.6666201081990266
    Empirical Dispersion Energy =           0.0000000000000000
    VV10 Nonlocal Energy =                  0.0000000000000000
    Total Energy =                       -113.2954320839598950

Computation Completed


Properties will be evaluated at   0.000000,   0.000000,   0.000000 [a0]

Properties computed using the SCF density matrix

  Nuclear Dipole Moment: [e a0]
     X:     0.0000      Y:     0.0000      Z:     0.0023

  Electronic Dipole Moment: [e a0]
     X:     0.0000      Y:     0.0000      Z:     0.0171

  Dipole Moment: [e a0]
     X:     0.0000      Y:     0.0000      Z:     0.0194     Total:     0.0194

  Dipole Moment: [D]
     X:     0.0000      Y:     0.0000      Z:     0.0494     Total:     0.0494


*** tstop() called on wanukaka at Thu Apr 14 13:05:29 2022
Module time:
	user time   =       9.45 seconds =       0.16 minutes
	system time =       0.20 seconds =       0.00 minutes
	total time  =          1 seconds =       0.02 minutes
Total time:
	user time   =   14373.86 seconds =     239.56 minutes
	system time =     631.10 seconds =      10.52 minutes
	total time  =       1673 seconds =      27.88 minutes

*** tstart() called on wanukaka
*** at Thu Apr 14 13:05:29 2022


         ------------------------------------------------------------
                                   SCF GRAD                          
                          Rob Parrish, Justin Turney,                
                       Andy Simmonett, and Alex Sokolov              
         ------------------------------------------------------------

  ==> Geometry <==

    Molecular point group: c2v
    Full point group: C_inf_v

    Geometry (in Angstrom), charge = 0, multiplicity = 1:

       Center              X                  Y                   Z               Mass       
    ------------   -----------------  -----------------  -----------------  -----------------
         C            0.000000000000     0.000000000000    -0.644008961089    12.000000000000
         O            0.000000000000     0.000000000000     0.483160286683    15.994914619570

  Nuclear repulsion =   22.534775644699419

  ==> Basis Set <==

  Basis Set: AUG-CC-PVDZ
    Blend: AUG-CC-PVDZ
    Number of shells: 18
    Number of basis function: 46
    Number of Cartesian functions: 50
    Spherical Harmonics?: true
    Max angular momentum: 2

  ==> DFJKGrad: Density-Fitted SCF Gradients <==

    Gradient:                    1
    J tasked:                  Yes
    K tasked:                  Yes
    wK tasked:                  No
    OpenMP threads:             10
    Integrals threads:          10
    Memory [MiB]:             5722
    Schwarz Cutoff:          0E+00
    Fitting Condition:       1E-10

   => Auxiliary Basis Set <=

  Basis Set: (AUG-CC-PVDZ AUX)
    Blend: AUG-CC-PVDZ-JKFIT
    Number of shells: 56
    Number of basis function: 172
    Number of Cartesian functions: 202
    Spherical Harmonics?: true
    Max angular momentum: 3

  ==> DFT Potential <==

   => Composite Functional: M06-2X <= 

    Hybrid M06-2X Meta-GGA XC Functional

    Y. Zhao and D. G. Truhlar,  Theor. Chem. Acc., 120, 215, 2008


    Deriv               =              1
    GGA                 =           TRUE
    Meta                =           TRUE

    Exchange Hybrid     =           TRUE
    MP2 Hybrid          =          FALSE

   => Exchange Functionals <=

    1.0000   XC_HYB_MGGA_X_M06_2X

   => Exact (HF) Exchange <=

    0.5400               HF 

   => Correlation Functionals <=

    1.0000   XC_MGGA_C_M06_2X

   => Molecular Quadrature <=

    Radial Scheme          =       TREUTLER
    Pruning Scheme         =           FLAT
    Nuclear Scheme         =       TREUTLER

    BS radius alpha        =              1
    Pruning alpha          =              1
    Radial Points          =             75
    Spherical Points       =            302
    Total Points           =          45300
    Total Blocks           =            421
    Max Points             =            256
    Max Functions          =             46


  -Total Gradient:
     Atom            X                  Y                   Z
    ------   -----------------  -----------------  -----------------
       1       -0.000000000000     0.000000000000     0.002721008293
       2        0.000000000000     0.000000000000    -0.002474043676


*** tstop() called on wanukaka at Thu Apr 14 13:05:29 2022
Module time:
	user time   =       4.33 seconds =       0.07 minutes
	system time =       0.20 seconds =       0.00 minutes
	total time  =          0 seconds =       0.00 minutes
Total time:
	user time   =   14378.20 seconds =     239.64 minutes
	system time =     631.30 seconds =      10.52 minutes
	total time  =       1673 seconds =      27.88 minutes

         ----------------------------------------------------------
                                   FINDIF
                     R. A. King and Jonathon Misiewicz
         ---------------------------------------------------------

  Computing second-derivative from gradients using projected, 
  symmetry-adapted, cartesian coordinates.

  3 gradients passed in, including the reference geometry.
  Generating complete list of displacements from unique ones.


-------------------------------------------------------------


  ==> Harmonic Vibrational Analysis <==

  non-mass-weighted Hessian:       Symmetric? True   Hermitian? True   Lin Dep Dim?  5 (0)
  projection of translations (True) and rotations (True) removed 5 degrees of freedom (5)
  total projector:                 Symmetric? True   Hermitian? True   Lin Dep Dim?  5 (5)
  mass-weighted Hessian:           Symmetric? True   Hermitian? True   Lin Dep Dim?  5 (0)
  pre-proj  low-frequency mode:    0.0000  [cm^-1]
  pre-proj  low-frequency mode:    0.0000  [cm^-1]
  pre-proj  low-frequency mode:    0.0000  [cm^-1]
  pre-proj  low-frequency mode:    0.0000  [cm^-1]
  pre-proj  low-frequency mode:    0.0000  [cm^-1]
  pre-proj  all modes:['0.0000' '0.0000' '0.0000' '0.0000' '0.0000' '2257.5546']
  projected mass-weighted Hessian: Symmetric? True   Hermitian? True   Lin Dep Dim?  5 (5)
  post-proj low-frequency mode:    0.0000  [cm^-1] (TR)
  post-proj low-frequency mode:    0.0000  [cm^-1] (TR)
  post-proj low-frequency mode:    0.0000  [cm^-1] (TR)
  post-proj low-frequency mode:    0.0000  [cm^-1] (TR)
  post-proj low-frequency mode:    0.0000  [cm^-1] (TR)
  post-proj  all modes:['0.0000' '0.0000' '0.0000' '0.0000' '0.0000' '2257.5546']

  Vibration                       6           
  Freq [cm^-1]                2257.5546       
  Irrep                           A1          
  Reduced mass [u]             13.4388        
  Force const [mDyne/A]        40.3539        
  Turning point v=0 [a0]        0.0630        
  RMS dev v=0 [a0 u^1/2]        0.1633        
  Char temp [K]               3248.1184       
  ----------------------------------------------------------------------------------
      1   C                0.00  0.00  0.80   
      2   O                0.00  0.00 -0.60   

  ==> Thermochemistry Components <==

  Entropy, S
    Electronic S            0.000 [cal/(mol K)]        0.000 [J/(mol K)]       0.00000000 [mEh/K] (multiplicity = 1)
    Translational S        35.923 [cal/(mol K)]      150.302 [J/(mol K)]       0.05724692 [mEh/K] (mol. weight = 27.9949 [u], P = 101325.00 [Pa])
    Rotational S           11.278 [cal/(mol K)]       47.188 [J/(mol K)]       0.01797281 [mEh/K] (symmetry no. = 1)
    Vibrational S           0.000 [cal/(mol K)]        0.002 [J/(mol K)]       0.00000070 [mEh/K]
  Total S                  47.202 [cal/(mol K)]      197.491 [J/(mol K)]       0.07522043 [mEh/K]
  Correction S              0.000 [cal/(mol K)]        0.000 [J/(mol K)]       0.00000000 [mEh/K]

  Constant volume heat capacity, Cv
    Electronic Cv           0.000 [cal/(mol K)]        0.000 [J/(mol K)]       0.00000000 [mEh/K]
    Translational Cv        2.981 [cal/(mol K)]       12.472 [J/(mol K)]       0.00475022 [mEh/K]
    Rotational Cv           1.987 [cal/(mol K)]        8.314 [J/(mol K)]       0.00316681 [mEh/K]
    Vibrational Cv          0.004 [cal/(mol K)]        0.018 [J/(mol K)]       0.00000698 [mEh/K]
  Total Cv                  4.972 [cal/(mol K)]       20.804 [J/(mol K)]       0.00792400 [mEh/K]
  Correction Cv             0.000 [cal/(mol K)]        0.000 [J/(mol K)]       0.00000000 [mEh/K]

  Constant pressure heat capacity, Cp
    Electronic Cp           0.000 [cal/(mol K)]        0.000 [J/(mol K)]       0.00000000 [mEh/K]
    Translational Cp        4.968 [cal/(mol K)]       20.786 [J/(mol K)]       0.00791703 [mEh/K]
    Rotational Cp           1.987 [cal/(mol K)]        8.314 [J/(mol K)]       0.00316681 [mEh/K]
    Vibrational Cp          0.004 [cal/(mol K)]        0.018 [J/(mol K)]       0.00000698 [mEh/K]
  Total Cp                  6.960 [cal/(mol K)]       29.119 [J/(mol K)]       0.01109081 [mEh/K]
  Correction Cp             0.000 [cal/(mol K)]        0.000 [J/(mol K)]       0.00000000 [mEh/K]

  ==> Thermochemistry Energy Analysis <==

  Raw electronic energy, E0
  Total E0, Electronic energy at well bottom at 0 [K]                 -113.29543459 [Eh]

  Zero-point energy, ZPE_vib = Sum_i nu_i / 2
    Electronic ZPE          0.000 [kcal/mol]        0.000 [kJ/mol]       0.00000000 [Eh]
    Translational ZPE       0.000 [kcal/mol]        0.000 [kJ/mol]       0.00000000 [Eh]
    Rotational ZPE          0.000 [kcal/mol]        0.000 [kJ/mol]       0.00000000 [Eh]
    Vibrational ZPE         3.227 [kcal/mol]       13.503 [kJ/mol]       0.00514309 [Eh]        1128.777 [cm^-1]
  Correction ZPE            3.227 [kcal/mol]       13.503 [kJ/mol]       0.00514309 [Eh]        1128.777 [cm^-1]
  Total ZPE, Electronic energy at 0 [K]                               -113.29029151 [Eh]

  Thermal Energy, E (includes ZPE)
    Electronic E            0.000 [kcal/mol]        0.000 [kJ/mol]       0.00000000 [Eh]
    Translational E         0.889 [kcal/mol]        3.718 [kJ/mol]       0.00141628 [Eh]
    Rotational E            0.592 [kcal/mol]        2.479 [kJ/mol]       0.00094418 [Eh]
    Vibrational E           3.227 [kcal/mol]       13.504 [kJ/mol]       0.00514328 [Eh]
  Correction E              4.709 [kcal/mol]       19.701 [kJ/mol]       0.00750374 [Eh]
  Total E, Electronic energy at  298.15 [K]                           -113.28793085 [Eh]

  Enthalpy, H_trans = E_trans + k_B * T
    Electronic H            0.000 [kcal/mol]        0.000 [kJ/mol]       0.00000000 [Eh]
    Translational H         1.481 [kcal/mol]        6.197 [kJ/mol]       0.00236046 [Eh]
    Rotational H            0.592 [kcal/mol]        2.479 [kJ/mol]       0.00094418 [Eh]
    Vibrational H           3.227 [kcal/mol]       13.504 [kJ/mol]       0.00514328 [Eh]
  Correction H              5.301 [kcal/mol]       22.180 [kJ/mol]       0.00844792 [Eh]
  Total H, Enthalpy at  298.15 [K]                                    -113.28698667 [Eh]

  Gibbs free energy, G = H - T * S
    Electronic G            0.000 [kcal/mol]        0.000 [kJ/mol]       0.00000000 [Eh]
    Translational G        -9.229 [kcal/mol]      -38.615 [kJ/mol]      -0.01470771 [Eh]
    Rotational G           -2.770 [kcal/mol]      -11.590 [kJ/mol]      -0.00441441 [Eh]
    Vibrational G           3.227 [kcal/mol]       13.503 [kJ/mol]       0.00514307 [Eh]
  Correction G             -8.772 [kcal/mol]      -36.702 [kJ/mol]      -0.01397905 [Eh]
  Total G, Free enthalpy at  298.15 [K]                               -113.30941364 [Eh]
