gradient() will perform analytic gradient computation.

*** tstart() called on wanukaka
*** at Thu Apr 14 13:10:38 2022

   => Loading Basis Set <=

    Name: CC-PVDZ
    Role: ORBITAL
    Keyword: BASIS
    atoms 1-2 entry C          line   138 file /home/sulstice/software/miniconda2/envs/qmpython2/share/psi4/basis/cc-pvdz.gbs 
    atoms 3-4 entry H          line    22 file /home/sulstice/software/miniconda2/envs/qmpython2/share/psi4/basis/cc-pvdz.gbs 


         ---------------------------------------------------------
                                   SCF
               by Justin Turney, Rob Parrish, Andy Simmonett
                          and Daniel G. A. Smith
                              RHF Reference
                       10 Threads,   7629 MiB Core
         ---------------------------------------------------------

  ==> Geometry <==

    Molecular point group: d2h
    Full point group: D_inf_h

    Geometry (in Angstrom), charge = 0, multiplicity = 1:

       Center              X                  Y                   Z               Mass       
    ------------   -----------------  -----------------  -----------------  -----------------
         C           -0.600155000000    -0.000000000000     0.000000000000    12.000000000000
         C            0.600155000000     0.000000000000     0.000000000000    12.000000000000
         H           -1.665935000000    -0.000000000000     0.000000000000     1.007825032230
         H            1.665935000000     0.000000000000     0.000000000000     1.007825032230

  Running in d2h symmetry.

  Rotational constants: A = ************  B =      1.18394  C =      1.18394 [cm^-1]
  Rotational constants: A = ************  B =  35493.64415  C =  35493.64415 [MHz]
  Nuclear repulsion =   24.790474845202418

  Charge       = 0
  Multiplicity = 1
  Electrons    = 14
  Nalpha       = 7
  Nbeta        = 7

  ==> Algorithm <==

  SCF Algorithm Type is DF.
  DIIS enabled.
  MOM disabled.
  Fractional occupation disabled.
  Guess Type is SAD.
  Energy threshold   = 1.00e-08
  Density threshold  = 1.00e-08
  Integral threshold = 0.00e+00

  ==> Primary Basis <==

  Basis Set: CC-PVDZ
    Blend: CC-PVDZ
    Number of shells: 18
    Number of basis function: 38
    Number of Cartesian functions: 40
    Spherical Harmonics?: true
    Max angular momentum: 2

   => Loading Basis Set <=

    Name: (CC-PVDZ AUX)
    Role: JKFIT
    Keyword: DF_BASIS_SCF
    atoms 1-2 entry C          line   121 file /home/sulstice/software/miniconda2/envs/qmpython2/share/psi4/basis/cc-pvdz-jkfit.gbs 
    atoms 3-4 entry H          line    51 file /home/sulstice/software/miniconda2/envs/qmpython2/share/psi4/basis/cc-pvdz-jkfit.gbs 

  ==> Pre-Iterations <==

   -------------------------------------------------------
    Irrep   Nso     Nmo     Nalpha   Nbeta   Ndocc  Nsocc
   -------------------------------------------------------
     Ag        10      10       0       0       0       0
     B1g        4       4       0       0       0       0
     B2g        4       4       0       0       0       0
     B3g        1       1       0       0       0       0
     Au         1       1       0       0       0       0
     B1u        4       4       0       0       0       0
     B2u        4       4       0       0       0       0
     B3u       10      10       0       0       0       0
   -------------------------------------------------------
    Total      38      38       7       7       7       0
   -------------------------------------------------------

  ==> Integral Setup <==

  DFHelper Memory: AOs need 0.003 GiB; user supplied 5.588 GiB. Using in-core AOs.

  ==> MemDFJK: Density-Fitted J/K Matrices <==

    J tasked:                   Yes
    K tasked:                   Yes
    wK tasked:                   No
    OpenMP threads:              10
    Memory [MiB]:              5722
    Algorithm:                 Core
    Schwarz Cutoff:           1E-12
    Mask sparsity (%):       0.0000
    Fitting Condition:        1E-10

   => Auxiliary Basis Set <=

  Basis Set: (CC-PVDZ AUX)
    Blend: CC-PVDZ-JKFIT
    Number of shells: 66
    Number of basis function: 186
    Number of Cartesian functions: 212
    Spherical Harmonics?: true
    Max angular momentum: 3

  Minimum eigenvalue in the overlap matrix is 8.4430362834E-04.
  Using Symmetric Orthogonalization.

  SCF Guess: Superposition of Atomic Densities via on-the-fly atomic UHF.

  ==> Iterations <==

                           Total Energy        Delta E     RMS |[F,P]|

   @DF-RHF iter SAD:   -75.96722258068131   -7.59672e+01   0.00000e+00 
   @DF-RHF iter   1:   -76.79395711925304   -8.26735e-01   1.37200e-02 DIIS
   @DF-RHF iter   2:   -76.82295244051139   -2.89953e-02   4.24220e-03 DIIS
   @DF-RHF iter   3:   -76.82565361893360   -2.70118e-03   6.18981e-04 DIIS
   @DF-RHF iter   4:   -76.82575941905384   -1.05800e-04   7.01828e-05 DIIS
   @DF-RHF iter   5:   -76.82576084431489   -1.42526e-06   1.19475e-05 DIIS
   @DF-RHF iter   6:   -76.82576088815557   -4.38407e-08   1.59844e-06 DIIS
   @DF-RHF iter   7:   -76.82576088891857   -7.62995e-10   2.32968e-07 DIIS
   @DF-RHF iter   8:   -76.82576088893337   -1.48077e-11   9.20168e-09 DIIS
  Energy and wave function converged.


  ==> Post-Iterations <==

    Orbital Energies [Eh]
    ---------------------

    Doubly Occupied:                                                      

       1Ag   -11.247519     1B3u  -11.243774     2Ag    -1.028115  
       2B3u   -0.761559     3Ag    -0.674046     1B2u   -0.406774  
       1B1u   -0.406774  

    Virtual:                                                              

       3B3u    0.191557     1B1g    0.200740     1B2g    0.200740  
       4Ag     0.222631     4B3u    0.497194     5Ag     0.533875  
       2B1u    0.660327     2B2u    0.660327     2B2g    0.819179  
       2B1g    0.819179     5B3u    0.854673     6Ag     0.958984  
       7Ag     1.106356     3B1u    1.230025     3B2u    1.230025  
       1B3g    1.254002     8Ag     1.254002     6B3u    1.380880  
       7B3u    1.436475     3B2g    1.640739     3B1g    1.640739  
       1Au     1.683309     8B3u    1.683309     4B1u    2.076995  
       4B2u    2.076995     9Ag     2.168960     9B3u    2.551660  
       4B2g    2.692487     4B1g    2.692487    10Ag     3.243045  
      10B3u    3.706473  

    Final Occupation by Irrep:
             Ag   B1g   B2g   B3g    Au   B1u   B2u   B3u 
    DOCC [     3,    0,    0,    0,    0,    1,    1,    2 ]

  @DF-RHF Final Energy:   -76.82576088893337

   => Energetics <=

    Nuclear Repulsion Energy =             24.7904748452024180
    One-Electron Energy =                -151.6953523097353695
    Two-Electron Energy =                  50.0791165755995706
    Total Energy =                        -76.8257608889333738

Computation Completed


Properties will be evaluated at   0.000000,   0.000000,   0.000000 [a0]

Properties computed using the SCF density matrix

  Nuclear Dipole Moment: [e a0]
     X:     0.0000      Y:     0.0000      Z:     0.0000

  Electronic Dipole Moment: [e a0]
     X:     0.0000      Y:     0.0000      Z:     0.0000

  Dipole Moment: [e a0]
     X:     0.0000      Y:     0.0000      Z:     0.0000     Total:     0.0000

  Dipole Moment: [D]
     X:     0.0000      Y:     0.0000      Z:     0.0000     Total:     0.0000


*** tstop() called on wanukaka at Thu Apr 14 13:10:38 2022
Module time:
	user time   =       4.97 seconds =       0.08 minutes
	system time =       0.20 seconds =       0.00 minutes
	total time  =          0 seconds =       0.00 minutes
Total time:
	user time   =   17297.89 seconds =     288.30 minutes
	system time =     711.99 seconds =      11.87 minutes
	total time  =       1982 seconds =      33.03 minutes

*** tstart() called on wanukaka
*** at Thu Apr 14 13:10:38 2022


         ------------------------------------------------------------
                                   SCF GRAD                          
                          Rob Parrish, Justin Turney,                
                       Andy Simmonett, and Alex Sokolov              
         ------------------------------------------------------------

  ==> Geometry <==

    Molecular point group: d2h
    Full point group: D_inf_h

    Geometry (in Angstrom), charge = 0, multiplicity = 1:

       Center              X                  Y                   Z               Mass       
    ------------   -----------------  -----------------  -----------------  -----------------
         C           -0.600155000000    -0.000000000000     0.000000000000    12.000000000000
         C            0.600155000000     0.000000000000     0.000000000000    12.000000000000
         H           -1.665935000000    -0.000000000000     0.000000000000     1.007825032230
         H            1.665935000000     0.000000000000     0.000000000000     1.007825032230

  Nuclear repulsion =   24.790474845202418

  ==> Basis Set <==

  Basis Set: CC-PVDZ
    Blend: CC-PVDZ
    Number of shells: 18
    Number of basis function: 38
    Number of Cartesian functions: 40
    Spherical Harmonics?: true
    Max angular momentum: 2

  ==> DFJKGrad: Density-Fitted SCF Gradients <==

    Gradient:                    1
    J tasked:                  Yes
    K tasked:                  Yes
    wK tasked:                  No
    OpenMP threads:             10
    Integrals threads:          10
    Memory [MiB]:             5722
    Schwarz Cutoff:          0E+00
    Fitting Condition:       1E-10

   => Auxiliary Basis Set <=

  Basis Set: (CC-PVDZ AUX)
    Blend: CC-PVDZ-JKFIT
    Number of shells: 66
    Number of basis function: 186
    Number of Cartesian functions: 212
    Spherical Harmonics?: true
    Max angular momentum: 3


  -Total Gradient:
     Atom            X                  Y                   Z
    ------   -----------------  -----------------  -----------------
       1       -0.018739780324    -0.000000000000     0.000000000000
       2        0.018739780324     0.000000000000     0.000000000000
       3       -0.001559047212    -0.000000000000     0.000000000000
       4        0.001559047212     0.000000000000     0.000000000000


*** tstop() called on wanukaka at Thu Apr 14 13:10:39 2022
Module time:
	user time   =       3.69 seconds =       0.06 minutes
	system time =       0.16 seconds =       0.00 minutes
	total time  =          1 seconds =       0.02 minutes
Total time:
	user time   =   17301.59 seconds =     288.36 minutes
	system time =     712.15 seconds =      11.87 minutes
	total time  =       1983 seconds =      33.05 minutes

			-----------------------------------------
			 OPTKING 2.0: for geometry optimizations 
			  - R.A. King,  Bethel University        
			-----------------------------------------

	Internal coordinates to be generated automatically.
	Detected frag 1 with atoms:  1 2 3 4
	---Fragment 1 Bond Connectivity---
	 1 : 2 3
	 2 : 1 4
	 3 : 1
	 4 : 2

	---Fragment 1 Geometry and Gradient---
	 C          -1.1341285828       -0.0000000000        0.0000000000
	 C           1.1341285828        0.0000000000        0.0000000000
	 H          -3.1481608928       -0.0000000000        0.0000000000
	 H           3.1481608928        0.0000000000        0.0000000000
	            -0.0187397803       -0.0000000000        0.0000000000
	             0.0187397803        0.0000000000        0.0000000000
	            -0.0015590472       -0.0000000000        0.0000000000
	             0.0015590472        0.0000000000        0.0000000000

	Previous optimization step data not found.  Starting new optimization.

	---Fragment 1 Intrafragment Coordinates---
	 - Coordinate -           - BOHR/RAD -       - ANG/DEG -
	 R(1,2)           =         2.268257	       1.200310
	 R(1,3)           =         2.014032	       1.065780
	 R(2,4)           =         2.014032	       1.065780
	 L(1,2,4)         =         3.141593	     180.000000
	 l(1,2,4)         =         3.141593	     180.000000
	 L(2,1,3)         =         3.141593	     180.000000
	 l(2,1,3)         =         3.141593	     180.000000

	Current energy   :       -76.8257608889

	Generating empirical Hessian (Schlegel '84) for each fragment.
	Taking RFO optimization step.
	Going to follow RFO solution 1.
	Using RFO vector 1.
	Norm of target step-size    0.02024
	Projected energy change by RFO approximation:        -0.0004062062

	Back-transformation to cartesian coordinates...
	Successfully converged to displaced geometry.

	--- Internal Coordinate Step in ANG or DEG, aJ/ANG or AJ/DEG ---
	 ---------------------------------------------------------------------------
	   Coordinate                Previous        Force       Change         New 
	   ----------                --------       ------       ------       ------
	    1 R(1,2)          =      1.200310    -0.167236    -0.010259     1.190051
	    2 R(1,3)          =      1.065780    -0.012845    -0.002182     1.063598
	    3 R(2,4)          =      1.065780    -0.012845    -0.002182     1.063598
	    4 L(1,2,4)        =    180.000000    -0.000000     0.000000   180.000000
	    5 l(1,2,4)        =    180.000000     0.000000     0.000000   180.000000
	    6 L(2,1,3)        =    180.000000    -0.000000     0.000000   180.000000
	    7 l(2,1,3)        =    180.000000    -0.000000     0.000000   180.000000
	 ---------------------------------------------------------------------------
	Successfully symmetrized geometry.

  ==> Convergence Check <==

  Measures of convergence in internal coordinates in au.
  Criteria marked as inactive (o), active & met (*), and active & unmet ( ).
  --------------------------------------------------------------------------------------------- ~
   Step     Total Energy     Delta E     MAX Force     RMS Force      MAX Disp      RMS Disp    ~
  --------------------------------------------------------------------------------------------- ~
    Convergence Criteria    1.00e-06 *    3.00e-04 *             o    1.20e-03 *             o  ~
  --------------------------------------------------------------------------------------------- ~
      1     -76.82576089   -7.68e+01      2.03e-02      7.72e-03 o    1.94e-02      7.65e-03 o  ~
  ---------------------------------------------------------------------------------------------

	Writing optimization data to binary file.
	Structure for next step:
	Cartesian Geometry (in Angstrom)
	    C    -0.5950256534  -0.0000000000   0.0000000000
	    C     0.5950256534   0.0000000000   0.0000000000
	    H    -1.6586236095  -0.0000000000   0.0000000000
	    H     1.6586236095   0.0000000000   0.0000000000
			--------------------------
			 OPTKING Finished Execution 
			--------------------------

    Structure for next step:
    Molecular point group: d2h
    Full point group: D_inf_h

    Geometry (in Angstrom), charge = 0, multiplicity = 1:

    C           -0.595025655781    -0.000000000000     0.000000000000
    C            0.595025655781     0.000000000000     0.000000000000
    H           -1.658623616002    -0.000000000000     0.000000000000
    H            1.658623616002     0.000000000000    -0.000000000000

gradient() will perform analytic gradient computation.

*** tstart() called on wanukaka
*** at Thu Apr 14 13:10:39 2022

   => Loading Basis Set <=

    Name: CC-PVDZ
    Role: ORBITAL
    Keyword: BASIS
    atoms 1-2 entry C          line   138 file /home/sulstice/software/miniconda2/envs/qmpython2/share/psi4/basis/cc-pvdz.gbs 
    atoms 3-4 entry H          line    22 file /home/sulstice/software/miniconda2/envs/qmpython2/share/psi4/basis/cc-pvdz.gbs 


         ---------------------------------------------------------
                                   SCF
               by Justin Turney, Rob Parrish, Andy Simmonett
                          and Daniel G. A. Smith
                              RHF Reference
                       10 Threads,   7629 MiB Core
         ---------------------------------------------------------

  ==> Geometry <==

    Molecular point group: d2h
    Full point group: D_inf_h

    Geometry (in Angstrom), charge = 0, multiplicity = 1:

       Center              X                  Y                   Z               Mass       
    ------------   -----------------  -----------------  -----------------  -----------------
         C           -0.595025655781    -0.000000000000     0.000000000000    12.000000000000
         C            0.595025655781     0.000000000000     0.000000000000    12.000000000000
         H           -1.658623616002    -0.000000000000     0.000000000000     1.007825032230
         H            1.658623616002     0.000000000000    -0.000000000000     1.007825032230

  Running in d2h symmetry.

  Rotational constants: A = ************  B =      1.20048  C =      1.20048 [cm^-1]
  Rotational constants: A = ************  B =  35989.37269  C =  35989.37269 [MHz]
  Nuclear repulsion =   24.955683498378615

  Charge       = 0
  Multiplicity = 1
  Electrons    = 14
  Nalpha       = 7
  Nbeta        = 7

  ==> Algorithm <==

  SCF Algorithm Type is DF.
  DIIS enabled.
  MOM disabled.
  Fractional occupation disabled.
  Guess Type is READ.
  Energy threshold   = 1.00e-08
  Density threshold  = 1.00e-08
  Integral threshold = 0.00e+00

  ==> Primary Basis <==

  Basis Set: CC-PVDZ
    Blend: CC-PVDZ
    Number of shells: 18
    Number of basis function: 38
    Number of Cartesian functions: 40
    Spherical Harmonics?: true
    Max angular momentum: 2

   => Loading Basis Set <=

    Name: (CC-PVDZ AUX)
    Role: JKFIT
    Keyword: DF_BASIS_SCF
    atoms 1-2 entry C          line   121 file /home/sulstice/software/miniconda2/envs/qmpython2/share/psi4/basis/cc-pvdz-jkfit.gbs 
    atoms 3-4 entry H          line    51 file /home/sulstice/software/miniconda2/envs/qmpython2/share/psi4/basis/cc-pvdz-jkfit.gbs 

   => Loading Basis Set <=

    Name: CC-PVDZ
    Role: ORBITAL
    Keyword: BASIS
    atoms 1-2 entry C          line   138 file /home/sulstice/software/miniconda2/envs/qmpython2/share/psi4/basis/cc-pvdz.gbs 
    atoms 3-4 entry H          line    22 file /home/sulstice/software/miniconda2/envs/qmpython2/share/psi4/basis/cc-pvdz.gbs 

  Reading orbitals from file 180, no projection.

  ==> Pre-Iterations <==

   -------------------------------------------------------
    Irrep   Nso     Nmo     Nalpha   Nbeta   Ndocc  Nsocc
   -------------------------------------------------------
     Ag        10      10       0       0       0       0
     B1g        4       4       0       0       0       0
     B2g        4       4       0       0       0       0
     B3g        1       1       0       0       0       0
     Au         1       1       0       0       0       0
     B1u        4       4       0       0       0       0
     B2u        4       4       0       0       0       0
     B3u       10      10       0       0       0       0
   -------------------------------------------------------
    Total      38      38       7       7       7       0
   -------------------------------------------------------

  ==> Integral Setup <==

  DFHelper Memory: AOs need 0.003 GiB; user supplied 5.588 GiB. Using in-core AOs.

  ==> MemDFJK: Density-Fitted J/K Matrices <==

    J tasked:                   Yes
    K tasked:                   Yes
    wK tasked:                   No
    OpenMP threads:              10
    Memory [MiB]:              5722
    Algorithm:                 Core
    Schwarz Cutoff:           1E-12
    Mask sparsity (%):       0.0000
    Fitting Condition:        1E-10

   => Auxiliary Basis Set <=

  Basis Set: (CC-PVDZ AUX)
    Blend: CC-PVDZ-JKFIT
    Number of shells: 66
    Number of basis function: 186
    Number of Cartesian functions: 212
    Spherical Harmonics?: true
    Max angular momentum: 3

  Minimum eigenvalue in the overlap matrix is 8.0162340771E-04.
  Using Symmetric Orthogonalization.

  SCF Guess: Orbitals guess was supplied from a previous computation.

  ==> Iterations <==

                           Total Energy        Delta E     RMS |[F,P]|

   @DF-RHF iter   0:   -76.83527331269175   -7.68353e+01   2.02221e-03 
   @DF-RHF iter   1:   -76.82591119333730    9.36212e-03   2.69887e-04 DIIS
   @DF-RHF iter   2:   -76.82592267239991   -1.14791e-05   9.41905e-05 DIIS
   @DF-RHF iter   3:   -76.82592385941641   -1.18702e-06   7.79406e-06 DIIS
   @DF-RHF iter   4:   -76.82592386984659   -1.04302e-08   6.57862e-07 DIIS
   @DF-RHF iter   5:   -76.82592386995734   -1.10745e-10   4.99989e-08 DIIS
   @DF-RHF iter   6:   -76.82592386995825   -9.09495e-13   7.98726e-09 DIIS
  Energy and wave function converged.


  ==> Post-Iterations <==

    Orbital Energies [Eh]
    ---------------------

    Doubly Occupied:                                                      

       1Ag   -11.244468     1B3u  -11.240471     2Ag    -1.031268  
       2B3u   -0.760802     3Ag    -0.674901     1B2u   -0.409186  
       1B1u   -0.409186  

    Virtual:                                                              

       3B3u    0.192496     1B1g    0.203815     1B2g    0.203815  
       4Ag     0.223060     4B3u    0.502021     5Ag     0.532683  
       2B2u    0.658269     2B1u    0.658269     2B1g    0.821372  
       2B2g    0.821372     5B3u    0.854076     6Ag     0.960250  
       7Ag     1.109925     3B1u    1.234221     3B2u    1.234221  
       8Ag     1.253092     1B3g    1.253092     6B3u    1.398032  
       7B3u    1.439278     3B1g    1.645870     3B2g    1.645870  
       8B3u    1.687950     1Au     1.687950     4B2u    2.085966  
       4B1u    2.085966     9Ag     2.174072     9B3u    2.567793  
       4B2g    2.701452     4B1g    2.701452    10Ag     3.248621  
      10B3u    3.753347  

    Final Occupation by Irrep:
             Ag   B1g   B2g   B3g    Au   B1u   B2u   B3u 
    DOCC [     3,    0,    0,    0,    0,    1,    1,    2 ]

  @DF-RHF Final Energy:   -76.82592386995825

   => Energetics <=

    Nuclear Repulsion Energy =             24.9556834983786153
    One-Electron Energy =                -152.0226512654347744
    Two-Electron Energy =                  50.2410438970979101
    Total Energy =                        -76.8259238699582454

Computation Completed


Properties will be evaluated at   0.000000,   0.000000,   0.000000 [a0]

Properties computed using the SCF density matrix

  Nuclear Dipole Moment: [e a0]
     X:     0.0000      Y:     0.0000      Z:     0.0000

  Electronic Dipole Moment: [e a0]
     X:     0.0000      Y:     0.0000      Z:     0.0000

  Dipole Moment: [e a0]
     X:     0.0000      Y:     0.0000      Z:     0.0000     Total:     0.0000

  Dipole Moment: [D]
     X:     0.0000      Y:     0.0000      Z:     0.0000     Total:     0.0000


*** tstop() called on wanukaka at Thu Apr 14 13:10:39 2022
Module time:
	user time   =       3.28 seconds =       0.05 minutes
	system time =       0.16 seconds =       0.00 minutes
	total time  =          0 seconds =       0.00 minutes
Total time:
	user time   =   17304.95 seconds =     288.42 minutes
	system time =     712.32 seconds =      11.87 minutes
	total time  =       1983 seconds =      33.05 minutes

*** tstart() called on wanukaka
*** at Thu Apr 14 13:10:39 2022


         ------------------------------------------------------------
                                   SCF GRAD                          
                          Rob Parrish, Justin Turney,                
                       Andy Simmonett, and Alex Sokolov              
         ------------------------------------------------------------

  ==> Geometry <==

    Molecular point group: d2h
    Full point group: D_inf_h

    Geometry (in Angstrom), charge = 0, multiplicity = 1:

       Center              X                  Y                   Z               Mass       
    ------------   -----------------  -----------------  -----------------  -----------------
         C           -0.595025655781    -0.000000000000     0.000000000000    12.000000000000
         C            0.595025655781     0.000000000000     0.000000000000    12.000000000000
         H           -1.658623616002    -0.000000000000     0.000000000000     1.007825032230
         H            1.658623616002     0.000000000000     0.000000000000     1.007825032230

  Nuclear repulsion =   24.955683498378615

  ==> Basis Set <==

  Basis Set: CC-PVDZ
    Blend: CC-PVDZ
    Number of shells: 18
    Number of basis function: 38
    Number of Cartesian functions: 40
    Spherical Harmonics?: true
    Max angular momentum: 2

  ==> DFJKGrad: Density-Fitted SCF Gradients <==

    Gradient:                    1
    J tasked:                  Yes
    K tasked:                  Yes
    wK tasked:                  No
    OpenMP threads:             10
    Integrals threads:          10
    Memory [MiB]:             5722
    Schwarz Cutoff:          0E+00
    Fitting Condition:       1E-10

   => Auxiliary Basis Set <=

  Basis Set: (CC-PVDZ AUX)
    Blend: CC-PVDZ-JKFIT
    Number of shells: 66
    Number of basis function: 186
    Number of Cartesian functions: 212
    Spherical Harmonics?: true
    Max angular momentum: 3


  -Total Gradient:
     Atom            X                  Y                   Z
    ------   -----------------  -----------------  -----------------
       1        0.004142667267     0.000000000000     0.000000000000
       2       -0.004142667267    -0.000000000000     0.000000000000
       3        0.000165680687     0.000000000000     0.000000000000
       4       -0.000165680687    -0.000000000000     0.000000000000


*** tstop() called on wanukaka at Thu Apr 14 13:10:39 2022
Module time:
	user time   =       3.65 seconds =       0.06 minutes
	system time =       0.13 seconds =       0.00 minutes
	total time  =          0 seconds =       0.00 minutes
Total time:
	user time   =   17308.61 seconds =     288.48 minutes
	system time =     712.45 seconds =      11.87 minutes
	total time  =       1983 seconds =      33.05 minutes

			-----------------------------------------
			 OPTKING 2.0: for geometry optimizations 
			  - R.A. King,  Bethel University        
			-----------------------------------------

	Previous internal coordinate definitions found.
	---Fragment 1 Geometry and Gradient---
	 C          -1.1244355270       -0.0000000000        0.0000000000
	 C           1.1244355270        0.0000000000        0.0000000000
	 H          -3.1343443795       -0.0000000000        0.0000000000
	 H           3.1343443795        0.0000000000        0.0000000000
	             0.0041426673        0.0000000000        0.0000000000
	            -0.0041426673       -0.0000000000        0.0000000000
	             0.0001656807        0.0000000000        0.0000000000
	            -0.0001656807       -0.0000000000        0.0000000000

	---Fragment 1 Intrafragment Coordinates---
	 - Coordinate -           - BOHR/RAD -       - ANG/DEG -
	 R(1,2)           =         2.248871	       1.190051
	 R(1,3)           =         2.009909	       1.063598
	 R(2,4)           =         2.009909	       1.063598
	 L(1,2,4)         =         3.141593	     180.000000
	 l(1,2,4)         =         3.141593	     180.000000
	 L(2,1,3)         =         3.141593	     180.000000
	 l(2,1,3)         =         3.141593	     180.000000

	Current energy   :       -76.8259238700

	Energy change for the previous step:
		Projected    :        -0.0004062062
		Actual       :        -0.0001629810

	Performing BFGS update.
	Previous computed or guess Hessian on step 1.
	Steps to be used in Hessian update: 1
	Taking RFO optimization step.
	Going to follow RFO solution 1.
	Using RFO vector 1.
	Norm of target step-size    0.00344
	Projected energy change by RFO approximation:        -0.0000147639

	Back-transformation to cartesian coordinates...
	Successfully converged to displaced geometry.

	--- Internal Coordinate Step in ANG or DEG, aJ/ANG or AJ/DEG ---
	 ---------------------------------------------------------------------------
	   Coordinate                Previous        Force       Change         New 
	   ----------                --------       ------       ------       ------
	    1 R(1,2)          =      1.190051     0.035495     0.001799     1.191850
	    2 R(1,3)          =      1.063598     0.001365     0.000191     1.063789
	    3 R(2,4)          =      1.063598     0.001365     0.000191     1.063789
	    4 L(1,2,4)        =    180.000000    -0.000000     0.000000   180.000000
	    5 l(1,2,4)        =    180.000000     0.000000     0.000000   180.000000
	    6 L(2,1,3)        =    180.000000    -0.000000     0.000000   180.000000
	    7 l(2,1,3)        =    180.000000    -0.000000     0.000000   180.000000
	 ---------------------------------------------------------------------------
	Successfully symmetrized geometry.

  ==> Convergence Check <==

  Measures of convergence in internal coordinates in au.
  Criteria marked as inactive (o), active & met (*), and active & unmet ( ).
  ---------------------------------------------------------------------------------------------
   Step     Total Energy     Delta E     MAX Force     RMS Force      MAX Disp      RMS Disp   
  ---------------------------------------------------------------------------------------------
    Convergence Criteria    1.00e-06 *    3.00e-04 *             o    1.20e-03 *             o
  ---------------------------------------------------------------------------------------------
      2     -76.82592387   -1.63e-04      4.31e-03      1.63e-03 o    3.40e-03      1.30e-03 o  ~
  ---------------------------------------------------------------------------------------------

	Writing optimization data to binary file.
	Structure for next step:
	Cartesian Geometry (in Angstrom)
	    C    -0.5959250113  -0.0000000000  -0.0000000000
	    C     0.5959250113   0.0000000000  -0.0000000000
	    H    -1.6597140679  -0.0000000000   0.0000000000
	    H     1.6597140679   0.0000000000   0.0000000000
			--------------------------
			 OPTKING Finished Execution 
			--------------------------

    Structure for next step:
    Molecular point group: d2h
    Full point group: D_inf_h

    Geometry (in Angstrom), charge = 0, multiplicity = 1:

    C           -0.595925013614    -0.000000000000     0.000000000000
    C            0.595925013614     0.000000000000     0.000000000000
    H           -1.659714074386    -0.000000000000     0.000000000000
    H            1.659714074386     0.000000000000     0.000000000000

gradient() will perform analytic gradient computation.

*** tstart() called on wanukaka
*** at Thu Apr 14 13:10:39 2022

   => Loading Basis Set <=

    Name: CC-PVDZ
    Role: ORBITAL
    Keyword: BASIS
    atoms 1-2 entry C          line   138 file /home/sulstice/software/miniconda2/envs/qmpython2/share/psi4/basis/cc-pvdz.gbs 
    atoms 3-4 entry H          line    22 file /home/sulstice/software/miniconda2/envs/qmpython2/share/psi4/basis/cc-pvdz.gbs 


         ---------------------------------------------------------
                                   SCF
               by Justin Turney, Rob Parrish, Andy Simmonett
                          and Daniel G. A. Smith
                              RHF Reference
                       10 Threads,   7629 MiB Core
         ---------------------------------------------------------

  ==> Geometry <==

    Molecular point group: d2h
    Full point group: D_inf_h

    Geometry (in Angstrom), charge = 0, multiplicity = 1:

       Center              X                  Y                   Z               Mass       
    ------------   -----------------  -----------------  -----------------  -----------------
         C           -0.595925013614    -0.000000000000     0.000000000000    12.000000000000
         C            0.595925013614     0.000000000000     0.000000000000    12.000000000000
         H           -1.659714074386    -0.000000000000     0.000000000000     1.007825032230
         H            1.659714074386     0.000000000000     0.000000000000     1.007825032230

  Running in d2h symmetry.

  Rotational constants: A = ************  B =      1.19766  C =      1.19766 [cm^-1]
  Rotational constants: A = ************  B =  35904.99577  C =  35904.99577 [MHz]
  Nuclear repulsion =   24.927861513581465

  Charge       = 0
  Multiplicity = 1
  Electrons    = 14
  Nalpha       = 7
  Nbeta        = 7

  ==> Algorithm <==

  SCF Algorithm Type is DF.
  DIIS enabled.
  MOM disabled.
  Fractional occupation disabled.
  Guess Type is READ.
  Energy threshold   = 1.00e-08
  Density threshold  = 1.00e-08
  Integral threshold = 0.00e+00

  ==> Primary Basis <==

  Basis Set: CC-PVDZ
    Blend: CC-PVDZ
    Number of shells: 18
    Number of basis function: 38
    Number of Cartesian functions: 40
    Spherical Harmonics?: true
    Max angular momentum: 2

   => Loading Basis Set <=

    Name: (CC-PVDZ AUX)
    Role: JKFIT
    Keyword: DF_BASIS_SCF
    atoms 1-2 entry C          line   121 file /home/sulstice/software/miniconda2/envs/qmpython2/share/psi4/basis/cc-pvdz-jkfit.gbs 
    atoms 3-4 entry H          line    51 file /home/sulstice/software/miniconda2/envs/qmpython2/share/psi4/basis/cc-pvdz-jkfit.gbs 

   => Loading Basis Set <=

    Name: CC-PVDZ
    Role: ORBITAL
    Keyword: BASIS
    atoms 1-2 entry C          line   138 file /home/sulstice/software/miniconda2/envs/qmpython2/share/psi4/basis/cc-pvdz.gbs 
    atoms 3-4 entry H          line    22 file /home/sulstice/software/miniconda2/envs/qmpython2/share/psi4/basis/cc-pvdz.gbs 

  Reading orbitals from file 180, no projection.

  ==> Pre-Iterations <==

   -------------------------------------------------------
    Irrep   Nso     Nmo     Nalpha   Nbeta   Ndocc  Nsocc
   -------------------------------------------------------
     Ag        10      10       0       0       0       0
     B1g        4       4       0       0       0       0
     B2g        4       4       0       0       0       0
     B3g        1       1       0       0       0       0
     Au         1       1       0       0       0       0
     B1u        4       4       0       0       0       0
     B2u        4       4       0       0       0       0
     B3u       10      10       0       0       0       0
   -------------------------------------------------------
    Total      38      38       7       7       7       0
   -------------------------------------------------------

  ==> Integral Setup <==

  DFHelper Memory: AOs need 0.003 GiB; user supplied 5.588 GiB. Using in-core AOs.

  ==> MemDFJK: Density-Fitted J/K Matrices <==

    J tasked:                   Yes
    K tasked:                   Yes
    wK tasked:                   No
    OpenMP threads:              10
    Memory [MiB]:              5722
    Algorithm:                 Core
    Schwarz Cutoff:           1E-12
    Mask sparsity (%):       0.0000
    Fitting Condition:        1E-10

   => Auxiliary Basis Set <=

  Basis Set: (CC-PVDZ AUX)
    Blend: CC-PVDZ-JKFIT
    Number of shells: 66
    Number of basis function: 186
    Number of Cartesian functions: 212
    Spherical Harmonics?: true
    Max angular momentum: 3

  Minimum eigenvalue in the overlap matrix is 8.0888659040E-04.
  Using Symmetric Orthogonalization.

  SCF Guess: Orbitals guess was supplied from a previous computation.

  ==> Iterations <==

                           Total Energy        Delta E     RMS |[F,P]|

   @DF-RHF iter   0:   -76.82450787531113   -7.68245e+01   3.63515e-04 
   @DF-RHF iter   1:   -76.82593070723991   -1.42283e-03   4.51376e-05 DIIS
   @DF-RHF iter   2:   -76.82593102695201   -3.19712e-07   1.57507e-05 DIIS
   @DF-RHF iter   3:   -76.82593105991961   -3.29676e-08   1.37719e-06 DIIS
   @DF-RHF iter   4:   -76.82593106024535   -3.25741e-10   1.17830e-07 DIIS
   @DF-RHF iter   5:   -76.82593106024913   -3.78009e-12   1.12842e-08 DIIS
   @DF-RHF iter   6:   -76.82593106024923   -9.94760e-14   2.06441e-09 DIIS
  Energy and wave function converged.


  ==> Post-Iterations <==

    Orbital Energies [Eh]
    ---------------------

    Doubly Occupied:                                                      

       1Ag   -11.244988     1B3u  -11.241037     2Ag    -1.030727  
       2B3u   -0.761014     3Ag    -0.674820     1B1u   -0.408763  
       1B2u   -0.408763  

    Virtual:                                                              

       3B3u    0.192359     1B2g    0.203269     1B1g    0.203269  
       4Ag     0.222998     4B3u    0.501215     5Ag     0.532925  
       2B2u    0.658631     2B1u    0.658631     2B1g    0.820982  
       2B2g    0.820982     5B3u    0.854198     6Ag     0.960095  
       7Ag     1.109388     3B1u    1.233491     3B2u    1.233491  
       8Ag     1.253245     1B3g    1.253245     6B3u    1.395096  
       7B3u    1.438768     3B2g    1.645056     3B1g    1.645056  
       8B3u    1.687128     1Au     1.687128     4B1u    2.084566  
       4B2u    2.084566     9Ag     2.173397     9B3u    2.565336  
       4B2g    2.700100     4B1g    2.700100    10Ag     3.248196  
      10B3u    3.745320  

    Final Occupation by Irrep:
             Ag   B1g   B2g   B3g    Au   B1u   B2u   B3u 
    DOCC [     3,    0,    0,    0,    0,    1,    1,    2 ]

  @DF-RHF Final Energy:   -76.82593106024923

   => Energetics <=

    Nuclear Repulsion Energy =             24.9278615135814654
    One-Electron Energy =                -151.9673629194482487
    Two-Electron Energy =                  50.2135703456175548
    Total Energy =                        -76.8259310602492320

Computation Completed


Properties will be evaluated at   0.000000,   0.000000,   0.000000 [a0]

Properties computed using the SCF density matrix

  Nuclear Dipole Moment: [e a0]
     X:     0.0000      Y:     0.0000      Z:     0.0000

  Electronic Dipole Moment: [e a0]
     X:     0.0000      Y:     0.0000      Z:     0.0000

  Dipole Moment: [e a0]
     X:     0.0000      Y:     0.0000      Z:     0.0000     Total:     0.0000

  Dipole Moment: [D]
     X:     0.0000      Y:     0.0000      Z:     0.0000     Total:     0.0000


*** tstop() called on wanukaka at Thu Apr 14 13:10:40 2022
Module time:
	user time   =       4.24 seconds =       0.07 minutes
	system time =       0.17 seconds =       0.00 minutes
	total time  =          1 seconds =       0.02 minutes
Total time:
	user time   =   17312.94 seconds =     288.55 minutes
	system time =     712.62 seconds =      11.88 minutes
	total time  =       1984 seconds =      33.07 minutes

*** tstart() called on wanukaka
*** at Thu Apr 14 13:10:40 2022


         ------------------------------------------------------------
                                   SCF GRAD                          
                          Rob Parrish, Justin Turney,                
                       Andy Simmonett, and Alex Sokolov              
         ------------------------------------------------------------

  ==> Geometry <==

    Molecular point group: d2h
    Full point group: D_inf_h

    Geometry (in Angstrom), charge = 0, multiplicity = 1:

       Center              X                  Y                   Z               Mass       
    ------------   -----------------  -----------------  -----------------  -----------------
         C           -0.595925013614    -0.000000000000     0.000000000000    12.000000000000
         C            0.595925013614     0.000000000000     0.000000000000    12.000000000000
         H           -1.659714074386    -0.000000000000     0.000000000000     1.007825032230
         H            1.659714074386     0.000000000000     0.000000000000     1.007825032230

  Nuclear repulsion =   24.927861513581465

  ==> Basis Set <==

  Basis Set: CC-PVDZ
    Blend: CC-PVDZ
    Number of shells: 18
    Number of basis function: 38
    Number of Cartesian functions: 40
    Spherical Harmonics?: true
    Max angular momentum: 2

  ==> DFJKGrad: Density-Fitted SCF Gradients <==

    Gradient:                    1
    J tasked:                  Yes
    K tasked:                  Yes
    wK tasked:                  No
    OpenMP threads:             10
    Integrals threads:          10
    Memory [MiB]:             5722
    Schwarz Cutoff:          0E+00
    Fitting Condition:       1E-10

   => Auxiliary Basis Set <=

  Basis Set: (CC-PVDZ AUX)
    Blend: CC-PVDZ-JKFIT
    Number of shells: 66
    Number of basis function: 186
    Number of Cartesian functions: 212
    Spherical Harmonics?: true
    Max angular momentum: 3


  -Total Gradient:
     Atom            X                  Y                   Z
    ------   -----------------  -----------------  -----------------
       1       -0.000135490682    -0.000000000000     0.000000000000
       2        0.000135490682     0.000000000000     0.000000000000
       3        0.000024633137     0.000000000000     0.000000000000
       4       -0.000024633137    -0.000000000000     0.000000000000


*** tstop() called on wanukaka at Thu Apr 14 13:10:40 2022
Module time:
	user time   =       4.21 seconds =       0.07 minutes
	system time =       0.18 seconds =       0.00 minutes
	total time  =          0 seconds =       0.00 minutes
Total time:
	user time   =   17317.16 seconds =     288.62 minutes
	system time =     712.80 seconds =      11.88 minutes
	total time  =       1984 seconds =      33.07 minutes

			-----------------------------------------
			 OPTKING 2.0: for geometry optimizations 
			  - R.A. King,  Bethel University        
			-----------------------------------------

	Previous internal coordinate definitions found.
	---Fragment 1 Geometry and Gradient---
	 C          -1.1261350670       -0.0000000000        0.0000000000
	 C           1.1261350670        0.0000000000        0.0000000000
	 H          -3.1364050472       -0.0000000000        0.0000000000
	 H           3.1364050472        0.0000000000        0.0000000000
	            -0.0001354907       -0.0000000000        0.0000000000
	             0.0001354907        0.0000000000        0.0000000000
	             0.0000246331        0.0000000000        0.0000000000
	            -0.0000246331       -0.0000000000        0.0000000000

	---Fragment 1 Intrafragment Coordinates---
	 - Coordinate -           - BOHR/RAD -       - ANG/DEG -
	 R(1,2)           =         2.252270	       1.191850
	 R(1,3)           =         2.010270	       1.063789
	 R(2,4)           =         2.010270	       1.063789
	 L(1,2,4)         =         3.141593	     180.000000
	 l(1,2,4)         =         3.141593	     180.000000
	 L(2,1,3)         =         3.141593	     180.000000
	 l(2,1,3)         =         3.141593	     180.000000

	Current energy   :       -76.8259310602

	Energy change for the previous step:
		Projected    :        -0.0000147639
		Actual       :        -0.0000071903

	Performing BFGS update.
	Previous computed or guess Hessian on step 1.
	Steps to be used in Hessian update: 2 1
	Taking RFO optimization step.
	Going to follow RFO solution 1.
	Using RFO vector 1.
	Norm of target step-size    0.00013
	Projected energy change by RFO approximation:        -0.0000000132

	Back-transformation to cartesian coordinates...
	Successfully converged to displaced geometry.

	--- Internal Coordinate Step in ANG or DEG, aJ/ANG or AJ/DEG ---
	 ---------------------------------------------------------------------------
	   Coordinate                Previous        Force       Change         New 
	   ----------                --------       ------       ------       ------
	    1 R(1,2)          =      1.191850    -0.000913    -0.000047     1.191803
	    2 R(1,3)          =      1.063789     0.000203     0.000036     1.063825
	    3 R(2,4)          =      1.063789     0.000203     0.000036     1.063825
	    4 L(1,2,4)        =    180.000000     0.000000     0.000000   180.000000
	    5 l(1,2,4)        =    180.000000    -0.000000     0.000000   180.000000
	    6 L(2,1,3)        =    180.000000    -0.000000     0.000000   180.000000
	    7 l(2,1,3)        =    180.000000     0.000000     0.000000   180.000000
	 ---------------------------------------------------------------------------
	Successfully symmetrized geometry.

  ==> Convergence Check <==

  Measures of convergence in internal coordinates in au.
  Criteria marked as inactive (o), active & met (*), and active & unmet ( ).
  ---------------------------------------------------------------------------------------------
   Step     Total Energy     Delta E     MAX Force     RMS Force      MAX Disp      RMS Disp   
  ---------------------------------------------------------------------------------------------
    Convergence Criteria    1.00e-06 *    3.00e-04 *             o    1.20e-03 *             o
  ---------------------------------------------------------------------------------------------
      3     -76.82593106   -7.19e-06      1.11e-04 *    4.39e-05 o    8.91e-05 *    4.92e-05 o  ~
  ---------------------------------------------------------------------------------------------


  **** Optimization is complete! (in 3 steps) ****

  ==> Optimization Summary <==

  Measures of convergence in internal coordinates in au.
  --------------------------------------------------------------------------------------------------------------- ~
   Step         Total Energy             Delta E       MAX Force       RMS Force        MAX Disp        RMS Disp  ~
  --------------------------------------------------------------------------------------------------------------- ~
      1     -76.825760888933    -76.825760888933      0.02029883      0.00771736      0.01938611      0.00765158  ~
      2     -76.825923869958     -0.000162981025      0.00430835      0.00163081      0.00339908      0.00129915  ~
      3     -76.825931060249     -0.000007190291      0.00011086      0.00004392      0.00008915      0.00004924  ~
  --------------------------------------------------------------------------------------------------------------- ~

	Writing optimization data to binary file.
	Final energy is    -76.8259310602492
	Final (previous) structure:
	Cartesian Geometry (in Angstrom)
	    C    -0.5959250113  -0.0000000000   0.0000000000
	    C     0.5959250113   0.0000000000   0.0000000000
	    H    -1.6597140679  -0.0000000000   0.0000000000
	    H     1.6597140679   0.0000000000   0.0000000000
	Saving final (previous) structure.
			--------------------------
			 OPTKING Finished Execution 
			--------------------------

    Final optimized geometry and variables:
    Molecular point group: d2h
    Full point group: D_inf_h

    Geometry (in Angstrom), charge = 0, multiplicity = 1:

    C           -0.595925013614    -0.000000000000     0.000000000000
    C            0.595925013614     0.000000000000     0.000000000000
    H           -1.659714074386    -0.000000000000     0.000000000000
    H            1.659714074386     0.000000000000     0.000000000000

	Removing binary optimization data file.
	Cleaning optimization helper files.

*** tstart() called on wanukaka
*** at Thu Apr 14 13:10:40 2022

   => Loading Basis Set <=

    Name: CC-PVDZ
    Role: ORBITAL
    Keyword: BASIS
    atoms 1-2 entry C          line   138 file /home/sulstice/software/miniconda2/envs/qmpython2/share/psi4/basis/cc-pvdz.gbs 
    atoms 3-4 entry H          line    22 file /home/sulstice/software/miniconda2/envs/qmpython2/share/psi4/basis/cc-pvdz.gbs 


         ---------------------------------------------------------
                                   SCF
               by Justin Turney, Rob Parrish, Andy Simmonett
                          and Daniel G. A. Smith
                              RHF Reference
                       10 Threads,   7629 MiB Core
         ---------------------------------------------------------

  ==> Geometry <==

    Molecular point group: d2h
    Full point group: D_inf_h

    Geometry (in Angstrom), charge = 0, multiplicity = 1:

       Center              X                  Y                   Z               Mass       
    ------------   -----------------  -----------------  -----------------  -----------------
         C           -0.595925013614    -0.000000000000     0.000000000000    12.000000000000
         C            0.595925013614     0.000000000000     0.000000000000    12.000000000000
         H           -1.659714074386    -0.000000000000     0.000000000000     1.007825032230
         H            1.659714074386     0.000000000000     0.000000000000     1.007825032230

  Running in d2h symmetry.

  Rotational constants: A = ************  B =      1.19766  C =      1.19766 [cm^-1]
  Rotational constants: A = ************  B =  35904.99577  C =  35904.99577 [MHz]
  Nuclear repulsion =   24.927861513581465

  Charge       = 0
  Multiplicity = 1
  Electrons    = 14
  Nalpha       = 7
  Nbeta        = 7

  ==> Algorithm <==

  SCF Algorithm Type is DF.
  DIIS enabled.
  MOM disabled.
  Fractional occupation disabled.
  Guess Type is SAD.
  Energy threshold   = 1.00e-06
  Density threshold  = 1.00e-06
  Integral threshold = 0.00e+00

  ==> Primary Basis <==

  Basis Set: CC-PVDZ
    Blend: CC-PVDZ
    Number of shells: 18
    Number of basis function: 38
    Number of Cartesian functions: 40
    Spherical Harmonics?: true
    Max angular momentum: 2

   => Loading Basis Set <=

    Name: (CC-PVDZ AUX)
    Role: JKFIT
    Keyword: DF_BASIS_SCF
    atoms 1-2 entry C          line   121 file /home/sulstice/software/miniconda2/envs/qmpython2/share/psi4/basis/cc-pvdz-jkfit.gbs 
    atoms 3-4 entry H          line    51 file /home/sulstice/software/miniconda2/envs/qmpython2/share/psi4/basis/cc-pvdz-jkfit.gbs 

  ==> Pre-Iterations <==

   -------------------------------------------------------
    Irrep   Nso     Nmo     Nalpha   Nbeta   Ndocc  Nsocc
   -------------------------------------------------------
     Ag        10      10       0       0       0       0
     B1g        4       4       0       0       0       0
     B2g        4       4       0       0       0       0
     B3g        1       1       0       0       0       0
     Au         1       1       0       0       0       0
     B1u        4       4       0       0       0       0
     B2u        4       4       0       0       0       0
     B3u       10      10       0       0       0       0
   -------------------------------------------------------
    Total      38      38       7       7       7       0
   -------------------------------------------------------

  ==> Integral Setup <==

  DFHelper Memory: AOs need 0.003 GiB; user supplied 5.588 GiB. Using in-core AOs.

  ==> MemDFJK: Density-Fitted J/K Matrices <==

    J tasked:                   Yes
    K tasked:                   Yes
    wK tasked:                   No
    OpenMP threads:              10
    Memory [MiB]:              5722
    Algorithm:                 Core
    Schwarz Cutoff:           1E-12
    Mask sparsity (%):       0.0000
    Fitting Condition:        1E-10

   => Auxiliary Basis Set <=

  Basis Set: (CC-PVDZ AUX)
    Blend: CC-PVDZ-JKFIT
    Number of shells: 66
    Number of basis function: 186
    Number of Cartesian functions: 212
    Spherical Harmonics?: true
    Max angular momentum: 3

  Minimum eigenvalue in the overlap matrix is 8.0888659040E-04.
  Using Symmetric Orthogonalization.

  SCF Guess: Superposition of Atomic Densities via on-the-fly atomic UHF.

  ==> Iterations <==

                           Total Energy        Delta E     RMS |[F,P]|

   @DF-RHF iter SAD:   -75.98049785994662   -7.59805e+01   0.00000e+00 
   @DF-RHF iter   1:   -76.79329598837748   -8.12798e-01   1.39501e-02 DIIS
   @DF-RHF iter   2:   -76.82303903545225   -2.97430e-02   4.31644e-03 DIIS
   @DF-RHF iter   3:   -76.82582474339037   -2.78571e-03   6.18271e-04 DIIS
   @DF-RHF iter   4:   -76.82592961472406   -1.04871e-04   6.96865e-05 DIIS
   @DF-RHF iter   5:   -76.82593101585172   -1.40113e-06   1.19155e-05 DIIS
   @DF-RHF iter   6:   -76.82593105947386   -4.36221e-08   1.59549e-06 DIIS
   @DF-RHF iter   7:   -76.82593106023441   -7.60551e-10   2.31961e-07 DIIS
  Energy and wave function converged.


  ==> Post-Iterations <==

    Orbital Energies [Eh]
    ---------------------

    Doubly Occupied:                                                      

       1Ag   -11.244988     1B3u  -11.241037     2Ag    -1.030727  
       2B3u   -0.761014     3Ag    -0.674820     1B1u   -0.408763  
       1B2u   -0.408763  

    Virtual:                                                              

       3B3u    0.192359     1B2g    0.203269     1B1g    0.203269  
       4Ag     0.222998     4B3u    0.501215     5Ag     0.532925  
       2B1u    0.658631     2B2u    0.658631     2B1g    0.820982  
       2B2g    0.820982     5B3u    0.854198     6Ag     0.960095  
       7Ag     1.109388     3B1u    1.233491     3B2u    1.233491  
       8Ag     1.253245     1B3g    1.253245     6B3u    1.395096  
       7B3u    1.438768     3B2g    1.645056     3B1g    1.645056  
       8B3u    1.687128     1Au     1.687128     4B1u    2.084566  
       4B2u    2.084566     9Ag     2.173397     9B3u    2.565336  
       4B2g    2.700100     4B1g    2.700100    10Ag     3.248196  
      10B3u    3.745320  

    Final Occupation by Irrep:
             Ag   B1g   B2g   B3g    Au   B1u   B2u   B3u 
    DOCC [     3,    0,    0,    0,    0,    1,    1,    2 ]

  @DF-RHF Final Energy:   -76.82593106023441

   => Energetics <=

    Nuclear Repulsion Energy =             24.9278615135814654
    One-Electron Energy =                -151.9673636218481647
    Two-Electron Energy =                  50.2135710480322928
    Total Energy =                        -76.8259310602344101

Computation Completed


Properties will be evaluated at   0.000000,   0.000000,   0.000000 [a0]

Properties computed using the SCF density matrix

  Nuclear Dipole Moment: [e a0]
     X:     0.0000      Y:     0.0000      Z:     0.0000

  Electronic Dipole Moment: [e a0]
     X:     0.0000      Y:     0.0000      Z:     0.0000

  Dipole Moment: [e a0]
     X:     0.0000      Y:     0.0000      Z:     0.0000     Total:     0.0000

  Dipole Moment: [D]
     X:     0.0000      Y:     0.0000      Z:     0.0000     Total:     0.0000


*** tstop() called on wanukaka at Thu Apr 14 13:10:41 2022
Module time:
	user time   =       5.13 seconds =       0.09 minutes
	system time =       0.20 seconds =       0.00 minutes
	total time  =          1 seconds =       0.02 minutes
Total time:
	user time   =   17322.38 seconds =     288.71 minutes
	system time =     713.00 seconds =      11.88 minutes
	total time  =       1985 seconds =      33.08 minutes
hessian() using ref_gradient to assess stationary point.

  Based on options and gradient (rms=5.62E-05), recommend projecting translations and projecting rotations.
hessian() will perform analytic frequency computation.

*** tstart() called on wanukaka
*** at Thu Apr 14 13:10:41 2022

   => Loading Basis Set <=

    Name: CC-PVDZ
    Role: ORBITAL
    Keyword: BASIS
    atoms 1-2 entry C          line   138 file /home/sulstice/software/miniconda2/envs/qmpython2/share/psi4/basis/cc-pvdz.gbs 
    atoms 3-4 entry H          line    22 file /home/sulstice/software/miniconda2/envs/qmpython2/share/psi4/basis/cc-pvdz.gbs 


         ---------------------------------------------------------
                                   SCF
               by Justin Turney, Rob Parrish, Andy Simmonett
                          and Daniel G. A. Smith
                              RHF Reference
                       10 Threads,   7629 MiB Core
         ---------------------------------------------------------

  ==> Geometry <==

    Molecular point group: d2h
    Full point group: D_inf_h

    Geometry (in Angstrom), charge = 0, multiplicity = 1:

       Center              X                  Y                   Z               Mass       
    ------------   -----------------  -----------------  -----------------  -----------------
         C           -0.595925013614    -0.000000000000     0.000000000000    12.000000000000
         C            0.595925013614     0.000000000000     0.000000000000    12.000000000000
         H           -1.659714074386    -0.000000000000     0.000000000000     1.007825032230
         H            1.659714074386     0.000000000000     0.000000000000     1.007825032230

  Running in d2h symmetry.

  Rotational constants: A = ************  B =      1.19766  C =      1.19766 [cm^-1]
  Rotational constants: A = ************  B =  35904.99577  C =  35904.99577 [MHz]
  Nuclear repulsion =   24.927861513581465

  Charge       = 0
  Multiplicity = 1
  Electrons    = 14
  Nalpha       = 7
  Nbeta        = 7

  ==> Algorithm <==

  SCF Algorithm Type is DF.
  DIIS enabled.
  MOM disabled.
  Fractional occupation disabled.
  Guess Type is SAD.
  Energy threshold   = 1.00e-08
  Density threshold  = 1.00e-08
  Integral threshold = 0.00e+00

  ==> Primary Basis <==

  Basis Set: CC-PVDZ
    Blend: CC-PVDZ
    Number of shells: 18
    Number of basis function: 38
    Number of Cartesian functions: 40
    Spherical Harmonics?: true
    Max angular momentum: 2

   => Loading Basis Set <=

    Name: (CC-PVDZ AUX)
    Role: JKFIT
    Keyword: DF_BASIS_SCF
    atoms 1-2 entry C          line   121 file /home/sulstice/software/miniconda2/envs/qmpython2/share/psi4/basis/cc-pvdz-jkfit.gbs 
    atoms 3-4 entry H          line    51 file /home/sulstice/software/miniconda2/envs/qmpython2/share/psi4/basis/cc-pvdz-jkfit.gbs 

  ==> Pre-Iterations <==

   -------------------------------------------------------
    Irrep   Nso     Nmo     Nalpha   Nbeta   Ndocc  Nsocc
   -------------------------------------------------------
     Ag        10      10       0       0       0       0
     B1g        4       4       0       0       0       0
     B2g        4       4       0       0       0       0
     B3g        1       1       0       0       0       0
     Au         1       1       0       0       0       0
     B1u        4       4       0       0       0       0
     B2u        4       4       0       0       0       0
     B3u       10      10       0       0       0       0
   -------------------------------------------------------
    Total      38      38       7       7       7       0
   -------------------------------------------------------

  ==> Integral Setup <==

  DFHelper Memory: AOs need 0.003 GiB; user supplied 5.588 GiB. Using in-core AOs.

  ==> MemDFJK: Density-Fitted J/K Matrices <==

    J tasked:                   Yes
    K tasked:                   Yes
    wK tasked:                   No
    OpenMP threads:              10
    Memory [MiB]:              5722
    Algorithm:                 Core
    Schwarz Cutoff:           1E-12
    Mask sparsity (%):       0.0000
    Fitting Condition:        1E-10

   => Auxiliary Basis Set <=

  Basis Set: (CC-PVDZ AUX)
    Blend: CC-PVDZ-JKFIT
    Number of shells: 66
    Number of basis function: 186
    Number of Cartesian functions: 212
    Spherical Harmonics?: true
    Max angular momentum: 3

  Minimum eigenvalue in the overlap matrix is 8.0888659040E-04.
  Using Symmetric Orthogonalization.

  SCF Guess: Superposition of Atomic Densities via on-the-fly atomic UHF.

  ==> Iterations <==

                           Total Energy        Delta E     RMS |[F,P]|

   @DF-RHF iter SAD:   -75.98049785994660   -7.59805e+01   0.00000e+00 
   @DF-RHF iter   1:   -76.79329598837752   -8.12798e-01   1.39501e-02 DIIS
   @DF-RHF iter   2:   -76.82303903545224   -2.97430e-02   4.31644e-03 DIIS
   @DF-RHF iter   3:   -76.82582474339034   -2.78571e-03   6.18271e-04 DIIS
   @DF-RHF iter   4:   -76.82592961472409   -1.04871e-04   6.96865e-05 DIIS
   @DF-RHF iter   5:   -76.82593101585169   -1.40113e-06   1.19155e-05 DIIS
   @DF-RHF iter   6:   -76.82593105947387   -4.36222e-08   1.59549e-06 DIIS
   @DF-RHF iter   7:   -76.82593106023442   -7.60551e-10   2.31961e-07 DIIS
   @DF-RHF iter   8:   -76.82593106024919   -1.47651e-11   9.26421e-09 DIIS
  Energy and wave function converged.


  ==> Post-Iterations <==

    Orbital Energies [Eh]
    ---------------------

    Doubly Occupied:                                                      

       1Ag   -11.244988     1B3u  -11.241037     2Ag    -1.030727  
       2B3u   -0.761014     3Ag    -0.674820     1B1u   -0.408763  
       1B2u   -0.408763  

    Virtual:                                                              

       3B3u    0.192359     1B2g    0.203269     1B1g    0.203269  
       4Ag     0.222998     4B3u    0.501215     5Ag     0.532925  
       2B2u    0.658631     2B1u    0.658631     2B1g    0.820982  
       2B2g    0.820982     5B3u    0.854198     6Ag     0.960095  
       7Ag     1.109388     3B1u    1.233491     3B2u    1.233491  
       8Ag     1.253245     1B3g    1.253245     6B3u    1.395096  
       7B3u    1.438768     3B2g    1.645056     3B1g    1.645056  
       8B3u    1.687128     1Au     1.687128     4B1u    2.084566  
       4B2u    2.084566     9Ag     2.173397     9B3u    2.565336  
       4B2g    2.700100     4B1g    2.700100    10Ag     3.248196  
      10B3u    3.745320  

    Final Occupation by Irrep:
             Ag   B1g   B2g   B3g    Au   B1u   B2u   B3u 
    DOCC [     3,    0,    0,    0,    0,    1,    1,    2 ]

  @DF-RHF Final Energy:   -76.82593106024919

   => Energetics <=

    Nuclear Repulsion Energy =             24.9278615135814654
    One-Electron Energy =                -151.9673629521822420
    Two-Electron Energy =                  50.2135703783515908
    Total Energy =                        -76.8259310602491894

Computation Completed


Properties will be evaluated at   0.000000,   0.000000,   0.000000 [a0]

Properties computed using the SCF density matrix

  Nuclear Dipole Moment: [e a0]
     X:     0.0000      Y:     0.0000      Z:     0.0000

  Electronic Dipole Moment: [e a0]
     X:     0.0000      Y:     0.0000      Z:     0.0000

  Dipole Moment: [e a0]
     X:     0.0000      Y:     0.0000      Z:     0.0000     Total:     0.0000

  Dipole Moment: [D]
     X:     0.0000      Y:     0.0000      Z:     0.0000     Total:     0.0000


*** tstop() called on wanukaka at Thu Apr 14 13:10:42 2022
Module time:
	user time   =       5.16 seconds =       0.09 minutes
	system time =       0.23 seconds =       0.00 minutes
	total time  =          1 seconds =       0.02 minutes
Total time:
	user time   =   17327.62 seconds =     288.79 minutes
	system time =     713.23 seconds =      11.89 minutes
	total time  =       1986 seconds =      33.10 minutes

*** tstart() called on wanukaka
*** at Thu Apr 14 13:10:42 2022


         ------------------------------------------------------------
                                   SCF HESS                          
                          Rob Parrish, Justin Turney,                
                       Andy Simmonett, and Alex Sokolov              
         ------------------------------------------------------------

  ==> Geometry <==

    Molecular point group: d2h
    Full point group: D_inf_h

    Geometry (in Angstrom), charge = 0, multiplicity = 1:

       Center              X                  Y                   Z               Mass       
    ------------   -----------------  -----------------  -----------------  -----------------
         C           -0.595925013614    -0.000000000000     0.000000000000    12.000000000000
         C            0.595925013614     0.000000000000     0.000000000000    12.000000000000
         H           -1.659714074386    -0.000000000000     0.000000000000     1.007825032230
         H            1.659714074386     0.000000000000     0.000000000000     1.007825032230

  Nuclear repulsion =   24.927861513581465

  ==> Basis Set <==

  Basis Set: CC-PVDZ
    Blend: CC-PVDZ
    Number of shells: 18
    Number of basis function: 38
    Number of Cartesian functions: 40
    Spherical Harmonics?: true
    Max angular momentum: 2

  ==> DFJKGrad: Density-Fitted SCF Gradients <==

    Gradient:                    2
    J tasked:                  Yes
    K tasked:                  Yes
    wK tasked:                  No
    OpenMP threads:             10
    Integrals threads:          10
    Memory [MiB]:             5722
    Schwarz Cutoff:          0E+00
    Fitting Condition:       1E-10

   => Auxiliary Basis Set <=

  Basis Set: (CC-PVDZ AUX)
    Blend: CC-PVDZ-JKFIT
    Number of shells: 66
    Number of basis function: 186
    Number of Cartesian functions: 212
    Spherical Harmonics?: true
    Max angular momentum: 3

  DFHelper Memory: AOs need 0.003 GiB; user supplied 6.706 GiB. Using in-core AOs.

  ==> MemDFJK: Density-Fitted J/K Matrices <==

    J tasked:                   Yes
    K tasked:                   Yes
    wK tasked:                   No
    OpenMP threads:              10
    Memory [MiB]:              6866
    Algorithm:                 Core
    Schwarz Cutoff:           1E-12
    Mask sparsity (%):       0.0000
    Fitting Condition:        1E-10

   => Auxiliary Basis Set <=

  Basis Set: (CC-PVDZ AUX)
    Blend: CC-PVDZ-JKFIT
    Number of shells: 66
    Number of basis function: 186
    Number of Cartesian functions: 212
    Spherical Harmonics?: true
    Max angular momentum: 3


         ------------------------------------------------------------
                                     CPHF                           
                                  Rob Parrish                       
         ------------------------------------------------------------

  ==> Geometry <==

    Molecular point group: d2h
    Full point group: D_inf_h

    Geometry (in Angstrom), charge = 0, multiplicity = 1:

       Center              X                  Y                   Z               Mass       
    ------------   -----------------  -----------------  -----------------  -----------------
         C           -0.595925013614    -0.000000000000     0.000000000000    12.000000000000
         C            0.595925013614     0.000000000000     0.000000000000    12.000000000000
         H           -1.659714074386    -0.000000000000     0.000000000000     1.007825032230
         H            1.659714074386     0.000000000000     0.000000000000     1.007825032230

  Nuclear repulsion =   24.927861513581465
  Reference energy  =  -76.825931060249189

  ==> Basis Set <==

  Basis Set: CC-PVDZ
    Blend: CC-PVDZ
    Number of shells: 18
    Number of basis function: 38
    Number of Cartesian functions: 40
    Spherical Harmonics?: true
    Max angular momentum: 2

  ==> CGRSolver (by Rob Parrish) <==

   Number of roots    =        12
   Preconditioning    =    JACOBI
   Convergence cutoff =     1E-06
   Maximum iterations =       100

  ==> CPHFRHamiltonian (by Rob Parrish) <== 

  ==> MemDFJK: Density-Fitted J/K Matrices <==

    J tasked:                   Yes
    K tasked:                   Yes
    wK tasked:                   No
    OpenMP threads:              10
    Memory [MiB]:              6866
    Algorithm:                 Core
    Schwarz Cutoff:           1E-12
    Mask sparsity (%):       0.0000
    Fitting Condition:        1E-10

   => Auxiliary Basis Set <=

  Basis Set: (CC-PVDZ AUX)
    Blend: CC-PVDZ-JKFIT
    Number of shells: 66
    Number of basis function: 186
    Number of Cartesian functions: 212
    Spherical Harmonics?: true
    Max angular momentum: 3

  ==> CPHF Iterations <==

  => Iterations <=

             Iter  Converged  Remaining    Residual
  CGR           1          0         12   1.005E-01
  CGR           2          0         12   3.075E-02
  CGR           3          0         12   3.895E-03
  CGR           4          0         12   4.784E-04
  CGR           5          0         12   7.270E-05
  CGR           6          0         12   1.030E-05
  CGR           7          8          4   1.533E-06
  CGR           8         12          0   1.766E-07

    CGRSolver converged.


*** tstop() called on wanukaka at Thu Apr 14 13:10:58 2022
Module time:
	user time   =     147.28 seconds =       2.45 minutes
	system time =       3.52 seconds =       0.06 minutes
	total time  =         16 seconds =       0.27 minutes
Total time:
	user time   =   17474.91 seconds =     291.25 minutes
	system time =     716.75 seconds =      11.95 minutes
	total time  =       2002 seconds =      33.37 minutes


  ==> Harmonic Vibrational Analysis <==

  non-mass-weighted Hessian:       Symmetric? True   Hermitian? True   Lin Dep Dim?  0 (0)
  projection of translations (True) and rotations (True) removed 5 degrees of freedom (5)
  total projector:                 Symmetric? True   Hermitian? True   Lin Dep Dim?  5 (5)
  mass-weighted Hessian:           Symmetric? True   Hermitian? True   Lin Dep Dim?  0 (0)
  pre-proj  low-frequency mode:    0.0000i [cm^-1]
  pre-proj  low-frequency mode:    0.0000i [cm^-1]
  pre-proj  low-frequency mode:    0.0012  [cm^-1]
  pre-proj  low-frequency mode:    8.8929  [cm^-1]
  pre-proj  low-frequency mode:    8.8929  [cm^-1]
  pre-proj  all modes:['0.0077i' '0.0042i' '0.0012' '8.8929' '8.8929' '782.5524' '782.5524'
 '865.7643' '865.7643' '2224.1890' '3577.4863' '3689.8975']
  projected mass-weighted Hessian: Symmetric? True   Hermitian? True   Lin Dep Dim?  5 (5)
  post-proj low-frequency mode:    0.0000i [cm^-1] (TR)
  post-proj low-frequency mode:    0.0000i [cm^-1] (TR)
  post-proj low-frequency mode:    0.0000i [cm^-1] (TR)
  post-proj low-frequency mode:    0.0000  [cm^-1] (TR)
  post-proj low-frequency mode:    0.0000  [cm^-1] (TR)
  post-proj  all modes:['0.0000i' '0.0000i' '0.0000i' '0.0000' '0.0000' '782.5523' '782.5523'
 '865.7643' '865.7643' '2224.1890' '3577.4863' '3689.8975']

  Vibration                       6                   7                   8           
  Freq [cm^-1]                 782.5523            782.5523            865.7643       
  Irrep                          B1g                 B2g                 B2u          
  Reduced mass [u]              1.5780              1.5780              1.0848        
  Force const [mDyne/A]         0.5694              0.5694              0.4791        
  Turning point v=0 [a0]        0.3122              0.3122              0.3580        
  RMS dev v=0 [a0 u^1/2]        0.2774              0.2774              0.2637        
  IR activ [km/mol]             0.0000              0.0000             95.0627        
  Char temp [K]               1125.9185           1125.9185           1245.6421       
  ----------------------------------------------------------------------------------
      1   C               -0.00 -0.16  0.00   -0.00 -0.00 -0.16    0.00 -0.06  0.00   
      2   C                0.00  0.16 -0.00    0.00  0.00  0.16   -0.00 -0.06  0.00   
      3   H                0.00  0.69 -0.00   -0.00  0.00  0.69   -0.00  0.70 -0.00   
      4   H                0.00 -0.69  0.00   -0.00 -0.00 -0.69   -0.00  0.70 -0.00   

  Vibration                       9                   10                  11          
  Freq [cm^-1]                 865.7643           2224.1890           3577.4863       
  Irrep                          B1u                  Ag                 B3u          
  Reduced mass [u]              1.0848              3.6684              1.0848        
  Force const [mDyne/A]         0.4791             10.6924              8.1802        
  Turning point v=0 [a0]        0.3580              0.1215              0.1761        
  RMS dev v=0 [a0 u^1/2]        0.2637              0.1645              0.1297        
  IR activ [km/mol]            95.0627              0.0000             104.3016       
  Char temp [K]               1245.6421           3200.1128           5147.2062       
  ----------------------------------------------------------------------------------
      1   C               -0.00 -0.00 -0.06    0.35 -0.00 -0.00   -0.06  0.00 -0.00   
      2   C                0.00 -0.00 -0.06   -0.35  0.00  0.00   -0.06 -0.00  0.00   
      3   H               -0.00  0.00  0.70    0.62  0.00  0.00    0.70 -0.00  0.00   
      4   H               -0.00  0.00  0.70   -0.62 -0.00  0.00    0.70  0.00 -0.00   

  Vibration                       12          
  Freq [cm^-1]                3689.8975       
  Irrep                           Ag          
  Reduced mass [u]              1.2454        
  Force const [mDyne/A]         9.9903        
  Turning point v=0 [a0]        0.1619        
  RMS dev v=0 [a0 u^1/2]        0.1277        
  IR activ [km/mol]             0.0000        
  Char temp [K]               5308.9409       
  ----------------------------------------------------------------------------------
      1   C               -0.10  0.00  0.00   
      2   C                0.10  0.00  0.00   
      3   H                0.70 -0.00  0.00   
      4   H               -0.70 -0.00 -0.00   

  ==> Thermochemistry Components <==

  Entropy, S
    Electronic S            0.000 [cal/(mol K)]        0.000 [J/(mol K)]       0.00000000 [mEh/K] (multiplicity = 1)
    Translational S        35.704 [cal/(mol K)]      149.387 [J/(mol K)]       0.05689862 [mEh/K] (mol. weight = 26.0157 [u], P = 101325.00 [Pa])
    Rotational S           10.851 [cal/(mol K)]       45.399 [J/(mol K)]       0.01729169 [mEh/K] (symmetry no. = 2)
    Vibrational S           0.764 [cal/(mol K)]        3.198 [J/(mol K)]       0.00121813 [mEh/K]
  Total S                  47.320 [cal/(mol K)]      197.985 [J/(mol K)]       0.07540843 [mEh/K]
  Correction S              0.000 [cal/(mol K)]        0.000 [J/(mol K)]       0.00000000 [mEh/K]

  Constant volume heat capacity, Cv
    Electronic Cv           0.000 [cal/(mol K)]        0.000 [J/(mol K)]       0.00000000 [mEh/K]
    Translational Cv        2.981 [cal/(mol K)]       12.472 [J/(mol K)]       0.00475022 [mEh/K]
    Rotational Cv           1.987 [cal/(mol K)]        8.314 [J/(mol K)]       0.00316681 [mEh/K]
    Vibrational Cv          2.462 [cal/(mol K)]       10.300 [J/(mol K)]       0.00392312 [mEh/K]
  Total Cv                  7.430 [cal/(mol K)]       31.086 [J/(mol K)]       0.01184014 [mEh/K]
  Correction Cv             0.000 [cal/(mol K)]        0.000 [J/(mol K)]       0.00000000 [mEh/K]

  Constant pressure heat capacity, Cp
    Electronic Cp           0.000 [cal/(mol K)]        0.000 [J/(mol K)]       0.00000000 [mEh/K]
    Translational Cp        4.968 [cal/(mol K)]       20.786 [J/(mol K)]       0.00791703 [mEh/K]
    Rotational Cp           1.987 [cal/(mol K)]        8.314 [J/(mol K)]       0.00316681 [mEh/K]
    Vibrational Cp          2.462 [cal/(mol K)]       10.300 [J/(mol K)]       0.00392312 [mEh/K]
  Total Cp                  9.417 [cal/(mol K)]       39.401 [J/(mol K)]       0.01500695 [mEh/K]
  Correction Cp             0.000 [cal/(mol K)]        0.000 [J/(mol K)]       0.00000000 [mEh/K]

  ==> Thermochemistry Energy Analysis <==

  Raw electronic energy, E0
  Total E0, Electronic energy at well bottom at 0 [K]                  -76.82593106 [Eh]

  Zero-point energy, ZPE_vib = Sum_i nu_i / 2
    Electronic ZPE          0.000 [kcal/mol]        0.000 [kJ/mol]       0.00000000 [Eh]
    Translational ZPE       0.000 [kcal/mol]        0.000 [kJ/mol]       0.00000000 [Eh]
    Rotational ZPE          0.000 [kcal/mol]        0.000 [kJ/mol]       0.00000000 [Eh]
    Vibrational ZPE        18.282 [kcal/mol]       76.490 [kJ/mol]       0.02913368 [Eh]        6394.103 [cm^-1]
  Correction ZPE           18.282 [kcal/mol]       76.490 [kJ/mol]       0.02913368 [Eh]        6394.103 [cm^-1]
  Total ZPE, Electronic energy at 0 [K]                                -76.79679738 [Eh]

  Thermal Energy, E (includes ZPE)
    Electronic E            0.000 [kcal/mol]        0.000 [kJ/mol]       0.00000000 [Eh]
    Translational E         0.889 [kcal/mol]        3.718 [kJ/mol]       0.00141628 [Eh]
    Rotational E            0.592 [kcal/mol]        2.479 [kJ/mol]       0.00094418 [Eh]
    Vibrational E          18.464 [kcal/mol]       77.252 [kJ/mol]       0.02942391 [Eh]
  Correction E             19.945 [kcal/mol]       83.450 [kJ/mol]       0.03178437 [Eh]
  Total E, Electronic energy at  298.15 [K]                            -76.79414669 [Eh]

  Enthalpy, H_trans = E_trans + k_B * T
    Electronic H            0.000 [kcal/mol]        0.000 [kJ/mol]       0.00000000 [Eh]
    Translational H         1.481 [kcal/mol]        6.197 [kJ/mol]       0.00236046 [Eh]
    Rotational H            0.592 [kcal/mol]        2.479 [kJ/mol]       0.00094418 [Eh]
    Vibrational H          18.464 [kcal/mol]       77.252 [kJ/mol]       0.02942391 [Eh]
  Correction H             20.537 [kcal/mol]       85.929 [kJ/mol]       0.03272855 [Eh]
  Total H, Enthalpy at  298.15 [K]                                     -76.79320251 [Eh]

  Gibbs free energy, G = H - T * S
    Electronic G            0.000 [kcal/mol]        0.000 [kJ/mol]       0.00000000 [Eh]
    Translational G        -9.164 [kcal/mol]      -38.342 [kJ/mol]      -0.01460386 [Eh]
    Rotational G           -2.643 [kcal/mol]      -11.057 [kJ/mol]      -0.00421133 [Eh]
    Vibrational G          18.236 [kcal/mol]       76.299 [kJ/mol]       0.02906072 [Eh]
  Correction G              6.429 [kcal/mol]       26.900 [kJ/mol]       0.01024553 [Eh]
  Total G, Free enthalpy at  298.15 [K]                                -76.81568553 [Eh]
