gradient() will perform analytic gradient computation.

*** tstart() called on wanukaka
*** at Thu Apr 14 12:37:36 2022

   => Loading Basis Set <=

    Name: 6-31G
    Role: ORBITAL
    Keyword: BASIS
    atoms 1   entry O          line   117 file /home/sulstice/software/miniconda2/envs/qmpython2/share/psi4/basis/6-31g.gbs 
    atoms 2-3 entry H          line    26 file /home/sulstice/software/miniconda2/envs/qmpython2/share/psi4/basis/6-31g.gbs 


         ---------------------------------------------------------
                                   SCF
               by Justin Turney, Rob Parrish, Andy Simmonett
                          and Daniel G. A. Smith
                              RHF Reference
                       10 Threads,   7629 MiB Core
         ---------------------------------------------------------

  ==> Geometry <==

    Molecular point group: c2v
    Full point group: C2v

    Geometry (in Angstrom), charge = 0, multiplicity = 1:

       Center              X                  Y                   Z               Mass       
    ------------   -----------------  -----------------  -----------------  -----------------
         O            0.000000000000     0.000000000000    -0.071470451920    15.994914619570
         H            0.000000000000    -0.870960172609     0.567143968312     1.007825032230
         H            0.000000000000     0.870960172609     0.567143968312     1.007825032230

  Running in c2v symmetry.

  Rotational constants: A =     23.09135  B =     11.02516  C =      7.46225 [cm^-1]
  Rotational constants: A = 692261.25286  B = 330525.88032  C = 223712.49363 [MHz]
  Nuclear repulsion =    8.143451937679213

  Charge       = 0
  Multiplicity = 1
  Electrons    = 10
  Nalpha       = 5
  Nbeta        = 5

  ==> Algorithm <==

  SCF Algorithm Type is DF.
  DIIS enabled.
  MOM disabled.
  Fractional occupation disabled.
  Guess Type is SAD.
  Energy threshold   = 1.00e-08
  Density threshold  = 1.00e-08
  Integral threshold = 0.00e+00

  ==> Primary Basis <==

  Basis Set: 6-31G
    Blend: 6-31G
    Number of shells: 9
    Number of basis function: 13
    Number of Cartesian functions: 13
    Spherical Harmonics?: false
    Max angular momentum: 1

   => Loading Basis Set <=

    Name: (6-31G AUX)
    Role: JKFIT
    Keyword: DF_BASIS_SCF
    atoms 1   entry O          line   221 file /home/sulstice/software/miniconda2/envs/qmpython2/share/psi4/basis/cc-pvdz-jkfit.gbs 
    atoms 2-3 entry H          line    51 file /home/sulstice/software/miniconda2/envs/qmpython2/share/psi4/basis/cc-pvdz-jkfit.gbs 

  ==> Pre-Iterations <==

   -------------------------------------------------------
    Irrep   Nso     Nmo     Nalpha   Nbeta   Ndocc  Nsocc
   -------------------------------------------------------
     A1         7       7       0       0       0       0
     A2         0       0       0       0       0       0
     B1         2       2       0       0       0       0
     B2         4       4       0       0       0       0
   -------------------------------------------------------
    Total      13      13       5       5       5       0
   -------------------------------------------------------

  ==> Integral Setup <==

  DFHelper Memory: AOs need 0.000 GiB; user supplied 5.588 GiB. Using in-core AOs.

  ==> MemDFJK: Density-Fitted J/K Matrices <==

    J tasked:                   Yes
    K tasked:                   Yes
    wK tasked:                   No
    OpenMP threads:              10
    Memory [MiB]:              5722
    Algorithm:                 Core
    Schwarz Cutoff:           1E-12
    Mask sparsity (%):       0.0000
    Fitting Condition:        1E-10

   => Auxiliary Basis Set <=

  Basis Set: (6-31G AUX)
    Blend: CC-PVDZ-JKFIT
    Number of shells: 42
    Number of basis function: 131
    Number of Cartesian functions: 131
    Spherical Harmonics?: false
    Max angular momentum: 3

  Minimum eigenvalue in the overlap matrix is 8.6848303934E-02.
  Using Symmetric Orthogonalization.

  SCF Guess: Superposition of Atomic Densities via on-the-fly atomic UHF.

  ==> Iterations <==

                           Total Energy        Delta E     RMS |[F,P]|

   @DF-RHF iter SAD:   -75.33473773601604   -7.53347e+01   0.00000e+00 
   @DF-RHF iter   1:   -75.87847368173571   -5.43736e-01   4.86498e-02 DIIS
   @DF-RHF iter   2:   -75.93248920367114   -5.40155e-02   3.31185e-02 DIIS
   @DF-RHF iter   3:   -75.95897970403610   -2.64905e-02   2.84666e-03 DIIS
   @DF-RHF iter   4:   -75.95954877986064   -5.69076e-04   6.25918e-04 DIIS
   @DF-RHF iter   5:   -75.95957363716106   -2.48573e-05   7.98292e-05 DIIS
   @DF-RHF iter   6:   -75.95957427894116   -6.41780e-07   2.17713e-05 DIIS
   @DF-RHF iter   7:   -75.95957433746443   -5.85233e-08   4.77754e-06 DIIS
   @DF-RHF iter   8:   -75.95957434033080   -2.86637e-09   8.02495e-07 DIIS
   @DF-RHF iter   9:   -75.95957434037786   -4.70521e-11   6.73572e-08 DIIS
   @DF-RHF iter  10:   -75.95957434037834   -4.83169e-13   4.75477e-09 DIIS
  Energy and wave function converged.


  ==> Post-Iterations <==

    Orbital Energies [Eh]
    ---------------------

    Doubly Occupied:                                                      

       1A1   -20.581660     2A1    -1.297789     1B2    -0.650978  
       3A1    -0.536786     1B1    -0.494863  

    Virtual:                                                              

       4A1     0.171687     2B2     0.263661     3B2     1.025325  
       5A1     1.034978     2B1     1.165335     6A1     1.227532  
       4B2     1.371599     7A1     1.670293  

    Final Occupation by Irrep:
             A1    A2    B1    B2 
    DOCC [     3,    0,    1,    1 ]

  @DF-RHF Final Energy:   -75.95957434037834

   => Energetics <=

    Nuclear Repulsion Energy =              8.1434519376792132
    One-Electron Energy =                -121.0818984025381155
    Two-Electron Energy =                  36.9788721244805529
    Total Energy =                        -75.9595743403783388

Computation Completed


Properties will be evaluated at   0.000000,   0.000000,   0.000000 [a0]

Properties computed using the SCF density matrix

  Nuclear Dipole Moment: [e a0]
     X:     0.0000      Y:     0.0000      Z:     1.0630

  Electronic Dipole Moment: [e a0]
     X:     0.0000      Y:     0.0000      Z:    -0.0386

  Dipole Moment: [e a0]
     X:     0.0000      Y:     0.0000      Z:     1.0244     Total:     1.0244

  Dipole Moment: [D]
     X:     0.0000      Y:     0.0000      Z:     2.6038     Total:     2.6038


*** tstop() called on wanukaka at Thu Apr 14 12:37:37 2022
Module time:
	user time   =       3.61 seconds =       0.06 minutes
	system time =       0.14 seconds =       0.00 minutes
	total time  =          1 seconds =       0.02 minutes
Total time:
	user time   =       3.61 seconds =       0.06 minutes
	system time =       0.14 seconds =       0.00 minutes
	total time  =          1 seconds =       0.02 minutes

*** tstart() called on wanukaka
*** at Thu Apr 14 12:37:37 2022


         ------------------------------------------------------------
                                   SCF GRAD                          
                          Rob Parrish, Justin Turney,                
                       Andy Simmonett, and Alex Sokolov              
         ------------------------------------------------------------

  ==> Geometry <==

    Molecular point group: c2v
    Full point group: C2v

    Geometry (in Angstrom), charge = 0, multiplicity = 1:

       Center              X                  Y                   Z               Mass       
    ------------   -----------------  -----------------  -----------------  -----------------
         O            0.000000000000     0.000000000000    -0.071470451920    15.994914619570
         H            0.000000000000    -0.870960172609     0.567143968312     1.007825032230
         H            0.000000000000     0.870960172609     0.567143968312     1.007825032230

  Nuclear repulsion =    8.143451937679213

  ==> Basis Set <==

  Basis Set: 6-31G
    Blend: 6-31G
    Number of shells: 9
    Number of basis function: 13
    Number of Cartesian functions: 13
    Spherical Harmonics?: false
    Max angular momentum: 1

  ==> DFJKGrad: Density-Fitted SCF Gradients <==

    Gradient:                    1
    J tasked:                  Yes
    K tasked:                  Yes
    wK tasked:                  No
    OpenMP threads:             10
    Integrals threads:          10
    Memory [MiB]:             5722
    Schwarz Cutoff:          0E+00
    Fitting Condition:       1E-10

   => Auxiliary Basis Set <=

  Basis Set: (6-31G AUX)
    Blend: CC-PVDZ-JKFIT
    Number of shells: 42
    Number of basis function: 131
    Number of Cartesian functions: 131
    Spherical Harmonics?: false
    Max angular momentum: 3


  -Total Gradient:
     Atom            X                  Y                   Z
    ------   -----------------  -----------------  -----------------
       1       -0.000000000000     0.000000000000    -0.103599440745
       2        0.000000000000    -0.074562762578     0.051799720373
       3       -0.000000000000     0.074562762578     0.051799720373


*** tstop() called on wanukaka at Thu Apr 14 12:37:37 2022
Module time:
	user time   =       3.06 seconds =       0.05 minutes
	system time =       0.15 seconds =       0.00 minutes
	total time  =          0 seconds =       0.00 minutes
Total time:
	user time   =       6.69 seconds =       0.11 minutes
	system time =       0.29 seconds =       0.00 minutes
	total time  =          1 seconds =       0.02 minutes

			-----------------------------------------
			 OPTKING 2.0: for geometry optimizations 
			  - R.A. King,  Bethel University        
			-----------------------------------------

	Internal coordinates to be generated automatically.
	Detected frag 1 with atoms:  1 2 3
	---Fragment 1 Bond Connectivity---
	 1 : 2 3
	 2 : 1
	 3 : 1

	---Fragment 1 Geometry and Gradient---
	 O           0.0000000000        0.0000000000       -0.1350595802
	 H           0.0000000000       -1.6458761924        1.0717467738
	 H           0.0000000000        1.6458761924        1.0717467738
	            -0.0000000000        0.0000000000       -0.1035994407
	             0.0000000000       -0.0745627626        0.0517997204
	            -0.0000000000        0.0745627626        0.0517997204

	Previous optimization step data not found.  Starting new optimization.

	---Fragment 1 Intrafragment Coordinates---
	 - Coordinate -           - BOHR/RAD -       - ANG/DEG -
	 R(1,2)           =         2.040904	       1.080000
	 R(1,3)           =         2.040904	       1.080000
	 B(2,1,3)         =         1.876229	     107.500000

	Current energy   :       -75.9595743404

	Generating empirical Hessian (Schlegel '84) for each fragment.
	Taking RFO optimization step.
	Going to follow RFO solution 1.
	Using RFO vector 1.
	Norm of target step-size    0.32085
	Projected energy change by RFO approximation:        -0.0642440766

	Back-transformation to cartesian coordinates...
	Successfully converged to displaced geometry.

	--- Internal Coordinate Step in ANG or DEG, aJ/ANG or AJ/DEG ---
	 ---------------------------------------------------------------------------
	   Coordinate                Previous        Force       Change         New 
	   ----------                --------       ------       ------       ------
	    1 R(1,2)          =      1.080000    -0.747750    -0.119734     0.960266
	    2 R(1,3)          =      1.080000    -0.747750    -0.119734     0.960266
	    3 B(2,1,3)        =    107.500000    -0.000360    -1.346193   106.153807
	 ---------------------------------------------------------------------------
	Successfully symmetrized geometry.

  ==> Convergence Check <==

  Measures of convergence in internal coordinates in au.
  Criteria marked as inactive (o), active & met (*), and active & unmet ( ).
  --------------------------------------------------------------------------------------------- ~
   Step     Total Energy     Delta E     MAX Force     RMS Force      MAX Disp      RMS Disp    ~
  --------------------------------------------------------------------------------------------- ~
    Convergence Criteria    1.00e-06 *    3.00e-04 *             o    1.20e-03 *             o  ~
  --------------------------------------------------------------------------------------------- ~
      1     -75.95957434   -7.60e+01      9.08e-02      7.42e-02 o    2.26e-01      1.85e-01 o  ~
  ---------------------------------------------------------------------------------------------

	Writing optimization data to binary file.
	Structure for next step:
	Cartesian Geometry (in Angstrom)
	    O     0.0000000000   0.0000000000  -0.0303093354
	    H     0.0000000000  -0.7676776511   0.5465634080
	    H     0.0000000000   0.7676776511   0.5465634080
			--------------------------
			 OPTKING Finished Execution 
			--------------------------

    Structure for next step:
    Molecular point group: c2v
    Full point group: C2v

    Geometry (in Angstrom), charge = 0, multiplicity = 1:

    O       
    H             1    0.960266
    H             1    0.960266      2  106.153807

gradient() will perform analytic gradient computation.

*** tstart() called on wanukaka
*** at Thu Apr 14 12:37:37 2022

   => Loading Basis Set <=

    Name: 6-31G
    Role: ORBITAL
    Keyword: BASIS
    atoms 1   entry O          line   117 file /home/sulstice/software/miniconda2/envs/qmpython2/share/psi4/basis/6-31g.gbs 
    atoms 2-3 entry H          line    26 file /home/sulstice/software/miniconda2/envs/qmpython2/share/psi4/basis/6-31g.gbs 


         ---------------------------------------------------------
                                   SCF
               by Justin Turney, Rob Parrish, Andy Simmonett
                          and Daniel G. A. Smith
                              RHF Reference
                       10 Threads,   7629 MiB Core
         ---------------------------------------------------------

  ==> Geometry <==

    Molecular point group: c2v
    Full point group: C2v

    Geometry (in Angstrom), charge = 0, multiplicity = 1:

       Center              X                  Y                   Z               Mass       
    ------------   -----------------  -----------------  -----------------  -----------------
         O            0.000000000000     0.000000000000    -0.064560640238    15.994914619570
         H            0.000000000000    -0.767677654130     0.512312105457     1.007825032230
         H            0.000000000000     0.767677654130     0.512312105457     1.007825032230

  Running in c2v symmetry.

  Rotational constants: A =     28.29872  B =     14.19135  C =      9.45155 [cm^-1]
  Rotational constants: A = 848374.14274  B = 425445.82308  C = 283350.27329 [MHz]
  Nuclear repulsion =    9.161836464333952

  Charge       = 0
  Multiplicity = 1
  Electrons    = 10
  Nalpha       = 5
  Nbeta        = 5

  ==> Algorithm <==

  SCF Algorithm Type is DF.
  DIIS enabled.
  MOM disabled.
  Fractional occupation disabled.
  Guess Type is READ.
  Energy threshold   = 1.00e-08
  Density threshold  = 1.00e-08
  Integral threshold = 0.00e+00

  ==> Primary Basis <==

  Basis Set: 6-31G
    Blend: 6-31G
    Number of shells: 9
    Number of basis function: 13
    Number of Cartesian functions: 13
    Spherical Harmonics?: false
    Max angular momentum: 1

   => Loading Basis Set <=

    Name: (6-31G AUX)
    Role: JKFIT
    Keyword: DF_BASIS_SCF
    atoms 1   entry O          line   221 file /home/sulstice/software/miniconda2/envs/qmpython2/share/psi4/basis/cc-pvdz-jkfit.gbs 
    atoms 2-3 entry H          line    51 file /home/sulstice/software/miniconda2/envs/qmpython2/share/psi4/basis/cc-pvdz-jkfit.gbs 

   => Loading Basis Set <=

    Name: 6-31G
    Role: ORBITAL
    Keyword: BASIS
    atoms 1   entry O          line   117 file /home/sulstice/software/miniconda2/envs/qmpython2/share/psi4/basis/6-31g.gbs 
    atoms 2-3 entry H          line    26 file /home/sulstice/software/miniconda2/envs/qmpython2/share/psi4/basis/6-31g.gbs 

  Reading orbitals from file 180, no projection.

  ==> Pre-Iterations <==

   -------------------------------------------------------
    Irrep   Nso     Nmo     Nalpha   Nbeta   Ndocc  Nsocc
   -------------------------------------------------------
     A1         7       7       0       0       0       0
     A2         0       0       0       0       0       0
     B1         2       2       0       0       0       0
     B2         4       4       0       0       0       0
   -------------------------------------------------------
    Total      13      13       5       5       5       0
   -------------------------------------------------------

  ==> Integral Setup <==

  DFHelper Memory: AOs need 0.000 GiB; user supplied 5.588 GiB. Using in-core AOs.

  ==> MemDFJK: Density-Fitted J/K Matrices <==

    J tasked:                   Yes
    K tasked:                   Yes
    wK tasked:                   No
    OpenMP threads:              10
    Memory [MiB]:              5722
    Algorithm:                 Core
    Schwarz Cutoff:           1E-12
    Mask sparsity (%):       0.0000
    Fitting Condition:        1E-10

   => Auxiliary Basis Set <=

  Basis Set: (6-31G AUX)
    Blend: CC-PVDZ-JKFIT
    Number of shells: 42
    Number of basis function: 131
    Number of Cartesian functions: 131
    Spherical Harmonics?: false
    Max angular momentum: 3

  Minimum eigenvalue in the overlap matrix is 6.8618526390E-02.
  Using Symmetric Orthogonalization.

  SCF Guess: Orbitals guess was supplied from a previous computation.

  ==> Iterations <==

                           Total Energy        Delta E     RMS |[F,P]|

   @DF-RHF iter   0:   -76.09185289872387   -7.60919e+01   2.92926e-02 
   @DF-RHF iter   1:   -75.98371179052967    1.08141e-01   3.61304e-03 DIIS
   @DF-RHF iter   2:   -75.98437951408127   -6.67724e-04   9.24183e-04 DIIS
   @DF-RHF iter   3:   -75.98445022515000   -7.07111e-05   2.60364e-04 DIIS
   @DF-RHF iter   4:   -75.98445557728533   -5.35214e-06   1.06136e-04 DIIS
   @DF-RHF iter   5:   -75.98445628745873   -7.10173e-07   1.82548e-05 DIIS
   @DF-RHF iter   6:   -75.98445631576112   -2.83024e-08   3.60216e-06 DIIS
   @DF-RHF iter   7:   -75.98445631671059   -9.49470e-10   3.10592e-07 DIIS
   @DF-RHF iter   8:   -75.98445631671822   -7.63123e-12   3.98287e-08 DIIS
   @DF-RHF iter   9:   -75.98445631671837   -1.42109e-13   2.26245e-09 DIIS
  Energy and wave function converged.


  ==> Post-Iterations <==

    Orbital Energies [Eh]
    ---------------------

    Doubly Occupied:                                                      

       1A1   -20.559751     2A1    -1.352908     1B2    -0.711324  
       3A1    -0.556998     1B1    -0.500387  

    Virtual:                                                              

       4A1     0.203460     2B2     0.299348     3B2     1.066084  
       2B1     1.165134     5A1     1.176781     6A1     1.212225  
       4B2     1.380229     7A1     1.690708  

    Final Occupation by Irrep:
             A1    A2    B1    B2 
    DOCC [     3,    0,    1,    1 ]

  @DF-RHF Final Energy:   -75.98445631671837

   => Energetics <=

    Nuclear Repulsion Energy =              9.1618364643339518
    One-Electron Energy =                -122.9298488439057166
    Two-Electron Energy =                  37.7835560628533926
    Total Energy =                        -75.9844563167183651

Computation Completed


Properties will be evaluated at   0.000000,   0.000000,   0.000000 [a0]

Properties computed using the SCF density matrix

  Nuclear Dipole Moment: [e a0]
     X:     0.0000      Y:     0.0000      Z:     0.9602

  Electronic Dipole Moment: [e a0]
     X:     0.0000      Y:     0.0000      Z:     0.0639

  Dipole Moment: [e a0]
     X:     0.0000      Y:     0.0000      Z:     1.0241     Total:     1.0241

  Dipole Moment: [D]
     X:     0.0000      Y:     0.0000      Z:     2.6031     Total:     2.6031


*** tstop() called on wanukaka at Thu Apr 14 12:37:37 2022
Module time:
	user time   =       2.74 seconds =       0.05 minutes
	system time =       0.13 seconds =       0.00 minutes
	total time  =          0 seconds =       0.00 minutes
Total time:
	user time   =       9.53 seconds =       0.16 minutes
	system time =       0.43 seconds =       0.01 minutes
	total time  =          1 seconds =       0.02 minutes

*** tstart() called on wanukaka
*** at Thu Apr 14 12:37:37 2022


         ------------------------------------------------------------
                                   SCF GRAD                          
                          Rob Parrish, Justin Turney,                
                       Andy Simmonett, and Alex Sokolov              
         ------------------------------------------------------------

  ==> Geometry <==

    Molecular point group: c2v
    Full point group: C2v

    Geometry (in Angstrom), charge = 0, multiplicity = 1:

       Center              X                  Y                   Z               Mass       
    ------------   -----------------  -----------------  -----------------  -----------------
         O            0.000000000000     0.000000000000    -0.064560640238    15.994914619570
         H            0.000000000000    -0.767677654130     0.512312105457     1.007825032230
         H            0.000000000000     0.767677654130     0.512312105457     1.007825032230

  Nuclear repulsion =    9.161836464333952

  ==> Basis Set <==

  Basis Set: 6-31G
    Blend: 6-31G
    Number of shells: 9
    Number of basis function: 13
    Number of Cartesian functions: 13
    Spherical Harmonics?: false
    Max angular momentum: 1

  ==> DFJKGrad: Density-Fitted SCF Gradients <==

    Gradient:                    1
    J tasked:                  Yes
    K tasked:                  Yes
    wK tasked:                  No
    OpenMP threads:             10
    Integrals threads:          10
    Memory [MiB]:             5722
    Schwarz Cutoff:          0E+00
    Fitting Condition:       1E-10

   => Auxiliary Basis Set <=

  Basis Set: (6-31G AUX)
    Blend: CC-PVDZ-JKFIT
    Number of shells: 42
    Number of basis function: 131
    Number of Cartesian functions: 131
    Spherical Harmonics?: false
    Max angular momentum: 3


  -Total Gradient:
     Atom            X                  Y                   Z
    ------   -----------------  -----------------  -----------------
       1       -0.000000000000     0.000000000000    -0.023075433997
       2        0.000000000000    -0.000857631242     0.011537716999
       3       -0.000000000000     0.000857631242     0.011537716999


*** tstop() called on wanukaka at Thu Apr 14 12:37:38 2022
Module time:
	user time   =       3.10 seconds =       0.05 minutes
	system time =       0.17 seconds =       0.00 minutes
	total time  =          1 seconds =       0.02 minutes
Total time:
	user time   =      12.64 seconds =       0.21 minutes
	system time =       0.60 seconds =       0.01 minutes
	total time  =          2 seconds =       0.03 minutes

			-----------------------------------------
			 OPTKING 2.0: for geometry optimizations 
			  - R.A. King,  Bethel University        
			-----------------------------------------

	Previous internal coordinate definitions found.
	---Fragment 1 Geometry and Gradient---
	 O           0.0000000000        0.0000000000       -0.1220019285
	 H           0.0000000000       -1.4507005189        0.9681295701
	 H           0.0000000000        1.4507005189        0.9681295701
	            -0.0000000000        0.0000000000       -0.0230754340
	             0.0000000000       -0.0008576312        0.0115377170
	            -0.0000000000        0.0008576312        0.0115377170

	---Fragment 1 Intrafragment Coordinates---
	 - Coordinate -           - BOHR/RAD -       - ANG/DEG -
	 R(1,2)           =         1.814640	       0.960266
	 R(1,3)           =         1.814640	       0.960266
	 B(2,1,3)         =         1.852733	     106.153807

	Current energy   :       -75.9844563167

	Energy change for the previous step:
		Projected    :        -0.0642440766
		Actual       :        -0.0248819763

	Performing BFGS update.
	Previous computed or guess Hessian on step 1.
	Steps to be used in Hessian update: 1
	Taking RFO optimization step.
	Going to follow RFO solution 1.
	Using RFO vector 1.
	Norm of target step-size    0.11361
	Projected energy change by RFO approximation:        -0.0029347392

	Back-transformation to cartesian coordinates...
	Successfully converged to displaced geometry.

	--- Internal Coordinate Step in ANG or DEG, aJ/ANG or AJ/DEG ---
	 ---------------------------------------------------------------------------
	   Coordinate                Previous        Force       Change         New 
	   ----------                --------       ------       ------       ------
	    1 R(1,2)          =      0.960266    -0.062753    -0.016546     0.943721
	    2 R(1,3)          =      0.960266    -0.062753    -0.016546     0.943721
	    3 B(2,1,3)        =    106.153807     0.001202     5.996428   112.150235
	 ---------------------------------------------------------------------------
	Successfully symmetrized geometry.

  ==> Convergence Check <==

  Measures of convergence in internal coordinates in au.
  Criteria marked as inactive (o), active & met (*), and active & unmet ( ).
  ---------------------------------------------------------------------------------------------
   Step     Total Energy     Delta E     MAX Force     RMS Force      MAX Disp      RMS Disp   
  ---------------------------------------------------------------------------------------------
    Convergence Criteria    1.00e-06 *    3.00e-04 *             o    1.20e-03 *             o
  ---------------------------------------------------------------------------------------------
      2     -75.98445632   -2.49e-02      1.58e-02      1.10e-02 o    1.05e-01      6.56e-02 o  ~
  ---------------------------------------------------------------------------------------------

	Writing optimization data to binary file.
	Structure for next step:
	Cartesian Geometry (in Angstrom)
	    O     0.0000000000   0.0000000000  -0.0311092824
	    H     0.0000000000  -0.7830710785   0.4955864247
	    H     0.0000000000   0.7830710785   0.4955864247
			--------------------------
			 OPTKING Finished Execution 
			--------------------------

    Structure for next step:
    Molecular point group: c2v
    Full point group: C2v

    Geometry (in Angstrom), charge = 0, multiplicity = 1:

    O       
    H             1    0.943721
    H             1    0.943721      2  112.150235

gradient() will perform analytic gradient computation.

*** tstart() called on wanukaka
*** at Thu Apr 14 12:37:38 2022

   => Loading Basis Set <=

    Name: 6-31G
    Role: ORBITAL
    Keyword: BASIS
    atoms 1   entry O          line   117 file /home/sulstice/software/miniconda2/envs/qmpython2/share/psi4/basis/6-31g.gbs 
    atoms 2-3 entry H          line    26 file /home/sulstice/software/miniconda2/envs/qmpython2/share/psi4/basis/6-31g.gbs 


         ---------------------------------------------------------
                                   SCF
               by Justin Turney, Rob Parrish, Andy Simmonett
                          and Daniel G. A. Smith
                              RHF Reference
                       10 Threads,   7629 MiB Core
         ---------------------------------------------------------

  ==> Geometry <==

    Molecular point group: c2v
    Full point group: C2v

    Geometry (in Angstrom), charge = 0, multiplicity = 1:

       Center              X                  Y                   Z               Mass       
    ------------   -----------------  -----------------  -----------------  -----------------
         O            0.000000000000     0.000000000000    -0.058945083554    15.994914619570
         H            0.000000000000    -0.783071081563     0.467750625626     1.007825032230
         H            0.000000000000     0.783071081563     0.467750625626     1.007825032230

  Running in c2v symmetry.

  Rotational constants: A =     33.94745  B =     13.63889  C =      9.72980 [cm^-1]
  Rotational constants: A = 1017719.05314  B = 408883.59898  C = 291692.03392 [MHz]
  Nuclear repulsion =    9.309645892660765

  Charge       = 0
  Multiplicity = 1
  Electrons    = 10
  Nalpha       = 5
  Nbeta        = 5

  ==> Algorithm <==

  SCF Algorithm Type is DF.
  DIIS enabled.
  MOM disabled.
  Fractional occupation disabled.
  Guess Type is READ.
  Energy threshold   = 1.00e-08
  Density threshold  = 1.00e-08
  Integral threshold = 0.00e+00

  ==> Primary Basis <==

  Basis Set: 6-31G
    Blend: 6-31G
    Number of shells: 9
    Number of basis function: 13
    Number of Cartesian functions: 13
    Spherical Harmonics?: false
    Max angular momentum: 1

   => Loading Basis Set <=

    Name: (6-31G AUX)
    Role: JKFIT
    Keyword: DF_BASIS_SCF
    atoms 1   entry O          line   221 file /home/sulstice/software/miniconda2/envs/qmpython2/share/psi4/basis/cc-pvdz-jkfit.gbs 
    atoms 2-3 entry H          line    51 file /home/sulstice/software/miniconda2/envs/qmpython2/share/psi4/basis/cc-pvdz-jkfit.gbs 

   => Loading Basis Set <=

    Name: 6-31G
    Role: ORBITAL
    Keyword: BASIS
    atoms 1   entry O          line   117 file /home/sulstice/software/miniconda2/envs/qmpython2/share/psi4/basis/6-31g.gbs 
    atoms 2-3 entry H          line    26 file /home/sulstice/software/miniconda2/envs/qmpython2/share/psi4/basis/6-31g.gbs 

  Reading orbitals from file 180, no projection.

  ==> Pre-Iterations <==

   -------------------------------------------------------
    Irrep   Nso     Nmo     Nalpha   Nbeta   Ndocc  Nsocc
   -------------------------------------------------------
     A1         7       7       0       0       0       0
     A2         0       0       0       0       0       0
     B1         2       2       0       0       0       0
     B2         4       4       0       0       0       0
   -------------------------------------------------------
    Total      13      13       5       5       5       0
   -------------------------------------------------------

  ==> Integral Setup <==

  DFHelper Memory: AOs need 0.000 GiB; user supplied 5.588 GiB. Using in-core AOs.

  ==> MemDFJK: Density-Fitted J/K Matrices <==

    J tasked:                   Yes
    K tasked:                   Yes
    wK tasked:                   No
    OpenMP threads:              10
    Memory [MiB]:              5722
    Algorithm:                 Core
    Schwarz Cutoff:           1E-12
    Mask sparsity (%):       0.0000
    Fitting Condition:        1E-10

   => Auxiliary Basis Set <=

  Basis Set: (6-31G AUX)
    Blend: CC-PVDZ-JKFIT
    Number of shells: 42
    Number of basis function: 131
    Number of Cartesian functions: 131
    Spherical Harmonics?: false
    Max angular momentum: 3

  Minimum eigenvalue in the overlap matrix is 6.7991497083E-02.
  Using Symmetric Orthogonalization.

  SCF Guess: Orbitals guess was supplied from a previous computation.

  ==> Iterations <==

                           Total Energy        Delta E     RMS |[F,P]|

   @DF-RHF iter   0:   -76.00688792230143   -7.60069e+01   5.30503e-03 
   @DF-RHF iter   1:   -75.98519051109025    2.16974e-02   1.03980e-03 DIIS
   @DF-RHF iter   2:   -75.98525548225238   -6.49712e-05   3.62616e-04 DIIS
   @DF-RHF iter   3:   -75.98526711982198   -1.16376e-05   1.95200e-04 DIIS
   @DF-RHF iter   4:   -75.98526913640120   -2.01658e-06   3.82291e-05 DIIS
   @DF-RHF iter   5:   -75.98526930699104   -1.70590e-07   3.63633e-06 DIIS
   @DF-RHF iter   6:   -75.98526930798610   -9.95058e-10   5.80187e-07 DIIS
   @DF-RHF iter   7:   -75.98526930800641   -2.03073e-11   7.14933e-08 DIIS
   @DF-RHF iter   8:   -75.98526930800671   -2.98428e-13   7.95594e-09 DIIS
  Energy and wave function converged.


  ==> Post-Iterations <==

    Orbital Energies [Eh]
    ---------------------

    Doubly Occupied:                                                      

       1A1   -20.551883     2A1    -1.355040     1B2    -0.730897  
       3A1    -0.547951     1B1    -0.498383  

    Virtual:                                                              

       4A1     0.208546     2B2     0.304429     3B2     1.112590  
       5A1     1.165047     2B1     1.167389     6A1     1.203783  
       4B2     1.391538     7A1     1.675139  

    Final Occupation by Irrep:
             A1    A2    B1    B2 
    DOCC [     3,    0,    1,    1 ]

  @DF-RHF Final Energy:   -75.98526930800671

   => Energetics <=

    Nuclear Repulsion Energy =              9.3096458926607646
    One-Electron Energy =                -123.2215206134038112
    Two-Electron Energy =                  37.9266054127363361
    Total Energy =                        -75.9852693080067070

Computation Completed


Properties will be evaluated at   0.000000,   0.000000,   0.000000 [a0]

Properties computed using the SCF density matrix

  Nuclear Dipole Moment: [e a0]
     X:     0.0000      Y:     0.0000      Z:     0.8767

  Electronic Dipole Moment: [e a0]
     X:     0.0000      Y:     0.0000      Z:     0.1015

  Dipole Moment: [e a0]
     X:     0.0000      Y:     0.0000      Z:     0.9782     Total:     0.9782

  Dipole Moment: [D]
     X:     0.0000      Y:     0.0000      Z:     2.4864     Total:     2.4864


*** tstop() called on wanukaka at Thu Apr 14 12:37:38 2022
Module time:
	user time   =       2.84 seconds =       0.05 minutes
	system time =       0.10 seconds =       0.00 minutes
	total time  =          0 seconds =       0.00 minutes
Total time:
	user time   =      15.58 seconds =       0.26 minutes
	system time =       0.70 seconds =       0.01 minutes
	total time  =          2 seconds =       0.03 minutes

*** tstart() called on wanukaka
*** at Thu Apr 14 12:37:38 2022


         ------------------------------------------------------------
                                   SCF GRAD                          
                          Rob Parrish, Justin Turney,                
                       Andy Simmonett, and Alex Sokolov              
         ------------------------------------------------------------

  ==> Geometry <==

    Molecular point group: c2v
    Full point group: C2v

    Geometry (in Angstrom), charge = 0, multiplicity = 1:

       Center              X                  Y                   Z               Mass       
    ------------   -----------------  -----------------  -----------------  -----------------
         O            0.000000000000     0.000000000000    -0.058945083554    15.994914619570
         H            0.000000000000    -0.783071081563     0.467750625626     1.007825032230
         H            0.000000000000     0.783071081563     0.467750625626     1.007825032230

  Nuclear repulsion =    9.309645892660766

  ==> Basis Set <==

  Basis Set: 6-31G
    Blend: 6-31G
    Number of shells: 9
    Number of basis function: 13
    Number of Cartesian functions: 13
    Spherical Harmonics?: false
    Max angular momentum: 1

  ==> DFJKGrad: Density-Fitted SCF Gradients <==

    Gradient:                    1
    J tasked:                  Yes
    K tasked:                  Yes
    wK tasked:                  No
    OpenMP threads:             10
    Integrals threads:          10
    Memory [MiB]:             5722
    Schwarz Cutoff:          0E+00
    Fitting Condition:       1E-10

   => Auxiliary Basis Set <=

  Basis Set: (6-31G AUX)
    Blend: CC-PVDZ-JKFIT
    Number of shells: 42
    Number of basis function: 131
    Number of Cartesian functions: 131
    Spherical Harmonics?: false
    Max angular momentum: 3


  -Total Gradient:
     Atom            X                  Y                   Z
    ------   -----------------  -----------------  -----------------
       1        0.000000000000     0.000000000000     0.007894063667
       2       -0.000000000000     0.004878789456    -0.003947031834
       3        0.000000000000    -0.004878789456    -0.003947031834


*** tstop() called on wanukaka at Thu Apr 14 12:37:38 2022
Module time:
	user time   =       2.68 seconds =       0.04 minutes
	system time =       0.13 seconds =       0.00 minutes
	total time  =          0 seconds =       0.00 minutes
Total time:
	user time   =      18.27 seconds =       0.30 minutes
	system time =       0.83 seconds =       0.01 minutes
	total time  =          2 seconds =       0.03 minutes

			-----------------------------------------
			 OPTKING 2.0: for geometry optimizations 
			  - R.A. King,  Bethel University        
			-----------------------------------------

	Previous internal coordinate definitions found.
	---Fragment 1 Geometry and Gradient---
	 O           0.0000000000        0.0000000000       -0.1113900644
	 H           0.0000000000       -1.4797898809        0.8839205774
	 H           0.0000000000        1.4797898809        0.8839205774
	             0.0000000000        0.0000000000        0.0078940637
	            -0.0000000000        0.0048787895       -0.0039470318
	             0.0000000000       -0.0048787895       -0.0039470318

	---Fragment 1 Intrafragment Coordinates---
	 - Coordinate -           - BOHR/RAD -       - ANG/DEG -
	 R(1,2)           =         1.783374	       0.943721
	 R(1,3)           =         1.783374	       0.943721
	 B(2,1,3)         =         1.957391	     112.150235

	Current energy   :       -75.9852693080

	Energy change for the previous step:
		Projected    :        -0.0029347392
		Actual       :        -0.0008129913

	Performing BFGS update.
	Previous computed or guess Hessian on step 1.
	Steps to be used in Hessian update: 2 1
	Taking RFO optimization step.
	Going to follow RFO solution 1.
	Using RFO vector 1.
	Norm of target step-size    0.02769
	Projected energy change by RFO approximation:        -0.0002394184

	Back-transformation to cartesian coordinates...
	Successfully converged to displaced geometry.

	--- Internal Coordinate Step in ANG or DEG, aJ/ANG or AJ/DEG ---
	 ---------------------------------------------------------------------------
	   Coordinate                Previous        Force       Change         New 
	   ----------                --------       ------       ------       ------
	    1 R(1,2)          =      0.943721     0.051501     0.009127     0.952848
	    2 R(1,3)          =      0.943721     0.051501     0.009127     0.952848
	    3 B(2,1,3)        =    112.150235    -0.000075    -0.750482   111.399753
	 ---------------------------------------------------------------------------
	Successfully symmetrized geometry.

  ==> Convergence Check <==

  Measures of convergence in internal coordinates in au.
  Criteria marked as inactive (o), active & met (*), and active & unmet ( ).
  ---------------------------------------------------------------------------------------------
   Step     Total Energy     Delta E     MAX Force     RMS Force      MAX Disp      RMS Disp   
  ---------------------------------------------------------------------------------------------
    Convergence Criteria    1.00e-06 *    3.00e-04 *             o    1.20e-03 *             o
  ---------------------------------------------------------------------------------------------
      3     -75.98526931   -8.13e-04      6.25e-03      5.14e-03 o    1.72e-02      1.60e-02 o  ~
  ---------------------------------------------------------------------------------------------

	Writing optimization data to binary file.
	Structure for next step:
	Cartesian Geometry (in Angstrom)
	    O     0.0000000000   0.0000000000  -0.0657853665
	    H     0.0000000000  -0.7871446053   0.4711707654
	    H     0.0000000000   0.7871446053   0.4711707654
			--------------------------
			 OPTKING Finished Execution 
			--------------------------

    Structure for next step:
    Molecular point group: c2v
    Full point group: C2v

    Geometry (in Angstrom), charge = 0, multiplicity = 1:

    O       
    H             1    0.952848
    H             1    0.952848      2  111.399753

gradient() will perform analytic gradient computation.

*** tstart() called on wanukaka
*** at Thu Apr 14 12:37:38 2022

   => Loading Basis Set <=

    Name: 6-31G
    Role: ORBITAL
    Keyword: BASIS
    atoms 1   entry O          line   117 file /home/sulstice/software/miniconda2/envs/qmpython2/share/psi4/basis/6-31g.gbs 
    atoms 2-3 entry H          line    26 file /home/sulstice/software/miniconda2/envs/qmpython2/share/psi4/basis/6-31g.gbs 


         ---------------------------------------------------------
                                   SCF
               by Justin Turney, Rob Parrish, Andy Simmonett
                          and Daniel G. A. Smith
                              RHF Reference
                       10 Threads,   7629 MiB Core
         ---------------------------------------------------------

  ==> Geometry <==

    Molecular point group: c2v
    Full point group: C2v

    Geometry (in Angstrom), charge = 0, multiplicity = 1:

       Center              X                  Y                   Z               Mass       
    ------------   -----------------  -----------------  -----------------  -----------------
         O            0.000000000000     0.000000000000    -0.060093377704    15.994914619570
         H            0.000000000000    -0.787144608344     0.476862756350     1.007825032230
         H            0.000000000000     0.787144608344     0.476862756350     1.007825032230

  Running in c2v symmetry.

  Rotational constants: A =     32.66248  B =     13.49809  C =      9.55103 [cm^-1]
  Rotational constants: A = 979196.49396  B = 404662.54866  C = 286332.73815 [MHz]
  Nuclear repulsion =    9.221960609665526

  Charge       = 0
  Multiplicity = 1
  Electrons    = 10
  Nalpha       = 5
  Nbeta        = 5

  ==> Algorithm <==

  SCF Algorithm Type is DF.
  DIIS enabled.
  MOM disabled.
  Fractional occupation disabled.
  Guess Type is READ.
  Energy threshold   = 1.00e-08
  Density threshold  = 1.00e-08
  Integral threshold = 0.00e+00

  ==> Primary Basis <==

  Basis Set: 6-31G
    Blend: 6-31G
    Number of shells: 9
    Number of basis function: 13
    Number of Cartesian functions: 13
    Spherical Harmonics?: false
    Max angular momentum: 1

   => Loading Basis Set <=

    Name: (6-31G AUX)
    Role: JKFIT
    Keyword: DF_BASIS_SCF
    atoms 1   entry O          line   221 file /home/sulstice/software/miniconda2/envs/qmpython2/share/psi4/basis/cc-pvdz-jkfit.gbs 
    atoms 2-3 entry H          line    51 file /home/sulstice/software/miniconda2/envs/qmpython2/share/psi4/basis/cc-pvdz-jkfit.gbs 

   => Loading Basis Set <=

    Name: 6-31G
    Role: ORBITAL
    Keyword: BASIS
    atoms 1   entry O          line   117 file /home/sulstice/software/miniconda2/envs/qmpython2/share/psi4/basis/6-31g.gbs 
    atoms 2-3 entry H          line    26 file /home/sulstice/software/miniconda2/envs/qmpython2/share/psi4/basis/6-31g.gbs 

  Reading orbitals from file 180, no projection.

  ==> Pre-Iterations <==

   -------------------------------------------------------
    Irrep   Nso     Nmo     Nalpha   Nbeta   Ndocc  Nsocc
   -------------------------------------------------------
     A1         7       7       0       0       0       0
     A2         0       0       0       0       0       0
     B1         2       2       0       0       0       0
     B2         4       4       0       0       0       0
   -------------------------------------------------------
    Total      13      13       5       5       5       0
   -------------------------------------------------------

  ==> Integral Setup <==

  DFHelper Memory: AOs need 0.000 GiB; user supplied 5.588 GiB. Using in-core AOs.

  ==> MemDFJK: Density-Fitted J/K Matrices <==

    J tasked:                   Yes
    K tasked:                   Yes
    wK tasked:                   No
    OpenMP threads:              10
    Memory [MiB]:              5722
    Algorithm:                 Core
    Schwarz Cutoff:           1E-12
    Mask sparsity (%):       0.0000
    Fitting Condition:        1E-10

   => Auxiliary Basis Set <=

  Basis Set: (6-31G AUX)
    Blend: CC-PVDZ-JKFIT
    Number of shells: 42
    Number of basis function: 131
    Number of Cartesian functions: 131
    Spherical Harmonics?: false
    Max angular momentum: 3

  Minimum eigenvalue in the overlap matrix is 6.9037767938E-02.
  Using Symmetric Orthogonalization.

  SCF Guess: Orbitals guess was supplied from a previous computation.

  ==> Iterations <==

                           Total Energy        Delta E     RMS |[F,P]|

   @DF-RHF iter   0:   -75.97450261363491   -7.59745e+01   2.46357e-03 
   @DF-RHF iter   1:   -75.98531563536667   -1.08130e-02   3.22175e-04 DIIS
   @DF-RHF iter   2:   -75.98532185088439   -6.21552e-06   1.05598e-04 DIIS
   @DF-RHF iter   3:   -75.98532276248091   -9.11597e-07   3.41187e-05 DIIS
   @DF-RHF iter   4:   -75.98532284271604   -8.02351e-08   1.52731e-05 DIIS
   @DF-RHF iter   5:   -75.98532286088013   -1.81641e-08   1.56168e-06 DIIS
   @DF-RHF iter   6:   -75.98532286107825   -1.98114e-10   2.64773e-07 DIIS
   @DF-RHF iter   7:   -75.98532286108305   -4.80327e-12   2.66050e-08 DIIS
   @DF-RHF iter   8:   -75.98532286108306   -1.42109e-14   3.30818e-09 DIIS
  Energy and wave function converged.


  ==> Post-Iterations <==

    Orbital Energies [Eh]
    ---------------------

    Doubly Occupied:                                                      

       1A1   -20.554209     2A1    -1.350975     1B2    -0.724223  
       3A1    -0.548036     1B1    -0.498156  

    Virtual:                                                              

       4A1     0.206167     2B2     0.302098     3B2     1.103006  
       5A1     1.157908     2B1     1.167177     6A1     1.205230  
       4B2     1.387910     7A1     1.676230  

    Final Occupation by Irrep:
             A1    A2    B1    B2 
    DOCC [     3,    0,    1,    1 ]

  @DF-RHF Final Energy:   -75.98532286108306

   => Energetics <=

    Nuclear Repulsion Energy =              9.2219606096655262
    One-Electron Energy =                -123.0633692437423150
    Two-Electron Energy =                  37.8560857729937297
    Total Energy =                        -75.9853228610830627

Computation Completed


Properties will be evaluated at   0.000000,   0.000000,   0.000000 [a0]

Properties computed using the SCF density matrix

  Nuclear Dipole Moment: [e a0]
     X:     0.0000      Y:     0.0000      Z:     0.8938

  Electronic Dipole Moment: [e a0]
     X:     0.0000      Y:     0.0000      Z:     0.0916

  Dipole Moment: [e a0]
     X:     0.0000      Y:     0.0000      Z:     0.9854     Total:     0.9854

  Dipole Moment: [D]
     X:     0.0000      Y:     0.0000      Z:     2.5047     Total:     2.5047


*** tstop() called on wanukaka at Thu Apr 14 12:37:39 2022
Module time:
	user time   =       2.37 seconds =       0.04 minutes
	system time =       0.12 seconds =       0.00 minutes
	total time  =          1 seconds =       0.02 minutes
Total time:
	user time   =      20.72 seconds =       0.35 minutes
	system time =       0.95 seconds =       0.02 minutes
	total time  =          3 seconds =       0.05 minutes

*** tstart() called on wanukaka
*** at Thu Apr 14 12:37:39 2022


         ------------------------------------------------------------
                                   SCF GRAD                          
                          Rob Parrish, Justin Turney,                
                       Andy Simmonett, and Alex Sokolov              
         ------------------------------------------------------------

  ==> Geometry <==

    Molecular point group: c2v
    Full point group: C2v

    Geometry (in Angstrom), charge = 0, multiplicity = 1:

       Center              X                  Y                   Z               Mass       
    ------------   -----------------  -----------------  -----------------  -----------------
         O            0.000000000000     0.000000000000    -0.060093377704    15.994914619570
         H            0.000000000000    -0.787144608344     0.476862756350     1.007825032230
         H            0.000000000000     0.787144608344     0.476862756350     1.007825032230

  Nuclear repulsion =    9.221960609665526

  ==> Basis Set <==

  Basis Set: 6-31G
    Blend: 6-31G
    Number of shells: 9
    Number of basis function: 13
    Number of Cartesian functions: 13
    Spherical Harmonics?: false
    Max angular momentum: 1

  ==> DFJKGrad: Density-Fitted SCF Gradients <==

    Gradient:                    1
    J tasked:                  Yes
    K tasked:                  Yes
    wK tasked:                  No
    OpenMP threads:             10
    Integrals threads:          10
    Memory [MiB]:             5722
    Schwarz Cutoff:          0E+00
    Fitting Condition:       1E-10

   => Auxiliary Basis Set <=

  Basis Set: (6-31G AUX)
    Blend: CC-PVDZ-JKFIT
    Number of shells: 42
    Number of basis function: 131
    Number of Cartesian functions: 131
    Spherical Harmonics?: false
    Max angular momentum: 3


  -Total Gradient:
     Atom            X                  Y                   Z
    ------   -----------------  -----------------  -----------------
       1       -0.000000000000     0.000000000000    -0.003834368555
       2        0.000000000000    -0.002838510003     0.001917184277
       3       -0.000000000000     0.002838510003     0.001917184277


*** tstop() called on wanukaka at Thu Apr 14 12:37:39 2022
Module time:
	user time   =       2.71 seconds =       0.05 minutes
	system time =       0.10 seconds =       0.00 minutes
	total time  =          0 seconds =       0.00 minutes
Total time:
	user time   =      23.44 seconds =       0.39 minutes
	system time =       1.05 seconds =       0.02 minutes
	total time  =          3 seconds =       0.05 minutes

			-----------------------------------------
			 OPTKING 2.0: for geometry optimizations 
			  - R.A. King,  Bethel University        
			-----------------------------------------

	Previous internal coordinate definitions found.
	---Fragment 1 Geometry and Gradient---
	 O           0.0000000000        0.0000000000       -0.1135600258
	 H           0.0000000000       -1.4874877309        0.9011400089
	 H           0.0000000000        1.4874877309        0.9011400089
	            -0.0000000000        0.0000000000       -0.0038343686
	             0.0000000000       -0.0028385100        0.0019171843
	            -0.0000000000        0.0028385100        0.0019171843

	---Fragment 1 Intrafragment Coordinates---
	 - Coordinate -           - BOHR/RAD -       - ANG/DEG -
	 R(1,2)           =         1.800621	       0.952848
	 R(1,3)           =         1.800621	       0.952848
	 B(2,1,3)         =         1.944292	     111.399753

	Current energy   :       -75.9853228611

	Energy change for the previous step:
		Projected    :        -0.0002394184
		Actual       :        -0.0000535531
	Energy ratio indicates iffy step: Trust radius decreased to 1.250e-01.


	Performing BFGS update.
	Previous computed or guess Hessian on step 1.
	Steps to be used in Hessian update: 3 2
	Taking RFO optimization step.
	Going to follow RFO solution 1.
	Using RFO vector 1.
	Norm of target step-size    0.00916
	Projected energy change by RFO approximation:        -0.0000436294

	Back-transformation to cartesian coordinates...
	Successfully converged to displaced geometry.

	--- Internal Coordinate Step in ANG or DEG, aJ/ANG or AJ/DEG ---
	 ---------------------------------------------------------------------------
	   Coordinate                Previous        Force       Change         New 
	   ----------                --------       ------       ------       ------
	    1 R(1,2)          =      0.952848    -0.028220    -0.003284     0.949564
	    2 R(1,3)          =      0.952848    -0.028220    -0.003284     0.949564
	    3 B(2,1,3)        =    111.399753    -0.000002     0.149820   111.549573
	 ---------------------------------------------------------------------------
	Successfully symmetrized geometry.

  ==> Convergence Check <==

  Measures of convergence in internal coordinates in au.
  Criteria marked as inactive (o), active & met (*), and active & unmet ( ).
  ---------------------------------------------------------------------------------------------
   Step     Total Energy     Delta E     MAX Force     RMS Force      MAX Disp      RMS Disp   
  ---------------------------------------------------------------------------------------------
    Convergence Criteria    1.00e-06 *    3.00e-04 *             o    1.20e-03 *             o
  ---------------------------------------------------------------------------------------------
      4     -75.98532286   -5.36e-05      3.43e-03      2.80e-03 o    6.21e-03      5.29e-03 o  ~
  ---------------------------------------------------------------------------------------------

	Writing optimization data to binary file.
	Structure for next step:
	Cartesian Geometry (in Angstrom)
	    O     0.0000000000   0.0000000000  -0.0581757049
	    H     0.0000000000  -0.7851308760   0.4759039182
	    H     0.0000000000   0.7851308760   0.4759039182
			--------------------------
			 OPTKING Finished Execution 
			--------------------------

    Structure for next step:
    Molecular point group: c2v
    Full point group: C2v

    Geometry (in Angstrom), charge = 0, multiplicity = 1:

    O       
    H             1    0.949564
    H             1    0.949564      2  111.549573

gradient() will perform analytic gradient computation.

*** tstart() called on wanukaka
*** at Thu Apr 14 12:37:39 2022

   => Loading Basis Set <=

    Name: 6-31G
    Role: ORBITAL
    Keyword: BASIS
    atoms 1   entry O          line   117 file /home/sulstice/software/miniconda2/envs/qmpython2/share/psi4/basis/6-31g.gbs 
    atoms 2-3 entry H          line    26 file /home/sulstice/software/miniconda2/envs/qmpython2/share/psi4/basis/6-31g.gbs 


         ---------------------------------------------------------
                                   SCF
               by Justin Turney, Rob Parrish, Andy Simmonett
                          and Daniel G. A. Smith
                              RHF Reference
                       10 Threads,   7629 MiB Core
         ---------------------------------------------------------

  ==> Geometry <==

    Molecular point group: c2v
    Full point group: C2v

    Geometry (in Angstrom), charge = 0, multiplicity = 1:

       Center              X                  Y                   Z               Mass       
    ------------   -----------------  -----------------  -----------------  -----------------
         O            0.000000000000     0.000000000000    -0.059771453586    15.994914619570
         H            0.000000000000    -0.785130879057     0.474308171668     1.007825032230
         H            0.000000000000     0.785130879057     0.474308171668     1.007825032230

  Running in c2v symmetry.

  Rotational constants: A =     33.01526  B =     13.56742  C =      9.61585 [cm^-1]
  Rotational constants: A = 989772.64166  B = 406740.99409  C = 288275.81621 [MHz]
  Nuclear repulsion =    9.253551094347747

  Charge       = 0
  Multiplicity = 1
  Electrons    = 10
  Nalpha       = 5
  Nbeta        = 5

  ==> Algorithm <==

  SCF Algorithm Type is DF.
  DIIS enabled.
  MOM disabled.
  Fractional occupation disabled.
  Guess Type is READ.
  Energy threshold   = 1.00e-08
  Density threshold  = 1.00e-08
  Integral threshold = 0.00e+00

  ==> Primary Basis <==

  Basis Set: 6-31G
    Blend: 6-31G
    Number of shells: 9
    Number of basis function: 13
    Number of Cartesian functions: 13
    Spherical Harmonics?: false
    Max angular momentum: 1

   => Loading Basis Set <=

    Name: (6-31G AUX)
    Role: JKFIT
    Keyword: DF_BASIS_SCF
    atoms 1   entry O          line   221 file /home/sulstice/software/miniconda2/envs/qmpython2/share/psi4/basis/cc-pvdz-jkfit.gbs 
    atoms 2-3 entry H          line    51 file /home/sulstice/software/miniconda2/envs/qmpython2/share/psi4/basis/cc-pvdz-jkfit.gbs 

   => Loading Basis Set <=

    Name: 6-31G
    Role: ORBITAL
    Keyword: BASIS
    atoms 1   entry O          line   117 file /home/sulstice/software/miniconda2/envs/qmpython2/share/psi4/basis/6-31g.gbs 
    atoms 2-3 entry H          line    26 file /home/sulstice/software/miniconda2/envs/qmpython2/share/psi4/basis/6-31g.gbs 

  Reading orbitals from file 180, no projection.

  ==> Pre-Iterations <==

   -------------------------------------------------------
    Irrep   Nso     Nmo     Nalpha   Nbeta   Ndocc  Nsocc
   -------------------------------------------------------
     A1         7       7       0       0       0       0
     A2         0       0       0       0       0       0
     B1         2       2       0       0       0       0
     B2         4       4       0       0       0       0
   -------------------------------------------------------
    Total      13      13       5       5       5       0
   -------------------------------------------------------

  ==> Integral Setup <==

  DFHelper Memory: AOs need 0.000 GiB; user supplied 5.588 GiB. Using in-core AOs.

  ==> MemDFJK: Density-Fitted J/K Matrices <==

    J tasked:                   Yes
    K tasked:                   Yes
    wK tasked:                   No
    OpenMP threads:              10
    Memory [MiB]:              5722
    Algorithm:                 Core
    Schwarz Cutoff:           1E-12
    Mask sparsity (%):       0.0000
    Fitting Condition:        1E-10

   => Auxiliary Basis Set <=

  Basis Set: (6-31G AUX)
    Blend: CC-PVDZ-JKFIT
    Number of shells: 42
    Number of basis function: 131
    Number of Cartesian functions: 131
    Spherical Harmonics?: false
    Max angular momentum: 3

  Minimum eigenvalue in the overlap matrix is 6.8625552053E-02.
  Using Symmetric Orthogonalization.

  SCF Guess: Orbitals guess was supplied from a previous computation.

  ==> Iterations <==

                           Total Energy        Delta E     RMS |[F,P]|

   @DF-RHF iter   0:   -75.98911204066340   -7.59891e+01   8.79783e-04 
   @DF-RHF iter   1:   -75.98534297656786    3.76906e-03   1.09721e-04 DIIS
   @DF-RHF iter   2:   -75.98534366041952   -6.83852e-07   3.52573e-05 DIIS
   @DF-RHF iter   3:   -75.98534374904897   -8.86294e-08   1.29792e-05 DIIS
   @DF-RHF iter   4:   -75.98534375900071   -9.95175e-09   4.95592e-06 DIIS
   @DF-RHF iter   5:   -75.98534376113717   -2.13646e-09   5.19924e-07 DIIS
   @DF-RHF iter   6:   -75.98534376116010   -2.29221e-11   9.41236e-08 DIIS
   @DF-RHF iter   7:   -75.98534376116078   -6.82121e-13   8.75145e-09 DIIS
  Energy and wave function converged.


  ==> Post-Iterations <==

    Orbital Energies [Eh]
    ---------------------

    Doubly Occupied:                                                      

       1A1   -20.553466     2A1    -1.352561     1B2    -0.726421  
       3A1    -0.548233     1B1    -0.498295  

    Virtual:                                                              

       4A1     0.207008     2B2     0.302933     3B2     1.105587  
       5A1     1.161340     2B1     1.167208     6A1     1.204690  
       4B2     1.389050     7A1     1.676121  

    Final Occupation by Irrep:
             A1    A2    B1    B2 
    DOCC [     3,    0,    1,    1 ]

  @DF-RHF Final Energy:   -75.98534376116078

   => Energetics <=

    Nuclear Repulsion Energy =              9.2535510943477473
    One-Electron Energy =                -123.1198392140682074
    Two-Electron Energy =                  37.8809443585596881
    Total Energy =                        -75.9853437611607774

Computation Completed


Properties will be evaluated at   0.000000,   0.000000,   0.000000 [a0]

Properties computed using the SCF density matrix

  Nuclear Dipole Moment: [e a0]
     X:     0.0000      Y:     0.0000      Z:     0.8890

  Electronic Dipole Moment: [e a0]
     X:     0.0000      Y:     0.0000      Z:     0.0947

  Dipole Moment: [e a0]
     X:     0.0000      Y:     0.0000      Z:     0.9838     Total:     0.9838

  Dipole Moment: [D]
     X:     0.0000      Y:     0.0000      Z:     2.5005     Total:     2.5005


*** tstop() called on wanukaka at Thu Apr 14 12:37:39 2022
Module time:
	user time   =       2.37 seconds =       0.04 minutes
	system time =       0.12 seconds =       0.00 minutes
	total time  =          0 seconds =       0.00 minutes
Total time:
	user time   =      25.89 seconds =       0.43 minutes
	system time =       1.18 seconds =       0.02 minutes
	total time  =          3 seconds =       0.05 minutes

*** tstart() called on wanukaka
*** at Thu Apr 14 12:37:39 2022


         ------------------------------------------------------------
                                   SCF GRAD                          
                          Rob Parrish, Justin Turney,                
                       Andy Simmonett, and Alex Sokolov              
         ------------------------------------------------------------

  ==> Geometry <==

    Molecular point group: c2v
    Full point group: C2v

    Geometry (in Angstrom), charge = 0, multiplicity = 1:

       Center              X                  Y                   Z               Mass       
    ------------   -----------------  -----------------  -----------------  -----------------
         O            0.000000000000     0.000000000000    -0.059771453586    15.994914619570
         H            0.000000000000    -0.785130879057     0.474308171668     1.007825032230
         H            0.000000000000     0.785130879057     0.474308171668     1.007825032230

  Nuclear repulsion =    9.253551094347747

  ==> Basis Set <==

  Basis Set: 6-31G
    Blend: 6-31G
    Number of shells: 9
    Number of basis function: 13
    Number of Cartesian functions: 13
    Spherical Harmonics?: false
    Max angular momentum: 1

  ==> DFJKGrad: Density-Fitted SCF Gradients <==

    Gradient:                    1
    J tasked:                  Yes
    K tasked:                  Yes
    wK tasked:                  No
    OpenMP threads:             10
    Integrals threads:          10
    Memory [MiB]:             5722
    Schwarz Cutoff:          0E+00
    Fitting Condition:       1E-10

   => Auxiliary Basis Set <=

  Basis Set: (6-31G AUX)
    Blend: CC-PVDZ-JKFIT
    Number of shells: 42
    Number of basis function: 131
    Number of Cartesian functions: 131
    Spherical Harmonics?: false
    Max angular momentum: 3


  -Total Gradient:
     Atom            X                  Y                   Z
    ------   -----------------  -----------------  -----------------
       1       -0.000000000000     0.000000000000     0.000078520665
       2       -0.000000000000     0.000049691164    -0.000039260332
       3        0.000000000000    -0.000049691164    -0.000039260332


*** tstop() called on wanukaka at Thu Apr 14 12:37:39 2022
Module time:
	user time   =       2.65 seconds =       0.04 minutes
	system time =       0.16 seconds =       0.00 minutes
	total time  =          0 seconds =       0.00 minutes
Total time:
	user time   =      28.55 seconds =       0.48 minutes
	system time =       1.34 seconds =       0.02 minutes
	total time  =          3 seconds =       0.05 minutes

			-----------------------------------------
			 OPTKING 2.0: for geometry optimizations 
			  - R.A. King,  Bethel University        
			-----------------------------------------

	Previous internal coordinate definitions found.
	---Fragment 1 Geometry and Gradient---
	 O           0.0000000000        0.0000000000       -0.1129516774
	 H           0.0000000000       -1.4836823341        0.8963125435
	 H           0.0000000000        1.4836823341        0.8963125435
	            -0.0000000000        0.0000000000        0.0000785207
	            -0.0000000000        0.0000496912       -0.0000392603
	             0.0000000000       -0.0000496912       -0.0000392603

	---Fragment 1 Intrafragment Coordinates---
	 - Coordinate -           - BOHR/RAD -       - ANG/DEG -
	 R(1,2)           =         1.794416	       0.949564
	 R(1,3)           =         1.794416	       0.949564
	 B(2,1,3)         =         1.946907	     111.549573

	Current energy   :       -75.9853437612

	Energy change for the previous step:
		Projected    :        -0.0000436294
		Actual       :        -0.0000209001

	Performing BFGS update.
	Previous computed or guess Hessian on step 1.
	Steps to be used in Hessian update: 4 3
	Taking RFO optimization step.
	Going to follow RFO solution 1.
	Using RFO vector 1.
	Norm of target step-size    0.00019
	Projected energy change by RFO approximation:        -0.0000000146

	Back-transformation to cartesian coordinates...
	Successfully converged to displaced geometry.

	--- Internal Coordinate Step in ANG or DEG, aJ/ANG or AJ/DEG ---
	 ---------------------------------------------------------------------------
	   Coordinate                Previous        Force       Change         New 
	   ----------                --------       ------       ------       ------
	    1 R(1,2)          =      0.949564     0.000520     0.000059     0.949623
	    2 R(1,3)          =      0.949564     0.000520     0.000059     0.949623
	    3 B(2,1,3)        =    111.549573    -0.000001    -0.005529   111.544043
	 ---------------------------------------------------------------------------
	Successfully symmetrized geometry.

  ==> Convergence Check <==

  Measures of convergence in internal coordinates in au.
  Criteria marked as inactive (o), active & met (*), and active & unmet ( ).
  ---------------------------------------------------------------------------------------------
   Step     Total Energy     Delta E     MAX Force     RMS Force      MAX Disp      RMS Disp   
  ---------------------------------------------------------------------------------------------
    Convergence Criteria    1.00e-06 *    3.00e-04 *             o    1.20e-03 *             o
  ---------------------------------------------------------------------------------------------
      5     -75.98534376   -2.09e-05      6.32e-05 *    5.18e-05 o    1.12e-04 *    1.07e-04 o  ~
  ---------------------------------------------------------------------------------------------


  **** Optimization is complete! (in 5 steps) ****

  ==> Optimization Summary <==

  Measures of convergence in internal coordinates in au.
  --------------------------------------------------------------------------------------------------------------- ~
   Step         Total Energy             Delta E       MAX Force       RMS Force        MAX Disp        RMS Disp  ~
  --------------------------------------------------------------------------------------------------------------- ~
      1     -75.959574340378    -75.959574340378      0.09076041      0.07415580      0.22626412      0.18524123  ~
      2     -75.984456316718     -0.024881976340      0.01580284      0.01104177      0.10465741      0.06559564  ~
      3     -75.985269308007     -0.000812991288      0.00625113      0.00513560      0.01724739      0.01598450  ~
      4     -75.985322861083     -0.000053553076      0.00342527      0.00279677      0.00620533      0.00528676  ~
      5     -75.985343761161     -0.000020900078      0.00006317      0.00005179      0.00011196      0.00010706  ~
  --------------------------------------------------------------------------------------------------------------- ~

	Writing optimization data to binary file.
	Final energy is    -75.9853437611608
	Final (previous) structure:
	Cartesian Geometry (in Angstrom)
	    O     0.0000000000   0.0000000000  -0.0597714534
	    H     0.0000000000  -0.7851308760   0.4743081698
	    H     0.0000000000   0.7851308760   0.4743081698
	Saving final (previous) structure.
			--------------------------
			 OPTKING Finished Execution 
			--------------------------

    Final optimized geometry and variables:
    Molecular point group: c2v
    Full point group: C2v

    Geometry (in Angstrom), charge = 0, multiplicity = 1:

    O       
    H             1    0.949564
    H             1    0.949564      2  111.549573

	Removing binary optimization data file.
	Cleaning optimization helper files.

*** tstart() called on wanukaka
*** at Thu Apr 14 12:37:39 2022

   => Loading Basis Set <=

    Name: 6-31G
    Role: ORBITAL
    Keyword: BASIS
    atoms 1   entry O          line   117 file /home/sulstice/software/miniconda2/envs/qmpython2/share/psi4/basis/6-31g.gbs 
    atoms 2-3 entry H          line    26 file /home/sulstice/software/miniconda2/envs/qmpython2/share/psi4/basis/6-31g.gbs 


         ---------------------------------------------------------
                                   SCF
               by Justin Turney, Rob Parrish, Andy Simmonett
                          and Daniel G. A. Smith
                              RHF Reference
                       10 Threads,   7629 MiB Core
         ---------------------------------------------------------

  ==> Geometry <==

    Molecular point group: c2v
    Full point group: C2v

    Geometry (in Angstrom), charge = 0, multiplicity = 1:

       Center              X                  Y                   Z               Mass       
    ------------   -----------------  -----------------  -----------------  -----------------
         O            0.000000000000     0.000000000000    -0.059771453586    15.994914619570
         H            0.000000000000    -0.785130879057     0.474308171668     1.007825032230
         H            0.000000000000     0.785130879057     0.474308171668     1.007825032230

  Running in c2v symmetry.

  Rotational constants: A =     33.01526  B =     13.56742  C =      9.61585 [cm^-1]
  Rotational constants: A = 989772.64166  B = 406740.99409  C = 288275.81621 [MHz]
  Nuclear repulsion =    9.253551094347747

  Charge       = 0
  Multiplicity = 1
  Electrons    = 10
  Nalpha       = 5
  Nbeta        = 5

  ==> Algorithm <==

  SCF Algorithm Type is DF.
  DIIS enabled.
  MOM disabled.
  Fractional occupation disabled.
  Guess Type is SAD.
  Energy threshold   = 1.00e-06
  Density threshold  = 1.00e-06
  Integral threshold = 0.00e+00

  ==> Primary Basis <==

  Basis Set: 6-31G
    Blend: 6-31G
    Number of shells: 9
    Number of basis function: 13
    Number of Cartesian functions: 13
    Spherical Harmonics?: false
    Max angular momentum: 1

   => Loading Basis Set <=

    Name: (6-31G AUX)
    Role: JKFIT
    Keyword: DF_BASIS_SCF
    atoms 1   entry O          line   221 file /home/sulstice/software/miniconda2/envs/qmpython2/share/psi4/basis/cc-pvdz-jkfit.gbs 
    atoms 2-3 entry H          line    51 file /home/sulstice/software/miniconda2/envs/qmpython2/share/psi4/basis/cc-pvdz-jkfit.gbs 

  ==> Pre-Iterations <==

   -------------------------------------------------------
    Irrep   Nso     Nmo     Nalpha   Nbeta   Ndocc  Nsocc
   -------------------------------------------------------
     A1         7       7       0       0       0       0
     A2         0       0       0       0       0       0
     B1         2       2       0       0       0       0
     B2         4       4       0       0       0       0
   -------------------------------------------------------
    Total      13      13       5       5       5       0
   -------------------------------------------------------

  ==> Integral Setup <==

  DFHelper Memory: AOs need 0.000 GiB; user supplied 5.588 GiB. Using in-core AOs.

  ==> MemDFJK: Density-Fitted J/K Matrices <==

    J tasked:                   Yes
    K tasked:                   Yes
    wK tasked:                   No
    OpenMP threads:              10
    Memory [MiB]:              5722
    Algorithm:                 Core
    Schwarz Cutoff:           1E-12
    Mask sparsity (%):       0.0000
    Fitting Condition:        1E-10

   => Auxiliary Basis Set <=

  Basis Set: (6-31G AUX)
    Blend: CC-PVDZ-JKFIT
    Number of shells: 42
    Number of basis function: 131
    Number of Cartesian functions: 131
    Spherical Harmonics?: false
    Max angular momentum: 3

  Minimum eigenvalue in the overlap matrix is 6.8625552053E-02.
  Using Symmetric Orthogonalization.

  SCF Guess: Superposition of Atomic Densities via on-the-fly atomic UHF.

  ==> Iterations <==

                           Total Energy        Delta E     RMS |[F,P]|

   @DF-RHF iter SAD:   -75.52847118851986   -7.55285e+01   0.00000e+00 
   @DF-RHF iter   1:   -75.91451068714683   -3.86039e-01   4.84887e-02 DIIS
   @DF-RHF iter   2:   -75.96690389955344   -5.23932e-02   2.76125e-02 DIIS
   @DF-RHF iter   3:   -75.98502242585823   -1.81185e-02   2.28768e-03 DIIS
   @DF-RHF iter   4:   -75.98533231834161   -3.09892e-04   3.98638e-04 DIIS
   @DF-RHF iter   5:   -75.98534333363250   -1.10153e-05   6.39858e-05 DIIS
   @DF-RHF iter   6:   -75.98534374179337   -4.08161e-07   1.33449e-05 DIIS
   @DF-RHF iter   7:   -75.98534376061079   -1.88174e-08   2.38708e-06 DIIS
   @DF-RHF iter   8:   -75.98534376115292   -5.42130e-10   3.67803e-07 DIIS
  Energy and wave function converged.


  ==> Post-Iterations <==

    Orbital Energies [Eh]
    ---------------------

    Doubly Occupied:                                                      

       1A1   -20.553466     2A1    -1.352560     1B2    -0.726421  
       3A1    -0.548233     1B1    -0.498295  

    Virtual:                                                              

       4A1     0.207008     2B2     0.302933     3B2     1.105586  
       5A1     1.161340     2B1     1.167208     6A1     1.204690  
       4B2     1.389050     7A1     1.676121  

    Final Occupation by Irrep:
             A1    A2    B1    B2 
    DOCC [     3,    0,    1,    1 ]

  @DF-RHF Final Energy:   -75.98534376115292

   => Energetics <=

    Nuclear Repulsion Energy =              9.2535510943477473
    One-Electron Energy =                -123.1198343149476244
    Two-Electron Energy =                  37.8809394594469637
    Total Energy =                        -75.9853437611529188

Computation Completed


Properties will be evaluated at   0.000000,   0.000000,   0.000000 [a0]

Properties computed using the SCF density matrix

  Nuclear Dipole Moment: [e a0]
     X:     0.0000      Y:     0.0000      Z:     0.8890

  Electronic Dipole Moment: [e a0]
     X:     0.0000      Y:     0.0000      Z:     0.0947

  Dipole Moment: [e a0]
     X:     0.0000      Y:     0.0000      Z:     0.9838     Total:     0.9838

  Dipole Moment: [D]
     X:     0.0000      Y:     0.0000      Z:     2.5005     Total:     2.5005


*** tstop() called on wanukaka at Thu Apr 14 12:37:40 2022
Module time:
	user time   =       4.70 seconds =       0.08 minutes
	system time =       0.27 seconds =       0.00 minutes
	total time  =          1 seconds =       0.02 minutes
Total time:
	user time   =      33.33 seconds =       0.56 minutes
	system time =       1.61 seconds =       0.03 minutes
	total time  =          4 seconds =       0.07 minutes
hessian() using ref_gradient to assess stationary point.

  Based on options and gradient (rms=3.97E-05), recommend projecting translations and projecting rotations.
hessian() will perform analytic frequency computation.

*** tstart() called on wanukaka
*** at Thu Apr 14 12:37:40 2022

   => Loading Basis Set <=

    Name: 6-31G
    Role: ORBITAL
    Keyword: BASIS
    atoms 1   entry O          line   117 file /home/sulstice/software/miniconda2/envs/qmpython2/share/psi4/basis/6-31g.gbs 
    atoms 2-3 entry H          line    26 file /home/sulstice/software/miniconda2/envs/qmpython2/share/psi4/basis/6-31g.gbs 


         ---------------------------------------------------------
                                   SCF
               by Justin Turney, Rob Parrish, Andy Simmonett
                          and Daniel G. A. Smith
                              RHF Reference
                       10 Threads,   7629 MiB Core
         ---------------------------------------------------------

  ==> Geometry <==

    Molecular point group: c2v
    Full point group: C2v

    Geometry (in Angstrom), charge = 0, multiplicity = 1:

       Center              X                  Y                   Z               Mass       
    ------------   -----------------  -----------------  -----------------  -----------------
         O            0.000000000000     0.000000000000    -0.059771453586    15.994914619570
         H            0.000000000000    -0.785130879057     0.474308171668     1.007825032230
         H            0.000000000000     0.785130879057     0.474308171668     1.007825032230

  Running in c2v symmetry.

  Rotational constants: A =     33.01526  B =     13.56742  C =      9.61585 [cm^-1]
  Rotational constants: A = 989772.64166  B = 406740.99409  C = 288275.81621 [MHz]
  Nuclear repulsion =    9.253551094347747

  Charge       = 0
  Multiplicity = 1
  Electrons    = 10
  Nalpha       = 5
  Nbeta        = 5

  ==> Algorithm <==

  SCF Algorithm Type is DF.
  DIIS enabled.
  MOM disabled.
  Fractional occupation disabled.
  Guess Type is SAD.
  Energy threshold   = 1.00e-08
  Density threshold  = 1.00e-08
  Integral threshold = 0.00e+00

  ==> Primary Basis <==

  Basis Set: 6-31G
    Blend: 6-31G
    Number of shells: 9
    Number of basis function: 13
    Number of Cartesian functions: 13
    Spherical Harmonics?: false
    Max angular momentum: 1

   => Loading Basis Set <=

    Name: (6-31G AUX)
    Role: JKFIT
    Keyword: DF_BASIS_SCF
    atoms 1   entry O          line   221 file /home/sulstice/software/miniconda2/envs/qmpython2/share/psi4/basis/cc-pvdz-jkfit.gbs 
    atoms 2-3 entry H          line    51 file /home/sulstice/software/miniconda2/envs/qmpython2/share/psi4/basis/cc-pvdz-jkfit.gbs 

  ==> Pre-Iterations <==

   -------------------------------------------------------
    Irrep   Nso     Nmo     Nalpha   Nbeta   Ndocc  Nsocc
   -------------------------------------------------------
     A1         7       7       0       0       0       0
     A2         0       0       0       0       0       0
     B1         2       2       0       0       0       0
     B2         4       4       0       0       0       0
   -------------------------------------------------------
    Total      13      13       5       5       5       0
   -------------------------------------------------------

  ==> Integral Setup <==

  DFHelper Memory: AOs need 0.000 GiB; user supplied 5.588 GiB. Using in-core AOs.

  ==> MemDFJK: Density-Fitted J/K Matrices <==

    J tasked:                   Yes
    K tasked:                   Yes
    wK tasked:                   No
    OpenMP threads:              10
    Memory [MiB]:              5722
    Algorithm:                 Core
    Schwarz Cutoff:           1E-12
    Mask sparsity (%):       0.0000
    Fitting Condition:        1E-10

   => Auxiliary Basis Set <=

  Basis Set: (6-31G AUX)
    Blend: CC-PVDZ-JKFIT
    Number of shells: 42
    Number of basis function: 131
    Number of Cartesian functions: 131
    Spherical Harmonics?: false
    Max angular momentum: 3

  Minimum eigenvalue in the overlap matrix is 6.8625552053E-02.
  Using Symmetric Orthogonalization.

  SCF Guess: Superposition of Atomic Densities via on-the-fly atomic UHF.

  ==> Iterations <==

                           Total Energy        Delta E     RMS |[F,P]|

   @DF-RHF iter SAD:   -75.52847118851984   -7.55285e+01   0.00000e+00 
   @DF-RHF iter   1:   -75.91451068714679   -3.86039e-01   4.84887e-02 DIIS
   @DF-RHF iter   2:   -75.96690389955343   -5.23932e-02   2.76125e-02 DIIS
   @DF-RHF iter   3:   -75.98502242585819   -1.81185e-02   2.28768e-03 DIIS
   @DF-RHF iter   4:   -75.98533231834172   -3.09892e-04   3.98638e-04 DIIS
   @DF-RHF iter   5:   -75.98534333363253   -1.10153e-05   6.39858e-05 DIIS
   @DF-RHF iter   6:   -75.98534374179337   -4.08161e-07   1.33449e-05 DIIS
   @DF-RHF iter   7:   -75.98534376061077   -1.88174e-08   2.38708e-06 DIIS
   @DF-RHF iter   8:   -75.98534376115290   -5.42130e-10   3.67803e-07 DIIS
   @DF-RHF iter   9:   -75.98534376116065   -7.74492e-12   3.69050e-08 DIIS
   @DF-RHF iter  10:   -75.98534376116065    0.00000e+00   3.80900e-09 DIIS
  Energy and wave function converged.


  ==> Post-Iterations <==

    Orbital Energies [Eh]
    ---------------------

    Doubly Occupied:                                                      

       1A1   -20.553466     2A1    -1.352561     1B2    -0.726421  
       3A1    -0.548233     1B1    -0.498295  

    Virtual:                                                              

       4A1     0.207008     2B2     0.302933     3B2     1.105587  
       5A1     1.161340     2B1     1.167208     6A1     1.204690  
       4B2     1.389050     7A1     1.676121  

    Final Occupation by Irrep:
             A1    A2    B1    B2 
    DOCC [     3,    0,    1,    1 ]

  @DF-RHF Final Energy:   -75.98534376116065

   => Energetics <=

    Nuclear Repulsion Energy =              9.2535510943477473
    One-Electron Energy =                -123.1198391800331677
    Two-Electron Energy =                  37.8809443245247692
    Total Energy =                        -75.9853437611606637

Computation Completed


Properties will be evaluated at   0.000000,   0.000000,   0.000000 [a0]

Properties computed using the SCF density matrix

  Nuclear Dipole Moment: [e a0]
     X:     0.0000      Y:     0.0000      Z:     0.8890

  Electronic Dipole Moment: [e a0]
     X:     0.0000      Y:     0.0000      Z:     0.0947

  Dipole Moment: [e a0]
     X:     0.0000      Y:     0.0000      Z:     0.9838     Total:     0.9838

  Dipole Moment: [D]
     X:     0.0000      Y:     0.0000      Z:     2.5005     Total:     2.5005


*** tstop() called on wanukaka at Thu Apr 14 12:37:40 2022
Module time:
	user time   =       5.06 seconds =       0.08 minutes
	system time =       0.22 seconds =       0.00 minutes
	total time  =          0 seconds =       0.00 minutes
Total time:
	user time   =      38.46 seconds =       0.64 minutes
	system time =       1.84 seconds =       0.03 minutes
	total time  =          4 seconds =       0.07 minutes

*** tstart() called on wanukaka
*** at Thu Apr 14 12:37:40 2022


         ------------------------------------------------------------
                                   SCF HESS                          
                          Rob Parrish, Justin Turney,                
                       Andy Simmonett, and Alex Sokolov              
         ------------------------------------------------------------

  ==> Geometry <==

    Molecular point group: c2v
    Full point group: C2v

    Geometry (in Angstrom), charge = 0, multiplicity = 1:

       Center              X                  Y                   Z               Mass       
    ------------   -----------------  -----------------  -----------------  -----------------
         O            0.000000000000     0.000000000000    -0.059771453586    15.994914619570
         H            0.000000000000    -0.785130879057     0.474308171668     1.007825032230
         H            0.000000000000     0.785130879057     0.474308171668     1.007825032230

  Nuclear repulsion =    9.253551094347747

  ==> Basis Set <==

  Basis Set: 6-31G
    Blend: 6-31G
    Number of shells: 9
    Number of basis function: 13
    Number of Cartesian functions: 13
    Spherical Harmonics?: false
    Max angular momentum: 1

  ==> DFJKGrad: Density-Fitted SCF Gradients <==

    Gradient:                    2
    J tasked:                  Yes
    K tasked:                  Yes
    wK tasked:                  No
    OpenMP threads:             10
    Integrals threads:          10
    Memory [MiB]:             5722
    Schwarz Cutoff:          0E+00
    Fitting Condition:       1E-10

   => Auxiliary Basis Set <=

  Basis Set: (6-31G AUX)
    Blend: CC-PVDZ-JKFIT
    Number of shells: 42
    Number of basis function: 131
    Number of Cartesian functions: 131
    Spherical Harmonics?: false
    Max angular momentum: 3

  DFHelper Memory: AOs need 0.000 GiB; user supplied 6.706 GiB. Using in-core AOs.

  ==> MemDFJK: Density-Fitted J/K Matrices <==

    J tasked:                   Yes
    K tasked:                   Yes
    wK tasked:                   No
    OpenMP threads:              10
    Memory [MiB]:              6866
    Algorithm:                 Core
    Schwarz Cutoff:           1E-12
    Mask sparsity (%):       0.0000
    Fitting Condition:        1E-10

   => Auxiliary Basis Set <=

  Basis Set: (6-31G AUX)
    Blend: CC-PVDZ-JKFIT
    Number of shells: 42
    Number of basis function: 131
    Number of Cartesian functions: 131
    Spherical Harmonics?: false
    Max angular momentum: 3


         ------------------------------------------------------------
                                     CPHF                           
                                  Rob Parrish                       
         ------------------------------------------------------------

  ==> Geometry <==

    Molecular point group: c2v
    Full point group: C2v

    Geometry (in Angstrom), charge = 0, multiplicity = 1:

       Center              X                  Y                   Z               Mass       
    ------------   -----------------  -----------------  -----------------  -----------------
         O            0.000000000000     0.000000000000    -0.059771453586    15.994914619570
         H            0.000000000000    -0.785130879057     0.474308171668     1.007825032230
         H            0.000000000000     0.785130879057     0.474308171668     1.007825032230

  Nuclear repulsion =    9.253551094347747
  Reference energy  =  -75.985343761160649

  ==> Basis Set <==

  Basis Set: 6-31G
    Blend: 6-31G
    Number of shells: 9
    Number of basis function: 13
    Number of Cartesian functions: 13
    Spherical Harmonics?: false
    Max angular momentum: 1

  ==> CGRSolver (by Rob Parrish) <==

   Number of roots    =         9
   Preconditioning    =    JACOBI
   Convergence cutoff =     1E-06
   Maximum iterations =       100

  ==> CPHFRHamiltonian (by Rob Parrish) <== 

  ==> MemDFJK: Density-Fitted J/K Matrices <==

    J tasked:                   Yes
    K tasked:                   Yes
    wK tasked:                   No
    OpenMP threads:              10
    Memory [MiB]:              6866
    Algorithm:                 Core
    Schwarz Cutoff:           1E-12
    Mask sparsity (%):       0.0000
    Fitting Condition:        1E-10

   => Auxiliary Basis Set <=

  Basis Set: (6-31G AUX)
    Blend: CC-PVDZ-JKFIT
    Number of shells: 42
    Number of basis function: 131
    Number of Cartesian functions: 131
    Spherical Harmonics?: false
    Max angular momentum: 3

  ==> CPHF Iterations <==

  => Iterations <=

             Iter  Converged  Remaining    Residual
  CGR           1          0          9   1.403E-01
  CGR           2          0          9   2.363E-02
  CGR           3          0          9   3.418E-03
  CGR           4          0          9   4.701E-04
  CGR           5          0          9   7.676E-05
  CGR           6          2          7   1.390E-05
  CGR           7          5          4   2.376E-06
  CGR           8          9          0   4.516E-07

    CGRSolver converged.


*** tstop() called on wanukaka at Thu Apr 14 12:37:42 2022
Module time:
	user time   =      10.43 seconds =       0.17 minutes
	system time =       0.32 seconds =       0.01 minutes
	total time  =          2 seconds =       0.03 minutes
Total time:
	user time   =      48.91 seconds =       0.82 minutes
	system time =       2.16 seconds =       0.04 minutes
	total time  =          6 seconds =       0.10 minutes


  ==> Harmonic Vibrational Analysis <==

  non-mass-weighted Hessian:       Symmetric? True   Hermitian? True   Lin Dep Dim?  0 (0)
  projection of translations (True) and rotations (True) removed 6 degrees of freedom (6)
  total projector:                 Symmetric? True   Hermitian? True   Lin Dep Dim?  6 (6)
  mass-weighted Hessian:           Symmetric? True   Hermitian? True   Lin Dep Dim?  0 (0)
  pre-proj  low-frequency mode:    0.0000i [cm^-1]
  pre-proj  low-frequency mode:    0.0000i [cm^-1]
  pre-proj  low-frequency mode:    0.0000i [cm^-1]
  pre-proj  low-frequency mode:    0.0000i [cm^-1]
  pre-proj  low-frequency mode:    0.0000i [cm^-1]
  pre-proj  low-frequency mode:    0.0030  [cm^-1]
  pre-proj  all modes:['33.8883i' '30.9329i' '29.6330i' '0.0047i' '0.0007i' '0.0030' '1736.8376'
 '3989.3191' '4146.3120']
  projected mass-weighted Hessian: Symmetric? True   Hermitian? True   Lin Dep Dim?  6 (6)
  post-proj low-frequency mode:    0.0001i [cm^-1] (TR)
  post-proj low-frequency mode:    0.0001i [cm^-1] (TR)
  post-proj low-frequency mode:    0.0000i [cm^-1] (TR)
  post-proj low-frequency mode:    0.0000i [cm^-1] (TR)
  post-proj low-frequency mode:    0.0000i [cm^-1] (TR)
  post-proj low-frequency mode:    0.0000  [cm^-1] (TR)
  post-proj  all modes:['0.0001i' '0.0001i' '0.0000i' '0.0000i' '0.0000i' '0.0000' '1736.8376'
 '3989.3191' '4146.3120']

  Vibration                       7                   8                   9           
  Freq [cm^-1]                1736.8376           3989.3191           4146.3120       
  Irrep                           A1                  A1                  B2          
  Reduced mass [u]              1.0915              1.0370              1.0887        
  Force const [mDyne/A]         1.9400              9.7240             11.0281        
  Turning point v=0 [a0]        0.2520              0.1706              0.1633        
  RMS dev v=0 [a0 u^1/2]        0.1862              0.1228              0.1205        
  IR activ [km/mol]            123.0922             2.9597             54.3615        
  Char temp [K]               2498.9226           5739.7420           5965.6198       
  ----------------------------------------------------------------------------------
      1   O                0.00 -0.00 -0.07   -0.00  0.00  0.04    0.00 -0.07  0.00   
      2   H               -0.00  0.38  0.59   -0.00  0.61 -0.35    0.00  0.58 -0.40   
      3   H                0.00 -0.38  0.59   -0.00 -0.61 -0.35   -0.00  0.58  0.40   

  ==> Thermochemistry Components <==

  Entropy, S
    Electronic S            0.000 [cal/(mol K)]        0.000 [J/(mol K)]       0.00000000 [mEh/K] (multiplicity = 1)
    Translational S        34.608 [cal/(mol K)]      144.801 [J/(mol K)]       0.05515177 [mEh/K] (mol. weight = 18.0106 [u], P = 101325.00 [Pa])
    Rotational S           10.325 [cal/(mol K)]       43.201 [J/(mol K)]       0.01645442 [mEh/K] (symmetry no. = 2)
    Vibrational S           0.004 [cal/(mol K)]        0.018 [J/(mol K)]       0.00000681 [mEh/K]
  Total S                  44.938 [cal/(mol K)]      188.020 [J/(mol K)]       0.07161300 [mEh/K]
  Correction S              0.000 [cal/(mol K)]        0.000 [J/(mol K)]       0.00000000 [mEh/K]

  Constant volume heat capacity, Cv
    Electronic Cv           0.000 [cal/(mol K)]        0.000 [J/(mol K)]       0.00000000 [mEh/K]
    Translational Cv        2.981 [cal/(mol K)]       12.472 [J/(mol K)]       0.00475022 [mEh/K]
    Rotational Cv           2.981 [cal/(mol K)]       12.472 [J/(mol K)]       0.00475022 [mEh/K]
    Vibrational Cv          0.032 [cal/(mol K)]        0.134 [J/(mol K)]       0.00005099 [mEh/K]
  Total Cv                  5.994 [cal/(mol K)]       25.077 [J/(mol K)]       0.00955142 [mEh/K]
  Correction Cv             0.000 [cal/(mol K)]        0.000 [J/(mol K)]       0.00000000 [mEh/K]

  Constant pressure heat capacity, Cp
    Electronic Cp           0.000 [cal/(mol K)]        0.000 [J/(mol K)]       0.00000000 [mEh/K]
    Translational Cp        4.968 [cal/(mol K)]       20.786 [J/(mol K)]       0.00791703 [mEh/K]
    Rotational Cp           2.981 [cal/(mol K)]       12.472 [J/(mol K)]       0.00475022 [mEh/K]
    Vibrational Cp          0.032 [cal/(mol K)]        0.134 [J/(mol K)]       0.00005099 [mEh/K]
  Total Cp                  7.981 [cal/(mol K)]       33.392 [J/(mol K)]       0.01271824 [mEh/K]
  Correction Cp             0.000 [cal/(mol K)]        0.000 [J/(mol K)]       0.00000000 [mEh/K]

  ==> Thermochemistry Energy Analysis <==

  Raw electronic energy, E0
  Total E0, Electronic energy at well bottom at 0 [K]                  -75.98534376 [Eh]

  Zero-point energy, ZPE_vib = Sum_i nu_i / 2
    Electronic ZPE          0.000 [kcal/mol]        0.000 [kJ/mol]       0.00000000 [Eh]
    Translational ZPE       0.000 [kcal/mol]        0.000 [kJ/mol]       0.00000000 [Eh]
    Rotational ZPE          0.000 [kcal/mol]        0.000 [kJ/mol]       0.00000000 [Eh]
    Vibrational ZPE        14.113 [kcal/mol]       59.050 [kJ/mol]       0.02249114 [Eh]        4936.234 [cm^-1]
  Correction ZPE           14.113 [kcal/mol]       59.050 [kJ/mol]       0.02249114 [Eh]        4936.234 [cm^-1]
  Total ZPE, Electronic energy at 0 [K]                                -75.96285262 [Eh]

  Thermal Energy, E (includes ZPE)
    Electronic E            0.000 [kcal/mol]        0.000 [kJ/mol]       0.00000000 [Eh]
    Translational E         0.889 [kcal/mol]        3.718 [kJ/mol]       0.00141628 [Eh]
    Rotational E            0.889 [kcal/mol]        3.718 [kJ/mol]       0.00141628 [Eh]
    Vibrational E          14.115 [kcal/mol]       59.055 [kJ/mol]       0.02249295 [Eh]
  Correction E             15.892 [kcal/mol]       66.492 [kJ/mol]       0.02532551 [Eh]
  Total E, Electronic energy at  298.15 [K]                            -75.96001826 [Eh]

  Enthalpy, H_trans = E_trans + k_B * T
    Electronic H            0.000 [kcal/mol]        0.000 [kJ/mol]       0.00000000 [Eh]
    Translational H         1.481 [kcal/mol]        6.197 [kJ/mol]       0.00236046 [Eh]
    Rotational H            0.889 [kcal/mol]        3.718 [kJ/mol]       0.00141628 [Eh]
    Vibrational H          14.115 [kcal/mol]       59.055 [kJ/mol]       0.02249295 [Eh]
  Correction H             16.484 [kcal/mol]       68.971 [kJ/mol]       0.02626969 [Eh]
  Total H, Enthalpy at  298.15 [K]                                     -75.95907407 [Eh]

  Gibbs free energy, G = H - T * S
    Electronic G            0.000 [kcal/mol]        0.000 [kJ/mol]       0.00000000 [Eh]
    Translational G        -8.837 [kcal/mol]      -36.975 [kJ/mol]      -0.01408304 [Eh]
    Rotational G           -2.190 [kcal/mol]       -9.162 [kJ/mol]      -0.00348961 [Eh]
    Vibrational G          14.113 [kcal/mol]       59.050 [kJ/mol]       0.02249092 [Eh]
  Correction G              3.086 [kcal/mol]       12.913 [kJ/mol]       0.00491828 [Eh]
  Total G, Free enthalpy at  298.15 [K]                                -75.98042549 [Eh]
