gradient() will perform analytic gradient computation.

*** tstart() called on wanukaka
*** at Thu Apr 14 12:38:00 2022

   => Loading Basis Set <=

    Name: 6-311++G(D,P)
    Role: ORBITAL
    Keyword: BASIS
    atoms 1   entry O          line   161 file /home/sulstice/software/miniconda2/envs/qmpython2/share/psi4/basis/6-311ppg_d_p_.gbs 
    atoms 2-3 entry H          line    42 file /home/sulstice/software/miniconda2/envs/qmpython2/share/psi4/basis/6-311ppg_d_p_.gbs 


         ---------------------------------------------------------
                                   SCF
               by Justin Turney, Rob Parrish, Andy Simmonett
                          and Daniel G. A. Smith
                              RHF Reference
                       10 Threads,   7629 MiB Core
         ---------------------------------------------------------

  ==> Geometry <==

    Molecular point group: c2v
    Full point group: C2v

    Geometry (in Angstrom), charge = 0, multiplicity = 1:

       Center              X                  Y                   Z               Mass       
    ------------   -----------------  -----------------  -----------------  -----------------
         O            0.000000000000     0.000000000000    -0.071470451920    15.994914619570
         H            0.000000000000    -0.870960172609     0.567143968312     1.007825032230
         H            0.000000000000     0.870960172609     0.567143968312     1.007825032230

  Running in c2v symmetry.

  Rotational constants: A =     23.09135  B =     11.02516  C =      7.46225 [cm^-1]
  Rotational constants: A = 692261.25286  B = 330525.88032  C = 223712.49363 [MHz]
  Nuclear repulsion =    8.143451937679213

  Charge       = 0
  Multiplicity = 1
  Electrons    = 10
  Nalpha       = 5
  Nbeta        = 5

  ==> Algorithm <==

  SCF Algorithm Type is DF.
  DIIS enabled.
  MOM disabled.
  Fractional occupation disabled.
  Guess Type is SAD.
  Energy threshold   = 1.00e-08
  Density threshold  = 1.00e-08
  Integral threshold = 0.00e+00

  ==> Primary Basis <==

  Basis Set: 6-311++G(D,P)
    Blend: 6-311++G(D,P)
    Number of shells: 20
    Number of basis function: 36
    Number of Cartesian functions: 37
    Spherical Harmonics?: true
    Max angular momentum: 2

   => Loading Basis Set <=

    Name: (6-311++G(D,P) AUX)
    Role: JKFIT
    Keyword: DF_BASIS_SCF
    atoms 1   entry O          line   286 file /home/sulstice/software/miniconda2/envs/qmpython2/share/psi4/basis/aug-cc-pvtz-jkfit.gbs 
    atoms 2-3 entry H          line    70 file /home/sulstice/software/miniconda2/envs/qmpython2/share/psi4/basis/aug-cc-pvtz-jkfit.gbs 

  ==> Pre-Iterations <==

   -------------------------------------------------------
    Irrep   Nso     Nmo     Nalpha   Nbeta   Ndocc  Nsocc
   -------------------------------------------------------
     A1        17      17       0       0       0       0
     A2         2       2       0       0       0       0
     B1         6       6       0       0       0       0
     B2        11      11       0       0       0       0
   -------------------------------------------------------
    Total      36      36       5       5       5       0
   -------------------------------------------------------

  ==> Integral Setup <==

  DFHelper Memory: AOs need 0.003 GiB; user supplied 5.588 GiB. Using in-core AOs.

  ==> MemDFJK: Density-Fitted J/K Matrices <==

    J tasked:                   Yes
    K tasked:                   Yes
    wK tasked:                   No
    OpenMP threads:              10
    Memory [MiB]:              5722
    Algorithm:                 Core
    Schwarz Cutoff:           1E-12
    Mask sparsity (%):       0.0000
    Fitting Condition:        1E-10

   => Auxiliary Basis Set <=

  Basis Set: (6-311++G(D,P) AUX)
    Blend: AUG-CC-PVTZ-JKFIT
    Number of shells: 58
    Number of basis function: 196
    Number of Cartesian functions: 241
    Spherical Harmonics?: true
    Max angular momentum: 4

  Minimum eigenvalue in the overlap matrix is 5.9258376199E-03.
  Using Symmetric Orthogonalization.

  SCF Guess: Superposition of Atomic Densities via on-the-fly atomic UHF.

  ==> Iterations <==

                           Total Energy        Delta E     RMS |[F,P]|

   @DF-RHF iter SAD:   -75.32201591414287   -7.53220e+01   0.00000e+00 
   @DF-RHF iter   1:   -75.92681462649743   -6.04799e-01   2.20818e-02 DIIS
   @DF-RHF iter   2:   -75.97852002620142   -5.17054e-02   1.67204e-02 DIIS
   @DF-RHF iter   3:   -76.02044598909063   -4.19260e-02   1.22558e-03 DIIS
   @DF-RHF iter   4:   -76.02106871361323   -6.22725e-04   3.50610e-04 DIIS
   @DF-RHF iter   5:   -76.02112773146175   -5.90178e-05   7.53570e-05 DIIS
   @DF-RHF iter   6:   -76.02113190351565   -4.17205e-06   1.69321e-05 DIIS
   @DF-RHF iter   7:   -76.02113212690901   -2.23393e-07   2.60773e-06 DIIS
   @DF-RHF iter   8:   -76.02113213152082   -4.61181e-09   6.61899e-07 DIIS
   @DF-RHF iter   9:   -76.02113213183644   -3.15623e-10   1.82258e-07 DIIS
   @DF-RHF iter  10:   -76.02113213185486   -1.84173e-11   2.11882e-08 DIIS
   @DF-RHF iter  11:   -76.02113213185510   -2.41585e-13   3.69874e-09 DIIS
  Energy and wave function converged.


  ==> Post-Iterations <==

    Orbital Energies [Eh]
    ---------------------

    Doubly Occupied:                                                      

       1A1   -20.585023     2A1    -1.299478     1B2    -0.663485  
       3A1    -0.555652     1B1    -0.501131  

    Virtual:                                                              

       4A1     0.039253     2B2     0.070071     5A1     0.214800  
       3B2     0.238656     2B1     0.247175     6A1     0.247454  
       4B2     0.317114     7A1     0.329878     5B2     0.624647  
       8A1     0.650036     9A1     1.216911     3B1     1.243043  
       6B2     1.253798     1A2     1.477464    10A1     1.531924  
      11A1     1.679530     4B1     1.702331     7B2     1.798620  
       8B2     2.128847    12A1     2.244436    13A1     2.775445  
       9B2     2.883233     5B1     3.373937     2A2     3.431957  
      14A1     3.536254    15A1     4.020502    10B2     4.186740  
       6B1     5.483887    16A1     5.713056    11B2     5.916064  
      17A1    51.483184  

    Final Occupation by Irrep:
             A1    A2    B1    B2 
    DOCC [     3,    0,    1,    1 ]

  @DF-RHF Final Energy:   -76.02113213185510

   => Energetics <=

    Nuclear Repulsion Energy =              8.1434519376792132
    One-Electron Energy =                -121.1196298091890071
    Two-Electron Energy =                  36.9550457396546932
    Total Energy =                        -76.0211321318550972

Computation Completed


Properties will be evaluated at   0.000000,   0.000000,   0.000000 [a0]

Properties computed using the SCF density matrix

  Nuclear Dipole Moment: [e a0]
     X:     0.0000      Y:     0.0000      Z:     1.0630

  Electronic Dipole Moment: [e a0]
     X:     0.0000      Y:     0.0000      Z:    -0.1579

  Dipole Moment: [e a0]
     X:     0.0000      Y:     0.0000      Z:     0.9051     Total:     0.9051

  Dipole Moment: [D]
     X:     0.0000      Y:     0.0000      Z:     2.3006     Total:     2.3006


*** tstop() called on wanukaka at Thu Apr 14 12:38:01 2022
Module time:
	user time   =       5.01 seconds =       0.08 minutes
	system time =       0.25 seconds =       0.00 minutes
	total time  =          1 seconds =       0.02 minutes
Total time:
	user time   =     229.78 seconds =       3.83 minutes
	system time =       8.87 seconds =       0.15 minutes
	total time  =         25 seconds =       0.42 minutes

*** tstart() called on wanukaka
*** at Thu Apr 14 12:38:01 2022


         ------------------------------------------------------------
                                   SCF GRAD                          
                          Rob Parrish, Justin Turney,                
                       Andy Simmonett, and Alex Sokolov              
         ------------------------------------------------------------

  ==> Geometry <==

    Molecular point group: c2v
    Full point group: C2v

    Geometry (in Angstrom), charge = 0, multiplicity = 1:

       Center              X                  Y                   Z               Mass       
    ------------   -----------------  -----------------  -----------------  -----------------
         O            0.000000000000     0.000000000000    -0.071470451920    15.994914619570
         H            0.000000000000    -0.870960172609     0.567143968312     1.007825032230
         H            0.000000000000     0.870960172609     0.567143968312     1.007825032230

  Nuclear repulsion =    8.143451937679213

  ==> Basis Set <==

  Basis Set: 6-311++G(D,P)
    Blend: 6-311++G(D,P)
    Number of shells: 20
    Number of basis function: 36
    Number of Cartesian functions: 37
    Spherical Harmonics?: true
    Max angular momentum: 2

  ==> DFJKGrad: Density-Fitted SCF Gradients <==

    Gradient:                    1
    J tasked:                  Yes
    K tasked:                  Yes
    wK tasked:                  No
    OpenMP threads:             10
    Integrals threads:          10
    Memory [MiB]:             5722
    Schwarz Cutoff:          0E+00
    Fitting Condition:       1E-10

   => Auxiliary Basis Set <=

  Basis Set: (6-311++G(D,P) AUX)
    Blend: AUG-CC-PVTZ-JKFIT
    Number of shells: 58
    Number of basis function: 196
    Number of Cartesian functions: 241
    Spherical Harmonics?: true
    Max angular momentum: 4


  -Total Gradient:
     Atom            X                  Y                   Z
    ------   -----------------  -----------------  -----------------
       1        0.000000000000     0.000000000000    -0.112478383170
       2        0.000000000000    -0.088997046846     0.056239191585
       3       -0.000000000000     0.088997046846     0.056239191585


*** tstop() called on wanukaka at Thu Apr 14 12:38:01 2022
Module time:
	user time   =       4.17 seconds =       0.07 minutes
	system time =       0.18 seconds =       0.00 minutes
	total time  =          0 seconds =       0.00 minutes
Total time:
	user time   =     233.96 seconds =       3.90 minutes
	system time =       9.05 seconds =       0.15 minutes
	total time  =         25 seconds =       0.42 minutes

			-----------------------------------------
			 OPTKING 2.0: for geometry optimizations 
			  - R.A. King,  Bethel University        
			-----------------------------------------

	Internal coordinates to be generated automatically.
	Detected frag 1 with atoms:  1 2 3
	---Fragment 1 Bond Connectivity---
	 1 : 2 3
	 2 : 1
	 3 : 1

	---Fragment 1 Geometry and Gradient---
	 O           0.0000000000        0.0000000000       -0.1350595802
	 H           0.0000000000       -1.6458761924        1.0717467738
	 H           0.0000000000        1.6458761924        1.0717467738
	             0.0000000000        0.0000000000       -0.1124783832
	             0.0000000000       -0.0889970468        0.0562391916
	            -0.0000000000        0.0889970468        0.0562391916

	Previous optimization step data not found.  Starting new optimization.

	---Fragment 1 Intrafragment Coordinates---
	 - Coordinate -           - BOHR/RAD -       - ANG/DEG -
	 R(1,2)           =         2.040904	       1.080000
	 R(1,3)           =         2.040904	       1.080000
	 B(2,1,3)         =         1.876229	     107.500000

	Current energy   :       -76.0211321319

	Generating empirical Hessian (Schlegel '84) for each fragment.
	Taking RFO optimization step.
	Going to follow RFO solution 1.
	Using RFO vector 1.
	Norm of target step-size    0.36519
	Projected energy change by RFO approximation:        -0.0734964402

	Back-transformation to cartesian coordinates...
	Successfully converged to displaced geometry.

	--- Internal Coordinate Step in ANG or DEG, aJ/ANG or AJ/DEG ---
	 ---------------------------------------------------------------------------
	   Coordinate                Previous        Force       Change         New 
	   ----------                --------       ------       ------       ------
	    1 R(1,2)          =      1.080000    -0.865280    -0.134171     0.945829
	    2 R(1,3)          =      1.080000    -0.865280    -0.134171     0.945829
	    3 B(2,1,3)        =    107.500000    -0.001129    -3.967783   103.532217
	 ---------------------------------------------------------------------------
	Successfully symmetrized geometry.

  ==> Convergence Check <==

  Measures of convergence in internal coordinates in au.
  Criteria marked as inactive (o), active & met (*), and active & unmet ( ).
  --------------------------------------------------------------------------------------------- ~
   Step     Total Energy     Delta E     MAX Force     RMS Force      MAX Disp      RMS Disp    ~
  --------------------------------------------------------------------------------------------- ~
    Convergence Criteria    1.00e-06 *    3.00e-04 *             o    1.20e-03 *             o  ~
  --------------------------------------------------------------------------------------------- ~
      1     -76.02113213   -7.60e+01      1.05e-01      8.62e-02 o    2.54e-01      2.11e-01 o  ~
  ---------------------------------------------------------------------------------------------

	Writing optimization data to binary file.
	Structure for next step:
	Cartesian Geometry (in Angstrom)
	    O     0.0000000000   0.0000000000  -0.0359597415
	    H     0.0000000000  -0.7429403693   0.5493886110
	    H     0.0000000000   0.7429403693   0.5493886110
			--------------------------
			 OPTKING Finished Execution 
			--------------------------

    Structure for next step:
    Molecular point group: c2v
    Full point group: C2v

    Geometry (in Angstrom), charge = 0, multiplicity = 1:

    O       
    H             1    0.945829
    H             1    0.945829      2  103.532217

gradient() will perform analytic gradient computation.

*** tstart() called on wanukaka
*** at Thu Apr 14 12:38:01 2022

   => Loading Basis Set <=

    Name: 6-311++G(D,P)
    Role: ORBITAL
    Keyword: BASIS
    atoms 1   entry O          line   161 file /home/sulstice/software/miniconda2/envs/qmpython2/share/psi4/basis/6-311ppg_d_p_.gbs 
    atoms 2-3 entry H          line    42 file /home/sulstice/software/miniconda2/envs/qmpython2/share/psi4/basis/6-311ppg_d_p_.gbs 


         ---------------------------------------------------------
                                   SCF
               by Justin Turney, Rob Parrish, Andy Simmonett
                          and Daniel G. A. Smith
                              RHF Reference
                       10 Threads,   7629 MiB Core
         ---------------------------------------------------------

  ==> Geometry <==

    Molecular point group: c2v
    Full point group: C2v

    Geometry (in Angstrom), charge = 0, multiplicity = 1:

       Center              X                  Y                   Z               Mass       
    ------------   -----------------  -----------------  -----------------  -----------------
         O            0.000000000000     0.000000000000    -0.065509186962    15.994914619570
         H            0.000000000000    -0.742940372234     0.519839167883     1.007825032230
         H            0.000000000000     0.742940372234     0.519839167883     1.007825032230

  Running in c2v symmetry.

  Rotational constants: A =     27.48514  B =     15.15212  C =      9.76747 [cm^-1]
  Rotational constants: A = 823983.77793  B = 454249.17211  C = 292821.38983 [MHz]
  Nuclear repulsion =    9.307895313690493

  Charge       = 0
  Multiplicity = 1
  Electrons    = 10
  Nalpha       = 5
  Nbeta        = 5

  ==> Algorithm <==

  SCF Algorithm Type is DF.
  DIIS enabled.
  MOM disabled.
  Fractional occupation disabled.
  Guess Type is READ.
  Energy threshold   = 1.00e-08
  Density threshold  = 1.00e-08
  Integral threshold = 0.00e+00

  ==> Primary Basis <==

  Basis Set: 6-311++G(D,P)
    Blend: 6-311++G(D,P)
    Number of shells: 20
    Number of basis function: 36
    Number of Cartesian functions: 37
    Spherical Harmonics?: true
    Max angular momentum: 2

   => Loading Basis Set <=

    Name: (6-311++G(D,P) AUX)
    Role: JKFIT
    Keyword: DF_BASIS_SCF
    atoms 1   entry O          line   286 file /home/sulstice/software/miniconda2/envs/qmpython2/share/psi4/basis/aug-cc-pvtz-jkfit.gbs 
    atoms 2-3 entry H          line    70 file /home/sulstice/software/miniconda2/envs/qmpython2/share/psi4/basis/aug-cc-pvtz-jkfit.gbs 

   => Loading Basis Set <=

    Name: 6-311++G(D,P)
    Role: ORBITAL
    Keyword: BASIS
    atoms 1   entry O          line   161 file /home/sulstice/software/miniconda2/envs/qmpython2/share/psi4/basis/6-311ppg_d_p_.gbs 
    atoms 2-3 entry H          line    42 file /home/sulstice/software/miniconda2/envs/qmpython2/share/psi4/basis/6-311ppg_d_p_.gbs 

  Reading orbitals from file 180, no projection.

  ==> Pre-Iterations <==

   -------------------------------------------------------
    Irrep   Nso     Nmo     Nalpha   Nbeta   Ndocc  Nsocc
   -------------------------------------------------------
     A1        17      17       0       0       0       0
     A2         2       2       0       0       0       0
     B1         6       6       0       0       0       0
     B2        11      11       0       0       0       0
   -------------------------------------------------------
    Total      36      36       5       5       5       0
   -------------------------------------------------------

  ==> Integral Setup <==

  DFHelper Memory: AOs need 0.003 GiB; user supplied 5.588 GiB. Using in-core AOs.

  ==> MemDFJK: Density-Fitted J/K Matrices <==

    J tasked:                   Yes
    K tasked:                   Yes
    wK tasked:                   No
    OpenMP threads:              10
    Memory [MiB]:              5722
    Algorithm:                 Core
    Schwarz Cutoff:           1E-12
    Mask sparsity (%):       0.0000
    Fitting Condition:        1E-10

   => Auxiliary Basis Set <=

  Basis Set: (6-311++G(D,P) AUX)
    Blend: AUG-CC-PVTZ-JKFIT
    Number of shells: 58
    Number of basis function: 196
    Number of Cartesian functions: 241
    Spherical Harmonics?: true
    Max angular momentum: 4

  Minimum eigenvalue in the overlap matrix is 3.2309651734E-03.
  Using Symmetric Orthogonalization.

  SCF Guess: Orbitals guess was supplied from a previous computation.

  ==> Iterations <==

                           Total Energy        Delta E     RMS |[F,P]|

   @DF-RHF iter   0:   -76.21500546636864   -7.62150e+01   1.74030e-02 
   @DF-RHF iter   1:   -76.05144262126967    1.63563e-01   2.77759e-03 DIIS
   @DF-RHF iter   2:   -76.05287183915931   -1.42922e-03   1.51463e-03 DIIS
   @DF-RHF iter   3:   -76.05318046019785   -3.08621e-04   2.49230e-04 DIIS
   @DF-RHF iter   4:   -76.05320242907671   -2.19689e-05   7.69579e-05 DIIS
   @DF-RHF iter   5:   -76.05320557420613   -3.14513e-06   1.83585e-05 DIIS
   @DF-RHF iter   6:   -76.05320580345793   -2.29252e-07   3.48749e-06 DIIS
   @DF-RHF iter   7:   -76.05320581086150   -7.40357e-09   3.85862e-07 DIIS
   @DF-RHF iter   8:   -76.05320581093552   -7.40243e-11   7.79286e-08 DIIS
   @DF-RHF iter   9:   -76.05320581093845   -2.92744e-12   8.18361e-09 DIIS
  Energy and wave function converged.


  ==> Post-Iterations <==

    Orbital Energies [Eh]
    ---------------------

    Doubly Occupied:                                                      

       1A1   -20.564963     2A1    -1.362277     1B2    -0.724886  
       3A1    -0.588329     1B1    -0.511343  

    Virtual:                                                              

       4A1     0.043289     2B2     0.072472     5A1     0.241073  
       2B1     0.245279     6A1     0.252195     3B2     0.261578  
       4B2     0.319367     7A1     0.323331     5B2     0.688401  
       8A1     0.748838     9A1     1.197351     3B1     1.243783  
       6B2     1.247140    10A1     1.450615     1A2     1.511718  
      11A1     1.602842     4B1     1.711509     7B2     1.953780  
       8B2     2.320318    12A1     2.483848    13A1     2.700667  
       9B2     2.873953     5B1     3.500769     2A2     3.544825  
      14A1     3.730628    15A1     4.089110    10B2     4.354238  
       6B1     5.491029    16A1     5.900989    11B2     6.230131  
      17A1    51.582873  

    Final Occupation by Irrep:
             A1    A2    B1    B2 
    DOCC [     3,    0,    1,    1 ]

  @DF-RHF Final Energy:   -76.05320581093845

   => Energetics <=

    Nuclear Repulsion Energy =              9.3078953136904925
    One-Electron Energy =                -123.2186056038958384
    Two-Electron Energy =                  37.8575044792669004
    Total Energy =                        -76.0532058109384366

Computation Completed


Properties will be evaluated at   0.000000,   0.000000,   0.000000 [a0]

Properties computed using the SCF density matrix

  Nuclear Dipole Moment: [e a0]
     X:     0.0000      Y:     0.0000      Z:     0.9744

  Electronic Dipole Moment: [e a0]
     X:     0.0000      Y:     0.0000      Z:    -0.0924

  Dipole Moment: [e a0]
     X:     0.0000      Y:     0.0000      Z:     0.8819     Total:     0.8819

  Dipole Moment: [D]
     X:     0.0000      Y:     0.0000      Z:     2.2416     Total:     2.2416


*** tstop() called on wanukaka at Thu Apr 14 12:38:02 2022
Module time:
	user time   =       2.70 seconds =       0.05 minutes
	system time =       0.18 seconds =       0.00 minutes
	total time  =          1 seconds =       0.02 minutes
Total time:
	user time   =     236.74 seconds =       3.95 minutes
	system time =       9.23 seconds =       0.15 minutes
	total time  =         26 seconds =       0.43 minutes

*** tstart() called on wanukaka
*** at Thu Apr 14 12:38:02 2022


         ------------------------------------------------------------
                                   SCF GRAD                          
                          Rob Parrish, Justin Turney,                
                       Andy Simmonett, and Alex Sokolov              
         ------------------------------------------------------------

  ==> Geometry <==

    Molecular point group: c2v
    Full point group: C2v

    Geometry (in Angstrom), charge = 0, multiplicity = 1:

       Center              X                  Y                   Z               Mass       
    ------------   -----------------  -----------------  -----------------  -----------------
         O            0.000000000000     0.000000000000    -0.065509186962    15.994914619570
         H            0.000000000000    -0.742940372234     0.519839167883     1.007825032230
         H            0.000000000000     0.742940372234     0.519839167883     1.007825032230

  Nuclear repulsion =    9.307895313690491

  ==> Basis Set <==

  Basis Set: 6-311++G(D,P)
    Blend: 6-311++G(D,P)
    Number of shells: 20
    Number of basis function: 36
    Number of Cartesian functions: 37
    Spherical Harmonics?: true
    Max angular momentum: 2

  ==> DFJKGrad: Density-Fitted SCF Gradients <==

    Gradient:                    1
    J tasked:                  Yes
    K tasked:                  Yes
    wK tasked:                  No
    OpenMP threads:             10
    Integrals threads:          10
    Memory [MiB]:             5722
    Schwarz Cutoff:          0E+00
    Fitting Condition:       1E-10

   => Auxiliary Basis Set <=

  Basis Set: (6-311++G(D,P) AUX)
    Blend: AUG-CC-PVTZ-JKFIT
    Number of shells: 58
    Number of basis function: 196
    Number of Cartesian functions: 241
    Spherical Harmonics?: true
    Max angular momentum: 4


  -Total Gradient:
     Atom            X                  Y                   Z
    ------   -----------------  -----------------  -----------------
       1        0.000000000000     0.000000000000    -0.011706622299
       2        0.000000000000    -0.000548050751     0.005853311149
       3       -0.000000000000     0.000548050751     0.005853311149


*** tstop() called on wanukaka at Thu Apr 14 12:38:02 2022
Module time:
	user time   =       4.14 seconds =       0.07 minutes
	system time =       0.20 seconds =       0.00 minutes
	total time  =          0 seconds =       0.00 minutes
Total time:
	user time   =     240.90 seconds =       4.01 minutes
	system time =       9.43 seconds =       0.16 minutes
	total time  =         26 seconds =       0.43 minutes

			-----------------------------------------
			 OPTKING 2.0: for geometry optimizations 
			  - R.A. King,  Bethel University        
			-----------------------------------------

	Previous internal coordinate definitions found.
	---Fragment 1 Geometry and Gradient---
	 O           0.0000000000        0.0000000000       -0.1237944221
	 H           0.0000000000       -1.4039538311        0.9823536566
	 H           0.0000000000        1.4039538311        0.9823536566
	             0.0000000000        0.0000000000       -0.0117066223
	             0.0000000000       -0.0005480508        0.0058533111
	            -0.0000000000        0.0005480508        0.0058533111

	---Fragment 1 Intrafragment Coordinates---
	 - Coordinate -           - BOHR/RAD -       - ANG/DEG -
	 R(1,2)           =         1.787358	       0.945829
	 R(1,3)           =         1.787358	       0.945829
	 B(2,1,3)         =         1.806978	     103.532217

	Current energy   :       -76.0532058109

	Energy change for the previous step:
		Projected    :        -0.0734964402
		Actual       :        -0.0320736791

	Performing BFGS update.
	Previous computed or guess Hessian on step 1.
	Steps to be used in Hessian update: 1
	Taking RFO optimization step.
	Going to follow RFO solution 1.
	Using RFO vector 1.
	Norm of target step-size    0.05214
	Projected energy change by RFO approximation:        -0.0005170144

	Back-transformation to cartesian coordinates...
	Successfully converged to displaced geometry.

	--- Internal Coordinate Step in ANG or DEG, aJ/ANG or AJ/DEG ---
	 ---------------------------------------------------------------------------
	   Coordinate                Previous        Force       Change         New 
	   ----------                --------       ------       ------       ------
	    1 R(1,2)          =      0.945829    -0.033391    -0.006871     0.938958
	    2 R(1,3)          =      0.945829    -0.033391    -0.006871     0.938958
	    3 B(2,1,3)        =    103.532217     0.000579     2.795717   106.327933
	 ---------------------------------------------------------------------------
	Successfully symmetrized geometry.

  ==> Convergence Check <==

  Measures of convergence in internal coordinates in au.
  Criteria marked as inactive (o), active & met (*), and active & unmet ( ).
  ---------------------------------------------------------------------------------------------
   Step     Total Energy     Delta E     MAX Force     RMS Force      MAX Disp      RMS Disp   
  ---------------------------------------------------------------------------------------------
    Convergence Criteria    1.00e-06 *    3.00e-04 *             o    1.20e-03 *             o
  ---------------------------------------------------------------------------------------------
      2     -76.05320581   -3.21e-02      7.61e-03      5.50e-03 o    4.88e-02      3.01e-02 o  ~
  ---------------------------------------------------------------------------------------------

	Writing optimization data to binary file.
	Structure for next step:
	Cartesian Geometry (in Angstrom)
	    O     0.0000000000   0.0000000000  -0.0505642955
	    H     0.0000000000  -0.7514996319   0.5123667202
	    H     0.0000000000   0.7514996319   0.5123667202
			--------------------------
			 OPTKING Finished Execution 
			--------------------------

    Structure for next step:
    Molecular point group: c2v
    Full point group: C2v

    Geometry (in Angstrom), charge = 0, multiplicity = 1:

    O       
    H             1    0.938958
    H             1    0.938958      2  106.327933

gradient() will perform analytic gradient computation.

*** tstart() called on wanukaka
*** at Thu Apr 14 12:38:02 2022

   => Loading Basis Set <=

    Name: 6-311++G(D,P)
    Role: ORBITAL
    Keyword: BASIS
    atoms 1   entry O          line   161 file /home/sulstice/software/miniconda2/envs/qmpython2/share/psi4/basis/6-311ppg_d_p_.gbs 
    atoms 2-3 entry H          line    42 file /home/sulstice/software/miniconda2/envs/qmpython2/share/psi4/basis/6-311ppg_d_p_.gbs 


         ---------------------------------------------------------
                                   SCF
               by Justin Turney, Rob Parrish, Andy Simmonett
                          and Daniel G. A. Smith
                              RHF Reference
                       10 Threads,   7629 MiB Core
         ---------------------------------------------------------

  ==> Geometry <==

    Molecular point group: c2v
    Full point group: C2v

    Geometry (in Angstrom), charge = 0, multiplicity = 1:

       Center              X                  Y                   Z               Mass       
    ------------   -----------------  -----------------  -----------------  -----------------
         O            0.000000000000     0.000000000000    -0.063000353547    15.994914619570
         H            0.000000000000    -0.751499634880     0.499930664433     1.007825032230
         H            0.000000000000     0.751499634880     0.499930664433     1.007825032230

  Running in c2v symmetry.

  Rotational constants: A =     29.71778  B =     14.80893  C =      9.88370 [cm^-1]
  Rotational constants: A = 890916.71528  B = 443960.68696  C = 296305.86021 [MHz]
  Nuclear repulsion =    9.369343589137120

  Charge       = 0
  Multiplicity = 1
  Electrons    = 10
  Nalpha       = 5
  Nbeta        = 5

  ==> Algorithm <==

  SCF Algorithm Type is DF.
  DIIS enabled.
  MOM disabled.
  Fractional occupation disabled.
  Guess Type is READ.
  Energy threshold   = 1.00e-08
  Density threshold  = 1.00e-08
  Integral threshold = 0.00e+00

  ==> Primary Basis <==

  Basis Set: 6-311++G(D,P)
    Blend: 6-311++G(D,P)
    Number of shells: 20
    Number of basis function: 36
    Number of Cartesian functions: 37
    Spherical Harmonics?: true
    Max angular momentum: 2

   => Loading Basis Set <=

    Name: (6-311++G(D,P) AUX)
    Role: JKFIT
    Keyword: DF_BASIS_SCF
    atoms 1   entry O          line   286 file /home/sulstice/software/miniconda2/envs/qmpython2/share/psi4/basis/aug-cc-pvtz-jkfit.gbs 
    atoms 2-3 entry H          line    70 file /home/sulstice/software/miniconda2/envs/qmpython2/share/psi4/basis/aug-cc-pvtz-jkfit.gbs 

   => Loading Basis Set <=

    Name: 6-311++G(D,P)
    Role: ORBITAL
    Keyword: BASIS
    atoms 1   entry O          line   161 file /home/sulstice/software/miniconda2/envs/qmpython2/share/psi4/basis/6-311ppg_d_p_.gbs 
    atoms 2-3 entry H          line    42 file /home/sulstice/software/miniconda2/envs/qmpython2/share/psi4/basis/6-311ppg_d_p_.gbs 

  Reading orbitals from file 180, no projection.

  ==> Pre-Iterations <==

   -------------------------------------------------------
    Irrep   Nso     Nmo     Nalpha   Nbeta   Ndocc  Nsocc
   -------------------------------------------------------
     A1        17      17       0       0       0       0
     A2         2       2       0       0       0       0
     B1         6       6       0       0       0       0
     B2        11      11       0       0       0       0
   -------------------------------------------------------
    Total      36      36       5       5       5       0
   -------------------------------------------------------

  ==> Integral Setup <==

  DFHelper Memory: AOs need 0.003 GiB; user supplied 5.588 GiB. Using in-core AOs.

  ==> MemDFJK: Density-Fitted J/K Matrices <==

    J tasked:                   Yes
    K tasked:                   Yes
    wK tasked:                   No
    OpenMP threads:              10
    Memory [MiB]:              5722
    Algorithm:                 Core
    Schwarz Cutoff:           1E-12
    Mask sparsity (%):       0.0000
    Fitting Condition:        1E-10

   => Auxiliary Basis Set <=

  Basis Set: (6-311++G(D,P) AUX)
    Blend: AUG-CC-PVTZ-JKFIT
    Number of shells: 58
    Number of basis function: 196
    Number of Cartesian functions: 241
    Spherical Harmonics?: true
    Max angular momentum: 4

  Minimum eigenvalue in the overlap matrix is 3.2963638728E-03.
  Using Symmetric Orthogonalization.

  SCF Guess: Orbitals guess was supplied from a previous computation.

  ==> Iterations <==

                           Total Energy        Delta E     RMS |[F,P]|

   @DF-RHF iter   0:   -76.06289590892118   -7.60629e+01   1.43400e-03 
   @DF-RHF iter   1:   -76.05339389667724    9.50201e-03   1.82164e-04 DIIS
   @DF-RHF iter   2:   -76.05340529613935   -1.13995e-05   6.59210e-05 DIIS
   @DF-RHF iter   3:   -76.05340683457342   -1.53843e-06   2.93023e-05 DIIS
   @DF-RHF iter   4:   -76.05340711948759   -2.84914e-07   9.00529e-06 DIIS
   @DF-RHF iter   5:   -76.05340715973070   -4.02431e-08   2.06133e-06 DIIS
   @DF-RHF iter   6:   -76.05340716253571   -2.80501e-09   2.71485e-07 DIIS
   @DF-RHF iter   7:   -76.05340716257751   -4.18083e-11   4.24014e-08 DIIS
   @DF-RHF iter   8:   -76.05340716257842   -9.09495e-13   6.45421e-09 DIIS
  Energy and wave function converged.


  ==> Post-Iterations <==

    Orbital Energies [Eh]
    ---------------------

    Doubly Occupied:                                                      

       1A1   -20.562513     2A1    -1.363866     1B2    -0.734368  
       3A1    -0.584046     1B1    -0.511111  

    Virtual:                                                              

       4A1     0.043798     2B2     0.072347     5A1     0.240526  
       2B1     0.245291     6A1     0.253145     3B2     0.263612  
       4B2     0.318809     7A1     0.321810     5B2     0.698636  
       8A1     0.746009     9A1     1.196700     6B2     1.243433  
       3B1     1.244049    10A1     1.481413     1A2     1.503909  
      11A1     1.607121     4B1     1.729405     7B2     1.939919  
       8B2     2.346339    12A1     2.490359    13A1     2.704710  
       9B2     2.859562     5B1     3.492228     2A2     3.562439  
      14A1     3.735239    15A1     4.115380    10B2     4.347844  
       6B1     5.492611    16A1     5.891223    11B2     6.275045  
      17A1    51.593065  

    Final Occupation by Irrep:
             A1    A2    B1    B2 
    DOCC [     3,    0,    1,    1 ]

  @DF-RHF Final Energy:   -76.05340716257842

   => Energetics <=

    Nuclear Repulsion Energy =              9.3693435891371202
    One-Electron Energy =                -123.3336944001908080
    Two-Electron Energy =                  37.9109436484752678
    Total Energy =                        -76.0534071625784236

Computation Completed


Properties will be evaluated at   0.000000,   0.000000,   0.000000 [a0]

Properties computed using the SCF density matrix

  Nuclear Dipole Moment: [e a0]
     X:     0.0000      Y:     0.0000      Z:     0.9370

  Electronic Dipole Moment: [e a0]
     X:     0.0000      Y:     0.0000      Z:    -0.0747

  Dipole Moment: [e a0]
     X:     0.0000      Y:     0.0000      Z:     0.8623     Total:     0.8623

  Dipole Moment: [D]
     X:     0.0000      Y:     0.0000      Z:     2.1919     Total:     2.1919


*** tstop() called on wanukaka at Thu Apr 14 12:38:02 2022
Module time:
	user time   =       2.73 seconds =       0.05 minutes
	system time =       0.16 seconds =       0.00 minutes
	total time  =          0 seconds =       0.00 minutes
Total time:
	user time   =     243.71 seconds =       4.06 minutes
	system time =       9.60 seconds =       0.16 minutes
	total time  =         26 seconds =       0.43 minutes

*** tstart() called on wanukaka
*** at Thu Apr 14 12:38:02 2022


         ------------------------------------------------------------
                                   SCF GRAD                          
                          Rob Parrish, Justin Turney,                
                       Andy Simmonett, and Alex Sokolov              
         ------------------------------------------------------------

  ==> Geometry <==

    Molecular point group: c2v
    Full point group: C2v

    Geometry (in Angstrom), charge = 0, multiplicity = 1:

       Center              X                  Y                   Z               Mass       
    ------------   -----------------  -----------------  -----------------  -----------------
         O            0.000000000000     0.000000000000    -0.063000353547    15.994914619570
         H            0.000000000000    -0.751499634880     0.499930664433     1.007825032230
         H            0.000000000000     0.751499634880     0.499930664433     1.007825032230

  Nuclear repulsion =    9.369343589137120

  ==> Basis Set <==

  Basis Set: 6-311++G(D,P)
    Blend: 6-311++G(D,P)
    Number of shells: 20
    Number of basis function: 36
    Number of Cartesian functions: 37
    Spherical Harmonics?: true
    Max angular momentum: 2

  ==> DFJKGrad: Density-Fitted SCF Gradients <==

    Gradient:                    1
    J tasked:                  Yes
    K tasked:                  Yes
    wK tasked:                  No
    OpenMP threads:             10
    Integrals threads:          10
    Memory [MiB]:             5722
    Schwarz Cutoff:          0E+00
    Fitting Condition:       1E-10

   => Auxiliary Basis Set <=

  Basis Set: (6-311++G(D,P) AUX)
    Blend: AUG-CC-PVTZ-JKFIT
    Number of shells: 58
    Number of basis function: 196
    Number of Cartesian functions: 241
    Spherical Harmonics?: true
    Max angular momentum: 4


  -Total Gradient:
     Atom            X                  Y                   Z
    ------   -----------------  -----------------  -----------------
       1        0.000000000000     0.000000000000     0.003267889672
       2       -0.000000000000     0.002107471815    -0.001633944836
       3        0.000000000000    -0.002107471815    -0.001633944836


*** tstop() called on wanukaka at Thu Apr 14 12:38:03 2022
Module time:
	user time   =       4.26 seconds =       0.07 minutes
	system time =       0.18 seconds =       0.00 minutes
	total time  =          1 seconds =       0.02 minutes
Total time:
	user time   =     247.98 seconds =       4.13 minutes
	system time =       9.78 seconds =       0.16 minutes
	total time  =         27 seconds =       0.45 minutes

			-----------------------------------------
			 OPTKING 2.0: for geometry optimizations 
			  - R.A. King,  Bethel University        
			-----------------------------------------

	Previous internal coordinate definitions found.
	---Fragment 1 Geometry and Gradient---
	 O           0.0000000000        0.0000000000       -0.1190534140
	 H           0.0000000000       -1.4201284933        0.9447320375
	 H           0.0000000000        1.4201284933        0.9447320375
	             0.0000000000        0.0000000000        0.0032678897
	            -0.0000000000        0.0021074718       -0.0016339448
	             0.0000000000       -0.0021074718       -0.0016339448

	---Fragment 1 Intrafragment Coordinates---
	 - Coordinate -           - BOHR/RAD -       - ANG/DEG -
	 R(1,2)           =         1.774374	       0.938958
	 R(1,3)           =         1.774374	       0.938958
	 B(2,1,3)         =         1.855773	     106.327933

	Current energy   :       -76.0534071626

	Energy change for the previous step:
		Projected    :        -0.0005170144
		Actual       :        -0.0002013516

	Performing BFGS update.
	Previous computed or guess Hessian on step 1.
	Steps to be used in Hessian update: 2 1
	Taking RFO optimization step.
	Going to follow RFO solution 1.
	Using RFO vector 1.
	Norm of target step-size    0.00984
	Projected energy change by RFO approximation:        -0.0000371914

	Back-transformation to cartesian coordinates...
	Successfully converged to displaced geometry.

	--- Internal Coordinate Step in ANG or DEG, aJ/ANG or AJ/DEG ---
	 ---------------------------------------------------------------------------
	   Coordinate                Previous        Force       Change         New 
	   ----------                --------       ------       ------       ------
	    1 R(1,2)          =      0.938958     0.021967     0.003573     0.942532
	    2 R(1,3)          =      0.938958     0.021967     0.003573     0.942532
	    3 B(2,1,3)        =    106.327933    -0.000006    -0.135254   106.192679
	 ---------------------------------------------------------------------------
	Successfully symmetrized geometry.

  ==> Convergence Check <==

  Measures of convergence in internal coordinates in au.
  Criteria marked as inactive (o), active & met (*), and active & unmet ( ).
  ---------------------------------------------------------------------------------------------
   Step     Total Energy     Delta E     MAX Force     RMS Force      MAX Disp      RMS Disp   
  ---------------------------------------------------------------------------------------------
    Convergence Criteria    1.00e-06 *    3.00e-04 *             o    1.20e-03 *             o
  ---------------------------------------------------------------------------------------------
      3     -76.05340716   -2.01e-04      2.67e-03      2.18e-03 o    6.75e-03      5.68e-03 o  ~
  ---------------------------------------------------------------------------------------------

	Writing optimization data to binary file.
	Structure for next step:
	Cartesian Geometry (in Angstrom)
	    O     0.0000000000   0.0000000000  -0.0650218918
	    H     0.0000000000  -0.7536920897   0.5009414317
	    H     0.0000000000   0.7536920897   0.5009414317
			--------------------------
			 OPTKING Finished Execution 
			--------------------------

    Structure for next step:
    Molecular point group: c2v
    Full point group: C2v

    Geometry (in Angstrom), charge = 0, multiplicity = 1:

    O       
    H             1    0.942532
    H             1    0.942532      2  106.192679

gradient() will perform analytic gradient computation.

*** tstart() called on wanukaka
*** at Thu Apr 14 12:38:03 2022

   => Loading Basis Set <=

    Name: 6-311++G(D,P)
    Role: ORBITAL
    Keyword: BASIS
    atoms 1   entry O          line   161 file /home/sulstice/software/miniconda2/envs/qmpython2/share/psi4/basis/6-311ppg_d_p_.gbs 
    atoms 2-3 entry H          line    42 file /home/sulstice/software/miniconda2/envs/qmpython2/share/psi4/basis/6-311ppg_d_p_.gbs 


         ---------------------------------------------------------
                                   SCF
               by Justin Turney, Rob Parrish, Andy Simmonett
                          and Daniel G. A. Smith
                              RHF Reference
                       10 Threads,   7629 MiB Core
         ---------------------------------------------------------

  ==> Geometry <==

    Molecular point group: c2v
    Full point group: C2v

    Geometry (in Angstrom), charge = 0, multiplicity = 1:

       Center              X                  Y                   Z               Mass       
    ------------   -----------------  -----------------  -----------------  -----------------
         O            0.000000000000     0.000000000000    -0.063339713879    15.994914619570
         H            0.000000000000    -0.753692092705     0.502623611797     1.007825032230
         H            0.000000000000     0.753692092705     0.502623611797     1.007825032230

  Running in c2v symmetry.

  Rotational constants: A =     29.40019  B =     14.72290  C =      9.81020 [cm^-1]
  Rotational constants: A = 881395.61603  B = 441381.51875  C = 294102.25305 [MHz]
  Nuclear repulsion =    9.334132926630540

  Charge       = 0
  Multiplicity = 1
  Electrons    = 10
  Nalpha       = 5
  Nbeta        = 5

  ==> Algorithm <==

  SCF Algorithm Type is DF.
  DIIS enabled.
  MOM disabled.
  Fractional occupation disabled.
  Guess Type is READ.
  Energy threshold   = 1.00e-08
  Density threshold  = 1.00e-08
  Integral threshold = 0.00e+00

  ==> Primary Basis <==

  Basis Set: 6-311++G(D,P)
    Blend: 6-311++G(D,P)
    Number of shells: 20
    Number of basis function: 36
    Number of Cartesian functions: 37
    Spherical Harmonics?: true
    Max angular momentum: 2

   => Loading Basis Set <=

    Name: (6-311++G(D,P) AUX)
    Role: JKFIT
    Keyword: DF_BASIS_SCF
    atoms 1   entry O          line   286 file /home/sulstice/software/miniconda2/envs/qmpython2/share/psi4/basis/aug-cc-pvtz-jkfit.gbs 
    atoms 2-3 entry H          line    70 file /home/sulstice/software/miniconda2/envs/qmpython2/share/psi4/basis/aug-cc-pvtz-jkfit.gbs 

   => Loading Basis Set <=

    Name: 6-311++G(D,P)
    Role: ORBITAL
    Keyword: BASIS
    atoms 1   entry O          line   161 file /home/sulstice/software/miniconda2/envs/qmpython2/share/psi4/basis/6-311ppg_d_p_.gbs 
    atoms 2-3 entry H          line    42 file /home/sulstice/software/miniconda2/envs/qmpython2/share/psi4/basis/6-311ppg_d_p_.gbs 

  Reading orbitals from file 180, no projection.

  ==> Pre-Iterations <==

   -------------------------------------------------------
    Irrep   Nso     Nmo     Nalpha   Nbeta   Ndocc  Nsocc
   -------------------------------------------------------
     A1        17      17       0       0       0       0
     A2         2       2       0       0       0       0
     B1         6       6       0       0       0       0
     B2        11      11       0       0       0       0
   -------------------------------------------------------
    Total      36      36       5       5       5       0
   -------------------------------------------------------

  ==> Integral Setup <==

  DFHelper Memory: AOs need 0.003 GiB; user supplied 5.588 GiB. Using in-core AOs.

  ==> MemDFJK: Density-Fitted J/K Matrices <==

    J tasked:                   Yes
    K tasked:                   Yes
    wK tasked:                   No
    OpenMP threads:              10
    Memory [MiB]:              5722
    Algorithm:                 Core
    Schwarz Cutoff:           1E-12
    Mask sparsity (%):       0.0000
    Fitting Condition:        1E-10

   => Auxiliary Basis Set <=

  Basis Set: (6-311++G(D,P) AUX)
    Blend: AUG-CC-PVTZ-JKFIT
    Number of shells: 58
    Number of basis function: 196
    Number of Cartesian functions: 241
    Spherical Harmonics?: true
    Max angular momentum: 4

  Minimum eigenvalue in the overlap matrix is 3.3383924080E-03.
  Using Symmetric Orthogonalization.

  SCF Guess: Orbitals guess was supplied from a previous computation.

  ==> Iterations <==

                           Total Energy        Delta E     RMS |[F,P]|

   @DF-RHF iter   0:   -76.04855509700702   -7.60486e+01   5.48012e-04 
   @DF-RHF iter   1:   -76.05341339827601   -4.85830e-03   7.97116e-05 DIIS
   @DF-RHF iter   2:   -76.05341461567775   -1.21740e-06   4.46318e-05 DIIS
   @DF-RHF iter   3:   -76.05341488785838   -2.72181e-07   7.57580e-06 DIIS
   @DF-RHF iter   4:   -76.05341491095307   -2.30947e-08   2.47088e-06 DIIS
   @DF-RHF iter   5:   -76.05341491449965   -3.54659e-09   5.94469e-07 DIIS
   @DF-RHF iter   6:   -76.05341491474447   -2.44810e-10   9.82342e-08 DIIS
   @DF-RHF iter   7:   -76.05341491474998   -5.51381e-12   1.10134e-08 DIIS
   @DF-RHF iter   8:   -76.05341491475014   -1.56319e-13   2.22226e-09 DIIS
  Energy and wave function converged.


  ==> Post-Iterations <==

    Orbital Energies [Eh]
    ---------------------

    Doubly Occupied:                                                      

       1A1   -20.563221     2A1    -1.362048     1B2    -0.732077  
       3A1    -0.583649     1B1    -0.510843  

    Virtual:                                                              

       4A1     0.043689     2B2     0.072313     5A1     0.240744  
       2B1     0.245341     6A1     0.252232     3B2     0.263039  
       4B2     0.318774     7A1     0.322123     5B2     0.696148  
       8A1     0.743713     9A1     1.197291     6B2     1.243844  
       3B1     1.244104    10A1     1.480770     1A2     1.503466  
      11A1     1.608513     4B1     1.727646     7B2     1.937125  
       8B2     2.339465    12A1     2.483652    13A1     2.706159  
       9B2     2.862103     5B1     3.489680     2A2     3.558152  
      14A1     3.730497    15A1     4.111009    10B2     4.343765  
       6B1     5.492140    16A1     5.887278    11B2     6.261898  
      17A1    51.588666  

    Final Occupation by Irrep:
             A1    A2    B1    B2 
    DOCC [     3,    0,    1,    1 ]

  @DF-RHF Final Energy:   -76.05341491475014

   => Energetics <=

    Nuclear Repulsion Energy =              9.3341329266305397
    One-Electron Energy =                -123.2714194633254863
    Two-Electron Energy =                  37.8838716219448131
    Total Energy =                        -76.0534149147501353

Computation Completed


Properties will be evaluated at   0.000000,   0.000000,   0.000000 [a0]

Properties computed using the SCF density matrix

  Nuclear Dipole Moment: [e a0]
     X:     0.0000      Y:     0.0000      Z:     0.9421

  Electronic Dipole Moment: [e a0]
     X:     0.0000      Y:     0.0000      Z:    -0.0774

  Dipole Moment: [e a0]
     X:     0.0000      Y:     0.0000      Z:     0.8647     Total:     0.8647

  Dipole Moment: [D]
     X:     0.0000      Y:     0.0000      Z:     2.1978     Total:     2.1978


*** tstop() called on wanukaka at Thu Apr 14 12:38:03 2022
Module time:
	user time   =       2.84 seconds =       0.05 minutes
	system time =       0.11 seconds =       0.00 minutes
	total time  =          0 seconds =       0.00 minutes
Total time:
	user time   =     250.90 seconds =       4.18 minutes
	system time =       9.90 seconds =       0.17 minutes
	total time  =         27 seconds =       0.45 minutes

*** tstart() called on wanukaka
*** at Thu Apr 14 12:38:03 2022


         ------------------------------------------------------------
                                   SCF GRAD                          
                          Rob Parrish, Justin Turney,                
                       Andy Simmonett, and Alex Sokolov              
         ------------------------------------------------------------

  ==> Geometry <==

    Molecular point group: c2v
    Full point group: C2v

    Geometry (in Angstrom), charge = 0, multiplicity = 1:

       Center              X                  Y                   Z               Mass       
    ------------   -----------------  -----------------  -----------------  -----------------
         O            0.000000000000     0.000000000000    -0.063339713879    15.994914619570
         H            0.000000000000    -0.753692092705     0.502623611797     1.007825032230
         H            0.000000000000     0.753692092705     0.502623611797     1.007825032230

  Nuclear repulsion =    9.334132926630542

  ==> Basis Set <==

  Basis Set: 6-311++G(D,P)
    Blend: 6-311++G(D,P)
    Number of shells: 20
    Number of basis function: 36
    Number of Cartesian functions: 37
    Spherical Harmonics?: true
    Max angular momentum: 2

  ==> DFJKGrad: Density-Fitted SCF Gradients <==

    Gradient:                    1
    J tasked:                  Yes
    K tasked:                  Yes
    wK tasked:                  No
    OpenMP threads:             10
    Integrals threads:          10
    Memory [MiB]:             5722
    Schwarz Cutoff:          0E+00
    Fitting Condition:       1E-10

   => Auxiliary Basis Set <=

  Basis Set: (6-311++G(D,P) AUX)
    Blend: AUG-CC-PVTZ-JKFIT
    Number of shells: 58
    Number of basis function: 196
    Number of Cartesian functions: 241
    Spherical Harmonics?: true
    Max angular momentum: 4


  -Total Gradient:
     Atom            X                  Y                   Z
    ------   -----------------  -----------------  -----------------
       1       -0.000000000000     0.000000000000    -0.001783695223
       2        0.000000000000    -0.001236083348     0.000891847612
       3       -0.000000000000     0.001236083348     0.000891847612


*** tstop() called on wanukaka at Thu Apr 14 12:38:04 2022
Module time:
	user time   =       4.86 seconds =       0.08 minutes
	system time =       0.22 seconds =       0.00 minutes
	total time  =          1 seconds =       0.02 minutes
Total time:
	user time   =     255.77 seconds =       4.26 minutes
	system time =      10.12 seconds =       0.17 minutes
	total time  =         28 seconds =       0.47 minutes

			-----------------------------------------
			 OPTKING 2.0: for geometry optimizations 
			  - R.A. King,  Bethel University        
			-----------------------------------------

	Previous internal coordinate definitions found.
	---Fragment 1 Geometry and Gradient---
	 O           0.0000000000        0.0000000000       -0.1196947121
	 H           0.0000000000       -1.4242716381        0.9498209705
	 H           0.0000000000        1.4242716381        0.9498209705
	            -0.0000000000        0.0000000000       -0.0017836952
	             0.0000000000       -0.0012360833        0.0008918476
	            -0.0000000000        0.0012360833        0.0008918476

	---Fragment 1 Intrafragment Coordinates---
	 - Coordinate -           - BOHR/RAD -       - ANG/DEG -
	 R(1,2)           =         1.781127	       0.942532
	 R(1,3)           =         1.781127	       0.942532
	 B(2,1,3)         =         1.853412	     106.192679

	Current energy   :       -76.0534149148

	Energy change for the previous step:
		Projected    :        -0.0000371914
		Actual       :        -0.0000077522
	Energy ratio indicates iffy step: Trust radius decreased to 1.250e-01.


	Performing BFGS update.
	Previous computed or guess Hessian on step 1.
	Steps to be used in Hessian update: 3 2
	Taking RFO optimization step.
	Going to follow RFO solution 1.
	Using RFO vector 1.
	Norm of target step-size    0.00355
	Projected energy change by RFO approximation:        -0.0000076665

	Back-transformation to cartesian coordinates...
	Successfully converged to displaced geometry.

	--- Internal Coordinate Step in ANG or DEG, aJ/ANG or AJ/DEG ---
	 ---------------------------------------------------------------------------
	   Coordinate                Previous        Force       Change         New 
	   ----------                --------       ------       ------       ------
	    1 R(1,2)          =      0.942532    -0.012555    -0.001313     0.941219
	    2 R(1,3)          =      0.942532    -0.012555    -0.001313     0.941219
	    3 B(2,1,3)        =    106.192679    -0.000004     0.030220   106.222899
	 ---------------------------------------------------------------------------
	Successfully symmetrized geometry.

  ==> Convergence Check <==

  Measures of convergence in internal coordinates in au.
  Criteria marked as inactive (o), active & met (*), and active & unmet ( ).
  ---------------------------------------------------------------------------------------------
   Step     Total Energy     Delta E     MAX Force     RMS Force      MAX Disp      RMS Disp   
  ---------------------------------------------------------------------------------------------
    Convergence Criteria    1.00e-06 *    3.00e-04 *             o    1.20e-03 *             o
  ---------------------------------------------------------------------------------------------
      4     -76.05341491   -7.75e-06      1.52e-03      1.24e-03 o    2.48e-03      2.05e-03 o  ~
  ---------------------------------------------------------------------------------------------

	Writing optimization data to binary file.
	Structure for next step:
	Cartesian Geometry (in Angstrom)
	    O     0.0000000000   0.0000000000  -0.0626819258
	    H     0.0000000000  -0.7527914982   0.5022947159
	    H     0.0000000000   0.7527914982   0.5022947159
			--------------------------
			 OPTKING Finished Execution 
			--------------------------

    Structure for next step:
    Molecular point group: c2v
    Full point group: C2v

    Geometry (in Angstrom), charge = 0, multiplicity = 1:

    O       
    H             1    0.941219
    H             1    0.941219      2  106.222899

gradient() will perform analytic gradient computation.

*** tstart() called on wanukaka
*** at Thu Apr 14 12:38:04 2022

   => Loading Basis Set <=

    Name: 6-311++G(D,P)
    Role: ORBITAL
    Keyword: BASIS
    atoms 1   entry O          line   161 file /home/sulstice/software/miniconda2/envs/qmpython2/share/psi4/basis/6-311ppg_d_p_.gbs 
    atoms 2-3 entry H          line    42 file /home/sulstice/software/miniconda2/envs/qmpython2/share/psi4/basis/6-311ppg_d_p_.gbs 


         ---------------------------------------------------------
                                   SCF
               by Justin Turney, Rob Parrish, Andy Simmonett
                          and Daniel G. A. Smith
                              RHF Reference
                       10 Threads,   7629 MiB Core
         ---------------------------------------------------------

  ==> Geometry <==

    Molecular point group: c2v
    Full point group: C2v

    Geometry (in Angstrom), charge = 0, multiplicity = 1:

       Center              X                  Y                   Z               Mass       
    ------------   -----------------  -----------------  -----------------  -----------------
         O            0.000000000000     0.000000000000    -0.063229289523    15.994914619570
         H            0.000000000000    -0.752791501169     0.501747354465     1.007825032230
         H            0.000000000000     0.752791501169     0.501747354465     1.007825032230

  Running in c2v symmetry.

  Rotational constants: A =     29.50297  B =     14.75815  C =      9.83729 [cm^-1]
  Rotational constants: A = 884476.86306  B = 442438.23162  C = 294914.40769 [MHz]
  Nuclear repulsion =    9.347080436005015

  Charge       = 0
  Multiplicity = 1
  Electrons    = 10
  Nalpha       = 5
  Nbeta        = 5

  ==> Algorithm <==

  SCF Algorithm Type is DF.
  DIIS enabled.
  MOM disabled.
  Fractional occupation disabled.
  Guess Type is READ.
  Energy threshold   = 1.00e-08
  Density threshold  = 1.00e-08
  Integral threshold = 0.00e+00

  ==> Primary Basis <==

  Basis Set: 6-311++G(D,P)
    Blend: 6-311++G(D,P)
    Number of shells: 20
    Number of basis function: 36
    Number of Cartesian functions: 37
    Spherical Harmonics?: true
    Max angular momentum: 2

   => Loading Basis Set <=

    Name: (6-311++G(D,P) AUX)
    Role: JKFIT
    Keyword: DF_BASIS_SCF
    atoms 1   entry O          line   286 file /home/sulstice/software/miniconda2/envs/qmpython2/share/psi4/basis/aug-cc-pvtz-jkfit.gbs 
    atoms 2-3 entry H          line    70 file /home/sulstice/software/miniconda2/envs/qmpython2/share/psi4/basis/aug-cc-pvtz-jkfit.gbs 

   => Loading Basis Set <=

    Name: 6-311++G(D,P)
    Role: ORBITAL
    Keyword: BASIS
    atoms 1   entry O          line   161 file /home/sulstice/software/miniconda2/envs/qmpython2/share/psi4/basis/6-311ppg_d_p_.gbs 
    atoms 2-3 entry H          line    42 file /home/sulstice/software/miniconda2/envs/qmpython2/share/psi4/basis/6-311ppg_d_p_.gbs 

  Reading orbitals from file 180, no projection.

  ==> Pre-Iterations <==

   -------------------------------------------------------
    Irrep   Nso     Nmo     Nalpha   Nbeta   Ndocc  Nsocc
   -------------------------------------------------------
     A1        17      17       0       0       0       0
     A2         2       2       0       0       0       0
     B1         6       6       0       0       0       0
     B2        11      11       0       0       0       0
   -------------------------------------------------------
    Total      36      36       5       5       5       0
   -------------------------------------------------------

  ==> Integral Setup <==

  DFHelper Memory: AOs need 0.003 GiB; user supplied 5.588 GiB. Using in-core AOs.

  ==> MemDFJK: Density-Fitted J/K Matrices <==

    J tasked:                   Yes
    K tasked:                   Yes
    wK tasked:                   No
    OpenMP threads:              10
    Memory [MiB]:              5722
    Algorithm:                 Core
    Schwarz Cutoff:           1E-12
    Mask sparsity (%):       0.0000
    Fitting Condition:        1E-10

   => Auxiliary Basis Set <=

  Basis Set: (6-311++G(D,P) AUX)
    Blend: AUG-CC-PVTZ-JKFIT
    Number of shells: 58
    Number of basis function: 196
    Number of Cartesian functions: 241
    Spherical Harmonics?: true
    Max angular momentum: 4

  Minimum eigenvalue in the overlap matrix is 3.3217202895E-03.
  Using Symmetric Orthogonalization.

  SCF Guess: Orbitals guess was supplied from a previous computation.

  ==> Iterations <==

                           Total Energy        Delta E     RMS |[F,P]|

   @DF-RHF iter   0:   -76.05519666720164   -7.60552e+01   1.99915e-04 
   @DF-RHF iter   1:   -76.05341845231709    1.77821e-03   2.94114e-05 DIIS
   @DF-RHF iter   2:   -76.05341861420844   -1.61891e-07   1.65068e-05 DIIS
   @DF-RHF iter   3:   -76.05341865111239   -3.69040e-08   2.67509e-06 DIIS
   @DF-RHF iter   4:   -76.05341865392080   -2.80841e-09   8.65477e-07 DIIS
   @DF-RHF iter   5:   -76.05341865434669   -4.25885e-10   2.08962e-07 DIIS
   @DF-RHF iter   6:   -76.05341865437691   -3.02265e-11   3.59016e-08 DIIS
   @DF-RHF iter   7:   -76.05341865437771   -7.95808e-13   3.92499e-09 DIIS
  Energy and wave function converged.


  ==> Post-Iterations <==

    Orbital Energies [Eh]
    ---------------------

    Doubly Occupied:                                                      

       1A1   -20.562970     2A1    -1.362728     1B2    -0.732878  
       3A1    -0.583834     1B1    -0.510947  

    Virtual:                                                              

       4A1     0.043727     2B2     0.072327     5A1     0.240666  
       2B1     0.245322     6A1     0.252573     3B2     0.263244  
       4B2     0.318791     7A1     0.322015     5B2     0.697017  
       8A1     0.744614     9A1     1.197069     6B2     1.243715  
       3B1     1.244081    10A1     1.480798     1A2     1.503692  
      11A1     1.607925     4B1     1.728180     7B2     1.938297  
       8B2     2.341881    12A1     2.486173    13A1     2.705557  
       9B2     2.861244     5B1     3.490723     2A2     3.559651  
      14A1     3.732298    15A1     4.112449    10B2     4.345372  
       6B1     5.492306    16A1     5.888862    11B2     6.266554  
      17A1    51.590256  

    Final Occupation by Irrep:
             A1    A2    B1    B2 
    DOCC [     3,    0,    1,    1 ]

  @DF-RHF Final Energy:   -76.05341865437771

   => Energetics <=

    Nuclear Repulsion Energy =              9.3470804360050153
    One-Electron Energy =                -123.2942847331844973
    Two-Electron Energy =                  37.8937856428017739
    Total Energy =                        -76.0534186543777082

Computation Completed


Properties will be evaluated at   0.000000,   0.000000,   0.000000 [a0]

Properties computed using the SCF density matrix

  Nuclear Dipole Moment: [e a0]
     X:     0.0000      Y:     0.0000      Z:     0.9404

  Electronic Dipole Moment: [e a0]
     X:     0.0000      Y:     0.0000      Z:    -0.0765

  Dipole Moment: [e a0]
     X:     0.0000      Y:     0.0000      Z:     0.8639     Total:     0.8639

  Dipole Moment: [D]
     X:     0.0000      Y:     0.0000      Z:     2.1959     Total:     2.1959


*** tstop() called on wanukaka at Thu Apr 14 12:38:04 2022
Module time:
	user time   =       3.09 seconds =       0.05 minutes
	system time =       0.14 seconds =       0.00 minutes
	total time  =          0 seconds =       0.00 minutes
Total time:
	user time   =     258.96 seconds =       4.32 minutes
	system time =      10.26 seconds =       0.17 minutes
	total time  =         28 seconds =       0.47 minutes

*** tstart() called on wanukaka
*** at Thu Apr 14 12:38:04 2022


         ------------------------------------------------------------
                                   SCF GRAD                          
                          Rob Parrish, Justin Turney,                
                       Andy Simmonett, and Alex Sokolov              
         ------------------------------------------------------------

  ==> Geometry <==

    Molecular point group: c2v
    Full point group: C2v

    Geometry (in Angstrom), charge = 0, multiplicity = 1:

       Center              X                  Y                   Z               Mass       
    ------------   -----------------  -----------------  -----------------  -----------------
         O            0.000000000000     0.000000000000    -0.063229289523    15.994914619570
         H            0.000000000000    -0.752791501169     0.501747354465     1.007825032230
         H            0.000000000000     0.752791501169     0.501747354465     1.007825032230

  Nuclear repulsion =    9.347080436005017

  ==> Basis Set <==

  Basis Set: 6-311++G(D,P)
    Blend: 6-311++G(D,P)
    Number of shells: 20
    Number of basis function: 36
    Number of Cartesian functions: 37
    Spherical Harmonics?: true
    Max angular momentum: 2

  ==> DFJKGrad: Density-Fitted SCF Gradients <==

    Gradient:                    1
    J tasked:                  Yes
    K tasked:                  Yes
    wK tasked:                  No
    OpenMP threads:             10
    Integrals threads:          10
    Memory [MiB]:             5722
    Schwarz Cutoff:          0E+00
    Fitting Condition:       1E-10

   => Auxiliary Basis Set <=

  Basis Set: (6-311++G(D,P) AUX)
    Blend: AUG-CC-PVTZ-JKFIT
    Number of shells: 58
    Number of basis function: 196
    Number of Cartesian functions: 241
    Spherical Harmonics?: true
    Max angular momentum: 4


  -Total Gradient:
     Atom            X                  Y                   Z
    ------   -----------------  -----------------  -----------------
       1       -0.000000000000     0.000000000000     0.000019238455
       2       -0.000000000000     0.000008565312    -0.000009619228
       3        0.000000000000    -0.000008565312    -0.000009619228


*** tstop() called on wanukaka at Thu Apr 14 12:38:05 2022
Module time:
	user time   =       4.71 seconds =       0.08 minutes
	system time =       0.26 seconds =       0.00 minutes
	total time  =          1 seconds =       0.02 minutes
Total time:
	user time   =     263.68 seconds =       4.39 minutes
	system time =      10.52 seconds =       0.18 minutes
	total time  =         29 seconds =       0.48 minutes

			-----------------------------------------
			 OPTKING 2.0: for geometry optimizations 
			  - R.A. King,  Bethel University        
			-----------------------------------------

	Previous internal coordinate definitions found.
	---Fragment 1 Geometry and Gradient---
	 O           0.0000000000        0.0000000000       -0.1194860403
	 H           0.0000000000       -1.4225697668        0.9481650841
	 H           0.0000000000        1.4225697668        0.9481650841
	            -0.0000000000        0.0000000000        0.0000192385
	            -0.0000000000        0.0000085653       -0.0000096192
	             0.0000000000       -0.0000085653       -0.0000096192

	---Fragment 1 Intrafragment Coordinates---
	 - Coordinate -           - BOHR/RAD -       - ANG/DEG -
	 R(1,2)           =         1.778647	       0.941219
	 R(1,3)           =         1.778647	       0.941219
	 B(2,1,3)         =         1.853939	     106.222899

	Current energy   :       -76.0534186544

	Energy change for the previous step:
		Projected    :        -0.0000076665
		Actual       :        -0.0000037396

	Performing BFGS update.
	Previous computed or guess Hessian on step 1.
	Steps to be used in Hessian update: 4 3
	Taking RFO optimization step.
	Going to follow RFO solution 1.
	Using RFO vector 1.
	Norm of target step-size    0.00005
	Projected energy change by RFO approximation:        -0.0000000006

	Back-transformation to cartesian coordinates...
	Successfully converged to displaced geometry.

	--- Internal Coordinate Step in ANG or DEG, aJ/ANG or AJ/DEG ---
	 ---------------------------------------------------------------------------
	   Coordinate                Previous        Force       Change         New 
	   ----------                --------       ------       ------       ------
	    1 R(1,2)          =      0.941219     0.000104     0.000011     0.941231
	    2 R(1,3)          =      0.941219     0.000104     0.000011     0.941231
	    3 B(2,1,3)        =    106.222899    -0.000000    -0.001910   106.220989
	 ---------------------------------------------------------------------------
	Successfully symmetrized geometry.

  ==> Convergence Check <==

  Measures of convergence in internal coordinates in au.
  Criteria marked as inactive (o), active & met (*), and active & unmet ( ).
  ---------------------------------------------------------------------------------------------
   Step     Total Energy     Delta E     MAX Force     RMS Force      MAX Disp      RMS Disp   
  ---------------------------------------------------------------------------------------------
    Convergence Criteria    1.00e-06 *    3.00e-04 *             o    1.20e-03 *             o
  ---------------------------------------------------------------------------------------------
      5     -76.05341865   -3.74e-06      1.26e-05 *    1.06e-05 o    3.33e-05 *    2.60e-05 o  ~
  ---------------------------------------------------------------------------------------------


  **** Optimization is complete! (in 5 steps) ****

  ==> Optimization Summary <==

  Measures of convergence in internal coordinates in au.
  --------------------------------------------------------------------------------------------------------------- ~
   Step         Total Energy             Delta E       MAX Force       RMS Force        MAX Disp        RMS Disp  ~
  --------------------------------------------------------------------------------------------------------------- ~
      1     -76.021132131855    -76.021132131855      0.10502596      0.08618027      0.25354585      0.21084487  ~
      2     -76.053205810938     -0.032073679083      0.00761155      0.00550117      0.04879446      0.03010021  ~
      3     -76.053407162578     -0.000201351640      0.00266632      0.00217751      0.00675265      0.00567947  ~
      4     -76.053414914750     -0.000007752172      0.00152396      0.00124467      0.00248045      0.00204804  ~
      5     -76.053418654378     -0.000003739628      0.00001262      0.00001064      0.00003333      0.00002601  ~
  --------------------------------------------------------------------------------------------------------------- ~

	Writing optimization data to binary file.
	Final energy is    -76.0534186543777
	Final (previous) structure:
	Cartesian Geometry (in Angstrom)
	    O     0.0000000000   0.0000000000  -0.0632292893
	    H     0.0000000000  -0.7527914982   0.5017473525
	    H     0.0000000000   0.7527914982   0.5017473525
	Saving final (previous) structure.
			--------------------------
			 OPTKING Finished Execution 
			--------------------------

    Final optimized geometry and variables:
    Molecular point group: c2v
    Full point group: C2v

    Geometry (in Angstrom), charge = 0, multiplicity = 1:

    O       
    H             1    0.941219
    H             1    0.941219      2  106.222899

	Removing binary optimization data file.
	Cleaning optimization helper files.

*** tstart() called on wanukaka
*** at Thu Apr 14 12:38:05 2022

   => Loading Basis Set <=

    Name: 6-311++G(D,P)
    Role: ORBITAL
    Keyword: BASIS
    atoms 1   entry O          line   161 file /home/sulstice/software/miniconda2/envs/qmpython2/share/psi4/basis/6-311ppg_d_p_.gbs 
    atoms 2-3 entry H          line    42 file /home/sulstice/software/miniconda2/envs/qmpython2/share/psi4/basis/6-311ppg_d_p_.gbs 


         ---------------------------------------------------------
                                   SCF
               by Justin Turney, Rob Parrish, Andy Simmonett
                          and Daniel G. A. Smith
                              RHF Reference
                       10 Threads,   7629 MiB Core
         ---------------------------------------------------------

  ==> Geometry <==

    Molecular point group: c2v
    Full point group: C2v

    Geometry (in Angstrom), charge = 0, multiplicity = 1:

       Center              X                  Y                   Z               Mass       
    ------------   -----------------  -----------------  -----------------  -----------------
         O            0.000000000000     0.000000000000    -0.063229289523    15.994914619570
         H            0.000000000000    -0.752791501169     0.501747354465     1.007825032230
         H            0.000000000000     0.752791501169     0.501747354465     1.007825032230

  Running in c2v symmetry.

  Rotational constants: A =     29.50297  B =     14.75815  C =      9.83729 [cm^-1]
  Rotational constants: A = 884476.86306  B = 442438.23162  C = 294914.40769 [MHz]
  Nuclear repulsion =    9.347080436005017

  Charge       = 0
  Multiplicity = 1
  Electrons    = 10
  Nalpha       = 5
  Nbeta        = 5

  ==> Algorithm <==

  SCF Algorithm Type is DF.
  DIIS enabled.
  MOM disabled.
  Fractional occupation disabled.
  Guess Type is SAD.
  Energy threshold   = 1.00e-06
  Density threshold  = 1.00e-06
  Integral threshold = 0.00e+00

  ==> Primary Basis <==

  Basis Set: 6-311++G(D,P)
    Blend: 6-311++G(D,P)
    Number of shells: 20
    Number of basis function: 36
    Number of Cartesian functions: 37
    Spherical Harmonics?: true
    Max angular momentum: 2

   => Loading Basis Set <=

    Name: (6-311++G(D,P) AUX)
    Role: JKFIT
    Keyword: DF_BASIS_SCF
    atoms 1   entry O          line   286 file /home/sulstice/software/miniconda2/envs/qmpython2/share/psi4/basis/aug-cc-pvtz-jkfit.gbs 
    atoms 2-3 entry H          line    70 file /home/sulstice/software/miniconda2/envs/qmpython2/share/psi4/basis/aug-cc-pvtz-jkfit.gbs 

  ==> Pre-Iterations <==

   -------------------------------------------------------
    Irrep   Nso     Nmo     Nalpha   Nbeta   Ndocc  Nsocc
   -------------------------------------------------------
     A1        17      17       0       0       0       0
     A2         2       2       0       0       0       0
     B1         6       6       0       0       0       0
     B2        11      11       0       0       0       0
   -------------------------------------------------------
    Total      36      36       5       5       5       0
   -------------------------------------------------------

  ==> Integral Setup <==

  DFHelper Memory: AOs need 0.003 GiB; user supplied 5.588 GiB. Using in-core AOs.

  ==> MemDFJK: Density-Fitted J/K Matrices <==

    J tasked:                   Yes
    K tasked:                   Yes
    wK tasked:                   No
    OpenMP threads:              10
    Memory [MiB]:              5722
    Algorithm:                 Core
    Schwarz Cutoff:           1E-12
    Mask sparsity (%):       0.0000
    Fitting Condition:        1E-10

   => Auxiliary Basis Set <=

  Basis Set: (6-311++G(D,P) AUX)
    Blend: AUG-CC-PVTZ-JKFIT
    Number of shells: 58
    Number of basis function: 196
    Number of Cartesian functions: 241
    Spherical Harmonics?: true
    Max angular momentum: 4

  Minimum eigenvalue in the overlap matrix is 3.3217202895E-03.
  Using Symmetric Orthogonalization.

  SCF Guess: Superposition of Atomic Densities via on-the-fly atomic UHF.

  ==> Iterations <==

                           Total Energy        Delta E     RMS |[F,P]|

   @DF-RHF iter SAD:   -75.48708749810679   -7.54871e+01   0.00000e+00 
   @DF-RHF iter   1:   -75.96853804456477   -4.81451e-01   2.22154e-02 DIIS
   @DF-RHF iter   2:   -76.02384200848402   -5.53040e-02   1.43981e-02 DIIS
   @DF-RHF iter   3:   -76.05303085956835   -2.91889e-02   1.02914e-03 DIIS
   @DF-RHF iter   4:   -76.05339855340522   -3.67694e-04   2.23187e-04 DIIS
   @DF-RHF iter   5:   -76.05341748039352   -1.89270e-05   4.31511e-05 DIIS
   @DF-RHF iter   6:   -76.05341858215520   -1.10176e-06   9.97104e-06 DIIS
   @DF-RHF iter   7:   -76.05341865288207   -7.07269e-08   1.57858e-06 DIIS
   @DF-RHF iter   8:   -76.05341865434796   -1.46589e-09   2.69390e-07 DIIS
  Energy and wave function converged.


  ==> Post-Iterations <==

    Orbital Energies [Eh]
    ---------------------

    Doubly Occupied:                                                      

       1A1   -20.562969     2A1    -1.362728     1B2    -0.732878  
       3A1    -0.583834     1B1    -0.510946  

    Virtual:                                                              

       4A1     0.043727     2B2     0.072327     5A1     0.240666  
       2B1     0.245322     6A1     0.252573     3B2     0.263244  
       4B2     0.318792     7A1     0.322015     5B2     0.697017  
       8A1     0.744614     9A1     1.197069     6B2     1.243716  
       3B1     1.244082    10A1     1.480798     1A2     1.503692  
      11A1     1.607925     4B1     1.728180     7B2     1.938297  
       8B2     2.341881    12A1     2.486173    13A1     2.705557  
       9B2     2.861244     5B1     3.490723     2A2     3.559651  
      14A1     3.732299    15A1     4.112450    10B2     4.345373  
       6B1     5.492307    16A1     5.888863    11B2     6.266555  
      17A1    51.590257  

    Final Occupation by Irrep:
             A1    A2    B1    B2 
    DOCC [     3,    0,    1,    1 ]

  @DF-RHF Final Energy:   -76.05341865434796

   => Energetics <=

    Nuclear Repulsion Energy =              9.3470804360050170
    One-Electron Energy =                -123.2942936083621532
    Two-Electron Energy =                  37.8937945180091802
    Total Energy =                        -76.0534186543479507

Computation Completed


Properties will be evaluated at   0.000000,   0.000000,   0.000000 [a0]

Properties computed using the SCF density matrix

  Nuclear Dipole Moment: [e a0]
     X:     0.0000      Y:     0.0000      Z:     0.9404

  Electronic Dipole Moment: [e a0]
     X:     0.0000      Y:     0.0000      Z:    -0.0765

  Dipole Moment: [e a0]
     X:     0.0000      Y:     0.0000      Z:     0.8639     Total:     0.8639

  Dipole Moment: [D]
     X:     0.0000      Y:     0.0000      Z:     2.1959     Total:     2.1959


*** tstop() called on wanukaka at Thu Apr 14 12:38:05 2022
Module time:
	user time   =       5.39 seconds =       0.09 minutes
	system time =       0.27 seconds =       0.00 minutes
	total time  =          0 seconds =       0.00 minutes
Total time:
	user time   =     269.17 seconds =       4.49 minutes
	system time =      10.79 seconds =       0.18 minutes
	total time  =         29 seconds =       0.48 minutes
hessian() using ref_gradient to assess stationary point.

  Based on options and gradient (rms=8.83E-06), recommend projecting translations and projecting rotations.
hessian() will perform analytic frequency computation.

*** tstart() called on wanukaka
*** at Thu Apr 14 12:38:05 2022

   => Loading Basis Set <=

    Name: 6-311++G(D,P)
    Role: ORBITAL
    Keyword: BASIS
    atoms 1   entry O          line   161 file /home/sulstice/software/miniconda2/envs/qmpython2/share/psi4/basis/6-311ppg_d_p_.gbs 
    atoms 2-3 entry H          line    42 file /home/sulstice/software/miniconda2/envs/qmpython2/share/psi4/basis/6-311ppg_d_p_.gbs 


         ---------------------------------------------------------
                                   SCF
               by Justin Turney, Rob Parrish, Andy Simmonett
                          and Daniel G. A. Smith
                              RHF Reference
                       10 Threads,   7629 MiB Core
         ---------------------------------------------------------

  ==> Geometry <==

    Molecular point group: c2v
    Full point group: C2v

    Geometry (in Angstrom), charge = 0, multiplicity = 1:

       Center              X                  Y                   Z               Mass       
    ------------   -----------------  -----------------  -----------------  -----------------
         O            0.000000000000     0.000000000000    -0.063229289523    15.994914619570
         H            0.000000000000    -0.752791501169     0.501747354465     1.007825032230
         H            0.000000000000     0.752791501169     0.501747354465     1.007825032230

  Running in c2v symmetry.

  Rotational constants: A =     29.50297  B =     14.75815  C =      9.83729 [cm^-1]
  Rotational constants: A = 884476.86306  B = 442438.23162  C = 294914.40769 [MHz]
  Nuclear repulsion =    9.347080436005019

  Charge       = 0
  Multiplicity = 1
  Electrons    = 10
  Nalpha       = 5
  Nbeta        = 5

  ==> Algorithm <==

  SCF Algorithm Type is DF.
  DIIS enabled.
  MOM disabled.
  Fractional occupation disabled.
  Guess Type is SAD.
  Energy threshold   = 1.00e-08
  Density threshold  = 1.00e-08
  Integral threshold = 0.00e+00

  ==> Primary Basis <==

  Basis Set: 6-311++G(D,P)
    Blend: 6-311++G(D,P)
    Number of shells: 20
    Number of basis function: 36
    Number of Cartesian functions: 37
    Spherical Harmonics?: true
    Max angular momentum: 2

   => Loading Basis Set <=

    Name: (6-311++G(D,P) AUX)
    Role: JKFIT
    Keyword: DF_BASIS_SCF
    atoms 1   entry O          line   286 file /home/sulstice/software/miniconda2/envs/qmpython2/share/psi4/basis/aug-cc-pvtz-jkfit.gbs 
    atoms 2-3 entry H          line    70 file /home/sulstice/software/miniconda2/envs/qmpython2/share/psi4/basis/aug-cc-pvtz-jkfit.gbs 

  ==> Pre-Iterations <==

   -------------------------------------------------------
    Irrep   Nso     Nmo     Nalpha   Nbeta   Ndocc  Nsocc
   -------------------------------------------------------
     A1        17      17       0       0       0       0
     A2         2       2       0       0       0       0
     B1         6       6       0       0       0       0
     B2        11      11       0       0       0       0
   -------------------------------------------------------
    Total      36      36       5       5       5       0
   -------------------------------------------------------

  ==> Integral Setup <==

  DFHelper Memory: AOs need 0.003 GiB; user supplied 5.588 GiB. Using in-core AOs.

  ==> MemDFJK: Density-Fitted J/K Matrices <==

    J tasked:                   Yes
    K tasked:                   Yes
    wK tasked:                   No
    OpenMP threads:              10
    Memory [MiB]:              5722
    Algorithm:                 Core
    Schwarz Cutoff:           1E-12
    Mask sparsity (%):       0.0000
    Fitting Condition:        1E-10

   => Auxiliary Basis Set <=

  Basis Set: (6-311++G(D,P) AUX)
    Blend: AUG-CC-PVTZ-JKFIT
    Number of shells: 58
    Number of basis function: 196
    Number of Cartesian functions: 241
    Spherical Harmonics?: true
    Max angular momentum: 4

  Minimum eigenvalue in the overlap matrix is 3.3217202895E-03.
  Using Symmetric Orthogonalization.

  SCF Guess: Superposition of Atomic Densities via on-the-fly atomic UHF.

  ==> Iterations <==

                           Total Energy        Delta E     RMS |[F,P]|

   @DF-RHF iter SAD:   -75.48708749810758   -7.54871e+01   0.00000e+00 
   @DF-RHF iter   1:   -75.96853804456551   -4.81451e-01   2.22154e-02 DIIS
   @DF-RHF iter   2:   -76.02384200848475   -5.53040e-02   1.43981e-02 DIIS
   @DF-RHF iter   3:   -76.05303085956915   -2.91889e-02   1.02914e-03 DIIS
   @DF-RHF iter   4:   -76.05339855340590   -3.67694e-04   2.23187e-04 DIIS
   @DF-RHF iter   5:   -76.05341748039432   -1.89270e-05   4.31511e-05 DIIS
   @DF-RHF iter   6:   -76.05341858215590   -1.10176e-06   9.97104e-06 DIIS
   @DF-RHF iter   7:   -76.05341865288281   -7.07269e-08   1.57858e-06 DIIS
   @DF-RHF iter   8:   -76.05341865434862   -1.46581e-09   2.69390e-07 DIIS
   @DF-RHF iter   9:   -76.05341865438700   -3.83835e-11   6.79682e-08 DIIS
   @DF-RHF iter  10:   -76.05341865438901   -2.00373e-12   8.43789e-09 DIIS
  Energy and wave function converged.


  ==> Post-Iterations <==

    Orbital Energies [Eh]
    ---------------------

    Doubly Occupied:                                                      

       1A1   -20.562970     2A1    -1.362728     1B2    -0.732878  
       3A1    -0.583834     1B1    -0.510947  

    Virtual:                                                              

       4A1     0.043727     2B2     0.072327     5A1     0.240666  
       2B1     0.245322     6A1     0.252573     3B2     0.263244  
       4B2     0.318791     7A1     0.322015     5B2     0.697017  
       8A1     0.744614     9A1     1.197069     6B2     1.243715  
       3B1     1.244081    10A1     1.480798     1A2     1.503692  
      11A1     1.607925     4B1     1.728180     7B2     1.938297  
       8B2     2.341881    12A1     2.486173    13A1     2.705557  
       9B2     2.861244     5B1     3.490723     2A2     3.559651  
      14A1     3.732298    15A1     4.112449    10B2     4.345372  
       6B1     5.492306    16A1     5.888862    11B2     6.266554  
      17A1    51.590256  

    Final Occupation by Irrep:
             A1    A2    B1    B2 
    DOCC [     3,    0,    1,    1 ]

  @DF-RHF Final Energy:   -76.05341865438901

   => Energetics <=

    Nuclear Repulsion Energy =              9.3470804360050188
    One-Electron Energy =                -123.2942851329830347
    Two-Electron Energy =                  37.8937860425890207
    Total Energy =                        -76.0534186543889916

Computation Completed


Properties will be evaluated at   0.000000,   0.000000,   0.000000 [a0]

Properties computed using the SCF density matrix

  Nuclear Dipole Moment: [e a0]
     X:     0.0000      Y:     0.0000      Z:     0.9404

  Electronic Dipole Moment: [e a0]
     X:     0.0000      Y:     0.0000      Z:    -0.0765

  Dipole Moment: [e a0]
     X:     0.0000      Y:     0.0000      Z:     0.8639     Total:     0.8639

  Dipole Moment: [D]
     X:     0.0000      Y:     0.0000      Z:     2.1959     Total:     2.1959


*** tstop() called on wanukaka at Thu Apr 14 12:38:06 2022
Module time:
	user time   =       5.33 seconds =       0.09 minutes
	system time =       0.22 seconds =       0.00 minutes
	total time  =          1 seconds =       0.02 minutes
Total time:
	user time   =     274.59 seconds =       4.58 minutes
	system time =      11.02 seconds =       0.18 minutes
	total time  =         30 seconds =       0.50 minutes

*** tstart() called on wanukaka
*** at Thu Apr 14 12:38:06 2022


         ------------------------------------------------------------
                                   SCF HESS                          
                          Rob Parrish, Justin Turney,                
                       Andy Simmonett, and Alex Sokolov              
         ------------------------------------------------------------

  ==> Geometry <==

    Molecular point group: c2v
    Full point group: C2v

    Geometry (in Angstrom), charge = 0, multiplicity = 1:

       Center              X                  Y                   Z               Mass       
    ------------   -----------------  -----------------  -----------------  -----------------
         O            0.000000000000     0.000000000000    -0.063229289523    15.994914619570
         H            0.000000000000    -0.752791501169     0.501747354465     1.007825032230
         H            0.000000000000     0.752791501169     0.501747354465     1.007825032230

  Nuclear repulsion =    9.347080436005019

  ==> Basis Set <==

  Basis Set: 6-311++G(D,P)
    Blend: 6-311++G(D,P)
    Number of shells: 20
    Number of basis function: 36
    Number of Cartesian functions: 37
    Spherical Harmonics?: true
    Max angular momentum: 2

  ==> DFJKGrad: Density-Fitted SCF Gradients <==

    Gradient:                    2
    J tasked:                  Yes
    K tasked:                  Yes
    wK tasked:                  No
    OpenMP threads:             10
    Integrals threads:          10
    Memory [MiB]:             5722
    Schwarz Cutoff:          0E+00
    Fitting Condition:       1E-10

   => Auxiliary Basis Set <=

  Basis Set: (6-311++G(D,P) AUX)
    Blend: AUG-CC-PVTZ-JKFIT
    Number of shells: 58
    Number of basis function: 196
    Number of Cartesian functions: 241
    Spherical Harmonics?: true
    Max angular momentum: 4

  DFHelper Memory: AOs need 0.003 GiB; user supplied 6.706 GiB. Using in-core AOs.

  ==> MemDFJK: Density-Fitted J/K Matrices <==

    J tasked:                   Yes
    K tasked:                   Yes
    wK tasked:                   No
    OpenMP threads:              10
    Memory [MiB]:              6866
    Algorithm:                 Core
    Schwarz Cutoff:           1E-12
    Mask sparsity (%):       0.0000
    Fitting Condition:        1E-10

   => Auxiliary Basis Set <=

  Basis Set: (6-311++G(D,P) AUX)
    Blend: AUG-CC-PVTZ-JKFIT
    Number of shells: 58
    Number of basis function: 196
    Number of Cartesian functions: 241
    Spherical Harmonics?: true
    Max angular momentum: 4


         ------------------------------------------------------------
                                     CPHF                           
                                  Rob Parrish                       
         ------------------------------------------------------------

  ==> Geometry <==

    Molecular point group: c2v
    Full point group: C2v

    Geometry (in Angstrom), charge = 0, multiplicity = 1:

       Center              X                  Y                   Z               Mass       
    ------------   -----------------  -----------------  -----------------  -----------------
         O            0.000000000000     0.000000000000    -0.063229289523    15.994914619570
         H            0.000000000000    -0.752791501169     0.501747354465     1.007825032230
         H            0.000000000000     0.752791501169     0.501747354465     1.007825032230

  Nuclear repulsion =    9.347080436005019
  Reference energy  =  -76.053418654389006

  ==> Basis Set <==

  Basis Set: 6-311++G(D,P)
    Blend: 6-311++G(D,P)
    Number of shells: 20
    Number of basis function: 36
    Number of Cartesian functions: 37
    Spherical Harmonics?: true
    Max angular momentum: 2

  ==> CGRSolver (by Rob Parrish) <==

   Number of roots    =         9
   Preconditioning    =    JACOBI
   Convergence cutoff =     1E-06
   Maximum iterations =       100

  ==> CPHFRHamiltonian (by Rob Parrish) <== 

  ==> MemDFJK: Density-Fitted J/K Matrices <==

    J tasked:                   Yes
    K tasked:                   Yes
    wK tasked:                   No
    OpenMP threads:              10
    Memory [MiB]:              6866
    Algorithm:                 Core
    Schwarz Cutoff:           1E-12
    Mask sparsity (%):       0.0000
    Fitting Condition:        1E-10

   => Auxiliary Basis Set <=

  Basis Set: (6-311++G(D,P) AUX)
    Blend: AUG-CC-PVTZ-JKFIT
    Number of shells: 58
    Number of basis function: 196
    Number of Cartesian functions: 241
    Spherical Harmonics?: true
    Max angular momentum: 4

  ==> CPHF Iterations <==

  => Iterations <=

             Iter  Converged  Remaining    Residual
  CGR           1          0          9   1.061E-01
  CGR           2          0          9   2.161E-02
  CGR           3          0          9   5.070E-03
  CGR           4          0          9   1.023E-03
  CGR           5          0          9   1.529E-04
  CGR           6          0          9   2.915E-05
  CGR           7          2          7   6.236E-06
  CGR           8          7          2   1.092E-06
  CGR           9          9          0   1.594E-07

    CGRSolver converged.


*** tstop() called on wanukaka at Thu Apr 14 12:38:20 2022
Module time:
	user time   =     128.45 seconds =       2.14 minutes
	system time =       3.32 seconds =       0.06 minutes
	total time  =         14 seconds =       0.23 minutes
Total time:
	user time   =     403.05 seconds =       6.72 minutes
	system time =      14.34 seconds =       0.24 minutes
	total time  =         44 seconds =       0.73 minutes


  ==> Harmonic Vibrational Analysis <==

  non-mass-weighted Hessian:       Symmetric? True   Hermitian? True   Lin Dep Dim?  0 (0)
  projection of translations (True) and rotations (True) removed 6 degrees of freedom (6)
  total projector:                 Symmetric? True   Hermitian? True   Lin Dep Dim?  6 (6)
  mass-weighted Hessian:           Symmetric? True   Hermitian? True   Lin Dep Dim?  0 (0)
  pre-proj  low-frequency mode:    0.0000i [cm^-1]
  pre-proj  low-frequency mode:    0.0000i [cm^-1]
  pre-proj  low-frequency mode:    0.0000i [cm^-1]
  pre-proj  low-frequency mode:    0.0000i [cm^-1]
  pre-proj  low-frequency mode:    0.0000i [cm^-1]
  pre-proj  low-frequency mode:    0.0072  [cm^-1]
  pre-proj  all modes:['16.3098i' '13.9222i' '12.5601i' '0.0295i' '0.0020i' '0.0072' '1726.2180'
 '4142.7147' '4244.7245']
  projected mass-weighted Hessian: Symmetric? True   Hermitian? True   Lin Dep Dim?  6 (6)
  post-proj low-frequency mode:    0.0000i [cm^-1] (TR)
  post-proj low-frequency mode:    0.0000i [cm^-1] (TR)
  post-proj low-frequency mode:    0.0000  [cm^-1] (TR)
  post-proj low-frequency mode:    0.0000  [cm^-1] (TR)
  post-proj low-frequency mode:    0.0001  [cm^-1] (TR)
  post-proj low-frequency mode:    0.0001  [cm^-1] (TR)
  post-proj  all modes:['0.0000i' '0.0000i' '0.0000' '0.0000' '0.0001' '0.0001' '1726.2180'
 '4142.7147' '4244.7245']

  Vibration                       7                   8                   9           
  Freq [cm^-1]                1726.2180           4142.7147           4244.7245       
  Irrep                           A1                  A1                  B2          
  Reduced mass [u]              1.0826              1.0452              1.0836        
  Force const [mDyne/A]         1.9007             10.5690             11.5028        
  Turning point v=0 [a0]        0.2538              0.1667              0.1618        
  RMS dev v=0 [a0 u^1/2]        0.1867              0.1205              0.1191        
  IR activ [km/mol]            85.6252             25.4868             88.2900        
  Char temp [K]               2483.6434           5960.4441           6107.2134       
  ----------------------------------------------------------------------------------
      1   O               -0.00  0.00 -0.07   -0.00  0.00  0.05    0.00 -0.07  0.00   
      2   H               -0.00  0.43  0.56   -0.00  0.58 -0.40   -0.00  0.56 -0.42   
      3   H                0.00 -0.43  0.56    0.00 -0.58 -0.40   -0.00  0.56  0.42   

  ==> Thermochemistry Components <==

  Entropy, S
    Electronic S            0.000 [cal/(mol K)]        0.000 [J/(mol K)]       0.00000000 [mEh/K] (multiplicity = 1)
    Translational S        34.608 [cal/(mol K)]      144.801 [J/(mol K)]       0.05515177 [mEh/K] (mol. weight = 18.0106 [u], P = 101325.00 [Pa])
    Rotational S           10.331 [cal/(mol K)]       43.224 [J/(mol K)]       0.01646326 [mEh/K] (symmetry no. = 2)
    Vibrational S           0.004 [cal/(mol K)]        0.019 [J/(mol K)]       0.00000713 [mEh/K]
  Total S                  44.944 [cal/(mol K)]      188.044 [J/(mol K)]       0.07162216 [mEh/K]
  Correction S              0.000 [cal/(mol K)]        0.000 [J/(mol K)]       0.00000000 [mEh/K]

  Constant volume heat capacity, Cv
    Electronic Cv           0.000 [cal/(mol K)]        0.000 [J/(mol K)]       0.00000000 [mEh/K]
    Translational Cv        2.981 [cal/(mol K)]       12.472 [J/(mol K)]       0.00475022 [mEh/K]
    Rotational Cv           2.981 [cal/(mol K)]       12.472 [J/(mol K)]       0.00475022 [mEh/K]
    Vibrational Cv          0.033 [cal/(mol K)]        0.139 [J/(mol K)]       0.00005302 [mEh/K]
  Total Cv                  5.995 [cal/(mol K)]       25.083 [J/(mol K)]       0.00955345 [mEh/K]
  Correction Cv             0.000 [cal/(mol K)]        0.000 [J/(mol K)]       0.00000000 [mEh/K]

  Constant pressure heat capacity, Cp
    Electronic Cp           0.000 [cal/(mol K)]        0.000 [J/(mol K)]       0.00000000 [mEh/K]
    Translational Cp        4.968 [cal/(mol K)]       20.786 [J/(mol K)]       0.00791703 [mEh/K]
    Rotational Cp           2.981 [cal/(mol K)]       12.472 [J/(mol K)]       0.00475022 [mEh/K]
    Vibrational Cp          0.033 [cal/(mol K)]        0.139 [J/(mol K)]       0.00005302 [mEh/K]
  Total Cp                  7.982 [cal/(mol K)]       33.397 [J/(mol K)]       0.01272026 [mEh/K]
  Correction Cp             0.000 [cal/(mol K)]        0.000 [J/(mol K)]       0.00000000 [mEh/K]

  ==> Thermochemistry Energy Analysis <==

  Raw electronic energy, E0
  Total E0, Electronic energy at well bottom at 0 [K]                  -76.05341865 [Eh]

  Zero-point energy, ZPE_vib = Sum_i nu_i / 2
    Electronic ZPE          0.000 [kcal/mol]        0.000 [kJ/mol]       0.00000000 [Eh]
    Translational ZPE       0.000 [kcal/mol]        0.000 [kJ/mol]       0.00000000 [Eh]
    Rotational ZPE          0.000 [kcal/mol]        0.000 [kJ/mol]       0.00000000 [Eh]
    Vibrational ZPE        14.458 [kcal/mol]       60.493 [kJ/mol]       0.02304061 [Eh]        5056.829 [cm^-1]
  Correction ZPE           14.458 [kcal/mol]       60.493 [kJ/mol]       0.02304061 [Eh]        5056.829 [cm^-1]
  Total ZPE, Electronic energy at 0 [K]                                -76.03037805 [Eh]

  Thermal Energy, E (includes ZPE)
    Electronic E            0.000 [kcal/mol]        0.000 [kJ/mol]       0.00000000 [Eh]
    Translational E         0.889 [kcal/mol]        3.718 [kJ/mol]       0.00141628 [Eh]
    Rotational E            0.889 [kcal/mol]        3.718 [kJ/mol]       0.00141628 [Eh]
    Vibrational E          14.459 [kcal/mol]       60.498 [kJ/mol]       0.02304250 [Eh]
  Correction E             16.237 [kcal/mol]       67.935 [kJ/mol]       0.02587506 [Eh]
  Total E, Electronic energy at  298.15 [K]                            -76.02754360 [Eh]

  Enthalpy, H_trans = E_trans + k_B * T
    Electronic H            0.000 [kcal/mol]        0.000 [kJ/mol]       0.00000000 [Eh]
    Translational H         1.481 [kcal/mol]        6.197 [kJ/mol]       0.00236046 [Eh]
    Rotational H            0.889 [kcal/mol]        3.718 [kJ/mol]       0.00141628 [Eh]
    Vibrational H          14.459 [kcal/mol]       60.498 [kJ/mol]       0.02304250 [Eh]
  Correction H             16.829 [kcal/mol]       70.414 [kJ/mol]       0.02681924 [Eh]
  Total H, Enthalpy at  298.15 [K]                                     -76.02659941 [Eh]

  Gibbs free energy, G = H - T * S
    Electronic G            0.000 [kcal/mol]        0.000 [kJ/mol]       0.00000000 [Eh]
    Translational G        -8.837 [kcal/mol]      -36.975 [kJ/mol]      -0.01408304 [Eh]
    Rotational G           -2.191 [kcal/mol]       -9.169 [kJ/mol]      -0.00349225 [Eh]
    Vibrational G          14.458 [kcal/mol]       60.493 [kJ/mol]       0.02304038 [Eh]
  Correction G              3.429 [kcal/mol]       14.349 [kJ/mol]       0.00546509 [Eh]
  Total G, Free enthalpy at  298.15 [K]                                -76.04795356 [Eh]
