gradient() will perform analytic gradient computation.

*** tstart() called on wanukaka
*** at Thu Apr 14 13:05:55 2022

   => Loading Basis Set <=

    Name: 6-31G
    Role: ORBITAL
    Keyword: BASIS
    atoms 1-2 entry C          line    87 file /home/sulstice/software/miniconda2/envs/qmpython2/share/psi4/basis/6-31g.gbs 
    atoms 3-4 entry H          line    26 file /home/sulstice/software/miniconda2/envs/qmpython2/share/psi4/basis/6-31g.gbs 


         ---------------------------------------------------------
                                   SCF
               by Justin Turney, Rob Parrish, Andy Simmonett
                          and Daniel G. A. Smith
                              RHF Reference
                       10 Threads,   7629 MiB Core
         ---------------------------------------------------------

  ==> Geometry <==

    Molecular point group: d2h
    Full point group: D_inf_h

    Geometry (in Angstrom), charge = 0, multiplicity = 1:

       Center              X                  Y                   Z               Mass       
    ------------   -----------------  -----------------  -----------------  -----------------
         C           -0.600155000000    -0.000000000000     0.000000000000    12.000000000000
         C            0.600155000000     0.000000000000     0.000000000000    12.000000000000
         H           -1.665935000000    -0.000000000000     0.000000000000     1.007825032230
         H            1.665935000000     0.000000000000     0.000000000000     1.007825032230

  Running in d2h symmetry.

  Rotational constants: A = ************  B =      1.18394  C =      1.18394 [cm^-1]
  Rotational constants: A = ************  B =  35493.64415  C =  35493.64415 [MHz]
  Nuclear repulsion =   24.790474845202418

  Charge       = 0
  Multiplicity = 1
  Electrons    = 14
  Nalpha       = 7
  Nbeta        = 7

  ==> Algorithm <==

  SCF Algorithm Type is DF.
  DIIS enabled.
  MOM disabled.
  Fractional occupation disabled.
  Guess Type is SAD.
  Energy threshold   = 1.00e-08
  Density threshold  = 1.00e-08
  Integral threshold = 0.00e+00

  ==> Primary Basis <==

  Basis Set: 6-31G
    Blend: 6-31G
    Number of shells: 14
    Number of basis function: 22
    Number of Cartesian functions: 22
    Spherical Harmonics?: false
    Max angular momentum: 1

   => Loading Basis Set <=

    Name: (6-31G AUX)
    Role: JKFIT
    Keyword: DF_BASIS_SCF
    atoms 1-2 entry C          line   121 file /home/sulstice/software/miniconda2/envs/qmpython2/share/psi4/basis/cc-pvdz-jkfit.gbs 
    atoms 3-4 entry H          line    51 file /home/sulstice/software/miniconda2/envs/qmpython2/share/psi4/basis/cc-pvdz-jkfit.gbs 

  ==> Pre-Iterations <==

   -------------------------------------------------------
    Irrep   Nso     Nmo     Nalpha   Nbeta   Ndocc  Nsocc
   -------------------------------------------------------
     Ag         7       7       0       0       0       0
     B1g        2       2       0       0       0       0
     B2g        2       2       0       0       0       0
     B3g        0       0       0       0       0       0
     Au         0       0       0       0       0       0
     B1u        2       2       0       0       0       0
     B2u        2       2       0       0       0       0
     B3u        7       7       0       0       0       0
   -------------------------------------------------------
    Total      22      22       7       7       7       0
   -------------------------------------------------------

  ==> Integral Setup <==

  DFHelper Memory: AOs need 0.001 GiB; user supplied 5.588 GiB. Using in-core AOs.

  ==> MemDFJK: Density-Fitted J/K Matrices <==

    J tasked:                   Yes
    K tasked:                   Yes
    wK tasked:                   No
    OpenMP threads:              10
    Memory [MiB]:              5722
    Algorithm:                 Core
    Schwarz Cutoff:           1E-12
    Mask sparsity (%):       0.0000
    Fitting Condition:        1E-10

   => Auxiliary Basis Set <=

  Basis Set: (6-31G AUX)
    Blend: CC-PVDZ-JKFIT
    Number of shells: 66
    Number of basis function: 212
    Number of Cartesian functions: 212
    Spherical Harmonics?: false
    Max angular momentum: 3

  Minimum eigenvalue in the overlap matrix is 1.1166077495E-03.
  Using Symmetric Orthogonalization.

  SCF Guess: Superposition of Atomic Densities via on-the-fly atomic UHF.

  ==> Iterations <==

                           Total Energy        Delta E     RMS |[F,P]|

   @DF-RHF iter SAD:   -75.97675149860024   -7.59768e+01   0.00000e+00 
   @DF-RHF iter   1:   -76.77161853899378   -7.94867e-01   1.65107e-02 DIIS
   @DF-RHF iter   2:   -76.79113243990797   -1.95139e-02   4.06688e-03 DIIS
   @DF-RHF iter   3:   -76.79229216087717   -1.15972e-03   6.89509e-04 DIIS
   @DF-RHF iter   4:   -76.79234942944196   -5.72686e-05   1.17897e-04 DIIS
   @DF-RHF iter   5:   -76.79235143389153   -2.00445e-06   8.16520e-06 DIIS
   @DF-RHF iter   6:   -76.79235144198040   -8.08888e-09   4.48308e-07 DIIS
   @DF-RHF iter   7:   -76.79235144199696   -1.65556e-11   2.93978e-08 DIIS
   @DF-RHF iter   8:   -76.79235144199706   -9.94760e-14   4.28158e-09 DIIS
  Energy and wave function converged.


  ==> Post-Iterations <==

    Orbital Energies [Eh]
    ---------------------

    Doubly Occupied:                                                      

       1Ag   -11.246439     1B3u  -11.242705     2Ag    -1.033138  
       2B3u   -0.755214     3Ag    -0.673142     1B2u   -0.405375  
       1B1u   -0.405375  

    Virtual:                                                              

       1B1g    0.213382     1B2g    0.213382     3B3u    0.249307  
       4Ag     0.294096     4B3u    0.616029     5Ag     0.657678  
       2B1u    0.754547     2B2u    0.754547     2B2g    0.908605  
       2B1g    0.908605     5B3u    0.967378     6Ag     1.050951  
       7Ag     1.303488     6B3u    1.599103     7B3u    1.813334  

    Final Occupation by Irrep:
             Ag   B1g   B2g   B3g    Au   B1u   B2u   B3u 
    DOCC [     3,    0,    0,    0,    0,    1,    1,    2 ]

  @DF-RHF Final Energy:   -76.79235144199706

   => Energetics <=

    Nuclear Repulsion Energy =             24.7904748452024180
    One-Electron Energy =                -151.6428730302028498
    Two-Electron Energy =                  50.0600467430033689
    Total Energy =                        -76.7923514419970559

Computation Completed


Properties will be evaluated at   0.000000,   0.000000,   0.000000 [a0]

Properties computed using the SCF density matrix

  Nuclear Dipole Moment: [e a0]
     X:     0.0000      Y:     0.0000      Z:     0.0000

  Electronic Dipole Moment: [e a0]
     X:     0.0000      Y:     0.0000      Z:     0.0000

  Dipole Moment: [e a0]
     X:     0.0000      Y:     0.0000      Z:     0.0000     Total:     0.0000

  Dipole Moment: [D]
     X:     0.0000      Y:     0.0000      Z:     0.0000     Total:     0.0000


*** tstop() called on wanukaka at Thu Apr 14 13:05:56 2022
Module time:
	user time   =       5.01 seconds =       0.08 minutes
	system time =       0.23 seconds =       0.00 minutes
	total time  =          1 seconds =       0.02 minutes
Total time:
	user time   =   14623.77 seconds =     243.73 minutes
	system time =     639.71 seconds =      10.66 minutes
	total time  =       1700 seconds =      28.33 minutes

*** tstart() called on wanukaka
*** at Thu Apr 14 13:05:56 2022


         ------------------------------------------------------------
                                   SCF GRAD                          
                          Rob Parrish, Justin Turney,                
                       Andy Simmonett, and Alex Sokolov              
         ------------------------------------------------------------

  ==> Geometry <==

    Molecular point group: d2h
    Full point group: D_inf_h

    Geometry (in Angstrom), charge = 0, multiplicity = 1:

       Center              X                  Y                   Z               Mass       
    ------------   -----------------  -----------------  -----------------  -----------------
         C           -0.600155000000    -0.000000000000     0.000000000000    12.000000000000
         C            0.600155000000     0.000000000000     0.000000000000    12.000000000000
         H           -1.665935000000    -0.000000000000     0.000000000000     1.007825032230
         H            1.665935000000     0.000000000000     0.000000000000     1.007825032230

  Nuclear repulsion =   24.790474845202418

  ==> Basis Set <==

  Basis Set: 6-31G
    Blend: 6-31G
    Number of shells: 14
    Number of basis function: 22
    Number of Cartesian functions: 22
    Spherical Harmonics?: false
    Max angular momentum: 1

  ==> DFJKGrad: Density-Fitted SCF Gradients <==

    Gradient:                    1
    J tasked:                  Yes
    K tasked:                  Yes
    wK tasked:                  No
    OpenMP threads:             10
    Integrals threads:          10
    Memory [MiB]:             5722
    Schwarz Cutoff:          0E+00
    Fitting Condition:       1E-10

   => Auxiliary Basis Set <=

  Basis Set: (6-31G AUX)
    Blend: CC-PVDZ-JKFIT
    Number of shells: 66
    Number of basis function: 212
    Number of Cartesian functions: 212
    Spherical Harmonics?: false
    Max angular momentum: 3


  -Total Gradient:
     Atom            X                  Y                   Z
    ------   -----------------  -----------------  -----------------
       1       -0.003714009583    -0.000000000000     0.000000000000
       2        0.003714009583     0.000000000000     0.000000000000
       3       -0.010594690498    -0.000000000000     0.000000000000
       4        0.010594690498     0.000000000000     0.000000000000


*** tstop() called on wanukaka at Thu Apr 14 13:05:56 2022
Module time:
	user time   =       3.75 seconds =       0.06 minutes
	system time =       0.14 seconds =       0.00 minutes
	total time  =          0 seconds =       0.00 minutes
Total time:
	user time   =   14627.54 seconds =     243.79 minutes
	system time =     639.85 seconds =      10.66 minutes
	total time  =       1700 seconds =      28.33 minutes

			-----------------------------------------
			 OPTKING 2.0: for geometry optimizations 
			  - R.A. King,  Bethel University        
			-----------------------------------------

	Internal coordinates to be generated automatically.
	Detected frag 1 with atoms:  1 2 3 4
	---Fragment 1 Bond Connectivity---
	 1 : 2 3
	 2 : 1 4
	 3 : 1
	 4 : 2

	---Fragment 1 Geometry and Gradient---
	 C          -1.1341285828       -0.0000000000        0.0000000000
	 C           1.1341285828        0.0000000000        0.0000000000
	 H          -3.1481608928       -0.0000000000        0.0000000000
	 H           3.1481608928        0.0000000000        0.0000000000
	            -0.0037140096       -0.0000000000        0.0000000000
	             0.0037140096        0.0000000000        0.0000000000
	            -0.0105946905       -0.0000000000        0.0000000000
	             0.0105946905        0.0000000000        0.0000000000

	Previous optimization step data not found.  Starting new optimization.

	---Fragment 1 Intrafragment Coordinates---
	 - Coordinate -           - BOHR/RAD -       - ANG/DEG -
	 R(1,2)           =         2.268257	       1.200310
	 R(1,3)           =         2.014032	       1.065780
	 R(2,4)           =         2.014032	       1.065780
	 L(1,2,4)         =         3.141593	     180.000000
	 l(1,2,4)         =         3.141593	     180.000000
	 L(2,1,3)         =         3.141593	     180.000000
	 l(2,1,3)         =         3.141593	     180.000000

	Current energy   :       -76.7923514420

	Generating empirical Hessian (Schlegel '84) for each fragment.
	Taking RFO optimization step.
	Going to follow RFO solution 1.
	Using RFO vector 1.
	Norm of target step-size    0.04188
	Projected energy change by RFO approximation:        -0.0007872384

	Back-transformation to cartesian coordinates...
	Successfully converged to displaced geometry.

	--- Internal Coordinate Step in ANG or DEG, aJ/ANG or AJ/DEG ---
	 ---------------------------------------------------------------------------
	   Coordinate                Previous        Force       Change         New 
	   ----------                --------       ------       ------       ------
	    1 R(1,2)          =      1.200310    -0.117885    -0.007229     1.193081
	    2 R(1,3)          =      1.065780    -0.087287    -0.014813     1.050967
	    3 R(2,4)          =      1.065780    -0.087287    -0.014813     1.050967
	    4 L(1,2,4)        =    180.000000     0.000000     0.000000   180.000000
	    5 l(1,2,4)        =    180.000000     0.000000     0.000000   180.000000
	    6 L(2,1,3)        =    180.000000     0.000000     0.000000   180.000000
	    7 l(2,1,3)        =    180.000000    -0.000000     0.000000   180.000000
	 ---------------------------------------------------------------------------
	Successfully symmetrized geometry.

  ==> Convergence Check <==

  Measures of convergence in internal coordinates in au.
  Criteria marked as inactive (o), active & met (*), and active & unmet ( ).
  --------------------------------------------------------------------------------------------- ~
   Step     Total Energy     Delta E     MAX Force     RMS Force      MAX Disp      RMS Disp    ~
  --------------------------------------------------------------------------------------------- ~
    Convergence Criteria    1.00e-06 *    3.00e-04 *             o    1.20e-03 *             o  ~
  --------------------------------------------------------------------------------------------- ~
      1     -76.79235144   -7.68e+01      1.43e-02      7.83e-03 o    2.80e-02      1.58e-02 o  ~
  ---------------------------------------------------------------------------------------------

	Writing optimization data to binary file.
	Structure for next step:
	Cartesian Geometry (in Angstrom)
	    C    -0.5965406281  -0.0000000000   0.0000000000
	    C     0.5965406281   0.0000000000   0.0000000000
	    H    -1.6475072896  -0.0000000000   0.0000000000
	    H     1.6475072896   0.0000000000  -0.0000000000
			--------------------------
			 OPTKING Finished Execution 
			--------------------------

    Structure for next step:
    Molecular point group: d2h
    Full point group: D_inf_h

    Geometry (in Angstrom), charge = 0, multiplicity = 1:

    C           -0.596540630429    -0.000000000000     0.000000000000
    C            0.596540630429     0.000000000000     0.000000000000
    H           -1.647507296043    -0.000000000000     0.000000000000
    H            1.647507296043     0.000000000000     0.000000000000

gradient() will perform analytic gradient computation.

*** tstart() called on wanukaka
*** at Thu Apr 14 13:05:56 2022

   => Loading Basis Set <=

    Name: 6-31G
    Role: ORBITAL
    Keyword: BASIS
    atoms 1-2 entry C          line    87 file /home/sulstice/software/miniconda2/envs/qmpython2/share/psi4/basis/6-31g.gbs 
    atoms 3-4 entry H          line    26 file /home/sulstice/software/miniconda2/envs/qmpython2/share/psi4/basis/6-31g.gbs 


         ---------------------------------------------------------
                                   SCF
               by Justin Turney, Rob Parrish, Andy Simmonett
                          and Daniel G. A. Smith
                              RHF Reference
                       10 Threads,   7629 MiB Core
         ---------------------------------------------------------

  ==> Geometry <==

    Molecular point group: d2h
    Full point group: D_inf_h

    Geometry (in Angstrom), charge = 0, multiplicity = 1:

       Center              X                  Y                   Z               Mass       
    ------------   -----------------  -----------------  -----------------  -----------------
         C           -0.596540630429    -0.000000000000     0.000000000000    12.000000000000
         C            0.596540630429     0.000000000000     0.000000000000    12.000000000000
         H           -1.647507296043    -0.000000000000     0.000000000000     1.007825032230
         H            1.647507296043     0.000000000000    -0.000000000000     1.007825032230

  Running in d2h symmetry.

  Rotational constants: A = ************  B =      1.20311  C =      1.20311 [cm^-1]
  Rotational constants: A = ************  B =  36068.36651  C =  36068.36651 [MHz]
  Nuclear repulsion =   24.999918579143085

  Charge       = 0
  Multiplicity = 1
  Electrons    = 14
  Nalpha       = 7
  Nbeta        = 7

  ==> Algorithm <==

  SCF Algorithm Type is DF.
  DIIS enabled.
  MOM disabled.
  Fractional occupation disabled.
  Guess Type is READ.
  Energy threshold   = 1.00e-08
  Density threshold  = 1.00e-08
  Integral threshold = 0.00e+00

  ==> Primary Basis <==

  Basis Set: 6-31G
    Blend: 6-31G
    Number of shells: 14
    Number of basis function: 22
    Number of Cartesian functions: 22
    Spherical Harmonics?: false
    Max angular momentum: 1

   => Loading Basis Set <=

    Name: (6-31G AUX)
    Role: JKFIT
    Keyword: DF_BASIS_SCF
    atoms 1-2 entry C          line   121 file /home/sulstice/software/miniconda2/envs/qmpython2/share/psi4/basis/cc-pvdz-jkfit.gbs 
    atoms 3-4 entry H          line    51 file /home/sulstice/software/miniconda2/envs/qmpython2/share/psi4/basis/cc-pvdz-jkfit.gbs 

   => Loading Basis Set <=

    Name: 6-31G
    Role: ORBITAL
    Keyword: BASIS
    atoms 1-2 entry C          line    87 file /home/sulstice/software/miniconda2/envs/qmpython2/share/psi4/basis/6-31g.gbs 
    atoms 3-4 entry H          line    26 file /home/sulstice/software/miniconda2/envs/qmpython2/share/psi4/basis/6-31g.gbs 

  Reading orbitals from file 180, no projection.

  ==> Pre-Iterations <==

   -------------------------------------------------------
    Irrep   Nso     Nmo     Nalpha   Nbeta   Ndocc  Nsocc
   -------------------------------------------------------
     Ag         7       7       0       0       0       0
     B1g        2       2       0       0       0       0
     B2g        2       2       0       0       0       0
     B3g        0       0       0       0       0       0
     Au         0       0       0       0       0       0
     B1u        2       2       0       0       0       0
     B2u        2       2       0       0       0       0
     B3u        7       7       0       0       0       0
   -------------------------------------------------------
    Total      22      22       7       7       7       0
   -------------------------------------------------------

  ==> Integral Setup <==

  DFHelper Memory: AOs need 0.001 GiB; user supplied 5.588 GiB. Using in-core AOs.

  ==> MemDFJK: Density-Fitted J/K Matrices <==

    J tasked:                   Yes
    K tasked:                   Yes
    wK tasked:                   No
    OpenMP threads:              10
    Memory [MiB]:              5722
    Algorithm:                 Core
    Schwarz Cutoff:           1E-12
    Mask sparsity (%):       0.0000
    Fitting Condition:        1E-10

   => Auxiliary Basis Set <=

  Basis Set: (6-31G AUX)
    Blend: CC-PVDZ-JKFIT
    Number of shells: 66
    Number of basis function: 212
    Number of Cartesian functions: 212
    Spherical Harmonics?: false
    Max angular momentum: 3

  Minimum eigenvalue in the overlap matrix is 1.0476025538E-03.
  Using Symmetric Orthogonalization.

  SCF Guess: Orbitals guess was supplied from a previous computation.

  ==> Iterations <==

                           Total Energy        Delta E     RMS |[F,P]|

   @DF-RHF iter   0:   -76.81986430328428   -7.68199e+01   3.05715e-03 
   @DF-RHF iter   1:   -76.79265642052448    2.72079e-02   6.01478e-04 DIIS
   @DF-RHF iter   2:   -76.79268344351681   -2.70230e-05   1.53206e-04 DIIS
   @DF-RHF iter   3:   -76.79268498410424   -1.54059e-06   2.14063e-05 DIIS
   @DF-RHF iter   4:   -76.79268503400941   -4.99052e-08   3.23627e-06 DIIS
   @DF-RHF iter   5:   -76.79268503542498   -1.41557e-09   3.59873e-07 DIIS
   @DF-RHF iter   6:   -76.79268503544253   -1.75504e-11   2.88670e-08 DIIS
   @DF-RHF iter   7:   -76.79268503544256   -2.84217e-14   1.13442e-09 DIIS
  Energy and wave function converged.


  ==> Post-Iterations <==

    Orbital Energies [Eh]
    ---------------------

    Doubly Occupied:                                                      

       1Ag   -11.243270     1B3u  -11.239358     2Ag    -1.036026  
       2B3u   -0.760067     3Ag    -0.678434     1B2u   -0.407281  
       1B1u   -0.407281  

    Virtual:                                                              

       1B2g    0.215305     1B1g    0.215305     3B3u    0.254431  
       4Ag     0.297895     4B3u    0.619782     5Ag     0.654623  
       2B2u    0.753086     2B1u    0.753086     2B1g    0.911110  
       2B2g    0.911110     5B3u    0.966637     6Ag     1.053120  
       7Ag     1.321359     6B3u    1.629707     7B3u    1.824960  

    Final Occupation by Irrep:
             Ag   B1g   B2g   B3g    Au   B1u   B2u   B3u 
    DOCC [     3,    0,    0,    0,    0,    1,    1,    2 ]

  @DF-RHF Final Energy:   -76.79268503544256

   => Energetics <=

    Nuclear Repulsion Energy =             24.9999185791430847
    One-Electron Energy =                -152.0417739012146683
    Two-Electron Energy =                  50.2491702866290169
    Total Energy =                        -76.7926850354425596

Computation Completed


Properties will be evaluated at   0.000000,   0.000000,   0.000000 [a0]

Properties computed using the SCF density matrix

  Nuclear Dipole Moment: [e a0]
     X:     0.0000      Y:     0.0000      Z:    -0.0000

  Electronic Dipole Moment: [e a0]
     X:     0.0000      Y:     0.0000      Z:     0.0000

  Dipole Moment: [e a0]
     X:     0.0000      Y:     0.0000      Z:    -0.0000     Total:     0.0000

  Dipole Moment: [D]
     X:     0.0000      Y:     0.0000      Z:    -0.0000     Total:     0.0000


*** tstop() called on wanukaka at Thu Apr 14 13:05:57 2022
Module time:
	user time   =       4.54 seconds =       0.08 minutes
	system time =       0.26 seconds =       0.00 minutes
	total time  =          1 seconds =       0.02 minutes
Total time:
	user time   =   14632.20 seconds =     243.87 minutes
	system time =     640.11 seconds =      10.67 minutes
	total time  =       1701 seconds =      28.35 minutes

*** tstart() called on wanukaka
*** at Thu Apr 14 13:05:57 2022


         ------------------------------------------------------------
                                   SCF GRAD                          
                          Rob Parrish, Justin Turney,                
                       Andy Simmonett, and Alex Sokolov              
         ------------------------------------------------------------

  ==> Geometry <==

    Molecular point group: d2h
    Full point group: D_inf_h

    Geometry (in Angstrom), charge = 0, multiplicity = 1:

       Center              X                  Y                   Z               Mass       
    ------------   -----------------  -----------------  -----------------  -----------------
         C           -0.596540630429    -0.000000000000     0.000000000000    12.000000000000
         C            0.596540630429     0.000000000000     0.000000000000    12.000000000000
         H           -1.647507296043    -0.000000000000     0.000000000000     1.007825032230
         H            1.647507296043     0.000000000000    -0.000000000000     1.007825032230

  Nuclear repulsion =   24.999918579143085

  ==> Basis Set <==

  Basis Set: 6-31G
    Blend: 6-31G
    Number of shells: 14
    Number of basis function: 22
    Number of Cartesian functions: 22
    Spherical Harmonics?: false
    Max angular momentum: 1

  ==> DFJKGrad: Density-Fitted SCF Gradients <==

    Gradient:                    1
    J tasked:                  Yes
    K tasked:                  Yes
    wK tasked:                  No
    OpenMP threads:             10
    Integrals threads:          10
    Memory [MiB]:             5722
    Schwarz Cutoff:          0E+00
    Fitting Condition:       1E-10

   => Auxiliary Basis Set <=

  Basis Set: (6-31G AUX)
    Blend: CC-PVDZ-JKFIT
    Number of shells: 66
    Number of basis function: 212
    Number of Cartesian functions: 212
    Spherical Harmonics?: false
    Max angular momentum: 3


  -Total Gradient:
     Atom            X                  Y                   Z
    ------   -----------------  -----------------  -----------------
       1        0.000591402813     0.000000000000     0.000000000000
       2       -0.000591402813    -0.000000000000     0.000000000000
       3        0.001787346129     0.000000000000     0.000000000000
       4       -0.001787346129    -0.000000000000     0.000000000000


*** tstop() called on wanukaka at Thu Apr 14 13:05:57 2022
Module time:
	user time   =       2.77 seconds =       0.05 minutes
	system time =       0.11 seconds =       0.00 minutes
	total time  =          0 seconds =       0.00 minutes
Total time:
	user time   =   14634.98 seconds =     243.92 minutes
	system time =     640.23 seconds =      10.67 minutes
	total time  =       1701 seconds =      28.35 minutes

			-----------------------------------------
			 OPTKING 2.0: for geometry optimizations 
			  - R.A. King,  Bethel University        
			-----------------------------------------

	Previous internal coordinate definitions found.
	---Fragment 1 Geometry and Gradient---
	 C          -1.1272984142       -0.0000000000        0.0000000000
	 C           1.1272984142        0.0000000000        0.0000000000
	 H          -3.1133375792       -0.0000000000        0.0000000000
	 H           3.1133375792        0.0000000000       -0.0000000000
	             0.0005914028        0.0000000000        0.0000000000
	            -0.0005914028       -0.0000000000        0.0000000000
	             0.0017873461        0.0000000000        0.0000000000
	            -0.0017873461       -0.0000000000        0.0000000000

	---Fragment 1 Intrafragment Coordinates---
	 - Coordinate -           - BOHR/RAD -       - ANG/DEG -
	 R(1,2)           =         2.254597	       1.193081
	 R(1,3)           =         1.986039	       1.050967
	 R(2,4)           =         1.986039	       1.050967
	 L(1,2,4)         =         3.141593	     180.000000
	 l(1,2,4)         =         3.141593	     180.000000
	 L(2,1,3)         =         3.141593	     180.000000
	 l(2,1,3)         =         3.141593	     180.000000

	Current energy   :       -76.7926850354

	Energy change for the previous step:
		Projected    :        -0.0007872384
		Actual       :        -0.0003335934

	Performing BFGS update.
	Previous computed or guess Hessian on step 1.
	Steps to be used in Hessian update: 1
	Taking RFO optimization step.
	Going to follow RFO solution 1.
	Using RFO vector 1.
	Norm of target step-size    0.00604
	Projected energy change by RFO approximation:        -0.0000190754

	Back-transformation to cartesian coordinates...
	Successfully converged to displaced geometry.

	--- Internal Coordinate Step in ANG or DEG, aJ/ANG or AJ/DEG ---
	 ---------------------------------------------------------------------------
	   Coordinate                Previous        Force       Change         New 
	   ----------                --------       ------       ------       ------
	    1 R(1,2)          =      1.193081     0.019598     0.001029     1.194110
	    2 R(1,3)          =      1.050967     0.014725     0.002139     1.053106
	    3 R(2,4)          =      1.050967     0.014725     0.002139     1.053106
	    4 L(1,2,4)        =    180.000000    -0.000000     0.000000   180.000000
	    5 l(1,2,4)        =    180.000000    -0.000000     0.000000   180.000000
	    6 L(2,1,3)        =    180.000000    -0.000000     0.000000   180.000000
	    7 l(2,1,3)        =    180.000000     0.000000     0.000000   180.000000
	 ---------------------------------------------------------------------------
	Successfully symmetrized geometry.

  ==> Convergence Check <==

  Measures of convergence in internal coordinates in au.
  Criteria marked as inactive (o), active & met (*), and active & unmet ( ).
  ---------------------------------------------------------------------------------------------
   Step     Total Energy     Delta E     MAX Force     RMS Force      MAX Disp      RMS Disp   
  ---------------------------------------------------------------------------------------------
    Convergence Criteria    1.00e-06 *    3.00e-04 *             o    1.20e-03 *             o
  ---------------------------------------------------------------------------------------------
      2     -76.79268504   -3.34e-04      2.38e-03      1.31e-03 o    4.04e-03      2.28e-03 o  ~
  ---------------------------------------------------------------------------------------------

	Writing optimization data to binary file.
	Structure for next step:
	Cartesian Geometry (in Angstrom)
	    C    -0.5970550158  -0.0000000000   0.0000000000
	    C     0.5970550158   0.0000000000   0.0000000000
	    H    -1.6501609973  -0.0000000000   0.0000000000
	    H     1.6501609973   0.0000000000   0.0000000000
			--------------------------
			 OPTKING Finished Execution 
			--------------------------

    Structure for next step:
    Molecular point group: d2h
    Full point group: D_inf_h

    Geometry (in Angstrom), charge = 0, multiplicity = 1:

    C           -0.597055018102    -0.000000000000     0.000000000000
    C            0.597055018102     0.000000000000     0.000000000000
    H           -1.650161003761    -0.000000000000     0.000000000000
    H            1.650161003761     0.000000000000     0.000000000000

gradient() will perform analytic gradient computation.

*** tstart() called on wanukaka
*** at Thu Apr 14 13:05:57 2022

   => Loading Basis Set <=

    Name: 6-31G
    Role: ORBITAL
    Keyword: BASIS
    atoms 1-2 entry C          line    87 file /home/sulstice/software/miniconda2/envs/qmpython2/share/psi4/basis/6-31g.gbs 
    atoms 3-4 entry H          line    26 file /home/sulstice/software/miniconda2/envs/qmpython2/share/psi4/basis/6-31g.gbs 


         ---------------------------------------------------------
                                   SCF
               by Justin Turney, Rob Parrish, Andy Simmonett
                          and Daniel G. A. Smith
                              RHF Reference
                       10 Threads,   7629 MiB Core
         ---------------------------------------------------------

  ==> Geometry <==

    Molecular point group: d2h
    Full point group: D_inf_h

    Geometry (in Angstrom), charge = 0, multiplicity = 1:

       Center              X                  Y                   Z               Mass       
    ------------   -----------------  -----------------  -----------------  -----------------
         C           -0.597055018102    -0.000000000000     0.000000000000    12.000000000000
         C            0.597055018102     0.000000000000     0.000000000000    12.000000000000
         H           -1.650161003761    -0.000000000000     0.000000000000     1.007825032230
         H            1.650161003761     0.000000000000     0.000000000000     1.007825032230

  Running in d2h symmetry.

  Rotational constants: A = ************  B =      1.20034  C =      1.20034 [cm^-1]
  Rotational constants: A = ************  B =  35985.22182  C =  35985.22182 [MHz]
  Nuclear repulsion =   24.969640077411455

  Charge       = 0
  Multiplicity = 1
  Electrons    = 14
  Nalpha       = 7
  Nbeta        = 7

  ==> Algorithm <==

  SCF Algorithm Type is DF.
  DIIS enabled.
  MOM disabled.
  Fractional occupation disabled.
  Guess Type is READ.
  Energy threshold   = 1.00e-08
  Density threshold  = 1.00e-08
  Integral threshold = 0.00e+00

  ==> Primary Basis <==

  Basis Set: 6-31G
    Blend: 6-31G
    Number of shells: 14
    Number of basis function: 22
    Number of Cartesian functions: 22
    Spherical Harmonics?: false
    Max angular momentum: 1

   => Loading Basis Set <=

    Name: (6-31G AUX)
    Role: JKFIT
    Keyword: DF_BASIS_SCF
    atoms 1-2 entry C          line   121 file /home/sulstice/software/miniconda2/envs/qmpython2/share/psi4/basis/cc-pvdz-jkfit.gbs 
    atoms 3-4 entry H          line    51 file /home/sulstice/software/miniconda2/envs/qmpython2/share/psi4/basis/cc-pvdz-jkfit.gbs 

   => Loading Basis Set <=

    Name: 6-31G
    Role: ORBITAL
    Keyword: BASIS
    atoms 1-2 entry C          line    87 file /home/sulstice/software/miniconda2/envs/qmpython2/share/psi4/basis/6-31g.gbs 
    atoms 3-4 entry H          line    26 file /home/sulstice/software/miniconda2/envs/qmpython2/share/psi4/basis/6-31g.gbs 

  Reading orbitals from file 180, no projection.

  ==> Pre-Iterations <==

   -------------------------------------------------------
    Irrep   Nso     Nmo     Nalpha   Nbeta   Ndocc  Nsocc
   -------------------------------------------------------
     Ag         7       7       0       0       0       0
     B1g        2       2       0       0       0       0
     B2g        2       2       0       0       0       0
     B3g        0       0       0       0       0       0
     Au         0       0       0       0       0       0
     B1u        2       2       0       0       0       0
     B2u        2       2       0       0       0       0
     B3u        7       7       0       0       0       0
   -------------------------------------------------------
    Total      22      22       7       7       7       0
   -------------------------------------------------------

  ==> Integral Setup <==

  DFHelper Memory: AOs need 0.001 GiB; user supplied 5.588 GiB. Using in-core AOs.

  ==> MemDFJK: Density-Fitted J/K Matrices <==

    J tasked:                   Yes
    K tasked:                   Yes
    wK tasked:                   No
    OpenMP threads:              10
    Memory [MiB]:              5722
    Algorithm:                 Core
    Schwarz Cutoff:           1E-12
    Mask sparsity (%):       0.0000
    Fitting Condition:        1E-10

   => Auxiliary Basis Set <=

  Basis Set: (6-31G AUX)
    Blend: CC-PVDZ-JKFIT
    Number of shells: 66
    Number of basis function: 212
    Number of Cartesian functions: 212
    Spherical Harmonics?: false
    Max angular momentum: 3

  Minimum eigenvalue in the overlap matrix is 1.0572162640E-03.
  Using Symmetric Orthogonalization.

  SCF Guess: Orbitals guess was supplied from a previous computation.

  ==> Iterations <==

                           Total Energy        Delta E     RMS |[F,P]|

   @DF-RHF iter   0:   -76.78878887858062   -7.67888e+01   4.42043e-04 
   @DF-RHF iter   1:   -76.79269367832933   -3.90480e-03   8.54982e-05 DIIS
   @DF-RHF iter   2:   -76.79269422496142   -5.46632e-07   2.17412e-05 DIIS
   @DF-RHF iter   3:   -76.79269425602024   -3.10588e-08   3.06967e-06 DIIS
   @DF-RHF iter   4:   -76.79269425704027   -1.02003e-09   4.62074e-07 DIIS
   @DF-RHF iter   5:   -76.79269425706903   -2.87628e-11   5.15621e-08 DIIS
   @DF-RHF iter   6:   -76.79269425706941   -3.83693e-13   4.12860e-09 DIIS
  Energy and wave function converged.


  ==> Post-Iterations <==

    Orbital Energies [Eh]
    ---------------------

    Doubly Occupied:                                                      

       1Ag   -11.243724     1B3u  -11.239838     2Ag    -1.035615  
       2B3u   -0.759360     3Ag    -0.677667     1B2u   -0.407008  
       1B1u   -0.407008  

    Virtual:                                                              

       1B1g    0.215031     1B2g    0.215031     3B3u    0.253706  
       4Ag     0.297354     4B3u    0.619234     5Ag     0.655053  
       2B2u    0.753296     2B1u    0.753296     2B1g    0.910750  
       2B2g    0.910750     5B3u    0.966741     6Ag     1.052821  
       7Ag     1.318715     6B3u    1.625288     7B3u    1.823251  

    Final Occupation by Irrep:
             Ag   B1g   B2g   B3g    Au   B1u   B2u   B3u 
    DOCC [     3,    0,    0,    0,    0,    1,    1,    2 ]

  @DF-RHF Final Energy:   -76.79269425706941

   => Energetics <=

    Nuclear Repulsion Energy =             24.9696400774114551
    One-Electron Energy =                -151.9842277258553906
    Two-Electron Energy =                  50.2218933913745218
    Total Energy =                        -76.7926942570694138

Computation Completed


Properties will be evaluated at   0.000000,   0.000000,   0.000000 [a0]

Properties computed using the SCF density matrix

  Nuclear Dipole Moment: [e a0]
     X:     0.0000      Y:     0.0000      Z:     0.0000

  Electronic Dipole Moment: [e a0]
     X:     0.0000      Y:     0.0000      Z:     0.0000

  Dipole Moment: [e a0]
     X:     0.0000      Y:     0.0000      Z:     0.0000     Total:     0.0000

  Dipole Moment: [D]
     X:     0.0000      Y:     0.0000      Z:     0.0000     Total:     0.0000


*** tstop() called on wanukaka at Thu Apr 14 13:05:58 2022
Module time:
	user time   =       2.99 seconds =       0.05 minutes
	system time =       0.10 seconds =       0.00 minutes
	total time  =          1 seconds =       0.02 minutes
Total time:
	user time   =   14638.06 seconds =     243.97 minutes
	system time =     640.34 seconds =      10.67 minutes
	total time  =       1702 seconds =      28.37 minutes

*** tstart() called on wanukaka
*** at Thu Apr 14 13:05:58 2022


         ------------------------------------------------------------
                                   SCF GRAD                          
                          Rob Parrish, Justin Turney,                
                       Andy Simmonett, and Alex Sokolov              
         ------------------------------------------------------------

  ==> Geometry <==

    Molecular point group: d2h
    Full point group: D_inf_h

    Geometry (in Angstrom), charge = 0, multiplicity = 1:

       Center              X                  Y                   Z               Mass       
    ------------   -----------------  -----------------  -----------------  -----------------
         C           -0.597055018102    -0.000000000000     0.000000000000    12.000000000000
         C            0.597055018102     0.000000000000     0.000000000000    12.000000000000
         H           -1.650161003761    -0.000000000000     0.000000000000     1.007825032230
         H            1.650161003761     0.000000000000     0.000000000000     1.007825032230

  Nuclear repulsion =   24.969640077411455

  ==> Basis Set <==

  Basis Set: 6-31G
    Blend: 6-31G
    Number of shells: 14
    Number of basis function: 22
    Number of Cartesian functions: 22
    Spherical Harmonics?: false
    Max angular momentum: 1

  ==> DFJKGrad: Density-Fitted SCF Gradients <==

    Gradient:                    1
    J tasked:                  Yes
    K tasked:                  Yes
    wK tasked:                  No
    OpenMP threads:             10
    Integrals threads:          10
    Memory [MiB]:             5722
    Schwarz Cutoff:          0E+00
    Fitting Condition:       1E-10

   => Auxiliary Basis Set <=

  Basis Set: (6-31G AUX)
    Blend: CC-PVDZ-JKFIT
    Number of shells: 66
    Number of basis function: 212
    Number of Cartesian functions: 212
    Spherical Harmonics?: false
    Max angular momentum: 3


  -Total Gradient:
     Atom            X                  Y                   Z
    ------   -----------------  -----------------  -----------------
       1        0.000031399661     0.000000000000     0.000000000000
       2       -0.000031399661    -0.000000000000     0.000000000000
       3       -0.000065757982    -0.000000000000     0.000000000000
       4        0.000065757982     0.000000000000     0.000000000000


*** tstop() called on wanukaka at Thu Apr 14 13:05:58 2022
Module time:
	user time   =       2.75 seconds =       0.05 minutes
	system time =       0.13 seconds =       0.00 minutes
	total time  =          0 seconds =       0.00 minutes
Total time:
	user time   =   14640.82 seconds =     244.01 minutes
	system time =     640.47 seconds =      10.67 minutes
	total time  =       1702 seconds =      28.37 minutes

			-----------------------------------------
			 OPTKING 2.0: for geometry optimizations 
			  - R.A. King,  Bethel University        
			-----------------------------------------

	Previous internal coordinate definitions found.
	---Fragment 1 Geometry and Gradient---
	 C          -1.1282704660       -0.0000000000        0.0000000000
	 C           1.1282704660        0.0000000000        0.0000000000
	 H          -3.1183523600       -0.0000000000        0.0000000000
	 H           3.1183523600        0.0000000000        0.0000000000
	             0.0000313997        0.0000000000        0.0000000000
	            -0.0000313997       -0.0000000000        0.0000000000
	            -0.0000657580       -0.0000000000        0.0000000000
	             0.0000657580        0.0000000000        0.0000000000

	---Fragment 1 Intrafragment Coordinates---
	 - Coordinate -           - BOHR/RAD -       - ANG/DEG -
	 R(1,2)           =         2.256541	       1.194110
	 R(1,3)           =         1.990082	       1.053106
	 R(2,4)           =         1.990082	       1.053106
	 L(1,2,4)         =         3.141593	     180.000000
	 l(1,2,4)         =         3.141593	     180.000000
	 L(2,1,3)         =         3.141593	     180.000000
	 l(2,1,3)         =         3.141593	     180.000000

	Current energy   :       -76.7926942571

	Energy change for the previous step:
		Projected    :        -0.0000190754
		Actual       :        -0.0000092216

	Performing BFGS update.
	Previous computed or guess Hessian on step 1.
	Steps to be used in Hessian update: 2 1
	Taking RFO optimization step.
	Going to follow RFO solution 1.
	Using RFO vector 1.
	Norm of target step-size    0.00022
	Projected energy change by RFO approximation:        -0.0000000209

	Back-transformation to cartesian coordinates...
	Successfully converged to displaced geometry.

	--- Internal Coordinate Step in ANG or DEG, aJ/ANG or AJ/DEG ---
	 ---------------------------------------------------------------------------
	   Coordinate                Previous        Force       Change         New 
	   ----------                --------       ------       ------       ------
	    1 R(1,2)          =      1.194110    -0.000283    -0.000012     1.194098
	    2 R(1,3)          =      1.053106    -0.000542    -0.000081     1.053025
	    3 R(2,4)          =      1.053106    -0.000542    -0.000081     1.053025
	    4 L(1,2,4)        =    180.000000     0.000000     0.000000   180.000000
	    5 l(1,2,4)        =    180.000000     0.000000     0.000000   180.000000
	    6 L(2,1,3)        =    180.000000    -0.000000     0.000000   180.000000
	    7 l(2,1,3)        =    180.000000    -0.000000     0.000000   180.000000
	 ---------------------------------------------------------------------------
	Successfully symmetrized geometry.

  ==> Convergence Check <==

  Measures of convergence in internal coordinates in au.
  Criteria marked as inactive (o), active & met (*), and active & unmet ( ).
  ---------------------------------------------------------------------------------------------
   Step     Total Energy     Delta E     MAX Force     RMS Force      MAX Disp      RMS Disp   
  ---------------------------------------------------------------------------------------------
    Convergence Criteria    1.00e-06 *    3.00e-04 *             o    1.20e-03 *             o
  ---------------------------------------------------------------------------------------------
      3     -76.79269426   -9.22e-06      6.58e-05 *    3.75e-05 o    1.53e-04 *    8.24e-05 o  ~
  ---------------------------------------------------------------------------------------------


  **** Optimization is complete! (in 3 steps) ****

  ==> Optimization Summary <==

  Measures of convergence in internal coordinates in au.
  --------------------------------------------------------------------------------------------------------------- ~
   Step         Total Energy             Delta E       MAX Force       RMS Force        MAX Disp        RMS Disp  ~
  --------------------------------------------------------------------------------------------------------------- ~
      1     -76.792351441997    -76.792351441997      0.01430870      0.00783065      0.02799314      0.01582871  ~
      2     -76.792685035443     -0.000333593446      0.00237875      0.00131190      0.00404273      0.00228244  ~
      3     -76.792694257069     -0.000009221627      0.00006576      0.00003747      0.00015333      0.00008241  ~
  --------------------------------------------------------------------------------------------------------------- ~

	Writing optimization data to binary file.
	Final energy is    -76.7926942570694
	Final (previous) structure:
	Cartesian Geometry (in Angstrom)
	    C    -0.5970550158  -0.0000000000   0.0000000000
	    C     0.5970550158   0.0000000000   0.0000000000
	    H    -1.6501609973  -0.0000000000   0.0000000000
	    H     1.6501609973   0.0000000000   0.0000000000
	Saving final (previous) structure.
			--------------------------
			 OPTKING Finished Execution 
			--------------------------

    Final optimized geometry and variables:
    Molecular point group: d2h
    Full point group: D_inf_h

    Geometry (in Angstrom), charge = 0, multiplicity = 1:

    C           -0.597055018102    -0.000000000000     0.000000000000
    C            0.597055018102     0.000000000000     0.000000000000
    H           -1.650161003761    -0.000000000000     0.000000000000
    H            1.650161003761     0.000000000000     0.000000000000

	Removing binary optimization data file.
	Cleaning optimization helper files.

*** tstart() called on wanukaka
*** at Thu Apr 14 13:05:58 2022

   => Loading Basis Set <=

    Name: 6-31G
    Role: ORBITAL
    Keyword: BASIS
    atoms 1-2 entry C          line    87 file /home/sulstice/software/miniconda2/envs/qmpython2/share/psi4/basis/6-31g.gbs 
    atoms 3-4 entry H          line    26 file /home/sulstice/software/miniconda2/envs/qmpython2/share/psi4/basis/6-31g.gbs 


         ---------------------------------------------------------
                                   SCF
               by Justin Turney, Rob Parrish, Andy Simmonett
                          and Daniel G. A. Smith
                              RHF Reference
                       10 Threads,   7629 MiB Core
         ---------------------------------------------------------

  ==> Geometry <==

    Molecular point group: d2h
    Full point group: D_inf_h

    Geometry (in Angstrom), charge = 0, multiplicity = 1:

       Center              X                  Y                   Z               Mass       
    ------------   -----------------  -----------------  -----------------  -----------------
         C           -0.597055018102    -0.000000000000     0.000000000000    12.000000000000
         C            0.597055018102     0.000000000000     0.000000000000    12.000000000000
         H           -1.650161003761    -0.000000000000     0.000000000000     1.007825032230
         H            1.650161003761     0.000000000000     0.000000000000     1.007825032230

  Running in d2h symmetry.

  Rotational constants: A = ************  B =      1.20034  C =      1.20034 [cm^-1]
  Rotational constants: A = ************  B =  35985.22182  C =  35985.22182 [MHz]
  Nuclear repulsion =   24.969640077411455

  Charge       = 0
  Multiplicity = 1
  Electrons    = 14
  Nalpha       = 7
  Nbeta        = 7

  ==> Algorithm <==

  SCF Algorithm Type is DF.
  DIIS enabled.
  MOM disabled.
  Fractional occupation disabled.
  Guess Type is SAD.
  Energy threshold   = 1.00e-06
  Density threshold  = 1.00e-06
  Integral threshold = 0.00e+00

  ==> Primary Basis <==

  Basis Set: 6-31G
    Blend: 6-31G
    Number of shells: 14
    Number of basis function: 22
    Number of Cartesian functions: 22
    Spherical Harmonics?: false
    Max angular momentum: 1

   => Loading Basis Set <=

    Name: (6-31G AUX)
    Role: JKFIT
    Keyword: DF_BASIS_SCF
    atoms 1-2 entry C          line   121 file /home/sulstice/software/miniconda2/envs/qmpython2/share/psi4/basis/cc-pvdz-jkfit.gbs 
    atoms 3-4 entry H          line    51 file /home/sulstice/software/miniconda2/envs/qmpython2/share/psi4/basis/cc-pvdz-jkfit.gbs 

  ==> Pre-Iterations <==

   -------------------------------------------------------
    Irrep   Nso     Nmo     Nalpha   Nbeta   Ndocc  Nsocc
   -------------------------------------------------------
     Ag         7       7       0       0       0       0
     B1g        2       2       0       0       0       0
     B2g        2       2       0       0       0       0
     B3g        0       0       0       0       0       0
     Au         0       0       0       0       0       0
     B1u        2       2       0       0       0       0
     B2u        2       2       0       0       0       0
     B3u        7       7       0       0       0       0
   -------------------------------------------------------
    Total      22      22       7       7       7       0
   -------------------------------------------------------

  ==> Integral Setup <==

  DFHelper Memory: AOs need 0.001 GiB; user supplied 5.588 GiB. Using in-core AOs.

  ==> MemDFJK: Density-Fitted J/K Matrices <==

    J tasked:                   Yes
    K tasked:                   Yes
    wK tasked:                   No
    OpenMP threads:              10
    Memory [MiB]:              5722
    Algorithm:                 Core
    Schwarz Cutoff:           1E-12
    Mask sparsity (%):       0.0000
    Fitting Condition:        1E-10

   => Auxiliary Basis Set <=

  Basis Set: (6-31G AUX)
    Blend: CC-PVDZ-JKFIT
    Number of shells: 66
    Number of basis function: 212
    Number of Cartesian functions: 212
    Spherical Harmonics?: false
    Max angular momentum: 3

  Minimum eigenvalue in the overlap matrix is 1.0572162640E-03.
  Using Symmetric Orthogonalization.

  SCF Guess: Superposition of Atomic Densities via on-the-fly atomic UHF.

  ==> Iterations <==

                           Total Energy        Delta E     RMS |[F,P]|

   @DF-RHF iter SAD:   -75.99635759897257   -7.59964e+01   0.00000e+00 
   @DF-RHF iter   1:   -76.77148492081102   -7.75127e-01   1.67307e-02 DIIS
   @DF-RHF iter   2:   -76.79145792851418   -1.99730e-02   4.10118e-03 DIIS
   @DF-RHF iter   3:   -76.79263325850485   -1.17533e-03   6.98461e-04 DIIS
   @DF-RHF iter   4:   -76.79269221368781   -5.89552e-05   1.19345e-04 DIIS
   @DF-RHF iter   5:   -76.79269424896394   -2.03528e-06   8.18495e-06 DIIS
   @DF-RHF iter   6:   -76.79269425705277   -8.08883e-09   4.48500e-07 DIIS
  Energy and wave function converged.


  ==> Post-Iterations <==

    Orbital Energies [Eh]
    ---------------------

    Doubly Occupied:                                                      

       1Ag   -11.243724     1B3u  -11.239838     2Ag    -1.035615  
       2B3u   -0.759360     3Ag    -0.677667     1B2u   -0.407008  
       1B1u   -0.407008  

    Virtual:                                                              

       1B1g    0.215031     1B2g    0.215031     3B3u    0.253706  
       4Ag     0.297354     4B3u    0.619234     5Ag     0.655052  
       2B2u    0.753296     2B1u    0.753296     2B1g    0.910750  
       2B2g    0.910750     5B3u    0.966741     6Ag     1.052821  
       7Ag     1.318714     6B3u    1.625288     7B3u    1.823251  

    Final Occupation by Irrep:
             Ag   B1g   B2g   B3g    Au   B1u   B2u   B3u 
    DOCC [     3,    0,    0,    0,    0,    1,    1,    2 ]

  @DF-RHF Final Energy:   -76.79269425705277

   => Energetics <=

    Nuclear Repulsion Energy =             24.9696400774114551
    One-Electron Energy =                -151.9842255909351820
    Two-Electron Energy =                  50.2218912564709541
    Total Energy =                        -76.7926942570527729

Computation Completed


Properties will be evaluated at   0.000000,   0.000000,   0.000000 [a0]

Properties computed using the SCF density matrix

  Nuclear Dipole Moment: [e a0]
     X:     0.0000      Y:     0.0000      Z:     0.0000

  Electronic Dipole Moment: [e a0]
     X:     0.0000      Y:     0.0000      Z:     0.0000

  Dipole Moment: [e a0]
     X:     0.0000      Y:     0.0000      Z:     0.0000     Total:     0.0000

  Dipole Moment: [D]
     X:     0.0000      Y:     0.0000      Z:     0.0000     Total:     0.0000


*** tstop() called on wanukaka at Thu Apr 14 13:05:58 2022
Module time:
	user time   =       4.87 seconds =       0.08 minutes
	system time =       0.22 seconds =       0.00 minutes
	total time  =          0 seconds =       0.00 minutes
Total time:
	user time   =   14645.77 seconds =     244.10 minutes
	system time =     640.70 seconds =      10.68 minutes
	total time  =       1702 seconds =      28.37 minutes
hessian() using ref_gradient to assess stationary point.

  Based on options and gradient (rms=2.97E-05), recommend projecting translations and projecting rotations.
hessian() will perform analytic frequency computation.

*** tstart() called on wanukaka
*** at Thu Apr 14 13:05:58 2022

   => Loading Basis Set <=

    Name: 6-31G
    Role: ORBITAL
    Keyword: BASIS
    atoms 1-2 entry C          line    87 file /home/sulstice/software/miniconda2/envs/qmpython2/share/psi4/basis/6-31g.gbs 
    atoms 3-4 entry H          line    26 file /home/sulstice/software/miniconda2/envs/qmpython2/share/psi4/basis/6-31g.gbs 


         ---------------------------------------------------------
                                   SCF
               by Justin Turney, Rob Parrish, Andy Simmonett
                          and Daniel G. A. Smith
                              RHF Reference
                       10 Threads,   7629 MiB Core
         ---------------------------------------------------------

  ==> Geometry <==

    Molecular point group: d2h
    Full point group: D_inf_h

    Geometry (in Angstrom), charge = 0, multiplicity = 1:

       Center              X                  Y                   Z               Mass       
    ------------   -----------------  -----------------  -----------------  -----------------
         C           -0.597055018102    -0.000000000000     0.000000000000    12.000000000000
         C            0.597055018102     0.000000000000     0.000000000000    12.000000000000
         H           -1.650161003761    -0.000000000000     0.000000000000     1.007825032230
         H            1.650161003761     0.000000000000     0.000000000000     1.007825032230

  Running in d2h symmetry.

  Rotational constants: A = ************  B =      1.20034  C =      1.20034 [cm^-1]
  Rotational constants: A = ************  B =  35985.22182  C =  35985.22182 [MHz]
  Nuclear repulsion =   24.969640077411455

  Charge       = 0
  Multiplicity = 1
  Electrons    = 14
  Nalpha       = 7
  Nbeta        = 7

  ==> Algorithm <==

  SCF Algorithm Type is DF.
  DIIS enabled.
  MOM disabled.
  Fractional occupation disabled.
  Guess Type is SAD.
  Energy threshold   = 1.00e-08
  Density threshold  = 1.00e-08
  Integral threshold = 0.00e+00

  ==> Primary Basis <==

  Basis Set: 6-31G
    Blend: 6-31G
    Number of shells: 14
    Number of basis function: 22
    Number of Cartesian functions: 22
    Spherical Harmonics?: false
    Max angular momentum: 1

   => Loading Basis Set <=

    Name: (6-31G AUX)
    Role: JKFIT
    Keyword: DF_BASIS_SCF
    atoms 1-2 entry C          line   121 file /home/sulstice/software/miniconda2/envs/qmpython2/share/psi4/basis/cc-pvdz-jkfit.gbs 
    atoms 3-4 entry H          line    51 file /home/sulstice/software/miniconda2/envs/qmpython2/share/psi4/basis/cc-pvdz-jkfit.gbs 

  ==> Pre-Iterations <==

   -------------------------------------------------------
    Irrep   Nso     Nmo     Nalpha   Nbeta   Ndocc  Nsocc
   -------------------------------------------------------
     Ag         7       7       0       0       0       0
     B1g        2       2       0       0       0       0
     B2g        2       2       0       0       0       0
     B3g        0       0       0       0       0       0
     Au         0       0       0       0       0       0
     B1u        2       2       0       0       0       0
     B2u        2       2       0       0       0       0
     B3u        7       7       0       0       0       0
   -------------------------------------------------------
    Total      22      22       7       7       7       0
   -------------------------------------------------------

  ==> Integral Setup <==

  DFHelper Memory: AOs need 0.001 GiB; user supplied 5.588 GiB. Using in-core AOs.

  ==> MemDFJK: Density-Fitted J/K Matrices <==

    J tasked:                   Yes
    K tasked:                   Yes
    wK tasked:                   No
    OpenMP threads:              10
    Memory [MiB]:              5722
    Algorithm:                 Core
    Schwarz Cutoff:           1E-12
    Mask sparsity (%):       0.0000
    Fitting Condition:        1E-10

   => Auxiliary Basis Set <=

  Basis Set: (6-31G AUX)
    Blend: CC-PVDZ-JKFIT
    Number of shells: 66
    Number of basis function: 212
    Number of Cartesian functions: 212
    Spherical Harmonics?: false
    Max angular momentum: 3

  Minimum eigenvalue in the overlap matrix is 1.0572162640E-03.
  Using Symmetric Orthogonalization.

  SCF Guess: Superposition of Atomic Densities via on-the-fly atomic UHF.

  ==> Iterations <==

                           Total Energy        Delta E     RMS |[F,P]|

   @DF-RHF iter SAD:   -75.99635759897251   -7.59964e+01   0.00000e+00 
   @DF-RHF iter   1:   -76.77148492081109   -7.75127e-01   1.67307e-02 DIIS
   @DF-RHF iter   2:   -76.79145792851415   -1.99730e-02   4.10118e-03 DIIS
   @DF-RHF iter   3:   -76.79263325850491   -1.17533e-03   6.98461e-04 DIIS
   @DF-RHF iter   4:   -76.79269221368779   -5.89552e-05   1.19345e-04 DIIS
   @DF-RHF iter   5:   -76.79269424896400   -2.03528e-06   8.18495e-06 DIIS
   @DF-RHF iter   6:   -76.79269425705272   -8.08872e-09   4.48500e-07 DIIS
   @DF-RHF iter   7:   -76.79269425706936   -1.66409e-11   2.94067e-08 DIIS
   @DF-RHF iter   8:   -76.79269425706947   -1.13687e-13   4.26594e-09 DIIS
  Energy and wave function converged.


  ==> Post-Iterations <==

    Orbital Energies [Eh]
    ---------------------

    Doubly Occupied:                                                      

       1Ag   -11.243724     1B3u  -11.239838     2Ag    -1.035615  
       2B3u   -0.759360     3Ag    -0.677667     1B2u   -0.407008  
       1B1u   -0.407008  

    Virtual:                                                              

       1B1g    0.215031     1B2g    0.215031     3B3u    0.253706  
       4Ag     0.297354     4B3u    0.619234     5Ag     0.655052  
       2B2u    0.753296     2B1u    0.753296     2B1g    0.910750  
       2B2g    0.910750     5B3u    0.966741     6Ag     1.052821  
       7Ag     1.318715     6B3u    1.625288     7B3u    1.823251  

    Final Occupation by Irrep:
             Ag   B1g   B2g   B3g    Au   B1u   B2u   B3u 
    DOCC [     3,    0,    0,    0,    0,    1,    1,    2 ]

  @DF-RHF Final Energy:   -76.79269425706947

   => Energetics <=

    Nuclear Repulsion Energy =             24.9696400774114551
    One-Electron Energy =                -151.9842275934142890
    Two-Electron Energy =                  50.2218932589333633
    Total Energy =                        -76.7926942570694706

Computation Completed


Properties will be evaluated at   0.000000,   0.000000,   0.000000 [a0]

Properties computed using the SCF density matrix

  Nuclear Dipole Moment: [e a0]
     X:     0.0000      Y:     0.0000      Z:     0.0000

  Electronic Dipole Moment: [e a0]
     X:     0.0000      Y:     0.0000      Z:     0.0000

  Dipole Moment: [e a0]
     X:     0.0000      Y:     0.0000      Z:     0.0000     Total:     0.0000

  Dipole Moment: [D]
     X:     0.0000      Y:     0.0000      Z:     0.0000     Total:     0.0000


*** tstop() called on wanukaka at Thu Apr 14 13:05:59 2022
Module time:
	user time   =       5.00 seconds =       0.08 minutes
	system time =       0.23 seconds =       0.00 minutes
	total time  =          1 seconds =       0.02 minutes
Total time:
	user time   =   14650.85 seconds =     244.18 minutes
	system time =     640.93 seconds =      10.68 minutes
	total time  =       1703 seconds =      28.38 minutes

*** tstart() called on wanukaka
*** at Thu Apr 14 13:05:59 2022


         ------------------------------------------------------------
                                   SCF HESS                          
                          Rob Parrish, Justin Turney,                
                       Andy Simmonett, and Alex Sokolov              
         ------------------------------------------------------------

  ==> Geometry <==

    Molecular point group: d2h
    Full point group: D_inf_h

    Geometry (in Angstrom), charge = 0, multiplicity = 1:

       Center              X                  Y                   Z               Mass       
    ------------   -----------------  -----------------  -----------------  -----------------
         C           -0.597055018102    -0.000000000000     0.000000000000    12.000000000000
         C            0.597055018102     0.000000000000     0.000000000000    12.000000000000
         H           -1.650161003761    -0.000000000000     0.000000000000     1.007825032230
         H            1.650161003761     0.000000000000     0.000000000000     1.007825032230

  Nuclear repulsion =   24.969640077411455

  ==> Basis Set <==

  Basis Set: 6-31G
    Blend: 6-31G
    Number of shells: 14
    Number of basis function: 22
    Number of Cartesian functions: 22
    Spherical Harmonics?: false
    Max angular momentum: 1

  ==> DFJKGrad: Density-Fitted SCF Gradients <==

    Gradient:                    2
    J tasked:                  Yes
    K tasked:                  Yes
    wK tasked:                  No
    OpenMP threads:             10
    Integrals threads:          10
    Memory [MiB]:             5722
    Schwarz Cutoff:          0E+00
    Fitting Condition:       1E-10

   => Auxiliary Basis Set <=

  Basis Set: (6-31G AUX)
    Blend: CC-PVDZ-JKFIT
    Number of shells: 66
    Number of basis function: 212
    Number of Cartesian functions: 212
    Spherical Harmonics?: false
    Max angular momentum: 3

  DFHelper Memory: AOs need 0.001 GiB; user supplied 6.706 GiB. Using in-core AOs.

  ==> MemDFJK: Density-Fitted J/K Matrices <==

    J tasked:                   Yes
    K tasked:                   Yes
    wK tasked:                   No
    OpenMP threads:              10
    Memory [MiB]:              6866
    Algorithm:                 Core
    Schwarz Cutoff:           1E-12
    Mask sparsity (%):       0.0000
    Fitting Condition:        1E-10

   => Auxiliary Basis Set <=

  Basis Set: (6-31G AUX)
    Blend: CC-PVDZ-JKFIT
    Number of shells: 66
    Number of basis function: 212
    Number of Cartesian functions: 212
    Spherical Harmonics?: false
    Max angular momentum: 3


         ------------------------------------------------------------
                                     CPHF                           
                                  Rob Parrish                       
         ------------------------------------------------------------

  ==> Geometry <==

    Molecular point group: d2h
    Full point group: D_inf_h

    Geometry (in Angstrom), charge = 0, multiplicity = 1:

       Center              X                  Y                   Z               Mass       
    ------------   -----------------  -----------------  -----------------  -----------------
         C           -0.597055018102    -0.000000000000     0.000000000000    12.000000000000
         C            0.597055018102     0.000000000000     0.000000000000    12.000000000000
         H           -1.650161003761    -0.000000000000     0.000000000000     1.007825032230
         H            1.650161003761     0.000000000000     0.000000000000     1.007825032230

  Nuclear repulsion =   24.969640077411455
  Reference energy  =  -76.792694257069471

  ==> Basis Set <==

  Basis Set: 6-31G
    Blend: 6-31G
    Number of shells: 14
    Number of basis function: 22
    Number of Cartesian functions: 22
    Spherical Harmonics?: false
    Max angular momentum: 1

  ==> CGRSolver (by Rob Parrish) <==

   Number of roots    =        12
   Preconditioning    =    JACOBI
   Convergence cutoff =     1E-06
   Maximum iterations =       100

  ==> CPHFRHamiltonian (by Rob Parrish) <== 

  ==> MemDFJK: Density-Fitted J/K Matrices <==

    J tasked:                   Yes
    K tasked:                   Yes
    wK tasked:                   No
    OpenMP threads:              10
    Memory [MiB]:              6866
    Algorithm:                 Core
    Schwarz Cutoff:           1E-12
    Mask sparsity (%):       0.0000
    Fitting Condition:        1E-10

   => Auxiliary Basis Set <=

  Basis Set: (6-31G AUX)
    Blend: CC-PVDZ-JKFIT
    Number of shells: 66
    Number of basis function: 212
    Number of Cartesian functions: 212
    Spherical Harmonics?: false
    Max angular momentum: 3

  ==> CPHF Iterations <==

  => Iterations <=

             Iter  Converged  Remaining    Residual
  CGR           1          0         12   1.214E-01
  CGR           2          0         12   2.876E-02
  CGR           3          0         12   4.224E-03
  CGR           4          0         12   4.407E-04
  CGR           5          0         12   4.195E-05
  CGR           6          0         12   7.112E-06
  CGR           7         12          0   7.808E-07

    CGRSolver converged.


*** tstop() called on wanukaka at Thu Apr 14 13:06:05 2022
Module time:
	user time   =      53.55 seconds =       0.89 minutes
	system time =       1.35 seconds =       0.02 minutes
	total time  =          6 seconds =       0.10 minutes
Total time:
	user time   =   14704.42 seconds =     245.07 minutes
	system time =     642.28 seconds =      10.70 minutes
	total time  =       1709 seconds =      28.48 minutes


  ==> Harmonic Vibrational Analysis <==

  non-mass-weighted Hessian:       Symmetric? True   Hermitian? True   Lin Dep Dim?  0 (0)
  projection of translations (True) and rotations (True) removed 5 degrees of freedom (5)
  total projector:                 Symmetric? True   Hermitian? True   Lin Dep Dim?  5 (5)
  mass-weighted Hessian:           Symmetric? True   Hermitian? True   Lin Dep Dim?  0 (0)
  pre-proj  low-frequency mode:    0.0000i [cm^-1]
  pre-proj  low-frequency mode:    0.0000i [cm^-1]
  pre-proj  low-frequency mode:    0.0000i [cm^-1]
  pre-proj  low-frequency mode:   13.3618  [cm^-1]
  pre-proj  low-frequency mode:   13.3619  [cm^-1]
  pre-proj  all modes:['0.0131i' '0.0113i' '0.0079i' '13.3618' '13.3619' '892.9705' '892.9705'
 '898.9206' '898.9206' '2209.7409' '3612.8239' '3731.7645']
  projected mass-weighted Hessian: Symmetric? True   Hermitian? True   Lin Dep Dim?  5 (5)
  post-proj low-frequency mode:    0.0000i [cm^-1] (TR)
  post-proj low-frequency mode:    0.0000i [cm^-1] (TR)
  post-proj low-frequency mode:    0.0000i [cm^-1] (TR)
  post-proj low-frequency mode:    0.0000i [cm^-1] (TR)
  post-proj low-frequency mode:    0.0000  [cm^-1] (TR)
  post-proj  all modes:['0.0000i' '0.0000i' '0.0000i' '0.0000i' '0.0000' '892.9705' '892.9705'
 '898.9205' '898.9205' '2209.7409' '3612.8239' '3731.7645']

  Vibration                       6                   7                   8           
  Freq [cm^-1]                 892.9705            892.9705            898.9205       
  Irrep                          B2u                 B1u                 B1g          
  Reduced mass [u]              1.0848              1.0848              1.5698        
  Force const [mDyne/A]         0.5097              0.5097              0.7474        
  Turning point v=0 [a0]        0.3525              0.3525              0.2921        
  RMS dev v=0 [a0 u^1/2]        0.2596              0.2596              0.2588        
  IR activ [km/mol]            141.0914            141.0914             0.0000        
  Char temp [K]               1284.7857           1284.7857           1293.3465       
  ----------------------------------------------------------------------------------
      1   C                0.00 -0.06  0.00    0.00 -0.00 -0.06    0.00 -0.16 -0.00   
      2   C               -0.00 -0.06  0.00   -0.00 -0.00 -0.06   -0.00  0.16  0.00   
      3   H               -0.00  0.70 -0.00    0.00  0.00  0.70   -0.00  0.69  0.00   
      4   H               -0.00  0.70 -0.00   -0.00  0.00  0.70   -0.00 -0.69 -0.00   

  Vibration                       9                   10                  11          
  Freq [cm^-1]                 898.9205           2209.7409           3612.8239       
  Irrep                          B2g                  Ag                 B3u          
  Reduced mass [u]              1.5698              3.7084              1.0848        
  Force const [mDyne/A]         0.7474             10.6690              8.3426        
  Turning point v=0 [a0]        0.2921              0.1212              0.1753        
  RMS dev v=0 [a0 u^1/2]        0.2588              0.1651              0.1291        
  IR activ [km/mol]             0.0000              0.0000             98.4080        
  Char temp [K]               1293.3465           3179.3252           5198.0492       
  ----------------------------------------------------------------------------------
      1   C                0.00  0.00 -0.16    0.35  0.00  0.00   -0.06 -0.00  0.00   
      2   C               -0.00 -0.00  0.16   -0.35  0.00 -0.00   -0.06  0.00 -0.00   
      3   H                0.00 -0.00  0.69    0.61 -0.00 -0.00    0.70  0.00 -0.00   
      4   H               -0.00  0.00 -0.69   -0.61 -0.00  0.00    0.70 -0.00  0.00   

  Vibration                       12          
  Freq [cm^-1]                3731.7645       
  Irrep                           Ag          
  Reduced mass [u]              1.2408        
  Force const [mDyne/A]        10.1810        
  Turning point v=0 [a0]        0.1612        
  RMS dev v=0 [a0 u^1/2]        0.1270        
  IR activ [km/mol]             0.0000        
  Char temp [K]               5369.1782       
  ----------------------------------------------------------------------------------
      1   C               -0.10 -0.00  0.00   
      2   C                0.10  0.00 -0.00   
      3   H                0.70  0.00 -0.00   
      4   H               -0.70 -0.00  0.00   

  ==> Thermochemistry Components <==

  Entropy, S
    Electronic S            0.000 [cal/(mol K)]        0.000 [J/(mol K)]       0.00000000 [mEh/K] (multiplicity = 1)
    Translational S        35.704 [cal/(mol K)]      149.387 [J/(mol K)]       0.05689862 [mEh/K] (mol. weight = 26.0157 [u], P = 101325.00 [Pa])
    Rotational S           10.846 [cal/(mol K)]       45.381 [J/(mol K)]       0.01728462 [mEh/K] (symmetry no. = 2)
    Vibrational S           0.568 [cal/(mol K)]        2.377 [J/(mol K)]       0.00090549 [mEh/K]
  Total S                  47.119 [cal/(mol K)]      197.145 [J/(mol K)]       0.07508873 [mEh/K]
  Correction S              0.000 [cal/(mol K)]        0.000 [J/(mol K)]       0.00000000 [mEh/K]

  Constant volume heat capacity, Cv
    Electronic Cv           0.000 [cal/(mol K)]        0.000 [J/(mol K)]       0.00000000 [mEh/K]
    Translational Cv        2.981 [cal/(mol K)]       12.472 [J/(mol K)]       0.00475022 [mEh/K]
    Rotational Cv           1.987 [cal/(mol K)]        8.314 [J/(mol K)]       0.00316681 [mEh/K]
    Vibrational Cv          2.028 [cal/(mol K)]        8.484 [J/(mol K)]       0.00323152 [mEh/K]
  Total Cv                  6.996 [cal/(mol K)]       29.271 [J/(mol K)]       0.01114855 [mEh/K]
  Correction Cv             0.000 [cal/(mol K)]        0.000 [J/(mol K)]       0.00000000 [mEh/K]

  Constant pressure heat capacity, Cp
    Electronic Cp           0.000 [cal/(mol K)]        0.000 [J/(mol K)]       0.00000000 [mEh/K]
    Translational Cp        4.968 [cal/(mol K)]       20.786 [J/(mol K)]       0.00791703 [mEh/K]
    Rotational Cp           1.987 [cal/(mol K)]        8.314 [J/(mol K)]       0.00316681 [mEh/K]
    Vibrational Cp          2.028 [cal/(mol K)]        8.484 [J/(mol K)]       0.00323152 [mEh/K]
  Total Cp                  8.983 [cal/(mol K)]       37.585 [J/(mol K)]       0.01431536 [mEh/K]
  Correction Cp             0.000 [cal/(mol K)]        0.000 [J/(mol K)]       0.00000000 [mEh/K]

  ==> Thermochemistry Energy Analysis <==

  Raw electronic energy, E0
  Total E0, Electronic energy at well bottom at 0 [K]                  -76.79269426 [Eh]

  Zero-point energy, ZPE_vib = Sum_i nu_i / 2
    Electronic ZPE          0.000 [kcal/mol]        0.000 [kJ/mol]       0.00000000 [Eh]
    Translational ZPE       0.000 [kcal/mol]        0.000 [kJ/mol]       0.00000000 [Eh]
    Rotational ZPE          0.000 [kcal/mol]        0.000 [kJ/mol]       0.00000000 [Eh]
    Vibrational ZPE        18.782 [kcal/mol]       78.583 [kJ/mol]       0.02993082 [Eh]        6569.056 [cm^-1]
  Correction ZPE           18.782 [kcal/mol]       78.583 [kJ/mol]       0.02993082 [Eh]        6569.056 [cm^-1]
  Total ZPE, Electronic energy at 0 [K]                                -76.76276344 [Eh]

  Thermal Energy, E (includes ZPE)
    Electronic E            0.000 [kcal/mol]        0.000 [kJ/mol]       0.00000000 [Eh]
    Translational E         0.889 [kcal/mol]        3.718 [kJ/mol]       0.00141628 [Eh]
    Rotational E            0.592 [kcal/mol]        2.479 [kJ/mol]       0.00094418 [Eh]
    Vibrational E          18.920 [kcal/mol]       79.160 [kJ/mol]       0.03015038 [Eh]
  Correction E             20.401 [kcal/mol]       85.357 [kJ/mol]       0.03251084 [Eh]
  Total E, Electronic energy at  298.15 [K]                            -76.76018342 [Eh]

  Enthalpy, H_trans = E_trans + k_B * T
    Electronic H            0.000 [kcal/mol]        0.000 [kJ/mol]       0.00000000 [Eh]
    Translational H         1.481 [kcal/mol]        6.197 [kJ/mol]       0.00236046 [Eh]
    Rotational H            0.592 [kcal/mol]        2.479 [kJ/mol]       0.00094418 [Eh]
    Vibrational H          18.920 [kcal/mol]       79.160 [kJ/mol]       0.03015038 [Eh]
  Correction H             20.993 [kcal/mol]       87.836 [kJ/mol]       0.03345502 [Eh]
  Total H, Enthalpy at  298.15 [K]                                     -76.75923923 [Eh]

  Gibbs free energy, G = H - T * S
    Electronic G            0.000 [kcal/mol]        0.000 [kJ/mol]       0.00000000 [Eh]
    Translational G        -9.164 [kcal/mol]      -38.342 [kJ/mol]      -0.01460386 [Eh]
    Rotational G           -2.641 [kcal/mol]      -11.051 [kJ/mol]      -0.00420922 [Eh]
    Vibrational G          18.750 [kcal/mol]       78.451 [kJ/mol]       0.02988041 [Eh]
  Correction G              6.945 [kcal/mol]       29.057 [kJ/mol]       0.01106732 [Eh]
  Total G, Free enthalpy at  298.15 [K]                                -76.78162694 [Eh]
