gradient() will perform analytic gradient computation.

*** tstart() called on wanukaka
*** at Thu Apr 14 12:55:21 2022

   => Loading Basis Set <=

    Name: CC-PVTZ
    Role: ORBITAL
    Keyword: BASIS
    atoms 1 entry C          line   186 file /home/sulstice/software/miniconda2/envs/qmpython2/share/psi4/basis/cc-pvtz.gbs 
    atoms 2 entry O          line   262 file /home/sulstice/software/miniconda2/envs/qmpython2/share/psi4/basis/cc-pvtz.gbs 


         ---------------------------------------------------------
                                   SCF
               by Justin Turney, Rob Parrish, Andy Simmonett
                          and Daniel G. A. Smith
                              RHF Reference
                       10 Threads,   7629 MiB Core
         ---------------------------------------------------------

  ==> Geometry <==

    Molecular point group: c2v
    Full point group: C_inf_v

    Geometry (in Angstrom), charge = 0, multiplicity = 1:

       Center              X                  Y                   Z               Mass       
    ------------   -----------------  -----------------  -----------------  -----------------
         C            0.000000000000     0.000000000000    -0.644483611972    12.000000000000
         O            0.000000000000     0.000000000000     0.483516388028    15.994914619570

  Running in c2v symmetry.

  Rotational constants: A = ************  B =      1.93239  C =      1.93239 [cm^-1]
  Rotational constants: A = ************  B =  57931.52687  C =  57931.52687 [MHz]
  Nuclear repulsion =   22.518179177446818

  Charge       = 0
  Multiplicity = 1
  Electrons    = 14
  Nalpha       = 7
  Nbeta        = 7

  ==> Algorithm <==

  SCF Algorithm Type is DF.
  DIIS enabled.
  MOM disabled.
  Fractional occupation disabled.
  Guess Type is SAD.
  Energy threshold   = 1.00e-08
  Density threshold  = 1.00e-08
  Integral threshold = 0.00e+00

  ==> Primary Basis <==

  Basis Set: CC-PVTZ
    Blend: CC-PVTZ
    Number of shells: 20
    Number of basis function: 60
    Number of Cartesian functions: 70
    Spherical Harmonics?: true
    Max angular momentum: 3

   => Loading Basis Set <=

    Name: (CC-PVTZ AUX)
    Role: JKFIT
    Keyword: DF_BASIS_SCF
    atoms 1 entry C          line   125 file /home/sulstice/software/miniconda2/envs/qmpython2/share/psi4/basis/cc-pvtz-jkfit.gbs 
    atoms 2 entry O          line   229 file /home/sulstice/software/miniconda2/envs/qmpython2/share/psi4/basis/cc-pvtz-jkfit.gbs 

  ==> Pre-Iterations <==

   -------------------------------------------------------
    Irrep   Nso     Nmo     Nalpha   Nbeta   Ndocc  Nsocc
   -------------------------------------------------------
     A1        26      26       0       0       0       0
     A2         6       6       0       0       0       0
     B1        14      14       0       0       0       0
     B2        14      14       0       0       0       0
   -------------------------------------------------------
    Total      60      60       7       7       7       0
   -------------------------------------------------------

  ==> Integral Setup <==

  DFHelper Memory: AOs need 0.005 GiB; user supplied 5.588 GiB. Using in-core AOs.

  ==> MemDFJK: Density-Fitted J/K Matrices <==

    J tasked:                   Yes
    K tasked:                   Yes
    wK tasked:                   No
    OpenMP threads:              10
    Memory [MiB]:              5722
    Algorithm:                 Core
    Schwarz Cutoff:           1E-12
    Mask sparsity (%):       0.0000
    Fitting Condition:        1E-10

   => Auxiliary Basis Set <=

  Basis Set: (CC-PVTZ AUX)
    Blend: CC-PVTZ-JKFIT
    Number of shells: 50
    Number of basis function: 158
    Number of Cartesian functions: 192
    Spherical Harmonics?: true
    Max angular momentum: 4

  Minimum eigenvalue in the overlap matrix is 3.0123774412E-03.
  Using Symmetric Orthogonalization.

  SCF Guess: Superposition of Atomic Densities via on-the-fly atomic UHF.

  ==> Iterations <==

                           Total Energy        Delta E     RMS |[F,P]|

   @DF-RHF iter SAD:  -111.89375494361322   -1.11894e+02   0.00000e+00 
   @DF-RHF iter   1:  -112.75553853266968   -8.61784e-01   8.15637e-03 DIIS
   @DF-RHF iter   2:  -112.76425020810512   -8.71168e-03   6.64952e-03 DIIS
   @DF-RHF iter   3:  -112.78012960816966   -1.58794e-02   4.69216e-04 DIIS
   @DF-RHF iter   4:  -112.78024469615065   -1.15088e-04   6.12687e-05 DIIS
   @DF-RHF iter   5:  -112.78024699524516   -2.29909e-06   1.20078e-05 DIIS
   @DF-RHF iter   6:  -112.78024713810719   -1.42862e-07   2.37089e-06 DIIS
   @DF-RHF iter   7:  -112.78024714261390   -4.50672e-09   2.86803e-07 DIIS
   @DF-RHF iter   8:  -112.78024714268152   -6.76152e-11   3.28726e-08 DIIS
   @DF-RHF iter   9:  -112.78024714268274   -1.22213e-12   7.86213e-09 DIIS
  Energy and wave function converged.


  ==> Post-Iterations <==

    Orbital Energies [Eh]
    ---------------------

    Doubly Occupied:                                                      

       1A1   -20.665912     2A1   -11.359664     3A1    -1.521513  
       4A1    -0.803647     1B1    -0.639110     1B2    -0.639110  
       5A1    -0.553586  

    Virtual:                                                              

       2B1     0.138647     2B2     0.138647     6A1     0.276805  
       7A1     0.437722     3B2     0.452884     3B1     0.452884  
       8A1     0.719655     4B1     0.817324     4B2     0.817324  
       1A2     0.818040     9A1     0.818040    10A1     0.831842  
       5B2     1.065725     5B1     1.065725    11A1     1.352867  
      12A1     1.593583    13A1     1.775085     2A2     1.775085  
       6B2     2.192897     6B1     2.192897    14A1     2.211656  
       7B1     2.299614     7B2     2.299614    15A1     2.789772  
       8B2     2.916789     8B1     2.916789    16A1     3.130794  
       3A2     3.130794     4A2     3.253846    17A1     3.253846  
       9B2     3.304060     9B1     3.304060    18A1     3.443730  
      10B2     3.624500    10B1     3.624500    19A1     3.752856  
      11B1     4.507510    11B2     4.507510    20A1     4.901826  
      12B1     5.523296    12B2     5.523296    21A1     5.934846  
       5A2     5.934846    22A1     6.617653    13B2     6.734701  
      13B1     6.734701    23A1     6.753087     6A2     6.753087  
      14B2     7.233204    14B1     7.233204    24A1     7.258070  
      25A1     7.531618    26A1    12.912718  

    Final Occupation by Irrep:
             A1    A2    B1    B2 
    DOCC [     5,    0,    1,    1 ]

  @DF-RHF Final Energy:  -112.78024714268274

   => Energetics <=

    Nuclear Repulsion Energy =             22.5181791774468181
    One-Electron Energy =                -198.2317658036101307
    Two-Electron Energy =                  62.9333394834805659
    Total Energy =                       -112.7802471426827395

Computation Completed


Properties will be evaluated at   0.000000,   0.000000,   0.000000 [a0]

Properties computed using the SCF density matrix

  Nuclear Dipole Moment: [e a0]
     X:     0.0000      Y:     0.0000      Z:     0.0023

  Electronic Dipole Moment: [e a0]
     X:     0.0000      Y:     0.0000      Z:    -0.0986

  Dipole Moment: [e a0]
     X:     0.0000      Y:     0.0000      Z:    -0.0963     Total:     0.0963

  Dipole Moment: [D]
     X:     0.0000      Y:     0.0000      Z:    -0.2447     Total:     0.2447


*** tstop() called on wanukaka at Thu Apr 14 12:55:22 2022
Module time:
	user time   =       6.00 seconds =       0.10 minutes
	system time =       0.20 seconds =       0.00 minutes
	total time  =          1 seconds =       0.02 minutes
Total time:
	user time   =    9218.19 seconds =     153.64 minutes
	system time =     402.66 seconds =       6.71 minutes
	total time  =       1066 seconds =      17.77 minutes

*** tstart() called on wanukaka
*** at Thu Apr 14 12:55:22 2022


         ------------------------------------------------------------
                                   SCF GRAD                          
                          Rob Parrish, Justin Turney,                
                       Andy Simmonett, and Alex Sokolov              
         ------------------------------------------------------------

  ==> Geometry <==

    Molecular point group: c2v
    Full point group: C_inf_v

    Geometry (in Angstrom), charge = 0, multiplicity = 1:

       Center              X                  Y                   Z               Mass       
    ------------   -----------------  -----------------  -----------------  -----------------
         C            0.000000000000     0.000000000000    -0.644483611972    12.000000000000
         O            0.000000000000     0.000000000000     0.483516388028    15.994914619570

  Nuclear repulsion =   22.518179177446818

  ==> Basis Set <==

  Basis Set: CC-PVTZ
    Blend: CC-PVTZ
    Number of shells: 20
    Number of basis function: 60
    Number of Cartesian functions: 70
    Spherical Harmonics?: true
    Max angular momentum: 3

  ==> DFJKGrad: Density-Fitted SCF Gradients <==

    Gradient:                    1
    J tasked:                  Yes
    K tasked:                  Yes
    wK tasked:                  No
    OpenMP threads:             10
    Integrals threads:          10
    Memory [MiB]:             5722
    Schwarz Cutoff:          0E+00
    Fitting Condition:       1E-10

   => Auxiliary Basis Set <=

  Basis Set: (CC-PVTZ AUX)
    Blend: CC-PVTZ-JKFIT
    Number of shells: 50
    Number of basis function: 158
    Number of Cartesian functions: 192
    Spherical Harmonics?: true
    Max angular momentum: 4


  -Total Gradient:
     Atom            X                  Y                   Z
    ------   -----------------  -----------------  -----------------
       1       -0.000000000000    -0.000000000000    -0.062529375725
       2        0.000000000000     0.000000000000     0.062529375726


*** tstop() called on wanukaka at Thu Apr 14 12:55:23 2022
Module time:
	user time   =       6.31 seconds =       0.11 minutes
	system time =       0.38 seconds =       0.01 minutes
	total time  =          1 seconds =       0.02 minutes
Total time:
	user time   =    9224.51 seconds =     153.74 minutes
	system time =     403.05 seconds =       6.72 minutes
	total time  =       1067 seconds =      17.78 minutes

			-----------------------------------------
			 OPTKING 2.0: for geometry optimizations 
			  - R.A. King,  Bethel University        
			-----------------------------------------

	Internal coordinates to be generated automatically.
	Detected frag 1 with atoms:  1 2
	---Fragment 1 Bond Connectivity---
	 1 : 2
	 2 : 1

	---Fragment 1 Geometry and Gradient---
	 C           0.0000000000        0.0000000000       -1.2178975190
	 O           0.0000000000        0.0000000000        0.9137135505
	            -0.0000000000       -0.0000000000       -0.0625293757
	             0.0000000000        0.0000000000        0.0625293757

	Previous optimization step data not found.  Starting new optimization.

	---Fragment 1 Intrafragment Coordinates---
	 - Coordinate -           - BOHR/RAD -       - ANG/DEG -
	 R(1,2)           =         2.131611	       1.128000

	Current energy   :      -112.7802471427

	Generating empirical Hessian (Schlegel '84) for each fragment.
	Taking RFO optimization step.
	Going to follow RFO solution 1.
	Using RFO vector 1.
	Norm of target step-size    0.04127
	Projected energy change by RFO approximation:        -0.0017260734

	Back-transformation to cartesian coordinates...
	Successfully converged to displaced geometry.

	--- Internal Coordinate Step in ANG or DEG, aJ/ANG or AJ/DEG ---
	 ---------------------------------------------------------------------------
	   Coordinate                Previous        Force       Change         New 
	   ----------                --------       ------       ------       ------
	    1 R(1,2)          =      1.128000    -0.515162    -0.021840     1.106160
	 ---------------------------------------------------------------------------
	Successfully symmetrized geometry.

  ==> Convergence Check <==

  Measures of convergence in internal coordinates in au.
  Criteria marked as inactive (o), active & met (*), and active & unmet ( ).
  --------------------------------------------------------------------------------------------- ~
   Step     Total Energy     Delta E     MAX Force     RMS Force      MAX Disp      RMS Disp    ~
  --------------------------------------------------------------------------------------------- ~
    Convergence Criteria    1.00e-06 *    3.00e-04 *             o    1.20e-03 *             o  ~
  --------------------------------------------------------------------------------------------- ~
      1    -112.78024714   -1.13e+02      6.25e-02      6.25e-02 o    4.13e-02      4.13e-02 o  ~
  ---------------------------------------------------------------------------------------------

	Writing optimization data to binary file.
	Structure for next step:
	Cartesian Geometry (in Angstrom)
	    C     0.0000000000   0.0000000000  -0.6335636324
	    O     0.0000000000   0.0000000000   0.4725964091
			--------------------------
			 OPTKING Finished Execution 
			--------------------------

    Structure for next step:
    Molecular point group: c2v
    Full point group: C_inf_v

    Geometry (in Angstrom), charge = 0, multiplicity = 1:

    C       
    O             1    1.106160

gradient() will perform analytic gradient computation.

*** tstart() called on wanukaka
*** at Thu Apr 14 12:55:23 2022

   => Loading Basis Set <=

    Name: CC-PVTZ
    Role: ORBITAL
    Keyword: BASIS
    atoms 1 entry C          line   186 file /home/sulstice/software/miniconda2/envs/qmpython2/share/psi4/basis/cc-pvtz.gbs 
    atoms 2 entry O          line   262 file /home/sulstice/software/miniconda2/envs/qmpython2/share/psi4/basis/cc-pvtz.gbs 


         ---------------------------------------------------------
                                   SCF
               by Justin Turney, Rob Parrish, Andy Simmonett
                          and Daniel G. A. Smith
                              RHF Reference
                       10 Threads,   7629 MiB Core
         ---------------------------------------------------------

  ==> Geometry <==

    Molecular point group: c2v
    Full point group: C_inf_v

    Geometry (in Angstrom), charge = 0, multiplicity = 1:

       Center              X                  Y                   Z               Mass       
    ------------   -----------------  -----------------  -----------------  -----------------
         C            0.000000000000     0.000000000000    -0.632005338452    12.000000000000
         O            0.000000000000     0.000000000000     0.474154707406    15.994914619570

  Running in c2v symmetry.

  Rotational constants: A = ************  B =      2.00945  C =      2.00945 [cm^-1]
  Rotational constants: A = ************  B =  60241.70274  C =  60241.70274 [MHz]
  Nuclear repulsion =   22.962776686122847

  Charge       = 0
  Multiplicity = 1
  Electrons    = 14
  Nalpha       = 7
  Nbeta        = 7

  ==> Algorithm <==

  SCF Algorithm Type is DF.
  DIIS enabled.
  MOM disabled.
  Fractional occupation disabled.
  Guess Type is READ.
  Energy threshold   = 1.00e-08
  Density threshold  = 1.00e-08
  Integral threshold = 0.00e+00

  ==> Primary Basis <==

  Basis Set: CC-PVTZ
    Blend: CC-PVTZ
    Number of shells: 20
    Number of basis function: 60
    Number of Cartesian functions: 70
    Spherical Harmonics?: true
    Max angular momentum: 3

   => Loading Basis Set <=

    Name: (CC-PVTZ AUX)
    Role: JKFIT
    Keyword: DF_BASIS_SCF
    atoms 1 entry C          line   125 file /home/sulstice/software/miniconda2/envs/qmpython2/share/psi4/basis/cc-pvtz-jkfit.gbs 
    atoms 2 entry O          line   229 file /home/sulstice/software/miniconda2/envs/qmpython2/share/psi4/basis/cc-pvtz-jkfit.gbs 

   => Loading Basis Set <=

    Name: CC-PVTZ
    Role: ORBITAL
    Keyword: BASIS
    atoms 1 entry C          line   186 file /home/sulstice/software/miniconda2/envs/qmpython2/share/psi4/basis/cc-pvtz.gbs 
    atoms 2 entry O          line   262 file /home/sulstice/software/miniconda2/envs/qmpython2/share/psi4/basis/cc-pvtz.gbs 

  Reading orbitals from file 180, no projection.

  ==> Pre-Iterations <==

   -------------------------------------------------------
    Irrep   Nso     Nmo     Nalpha   Nbeta   Ndocc  Nsocc
   -------------------------------------------------------
     A1        26      26       0       0       0       0
     A2         6       6       0       0       0       0
     B1        14      14       0       0       0       0
     B2        14      14       0       0       0       0
   -------------------------------------------------------
    Total      60      60       7       7       7       0
   -------------------------------------------------------

  ==> Integral Setup <==

  DFHelper Memory: AOs need 0.005 GiB; user supplied 5.588 GiB. Using in-core AOs.

  ==> MemDFJK: Density-Fitted J/K Matrices <==

    J tasked:                   Yes
    K tasked:                   Yes
    wK tasked:                   No
    OpenMP threads:              10
    Memory [MiB]:              5722
    Algorithm:                 Core
    Schwarz Cutoff:           1E-12
    Mask sparsity (%):       0.0000
    Fitting Condition:        1E-10

   => Auxiliary Basis Set <=

  Basis Set: (CC-PVTZ AUX)
    Blend: CC-PVTZ-JKFIT
    Number of shells: 50
    Number of basis function: 158
    Number of Cartesian functions: 192
    Spherical Harmonics?: true
    Max angular momentum: 4

  Minimum eigenvalue in the overlap matrix is 2.8799513822E-03.
  Using Symmetric Orthogonalization.

  SCF Guess: Orbitals guess was supplied from a previous computation.

  ==> Iterations <==

                           Total Energy        Delta E     RMS |[F,P]|

   @DF-RHF iter   0:  -112.81551580256685   -1.12816e+02   3.09277e-03 
   @DF-RHF iter   1:  -112.78154501326661    3.39708e-02   5.11818e-04 DIIS
   @DF-RHF iter   2:  -112.78160668852509   -6.16753e-05   4.07260e-04 DIIS
   @DF-RHF iter   3:  -112.78166263889639   -5.59504e-05   3.53879e-05 DIIS
   @DF-RHF iter   4:  -112.78166324057057   -6.01674e-07   8.53857e-06 DIIS
   @DF-RHF iter   5:  -112.78166331212176   -7.15512e-08   3.62465e-06 DIIS
   @DF-RHF iter   6:  -112.78166331973141   -7.60964e-09   5.72046e-07 DIIS
   @DF-RHF iter   7:  -112.78166332000285   -2.71442e-10   6.42942e-08 DIIS
   @DF-RHF iter   8:  -112.78166332000586   -3.01270e-12   4.86674e-09 DIIS
  Energy and wave function converged.


  ==> Post-Iterations <==

    Orbital Energies [Eh]
    ---------------------

    Doubly Occupied:                                                      

       1A1   -20.665077     2A1   -11.349896     3A1    -1.536840  
       4A1    -0.805632     1B2    -0.648879     1B1    -0.648879  
       5A1    -0.550976  

    Virtual:                                                              

       2B1     0.146601     2B2     0.146601     6A1     0.277118  
       7A1     0.438093     3B1     0.454158     3B2     0.454158  
       8A1     0.719041     4B2     0.814831     4B1     0.814831  
       9A1     0.818681     1A2     0.818681    10A1     0.854962  
       5B2     1.075867     5B1     1.075867    11A1     1.358404  
      12A1     1.626144    13A1     1.779392     2A2     1.779392  
      14A1     2.204875     6B2     2.208574     6B1     2.208574  
       7B2     2.293397     7B1     2.293397    15A1     2.820705  
       8B1     2.919030     8B2     2.919030    16A1     3.145968  
       3A2     3.145968    17A1     3.257653     4A2     3.257653  
       9B1     3.307774     9B2     3.307774    18A1     3.437802  
      10B2     3.648182    10B1     3.648182    19A1     3.786758  
      11B2     4.529113    11B1     4.529113    20A1     4.976360  
      12B1     5.524277    12B2     5.524277     5A2     5.966147  
      21A1     5.966147    22A1     6.644135     6A2     6.755493  
      23A1     6.755493    13B2     6.800969    13B1     6.800969  
      14B2     7.229311    14B1     7.229311    24A1     7.300416  
      25A1     7.617538    26A1    13.245027  

    Final Occupation by Irrep:
             A1    A2    B1    B2 
    DOCC [     5,    0,    1,    1 ]

  @DF-RHF Final Energy:  -112.78166332000586

   => Energetics <=

    Nuclear Repulsion Energy =             22.9627766861228473
    One-Electron Energy =                -199.0765235981585590
    Two-Electron Energy =                  63.3320835920298464
    Total Energy =                       -112.7816633200058618

Computation Completed


Properties will be evaluated at   0.000000,   0.000000,   0.000000 [a0]

Properties computed using the SCF density matrix

  Nuclear Dipole Moment: [e a0]
     X:     0.0000      Y:     0.0000      Z:     0.0023

  Electronic Dipole Moment: [e a0]
     X:     0.0000      Y:     0.0000      Z:    -0.0571

  Dipole Moment: [e a0]
     X:     0.0000      Y:     0.0000      Z:    -0.0548     Total:     0.0548

  Dipole Moment: [D]
     X:     0.0000      Y:     0.0000      Z:    -0.1394     Total:     0.1394


*** tstop() called on wanukaka at Thu Apr 14 12:55:23 2022
Module time:
	user time   =       3.15 seconds =       0.05 minutes
	system time =       0.11 seconds =       0.00 minutes
	total time  =          0 seconds =       0.00 minutes
Total time:
	user time   =    9227.74 seconds =     153.80 minutes
	system time =     403.16 seconds =       6.72 minutes
	total time  =       1067 seconds =      17.78 minutes

*** tstart() called on wanukaka
*** at Thu Apr 14 12:55:23 2022


         ------------------------------------------------------------
                                   SCF GRAD                          
                          Rob Parrish, Justin Turney,                
                       Andy Simmonett, and Alex Sokolov              
         ------------------------------------------------------------

  ==> Geometry <==

    Molecular point group: c2v
    Full point group: C_inf_v

    Geometry (in Angstrom), charge = 0, multiplicity = 1:

       Center              X                  Y                   Z               Mass       
    ------------   -----------------  -----------------  -----------------  -----------------
         C            0.000000000000     0.000000000000    -0.632005338452    12.000000000000
         O            0.000000000000     0.000000000000     0.474154707406    15.994914619570

  Nuclear repulsion =   22.962776686122847

  ==> Basis Set <==

  Basis Set: CC-PVTZ
    Blend: CC-PVTZ
    Number of shells: 20
    Number of basis function: 60
    Number of Cartesian functions: 70
    Spherical Harmonics?: true
    Max angular momentum: 3

  ==> DFJKGrad: Density-Fitted SCF Gradients <==

    Gradient:                    1
    J tasked:                  Yes
    K tasked:                  Yes
    wK tasked:                  No
    OpenMP threads:             10
    Integrals threads:          10
    Memory [MiB]:             5722
    Schwarz Cutoff:          0E+00
    Fitting Condition:       1E-10

   => Auxiliary Basis Set <=

  Basis Set: (CC-PVTZ AUX)
    Blend: CC-PVTZ-JKFIT
    Number of shells: 50
    Number of basis function: 158
    Number of Cartesian functions: 192
    Spherical Harmonics?: true
    Max angular momentum: 4


  -Total Gradient:
     Atom            X                  Y                   Z
    ------   -----------------  -----------------  -----------------
       1       -0.000000000000     0.000000000000    -0.004663454841
       2        0.000000000000    -0.000000000000     0.004663454841


*** tstop() called on wanukaka at Thu Apr 14 12:55:24 2022
Module time:
	user time   =       6.80 seconds =       0.11 minutes
	system time =       0.33 seconds =       0.01 minutes
	total time  =          1 seconds =       0.02 minutes
Total time:
	user time   =    9234.55 seconds =     153.91 minutes
	system time =     403.49 seconds =       6.72 minutes
	total time  =       1068 seconds =      17.80 minutes

			-----------------------------------------
			 OPTKING 2.0: for geometry optimizations 
			  - R.A. King,  Bethel University        
			-----------------------------------------

	Previous internal coordinate definitions found.
	---Fragment 1 Geometry and Gradient---
	 C           0.0000000000        0.0000000000       -1.1943169995
	 O           0.0000000000        0.0000000000        0.8960225381
	            -0.0000000000        0.0000000000       -0.0046634548
	             0.0000000000       -0.0000000000        0.0046634548

	---Fragment 1 Intrafragment Coordinates---
	 - Coordinate -           - BOHR/RAD -       - ANG/DEG -
	 R(1,2)           =         2.090340	       1.106160

	Current energy   :      -112.7816633200

	Energy change for the previous step:
		Projected    :        -0.0017260734
		Actual       :        -0.0014161773
	Energy ratio indicates good step: Trust radius increased to 1.000e+00.


	Performing BFGS update.
	Previous computed or guess Hessian on step 1.
	Steps to be used in Hessian update: 1
	Taking RFO optimization step.
	Going to follow RFO solution 1.
	Using RFO vector 1.
	Norm of target step-size    0.00333
	Projected energy change by RFO approximation:        -0.0000099795

	Back-transformation to cartesian coordinates...
	Successfully converged to displaced geometry.

	--- Internal Coordinate Step in ANG or DEG, aJ/ANG or AJ/DEG ---
	 ---------------------------------------------------------------------------
	   Coordinate                Previous        Force       Change         New 
	   ----------                --------       ------       ------       ------
	    1 R(1,2)          =      1.106160    -0.038421    -0.001760     1.104400
	 ---------------------------------------------------------------------------
	Successfully symmetrized geometry.

  ==> Convergence Check <==

  Measures of convergence in internal coordinates in au.
  Criteria marked as inactive (o), active & met (*), and active & unmet ( ).
  ---------------------------------------------------------------------------------------------
   Step     Total Energy     Delta E     MAX Force     RMS Force      MAX Disp      RMS Disp   
  ---------------------------------------------------------------------------------------------
    Convergence Criteria    1.00e-06 *    3.00e-04 *             o    1.20e-03 *             o
  ---------------------------------------------------------------------------------------------
      2    -112.78166332   -1.42e-03      4.66e-03      4.66e-03 o    3.33e-03      3.33e-03 o  ~
  ---------------------------------------------------------------------------------------------

	Writing optimization data to binary file.
	Structure for next step:
	Cartesian Geometry (in Angstrom)
	    C     0.0000000000   0.0000000000  -0.6311252972
	    O     0.0000000000   0.0000000000   0.4732746667
			--------------------------
			 OPTKING Finished Execution 
			--------------------------

    Structure for next step:
    Molecular point group: c2v
    Full point group: C_inf_v

    Geometry (in Angstrom), charge = 0, multiplicity = 1:

    C       
    O             1    1.104400

gradient() will perform analytic gradient computation.

*** tstart() called on wanukaka
*** at Thu Apr 14 12:55:24 2022

   => Loading Basis Set <=

    Name: CC-PVTZ
    Role: ORBITAL
    Keyword: BASIS
    atoms 1 entry C          line   186 file /home/sulstice/software/miniconda2/envs/qmpython2/share/psi4/basis/cc-pvtz.gbs 
    atoms 2 entry O          line   262 file /home/sulstice/software/miniconda2/envs/qmpython2/share/psi4/basis/cc-pvtz.gbs 


         ---------------------------------------------------------
                                   SCF
               by Justin Turney, Rob Parrish, Andy Simmonett
                          and Daniel G. A. Smith
                              RHF Reference
                       10 Threads,   7629 MiB Core
         ---------------------------------------------------------

  ==> Geometry <==

    Molecular point group: c2v
    Full point group: C_inf_v

    Geometry (in Angstrom), charge = 0, multiplicity = 1:

       Center              X                  Y                   Z               Mass       
    ------------   -----------------  -----------------  -----------------  -----------------
         C            0.000000000000     0.000000000000    -0.630999716829    12.000000000000
         O            0.000000000000     0.000000000000     0.473400251395    15.994914619570

  Running in c2v symmetry.

  Rotational constants: A = ************  B =      2.01586  C =      2.01586 [cm^-1]
  Rotational constants: A = ************  B =  60433.86964  C =  60433.86964 [MHz]
  Nuclear repulsion =   22.999372367786616

  Charge       = 0
  Multiplicity = 1
  Electrons    = 14
  Nalpha       = 7
  Nbeta        = 7

  ==> Algorithm <==

  SCF Algorithm Type is DF.
  DIIS enabled.
  MOM disabled.
  Fractional occupation disabled.
  Guess Type is READ.
  Energy threshold   = 1.00e-08
  Density threshold  = 1.00e-08
  Integral threshold = 0.00e+00

  ==> Primary Basis <==

  Basis Set: CC-PVTZ
    Blend: CC-PVTZ
    Number of shells: 20
    Number of basis function: 60
    Number of Cartesian functions: 70
    Spherical Harmonics?: true
    Max angular momentum: 3

   => Loading Basis Set <=

    Name: (CC-PVTZ AUX)
    Role: JKFIT
    Keyword: DF_BASIS_SCF
    atoms 1 entry C          line   125 file /home/sulstice/software/miniconda2/envs/qmpython2/share/psi4/basis/cc-pvtz-jkfit.gbs 
    atoms 2 entry O          line   229 file /home/sulstice/software/miniconda2/envs/qmpython2/share/psi4/basis/cc-pvtz-jkfit.gbs 

   => Loading Basis Set <=

    Name: CC-PVTZ
    Role: ORBITAL
    Keyword: BASIS
    atoms 1 entry C          line   186 file /home/sulstice/software/miniconda2/envs/qmpython2/share/psi4/basis/cc-pvtz.gbs 
    atoms 2 entry O          line   262 file /home/sulstice/software/miniconda2/envs/qmpython2/share/psi4/basis/cc-pvtz.gbs 

  Reading orbitals from file 180, no projection.

  ==> Pre-Iterations <==

   -------------------------------------------------------
    Irrep   Nso     Nmo     Nalpha   Nbeta   Ndocc  Nsocc
   -------------------------------------------------------
     A1        26      26       0       0       0       0
     A2         6       6       0       0       0       0
     B1        14      14       0       0       0       0
     B2        14      14       0       0       0       0
   -------------------------------------------------------
    Total      60      60       7       7       7       0
   -------------------------------------------------------

  ==> Integral Setup <==

  DFHelper Memory: AOs need 0.005 GiB; user supplied 5.588 GiB. Using in-core AOs.

  ==> MemDFJK: Density-Fitted J/K Matrices <==

    J tasked:                   Yes
    K tasked:                   Yes
    wK tasked:                   No
    OpenMP threads:              10
    Memory [MiB]:              5722
    Algorithm:                 Core
    Schwarz Cutoff:           1E-12
    Mask sparsity (%):       0.0000
    Fitting Condition:        1E-10

   => Auxiliary Basis Set <=

  Basis Set: (CC-PVTZ AUX)
    Blend: CC-PVTZ-JKFIT
    Number of shells: 50
    Number of basis function: 158
    Number of Cartesian functions: 192
    Spherical Harmonics?: true
    Max angular momentum: 4

  Minimum eigenvalue in the overlap matrix is 2.8699530670E-03.
  Using Symmetric Orthogonalization.

  SCF Guess: Orbitals guess was supplied from a previous computation.

  ==> Iterations <==

                           Total Energy        Delta E     RMS |[F,P]|

   @DF-RHF iter   0:  -112.78435226339059   -1.12784e+02   2.56164e-04 
   @DF-RHF iter   1:  -112.78166968350786    2.68258e-03   4.13285e-05 DIIS
   @DF-RHF iter   2:  -112.78167008188984   -3.98382e-07   3.29785e-05 DIIS
   @DF-RHF iter   3:  -112.78167044892663   -3.67037e-07   2.80059e-06 DIIS
   @DF-RHF iter   4:  -112.78167045270303   -3.77639e-09   6.72398e-07 DIIS
   @DF-RHF iter   5:  -112.78167045314224   -4.39215e-10   2.81813e-07 DIIS
   @DF-RHF iter   6:  -112.78167045318870   -4.64553e-11   4.56233e-08 DIIS
   @DF-RHF iter   7:  -112.78167045319040   -1.70530e-12   5.14703e-09 DIIS
  Energy and wave function converged.


  ==> Post-Iterations <==

    Orbital Energies [Eh]
    ---------------------

    Doubly Occupied:                                                      

       1A1   -20.665000     2A1   -11.349105     3A1    -1.538085  
       4A1    -0.805793     1B2    -0.649681     1B1    -0.649681  
       5A1    -0.550756  

    Virtual:                                                              

       2B2     0.147244     2B1     0.147244     6A1     0.277145  
       7A1     0.438127     3B2     0.454266     3B1     0.454266  
       8A1     0.718991     4B2     0.814631     4B1     0.814631  
       1A2     0.818732     9A1     0.818732    10A1     0.856779  
       5B2     1.076693     5B1     1.076693    11A1     1.358884  
      12A1     1.628908    13A1     1.779755     2A2     1.779755  
      14A1     2.204383     6B1     2.209773     6B2     2.209773  
       7B2     2.292904     7B1     2.292904    15A1     2.823178  
       8B1     2.919207     8B2     2.919207    16A1     3.147199  
       3A2     3.147199     4A2     3.257962    17A1     3.257962  
       9B2     3.308063     9B1     3.308063    18A1     3.437353  
      10B1     3.650175    10B2     3.650175    19A1     3.789537  
      11B1     4.530846    11B2     4.530846    20A1     4.982495  
      12B2     5.524384    12B1     5.524384     5A2     5.968750  
      21A1     5.968750    22A1     6.645855     6A2     6.755690  
      23A1     6.755690    13B2     6.806372    13B1     6.806372  
      14B1     7.228919    14B2     7.228919    24A1     7.303331  
      25A1     7.625934    26A1    13.271855  

    Final Occupation by Irrep:
             A1    A2    B1    B2 
    DOCC [     5,    0,    1,    1 ]

  @DF-RHF Final Energy:  -112.78167045319040

   => Energetics <=

    Nuclear Repulsion Energy =             22.9993723677866164
    One-Electron Energy =                -199.1458875794459402
    Two-Electron Energy =                  63.3648447584689336
    Total Energy =                       -112.7816704531904008

Computation Completed


Properties will be evaluated at   0.000000,   0.000000,   0.000000 [a0]

Properties computed using the SCF density matrix

  Nuclear Dipole Moment: [e a0]
     X:     0.0000      Y:     0.0000      Z:     0.0023

  Electronic Dipole Moment: [e a0]
     X:     0.0000      Y:     0.0000      Z:    -0.0538

  Dipole Moment: [e a0]
     X:     0.0000      Y:     0.0000      Z:    -0.0515     Total:     0.0515

  Dipole Moment: [D]
     X:     0.0000      Y:     0.0000      Z:    -0.1310     Total:     0.1310


*** tstop() called on wanukaka at Thu Apr 14 12:55:24 2022
Module time:
	user time   =       3.80 seconds =       0.06 minutes
	system time =       0.14 seconds =       0.00 minutes
	total time  =          0 seconds =       0.00 minutes
Total time:
	user time   =    9238.43 seconds =     153.97 minutes
	system time =     403.63 seconds =       6.73 minutes
	total time  =       1068 seconds =      17.80 minutes

*** tstart() called on wanukaka
*** at Thu Apr 14 12:55:24 2022


         ------------------------------------------------------------
                                   SCF GRAD                          
                          Rob Parrish, Justin Turney,                
                       Andy Simmonett, and Alex Sokolov              
         ------------------------------------------------------------

  ==> Geometry <==

    Molecular point group: c2v
    Full point group: C_inf_v

    Geometry (in Angstrom), charge = 0, multiplicity = 1:

       Center              X                  Y                   Z               Mass       
    ------------   -----------------  -----------------  -----------------  -----------------
         C            0.000000000000     0.000000000000    -0.630999716829    12.000000000000
         O            0.000000000000     0.000000000000     0.473400251395    15.994914619570

  Nuclear repulsion =   22.999372367786616

  ==> Basis Set <==

  Basis Set: CC-PVTZ
    Blend: CC-PVTZ
    Number of shells: 20
    Number of basis function: 60
    Number of Cartesian functions: 70
    Spherical Harmonics?: true
    Max angular momentum: 3

  ==> DFJKGrad: Density-Fitted SCF Gradients <==

    Gradient:                    1
    J tasked:                  Yes
    K tasked:                  Yes
    wK tasked:                  No
    OpenMP threads:             10
    Integrals threads:          10
    Memory [MiB]:             5722
    Schwarz Cutoff:          0E+00
    Fitting Condition:       1E-10

   => Auxiliary Basis Set <=

  Basis Set: (CC-PVTZ AUX)
    Blend: CC-PVTZ-JKFIT
    Number of shells: 50
    Number of basis function: 158
    Number of Cartesian functions: 192
    Spherical Harmonics?: true
    Max angular momentum: 4


  -Total Gradient:
     Atom            X                  Y                   Z
    ------   -----------------  -----------------  -----------------
       1        0.000000000000     0.000000000000     0.000384173439
       2       -0.000000000000    -0.000000000000    -0.000384173439


*** tstop() called on wanukaka at Thu Apr 14 12:55:25 2022
Module time:
	user time   =       6.34 seconds =       0.11 minutes
	system time =       0.33 seconds =       0.01 minutes
	total time  =          1 seconds =       0.02 minutes
Total time:
	user time   =    9244.78 seconds =     154.08 minutes
	system time =     403.96 seconds =       6.73 minutes
	total time  =       1069 seconds =      17.82 minutes

			-----------------------------------------
			 OPTKING 2.0: for geometry optimizations 
			  - R.A. King,  Bethel University        
			-----------------------------------------

	Previous internal coordinate definitions found.
	---Fragment 1 Geometry and Gradient---
	 C           0.0000000000        0.0000000000       -1.1924166500
	 O           0.0000000000        0.0000000000        0.8945968229
	             0.0000000000        0.0000000000        0.0003841734
	            -0.0000000000       -0.0000000000       -0.0003841734

	---Fragment 1 Intrafragment Coordinates---
	 - Coordinate -           - BOHR/RAD -       - ANG/DEG -
	 R(1,2)           =         2.087013	       1.104400

	Current energy   :      -112.7816704532

	Energy change for the previous step:
		Projected    :        -0.0000099795
		Actual       :        -0.0000071332

	Performing BFGS update.
	Previous computed or guess Hessian on step 1.
	Steps to be used in Hessian update: 2 1
	Taking RFO optimization step.
	Going to follow RFO solution 1.
	Using RFO vector 1.
	Norm of target step-size    0.00027
	Projected energy change by RFO approximation:        -0.0000000675

	Back-transformation to cartesian coordinates...
	Successfully converged to displaced geometry.

	--- Internal Coordinate Step in ANG or DEG, aJ/ANG or AJ/DEG ---
	 ---------------------------------------------------------------------------
	   Coordinate                Previous        Force       Change         New 
	   ----------                --------       ------       ------       ------
	    1 R(1,2)          =      1.104400     0.003165     0.000144     1.104544
	 ---------------------------------------------------------------------------
	Successfully symmetrized geometry.

  ==> Convergence Check <==

  Measures of convergence in internal coordinates in au.
  Criteria marked as inactive (o), active & met (*), and active & unmet ( ).
  ---------------------------------------------------------------------------------------------
   Step     Total Energy     Delta E     MAX Force     RMS Force      MAX Disp      RMS Disp   
  ---------------------------------------------------------------------------------------------
    Convergence Criteria    1.00e-06 *    3.00e-04 *             o    1.20e-03 *             o
  ---------------------------------------------------------------------------------------------
      3    -112.78167045   -7.13e-06      3.84e-04      3.84e-04 o    2.72e-04 *    2.72e-04 o  ~
  ---------------------------------------------------------------------------------------------

	Writing optimization data to binary file.
	Structure for next step:
	Cartesian Geometry (in Angstrom)
	    C     0.0000000000   0.0000000000  -0.6310717696
	    O     0.0000000000   0.0000000000   0.4734723048
			--------------------------
			 OPTKING Finished Execution 
			--------------------------

    Structure for next step:
    Molecular point group: c2v
    Full point group: C_inf_v

    Geometry (in Angstrom), charge = 0, multiplicity = 1:

    C       
    O             1    1.104544

gradient() will perform analytic gradient computation.

*** tstart() called on wanukaka
*** at Thu Apr 14 12:55:25 2022

   => Loading Basis Set <=

    Name: CC-PVTZ
    Role: ORBITAL
    Keyword: BASIS
    atoms 1 entry C          line   186 file /home/sulstice/software/miniconda2/envs/qmpython2/share/psi4/basis/cc-pvtz.gbs 
    atoms 2 entry O          line   262 file /home/sulstice/software/miniconda2/envs/qmpython2/share/psi4/basis/cc-pvtz.gbs 


         ---------------------------------------------------------
                                   SCF
               by Justin Turney, Rob Parrish, Andy Simmonett
                          and Daniel G. A. Smith
                              RHF Reference
                       10 Threads,   7629 MiB Core
         ---------------------------------------------------------

  ==> Geometry <==

    Molecular point group: c2v
    Full point group: C_inf_v

    Geometry (in Angstrom), charge = 0, multiplicity = 1:

       Center              X                  Y                   Z               Mass       
    ------------   -----------------  -----------------  -----------------  -----------------
         C            0.000000000000     0.000000000000    -0.631082054482    12.000000000000
         O            0.000000000000     0.000000000000     0.473462024269    15.994914619570

  Running in c2v symmetry.

  Rotational constants: A = ************  B =      2.01533  C =      2.01533 [cm^-1]
  Rotational constants: A = ************  B =  60418.10099  C =  60418.10099 [MHz]
  Nuclear repulsion =   22.996371625919018

  Charge       = 0
  Multiplicity = 1
  Electrons    = 14
  Nalpha       = 7
  Nbeta        = 7

  ==> Algorithm <==

  SCF Algorithm Type is DF.
  DIIS enabled.
  MOM disabled.
  Fractional occupation disabled.
  Guess Type is READ.
  Energy threshold   = 1.00e-08
  Density threshold  = 1.00e-08
  Integral threshold = 0.00e+00

  ==> Primary Basis <==

  Basis Set: CC-PVTZ
    Blend: CC-PVTZ
    Number of shells: 20
    Number of basis function: 60
    Number of Cartesian functions: 70
    Spherical Harmonics?: true
    Max angular momentum: 3

   => Loading Basis Set <=

    Name: (CC-PVTZ AUX)
    Role: JKFIT
    Keyword: DF_BASIS_SCF
    atoms 1 entry C          line   125 file /home/sulstice/software/miniconda2/envs/qmpython2/share/psi4/basis/cc-pvtz-jkfit.gbs 
    atoms 2 entry O          line   229 file /home/sulstice/software/miniconda2/envs/qmpython2/share/psi4/basis/cc-pvtz-jkfit.gbs 

   => Loading Basis Set <=

    Name: CC-PVTZ
    Role: ORBITAL
    Keyword: BASIS
    atoms 1 entry C          line   186 file /home/sulstice/software/miniconda2/envs/qmpython2/share/psi4/basis/cc-pvtz.gbs 
    atoms 2 entry O          line   262 file /home/sulstice/software/miniconda2/envs/qmpython2/share/psi4/basis/cc-pvtz.gbs 

  Reading orbitals from file 180, no projection.

  ==> Pre-Iterations <==

   -------------------------------------------------------
    Irrep   Nso     Nmo     Nalpha   Nbeta   Ndocc  Nsocc
   -------------------------------------------------------
     A1        26      26       0       0       0       0
     A2         6       6       0       0       0       0
     B1        14      14       0       0       0       0
     B2        14      14       0       0       0       0
   -------------------------------------------------------
    Total      60      60       7       7       7       0
   -------------------------------------------------------

  ==> Integral Setup <==

  DFHelper Memory: AOs need 0.005 GiB; user supplied 5.588 GiB. Using in-core AOs.

  ==> MemDFJK: Density-Fitted J/K Matrices <==

    J tasked:                   Yes
    K tasked:                   Yes
    wK tasked:                   No
    OpenMP threads:              10
    Memory [MiB]:              5722
    Algorithm:                 Core
    Schwarz Cutoff:           1E-12
    Mask sparsity (%):       0.0000
    Fitting Condition:        1E-10

   => Auxiliary Basis Set <=

  Basis Set: (CC-PVTZ AUX)
    Blend: CC-PVTZ-JKFIT
    Number of shells: 50
    Number of basis function: 158
    Number of Cartesian functions: 192
    Spherical Harmonics?: true
    Max angular momentum: 4

  Minimum eigenvalue in the overlap matrix is 2.8707680269E-03.
  Using Symmetric Orthogonalization.

  SCF Guess: Orbitals guess was supplied from a previous computation.

  ==> Iterations <==

                           Total Energy        Delta E     RMS |[F,P]|

   @DF-RHF iter   0:  -112.78145130108135   -1.12781e+02   2.10141e-05 
   @DF-RHF iter   1:  -112.78167049605807   -2.19195e-04   3.38569e-06 DIIS
   @DF-RHF iter   2:  -112.78167049872761   -2.66954e-09   2.70325e-06 DIIS
   @DF-RHF iter   3:  -112.78167050119418   -2.46658e-09   2.29076e-07 DIIS
   @DF-RHF iter   4:  -112.78167050121954   -2.53522e-11   5.49887e-08 DIIS
   @DF-RHF iter   5:  -112.78167050122244   -2.89901e-12   2.30240e-08 DIIS
   @DF-RHF iter   6:  -112.78167050122271   -2.70006e-13   3.73707e-09 DIIS
  Energy and wave function converged.


  ==> Post-Iterations <==

    Orbital Energies [Eh]
    ---------------------

    Doubly Occupied:                                                      

       1A1   -20.665006     2A1   -11.349170     3A1    -1.537983  
       4A1    -0.805780     1B2    -0.649615     1B1    -0.649615  
       5A1    -0.550774  

    Virtual:                                                              

       2B1     0.147191     2B2     0.147191     6A1     0.277143  
       7A1     0.438124     3B2     0.454257     3B1     0.454257  
       8A1     0.718995     4B1     0.814648     4B2     0.814648  
       1A2     0.818728     9A1     0.818728    10A1     0.856630  
       5B2     1.076626     5B1     1.076626    11A1     1.358844  
      12A1     1.628681    13A1     1.779725     2A2     1.779725  
      14A1     2.204423     6B1     2.209675     6B2     2.209675  
       7B2     2.292944     7B1     2.292944    15A1     2.822976  
       8B2     2.919193     8B1     2.919193     3A2     3.147098  
      16A1     3.147098     4A2     3.257936    17A1     3.257936  
       9B2     3.308040     9B1     3.308040    18A1     3.437389  
      10B1     3.650011    10B2     3.650011    19A1     3.789309  
      11B1     4.530704    11B2     4.530704    20A1     4.981992  
      12B1     5.524375    12B2     5.524375    21A1     5.968536  
       5A2     5.968536    22A1     6.645716    23A1     6.755674  
       6A2     6.755674    13B1     6.805929    13B2     6.805929  
      14B1     7.228951    14B2     7.228951    24A1     7.303095  
      25A1     7.625239    26A1    13.269658  

    Final Occupation by Irrep:
             A1    A2    B1    B2 
    DOCC [     5,    0,    1,    1 ]

  @DF-RHF Final Energy:  -112.78167050122271

   => Energetics <=

    Nuclear Repulsion Energy =             22.9963716259190178
    One-Electron Energy =                -199.1402010939123102
    Two-Electron Energy =                  63.3621589667705933
    Total Energy =                       -112.7816705012227061

Computation Completed


Properties will be evaluated at   0.000000,   0.000000,   0.000000 [a0]

Properties computed using the SCF density matrix

  Nuclear Dipole Moment: [e a0]
     X:     0.0000      Y:     0.0000      Z:     0.0023

  Electronic Dipole Moment: [e a0]
     X:     0.0000      Y:     0.0000      Z:    -0.0541

  Dipole Moment: [e a0]
     X:     0.0000      Y:     0.0000      Z:    -0.0518     Total:     0.0518

  Dipole Moment: [D]
     X:     0.0000      Y:     0.0000      Z:    -0.1317     Total:     0.1317


*** tstop() called on wanukaka at Thu Apr 14 12:55:25 2022
Module time:
	user time   =       3.01 seconds =       0.05 minutes
	system time =       0.14 seconds =       0.00 minutes
	total time  =          0 seconds =       0.00 minutes
Total time:
	user time   =    9247.87 seconds =     154.13 minutes
	system time =     404.10 seconds =       6.73 minutes
	total time  =       1069 seconds =      17.82 minutes

*** tstart() called on wanukaka
*** at Thu Apr 14 12:55:25 2022


         ------------------------------------------------------------
                                   SCF GRAD                          
                          Rob Parrish, Justin Turney,                
                       Andy Simmonett, and Alex Sokolov              
         ------------------------------------------------------------

  ==> Geometry <==

    Molecular point group: c2v
    Full point group: C_inf_v

    Geometry (in Angstrom), charge = 0, multiplicity = 1:

       Center              X                  Y                   Z               Mass       
    ------------   -----------------  -----------------  -----------------  -----------------
         C            0.000000000000     0.000000000000    -0.631082054482    12.000000000000
         O            0.000000000000     0.000000000000     0.473462024269    15.994914619570

  Nuclear repulsion =   22.996371625919018

  ==> Basis Set <==

  Basis Set: CC-PVTZ
    Blend: CC-PVTZ
    Number of shells: 20
    Number of basis function: 60
    Number of Cartesian functions: 70
    Spherical Harmonics?: true
    Max angular momentum: 3

  ==> DFJKGrad: Density-Fitted SCF Gradients <==

    Gradient:                    1
    J tasked:                  Yes
    K tasked:                  Yes
    wK tasked:                  No
    OpenMP threads:             10
    Integrals threads:          10
    Memory [MiB]:             5722
    Schwarz Cutoff:          0E+00
    Fitting Condition:       1E-10

   => Auxiliary Basis Set <=

  Basis Set: (CC-PVTZ AUX)
    Blend: CC-PVTZ-JKFIT
    Number of shells: 50
    Number of basis function: 158
    Number of Cartesian functions: 192
    Spherical Harmonics?: true
    Max angular momentum: 4


  -Total Gradient:
     Atom            X                  Y                   Z
    ------   -----------------  -----------------  -----------------
       1        0.000000000000     0.000000000000    -0.000031365963
       2       -0.000000000000     0.000000000000     0.000031365963


*** tstop() called on wanukaka at Thu Apr 14 12:55:26 2022
Module time:
	user time   =       6.27 seconds =       0.10 minutes
	system time =       0.32 seconds =       0.01 minutes
	total time  =          1 seconds =       0.02 minutes
Total time:
	user time   =    9254.15 seconds =     154.24 minutes
	system time =     404.42 seconds =       6.74 minutes
	total time  =       1070 seconds =      17.83 minutes

			-----------------------------------------
			 OPTKING 2.0: for geometry optimizations 
			  - R.A. King,  Bethel University        
			-----------------------------------------

	Previous internal coordinate definitions found.
	---Fragment 1 Geometry and Gradient---
	 C           0.0000000000        0.0000000000       -1.1925722457
	 O           0.0000000000        0.0000000000        0.8947135567
	             0.0000000000        0.0000000000       -0.0000313660
	            -0.0000000000        0.0000000000        0.0000313660

	---Fragment 1 Intrafragment Coordinates---
	 - Coordinate -           - BOHR/RAD -       - ANG/DEG -
	 R(1,2)           =         2.087286	       1.104544

	Current energy   :      -112.7816705012

	Energy change for the previous step:
		Projected    :        -0.0000000675
		Actual       :        -0.0000000480

	Performing BFGS update.
	Previous computed or guess Hessian on step 1.
	Denominators (dg)(dq) or (dq)(dq) are very small.
	 Skipping Hessian update for step 3.
	Steps to be used in Hessian update: 2 1
	Taking RFO optimization step.
	Going to follow RFO solution 1.
	Using RFO vector 1.
	Norm of target step-size    0.00002
	Projected energy change by RFO approximation:        -0.0000000005

	Back-transformation to cartesian coordinates...
	Successfully converged to displaced geometry.

	--- Internal Coordinate Step in ANG or DEG, aJ/ANG or AJ/DEG ---
	 ---------------------------------------------------------------------------
	   Coordinate                Previous        Force       Change         New 
	   ----------                --------       ------       ------       ------
	    1 R(1,2)          =      1.104544    -0.000258    -0.000012     1.104532
	 ---------------------------------------------------------------------------
	Successfully symmetrized geometry.

  ==> Convergence Check <==

  Measures of convergence in internal coordinates in au.
  Criteria marked as inactive (o), active & met (*), and active & unmet ( ).
  ---------------------------------------------------------------------------------------------
   Step     Total Energy     Delta E     MAX Force     RMS Force      MAX Disp      RMS Disp   
  ---------------------------------------------------------------------------------------------
    Convergence Criteria    1.00e-06 *    3.00e-04 *             o    1.20e-03 *             o
  ---------------------------------------------------------------------------------------------
      4    -112.78167050   -4.80e-08 *    3.14e-05 *    3.14e-05 o    2.22e-05 *    2.22e-05 o  ~
  ---------------------------------------------------------------------------------------------


  **** Optimization is complete! (in 4 steps) ****

  ==> Optimization Summary <==

  Measures of convergence in internal coordinates in au.
  --------------------------------------------------------------------------------------------------------------- ~
   Step         Total Energy             Delta E       MAX Force       RMS Force        MAX Disp        RMS Disp  ~
  --------------------------------------------------------------------------------------------------------------- ~
      1    -112.780247142683   -112.780247142683      0.06252938      0.06252938      0.04127153      0.04127153  ~
      2    -112.781663320006     -0.001416177323      0.00466345      0.00466345      0.00332606      0.00332606  ~
      3    -112.781670453190     -0.000007133185      0.00038417      0.00038417      0.00027233      0.00027233  ~
      4    -112.781670501223     -0.000000048032      0.00003137      0.00003137      0.00002225      0.00002225  ~
  --------------------------------------------------------------------------------------------------------------- ~

	Writing optimization data to binary file.
	Final energy is   -112.7816705012227
	Final (previous) structure:
	Cartesian Geometry (in Angstrom)
	    C     0.0000000000   0.0000000000  -0.6310820520
	    O     0.0000000000   0.0000000000   0.4734620224
	Saving final (previous) structure.
			--------------------------
			 OPTKING Finished Execution 
			--------------------------

    Final optimized geometry and variables:
    Molecular point group: c2v
    Full point group: C_inf_v

    Geometry (in Angstrom), charge = 0, multiplicity = 1:

    C       
    O             1    1.104544

	Removing binary optimization data file.
	Cleaning optimization helper files.

*** tstart() called on wanukaka
*** at Thu Apr 14 12:55:26 2022

   => Loading Basis Set <=

    Name: CC-PVTZ
    Role: ORBITAL
    Keyword: BASIS
    atoms 1 entry C          line   186 file /home/sulstice/software/miniconda2/envs/qmpython2/share/psi4/basis/cc-pvtz.gbs 
    atoms 2 entry O          line   262 file /home/sulstice/software/miniconda2/envs/qmpython2/share/psi4/basis/cc-pvtz.gbs 


         ---------------------------------------------------------
                                   SCF
               by Justin Turney, Rob Parrish, Andy Simmonett
                          and Daniel G. A. Smith
                              RHF Reference
                       10 Threads,   7629 MiB Core
         ---------------------------------------------------------

  ==> Geometry <==

    Molecular point group: c2v
    Full point group: C_inf_v

    Geometry (in Angstrom), charge = 0, multiplicity = 1:

       Center              X                  Y                   Z               Mass       
    ------------   -----------------  -----------------  -----------------  -----------------
         C            0.000000000000     0.000000000000    -0.631082054482    12.000000000000
         O            0.000000000000     0.000000000000     0.473462024269    15.994914619570

  Running in c2v symmetry.

  Rotational constants: A = ************  B =      2.01533  C =      2.01533 [cm^-1]
  Rotational constants: A = ************  B =  60418.10099  C =  60418.10099 [MHz]
  Nuclear repulsion =   22.996371625919018

  Charge       = 0
  Multiplicity = 1
  Electrons    = 14
  Nalpha       = 7
  Nbeta        = 7

  ==> Algorithm <==

  SCF Algorithm Type is DF.
  DIIS enabled.
  MOM disabled.
  Fractional occupation disabled.
  Guess Type is SAD.
  Energy threshold   = 1.00e-06
  Density threshold  = 1.00e-06
  Integral threshold = 0.00e+00

  ==> Primary Basis <==

  Basis Set: CC-PVTZ
    Blend: CC-PVTZ
    Number of shells: 20
    Number of basis function: 60
    Number of Cartesian functions: 70
    Spherical Harmonics?: true
    Max angular momentum: 3

   => Loading Basis Set <=

    Name: (CC-PVTZ AUX)
    Role: JKFIT
    Keyword: DF_BASIS_SCF
    atoms 1 entry C          line   125 file /home/sulstice/software/miniconda2/envs/qmpython2/share/psi4/basis/cc-pvtz-jkfit.gbs 
    atoms 2 entry O          line   229 file /home/sulstice/software/miniconda2/envs/qmpython2/share/psi4/basis/cc-pvtz-jkfit.gbs 

  ==> Pre-Iterations <==

   -------------------------------------------------------
    Irrep   Nso     Nmo     Nalpha   Nbeta   Ndocc  Nsocc
   -------------------------------------------------------
     A1        26      26       0       0       0       0
     A2         6       6       0       0       0       0
     B1        14      14       0       0       0       0
     B2        14      14       0       0       0       0
   -------------------------------------------------------
    Total      60      60       7       7       7       0
   -------------------------------------------------------

  ==> Integral Setup <==

  DFHelper Memory: AOs need 0.005 GiB; user supplied 5.588 GiB. Using in-core AOs.

  ==> MemDFJK: Density-Fitted J/K Matrices <==

    J tasked:                   Yes
    K tasked:                   Yes
    wK tasked:                   No
    OpenMP threads:              10
    Memory [MiB]:              5722
    Algorithm:                 Core
    Schwarz Cutoff:           1E-12
    Mask sparsity (%):       0.0000
    Fitting Condition:        1E-10

   => Auxiliary Basis Set <=

  Basis Set: (CC-PVTZ AUX)
    Blend: CC-PVTZ-JKFIT
    Number of shells: 50
    Number of basis function: 158
    Number of Cartesian functions: 192
    Spherical Harmonics?: true
    Max angular momentum: 4

  Minimum eigenvalue in the overlap matrix is 2.8707680269E-03.
  Using Symmetric Orthogonalization.

  SCF Guess: Superposition of Atomic Densities via on-the-fly atomic UHF.

  ==> Iterations <==

                           Total Energy        Delta E     RMS |[F,P]|

   @DF-RHF iter SAD:  -111.94523499338896   -1.11945e+02   0.00000e+00 
   @DF-RHF iter   1:  -112.75912461172857   -8.13890e-01   7.91794e-03 DIIS
   @DF-RHF iter   2:  -112.76829942084953   -9.17481e-03   6.13527e-03 DIIS
   @DF-RHF iter   3:  -112.78155665562549   -1.32572e-02   4.69255e-04 DIIS
   @DF-RHF iter   4:  -112.78166833937524   -1.11684e-04   5.71581e-05 DIIS
   @DF-RHF iter   5:  -112.78167040367713   -2.06430e-06   9.59398e-06 DIIS
   @DF-RHF iter   6:  -112.78167049861437   -9.49372e-08   1.68412e-06 DIIS
   @DF-RHF iter   7:  -112.78167050111800   -2.50363e-09   3.84420e-07 DIIS
  Energy and wave function converged.


  ==> Post-Iterations <==

    Orbital Energies [Eh]
    ---------------------

    Doubly Occupied:                                                      

       1A1   -20.665004     2A1   -11.349169     3A1    -1.537982  
       4A1    -0.805778     1B2    -0.649615     1B1    -0.649615  
       5A1    -0.550774  

    Virtual:                                                              

       2B1     0.147191     2B2     0.147191     6A1     0.277143  
       7A1     0.438124     3B2     0.454257     3B1     0.454257  
       8A1     0.718996     4B1     0.814648     4B2     0.814648  
       1A2     0.818728     9A1     0.818728    10A1     0.856630  
       5B2     1.076626     5B1     1.076626    11A1     1.358845  
      12A1     1.628681    13A1     1.779725     2A2     1.779725  
      14A1     2.204423     6B1     2.209676     6B2     2.209676  
       7B2     2.292944     7B1     2.292944    15A1     2.822976  
       8B2     2.919192     8B1     2.919192     3A2     3.147098  
      16A1     3.147098     4A2     3.257936    17A1     3.257936  
       9B2     3.308040     9B1     3.308040    18A1     3.437390  
      10B1     3.650012    10B2     3.650012    19A1     3.789310  
      11B1     4.530705    11B2     4.530705    20A1     4.981993  
      12B1     5.524377    12B2     5.524377    21A1     5.968537  
       5A2     5.968537    22A1     6.645717    23A1     6.755676  
       6A2     6.755676    13B2     6.805930    13B1     6.805930  
      14B1     7.228952    14B2     7.228952    24A1     7.303096  
      25A1     7.625240    26A1    13.269659  

    Final Occupation by Irrep:
             A1    A2    B1    B2 
    DOCC [     5,    0,    1,    1 ]

  @DF-RHF Final Energy:  -112.78167050111800

   => Energetics <=

    Nuclear Repulsion Energy =             22.9963716259190178
    One-Electron Energy =                -199.1402053806245647
    Two-Electron Energy =                  63.3621632535875534
    Total Energy =                       -112.7816705011180005

Computation Completed


Properties will be evaluated at   0.000000,   0.000000,   0.000000 [a0]

Properties computed using the SCF density matrix

  Nuclear Dipole Moment: [e a0]
     X:     0.0000      Y:     0.0000      Z:     0.0023

  Electronic Dipole Moment: [e a0]
     X:     0.0000      Y:     0.0000      Z:    -0.0541

  Dipole Moment: [e a0]
     X:     0.0000      Y:     0.0000      Z:    -0.0518     Total:     0.0518

  Dipole Moment: [D]
     X:     0.0000      Y:     0.0000      Z:    -0.1317     Total:     0.1317


*** tstop() called on wanukaka at Thu Apr 14 12:55:27 2022
Module time:
	user time   =       5.64 seconds =       0.09 minutes
	system time =       0.25 seconds =       0.00 minutes
	total time  =          1 seconds =       0.02 minutes
Total time:
	user time   =    9259.88 seconds =     154.33 minutes
	system time =     404.67 seconds =       6.74 minutes
	total time  =       1071 seconds =      17.85 minutes
hessian() using ref_gradient to assess stationary point.

  Based on options and gradient (rms=1.81E-05), recommend projecting translations and projecting rotations.
hessian() will perform analytic frequency computation.

*** tstart() called on wanukaka
*** at Thu Apr 14 12:55:27 2022

   => Loading Basis Set <=

    Name: CC-PVTZ
    Role: ORBITAL
    Keyword: BASIS
    atoms 1 entry C          line   186 file /home/sulstice/software/miniconda2/envs/qmpython2/share/psi4/basis/cc-pvtz.gbs 
    atoms 2 entry O          line   262 file /home/sulstice/software/miniconda2/envs/qmpython2/share/psi4/basis/cc-pvtz.gbs 


         ---------------------------------------------------------
                                   SCF
               by Justin Turney, Rob Parrish, Andy Simmonett
                          and Daniel G. A. Smith
                              RHF Reference
                       10 Threads,   7629 MiB Core
         ---------------------------------------------------------

  ==> Geometry <==

    Molecular point group: c2v
    Full point group: C_inf_v

    Geometry (in Angstrom), charge = 0, multiplicity = 1:

       Center              X                  Y                   Z               Mass       
    ------------   -----------------  -----------------  -----------------  -----------------
         C            0.000000000000     0.000000000000    -0.631082054482    12.000000000000
         O            0.000000000000     0.000000000000     0.473462024269    15.994914619570

  Running in c2v symmetry.

  Rotational constants: A = ************  B =      2.01533  C =      2.01533 [cm^-1]
  Rotational constants: A = ************  B =  60418.10099  C =  60418.10099 [MHz]
  Nuclear repulsion =   22.996371625919018

  Charge       = 0
  Multiplicity = 1
  Electrons    = 14
  Nalpha       = 7
  Nbeta        = 7

  ==> Algorithm <==

  SCF Algorithm Type is DF.
  DIIS enabled.
  MOM disabled.
  Fractional occupation disabled.
  Guess Type is SAD.
  Energy threshold   = 1.00e-08
  Density threshold  = 1.00e-08
  Integral threshold = 0.00e+00

  ==> Primary Basis <==

  Basis Set: CC-PVTZ
    Blend: CC-PVTZ
    Number of shells: 20
    Number of basis function: 60
    Number of Cartesian functions: 70
    Spherical Harmonics?: true
    Max angular momentum: 3

   => Loading Basis Set <=

    Name: (CC-PVTZ AUX)
    Role: JKFIT
    Keyword: DF_BASIS_SCF
    atoms 1 entry C          line   125 file /home/sulstice/software/miniconda2/envs/qmpython2/share/psi4/basis/cc-pvtz-jkfit.gbs 
    atoms 2 entry O          line   229 file /home/sulstice/software/miniconda2/envs/qmpython2/share/psi4/basis/cc-pvtz-jkfit.gbs 

  ==> Pre-Iterations <==

   -------------------------------------------------------
    Irrep   Nso     Nmo     Nalpha   Nbeta   Ndocc  Nsocc
   -------------------------------------------------------
     A1        26      26       0       0       0       0
     A2         6       6       0       0       0       0
     B1        14      14       0       0       0       0
     B2        14      14       0       0       0       0
   -------------------------------------------------------
    Total      60      60       7       7       7       0
   -------------------------------------------------------

  ==> Integral Setup <==

  DFHelper Memory: AOs need 0.005 GiB; user supplied 5.588 GiB. Using in-core AOs.

  ==> MemDFJK: Density-Fitted J/K Matrices <==

    J tasked:                   Yes
    K tasked:                   Yes
    wK tasked:                   No
    OpenMP threads:              10
    Memory [MiB]:              5722
    Algorithm:                 Core
    Schwarz Cutoff:           1E-12
    Mask sparsity (%):       0.0000
    Fitting Condition:        1E-10

   => Auxiliary Basis Set <=

  Basis Set: (CC-PVTZ AUX)
    Blend: CC-PVTZ-JKFIT
    Number of shells: 50
    Number of basis function: 158
    Number of Cartesian functions: 192
    Spherical Harmonics?: true
    Max angular momentum: 4

  Minimum eigenvalue in the overlap matrix is 2.8707680269E-03.
  Using Symmetric Orthogonalization.

  SCF Guess: Superposition of Atomic Densities via on-the-fly atomic UHF.

  ==> Iterations <==

                           Total Energy        Delta E     RMS |[F,P]|

   @DF-RHF iter SAD:  -111.94523499338896   -1.11945e+02   0.00000e+00 
   @DF-RHF iter   1:  -112.75912461172844   -8.13890e-01   7.91794e-03 DIIS
   @DF-RHF iter   2:  -112.76829942084949   -9.17481e-03   6.13527e-03 DIIS
   @DF-RHF iter   3:  -112.78155665562554   -1.32572e-02   4.69255e-04 DIIS
   @DF-RHF iter   4:  -112.78166833937523   -1.11684e-04   5.71581e-05 DIIS
   @DF-RHF iter   5:  -112.78167040367697   -2.06430e-06   9.59398e-06 DIIS
   @DF-RHF iter   6:  -112.78167049861413   -9.49372e-08   1.68412e-06 DIIS
   @DF-RHF iter   7:  -112.78167050111800   -2.50387e-09   3.84420e-07 DIIS
   @DF-RHF iter   8:  -112.78167050121496   -9.69607e-11   9.26335e-08 DIIS
   @DF-RHF iter   9:  -112.78167050122234   -7.37543e-12   2.02455e-08 DIIS
   @DF-RHF iter  10:  -112.78167050122269   -3.55271e-13   1.61768e-09 DIIS
  Energy and wave function converged.


  ==> Post-Iterations <==

    Orbital Energies [Eh]
    ---------------------

    Doubly Occupied:                                                      

       1A1   -20.665006     2A1   -11.349170     3A1    -1.537983  
       4A1    -0.805780     1B2    -0.649615     1B1    -0.649615  
       5A1    -0.550774  

    Virtual:                                                              

       2B1     0.147191     2B2     0.147191     6A1     0.277143  
       7A1     0.438124     3B2     0.454257     3B1     0.454257  
       8A1     0.718995     4B1     0.814648     4B2     0.814648  
       1A2     0.818728     9A1     0.818728    10A1     0.856630  
       5B2     1.076626     5B1     1.076626    11A1     1.358844  
      12A1     1.628681    13A1     1.779725     2A2     1.779725  
      14A1     2.204423     6B1     2.209675     6B2     2.209675  
       7B2     2.292944     7B1     2.292944    15A1     2.822976  
       8B2     2.919193     8B1     2.919193     3A2     3.147098  
      16A1     3.147098     4A2     3.257936    17A1     3.257936  
       9B2     3.308040     9B1     3.308040    18A1     3.437389  
      10B1     3.650011    10B2     3.650011    19A1     3.789309  
      11B1     4.530704    11B2     4.530704    20A1     4.981992  
      12B1     5.524375    12B2     5.524375    21A1     5.968536  
       5A2     5.968536    22A1     6.645716    23A1     6.755674  
       6A2     6.755674    13B1     6.805929    13B2     6.805929  
      14B1     7.228951    14B2     7.228951    24A1     7.303095  
      25A1     7.625239    26A1    13.269658  

    Final Occupation by Irrep:
             A1    A2    B1    B2 
    DOCC [     5,    0,    1,    1 ]

  @DF-RHF Final Energy:  -112.78167050122269

   => Energetics <=

    Nuclear Repulsion Energy =             22.9963716259190178
    One-Electron Energy =                -199.1402009960070814
    Two-Electron Energy =                  63.3621588688653858
    Total Energy =                       -112.7816705012226919

Computation Completed


Properties will be evaluated at   0.000000,   0.000000,   0.000000 [a0]

Properties computed using the SCF density matrix

  Nuclear Dipole Moment: [e a0]
     X:     0.0000      Y:     0.0000      Z:     0.0023

  Electronic Dipole Moment: [e a0]
     X:     0.0000      Y:     0.0000      Z:    -0.0541

  Dipole Moment: [e a0]
     X:     0.0000      Y:     0.0000      Z:    -0.0518     Total:     0.0518

  Dipole Moment: [D]
     X:     0.0000      Y:     0.0000      Z:    -0.1317     Total:     0.1317


*** tstop() called on wanukaka at Thu Apr 14 12:55:27 2022
Module time:
	user time   =       7.18 seconds =       0.12 minutes
	system time =       0.37 seconds =       0.01 minutes
	total time  =          0 seconds =       0.00 minutes
Total time:
	user time   =    9267.14 seconds =     154.45 minutes
	system time =     405.05 seconds =       6.75 minutes
	total time  =       1071 seconds =      17.85 minutes

*** tstart() called on wanukaka
*** at Thu Apr 14 12:55:27 2022


         ------------------------------------------------------------
                                   SCF HESS                          
                          Rob Parrish, Justin Turney,                
                       Andy Simmonett, and Alex Sokolov              
         ------------------------------------------------------------

  ==> Geometry <==

    Molecular point group: c2v
    Full point group: C_inf_v

    Geometry (in Angstrom), charge = 0, multiplicity = 1:

       Center              X                  Y                   Z               Mass       
    ------------   -----------------  -----------------  -----------------  -----------------
         C            0.000000000000     0.000000000000    -0.631082054482    12.000000000000
         O            0.000000000000     0.000000000000     0.473462024269    15.994914619570

  Nuclear repulsion =   22.996371625919018

  ==> Basis Set <==

  Basis Set: CC-PVTZ
    Blend: CC-PVTZ
    Number of shells: 20
    Number of basis function: 60
    Number of Cartesian functions: 70
    Spherical Harmonics?: true
    Max angular momentum: 3

  ==> DFJKGrad: Density-Fitted SCF Gradients <==

    Gradient:                    2
    J tasked:                  Yes
    K tasked:                  Yes
    wK tasked:                  No
    OpenMP threads:             10
    Integrals threads:          10
    Memory [MiB]:             5722
    Schwarz Cutoff:          0E+00
    Fitting Condition:       1E-10

   => Auxiliary Basis Set <=

  Basis Set: (CC-PVTZ AUX)
    Blend: CC-PVTZ-JKFIT
    Number of shells: 50
    Number of basis function: 158
    Number of Cartesian functions: 192
    Spherical Harmonics?: true
    Max angular momentum: 4

  DFHelper Memory: AOs need 0.005 GiB; user supplied 6.706 GiB. Using in-core AOs.

  ==> MemDFJK: Density-Fitted J/K Matrices <==

    J tasked:                   Yes
    K tasked:                   Yes
    wK tasked:                   No
    OpenMP threads:              10
    Memory [MiB]:              6866
    Algorithm:                 Core
    Schwarz Cutoff:           1E-12
    Mask sparsity (%):       0.0000
    Fitting Condition:        1E-10

   => Auxiliary Basis Set <=

  Basis Set: (CC-PVTZ AUX)
    Blend: CC-PVTZ-JKFIT
    Number of shells: 50
    Number of basis function: 158
    Number of Cartesian functions: 192
    Spherical Harmonics?: true
    Max angular momentum: 4


         ------------------------------------------------------------
                                     CPHF                           
                                  Rob Parrish                       
         ------------------------------------------------------------

  ==> Geometry <==

    Molecular point group: c2v
    Full point group: C_inf_v

    Geometry (in Angstrom), charge = 0, multiplicity = 1:

       Center              X                  Y                   Z               Mass       
    ------------   -----------------  -----------------  -----------------  -----------------
         C            0.000000000000     0.000000000000    -0.631082054482    12.000000000000
         O            0.000000000000     0.000000000000     0.473462024269    15.994914619570

  Nuclear repulsion =   22.996371625919018
  Reference energy  = -112.781670501222692

  ==> Basis Set <==

  Basis Set: CC-PVTZ
    Blend: CC-PVTZ
    Number of shells: 20
    Number of basis function: 60
    Number of Cartesian functions: 70
    Spherical Harmonics?: true
    Max angular momentum: 3

  ==> CGRSolver (by Rob Parrish) <==

   Number of roots    =         6
   Preconditioning    =    JACOBI
   Convergence cutoff =     1E-06
   Maximum iterations =       100

  ==> CPHFRHamiltonian (by Rob Parrish) <== 

  ==> MemDFJK: Density-Fitted J/K Matrices <==

    J tasked:                   Yes
    K tasked:                   Yes
    wK tasked:                   No
    OpenMP threads:              10
    Memory [MiB]:              6866
    Algorithm:                 Core
    Schwarz Cutoff:           1E-12
    Mask sparsity (%):       0.0000
    Fitting Condition:        1E-10

   => Auxiliary Basis Set <=

  Basis Set: (CC-PVTZ AUX)
    Blend: CC-PVTZ-JKFIT
    Number of shells: 50
    Number of basis function: 158
    Number of Cartesian functions: 192
    Spherical Harmonics?: true
    Max angular momentum: 4

  ==> CPHF Iterations <==

  => Iterations <=

             Iter  Converged  Remaining    Residual
  CGR           1          0          6   9.336E-02
  CGR           2          0          6   2.827E-02
  CGR           3          0          6   4.384E-03
  CGR           4          0          6   7.702E-04
  CGR           5          0          6   1.016E-04
  CGR           6          0          6   1.726E-05
  CGR           7          0          6   1.644E-06
  CGR           8          6          0   1.562E-07

    CGRSolver converged.


*** tstop() called on wanukaka at Thu Apr 14 12:55:53 2022
Module time:
	user time   =     232.08 seconds =       3.87 minutes
	system time =       6.30 seconds =       0.10 minutes
	total time  =         26 seconds =       0.43 minutes
Total time:
	user time   =    9499.23 seconds =     158.32 minutes
	system time =     411.36 seconds =       6.86 minutes
	total time  =       1097 seconds =      18.28 minutes


  ==> Harmonic Vibrational Analysis <==

  non-mass-weighted Hessian:       Symmetric? True   Hermitian? True   Lin Dep Dim?  0 (0)
  projection of translations (True) and rotations (True) removed 5 degrees of freedom (5)
  total projector:                 Symmetric? True   Hermitian? True   Lin Dep Dim?  5 (5)
  mass-weighted Hessian:           Symmetric? True   Hermitian? True   Lin Dep Dim?  0 (0)
  pre-proj  low-frequency mode:    0.0000i [cm^-1]
  pre-proj  low-frequency mode:    0.0000i [cm^-1]
  pre-proj  low-frequency mode:    0.0000i [cm^-1]
  pre-proj  low-frequency mode:    7.6103  [cm^-1]
  pre-proj  low-frequency mode:    7.6103  [cm^-1]
  pre-proj  all modes:['0.0054i' '0.0049i' '0.0025i' '7.6103' '7.6103' '2424.4679']
  projected mass-weighted Hessian: Symmetric? True   Hermitian? True   Lin Dep Dim?  5 (5)
  post-proj low-frequency mode:    0.0000i [cm^-1] (TR)
  post-proj low-frequency mode:    0.0000i [cm^-1] (TR)
  post-proj low-frequency mode:    0.0000  [cm^-1] (TR)
  post-proj low-frequency mode:    0.0000  [cm^-1] (TR)
  post-proj low-frequency mode:    0.0000  [cm^-1] (TR)
  post-proj  all modes:['0.0000i' '0.0000i' '0.0000' '0.0000' '0.0000' '2424.4679']

  Vibration                       6           
  Freq [cm^-1]                2424.4679       
  Irrep                           A1          
  Reduced mass [u]             13.4388        
  Force const [mDyne/A]        46.5417        
  Turning point v=0 [a0]        0.0608        
  RMS dev v=0 [a0 u^1/2]        0.1576        
  IR activ [km/mol]            140.6018       
  Char temp [K]               3488.2696       
  ----------------------------------------------------------------------------------
      1   C                0.00  0.00  0.80   
      2   O                0.00 -0.00 -0.60   

  ==> Thermochemistry Components <==

  Entropy, S
    Electronic S            0.000 [cal/(mol K)]        0.000 [J/(mol K)]       0.00000000 [mEh/K] (multiplicity = 1)
    Translational S        35.923 [cal/(mol K)]      150.302 [J/(mol K)]       0.05724692 [mEh/K] (mol. weight = 27.9949 [u], P = 101325.00 [Pa])
    Rotational S           11.194 [cal/(mol K)]       46.836 [J/(mol K)]       0.01783871 [mEh/K] (symmetry no. = 1)
    Vibrational S           0.000 [cal/(mol K)]        0.001 [J/(mol K)]       0.00000033 [mEh/K]
  Total S                  47.117 [cal/(mol K)]      197.138 [J/(mol K)]       0.07508596 [mEh/K]
  Correction S              0.000 [cal/(mol K)]        0.000 [J/(mol K)]       0.00000000 [mEh/K]

  Constant volume heat capacity, Cv
    Electronic Cv           0.000 [cal/(mol K)]        0.000 [J/(mol K)]       0.00000000 [mEh/K]
    Translational Cv        2.981 [cal/(mol K)]       12.472 [J/(mol K)]       0.00475022 [mEh/K]
    Rotational Cv           1.987 [cal/(mol K)]        8.314 [J/(mol K)]       0.00316681 [mEh/K]
    Vibrational Cv          0.002 [cal/(mol K)]        0.009 [J/(mol K)]       0.00000360 [mEh/K]
  Total Cv                  4.970 [cal/(mol K)]       20.796 [J/(mol K)]       0.00792062 [mEh/K]
  Correction Cv             0.000 [cal/(mol K)]        0.000 [J/(mol K)]       0.00000000 [mEh/K]

  Constant pressure heat capacity, Cp
    Electronic Cp           0.000 [cal/(mol K)]        0.000 [J/(mol K)]       0.00000000 [mEh/K]
    Translational Cp        4.968 [cal/(mol K)]       20.786 [J/(mol K)]       0.00791703 [mEh/K]
    Rotational Cp           1.987 [cal/(mol K)]        8.314 [J/(mol K)]       0.00316681 [mEh/K]
    Vibrational Cp          0.002 [cal/(mol K)]        0.009 [J/(mol K)]       0.00000360 [mEh/K]
  Total Cp                  6.957 [cal/(mol K)]       29.110 [J/(mol K)]       0.01108743 [mEh/K]
  Correction Cp             0.000 [cal/(mol K)]        0.000 [J/(mol K)]       0.00000000 [mEh/K]

  ==> Thermochemistry Energy Analysis <==

  Raw electronic energy, E0
  Total E0, Electronic energy at well bottom at 0 [K]                 -112.78167050 [Eh]

  Zero-point energy, ZPE_vib = Sum_i nu_i / 2
    Electronic ZPE          0.000 [kcal/mol]        0.000 [kJ/mol]       0.00000000 [Eh]
    Translational ZPE       0.000 [kcal/mol]        0.000 [kJ/mol]       0.00000000 [Eh]
    Rotational ZPE          0.000 [kcal/mol]        0.000 [kJ/mol]       0.00000000 [Eh]
    Vibrational ZPE         3.466 [kcal/mol]       14.502 [kJ/mol]       0.00552334 [Eh]        1212.234 [cm^-1]
  Correction ZPE            3.466 [kcal/mol]       14.502 [kJ/mol]       0.00552334 [Eh]        1212.234 [cm^-1]
  Total ZPE, Electronic energy at 0 [K]                               -112.77614716 [Eh]

  Thermal Energy, E (includes ZPE)
    Electronic E            0.000 [kcal/mol]        0.000 [kJ/mol]       0.00000000 [Eh]
    Translational E         0.889 [kcal/mol]        3.718 [kJ/mol]       0.00141628 [Eh]
    Rotational E            0.592 [kcal/mol]        2.479 [kJ/mol]       0.00094418 [Eh]
    Vibrational E           3.466 [kcal/mol]       14.502 [kJ/mol]       0.00552344 [Eh]
  Correction E              4.947 [kcal/mol]       20.699 [kJ/mol]       0.00788390 [Eh]
  Total E, Electronic energy at  298.15 [K]                           -112.77378660 [Eh]

  Enthalpy, H_trans = E_trans + k_B * T
    Electronic H            0.000 [kcal/mol]        0.000 [kJ/mol]       0.00000000 [Eh]
    Translational H         1.481 [kcal/mol]        6.197 [kJ/mol]       0.00236046 [Eh]
    Rotational H            0.592 [kcal/mol]        2.479 [kJ/mol]       0.00094418 [Eh]
    Vibrational H           3.466 [kcal/mol]       14.502 [kJ/mol]       0.00552344 [Eh]
  Correction H              5.540 [kcal/mol]       23.178 [kJ/mol]       0.00882808 [Eh]
  Total H, Enthalpy at  298.15 [K]                                    -112.77284242 [Eh]

  Gibbs free energy, G = H - T * S
    Electronic G            0.000 [kcal/mol]        0.000 [kJ/mol]       0.00000000 [Eh]
    Translational G        -9.229 [kcal/mol]      -38.615 [kJ/mol]      -0.01470771 [Eh]
    Rotational G           -2.745 [kcal/mol]      -11.485 [kJ/mol]      -0.00437443 [Eh]
    Vibrational G           3.466 [kcal/mol]       14.502 [kJ/mol]       0.00552334 [Eh]
  Correction G             -8.508 [kcal/mol]      -35.599 [kJ/mol]      -0.01355880 [Eh]
  Total G, Free enthalpy at  298.15 [K]                               -112.79522930 [Eh]
