gradient() will perform analytic gradient computation.

*** tstart() called on wanukaka
*** at Thu Apr 21 15:57:52 2022

   => Loading Basis Set <=

    Name: 6-311++G(D,P)
    Role: ORBITAL
    Keyword: BASIS
    atoms 1-6  entry C          line   119 file /home/sulstice/software/miniconda2/envs/qmpython2/share/psi4/basis/6-311ppg_d_p_.gbs 
    atoms 7-12 entry H          line    42 file /home/sulstice/software/miniconda2/envs/qmpython2/share/psi4/basis/6-311ppg_d_p_.gbs 


         ---------------------------------------------------------
                                   SCF
               by Justin Turney, Rob Parrish, Andy Simmonett
                          and Daniel G. A. Smith
                              RHF Reference
                       12 Threads,   7629 MiB Core
         ---------------------------------------------------------

  ==> Geometry <==

    Molecular point group: c1
    Full point group: C1

    Geometry (in Angstrom), charge = 0, multiplicity = 1:

       Center              X                  Y                   Z               Mass       
    ------------   -----------------  -----------------  -----------------  -----------------
         C           -0.762035129131     1.168403333333    -0.000521537536    12.000000000000
         C            0.630834870869     1.243953333333    -0.001191537536    12.000000000000
         C            1.392704870869     0.075793333333     0.000398462464    12.000000000000
         C            0.762034870869    -1.168396666667     0.002718462464    12.000000000000
         C           -0.630835129131    -1.243956666667     0.000128462464    12.000000000000
         C           -1.392705129131    -0.075796666667    -0.001531537536    12.000000000000
         H           -1.355605129131     2.078513333333     0.000518462464     1.007825032230
         H            1.122274870869     2.213303333333    -0.002821537536     1.007825032230
         H            2.477914870869     0.134733333333    -0.000041537536     1.007825032230
         H            1.355604870869    -2.078506666667     0.006288462464     1.007825032230
         H           -1.122265129131    -2.213306666667    -0.000481537536     1.007825032230
         H           -2.477915129131    -0.134736666667    -0.003471537536     1.007825032230

  Running in c1 symmetry.

  Rotational constants: A =      0.19014  B =      0.19014  C =      0.09507 [cm^-1]
  Rotational constants: A =   5700.40336  B =   5700.20496  C =   2850.15460 [MHz]
  Nuclear repulsion =  203.416220078318048

  Charge       = 0
  Multiplicity = 1
  Electrons    = 42
  Nalpha       = 21
  Nbeta        = 21

  ==> Algorithm <==

  SCF Algorithm Type is PK.
  DIIS enabled.
  MOM disabled.
  Fractional occupation disabled.
  Guess Type is SAD.
  Energy threshold   = 1.00e-10
  Density threshold  = 1.00e-10
  Integral threshold = 0.00e+00

  ==> Primary Basis <==

  Basis Set: 6-311++G(D,P)
    Blend: 6-311++G(D,P)
    Number of shells: 90
    Number of basis function: 174
    Number of Cartesian functions: 180
    Spherical Harmonics?: true
    Max angular momentum: 2

  ==> Pre-Iterations <==

   -------------------------------------------------------
    Irrep   Nso     Nmo     Nalpha   Nbeta   Ndocc  Nsocc
   -------------------------------------------------------
     A        174     174       0       0       0       0
   -------------------------------------------------------
    Total     174     174      21      21      21       0
   -------------------------------------------------------

  ==> Integral Setup <==

  Using in-core PK algorithm.
   Calculation information:
      Number of atoms:                  12
      Number of AO shells:              90
      Number of primitives:            156
      Number of atomic orbitals:       180
      Number of basis functions:       174

      Integral cutoff                 1.00e-12
      Number of threads:                12

  Performing in-core PK
  Using 231815850 doubles for integral storage.
  We computed 8716532 shell quartets total.
  Whereas there are 8386560 unique shell quartets.
     3.93 percent of shell quartets recomputed by reordering.

  ==> DiskJK: Disk-Based J/K Matrices <==

    J tasked:                  Yes
    K tasked:                  Yes
    wK tasked:                  No
    Memory [MiB]:             5722
    Schwarz Cutoff:          1E-12

    OpenMP threads:             12

  Minimum eigenvalue in the overlap matrix is 1.0680887899E-06.
  Using Symmetric Orthogonalization.

  SCF Guess: Superposition of Atomic Densities via on-the-fly atomic UHF.

  ==> Iterations <==

                        Total Energy        Delta E     RMS |[F,P]|

   @RHF iter SAD:  -230.15462904408020   -2.30155e+02   0.00000e+00 
   @RHF iter   1:  -230.58298936553155   -4.28360e-01   3.03672e-03 DIIS
   @RHF iter   2:  -230.72286967847623   -1.39880e-01   1.43904e-03 DIIS
   @RHF iter   3:  -230.75450357708129   -3.16339e-02   2.27453e-04 DIIS
   @RHF iter   4:  -230.75585648871237   -1.35291e-03   2.50417e-05 DIIS
   @RHF iter   5:  -230.75587624165161   -1.97529e-05   4.60097e-06 DIIS
   @RHF iter   6:  -230.75587696277381   -7.21122e-07   5.27838e-07 DIIS
   @RHF iter   7:  -230.75587697281972   -1.00459e-08   5.96181e-08 DIIS
   @RHF iter   8:  -230.75587697291698   -9.72591e-11   2.18341e-08 DIIS
   @RHF iter   9:  -230.75587697292417   -7.19069e-12   3.39390e-09 DIIS
   @RHF iter  10:  -230.75587697292499   -8.24230e-13   5.76433e-10 DIIS
   @RHF iter  11:  -230.75587697292471    2.84217e-13   2.89359e-10 DIIS
   @RHF iter  12:  -230.75587697292460    1.13687e-13   7.34109e-11 DIIS
  Energy and wave function converged.


  ==> Post-Iterations <==

    Orbital Energies [Eh]
    ---------------------

    Doubly Occupied:                                                      

       1A    -11.239513     2A    -11.238946     3A    -11.238940  
       4A    -11.237717     5A    -11.237710     6A    -11.237111  
       7A     -1.152090     8A     -1.016190     9A     -1.016147  
      10A     -0.824873    11A     -0.824769    12A     -0.709963  
      13A     -0.643559    14A     -0.620835    15A     -0.589023  
      16A     -0.588997    17A     -0.502047    18A     -0.495839  
      19A     -0.495661    20A     -0.337176    21A     -0.337103  

    Virtual:                                                              

      22A      0.042112    23A      0.048960    24A      0.048963  
      25A      0.066244    26A      0.066245    27A      0.088044  
      28A      0.109075    29A      0.109141    30A      0.129347  
      31A      0.152586    32A      0.152589    33A      0.157949  
      34A      0.162794    35A      0.181005    36A      0.181010  
      37A      0.183401    38A      0.183403    39A      0.192393  
      40A      0.209172    41A      0.212249    42A      0.212254  
      43A      0.216154    44A      0.216193    45A      0.217025  
      46A      0.228163    47A      0.228163    48A      0.250283  
      49A      0.250289    50A      0.288994    51A      0.289008  
      52A      0.303047    53A      0.333223    54A      0.333616  
      55A      0.368387    56A      0.407655    57A      0.407727  
      58A      0.429302    59A      0.429315    60A      0.439062  
      61A      0.497902    62A      0.497966    63A      0.508577  
      64A      0.508671    65A      0.604023    66A      0.608737  
      67A      0.715331    68A      0.722263    69A      0.722310  
      70A      0.727142    71A      0.749667    72A      0.749729  
      73A      0.750739    74A      0.757609    75A      0.757651  
      76A      0.796488    77A      0.819463    78A      0.819497  
      79A      0.885753    80A      0.939364    81A      0.939512  
      82A      0.950108    83A      0.950167    84A      0.974661  
      85A      1.015722    86A      1.015738    87A      1.017959  
      88A      1.059337    89A      1.059344    90A      1.104027  
      91A      1.120148    92A      1.120253    93A      1.129563  
      94A      1.169284    95A      1.216439    96A      1.216440  
      97A      1.248933    98A      1.322931    99A      1.322971  
     100A      1.390741   101A      1.390799   102A      1.521912  
     103A      1.555095   104A      1.711268   105A      1.784399  
     106A      1.784423   107A      1.795084   108A      1.824637  
     109A      1.843437   110A      1.843476   111A      1.906381  
     112A      1.906411   113A      1.931621   114A      1.931636  
     115A      1.988063   116A      2.052255   117A      2.052398  
     118A      2.101996   119A      2.102193   120A      2.126011  
     121A      2.235737   122A      2.235989   123A      2.238792  
     124A      2.247324   125A      2.247360   126A      2.294064  
     127A      2.344428   128A      2.344593   129A      2.375242  
     130A      2.375261   131A      2.634654   132A      2.661489  
     133A      2.738777   134A      2.738973   135A      2.739049  
     136A      2.811030   137A      2.811199   138A      2.955985  
     139A      2.956087   140A      2.988926   141A      2.993248  
     142A      3.022117   143A      3.022157   144A      3.047327  
     145A      3.047453   146A      3.057318   147A      3.091052  
     148A      3.190707   149A      3.190760   150A      3.258024  
     151A      3.292483   152A      3.292487   153A      3.321191  
     154A      3.321196   155A      3.480581   156A      3.546382  
     157A      3.773087   158A      3.773435   159A      3.902050  
     160A      3.902197   161A      3.916308   162A      4.068995  
     163A      4.400913   164A      4.401195   165A      4.491776  
     166A      4.570335   167A      4.570460   168A      5.276519  
     169A     24.742549   170A     25.131340   171A     25.132015  
     172A     25.253949   173A     25.254532   174A     25.364927  

    Final Occupation by Irrep:
              A 
    DOCC [    21 ]

  @RHF Final Energy:  -230.75587697292460

   => Energetics <=

    Nuclear Repulsion Energy =            203.4162200783180481
    One-Electron Energy =                -713.1757730481685940
    Two-Electron Energy =                 279.0036759969260061
    Total Energy =                       -230.7558769729245682

Computation Completed


Properties will be evaluated at   0.000000,   0.000000,   0.000000 [a0]

Properties computed using the SCF density matrix

  Nuclear Dipole Moment: [e a0]
     X:     0.0000      Y:     0.0000      Z:    -0.0000

  Electronic Dipole Moment: [e a0]
     X:    -0.0000      Y:    -0.0000      Z:     0.0000

  Dipole Moment: [e a0]
     X:    -0.0000      Y:    -0.0000      Z:    -0.0000     Total:     0.0000

  Dipole Moment: [D]
     X:    -0.0000      Y:    -0.0000      Z:    -0.0000     Total:     0.0000


*** tstop() called on wanukaka at Thu Apr 21 15:58:00 2022
Module time:
	user time   =      73.83 seconds =       1.23 minutes
	system time =       1.79 seconds =       0.03 minutes
	total time  =          8 seconds =       0.13 minutes
Total time:
	user time   =   19367.57 seconds =     322.79 minutes
	system time =    1441.17 seconds =      24.02 minutes
	total time  =       3199 seconds =      53.32 minutes
 MINTS: Wrapper to libmints.
   by Justin Turney

   Calculation information:
      Number of threads:                12
      Number of atoms:                  12
      Number of AO shells:              90
      Number of SO shells:              90
      Number of primitives:            156
      Number of atomic orbitals:       180
      Number of basis functions:       174

      Number of irreps:                  1
      Integral cutoff                 0.00e+00
      Number of functions per irrep: [ 174 ]

 OEINTS: Overlap, kinetic, potential, dipole, and quadrupole integrals
         stored in file 35.

      Computing two-electron integrals...done
      Computed 115779608 non-zero two-electron integrals.
        Stored in file 33.


*** tstart() called on wanukaka
*** at Thu Apr 21 15:58:16 2022


	Wfn Parameters:
	--------------------
	Wavefunction         = CCSD
	Number of irreps     = 1
	Number of MOs        = 174
	Number of active MOs = 174
	AO-Basis             = NONE
	Semicanonical        = false
	Reference            = RHF
	Print Level          = 1

	IRREP	# MOs	# FZDC	# DOCC	# SOCC	# VIRT	# FZVR
	-----	-----	------	------	------	------	------
	 A	   174	    0	    21	    0	    153	    0
	Transforming integrals...
	IWL integrals will be deleted.
	(OO|OO)...
	Presorting SO-basis two-electron integrals.
	Sorting File: SO Ints (nn|nn) nbuckets = 1
	Transforming the one-electron integrals and constructing Fock matrices
	Starting first half-transformation.
	Sorting half-transformed integrals.
	First half integral transformation complete.
	Starting second half-transformation.
	Two-electron integral transformation complete.
	(OO|OV)...
	Starting second half-transformation.
	Two-electron integral transformation complete.
	(OO|VV)...
	Starting second half-transformation.
	Two-electron integral transformation complete.
	(OV|OO)...
	Starting first half-transformation.
	Sorting half-transformed integrals.
	First half integral transformation complete.
	Starting second half-transformation.
	Two-electron integral transformation complete.
	(OV|OV)...
	Starting second half-transformation.
	Two-electron integral transformation complete.
	(OV|VV)...
	Starting second half-transformation.
	Two-electron integral transformation complete.
	(VV|OO)...
	Starting first half-transformation.
	Sorting half-transformed integrals.
	First half integral transformation complete.
	Starting second half-transformation.
	Two-electron integral transformation complete.
	(VV|OV)...
	Starting second half-transformation.
	Two-electron integral transformation complete.
	(VV|VV)...
	Starting second half-transformation.
	Two-electron integral transformation complete.
	Frozen core energy     =      0.00000000000000

	Size of irrep 0 of <ab|cd> integrals:    547.981 (MW) /   4383.850 (MB)
	Total:                                   547.981 (MW) /   4383.850 (MB)

	Size of irrep 0 of <ia|bc> integrals:     75.213 (MW) /    601.705 (MB)
	Total:                                    75.213 (MW) /    601.705 (MB)

	Size of irrep 0 of tijab amplitudes:      10.323 (MW) /     82.587 (MB)
	Total:                                    10.323 (MW) /     82.587 (MB)

	Nuclear Rep. energy          =    203.41622007831805
	SCF energy                   =   -230.75587697292460
	One-electron energy          =   -713.17577302032817
	Two-electron energy          =    279.00367596908671
	Reference energy             =   -230.75587697292340

*** tstop() called on wanukaka at Thu Apr 21 15:59:31 2022
Module time:
	user time   =     165.80 seconds =       2.76 minutes
	system time =      30.81 seconds =       0.51 minutes
	total time  =         75 seconds =       1.25 minutes
Total time:
	user time   =   19550.86 seconds =     325.85 minutes
	system time =    1473.52 seconds =      24.56 minutes
	total time  =       3290 seconds =      54.83 minutes
            **************************
            *                        *
            *        CCENERGY        *
            *                        *
            **************************

    Nuclear Rep. energy (wfn)     =  203.416220078318048
    SCF energy          (wfn)     = -230.755876972924597
    Reference energy    (file100) = -230.755876972923403

    Input parameters:
    -----------------
    Wave function   =     CCSD
    Reference wfn   =     RHF
    Brueckner       =     No
    Memory (Mbytes) =     8000.0
    Maxiter         =     50
    R_Convergence   =     1.0e-07
    E_Convergence   =     1.0e-08
    Restart         =     Yes
    DIIS            =     Yes
    AO Basis        =     NONE
    ABCD            =     NEW
    Cache Level     =     2
    Cache Type      =     LOW
    Print Level     =     1
    Num. of threads =     12
    # Amps to Print =     10
    Print MP2 Amps? =     No
    Analyze T2 Amps =     No
    Print Pair Ener =     No
    Local CC        =     No
    SCS-MP2         =     False
    SCSN-MP2        =     False
    SCS-CCSD        =     False

MP2 correlation energy -0.9417506601871553
                Solving CC Amplitude Equations
                ------------------------------
  Iter             Energy              RMS        T1Diag      D1Diag    New D1Diag    D2Diag
  ----     ---------------------    ---------   ----------  ----------  ----------   --------
     0        -0.941750660187155    0.000e+00    0.000000    0.000000    0.000000    0.173526
     1        -0.949463123122821    9.062e-02    0.007431    0.023934    0.023934    0.166111
     2        -0.974321404838129    3.297e-02    0.007626    0.024263    0.024263    0.178546
     3        -0.979933328649414    1.375e-02    0.008725    0.028489    0.028489    0.183619
     4        -0.979840733071968    4.122e-03    0.008859    0.029059    0.029059    0.185691
     5        -0.979953901058681    1.347e-03    0.008893    0.029325    0.029325    0.186405
     6        -0.979957604222545    3.170e-04    0.008887    0.029319    0.029319    0.186495
     7        -0.979950060189778    7.903e-05    0.008885    0.029318    0.029318    0.186508
     8        -0.979949841440760    2.277e-05    0.008885    0.029319    0.029319    0.186512
     9        -0.979950217361197    6.702e-06    0.008885    0.029318    0.029318    0.186512
    10        -0.979949764370769    2.079e-06    0.008885    0.029318    0.029318    0.186512
    11        -0.979949848865600    5.553e-07    0.008885    0.029318    0.029318    0.186513
    12        -0.979949828557292    1.497e-07    0.008885    0.029318    0.029318    0.186513
    13        -0.979949832440023    4.520e-08    0.008885    0.029318    0.029318    0.186513
    14        -0.979949833199788    1.450e-08    0.008885    0.029318    0.029318    0.186513

    Iterations converged.


    Largest TIA Amplitudes:
             20  53         0.0227239969
             19  52         0.0227135377
             16  45         0.0166042482
             20  10         0.0133195958
             19   9         0.0133064778
             20  76         0.0092246726
             19  77        -0.0092230298
             13  43        -0.0080739263
             13  12        -0.0077870799
             11  44         0.0068088466

    Largest TIjAb Amplitudes:
     20  20   6   6        -0.0622307901
     19  19   7   7        -0.0621544092
     20  20   6  21        -0.0399614719
     20  20  21   6        -0.0399614719
     19  19   7  22        -0.0399531168
     19  19  22   7        -0.0399531168
     19  20   6   7        -0.0376526194
     20  19   7   6        -0.0376526194
     16  20   6  33        -0.0314368697
     20  16  33   6        -0.0314368697

    SCF energy       (wfn)                    = -230.755876972924597
    Reference energy (file100)                = -230.755876972923403

    Opposite-spin MP2 correlation energy      =   -0.714212273214725
    Same-spin MP2 correlation energy          =   -0.227538386972430
    MP2 correlation energy                    =   -0.941750660187155
      * MP2 total energy                      = -231.697627633110557

    Opposite-spin CCSD correlation energy     =   -0.775578411511615
    Same-spin CCSD correlation energy         =   -0.204371421688172
    CCSD correlation energy                   =   -0.979949833199788
      * CCSD total energy                     = -231.735826806123185


			**************************
			*                        *
			*         CCHBAR         *
			*                        *
			**************************


			**************************
			*        CCLAMBDA        *
			**************************


	Nuclear Rep. energy (wfn)     =  203.416220078318048
	Reference           (wfn)     =                    0
	SCF energy          (wfn)     = -230.755876972924597
	Reference energy    (CC_INFO) = -230.755876972923403
	CCSD energy         (CC_INFO) =   -0.979949833199788
	Total CCSD energy   (CC_INFO) = -231.735826806123185

	Input parameters:
	-----------------
	Maxiter           =     50
	Convergence       = 1.0e-07
	Restart           =     No
	Cache Level       =     2
	Model III         =     No
	DIIS              =     Yes
	AO Basis          =     No
	ABCD              =     NEW
	Local CC          =     No
	Parameters for left-handed eigenvectors:
	    Irr   Root  Ground-State?    EOM energy        R0
	  1   0     0        Yes       0.0000000000   1.0000000000
	Labels for eigenvector 1:
	LIA 0 -1, Lia 0 -1, LIJAB 0 -1, Lijab 0 -1, LIjAb 0 -1, 2LIjAb - LIjbA 0 -1
	Symmetry of left-hand state: A
	Symmetry of left-hand eigenvector: A

	          Solving Lambda Equations
	          ------------------------
	Iter     PseudoEnergy or Norm         RMS  
	----     ---------------------     --------
	   0        -0.980123618292194    9.492e-08
	   1        -0.950728405135243    2.453e-02
	   2        -0.948628398564659    4.900e-03
	   3        -0.947858699941697    1.515e-03
	   4        -0.947862632087957    4.793e-04
	   5        -0.947860688747017    1.656e-04
	   6        -0.947855161790726    5.407e-05
	   7        -0.947854931513789    1.574e-05
	   8        -0.947854987084821    4.512e-06
	   9        -0.947854961315187    1.190e-06
	  10        -0.947854961885314    3.645e-07
	  11        -0.947854946593727    9.570e-08

	Largest LIA Amplitudes:
	         20  53         0.0178480786
	         19  52         0.0178400591
	         16  45         0.0132386349
	         20  10         0.0112522786
	         19   9         0.0112420005
	         13  43        -0.0076126875
	         20  76         0.0074183588
	         19  77        -0.0074173827
	         13  12        -0.0066130706
	         18  40         0.0060277505

	Largest LIjAb Amplitudes:
	 20  20   6   6        -0.0588362658
	 19  19   7   7        -0.0587662312
	 20  20   6  21        -0.0377233077
	 20  20  21   6        -0.0377233077
	 19  19   7  22        -0.0377168391
	 19  19  22   7        -0.0377168391
	 19  20   6   7        -0.0358234606
	 20  19   7   6        -0.0358234606
	 16  20   6  33        -0.0299812334
	 20  16  33   6        -0.0299812334

	Iterations converged.

	Overlap <L|e^T> =        0.66463728860

			**************************
			*                        *
			*        CCDENSITY       *
			*                        *
			**************************


	Input parameters:
	-----------------
	Wave function    =   CCSD
	Reference wfn    =   RHF
	Dertype          = 1
	Tolerance        = 1.0e-14
	Cache Level      = 2
	AO Basis         = No
	OPDM Only        = No
	Relax OPDM       = Yes
	Compute Xi       = No
	Use Zeta         = No
	Xi connected     = Yes
	Compute NO       = No

	Nuclear Rep. energy (wfn)     =  203.416220078318048
	SCF energy          (wfn)     = -230.755876972924597
	Reference energy    (file100) = -230.755876972923403
	CCSD energy         (CC_INFO) =   -0.979949833199788
	Total CCSD energy   (CC_INFO) = -231.735826806123185
	Number of States = 1

	Ground?  State     EOM Energy       R0
	  Yes     0  A    0.0000000000   1.00000000

	Virial Theorem Data:
	--------------------
	Kinetic energy (ref)   =  230.434460151237403
	Kinetic energy (corr)  =    1.115756747901945
	Kinetic energy (total) =  231.550216899139343
	-V/T (ref)             =    2.001394829668597
	-V/T (corr)            =    1.878282685757871
	-V/T (total)           =    2.000801596774425

	DPD File4 Cache Listing:

Cache Label            DPD File symm  pq  rs  use acc clean    pri lock size(kB)
--------------------------------------------------------------------------------
--------------------------------------------------------------------------------
Total cached:      0.0 kB; MRU =    380; LRU =    280
#LRU deletions =     20; #Low-priority deletions =      0
Core max size:  8000000.0 kB
Core used:      4384037.5 kB
Core available: 3615962.5 kB
Core cached:          0.0 kB
Locked cached:        0.0 kB
Most recent entry  = 380
Least recent entry = 280
dpd_block_matrix: n = 23409  m = 23409
Error in: dpd_block_matrix: No memory left.
