gradient() will perform analytic gradient computation.

*** tstart() called on wanukaka
*** at Thu Apr 14 12:38:20 2022

   => Loading Basis Set <=

    Name: CC-PVDZ
    Role: ORBITAL
    Keyword: BASIS
    atoms 1   entry O          line   198 file /home/sulstice/software/miniconda2/envs/qmpython2/share/psi4/basis/cc-pvdz.gbs 
    atoms 2-3 entry H          line    22 file /home/sulstice/software/miniconda2/envs/qmpython2/share/psi4/basis/cc-pvdz.gbs 


         ---------------------------------------------------------
                                   SCF
               by Justin Turney, Rob Parrish, Andy Simmonett
                          and Daniel G. A. Smith
                              RHF Reference
                       10 Threads,   7629 MiB Core
         ---------------------------------------------------------

  ==> Geometry <==

    Molecular point group: c2v
    Full point group: C2v

    Geometry (in Angstrom), charge = 0, multiplicity = 1:

       Center              X                  Y                   Z               Mass       
    ------------   -----------------  -----------------  -----------------  -----------------
         O            0.000000000000     0.000000000000    -0.071470451920    15.994914619570
         H            0.000000000000    -0.870960172609     0.567143968312     1.007825032230
         H            0.000000000000     0.870960172609     0.567143968312     1.007825032230

  Running in c2v symmetry.

  Rotational constants: A =     23.09135  B =     11.02516  C =      7.46225 [cm^-1]
  Rotational constants: A = 692261.25286  B = 330525.88032  C = 223712.49363 [MHz]
  Nuclear repulsion =    8.143451937679213

  Charge       = 0
  Multiplicity = 1
  Electrons    = 10
  Nalpha       = 5
  Nbeta        = 5

  ==> Algorithm <==

  SCF Algorithm Type is DF.
  DIIS enabled.
  MOM disabled.
  Fractional occupation disabled.
  Guess Type is SAD.
  Energy threshold   = 1.00e-08
  Density threshold  = 1.00e-08
  Integral threshold = 0.00e+00

  ==> Primary Basis <==

  Basis Set: CC-PVDZ
    Blend: CC-PVDZ
    Number of shells: 12
    Number of basis function: 24
    Number of Cartesian functions: 25
    Spherical Harmonics?: true
    Max angular momentum: 2

   => Loading Basis Set <=

    Name: (CC-PVDZ AUX)
    Role: JKFIT
    Keyword: DF_BASIS_SCF
    atoms 1   entry O          line   221 file /home/sulstice/software/miniconda2/envs/qmpython2/share/psi4/basis/cc-pvdz-jkfit.gbs 
    atoms 2-3 entry H          line    51 file /home/sulstice/software/miniconda2/envs/qmpython2/share/psi4/basis/cc-pvdz-jkfit.gbs 

  ==> Pre-Iterations <==

   -------------------------------------------------------
    Irrep   Nso     Nmo     Nalpha   Nbeta   Ndocc  Nsocc
   -------------------------------------------------------
     A1        11      11       0       0       0       0
     A2         2       2       0       0       0       0
     B1         4       4       0       0       0       0
     B2         7       7       0       0       0       0
   -------------------------------------------------------
    Total      24      24       5       5       5       0
   -------------------------------------------------------

  ==> Integral Setup <==

  DFHelper Memory: AOs need 0.001 GiB; user supplied 5.588 GiB. Using in-core AOs.

  ==> MemDFJK: Density-Fitted J/K Matrices <==

    J tasked:                   Yes
    K tasked:                   Yes
    wK tasked:                   No
    OpenMP threads:              10
    Memory [MiB]:              5722
    Algorithm:                 Core
    Schwarz Cutoff:           1E-12
    Mask sparsity (%):       0.0000
    Fitting Condition:        1E-10

   => Auxiliary Basis Set <=

  Basis Set: (CC-PVDZ AUX)
    Blend: CC-PVDZ-JKFIT
    Number of shells: 42
    Number of basis function: 116
    Number of Cartesian functions: 131
    Spherical Harmonics?: true
    Max angular momentum: 3

  Minimum eigenvalue in the overlap matrix is 4.5161673378E-02.
  Using Symmetric Orthogonalization.

  SCF Guess: Superposition of Atomic Densities via on-the-fly atomic UHF.

  ==> Iterations <==

                           Total Energy        Delta E     RMS |[F,P]|

   @DF-RHF iter SAD:   -75.33471943034075   -7.53347e+01   0.00000e+00 
   @DF-RHF iter   1:   -75.91397548898381   -5.79256e-01   3.06520e-02 DIIS
   @DF-RHF iter   2:   -75.96934019426551   -5.53647e-02   2.02181e-02 DIIS
   @DF-RHF iter   3:   -75.99607402438937   -2.67338e-02   1.87986e-03 DIIS
   @DF-RHF iter   4:   -75.99669623508319   -6.22211e-04   5.38107e-04 DIIS
   @DF-RHF iter   5:   -75.99674220682387   -4.59717e-05   9.22223e-05 DIIS
   @DF-RHF iter   6:   -75.99674411275352   -1.90593e-06   1.54856e-05 DIIS
   @DF-RHF iter   7:   -75.99674417783922   -6.50857e-08   3.59874e-06 DIIS
   @DF-RHF iter   8:   -75.99674418214082   -4.30160e-09   7.89079e-07 DIIS
   @DF-RHF iter   9:   -75.99674418234875   -2.07933e-10   1.03336e-07 DIIS
   @DF-RHF iter  10:   -75.99674418235095   -2.20268e-12   1.01819e-08 DIIS
   @DF-RHF iter  11:   -75.99674418235107   -1.13687e-13   1.36528e-09 DIIS
  Energy and wave function converged.


  ==> Post-Iterations <==

    Orbital Energies [Eh]
    ---------------------

    Doubly Occupied:                                                      

       1A1   -20.569111     2A1    -1.282036     1B2    -0.643520  
       3A1    -0.538579     1B1    -0.485471  

    Virtual:                                                              

       4A1     0.161746     2B2     0.234484     3B2     0.724170  
       5A1     0.744698     6A1     1.168859     2B1     1.191025  
       4B2     1.261016     1A2     1.445340     7A1     1.496655  
       3B1     1.673627     5B2     1.806524     8A1     1.896110  
       6B2     2.194269     9A1     2.230644     4B1     3.175304  
       2A2     3.237009    10A1     3.337006    11A1     3.762700  
       7B2     3.994644  

    Final Occupation by Irrep:
             A1    A2    B1    B2 
    DOCC [     3,    0,    1,    1 ]

  @DF-RHF Final Energy:   -75.99674418235107

   => Energetics <=

    Nuclear Repulsion Energy =              8.1434519376792132
    One-Electron Energy =                -121.2429589386418485
    Two-Electron Energy =                  37.1027628186115734
    Total Energy =                        -75.9967441823510512

Computation Completed


Properties will be evaluated at   0.000000,   0.000000,   0.000000 [a0]

Properties computed using the SCF density matrix

  Nuclear Dipole Moment: [e a0]
     X:     0.0000      Y:     0.0000      Z:     1.0630

  Electronic Dipole Moment: [e a0]
     X:     0.0000      Y:     0.0000      Z:    -0.2343

  Dipole Moment: [e a0]
     X:     0.0000      Y:     0.0000      Z:     0.8287     Total:     0.8287

  Dipole Moment: [D]
     X:     0.0000      Y:     0.0000      Z:     2.1063     Total:     2.1063


*** tstop() called on wanukaka at Thu Apr 14 12:38:20 2022
Module time:
	user time   =       4.80 seconds =       0.08 minutes
	system time =       0.19 seconds =       0.00 minutes
	total time  =          0 seconds =       0.00 minutes
Total time:
	user time   =     408.11 seconds =       6.80 minutes
	system time =      14.54 seconds =       0.24 minutes
	total time  =         44 seconds =       0.73 minutes

*** tstart() called on wanukaka
*** at Thu Apr 14 12:38:20 2022


         ------------------------------------------------------------
                                   SCF GRAD                          
                          Rob Parrish, Justin Turney,                
                       Andy Simmonett, and Alex Sokolov              
         ------------------------------------------------------------

  ==> Geometry <==

    Molecular point group: c2v
    Full point group: C2v

    Geometry (in Angstrom), charge = 0, multiplicity = 1:

       Center              X                  Y                   Z               Mass       
    ------------   -----------------  -----------------  -----------------  -----------------
         O            0.000000000000     0.000000000000    -0.071470451920    15.994914619570
         H            0.000000000000    -0.870960172609     0.567143968312     1.007825032230
         H            0.000000000000     0.870960172609     0.567143968312     1.007825032230

  Nuclear repulsion =    8.143451937679213

  ==> Basis Set <==

  Basis Set: CC-PVDZ
    Blend: CC-PVDZ
    Number of shells: 12
    Number of basis function: 24
    Number of Cartesian functions: 25
    Spherical Harmonics?: true
    Max angular momentum: 2

  ==> DFJKGrad: Density-Fitted SCF Gradients <==

    Gradient:                    1
    J tasked:                  Yes
    K tasked:                  Yes
    wK tasked:                  No
    OpenMP threads:             10
    Integrals threads:          10
    Memory [MiB]:             5722
    Schwarz Cutoff:          0E+00
    Fitting Condition:       1E-10

   => Auxiliary Basis Set <=

  Basis Set: (CC-PVDZ AUX)
    Blend: CC-PVDZ-JKFIT
    Number of shells: 42
    Number of basis function: 116
    Number of Cartesian functions: 131
    Spherical Harmonics?: true
    Max angular momentum: 3


  -Total Gradient:
     Atom            X                  Y                   Z
    ------   -----------------  -----------------  -----------------
       1       -0.000000000000     0.000000000000    -0.104069136398
       2        0.000000000000    -0.087498992642     0.052034568199
       3       -0.000000000000     0.087498992642     0.052034568199


*** tstop() called on wanukaka at Thu Apr 14 12:38:21 2022
Module time:
	user time   =       3.72 seconds =       0.06 minutes
	system time =       0.21 seconds =       0.00 minutes
	total time  =          1 seconds =       0.02 minutes
Total time:
	user time   =     411.84 seconds =       6.86 minutes
	system time =      14.76 seconds =       0.25 minutes
	total time  =         45 seconds =       0.75 minutes

			-----------------------------------------
			 OPTKING 2.0: for geometry optimizations 
			  - R.A. King,  Bethel University        
			-----------------------------------------

	Internal coordinates to be generated automatically.
	Detected frag 1 with atoms:  1 2 3
	---Fragment 1 Bond Connectivity---
	 1 : 2 3
	 2 : 1
	 3 : 1

	---Fragment 1 Geometry and Gradient---
	 O           0.0000000000        0.0000000000       -0.1350595802
	 H           0.0000000000       -1.6458761924        1.0717467738
	 H           0.0000000000        1.6458761924        1.0717467738
	            -0.0000000000        0.0000000000       -0.1040691364
	             0.0000000000       -0.0874989926        0.0520345682
	            -0.0000000000        0.0874989926        0.0520345682

	Previous optimization step data not found.  Starting new optimization.

	---Fragment 1 Intrafragment Coordinates---
	 - Coordinate -           - BOHR/RAD -       - ANG/DEG -
	 R(1,2)           =         2.040904	       1.080000
	 R(1,3)           =         2.040904	       1.080000
	 B(2,1,3)         =         1.876229	     107.500000

	Current energy   :       -75.9967441824

	Generating empirical Hessian (Schlegel '84) for each fragment.
	Taking RFO optimization step.
	Going to follow RFO solution 1.
	Using RFO vector 1.
	Norm of target step-size    0.36060
	Projected energy change by RFO approximation:        -0.0655418511

	Back-transformation to cartesian coordinates...
	Successfully converged to displaced geometry.

	--- Internal Coordinate Step in ANG or DEG, aJ/ANG or AJ/DEG ---
	 ---------------------------------------------------------------------------
	   Coordinate                Previous        Force       Change         New 
	   ----------                --------       ------       ------       ------
	    1 R(1,2)          =      1.080000    -0.834843    -0.130245     0.949755
	    2 R(1,3)          =      1.080000    -0.834843    -0.130245     0.949755
	    3 B(2,1,3)        =    107.500000    -0.001518    -5.398349   102.101651
	 ---------------------------------------------------------------------------
	Successfully symmetrized geometry.

  ==> Convergence Check <==

  Measures of convergence in internal coordinates in au.
  Criteria marked as inactive (o), active & met (*), and active & unmet ( ).
  --------------------------------------------------------------------------------------------- ~
   Step     Total Energy     Delta E     MAX Force     RMS Force      MAX Disp      RMS Disp    ~
  --------------------------------------------------------------------------------------------- ~
    Convergence Criteria    1.00e-06 *    3.00e-04 *             o    1.20e-03 *             o  ~
  --------------------------------------------------------------------------------------------- ~
      1     -75.99674418   -7.60e+01      1.01e-01      8.35e-02 o    2.46e-01      2.08e-01 o  ~
  ---------------------------------------------------------------------------------------------

	Writing optimization data to binary file.
	Structure for next step:
	Cartesian Geometry (in Angstrom)
	    O     0.0000000000   0.0000000000  -0.0437576464
	    H     0.0000000000  -0.7386281857   0.5532875634
	    H     0.0000000000   0.7386281857   0.5532875634
			--------------------------
			 OPTKING Finished Execution 
			--------------------------

    Structure for next step:
    Molecular point group: c2v
    Full point group: C2v

    Geometry (in Angstrom), charge = 0, multiplicity = 1:

    O       
    H             1    0.949755
    H             1    0.949755      2  102.101651

gradient() will perform analytic gradient computation.

*** tstart() called on wanukaka
*** at Thu Apr 14 12:38:21 2022

   => Loading Basis Set <=

    Name: CC-PVDZ
    Role: ORBITAL
    Keyword: BASIS
    atoms 1   entry O          line   198 file /home/sulstice/software/miniconda2/envs/qmpython2/share/psi4/basis/cc-pvdz.gbs 
    atoms 2-3 entry H          line    22 file /home/sulstice/software/miniconda2/envs/qmpython2/share/psi4/basis/cc-pvdz.gbs 


         ---------------------------------------------------------
                                   SCF
               by Justin Turney, Rob Parrish, Andy Simmonett
                          and Daniel G. A. Smith
                              RHF Reference
                       10 Threads,   7629 MiB Core
         ---------------------------------------------------------

  ==> Geometry <==

    Molecular point group: c2v
    Full point group: C2v

    Geometry (in Angstrom), charge = 0, multiplicity = 1:

       Center              X                  Y                   Z               Mass       
    ------------   -----------------  -----------------  -----------------  -----------------
         O            0.000000000000     0.000000000000    -0.066818239266    15.994914619570
         H            0.000000000000    -0.738628188619     0.530226972893     1.007825032230
         H            0.000000000000     0.738628188619     0.530226972893     1.007825032230

  Running in c2v symmetry.

  Rotational constants: A =     26.41875  B =     15.32956  C =      9.70070 [cm^-1]
  Rotational constants: A = 792014.30531  B = 459568.55666  C = 290819.63505 [MHz]
  Nuclear repulsion =    9.272973454033014

  Charge       = 0
  Multiplicity = 1
  Electrons    = 10
  Nalpha       = 5
  Nbeta        = 5

  ==> Algorithm <==

  SCF Algorithm Type is DF.
  DIIS enabled.
  MOM disabled.
  Fractional occupation disabled.
  Guess Type is READ.
  Energy threshold   = 1.00e-08
  Density threshold  = 1.00e-08
  Integral threshold = 0.00e+00

  ==> Primary Basis <==

  Basis Set: CC-PVDZ
    Blend: CC-PVDZ
    Number of shells: 12
    Number of basis function: 24
    Number of Cartesian functions: 25
    Spherical Harmonics?: true
    Max angular momentum: 2

   => Loading Basis Set <=

    Name: (CC-PVDZ AUX)
    Role: JKFIT
    Keyword: DF_BASIS_SCF
    atoms 1   entry O          line   221 file /home/sulstice/software/miniconda2/envs/qmpython2/share/psi4/basis/cc-pvdz-jkfit.gbs 
    atoms 2-3 entry H          line    51 file /home/sulstice/software/miniconda2/envs/qmpython2/share/psi4/basis/cc-pvdz-jkfit.gbs 

   => Loading Basis Set <=

    Name: CC-PVDZ
    Role: ORBITAL
    Keyword: BASIS
    atoms 1   entry O          line   198 file /home/sulstice/software/miniconda2/envs/qmpython2/share/psi4/basis/cc-pvdz.gbs 
    atoms 2-3 entry H          line    22 file /home/sulstice/software/miniconda2/envs/qmpython2/share/psi4/basis/cc-pvdz.gbs 

  Reading orbitals from file 180, no projection.

  ==> Pre-Iterations <==

   -------------------------------------------------------
    Irrep   Nso     Nmo     Nalpha   Nbeta   Ndocc  Nsocc
   -------------------------------------------------------
     A1        11      11       0       0       0       0
     A2         2       2       0       0       0       0
     B1         4       4       0       0       0       0
     B2         7       7       0       0       0       0
   -------------------------------------------------------
    Total      24      24       5       5       5       0
   -------------------------------------------------------

  ==> Integral Setup <==

  DFHelper Memory: AOs need 0.001 GiB; user supplied 5.588 GiB. Using in-core AOs.

  ==> MemDFJK: Density-Fitted J/K Matrices <==

    J tasked:                   Yes
    K tasked:                   Yes
    wK tasked:                   No
    OpenMP threads:              10
    Memory [MiB]:              5722
    Algorithm:                 Core
    Schwarz Cutoff:           1E-12
    Mask sparsity (%):       0.0000
    Fitting Condition:        1E-10

   => Auxiliary Basis Set <=

  Basis Set: (CC-PVDZ AUX)
    Blend: CC-PVDZ-JKFIT
    Number of shells: 42
    Number of basis function: 116
    Number of Cartesian functions: 131
    Spherical Harmonics?: true
    Max angular momentum: 3

  Minimum eigenvalue in the overlap matrix is 3.3350623588E-02.
  Using Symmetric Orthogonalization.

  SCF Guess: Orbitals guess was supplied from a previous computation.

  ==> Iterations <==

                           Total Energy        Delta E     RMS |[F,P]|

   @DF-RHF iter   0:   -76.19451943987391   -7.61945e+01   2.85610e-02 
   @DF-RHF iter   1:   -76.02490716280839    1.69612e-01   4.46249e-03 DIIS
   @DF-RHF iter   2:   -76.02651642192106   -1.60926e-03   2.17487e-03 DIIS
   @DF-RHF iter   3:   -76.02681969210911   -3.03270e-04   3.61130e-04 DIIS
   @DF-RHF iter   4:   -76.02684367603192   -2.39839e-05   1.16691e-04 DIIS
   @DF-RHF iter   5:   -76.02684640018634   -2.72415e-06   2.31884e-05 DIIS
   @DF-RHF iter   6:   -76.02684655263997   -1.52454e-07   4.11763e-06 DIIS
   @DF-RHF iter   7:   -76.02684655662948   -3.98951e-09   6.16731e-07 DIIS
   @DF-RHF iter   8:   -76.02684655670906   -7.95808e-11   8.77223e-08 DIIS
   @DF-RHF iter   9:   -76.02684655671067   -1.60583e-12   7.56871e-09 DIIS
  Energy and wave function converged.


  ==> Post-Iterations <==

    Orbital Energies [Eh]
    ---------------------

    Doubly Occupied:                                                      

       1A1   -20.550390     2A1    -1.342529     1B2    -0.698603  
       3A1    -0.572941     1B1    -0.494550  

    Virtual:                                                              

       4A1     0.186267     2B2     0.257660     3B2     0.786639  
       5A1     0.872444     6A1     1.165445     2B1     1.199871  
       4B2     1.255447     7A1     1.421245     1A2     1.486928  
       3B1     1.662834     8A1     1.860828     5B2     1.958503  
       6B2     2.464578     9A1     2.514746     4B1     3.305768  
       2A2     3.337527    10A1     3.529177    11A1     3.857196  
       7B2     4.170121  

    Final Occupation by Irrep:
             A1    A2    B1    B2 
    DOCC [     3,    0,    1,    1 ]

  @DF-RHF Final Energy:   -76.02684655671067

   => Energetics <=

    Nuclear Repulsion Energy =              9.2729734540330142
    One-Electron Energy =                -123.2816143951198882
    Two-Electron Energy =                  37.9817943843762080
    Total Energy =                        -76.0268465567106659

Computation Completed


Properties will be evaluated at   0.000000,   0.000000,   0.000000 [a0]

Properties computed using the SCF density matrix

  Nuclear Dipole Moment: [e a0]
     X:     0.0000      Y:     0.0000      Z:     0.9938

  Electronic Dipole Moment: [e a0]
     X:     0.0000      Y:     0.0000      Z:    -0.1733

  Dipole Moment: [e a0]
     X:     0.0000      Y:     0.0000      Z:     0.8205     Total:     0.8205

  Dipole Moment: [D]
     X:     0.0000      Y:     0.0000      Z:     2.0855     Total:     2.0855


*** tstop() called on wanukaka at Thu Apr 14 12:38:21 2022
Module time:
	user time   =       2.84 seconds =       0.05 minutes
	system time =       0.10 seconds =       0.00 minutes
	total time  =          0 seconds =       0.00 minutes
Total time:
	user time   =     414.76 seconds =       6.91 minutes
	system time =      14.86 seconds =       0.25 minutes
	total time  =         45 seconds =       0.75 minutes

*** tstart() called on wanukaka
*** at Thu Apr 14 12:38:21 2022


         ------------------------------------------------------------
                                   SCF GRAD                          
                          Rob Parrish, Justin Turney,                
                       Andy Simmonett, and Alex Sokolov              
         ------------------------------------------------------------

  ==> Geometry <==

    Molecular point group: c2v
    Full point group: C2v

    Geometry (in Angstrom), charge = 0, multiplicity = 1:

       Center              X                  Y                   Z               Mass       
    ------------   -----------------  -----------------  -----------------  -----------------
         O            0.000000000000     0.000000000000    -0.066818239266    15.994914619570
         H            0.000000000000    -0.738628188619     0.530226972893     1.007825032230
         H            0.000000000000     0.738628188619     0.530226972893     1.007825032230

  Nuclear repulsion =    9.272973454033014

  ==> Basis Set <==

  Basis Set: CC-PVDZ
    Blend: CC-PVDZ
    Number of shells: 12
    Number of basis function: 24
    Number of Cartesian functions: 25
    Spherical Harmonics?: true
    Max angular momentum: 2

  ==> DFJKGrad: Density-Fitted SCF Gradients <==

    Gradient:                    1
    J tasked:                  Yes
    K tasked:                  Yes
    wK tasked:                  No
    OpenMP threads:             10
    Integrals threads:          10
    Memory [MiB]:             5722
    Schwarz Cutoff:          0E+00
    Fitting Condition:       1E-10

   => Auxiliary Basis Set <=

  Basis Set: (CC-PVDZ AUX)
    Blend: CC-PVDZ-JKFIT
    Number of shells: 42
    Number of basis function: 116
    Number of Cartesian functions: 131
    Spherical Harmonics?: true
    Max angular momentum: 3


  -Total Gradient:
     Atom            X                  Y                   Z
    ------   -----------------  -----------------  -----------------
       1        0.000000000000     0.000000000000    -0.010035387253
       2       -0.000000000000     0.000638845160     0.005017693626
       3        0.000000000000    -0.000638845160     0.005017693626


*** tstop() called on wanukaka at Thu Apr 14 12:38:21 2022
Module time:
	user time   =       3.64 seconds =       0.06 minutes
	system time =       0.21 seconds =       0.00 minutes
	total time  =          0 seconds =       0.00 minutes
Total time:
	user time   =     418.41 seconds =       6.97 minutes
	system time =      15.07 seconds =       0.25 minutes
	total time  =         45 seconds =       0.75 minutes

			-----------------------------------------
			 OPTKING 2.0: for geometry optimizations 
			  - R.A. King,  Bethel University        
			-----------------------------------------

	Previous internal coordinate definitions found.
	---Fragment 1 Geometry and Gradient---
	 O           0.0000000000        0.0000000000       -0.1262681724
	 H           0.0000000000       -1.3958049850        1.0019837631
	 H           0.0000000000        1.3958049850        1.0019837631
	             0.0000000000        0.0000000000       -0.0100353873
	            -0.0000000000        0.0006388452        0.0050176936
	             0.0000000000       -0.0006388452        0.0050176936

	---Fragment 1 Intrafragment Coordinates---
	 - Coordinate -           - BOHR/RAD -       - ANG/DEG -
	 R(1,2)           =         1.794777	       0.949755
	 R(1,3)           =         1.794777	       0.949755
	 B(2,1,3)         =         1.782010	     102.101651

	Current energy   :       -76.0268465567

	Energy change for the previous step:
		Projected    :        -0.0655418511
		Actual       :        -0.0301023744

	Performing BFGS update.
	Previous computed or guess Hessian on step 1.
	Steps to be used in Hessian update: 1
	Taking RFO optimization step.
	Going to follow RFO solution 1.
	Using RFO vector 1.
	Norm of target step-size    0.04995
	Projected energy change by RFO approximation:        -0.0005043401

	Back-transformation to cartesian coordinates...
	Successfully converged to displaced geometry.

	--- Internal Coordinate Step in ANG or DEG, aJ/ANG or AJ/DEG ---
	 ---------------------------------------------------------------------------
	   Coordinate                Previous        Force       Change         New 
	   ----------                --------       ------       ------       ------
	    1 R(1,2)          =      0.949755    -0.021894    -0.005121     0.944634
	    2 R(1,3)          =      0.949755    -0.021894    -0.005121     0.944634
	    3 B(2,1,3)        =    102.101651     0.000588     2.752485   104.854137
	 ---------------------------------------------------------------------------
	Successfully symmetrized geometry.

  ==> Convergence Check <==

  Measures of convergence in internal coordinates in au.
  Criteria marked as inactive (o), active & met (*), and active & unmet ( ).
  ---------------------------------------------------------------------------------------------
   Step     Total Energy     Delta E     MAX Force     RMS Force      MAX Disp      RMS Disp   
  ---------------------------------------------------------------------------------------------
    Convergence Criteria    1.00e-06 *    3.00e-04 *             o    1.20e-03 *             o
  ---------------------------------------------------------------------------------------------
      2     -76.02684656   -3.01e-02      7.72e-03      4.96e-03 o    4.80e-02      2.88e-02 o  ~
  ---------------------------------------------------------------------------------------------

	Writing optimization data to binary file.
	Structure for next step:
	Cartesian Geometry (in Angstrom)
	    O     0.0000000000   0.0000000000  -0.0527948976
	    H     0.0000000000  -0.7486959113   0.5232153001
	    H     0.0000000000   0.7486959113   0.5232153001
			--------------------------
			 OPTKING Finished Execution 
			--------------------------

    Structure for next step:
    Molecular point group: c2v
    Full point group: C2v

    Geometry (in Angstrom), charge = 0, multiplicity = 1:

    O       
    H             1    0.944634
    H             1    0.944634      2  104.854137

gradient() will perform analytic gradient computation.

*** tstart() called on wanukaka
*** at Thu Apr 14 12:38:21 2022

   => Loading Basis Set <=

    Name: CC-PVDZ
    Role: ORBITAL
    Keyword: BASIS
    atoms 1   entry O          line   198 file /home/sulstice/software/miniconda2/envs/qmpython2/share/psi4/basis/cc-pvdz.gbs 
    atoms 2-3 entry H          line    22 file /home/sulstice/software/miniconda2/envs/qmpython2/share/psi4/basis/cc-pvdz.gbs 


         ---------------------------------------------------------
                                   SCF
               by Justin Turney, Rob Parrish, Andy Simmonett
                          and Daniel G. A. Smith
                              RHF Reference
                       10 Threads,   7629 MiB Core
         ---------------------------------------------------------

  ==> Geometry <==

    Molecular point group: c2v
    Full point group: C2v

    Geometry (in Angstrom), charge = 0, multiplicity = 1:

       Center              X                  Y                   Z               Mass       
    ------------   -----------------  -----------------  -----------------  -----------------
         O            0.000000000000     0.000000000000    -0.064464108539    15.994914619570
         H            0.000000000000    -0.748695914272     0.511546091400     1.007825032230
         H            0.000000000000     0.748695914272     0.511546091400     1.007825032230

  Running in c2v symmetry.

  Rotational constants: A =     28.38353  B =     14.92006  C =      9.77942 [cm^-1]
  Rotational constants: A = 850916.83871  B = 447292.00576  C = 293179.56132 [MHz]
  Nuclear repulsion =    9.316485216225569

  Charge       = 0
  Multiplicity = 1
  Electrons    = 10
  Nalpha       = 5
  Nbeta        = 5

  ==> Algorithm <==

  SCF Algorithm Type is DF.
  DIIS enabled.
  MOM disabled.
  Fractional occupation disabled.
  Guess Type is READ.
  Energy threshold   = 1.00e-08
  Density threshold  = 1.00e-08
  Integral threshold = 0.00e+00

  ==> Primary Basis <==

  Basis Set: CC-PVDZ
    Blend: CC-PVDZ
    Number of shells: 12
    Number of basis function: 24
    Number of Cartesian functions: 25
    Spherical Harmonics?: true
    Max angular momentum: 2

   => Loading Basis Set <=

    Name: (CC-PVDZ AUX)
    Role: JKFIT
    Keyword: DF_BASIS_SCF
    atoms 1   entry O          line   221 file /home/sulstice/software/miniconda2/envs/qmpython2/share/psi4/basis/cc-pvdz-jkfit.gbs 
    atoms 2-3 entry H          line    51 file /home/sulstice/software/miniconda2/envs/qmpython2/share/psi4/basis/cc-pvdz-jkfit.gbs 

   => Loading Basis Set <=

    Name: CC-PVDZ
    Role: ORBITAL
    Keyword: BASIS
    atoms 1   entry O          line   198 file /home/sulstice/software/miniconda2/envs/qmpython2/share/psi4/basis/cc-pvdz.gbs 
    atoms 2-3 entry H          line    22 file /home/sulstice/software/miniconda2/envs/qmpython2/share/psi4/basis/cc-pvdz.gbs 

  Reading orbitals from file 180, no projection.

  ==> Pre-Iterations <==

   -------------------------------------------------------
    Irrep   Nso     Nmo     Nalpha   Nbeta   Ndocc  Nsocc
   -------------------------------------------------------
     A1        11      11       0       0       0       0
     A2         2       2       0       0       0       0
     B1         4       4       0       0       0       0
     B2         7       7       0       0       0       0
   -------------------------------------------------------
    Total      24      24       5       5       5       0
   -------------------------------------------------------

  ==> Integral Setup <==

  DFHelper Memory: AOs need 0.001 GiB; user supplied 5.588 GiB. Using in-core AOs.

  ==> MemDFJK: Density-Fitted J/K Matrices <==

    J tasked:                   Yes
    K tasked:                   Yes
    wK tasked:                   No
    OpenMP threads:              10
    Memory [MiB]:              5722
    Algorithm:                 Core
    Schwarz Cutoff:           1E-12
    Mask sparsity (%):       0.0000
    Fitting Condition:        1E-10

   => Auxiliary Basis Set <=

  Basis Set: (CC-PVDZ AUX)
    Blend: CC-PVDZ-JKFIT
    Number of shells: 42
    Number of basis function: 116
    Number of Cartesian functions: 131
    Spherical Harmonics?: true
    Max angular momentum: 3

  Minimum eigenvalue in the overlap matrix is 3.3341556524E-02.
  Using Symmetric Orthogonalization.

  SCF Guess: Orbitals guess was supplied from a previous computation.

  ==> Iterations <==

                           Total Energy        Delta E     RMS |[F,P]|

   @DF-RHF iter   0:   -76.03560632770665   -7.60356e+01   2.04144e-03 
   @DF-RHF iter   1:   -76.02701285047347    8.59348e-03   2.70447e-04 DIIS
   @DF-RHF iter   2:   -76.02702391350147   -1.10630e-05   1.13631e-04 DIIS
   @DF-RHF iter   3:   -76.02702558561134   -1.67211e-06   4.82407e-05 DIIS
   @DF-RHF iter   4:   -76.02702600177076   -4.16159e-07   1.03748e-05 DIIS
   @DF-RHF iter   5:   -76.02702603210716   -3.03364e-08   1.32085e-06 DIIS
   @DF-RHF iter   6:   -76.02702603250623   -3.99069e-10   2.01989e-07 DIIS
   @DF-RHF iter   7:   -76.02702603251322   -6.99174e-12   3.96156e-08 DIIS
   @DF-RHF iter   8:   -76.02702603251343   -2.13163e-13   5.55280e-09 DIIS
  Energy and wave function converged.


  ==> Post-Iterations <==

    Orbital Energies [Eh]
    ---------------------

    Doubly Occupied:                                                      

       1A1   -20.548011     2A1    -1.342946     1B2    -0.706800  
       3A1    -0.568209     1B1    -0.493959  

    Virtual:                                                              

       4A1     0.187741     2B2     0.258004     3B2     0.799781  
       5A1     0.864895     6A1     1.162461     2B1     1.200511  
       4B2     1.252371     7A1     1.446200     1A2     1.478920  
       3B1     1.679815     8A1     1.865743     5B2     1.947639  
       6B2     2.484247     9A1     2.522255     4B1     3.295710  
       2A2     3.353297    10A1     3.526302    11A1     3.883432  
       7B2     4.160208  

    Final Occupation by Irrep:
             A1    A2    B1    B2 
    DOCC [     3,    0,    1,    1 ]

  @DF-RHF Final Energy:   -76.02702603251343

   => Energetics <=

    Nuclear Repulsion Energy =              9.3164852162255691
    One-Electron Energy =                -123.3671721688964737
    Two-Electron Energy =                  38.0236609201574609
    Total Energy =                        -76.0270260325134473

Computation Completed


Properties will be evaluated at   0.000000,   0.000000,   0.000000 [a0]

Properties computed using the SCF density matrix

  Nuclear Dipole Moment: [e a0]
     X:     0.0000      Y:     0.0000      Z:     0.9588

  Electronic Dipole Moment: [e a0]
     X:     0.0000      Y:     0.0000      Z:    -0.1565

  Dipole Moment: [e a0]
     X:     0.0000      Y:     0.0000      Z:     0.8023     Total:     0.8023

  Dipole Moment: [D]
     X:     0.0000      Y:     0.0000      Z:     2.0393     Total:     2.0393


*** tstop() called on wanukaka at Thu Apr 14 12:38:22 2022
Module time:
	user time   =       2.78 seconds =       0.05 minutes
	system time =       0.12 seconds =       0.00 minutes
	total time  =          1 seconds =       0.02 minutes
Total time:
	user time   =     421.26 seconds =       7.02 minutes
	system time =      15.20 seconds =       0.25 minutes
	total time  =         46 seconds =       0.77 minutes

*** tstart() called on wanukaka
*** at Thu Apr 14 12:38:22 2022


         ------------------------------------------------------------
                                   SCF GRAD                          
                          Rob Parrish, Justin Turney,                
                       Andy Simmonett, and Alex Sokolov              
         ------------------------------------------------------------

  ==> Geometry <==

    Molecular point group: c2v
    Full point group: C2v

    Geometry (in Angstrom), charge = 0, multiplicity = 1:

       Center              X                  Y                   Z               Mass       
    ------------   -----------------  -----------------  -----------------  -----------------
         O            0.000000000000     0.000000000000    -0.064464108539    15.994914619570
         H            0.000000000000    -0.748695914272     0.511546091400     1.007825032230
         H            0.000000000000     0.748695914272     0.511546091400     1.007825032230

  Nuclear repulsion =    9.316485216225569

  ==> Basis Set <==

  Basis Set: CC-PVDZ
    Blend: CC-PVDZ
    Number of shells: 12
    Number of basis function: 24
    Number of Cartesian functions: 25
    Spherical Harmonics?: true
    Max angular momentum: 2

  ==> DFJKGrad: Density-Fitted SCF Gradients <==

    Gradient:                    1
    J tasked:                  Yes
    K tasked:                  Yes
    wK tasked:                  No
    OpenMP threads:             10
    Integrals threads:          10
    Memory [MiB]:             5722
    Schwarz Cutoff:          0E+00
    Fitting Condition:       1E-10

   => Auxiliary Basis Set <=

  Basis Set: (CC-PVDZ AUX)
    Blend: CC-PVDZ-JKFIT
    Number of shells: 42
    Number of basis function: 116
    Number of Cartesian functions: 131
    Spherical Harmonics?: true
    Max angular momentum: 3


  -Total Gradient:
     Atom            X                  Y                   Z
    ------   -----------------  -----------------  -----------------
       1        0.000000000000     0.000000000000     0.002698488354
       2       -0.000000000000     0.001246017765    -0.001349244177
       3        0.000000000000    -0.001246017765    -0.001349244177


*** tstop() called on wanukaka at Thu Apr 14 12:38:22 2022
Module time:
	user time   =       3.69 seconds =       0.06 minutes
	system time =       0.14 seconds =       0.00 minutes
	total time  =          0 seconds =       0.00 minutes
Total time:
	user time   =     424.96 seconds =       7.08 minutes
	system time =      15.34 seconds =       0.26 minutes
	total time  =         46 seconds =       0.77 minutes

			-----------------------------------------
			 OPTKING 2.0: for geometry optimizations 
			  - R.A. King,  Bethel University        
			-----------------------------------------

	Previous internal coordinate definitions found.
	---Fragment 1 Geometry and Gradient---
	 O           0.0000000000        0.0000000000       -0.1218195101
	 H           0.0000000000       -1.4148302292        0.9666820133
	 H           0.0000000000        1.4148302292        0.9666820133
	             0.0000000000        0.0000000000        0.0026984884
	            -0.0000000000        0.0012460178       -0.0013492442
	             0.0000000000       -0.0012460178       -0.0013492442

	---Fragment 1 Intrafragment Coordinates---
	 - Coordinate -           - BOHR/RAD -       - ANG/DEG -
	 R(1,2)           =         1.785099	       0.944634
	 R(1,3)           =         1.785099	       0.944634
	 B(2,1,3)         =         1.830050	     104.854137

	Current energy   :       -76.0270260325

	Energy change for the previous step:
		Projected    :        -0.0005043401
		Actual       :        -0.0001794758

	Performing BFGS update.
	Previous computed or guess Hessian on step 1.
	Steps to be used in Hessian update: 2 1
	Taking RFO optimization step.
	Going to follow RFO solution 1.
	Using RFO vector 1.
	Norm of target step-size    0.00800
	Projected energy change by RFO approximation:        -0.0000188777

	Back-transformation to cartesian coordinates...
	Successfully converged to displaced geometry.

	--- Internal Coordinate Step in ANG or DEG, aJ/ANG or AJ/DEG ---
	 ---------------------------------------------------------------------------
	   Coordinate                Previous        Force       Change         New 
	   ----------                --------       ------       ------       ------
	    1 R(1,2)          =      0.944634     0.014915     0.002524     0.947158
	    2 R(1,3)          =      0.944634     0.014915     0.002524     0.947158
	    3 B(2,1,3)        =    104.854137    -0.000042    -0.246545   104.607592
	 ---------------------------------------------------------------------------
	Successfully symmetrized geometry.

  ==> Convergence Check <==

  Measures of convergence in internal coordinates in au.
  Criteria marked as inactive (o), active & met (*), and active & unmet ( ).
  ---------------------------------------------------------------------------------------------
   Step     Total Energy     Delta E     MAX Force     RMS Force      MAX Disp      RMS Disp   
  ---------------------------------------------------------------------------------------------
    Convergence Criteria    1.00e-06 *    3.00e-04 *             o    1.20e-03 *             o
  ---------------------------------------------------------------------------------------------
      3     -76.02702603   -1.79e-04      1.81e-03      1.51e-03 o    4.77e-03      4.62e-03 o  ~
  ---------------------------------------------------------------------------------------------

	Writing optimization data to binary file.
	Structure for next step:
	Cartesian Geometry (in Angstrom)
	    O     0.0000000000   0.0000000000  -0.0665661884
	    H     0.0000000000  -0.7494523798   0.5125971295
	    H     0.0000000000   0.7494523798   0.5125971295
			--------------------------
			 OPTKING Finished Execution 
			--------------------------

    Structure for next step:
    Molecular point group: c2v
    Full point group: C2v

    Geometry (in Angstrom), charge = 0, multiplicity = 1:

    O       
    H             1    0.947158
    H             1    0.947158      2  104.607592

gradient() will perform analytic gradient computation.

*** tstart() called on wanukaka
*** at Thu Apr 14 12:38:22 2022

   => Loading Basis Set <=

    Name: CC-PVDZ
    Role: ORBITAL
    Keyword: BASIS
    atoms 1   entry O          line   198 file /home/sulstice/software/miniconda2/envs/qmpython2/share/psi4/basis/cc-pvdz.gbs 
    atoms 2-3 entry H          line    22 file /home/sulstice/software/miniconda2/envs/qmpython2/share/psi4/basis/cc-pvdz.gbs 


         ---------------------------------------------------------
                                   SCF
               by Justin Turney, Rob Parrish, Andy Simmonett
                          and Daniel G. A. Smith
                              RHF Reference
                       10 Threads,   7629 MiB Core
         ---------------------------------------------------------

  ==> Geometry <==

    Molecular point group: c2v
    Full point group: C2v

    Geometry (in Angstrom), charge = 0, multiplicity = 1:

       Center              X                  Y                   Z               Mass       
    ------------   -----------------  -----------------  -----------------  -----------------
         O            0.000000000000     0.000000000000    -0.064816989593    15.994914619570
         H            0.000000000000    -0.749452382747     0.514346330601     1.007825032230
         H            0.000000000000     0.749452382747     0.514346330601     1.007825032230

  Running in c2v symmetry.

  Rotational constants: A =     28.07532  B =     14.88995  C =      9.72972 [cm^-1]
  Rotational constants: A = 841676.82152  B = 446389.50269  C = 291689.71405 [MHz]
  Nuclear repulsion =    9.292239463522913

  Charge       = 0
  Multiplicity = 1
  Electrons    = 10
  Nalpha       = 5
  Nbeta        = 5

  ==> Algorithm <==

  SCF Algorithm Type is DF.
  DIIS enabled.
  MOM disabled.
  Fractional occupation disabled.
  Guess Type is READ.
  Energy threshold   = 1.00e-08
  Density threshold  = 1.00e-08
  Integral threshold = 0.00e+00

  ==> Primary Basis <==

  Basis Set: CC-PVDZ
    Blend: CC-PVDZ
    Number of shells: 12
    Number of basis function: 24
    Number of Cartesian functions: 25
    Spherical Harmonics?: true
    Max angular momentum: 2

   => Loading Basis Set <=

    Name: (CC-PVDZ AUX)
    Role: JKFIT
    Keyword: DF_BASIS_SCF
    atoms 1   entry O          line   221 file /home/sulstice/software/miniconda2/envs/qmpython2/share/psi4/basis/cc-pvdz-jkfit.gbs 
    atoms 2-3 entry H          line    51 file /home/sulstice/software/miniconda2/envs/qmpython2/share/psi4/basis/cc-pvdz-jkfit.gbs 

   => Loading Basis Set <=

    Name: CC-PVDZ
    Role: ORBITAL
    Keyword: BASIS
    atoms 1   entry O          line   198 file /home/sulstice/software/miniconda2/envs/qmpython2/share/psi4/basis/cc-pvdz.gbs 
    atoms 2-3 entry H          line    22 file /home/sulstice/software/miniconda2/envs/qmpython2/share/psi4/basis/cc-pvdz.gbs 

  Reading orbitals from file 180, no projection.

  ==> Pre-Iterations <==

   -------------------------------------------------------
    Irrep   Nso     Nmo     Nalpha   Nbeta   Ndocc  Nsocc
   -------------------------------------------------------
     A1        11      11       0       0       0       0
     A2         2       2       0       0       0       0
     B1         4       4       0       0       0       0
     B2         7       7       0       0       0       0
   -------------------------------------------------------
    Total      24      24       5       5       5       0
   -------------------------------------------------------

  ==> Integral Setup <==

  DFHelper Memory: AOs need 0.001 GiB; user supplied 5.588 GiB. Using in-core AOs.

  ==> MemDFJK: Density-Fitted J/K Matrices <==

    J tasked:                   Yes
    K tasked:                   Yes
    wK tasked:                   No
    OpenMP threads:              10
    Memory [MiB]:              5722
    Algorithm:                 Core
    Schwarz Cutoff:           1E-12
    Mask sparsity (%):       0.0000
    Fitting Condition:        1E-10

   => Auxiliary Basis Set <=

  Basis Set: (CC-PVDZ AUX)
    Blend: CC-PVDZ-JKFIT
    Number of shells: 42
    Number of basis function: 116
    Number of Cartesian functions: 131
    Spherical Harmonics?: true
    Max angular momentum: 3

  Minimum eigenvalue in the overlap matrix is 3.3484528665E-02.
  Using Symmetric Orthogonalization.

  SCF Guess: Orbitals guess was supplied from a previous computation.

  ==> Iterations <==

                           Total Energy        Delta E     RMS |[F,P]|

   @DF-RHF iter   0:   -76.02317497371696   -7.60232e+01   7.19321e-04 
   @DF-RHF iter   1:   -76.02702997821768   -3.85500e-03   1.00205e-04 DIIS
   @DF-RHF iter   2:   -76.02703088013497   -9.01917e-07   5.33903e-05 DIIS
   @DF-RHF iter   3:   -76.02703107324412   -1.93109e-07   1.00566e-05 DIIS
   @DF-RHF iter   4:   -76.02703109752846   -2.42843e-08   2.95816e-06 DIIS
   @DF-RHF iter   5:   -76.02703109973136   -2.20290e-09   6.60552e-07 DIIS
   @DF-RHF iter   6:   -76.02703109985690   -1.25539e-10   8.83172e-08 DIIS
   @DF-RHF iter   7:   -76.02703109985849   -1.59162e-12   1.37835e-08 DIIS
   @DF-RHF iter   8:   -76.02703109985853   -4.26326e-14   1.72718e-09 DIIS
  Energy and wave function converged.


  ==> Post-Iterations <==

    Orbital Energies [Eh]
    ---------------------

    Doubly Occupied:                                                      

       1A1   -20.548594     2A1    -1.341824     1B2    -0.704941  
       3A1    -0.568248     1B1    -0.493854  

    Virtual:                                                              

       4A1     0.187273     2B2     0.257686     3B2     0.797038  
       5A1     0.863592     6A1     1.162847     2B1     1.200478  
       4B2     1.252745     7A1     1.444319     1A2     1.479054  
       3B1     1.677857     8A1     1.865683     5B2     1.946266  
       6B2     2.477416     9A1     2.516224     4B1     3.294803  
       2A2     3.349805    10A1     3.524173    11A1     3.878464  
       7B2     4.158807  

    Final Occupation by Irrep:
             A1    A2    B1    B2 
    DOCC [     3,    0,    1,    1 ]

  @DF-RHF Final Energy:   -76.02703109985853

   => Energetics <=

    Nuclear Repulsion Energy =              9.2922394635229129
    One-Electron Energy =                -123.3236189348394589
    Two-Electron Energy =                  38.0043483714580077
    Total Energy =                        -76.0270310998585330

Computation Completed


Properties will be evaluated at   0.000000,   0.000000,   0.000000 [a0]

Properties computed using the SCF density matrix

  Nuclear Dipole Moment: [e a0]
     X:     0.0000      Y:     0.0000      Z:     0.9641

  Electronic Dipole Moment: [e a0]
     X:     0.0000      Y:     0.0000      Z:    -0.1593

  Dipole Moment: [e a0]
     X:     0.0000      Y:     0.0000      Z:     0.8048     Total:     0.8048

  Dipole Moment: [D]
     X:     0.0000      Y:     0.0000      Z:     2.0455     Total:     2.0455


*** tstop() called on wanukaka at Thu Apr 14 12:38:22 2022
Module time:
	user time   =       2.92 seconds =       0.05 minutes
	system time =       0.11 seconds =       0.00 minutes
	total time  =          0 seconds =       0.00 minutes
Total time:
	user time   =     427.97 seconds =       7.13 minutes
	system time =      15.46 seconds =       0.26 minutes
	total time  =         46 seconds =       0.77 minutes

*** tstart() called on wanukaka
*** at Thu Apr 14 12:38:22 2022


         ------------------------------------------------------------
                                   SCF GRAD                          
                          Rob Parrish, Justin Turney,                
                       Andy Simmonett, and Alex Sokolov              
         ------------------------------------------------------------

  ==> Geometry <==

    Molecular point group: c2v
    Full point group: C2v

    Geometry (in Angstrom), charge = 0, multiplicity = 1:

       Center              X                  Y                   Z               Mass       
    ------------   -----------------  -----------------  -----------------  -----------------
         O            0.000000000000     0.000000000000    -0.064816989593    15.994914619570
         H            0.000000000000    -0.749452382747     0.514346330601     1.007825032230
         H            0.000000000000     0.749452382747     0.514346330601     1.007825032230

  Nuclear repulsion =    9.292239463522913

  ==> Basis Set <==

  Basis Set: CC-PVDZ
    Blend: CC-PVDZ
    Number of shells: 12
    Number of basis function: 24
    Number of Cartesian functions: 25
    Spherical Harmonics?: true
    Max angular momentum: 2

  ==> DFJKGrad: Density-Fitted SCF Gradients <==

    Gradient:                    1
    J tasked:                  Yes
    K tasked:                  Yes
    wK tasked:                  No
    OpenMP threads:             10
    Integrals threads:          10
    Memory [MiB]:             5722
    Schwarz Cutoff:          0E+00
    Fitting Condition:       1E-10

   => Auxiliary Basis Set <=

  Basis Set: (CC-PVDZ AUX)
    Blend: CC-PVDZ-JKFIT
    Number of shells: 42
    Number of basis function: 116
    Number of Cartesian functions: 131
    Spherical Harmonics?: true
    Max angular momentum: 3


  -Total Gradient:
     Atom            X                  Y                   Z
    ------   -----------------  -----------------  -----------------
       1        0.000000000000     0.000000000000    -0.001188943245
       2        0.000000000000    -0.000826137818     0.000594471623
       3       -0.000000000000     0.000826137818     0.000594471623


*** tstop() called on wanukaka at Thu Apr 14 12:38:23 2022
Module time:
	user time   =       3.83 seconds =       0.06 minutes
	system time =       0.18 seconds =       0.00 minutes
	total time  =          1 seconds =       0.02 minutes
Total time:
	user time   =     431.81 seconds =       7.20 minutes
	system time =      15.64 seconds =       0.26 minutes
	total time  =         47 seconds =       0.78 minutes

			-----------------------------------------
			 OPTKING 2.0: for geometry optimizations 
			  - R.A. King,  Bethel University        
			-----------------------------------------

	Previous internal coordinate definitions found.
	---Fragment 1 Geometry and Gradient---
	 O           0.0000000000        0.0000000000       -0.1224863586
	 H           0.0000000000       -1.4162597475        0.9719736985
	 H           0.0000000000        1.4162597475        0.9719736985
	             0.0000000000        0.0000000000       -0.0011889432
	             0.0000000000       -0.0008261378        0.0005944716
	            -0.0000000000        0.0008261378        0.0005944716

	---Fragment 1 Intrafragment Coordinates---
	 - Coordinate -           - BOHR/RAD -       - ANG/DEG -
	 R(1,2)           =         1.789870	       0.947158
	 R(1,3)           =         1.789870	       0.947158
	 B(2,1,3)         =         1.825747	     104.607592

	Current energy   :       -76.0270310999

	Energy change for the previous step:
		Projected    :        -0.0000188777
		Actual       :        -0.0000050673

	Performing BFGS update.
	Previous computed or guess Hessian on step 1.
	Steps to be used in Hessian update: 3 2
	Taking RFO optimization step.
	Going to follow RFO solution 1.
	Using RFO vector 1.
	Norm of target step-size    0.00239
	Projected energy change by RFO approximation:        -0.0000035382

	Back-transformation to cartesian coordinates...
	Successfully converged to displaced geometry.

	--- Internal Coordinate Step in ANG or DEG, aJ/ANG or AJ/DEG ---
	 ---------------------------------------------------------------------------
	   Coordinate                Previous        Force       Change         New 
	   ----------                --------       ------       ------       ------
	    1 R(1,2)          =      0.947158    -0.008380    -0.000891     0.946268
	    2 R(1,3)          =      0.947158    -0.008380    -0.000891     0.946268
	    3 B(2,1,3)        =    104.607592    -0.000005     0.012788   104.620380
	 ---------------------------------------------------------------------------
	Successfully symmetrized geometry.

  ==> Convergence Check <==

  Measures of convergence in internal coordinates in au.
  Criteria marked as inactive (o), active & met (*), and active & unmet ( ).
  ---------------------------------------------------------------------------------------------
   Step     Total Energy     Delta E     MAX Force     RMS Force      MAX Disp      RMS Disp   
  ---------------------------------------------------------------------------------------------
    Convergence Criteria    1.00e-06 *    3.00e-04 *             o    1.20e-03 *             o
  ---------------------------------------------------------------------------------------------
      4     -76.02703110   -5.07e-06      1.02e-03      8.31e-04 o    1.68e-03      1.38e-03 o  ~
  ---------------------------------------------------------------------------------------------

	Writing optimization data to binary file.
	Structure for next step:
	Cartesian Geometry (in Angstrom)
	    O     0.0000000000   0.0000000000  -0.0643981681
	    H     0.0000000000  -0.7488121303   0.5141369180
	    H     0.0000000000   0.7488121303   0.5141369180
			--------------------------
			 OPTKING Finished Execution 
			--------------------------

    Structure for next step:
    Molecular point group: c2v
    Full point group: C2v

    Geometry (in Angstrom), charge = 0, multiplicity = 1:

    O       
    H             1    0.946268
    H             1    0.946268      2  104.620380

gradient() will perform analytic gradient computation.

*** tstart() called on wanukaka
*** at Thu Apr 14 12:38:23 2022

   => Loading Basis Set <=

    Name: CC-PVDZ
    Role: ORBITAL
    Keyword: BASIS
    atoms 1   entry O          line   198 file /home/sulstice/software/miniconda2/envs/qmpython2/share/psi4/basis/cc-pvdz.gbs 
    atoms 2-3 entry H          line    22 file /home/sulstice/software/miniconda2/envs/qmpython2/share/psi4/basis/cc-pvdz.gbs 


         ---------------------------------------------------------
                                   SCF
               by Justin Turney, Rob Parrish, Andy Simmonett
                          and Daniel G. A. Smith
                              RHF Reference
                       10 Threads,   7629 MiB Core
         ---------------------------------------------------------

  ==> Geometry <==

    Molecular point group: c2v
    Full point group: C2v

    Geometry (in Angstrom), charge = 0, multiplicity = 1:

       Center              X                  Y                   Z               Mass       
    ------------   -----------------  -----------------  -----------------  -----------------
         O            0.000000000000     0.000000000000    -0.064746681112    15.994914619570
         H            0.000000000000    -0.748812133266     0.513788407295     1.007825032230
         H            0.000000000000     0.748812133266     0.513788407295     1.007825032230

  Running in c2v symmetry.

  Rotational constants: A =     28.13632  B =     14.91542  C =      9.74792 [cm^-1]
  Rotational constants: A = 843505.76928  B = 447153.17309  C = 292235.43794 [MHz]
  Nuclear repulsion =    9.300956038971394

  Charge       = 0
  Multiplicity = 1
  Electrons    = 10
  Nalpha       = 5
  Nbeta        = 5

  ==> Algorithm <==

  SCF Algorithm Type is DF.
  DIIS enabled.
  MOM disabled.
  Fractional occupation disabled.
  Guess Type is READ.
  Energy threshold   = 1.00e-08
  Density threshold  = 1.00e-08
  Integral threshold = 0.00e+00

  ==> Primary Basis <==

  Basis Set: CC-PVDZ
    Blend: CC-PVDZ
    Number of shells: 12
    Number of basis function: 24
    Number of Cartesian functions: 25
    Spherical Harmonics?: true
    Max angular momentum: 2

   => Loading Basis Set <=

    Name: (CC-PVDZ AUX)
    Role: JKFIT
    Keyword: DF_BASIS_SCF
    atoms 1   entry O          line   221 file /home/sulstice/software/miniconda2/envs/qmpython2/share/psi4/basis/cc-pvdz-jkfit.gbs 
    atoms 2-3 entry H          line    51 file /home/sulstice/software/miniconda2/envs/qmpython2/share/psi4/basis/cc-pvdz-jkfit.gbs 

   => Loading Basis Set <=

    Name: CC-PVDZ
    Role: ORBITAL
    Keyword: BASIS
    atoms 1   entry O          line   198 file /home/sulstice/software/miniconda2/envs/qmpython2/share/psi4/basis/cc-pvdz.gbs 
    atoms 2-3 entry H          line    22 file /home/sulstice/software/miniconda2/envs/qmpython2/share/psi4/basis/cc-pvdz.gbs 

  Reading orbitals from file 180, no projection.

  ==> Pre-Iterations <==

   -------------------------------------------------------
    Irrep   Nso     Nmo     Nalpha   Nbeta   Ndocc  Nsocc
   -------------------------------------------------------
     A1        11      11       0       0       0       0
     A2         2       2       0       0       0       0
     B1         4       4       0       0       0       0
     B2         7       7       0       0       0       0
   -------------------------------------------------------
    Total      24      24       5       5       5       0
   -------------------------------------------------------

  ==> Integral Setup <==

  DFHelper Memory: AOs need 0.001 GiB; user supplied 5.588 GiB. Using in-core AOs.

  ==> MemDFJK: Density-Fitted J/K Matrices <==

    J tasked:                   Yes
    K tasked:                   Yes
    wK tasked:                   No
    OpenMP threads:              10
    Memory [MiB]:              5722
    Algorithm:                 Core
    Schwarz Cutoff:           1E-12
    Mask sparsity (%):       0.0000
    Fitting Condition:        1E-10

   => Auxiliary Basis Set <=

  Basis Set: (CC-PVDZ AUX)
    Blend: CC-PVDZ-JKFIT
    Number of shells: 42
    Number of basis function: 116
    Number of Cartesian functions: 131
    Spherical Harmonics?: true
    Max angular momentum: 3

  Minimum eigenvalue in the overlap matrix is 3.3424198681E-02.
  Using Symmetric Orthogonalization.

  SCF Guess: Orbitals guess was supplied from a previous computation.

  ==> Iterations <==

                           Total Energy        Delta E     RMS |[F,P]|

   @DF-RHF iter   0:   -76.02836548209275   -7.60284e+01   2.44404e-04 
   @DF-RHF iter   1:   -76.02703265499825    1.33283e-03   3.63747e-05 DIIS
   @DF-RHF iter   2:   -76.02703275817488   -1.03177e-07   1.90339e-05 DIIS
   @DF-RHF iter   3:   -76.02703278147061   -2.32957e-08   2.85698e-06 DIIS
   @DF-RHF iter   4:   -76.02703278319592   -1.72531e-09   9.00171e-07 DIIS
   @DF-RHF iter   5:   -76.02703278337840   -1.82482e-10   1.96068e-07 DIIS
   @DF-RHF iter   6:   -76.02703278338973   -1.13261e-11   3.10583e-08 DIIS
   @DF-RHF iter   7:   -76.02703278338994   -2.13163e-13   4.44406e-09 DIIS
  Energy and wave function converged.


  ==> Post-Iterations <==

    Orbital Energies [Eh]
    ---------------------

    Doubly Occupied:                                                      

       1A1   -20.548429     2A1    -1.342280     1B2    -0.705452  
       3A1    -0.568387     1B1    -0.493918  

    Virtual:                                                              

       4A1     0.187422     2B2     0.257809     3B2     0.797742  
       5A1     0.864397     6A1     1.162770     2B1     1.200473  
       4B2     1.252687     7A1     1.444309     1A2     1.479253  
       3B1     1.678123     8A1     1.865535     5B2     1.947196  
       6B2     2.479598     9A1     2.518496     4B1     3.295530  
       2A2     3.350745    10A1     3.525293    11A1     3.879575  
       7B2     4.159751  

    Final Occupation by Irrep:
             A1    A2    B1    B2 
    DOCC [     3,    0,    1,    1 ]

  @DF-RHF Final Energy:   -76.02703278338994

   => Energetics <=

    Nuclear Repulsion Energy =              9.3009560389713943
    One-Electron Energy =                -123.3390480251382542
    Two-Electron Energy =                  38.0110592027769201
    Total Energy =                        -76.0270327833899415

Computation Completed


Properties will be evaluated at   0.000000,   0.000000,   0.000000 [a0]

Properties computed using the SCF density matrix

  Nuclear Dipole Moment: [e a0]
     X:     0.0000      Y:     0.0000      Z:     0.9630

  Electronic Dipole Moment: [e a0]
     X:     0.0000      Y:     0.0000      Z:    -0.1587

  Dipole Moment: [e a0]
     X:     0.0000      Y:     0.0000      Z:     0.8043     Total:     0.8043

  Dipole Moment: [D]
     X:     0.0000      Y:     0.0000      Z:     2.0444     Total:     2.0444


*** tstop() called on wanukaka at Thu Apr 14 12:38:23 2022
Module time:
	user time   =       3.59 seconds =       0.06 minutes
	system time =       0.15 seconds =       0.00 minutes
	total time  =          0 seconds =       0.00 minutes
Total time:
	user time   =     435.50 seconds =       7.26 minutes
	system time =      15.79 seconds =       0.26 minutes
	total time  =         47 seconds =       0.78 minutes

*** tstart() called on wanukaka
*** at Thu Apr 14 12:38:23 2022


         ------------------------------------------------------------
                                   SCF GRAD                          
                          Rob Parrish, Justin Turney,                
                       Andy Simmonett, and Alex Sokolov              
         ------------------------------------------------------------

  ==> Geometry <==

    Molecular point group: c2v
    Full point group: C2v

    Geometry (in Angstrom), charge = 0, multiplicity = 1:

       Center              X                  Y                   Z               Mass       
    ------------   -----------------  -----------------  -----------------  -----------------
         O            0.000000000000     0.000000000000    -0.064746681112    15.994914619570
         H            0.000000000000    -0.748812133266     0.513788407295     1.007825032230
         H            0.000000000000     0.748812133266     0.513788407295     1.007825032230

  Nuclear repulsion =    9.300956038971394

  ==> Basis Set <==

  Basis Set: CC-PVDZ
    Blend: CC-PVDZ
    Number of shells: 12
    Number of basis function: 24
    Number of Cartesian functions: 25
    Spherical Harmonics?: true
    Max angular momentum: 2

  ==> DFJKGrad: Density-Fitted SCF Gradients <==

    Gradient:                    1
    J tasked:                  Yes
    K tasked:                  Yes
    wK tasked:                  No
    OpenMP threads:             10
    Integrals threads:          10
    Memory [MiB]:             5722
    Schwarz Cutoff:          0E+00
    Fitting Condition:       1E-10

   => Auxiliary Basis Set <=

  Basis Set: (CC-PVDZ AUX)
    Blend: CC-PVDZ-JKFIT
    Number of shells: 42
    Number of basis function: 116
    Number of Cartesian functions: 131
    Spherical Harmonics?: true
    Max angular momentum: 3


  -Total Gradient:
     Atom            X                  Y                   Z
    ------   -----------------  -----------------  -----------------
       1        0.000000000000     0.000000000000     0.000017848059
       2       -0.000000000000     0.000010679078    -0.000008924029
       3        0.000000000000    -0.000010679078    -0.000008924029


*** tstop() called on wanukaka at Thu Apr 14 12:38:24 2022
Module time:
	user time   =       4.29 seconds =       0.07 minutes
	system time =       0.19 seconds =       0.00 minutes
	total time  =          1 seconds =       0.02 minutes
Total time:
	user time   =     439.81 seconds =       7.33 minutes
	system time =      15.98 seconds =       0.27 minutes
	total time  =         48 seconds =       0.80 minutes

			-----------------------------------------
			 OPTKING 2.0: for geometry optimizations 
			  - R.A. King,  Bethel University        
			-----------------------------------------

	Previous internal coordinate definitions found.
	---Fragment 1 Geometry and Gradient---
	 O           0.0000000000        0.0000000000       -0.1223534948
	 H           0.0000000000       -1.4150498513        0.9709193762
	 H           0.0000000000        1.4150498513        0.9709193762
	             0.0000000000        0.0000000000        0.0000178481
	            -0.0000000000        0.0000106791       -0.0000089240
	             0.0000000000       -0.0000106791       -0.0000089240

	---Fragment 1 Intrafragment Coordinates---
	 - Coordinate -           - BOHR/RAD -       - ANG/DEG -
	 R(1,2)           =         1.788187	       0.946268
	 R(1,3)           =         1.788187	       0.946268
	 B(2,1,3)         =         1.825970	     104.620380

	Current energy   :       -76.0270327834

	Energy change for the previous step:
		Projected    :        -0.0000035382
		Actual       :        -0.0000016835

	Performing BFGS update.
	Previous computed or guess Hessian on step 1.
	Steps to be used in Hessian update: 4 3
	Taking RFO optimization step.
	Going to follow RFO solution 1.
	Using RFO vector 1.
	Norm of target step-size    0.00004
	Projected energy change by RFO approximation:        -0.0000000006

	Back-transformation to cartesian coordinates...
	Successfully converged to displaced geometry.

	--- Internal Coordinate Step in ANG or DEG, aJ/ANG or AJ/DEG ---
	 ---------------------------------------------------------------------------
	   Coordinate                Previous        Force       Change         New 
	   ----------                --------       ------       ------       ------
	    1 R(1,2)          =      0.946268     0.000115     0.000012     0.946280
	    2 R(1,3)          =      0.946268     0.000115     0.000012     0.946280
	    3 B(2,1,3)        =    104.620380    -0.000000    -0.000755   104.619625
	 ---------------------------------------------------------------------------
	Successfully symmetrized geometry.

  ==> Convergence Check <==

  Measures of convergence in internal coordinates in au.
  Criteria marked as inactive (o), active & met (*), and active & unmet ( ).
  ---------------------------------------------------------------------------------------------
   Step     Total Energy     Delta E     MAX Force     RMS Force      MAX Disp      RMS Disp   
  ---------------------------------------------------------------------------------------------
    Convergence Criteria    1.00e-06 *    3.00e-04 *             o    1.20e-03 *             o
  ---------------------------------------------------------------------------------------------
      5     -76.02703278   -1.68e-06      1.39e-05 *    1.14e-05 o    2.30e-05 *    2.02e-05 o  ~
  ---------------------------------------------------------------------------------------------


  **** Optimization is complete! (in 5 steps) ****

  ==> Optimization Summary <==

  Measures of convergence in internal coordinates in au.
  --------------------------------------------------------------------------------------------------------------- ~
   Step         Total Energy             Delta E       MAX Force       RMS Force        MAX Disp        RMS Disp  ~
  --------------------------------------------------------------------------------------------------------------- ~
      1     -75.996744182351    -75.996744182351      0.10133163      0.08353498      0.24612735      0.20819427  ~
      2     -76.026846556711     -0.030102374360      0.00772450      0.00495957      0.04803993      0.02883943  ~
      3     -76.027026032513     -0.000179475803      0.00181030      0.00151215      0.00477049      0.00461992  ~
      4     -76.027031099859     -0.000005067345      0.00101720      0.00083132      0.00168327      0.00138041  ~
      5     -76.027032783390     -0.000001683531      0.00001391      0.00001137      0.00002296      0.00002023  ~
  --------------------------------------------------------------------------------------------------------------- ~

	Writing optimization data to binary file.
	Final energy is    -76.0270327833899
	Final (previous) structure:
	Cartesian Geometry (in Angstrom)
	    O     0.0000000000   0.0000000000  -0.0647466809
	    H     0.0000000000  -0.7488121303   0.5137884053
	    H     0.0000000000   0.7488121303   0.5137884053
	Saving final (previous) structure.
			--------------------------
			 OPTKING Finished Execution 
			--------------------------

    Final optimized geometry and variables:
    Molecular point group: c2v
    Full point group: C2v

    Geometry (in Angstrom), charge = 0, multiplicity = 1:

    O       
    H             1    0.946268
    H             1    0.946268      2  104.620380

	Removing binary optimization data file.
	Cleaning optimization helper files.

*** tstart() called on wanukaka
*** at Thu Apr 14 12:38:24 2022

   => Loading Basis Set <=

    Name: CC-PVDZ
    Role: ORBITAL
    Keyword: BASIS
    atoms 1   entry O          line   198 file /home/sulstice/software/miniconda2/envs/qmpython2/share/psi4/basis/cc-pvdz.gbs 
    atoms 2-3 entry H          line    22 file /home/sulstice/software/miniconda2/envs/qmpython2/share/psi4/basis/cc-pvdz.gbs 


         ---------------------------------------------------------
                                   SCF
               by Justin Turney, Rob Parrish, Andy Simmonett
                          and Daniel G. A. Smith
                              RHF Reference
                       10 Threads,   7629 MiB Core
         ---------------------------------------------------------

  ==> Geometry <==

    Molecular point group: c2v
    Full point group: C2v

    Geometry (in Angstrom), charge = 0, multiplicity = 1:

       Center              X                  Y                   Z               Mass       
    ------------   -----------------  -----------------  -----------------  -----------------
         O            0.000000000000     0.000000000000    -0.064746681112    15.994914619570
         H            0.000000000000    -0.748812133266     0.513788407295     1.007825032230
         H            0.000000000000     0.748812133266     0.513788407295     1.007825032230

  Running in c2v symmetry.

  Rotational constants: A =     28.13632  B =     14.91542  C =      9.74792 [cm^-1]
  Rotational constants: A = 843505.76928  B = 447153.17309  C = 292235.43794 [MHz]
  Nuclear repulsion =    9.300956038971394

  Charge       = 0
  Multiplicity = 1
  Electrons    = 10
  Nalpha       = 5
  Nbeta        = 5

  ==> Algorithm <==

  SCF Algorithm Type is DF.
  DIIS enabled.
  MOM disabled.
  Fractional occupation disabled.
  Guess Type is SAD.
  Energy threshold   = 1.00e-06
  Density threshold  = 1.00e-06
  Integral threshold = 0.00e+00

  ==> Primary Basis <==

  Basis Set: CC-PVDZ
    Blend: CC-PVDZ
    Number of shells: 12
    Number of basis function: 24
    Number of Cartesian functions: 25
    Spherical Harmonics?: true
    Max angular momentum: 2

   => Loading Basis Set <=

    Name: (CC-PVDZ AUX)
    Role: JKFIT
    Keyword: DF_BASIS_SCF
    atoms 1   entry O          line   221 file /home/sulstice/software/miniconda2/envs/qmpython2/share/psi4/basis/cc-pvdz-jkfit.gbs 
    atoms 2-3 entry H          line    51 file /home/sulstice/software/miniconda2/envs/qmpython2/share/psi4/basis/cc-pvdz-jkfit.gbs 

  ==> Pre-Iterations <==

   -------------------------------------------------------
    Irrep   Nso     Nmo     Nalpha   Nbeta   Ndocc  Nsocc
   -------------------------------------------------------
     A1        11      11       0       0       0       0
     A2         2       2       0       0       0       0
     B1         4       4       0       0       0       0
     B2         7       7       0       0       0       0
   -------------------------------------------------------
    Total      24      24       5       5       5       0
   -------------------------------------------------------

  ==> Integral Setup <==

  DFHelper Memory: AOs need 0.001 GiB; user supplied 5.588 GiB. Using in-core AOs.

  ==> MemDFJK: Density-Fitted J/K Matrices <==

    J tasked:                   Yes
    K tasked:                   Yes
    wK tasked:                   No
    OpenMP threads:              10
    Memory [MiB]:              5722
    Algorithm:                 Core
    Schwarz Cutoff:           1E-12
    Mask sparsity (%):       0.0000
    Fitting Condition:        1E-10

   => Auxiliary Basis Set <=

  Basis Set: (CC-PVDZ AUX)
    Blend: CC-PVDZ-JKFIT
    Number of shells: 42
    Number of basis function: 116
    Number of Cartesian functions: 131
    Spherical Harmonics?: true
    Max angular momentum: 3

  Minimum eigenvalue in the overlap matrix is 3.3424198681E-02.
  Using Symmetric Orthogonalization.

  SCF Guess: Superposition of Atomic Densities via on-the-fly atomic UHF.

  ==> Iterations <==

                           Total Energy        Delta E     RMS |[F,P]|

   @DF-RHF iter SAD:   -75.52646309161636   -7.55265e+01   0.00000e+00 
   @DF-RHF iter   1:   -75.95493547633995   -4.28472e-01   3.03409e-02 DIIS
   @DF-RHF iter   2:   -76.00811466100166   -5.31792e-02   1.71011e-02 DIIS
   @DF-RHF iter   3:   -76.02664570183197   -1.85310e-02   1.55843e-03 DIIS
   @DF-RHF iter   4:   -76.02701448077485   -3.68779e-04   3.47240e-04 DIIS
   @DF-RHF iter   5:   -76.02703191197000   -1.74312e-05   6.41583e-05 DIIS
   @DF-RHF iter   6:   -76.02703275830554   -8.46336e-07   1.03398e-05 DIIS
   @DF-RHF iter   7:   -76.02703278290036   -2.45948e-08   1.41139e-06 DIIS
   @DF-RHF iter   8:   -76.02703278336190   -4.61540e-10   3.19589e-07 DIIS
  Energy and wave function converged.


  ==> Post-Iterations <==

    Orbital Energies [Eh]
    ---------------------

    Doubly Occupied:                                                      

       1A1   -20.548428     2A1    -1.342280     1B2    -0.705452  
       3A1    -0.568387     1B1    -0.493917  

    Virtual:                                                              

       4A1     0.187422     2B2     0.257809     3B2     0.797742  
       5A1     0.864397     6A1     1.162770     2B1     1.200473  
       4B2     1.252688     7A1     1.444309     1A2     1.479253  
       3B1     1.678123     8A1     1.865536     5B2     1.947196  
       6B2     2.479598     9A1     2.518496     4B1     3.295531  
       2A2     3.350745    10A1     3.525293    11A1     3.879575  
       7B2     4.159751  

    Final Occupation by Irrep:
             A1    A2    B1    B2 
    DOCC [     3,    0,    1,    1 ]

  @DF-RHF Final Energy:   -76.02703278336190

   => Energetics <=

    Nuclear Repulsion Energy =              9.3009560389713943
    One-Electron Energy =                -123.3390485590473276
    Two-Electron Energy =                  38.0110597367140244
    Total Energy =                        -76.0270327833619035

Computation Completed


Properties will be evaluated at   0.000000,   0.000000,   0.000000 [a0]

Properties computed using the SCF density matrix

  Nuclear Dipole Moment: [e a0]
     X:     0.0000      Y:     0.0000      Z:     0.9630

  Electronic Dipole Moment: [e a0]
     X:     0.0000      Y:     0.0000      Z:    -0.1587

  Dipole Moment: [e a0]
     X:     0.0000      Y:     0.0000      Z:     0.8043     Total:     0.8043

  Dipole Moment: [D]
     X:     0.0000      Y:     0.0000      Z:     2.0444     Total:     2.0444


*** tstop() called on wanukaka at Thu Apr 14 12:38:24 2022
Module time:
	user time   =       5.16 seconds =       0.09 minutes
	system time =       0.23 seconds =       0.00 minutes
	total time  =          0 seconds =       0.00 minutes
Total time:
	user time   =     445.06 seconds =       7.42 minutes
	system time =      16.23 seconds =       0.27 minutes
	total time  =         48 seconds =       0.80 minutes
hessian() using ref_gradient to assess stationary point.

  Based on options and gradient (rms=8.86E-06), recommend projecting translations and projecting rotations.
hessian() will perform analytic frequency computation.

*** tstart() called on wanukaka
*** at Thu Apr 14 12:38:24 2022

   => Loading Basis Set <=

    Name: CC-PVDZ
    Role: ORBITAL
    Keyword: BASIS
    atoms 1   entry O          line   198 file /home/sulstice/software/miniconda2/envs/qmpython2/share/psi4/basis/cc-pvdz.gbs 
    atoms 2-3 entry H          line    22 file /home/sulstice/software/miniconda2/envs/qmpython2/share/psi4/basis/cc-pvdz.gbs 


         ---------------------------------------------------------
                                   SCF
               by Justin Turney, Rob Parrish, Andy Simmonett
                          and Daniel G. A. Smith
                              RHF Reference
                       10 Threads,   7629 MiB Core
         ---------------------------------------------------------

  ==> Geometry <==

    Molecular point group: c2v
    Full point group: C2v

    Geometry (in Angstrom), charge = 0, multiplicity = 1:

       Center              X                  Y                   Z               Mass       
    ------------   -----------------  -----------------  -----------------  -----------------
         O            0.000000000000     0.000000000000    -0.064746681112    15.994914619570
         H            0.000000000000    -0.748812133266     0.513788407295     1.007825032230
         H            0.000000000000     0.748812133266     0.513788407295     1.007825032230

  Running in c2v symmetry.

  Rotational constants: A =     28.13632  B =     14.91542  C =      9.74792 [cm^-1]
  Rotational constants: A = 843505.76928  B = 447153.17309  C = 292235.43794 [MHz]
  Nuclear repulsion =    9.300956038971394

  Charge       = 0
  Multiplicity = 1
  Electrons    = 10
  Nalpha       = 5
  Nbeta        = 5

  ==> Algorithm <==

  SCF Algorithm Type is DF.
  DIIS enabled.
  MOM disabled.
  Fractional occupation disabled.
  Guess Type is SAD.
  Energy threshold   = 1.00e-08
  Density threshold  = 1.00e-08
  Integral threshold = 0.00e+00

  ==> Primary Basis <==

  Basis Set: CC-PVDZ
    Blend: CC-PVDZ
    Number of shells: 12
    Number of basis function: 24
    Number of Cartesian functions: 25
    Spherical Harmonics?: true
    Max angular momentum: 2

   => Loading Basis Set <=

    Name: (CC-PVDZ AUX)
    Role: JKFIT
    Keyword: DF_BASIS_SCF
    atoms 1   entry O          line   221 file /home/sulstice/software/miniconda2/envs/qmpython2/share/psi4/basis/cc-pvdz-jkfit.gbs 
    atoms 2-3 entry H          line    51 file /home/sulstice/software/miniconda2/envs/qmpython2/share/psi4/basis/cc-pvdz-jkfit.gbs 

  ==> Pre-Iterations <==

   -------------------------------------------------------
    Irrep   Nso     Nmo     Nalpha   Nbeta   Ndocc  Nsocc
   -------------------------------------------------------
     A1        11      11       0       0       0       0
     A2         2       2       0       0       0       0
     B1         4       4       0       0       0       0
     B2         7       7       0       0       0       0
   -------------------------------------------------------
    Total      24      24       5       5       5       0
   -------------------------------------------------------

  ==> Integral Setup <==

  DFHelper Memory: AOs need 0.001 GiB; user supplied 5.588 GiB. Using in-core AOs.

  ==> MemDFJK: Density-Fitted J/K Matrices <==

    J tasked:                   Yes
    K tasked:                   Yes
    wK tasked:                   No
    OpenMP threads:              10
    Memory [MiB]:              5722
    Algorithm:                 Core
    Schwarz Cutoff:           1E-12
    Mask sparsity (%):       0.0000
    Fitting Condition:        1E-10

   => Auxiliary Basis Set <=

  Basis Set: (CC-PVDZ AUX)
    Blend: CC-PVDZ-JKFIT
    Number of shells: 42
    Number of basis function: 116
    Number of Cartesian functions: 131
    Spherical Harmonics?: true
    Max angular momentum: 3

  Minimum eigenvalue in the overlap matrix is 3.3424198681E-02.
  Using Symmetric Orthogonalization.

  SCF Guess: Superposition of Atomic Densities via on-the-fly atomic UHF.

  ==> Iterations <==

                           Total Energy        Delta E     RMS |[F,P]|

   @DF-RHF iter SAD:   -75.52646309161632   -7.55265e+01   0.00000e+00 
   @DF-RHF iter   1:   -75.95493547633993   -4.28472e-01   3.03409e-02 DIIS
   @DF-RHF iter   2:   -76.00811466100166   -5.31792e-02   1.71011e-02 DIIS
   @DF-RHF iter   3:   -76.02664570183205   -1.85310e-02   1.55843e-03 DIIS
   @DF-RHF iter   4:   -76.02701448077481   -3.68779e-04   3.47240e-04 DIIS
   @DF-RHF iter   5:   -76.02703191196997   -1.74312e-05   6.41583e-05 DIIS
   @DF-RHF iter   6:   -76.02703275830554   -8.46336e-07   1.03398e-05 DIIS
   @DF-RHF iter   7:   -76.02703278290038   -2.45948e-08   1.41139e-06 DIIS
   @DF-RHF iter   8:   -76.02703278336190   -4.61526e-10   3.19589e-07 DIIS
   @DF-RHF iter   9:   -76.02703278338917   -2.72706e-11   5.52625e-08 DIIS
   @DF-RHF iter  10:   -76.02703278338996   -7.81597e-13   4.51706e-09 DIIS
  Energy and wave function converged.


  ==> Post-Iterations <==

    Orbital Energies [Eh]
    ---------------------

    Doubly Occupied:                                                      

       1A1   -20.548429     2A1    -1.342280     1B2    -0.705452  
       3A1    -0.568387     1B1    -0.493918  

    Virtual:                                                              

       4A1     0.187422     2B2     0.257809     3B2     0.797742  
       5A1     0.864397     6A1     1.162770     2B1     1.200473  
       4B2     1.252687     7A1     1.444309     1A2     1.479253  
       3B1     1.678123     8A1     1.865535     5B2     1.947196  
       6B2     2.479598     9A1     2.518496     4B1     3.295530  
       2A2     3.350745    10A1     3.525293    11A1     3.879575  
       7B2     4.159751  

    Final Occupation by Irrep:
             A1    A2    B1    B2 
    DOCC [     3,    0,    1,    1 ]

  @DF-RHF Final Energy:   -76.02703278338996

   => Energetics <=

    Nuclear Repulsion Energy =              9.3009560389713943
    One-Electron Energy =                -123.3390480895031089
    Two-Electron Energy =                  38.0110592671417606
    Total Energy =                        -76.0270327833899557

Computation Completed


Properties will be evaluated at   0.000000,   0.000000,   0.000000 [a0]

Properties computed using the SCF density matrix

  Nuclear Dipole Moment: [e a0]
     X:     0.0000      Y:     0.0000      Z:     0.9630

  Electronic Dipole Moment: [e a0]
     X:     0.0000      Y:     0.0000      Z:    -0.1587

  Dipole Moment: [e a0]
     X:     0.0000      Y:     0.0000      Z:     0.8043     Total:     0.8043

  Dipole Moment: [D]
     X:     0.0000      Y:     0.0000      Z:     2.0444     Total:     2.0444


*** tstop() called on wanukaka at Thu Apr 14 12:38:25 2022
Module time:
	user time   =       4.95 seconds =       0.08 minutes
	system time =       0.23 seconds =       0.00 minutes
	total time  =          1 seconds =       0.02 minutes
Total time:
	user time   =     450.11 seconds =       7.50 minutes
	system time =      16.46 seconds =       0.27 minutes
	total time  =         49 seconds =       0.82 minutes

*** tstart() called on wanukaka
*** at Thu Apr 14 12:38:25 2022


         ------------------------------------------------------------
                                   SCF HESS                          
                          Rob Parrish, Justin Turney,                
                       Andy Simmonett, and Alex Sokolov              
         ------------------------------------------------------------

  ==> Geometry <==

    Molecular point group: c2v
    Full point group: C2v

    Geometry (in Angstrom), charge = 0, multiplicity = 1:

       Center              X                  Y                   Z               Mass       
    ------------   -----------------  -----------------  -----------------  -----------------
         O            0.000000000000     0.000000000000    -0.064746681112    15.994914619570
         H            0.000000000000    -0.748812133266     0.513788407295     1.007825032230
         H            0.000000000000     0.748812133266     0.513788407295     1.007825032230

  Nuclear repulsion =    9.300956038971394

  ==> Basis Set <==

  Basis Set: CC-PVDZ
    Blend: CC-PVDZ
    Number of shells: 12
    Number of basis function: 24
    Number of Cartesian functions: 25
    Spherical Harmonics?: true
    Max angular momentum: 2

  ==> DFJKGrad: Density-Fitted SCF Gradients <==

    Gradient:                    2
    J tasked:                  Yes
    K tasked:                  Yes
    wK tasked:                  No
    OpenMP threads:             10
    Integrals threads:          10
    Memory [MiB]:             5722
    Schwarz Cutoff:          0E+00
    Fitting Condition:       1E-10

   => Auxiliary Basis Set <=

  Basis Set: (CC-PVDZ AUX)
    Blend: CC-PVDZ-JKFIT
    Number of shells: 42
    Number of basis function: 116
    Number of Cartesian functions: 131
    Spherical Harmonics?: true
    Max angular momentum: 3

  DFHelper Memory: AOs need 0.001 GiB; user supplied 6.706 GiB. Using in-core AOs.

  ==> MemDFJK: Density-Fitted J/K Matrices <==

    J tasked:                   Yes
    K tasked:                   Yes
    wK tasked:                   No
    OpenMP threads:              10
    Memory [MiB]:              6866
    Algorithm:                 Core
    Schwarz Cutoff:           1E-12
    Mask sparsity (%):       0.0000
    Fitting Condition:        1E-10

   => Auxiliary Basis Set <=

  Basis Set: (CC-PVDZ AUX)
    Blend: CC-PVDZ-JKFIT
    Number of shells: 42
    Number of basis function: 116
    Number of Cartesian functions: 131
    Spherical Harmonics?: true
    Max angular momentum: 3


         ------------------------------------------------------------
                                     CPHF                           
                                  Rob Parrish                       
         ------------------------------------------------------------

  ==> Geometry <==

    Molecular point group: c2v
    Full point group: C2v

    Geometry (in Angstrom), charge = 0, multiplicity = 1:

       Center              X                  Y                   Z               Mass       
    ------------   -----------------  -----------------  -----------------  -----------------
         O            0.000000000000     0.000000000000    -0.064746681112    15.994914619570
         H            0.000000000000    -0.748812133266     0.513788407295     1.007825032230
         H            0.000000000000     0.748812133266     0.513788407295     1.007825032230

  Nuclear repulsion =    9.300956038971394
  Reference energy  =  -76.027032783389956

  ==> Basis Set <==

  Basis Set: CC-PVDZ
    Blend: CC-PVDZ
    Number of shells: 12
    Number of basis function: 24
    Number of Cartesian functions: 25
    Spherical Harmonics?: true
    Max angular momentum: 2

  ==> CGRSolver (by Rob Parrish) <==

   Number of roots    =         9
   Preconditioning    =    JACOBI
   Convergence cutoff =     1E-06
   Maximum iterations =       100

  ==> CPHFRHamiltonian (by Rob Parrish) <== 

  ==> MemDFJK: Density-Fitted J/K Matrices <==

    J tasked:                   Yes
    K tasked:                   Yes
    wK tasked:                   No
    OpenMP threads:              10
    Memory [MiB]:              6866
    Algorithm:                 Core
    Schwarz Cutoff:           1E-12
    Mask sparsity (%):       0.0000
    Fitting Condition:        1E-10

   => Auxiliary Basis Set <=

  Basis Set: (CC-PVDZ AUX)
    Blend: CC-PVDZ-JKFIT
    Number of shells: 42
    Number of basis function: 116
    Number of Cartesian functions: 131
    Spherical Harmonics?: true
    Max angular momentum: 3

  ==> CPHF Iterations <==

  => Iterations <=

             Iter  Converged  Remaining    Residual
  CGR           1          0          9   1.118E-01
  CGR           2          0          9   2.342E-02
  CGR           3          0          9   5.558E-03
  CGR           4          0          9   8.593E-04
  CGR           5          0          9   1.428E-04
  CGR           6          0          9   2.713E-05
  CGR           7          4          5   5.082E-06
  CGR           8          9          0   8.718E-07

    CGRSolver converged.


*** tstop() called on wanukaka at Thu Apr 14 12:38:27 2022
Module time:
	user time   =      19.67 seconds =       0.33 minutes
	system time =       0.58 seconds =       0.01 minutes
	total time  =          2 seconds =       0.03 minutes
Total time:
	user time   =     469.79 seconds =       7.83 minutes
	system time =      17.04 seconds =       0.28 minutes
	total time  =         51 seconds =       0.85 minutes


  ==> Harmonic Vibrational Analysis <==

  non-mass-weighted Hessian:       Symmetric? True   Hermitian? True   Lin Dep Dim?  0 (0)
  projection of translations (True) and rotations (True) removed 6 degrees of freedom (6)
  total projector:                 Symmetric? True   Hermitian? True   Lin Dep Dim?  6 (6)
  mass-weighted Hessian:           Symmetric? True   Hermitian? True   Lin Dep Dim?  0 (0)
  pre-proj  low-frequency mode:    0.0000i [cm^-1]
  pre-proj  low-frequency mode:    0.0000i [cm^-1]
  pre-proj  low-frequency mode:    0.0000i [cm^-1]
  pre-proj  low-frequency mode:    0.0000i [cm^-1]
  pre-proj  low-frequency mode:    0.0000i [cm^-1]
  pre-proj  low-frequency mode:    0.0000i [cm^-1]
  pre-proj  all modes:['15.5235i' '14.5873i' '14.0662i' '0.0049i' '0.0049i' '0.0032i'
 '1776.1507' '4113.8382' '4212.2371']
  projected mass-weighted Hessian: Symmetric? True   Hermitian? True   Lin Dep Dim?  6 (6)
  post-proj low-frequency mode:    0.0001i [cm^-1] (TR)
  post-proj low-frequency mode:    0.0001i [cm^-1] (TR)
  post-proj low-frequency mode:    0.0001i [cm^-1] (TR)
  post-proj low-frequency mode:    0.0000i [cm^-1] (TR)
  post-proj low-frequency mode:    0.0001  [cm^-1] (TR)
  post-proj low-frequency mode:    0.0001  [cm^-1] (TR)
  post-proj  all modes:['0.0001i' '0.0001i' '0.0001i' '0.0000i' '0.0001' '0.0001' '1776.1507'
 '4113.8382' '4212.2371']

  Vibration                       7                   8                   9           
  Freq [cm^-1]                1776.1507           4113.8382           4212.2371       
  Irrep                           A1                  A1                  B2          
  Reduced mass [u]              1.0817              1.0461              1.0820        
  Force const [mDyne/A]         2.0106             10.4304             11.3108        
  Turning point v=0 [a0]        0.2503              0.1673              0.1625        
  RMS dev v=0 [a0 u^1/2]        0.1841              0.1210              0.1195        
  IR activ [km/mol]            80.8318             21.1763             60.5740        
  Char temp [K]               2555.4854           5918.8972           6060.4713       
  ----------------------------------------------------------------------------------
      1   O                0.00 -0.00 -0.07   -0.00 -0.00  0.05   -0.00 -0.07 -0.00   
      2   H                0.00  0.43  0.56    0.00  0.58 -0.40   -0.00  0.56 -0.43   
      3   H               -0.00 -0.43  0.56    0.00 -0.58 -0.40    0.00  0.56  0.43   

  ==> Thermochemistry Components <==

  Entropy, S
    Electronic S            0.000 [cal/(mol K)]        0.000 [J/(mol K)]       0.00000000 [mEh/K] (multiplicity = 1)
    Translational S        34.608 [cal/(mol K)]      144.801 [J/(mol K)]       0.05515177 [mEh/K] (mol. weight = 18.0106 [u], P = 101325.00 [Pa])
    Rotational S           10.377 [cal/(mol K)]       43.415 [J/(mol K)]       0.01653603 [mEh/K] (symmetry no. = 2)
    Vibrational S           0.004 [cal/(mol K)]        0.015 [J/(mol K)]       0.00000574 [mEh/K]
  Total S                  44.988 [cal/(mol K)]      188.231 [J/(mol K)]       0.07169355 [mEh/K]
  Correction S              0.000 [cal/(mol K)]        0.000 [J/(mol K)]       0.00000000 [mEh/K]

  Constant volume heat capacity, Cv
    Electronic Cv           0.000 [cal/(mol K)]        0.000 [J/(mol K)]       0.00000000 [mEh/K]
    Translational Cv        2.981 [cal/(mol K)]       12.472 [J/(mol K)]       0.00475022 [mEh/K]
    Rotational Cv           2.981 [cal/(mol K)]       12.472 [J/(mol K)]       0.00475022 [mEh/K]
    Vibrational Cv          0.028 [cal/(mol K)]        0.116 [J/(mol K)]       0.00004411 [mEh/K]
  Total Cv                  5.989 [cal/(mol K)]       25.059 [J/(mol K)]       0.00954454 [mEh/K]
  Correction Cv             0.000 [cal/(mol K)]        0.000 [J/(mol K)]       0.00000000 [mEh/K]

  Constant pressure heat capacity, Cp
    Electronic Cp           0.000 [cal/(mol K)]        0.000 [J/(mol K)]       0.00000000 [mEh/K]
    Translational Cp        4.968 [cal/(mol K)]       20.786 [J/(mol K)]       0.00791703 [mEh/K]
    Rotational Cp           2.981 [cal/(mol K)]       12.472 [J/(mol K)]       0.00475022 [mEh/K]
    Vibrational Cp          0.028 [cal/(mol K)]        0.116 [J/(mol K)]       0.00004411 [mEh/K]
  Total Cp                  7.976 [cal/(mol K)]       33.374 [J/(mol K)]       0.01271135 [mEh/K]
  Correction Cp             0.000 [cal/(mol K)]        0.000 [J/(mol K)]       0.00000000 [mEh/K]

  ==> Thermochemistry Energy Analysis <==

  Raw electronic energy, E0
  Total E0, Electronic energy at well bottom at 0 [K]                  -76.02703278 [Eh]

  Zero-point energy, ZPE_vib = Sum_i nu_i / 2
    Electronic ZPE          0.000 [kcal/mol]        0.000 [kJ/mol]       0.00000000 [Eh]
    Translational ZPE       0.000 [kcal/mol]        0.000 [kJ/mol]       0.00000000 [Eh]
    Rotational ZPE          0.000 [kcal/mol]        0.000 [kJ/mol]       0.00000000 [Eh]
    Vibrational ZPE        14.442 [kcal/mol]       60.425 [kJ/mol]       0.02301456 [Eh]        5051.113 [cm^-1]
  Correction ZPE           14.442 [kcal/mol]       60.425 [kJ/mol]       0.02301456 [Eh]        5051.113 [cm^-1]
  Total ZPE, Electronic energy at 0 [K]                                -76.00401822 [Eh]

  Thermal Energy, E (includes ZPE)
    Electronic E            0.000 [kcal/mol]        0.000 [kJ/mol]       0.00000000 [Eh]
    Translational E         0.889 [kcal/mol]        3.718 [kJ/mol]       0.00141628 [Eh]
    Rotational E            0.889 [kcal/mol]        3.718 [kJ/mol]       0.00141628 [Eh]
    Vibrational E          14.443 [kcal/mol]       60.429 [kJ/mol]       0.02301610 [Eh]
  Correction E             16.220 [kcal/mol]       67.866 [kJ/mol]       0.02584865 [Eh]
  Total E, Electronic energy at  298.15 [K]                            -76.00118413 [Eh]

  Enthalpy, H_trans = E_trans + k_B * T
    Electronic H            0.000 [kcal/mol]        0.000 [kJ/mol]       0.00000000 [Eh]
    Translational H         1.481 [kcal/mol]        6.197 [kJ/mol]       0.00236046 [Eh]
    Rotational H            0.889 [kcal/mol]        3.718 [kJ/mol]       0.00141628 [Eh]
    Vibrational H          14.443 [kcal/mol]       60.429 [kJ/mol]       0.02301610 [Eh]
  Correction H             16.813 [kcal/mol]       70.345 [kJ/mol]       0.02679284 [Eh]
  Total H, Enthalpy at  298.15 [K]                                     -76.00023995 [Eh]

  Gibbs free energy, G = H - T * S
    Electronic G            0.000 [kcal/mol]        0.000 [kJ/mol]       0.00000000 [Eh]
    Translational G        -8.837 [kcal/mol]      -36.975 [kJ/mol]      -0.01408304 [Eh]
    Rotational G           -2.205 [kcal/mol]       -9.226 [kJ/mol]      -0.00351394 [Eh]
    Vibrational G          14.442 [kcal/mol]       60.424 [kJ/mol]       0.02301439 [Eh]
  Correction G              3.399 [kcal/mol]       14.223 [kJ/mol]       0.00541741 [Eh]
  Total G, Free enthalpy at  298.15 [K]                                -76.02161538 [Eh]
