gradient() will perform analytic gradient computation.

*** tstart() called on wanukaka
*** at Thu Apr 14 12:37:42 2022

   => Loading Basis Set <=

    Name: 6-31+G(D)
    Role: ORBITAL
    Keyword: BASIS
    atoms 1   entry O          line   157 file /home/sulstice/software/miniconda2/envs/qmpython2/share/psi4/basis/6-31pg_d_.gbs 
    atoms 2-3 entry H          line    46 file /home/sulstice/software/miniconda2/envs/qmpython2/share/psi4/basis/6-31pg_d_.gbs 


         ---------------------------------------------------------
                                   SCF
               by Justin Turney, Rob Parrish, Andy Simmonett
                          and Daniel G. A. Smith
                              RHF Reference
                       10 Threads,   7629 MiB Core
         ---------------------------------------------------------

  ==> Geometry <==

    Molecular point group: c2v
    Full point group: C2v

    Geometry (in Angstrom), charge = 0, multiplicity = 1:

       Center              X                  Y                   Z               Mass       
    ------------   -----------------  -----------------  -----------------  -----------------
         O            0.000000000000     0.000000000000    -0.071470451920    15.994914619570
         H            0.000000000000    -0.870960172609     0.567143968312     1.007825032230
         H            0.000000000000     0.870960172609     0.567143968312     1.007825032230

  Running in c2v symmetry.

  Rotational constants: A =     23.09135  B =     11.02516  C =      7.46225 [cm^-1]
  Rotational constants: A = 692261.25286  B = 330525.88032  C = 223712.49363 [MHz]
  Nuclear repulsion =    8.143451937679213

  Charge       = 0
  Multiplicity = 1
  Electrons    = 10
  Nalpha       = 5
  Nbeta        = 5

  ==> Algorithm <==

  SCF Algorithm Type is DF.
  DIIS enabled.
  MOM disabled.
  Fractional occupation disabled.
  Guess Type is SAD.
  Energy threshold   = 1.00e-08
  Density threshold  = 1.00e-08
  Integral threshold = 0.00e+00

  ==> Primary Basis <==

  Basis Set: 6-31+G(D)
    Blend: 6-31+G(D)
    Number of shells: 12
    Number of basis function: 23
    Number of Cartesian functions: 23
    Spherical Harmonics?: false
    Max angular momentum: 2

   => Loading Basis Set <=

    Name: (6-31+G(D) AUX)
    Role: JKFIT
    Keyword: DF_BASIS_SCF
    atoms 1   entry O          line   310 file /home/sulstice/software/miniconda2/envs/qmpython2/share/psi4/basis/heavy-aug-cc-pvdz-jkfit.gbs 
    atoms 2-3 entry H          line   116 file /home/sulstice/software/miniconda2/envs/qmpython2/share/psi4/basis/heavy-aug-cc-pvdz-jkfit.gbs 

  ==> Pre-Iterations <==

   -------------------------------------------------------
    Irrep   Nso     Nmo     Nalpha   Nbeta   Ndocc  Nsocc
   -------------------------------------------------------
     A1        12      12       0       0       0       0
     A2         1       1       0       0       0       0
     B1         4       4       0       0       0       0
     B2         6       6       0       0       0       0
   -------------------------------------------------------
    Total      23      23       5       5       5       0
   -------------------------------------------------------

  ==> Integral Setup <==

  DFHelper Memory: AOs need 0.001 GiB; user supplied 5.588 GiB. Using in-core AOs.

  ==> MemDFJK: Density-Fitted J/K Matrices <==

    J tasked:                   Yes
    K tasked:                   Yes
    wK tasked:                   No
    OpenMP threads:              10
    Memory [MiB]:              5722
    Algorithm:                 Core
    Schwarz Cutoff:           1E-12
    Mask sparsity (%):       0.0000
    Fitting Condition:        1E-10

   => Auxiliary Basis Set <=

  Basis Set: (6-31+G(D) AUX)
    Blend: HEAVY-AUG-CC-PVDZ-JKFIT
    Number of shells: 46
    Number of basis function: 151
    Number of Cartesian functions: 151
    Spherical Harmonics?: false
    Max angular momentum: 3

  Minimum eigenvalue in the overlap matrix is 2.2575906641E-02.
  Using Symmetric Orthogonalization.

  SCF Guess: Superposition of Atomic Densities via on-the-fly atomic UHF.

  ==> Iterations <==

                           Total Energy        Delta E     RMS |[F,P]|

   @DF-RHF iter SAD:   -75.34091816878016   -7.53409e+01   0.00000e+00 
   @DF-RHF iter   1:   -75.90677578063585   -5.65858e-01   3.02402e-02 DIIS
   @DF-RHF iter   2:   -75.95484554405913   -4.80698e-02   2.20373e-02 DIIS
   @DF-RHF iter   3:   -75.98844884481805   -3.36033e-02   1.70051e-03 DIIS
   @DF-RHF iter   4:   -75.98896882765423   -5.19983e-04   4.98425e-04 DIIS
   @DF-RHF iter   5:   -75.98901833926601   -4.95116e-05   1.02253e-04 DIIS
   @DF-RHF iter   6:   -75.98902176598767   -3.42672e-06   2.05191e-05 DIIS
   @DF-RHF iter   7:   -75.98902191124446   -1.45257e-07   3.38904e-06 DIIS
   @DF-RHF iter   8:   -75.98902191486560   -3.62114e-09   7.92474e-07 DIIS
   @DF-RHF iter   9:   -75.98902191507091   -2.05304e-10   1.92692e-07 DIIS
   @DF-RHF iter  10:   -75.98902191507999   -9.08074e-12   2.30323e-08 DIIS
   @DF-RHF iter  11:   -75.98902191508014   -1.56319e-13   3.30993e-09 DIIS
  Energy and wave function converged.


  ==> Post-Iterations <==

    Orbital Energies [Eh]
    ---------------------

    Doubly Occupied:                                                      

       1A1   -20.601359     2A1    -1.301050     1B2    -0.664560  
       3A1    -0.556641     1B1    -0.500925  

    Virtual:                                                              

       4A1     0.140766     2B2     0.222051     5A1     0.249905  
       2B1     0.254398     3B2     0.307924     6A1     0.342377  
       4B2     1.145430     7A1     1.177372     3B1     1.406655  
       8A1     1.437369     5B2     1.448886     9A1     1.509628  
      10A1     2.043083     1A2     2.045240     4B1     2.076755  
      11A1     2.485046     6B2     2.783456    12A1     4.052571  

    Final Occupation by Irrep:
             A1    A2    B1    B2 
    DOCC [     3,    0,    1,    1 ]

  @DF-RHF Final Energy:   -75.98902191508014

   => Energetics <=

    Nuclear Repulsion Energy =              8.1434519376792132
    One-Electron Energy =                -121.0158784062348332
    Two-Electron Energy =                  36.8834045534754580
    Total Energy =                        -75.9890219150801585

Computation Completed


Properties will be evaluated at   0.000000,   0.000000,   0.000000 [a0]

Properties computed using the SCF density matrix

  Nuclear Dipole Moment: [e a0]
     X:     0.0000      Y:     0.0000      Z:     1.0630

  Electronic Dipole Moment: [e a0]
     X:     0.0000      Y:     0.0000      Z:    -0.1294

  Dipole Moment: [e a0]
     X:     0.0000      Y:     0.0000      Z:     0.9336     Total:     0.9336

  Dipole Moment: [D]
     X:     0.0000      Y:     0.0000      Z:     2.3731     Total:     2.3731


*** tstop() called on wanukaka at Thu Apr 14 12:37:42 2022
Module time:
	user time   =       4.80 seconds =       0.08 minutes
	system time =       0.17 seconds =       0.00 minutes
	total time  =          0 seconds =       0.00 minutes
Total time:
	user time   =      54.00 seconds =       0.90 minutes
	system time =       2.34 seconds =       0.04 minutes
	total time  =          6 seconds =       0.10 minutes

*** tstart() called on wanukaka
*** at Thu Apr 14 12:37:42 2022


         ------------------------------------------------------------
                                   SCF GRAD                          
                          Rob Parrish, Justin Turney,                
                       Andy Simmonett, and Alex Sokolov              
         ------------------------------------------------------------

  ==> Geometry <==

    Molecular point group: c2v
    Full point group: C2v

    Geometry (in Angstrom), charge = 0, multiplicity = 1:

       Center              X                  Y                   Z               Mass       
    ------------   -----------------  -----------------  -----------------  -----------------
         O            0.000000000000     0.000000000000    -0.071470451920    15.994914619570
         H            0.000000000000    -0.870960172609     0.567143968312     1.007825032230
         H            0.000000000000     0.870960172609     0.567143968312     1.007825032230

  Nuclear repulsion =    8.143451937679213

  ==> Basis Set <==

  Basis Set: 6-31+G(D)
    Blend: 6-31+G(D)
    Number of shells: 12
    Number of basis function: 23
    Number of Cartesian functions: 23
    Spherical Harmonics?: false
    Max angular momentum: 2

  ==> DFJKGrad: Density-Fitted SCF Gradients <==

    Gradient:                    1
    J tasked:                  Yes
    K tasked:                  Yes
    wK tasked:                  No
    OpenMP threads:             10
    Integrals threads:          10
    Memory [MiB]:             5722
    Schwarz Cutoff:          0E+00
    Fitting Condition:       1E-10

   => Auxiliary Basis Set <=

  Basis Set: (6-31+G(D) AUX)
    Blend: HEAVY-AUG-CC-PVDZ-JKFIT
    Number of shells: 46
    Number of basis function: 151
    Number of Cartesian functions: 151
    Spherical Harmonics?: false
    Max angular momentum: 3


  -Total Gradient:
     Atom            X                  Y                   Z
    ------   -----------------  -----------------  -----------------
       1        0.000000000000     0.000000000000    -0.105628824285
       2        0.000000000000    -0.083615832265     0.052814412143
       3       -0.000000000000     0.083615832265     0.052814412143


*** tstop() called on wanukaka at Thu Apr 14 12:37:43 2022
Module time:
	user time   =       3.95 seconds =       0.07 minutes
	system time =       0.16 seconds =       0.00 minutes
	total time  =          1 seconds =       0.02 minutes
Total time:
	user time   =      57.96 seconds =       0.97 minutes
	system time =       2.51 seconds =       0.04 minutes
	total time  =          7 seconds =       0.12 minutes

			-----------------------------------------
			 OPTKING 2.0: for geometry optimizations 
			  - R.A. King,  Bethel University        
			-----------------------------------------

	Internal coordinates to be generated automatically.
	Detected frag 1 with atoms:  1 2 3
	---Fragment 1 Bond Connectivity---
	 1 : 2 3
	 2 : 1
	 3 : 1

	---Fragment 1 Geometry and Gradient---
	 O           0.0000000000        0.0000000000       -0.1350595802
	 H           0.0000000000       -1.6458761924        1.0717467738
	 H           0.0000000000        1.6458761924        1.0717467738
	             0.0000000000        0.0000000000       -0.1056288243
	             0.0000000000       -0.0836158323        0.0528144121
	            -0.0000000000        0.0836158323        0.0528144121

	Previous optimization step data not found.  Starting new optimization.

	---Fragment 1 Intrafragment Coordinates---
	 - Coordinate -           - BOHR/RAD -       - ANG/DEG -
	 R(1,2)           =         2.040904	       1.080000
	 R(1,3)           =         2.040904	       1.080000
	 B(2,1,3)         =         1.876229	     107.500000

	Current energy   :       -75.9890219151

	Generating empirical Hessian (Schlegel '84) for each fragment.
	Taking RFO optimization step.
	Going to follow RFO solution 1.
	Using RFO vector 1.
	Norm of target step-size    0.34805
	Projected energy change by RFO approximation:        -0.0666434985

	Back-transformation to cartesian coordinates...
	Successfully converged to displaced geometry.

	--- Internal Coordinate Step in ANG or DEG, aJ/ANG or AJ/DEG ---
	 ---------------------------------------------------------------------------
	   Coordinate                Previous        Force       Change         New 
	   ----------                --------       ------       ------       ------
	    1 R(1,2)          =      1.080000    -0.812842    -0.127797     0.952203
	    2 R(1,3)          =      1.080000    -0.812842    -0.127797     0.952203
	    3 B(2,1,3)        =    107.500000    -0.001064    -3.840618   103.659382
	 ---------------------------------------------------------------------------
	Successfully symmetrized geometry.

  ==> Convergence Check <==

  Measures of convergence in internal coordinates in au.
  Criteria marked as inactive (o), active & met (*), and active & unmet ( ).
  --------------------------------------------------------------------------------------------- ~
   Step     Total Energy     Delta E     MAX Force     RMS Force      MAX Disp      RMS Disp    ~
  --------------------------------------------------------------------------------------------- ~
    Convergence Criteria    1.00e-06 *    3.00e-04 *             o    1.20e-03 *             o  ~
  --------------------------------------------------------------------------------------------- ~
      1     -75.98902192   -7.60e+01      9.87e-02      8.10e-02 o    2.42e-01      2.01e-01 o  ~
  ---------------------------------------------------------------------------------------------

	Writing optimization data to binary file.
	Structure for next step:
	Cartesian Geometry (in Angstrom)
	    O     0.0000000000   0.0000000000  -0.0380359790
	    H     0.0000000000  -0.7486006302   0.5504267298
	    H     0.0000000000   0.7486006302   0.5504267298
			--------------------------
			 OPTKING Finished Execution 
			--------------------------

    Structure for next step:
    Molecular point group: c2v
    Full point group: C2v

    Geometry (in Angstrom), charge = 0, multiplicity = 1:

    O       
    H             1    0.952203
    H             1    0.952203      2  103.659382

gradient() will perform analytic gradient computation.

*** tstart() called on wanukaka
*** at Thu Apr 14 12:37:43 2022

   => Loading Basis Set <=

    Name: 6-31+G(D)
    Role: ORBITAL
    Keyword: BASIS
    atoms 1   entry O          line   157 file /home/sulstice/software/miniconda2/envs/qmpython2/share/psi4/basis/6-31pg_d_.gbs 
    atoms 2-3 entry H          line    46 file /home/sulstice/software/miniconda2/envs/qmpython2/share/psi4/basis/6-31pg_d_.gbs 


         ---------------------------------------------------------
                                   SCF
               by Justin Turney, Rob Parrish, Andy Simmonett
                          and Daniel G. A. Smith
                              RHF Reference
                       10 Threads,   7629 MiB Core
         ---------------------------------------------------------

  ==> Geometry <==

    Molecular point group: c2v
    Full point group: C2v

    Geometry (in Angstrom), charge = 0, multiplicity = 1:

       Center              X                  Y                   Z               Mass       
    ------------   -----------------  -----------------  -----------------  -----------------
         O            0.000000000000     0.000000000000    -0.065857729747    15.994914619570
         H            0.000000000000    -0.748600633189     0.522604981347     1.007825032230
         H            0.000000000000     0.748600633189     0.522604981347     1.007825032230

  Running in c2v symmetry.

  Rotational constants: A =     27.19499  B =     14.92385  C =      9.63593 [cm^-1]
  Rotational constants: A = 815285.22011  B = 447405.87469  C = 288877.77741 [MHz]
  Nuclear repulsion =    9.245279334134411

  Charge       = 0
  Multiplicity = 1
  Electrons    = 10
  Nalpha       = 5
  Nbeta        = 5

  ==> Algorithm <==

  SCF Algorithm Type is DF.
  DIIS enabled.
  MOM disabled.
  Fractional occupation disabled.
  Guess Type is READ.
  Energy threshold   = 1.00e-08
  Density threshold  = 1.00e-08
  Integral threshold = 0.00e+00

  ==> Primary Basis <==

  Basis Set: 6-31+G(D)
    Blend: 6-31+G(D)
    Number of shells: 12
    Number of basis function: 23
    Number of Cartesian functions: 23
    Spherical Harmonics?: false
    Max angular momentum: 2

   => Loading Basis Set <=

    Name: (6-31+G(D) AUX)
    Role: JKFIT
    Keyword: DF_BASIS_SCF
    atoms 1   entry O          line   310 file /home/sulstice/software/miniconda2/envs/qmpython2/share/psi4/basis/heavy-aug-cc-pvdz-jkfit.gbs 
    atoms 2-3 entry H          line   116 file /home/sulstice/software/miniconda2/envs/qmpython2/share/psi4/basis/heavy-aug-cc-pvdz-jkfit.gbs 

   => Loading Basis Set <=

    Name: 6-31+G(D)
    Role: ORBITAL
    Keyword: BASIS
    atoms 1   entry O          line   157 file /home/sulstice/software/miniconda2/envs/qmpython2/share/psi4/basis/6-31pg_d_.gbs 
    atoms 2-3 entry H          line    46 file /home/sulstice/software/miniconda2/envs/qmpython2/share/psi4/basis/6-31pg_d_.gbs 

  Reading orbitals from file 180, no projection.

  ==> Pre-Iterations <==

   -------------------------------------------------------
    Irrep   Nso     Nmo     Nalpha   Nbeta   Ndocc  Nsocc
   -------------------------------------------------------
     A1        12      12       0       0       0       0
     A2         1       1       0       0       0       0
     B1         4       4       0       0       0       0
     B2         6       6       0       0       0       0
   -------------------------------------------------------
    Total      23      23       5       5       5       0
   -------------------------------------------------------

  ==> Integral Setup <==

  DFHelper Memory: AOs need 0.001 GiB; user supplied 5.588 GiB. Using in-core AOs.

  ==> MemDFJK: Density-Fitted J/K Matrices <==

    J tasked:                   Yes
    K tasked:                   Yes
    wK tasked:                   No
    OpenMP threads:              10
    Memory [MiB]:              5722
    Algorithm:                 Core
    Schwarz Cutoff:           1E-12
    Mask sparsity (%):       0.0000
    Fitting Condition:        1E-10

   => Auxiliary Basis Set <=

  Basis Set: (6-31+G(D) AUX)
    Blend: HEAVY-AUG-CC-PVDZ-JKFIT
    Number of shells: 46
    Number of basis function: 151
    Number of Cartesian functions: 151
    Spherical Harmonics?: false
    Max angular momentum: 3

  Minimum eigenvalue in the overlap matrix is 1.7090891882E-02.
  Using Symmetric Orthogonalization.

  SCF Guess: Orbitals guess was supplied from a previous computation.

  ==> Iterations <==

                           Total Energy        Delta E     RMS |[F,P]|

   @DF-RHF iter   0:   -76.12825282984107   -7.61283e+01   1.75299e-02 
   @DF-RHF iter   1:   -76.01666648312090    1.11586e-01   2.59778e-03 DIIS
   @DF-RHF iter   2:   -76.01740192203394   -7.35439e-04   5.29557e-04 DIIS
   @DF-RHF iter   3:   -76.01745597263174   -5.40506e-05   1.99656e-04 DIIS
   @DF-RHF iter   4:   -76.01746494433057   -8.97170e-06   8.07765e-05 DIIS
   @DF-RHF iter   5:   -76.01746576669358   -8.22363e-07   2.25312e-05 DIIS
   @DF-RHF iter   6:   -76.01746591799674   -1.51303e-07   3.26995e-06 DIIS
   @DF-RHF iter   7:   -76.01746592055794   -2.56119e-09   4.78891e-07 DIIS
   @DF-RHF iter   8:   -76.01746592061649   -5.85487e-11   7.05145e-08 DIIS
   @DF-RHF iter   9:   -76.01746592061748   -9.94760e-13   7.64582e-09 DIIS
  Energy and wave function converged.


  ==> Post-Iterations <==

    Orbital Energies [Eh]
    ---------------------

    Doubly Occupied:                                                      

       1A1   -20.580343     2A1    -1.360684     1B2    -0.723593  
       3A1    -0.587611     1B1    -0.509919  

    Virtual:                                                              

       4A1     0.145222     2B2     0.220753     5A1     0.250864  
       2B1     0.252523     3B2     0.353802     6A1     0.390842  
       4B2     1.230889     7A1     1.350857     5B2     1.390873  
       3B1     1.404219     8A1     1.416439     9A1     1.482339  
      10A1     2.003420     1A2     2.019014     4B1     2.052475  
      11A1     2.627104     6B2     3.027346    12A1     4.107267  

    Final Occupation by Irrep:
             A1    A2    B1    B2 
    DOCC [     3,    0,    1,    1 ]

  @DF-RHF Final Energy:   -76.01746592061748

   => Energetics <=

    Nuclear Repulsion Energy =              9.2452793341344108
    One-Electron Energy =                -123.0011915186158404
    Two-Electron Energy =                  37.7384462638639349
    Total Energy =                        -76.0174659206174965

Computation Completed


Properties will be evaluated at   0.000000,   0.000000,   0.000000 [a0]

Properties computed using the SCF density matrix

  Nuclear Dipole Moment: [e a0]
     X:     0.0000      Y:     0.0000      Z:     0.9795

  Electronic Dipole Moment: [e a0]
     X:     0.0000      Y:     0.0000      Z:    -0.0580

  Dipole Moment: [e a0]
     X:     0.0000      Y:     0.0000      Z:     0.9216     Total:     0.9216

  Dipole Moment: [D]
     X:     0.0000      Y:     0.0000      Z:     2.3424     Total:     2.3424


*** tstop() called on wanukaka at Thu Apr 14 12:37:43 2022
Module time:
	user time   =       2.44 seconds =       0.04 minutes
	system time =       0.13 seconds =       0.00 minutes
	total time  =          0 seconds =       0.00 minutes
Total time:
	user time   =      60.49 seconds =       1.01 minutes
	system time =       2.64 seconds =       0.04 minutes
	total time  =          7 seconds =       0.12 minutes

*** tstart() called on wanukaka
*** at Thu Apr 14 12:37:43 2022


         ------------------------------------------------------------
                                   SCF GRAD                          
                          Rob Parrish, Justin Turney,                
                       Andy Simmonett, and Alex Sokolov              
         ------------------------------------------------------------

  ==> Geometry <==

    Molecular point group: c2v
    Full point group: C2v

    Geometry (in Angstrom), charge = 0, multiplicity = 1:

       Center              X                  Y                   Z               Mass       
    ------------   -----------------  -----------------  -----------------  -----------------
         O            0.000000000000     0.000000000000    -0.065857729747    15.994914619570
         H            0.000000000000    -0.748600633189     0.522604981347     1.007825032230
         H            0.000000000000     0.748600633189     0.522604981347     1.007825032230

  Nuclear repulsion =    9.245279334134411

  ==> Basis Set <==

  Basis Set: 6-31+G(D)
    Blend: 6-31+G(D)
    Number of shells: 12
    Number of basis function: 23
    Number of Cartesian functions: 23
    Spherical Harmonics?: false
    Max angular momentum: 2

  ==> DFJKGrad: Density-Fitted SCF Gradients <==

    Gradient:                    1
    J tasked:                  Yes
    K tasked:                  Yes
    wK tasked:                  No
    OpenMP threads:             10
    Integrals threads:          10
    Memory [MiB]:             5722
    Schwarz Cutoff:          0E+00
    Fitting Condition:       1E-10

   => Auxiliary Basis Set <=

  Basis Set: (6-31+G(D) AUX)
    Blend: HEAVY-AUG-CC-PVDZ-JKFIT
    Number of shells: 46
    Number of basis function: 151
    Number of Cartesian functions: 151
    Spherical Harmonics?: false
    Max angular momentum: 3


  -Total Gradient:
     Atom            X                  Y                   Z
    ------   -----------------  -----------------  -----------------
       1       -0.000000000000     0.000000000000    -0.012636013043
       2       -0.000000000000     0.000048596928     0.006318006521
       3        0.000000000000    -0.000048596928     0.006318006521


*** tstop() called on wanukaka at Thu Apr 14 12:37:43 2022
Module time:
	user time   =       3.68 seconds =       0.06 minutes
	system time =       0.17 seconds =       0.00 minutes
	total time  =          0 seconds =       0.00 minutes
Total time:
	user time   =      64.18 seconds =       1.07 minutes
	system time =       2.81 seconds =       0.05 minutes
	total time  =          7 seconds =       0.12 minutes

			-----------------------------------------
			 OPTKING 2.0: for geometry optimizations 
			  - R.A. King,  Bethel University        
			-----------------------------------------

	Previous internal coordinate definitions found.
	---Fragment 1 Geometry and Gradient---
	 O           0.0000000000        0.0000000000       -0.1244530725
	 H           0.0000000000       -1.4146501741        0.9875802865
	 H           0.0000000000        1.4146501741        0.9875802865
	            -0.0000000000        0.0000000000       -0.0126360130
	            -0.0000000000        0.0000485969        0.0063180065
	             0.0000000000       -0.0000485969        0.0063180065

	---Fragment 1 Intrafragment Coordinates---
	 - Coordinate -           - BOHR/RAD -       - ANG/DEG -
	 R(1,2)           =         1.799404	       0.952203
	 R(1,3)           =         1.799404	       0.952203
	 B(2,1,3)         =         1.809198	     103.659382

	Current energy   :       -76.0174659206

	Energy change for the previous step:
		Projected    :        -0.0666434985
		Actual       :        -0.0284440055

	Performing BFGS update.
	Previous computed or guess Hessian on step 1.
	Steps to be used in Hessian update: 1
	Taking RFO optimization step.
	Going to follow RFO solution 1.
	Using RFO vector 1.
	Norm of target step-size    0.06021
	Projected energy change by RFO approximation:        -0.0007239674

	Back-transformation to cartesian coordinates...
	Successfully converged to displaced geometry.

	--- Internal Coordinate Step in ANG or DEG, aJ/ANG or AJ/DEG ---
	 ---------------------------------------------------------------------------
	   Coordinate                Previous        Force       Change         New 
	   ----------                --------       ------       ------       ------
	    1 R(1,2)          =      0.952203    -0.031854    -0.007185     0.945019
	    2 R(1,3)          =      0.952203    -0.031854    -0.007185     0.945019
	    3 B(2,1,3)        =    103.659382     0.000684     3.269643   106.929025
	 ---------------------------------------------------------------------------
	Successfully symmetrized geometry.

  ==> Convergence Check <==

  Measures of convergence in internal coordinates in au.
  Criteria marked as inactive (o), active & met (*), and active & unmet ( ).
  ---------------------------------------------------------------------------------------------
   Step     Total Energy     Delta E     MAX Force     RMS Force      MAX Disp      RMS Disp   
  ---------------------------------------------------------------------------------------------
    Convergence Criteria    1.00e-06 *    3.00e-04 *             o    1.20e-03 *             o
  ---------------------------------------------------------------------------------------------
      2     -76.01746592   -2.84e-02      8.99e-03      6.08e-03 o    5.71e-02      3.48e-02 o  ~
  ---------------------------------------------------------------------------------------------

	Writing optimization data to binary file.
	Structure for next step:
	Cartesian Geometry (in Angstrom)
	    O     0.0000000000   0.0000000000  -0.0486086553
	    H     0.0000000000  -0.7593115068   0.5139804422
	    H     0.0000000000   0.7593115068   0.5139804422
			--------------------------
			 OPTKING Finished Execution 
			--------------------------

    Structure for next step:
    Molecular point group: c2v
    Full point group: C2v

    Geometry (in Angstrom), charge = 0, multiplicity = 1:

    O       
    H             1    0.945019
    H             1    0.945019      2  106.929025

gradient() will perform analytic gradient computation.

*** tstart() called on wanukaka
*** at Thu Apr 14 12:37:43 2022

   => Loading Basis Set <=

    Name: 6-31+G(D)
    Role: ORBITAL
    Keyword: BASIS
    atoms 1   entry O          line   157 file /home/sulstice/software/miniconda2/envs/qmpython2/share/psi4/basis/6-31pg_d_.gbs 
    atoms 2-3 entry H          line    46 file /home/sulstice/software/miniconda2/envs/qmpython2/share/psi4/basis/6-31pg_d_.gbs 


         ---------------------------------------------------------
                                   SCF
               by Justin Turney, Rob Parrish, Andy Simmonett
                          and Daniel G. A. Smith
                              RHF Reference
                       10 Threads,   7629 MiB Core
         ---------------------------------------------------------

  ==> Geometry <==

    Molecular point group: c2v
    Full point group: C2v

    Geometry (in Angstrom), charge = 0, multiplicity = 1:

       Center              X                  Y                   Z               Mass       
    ------------   -----------------  -----------------  -----------------  -----------------
         O            0.000000000000     0.000000000000    -0.062962087814    15.994914619570
         H            0.000000000000    -0.759311509740     0.499627011955     1.007825032230
         H            0.000000000000     0.759311509740     0.499627011955     1.007825032230

  Running in c2v symmetry.

  Rotational constants: A =     29.75392  B =     14.50579  C =      9.75163 [cm^-1]
  Rotational constants: A = 891999.96847  B = 434872.65164  C = 292346.36820 [MHz]
  Nuclear repulsion =    9.307894824382844

  Charge       = 0
  Multiplicity = 1
  Electrons    = 10
  Nalpha       = 5
  Nbeta        = 5

  ==> Algorithm <==

  SCF Algorithm Type is DF.
  DIIS enabled.
  MOM disabled.
  Fractional occupation disabled.
  Guess Type is READ.
  Energy threshold   = 1.00e-08
  Density threshold  = 1.00e-08
  Integral threshold = 0.00e+00

  ==> Primary Basis <==

  Basis Set: 6-31+G(D)
    Blend: 6-31+G(D)
    Number of shells: 12
    Number of basis function: 23
    Number of Cartesian functions: 23
    Spherical Harmonics?: false
    Max angular momentum: 2

   => Loading Basis Set <=

    Name: (6-31+G(D) AUX)
    Role: JKFIT
    Keyword: DF_BASIS_SCF
    atoms 1   entry O          line   310 file /home/sulstice/software/miniconda2/envs/qmpython2/share/psi4/basis/heavy-aug-cc-pvdz-jkfit.gbs 
    atoms 2-3 entry H          line   116 file /home/sulstice/software/miniconda2/envs/qmpython2/share/psi4/basis/heavy-aug-cc-pvdz-jkfit.gbs 

   => Loading Basis Set <=

    Name: 6-31+G(D)
    Role: ORBITAL
    Keyword: BASIS
    atoms 1   entry O          line   157 file /home/sulstice/software/miniconda2/envs/qmpython2/share/psi4/basis/6-31pg_d_.gbs 
    atoms 2-3 entry H          line    46 file /home/sulstice/software/miniconda2/envs/qmpython2/share/psi4/basis/6-31pg_d_.gbs 

  Reading orbitals from file 180, no projection.

  ==> Pre-Iterations <==

   -------------------------------------------------------
    Irrep   Nso     Nmo     Nalpha   Nbeta   Ndocc  Nsocc
   -------------------------------------------------------
     A1        12      12       0       0       0       0
     A2         1       1       0       0       0       0
     B1         4       4       0       0       0       0
     B2         6       6       0       0       0       0
   -------------------------------------------------------
    Total      23      23       5       5       5       0
   -------------------------------------------------------

  ==> Integral Setup <==

  DFHelper Memory: AOs need 0.001 GiB; user supplied 5.588 GiB. Using in-core AOs.

  ==> MemDFJK: Density-Fitted J/K Matrices <==

    J tasked:                   Yes
    K tasked:                   Yes
    wK tasked:                   No
    OpenMP threads:              10
    Memory [MiB]:              5722
    Algorithm:                 Core
    Schwarz Cutoff:           1E-12
    Mask sparsity (%):       0.0000
    Fitting Condition:        1E-10

   => Auxiliary Basis Set <=

  Basis Set: (6-31+G(D) AUX)
    Blend: HEAVY-AUG-CC-PVDZ-JKFIT
    Number of shells: 46
    Number of basis function: 151
    Number of Cartesian functions: 151
    Spherical Harmonics?: false
    Max angular momentum: 3

  Minimum eigenvalue in the overlap matrix is 1.7225524592E-02.
  Using Symmetric Orthogonalization.

  SCF Guess: Orbitals guess was supplied from a previous computation.

  ==> Iterations <==

                           Total Energy        Delta E     RMS |[F,P]|

   @DF-RHF iter   0:   -76.02586258453384   -7.60259e+01   1.57336e-03 
   @DF-RHF iter   1:   -76.01768910780704    8.17348e-03   3.42868e-04 DIIS
   @DF-RHF iter   2:   -76.01770337241800   -1.42646e-05   1.19384e-04 DIIS
   @DF-RHF iter   3:   -76.01770541829919   -2.04588e-06   6.27342e-05 DIIS
   @DF-RHF iter   4:   -76.01770599289669   -5.74598e-07   1.34658e-05 DIIS
   @DF-RHF iter   5:   -76.01770604324763   -5.03509e-08   2.89333e-06 DIIS
   @DF-RHF iter   6:   -76.01770604603661   -2.78898e-09   3.52902e-07 DIIS
   @DF-RHF iter   7:   -76.01770604606976   -3.31539e-11   4.69690e-08 DIIS
   @DF-RHF iter   8:   -76.01770604607040   -6.39488e-13   6.42371e-09 DIIS
  Energy and wave function converged.


  ==> Post-Iterations <==

    Orbital Energies [Eh]
    ---------------------

    Doubly Occupied:                                                      

       1A1   -20.577571     2A1    -1.361998     1B2    -0.734109  
       3A1    -0.582467     1B1    -0.509524  

    Virtual:                                                              

       4A1     0.146829     2B2     0.218683     5A1     0.250788  
       2B1     0.252534     3B2     0.361160     6A1     0.387877  
       4B2     1.251713     7A1     1.350032     5B2     1.389386  
       3B1     1.404717     8A1     1.407106     9A1     1.472578  
      10A1     2.011057     1A2     2.014200     4B1     2.054716  
      11A1     2.641036     6B2     3.043767    12A1     4.108953  

    Final Occupation by Irrep:
             A1    A2    B1    B2 
    DOCC [     3,    0,    1,    1 ]

  @DF-RHF Final Energy:   -76.01770604607040

   => Energetics <=

    Nuclear Repulsion Energy =              9.3078948243828439
    One-Electron Energy =                -123.1198643557441699
    Two-Electron Energy =                  37.7942634852909336
    Total Energy =                        -76.0177060460704013

Computation Completed


Properties will be evaluated at   0.000000,   0.000000,   0.000000 [a0]

Properties computed using the SCF density matrix

  Nuclear Dipole Moment: [e a0]
     X:     0.0000      Y:     0.0000      Z:     0.9365

  Electronic Dipole Moment: [e a0]
     X:     0.0000      Y:     0.0000      Z:    -0.0414

  Dipole Moment: [e a0]
     X:     0.0000      Y:     0.0000      Z:     0.8951     Total:     0.8951

  Dipole Moment: [D]
     X:     0.0000      Y:     0.0000      Z:     2.2751     Total:     2.2751


*** tstop() called on wanukaka at Thu Apr 14 12:37:43 2022
Module time:
	user time   =       2.45 seconds =       0.04 minutes
	system time =       0.12 seconds =       0.00 minutes
	total time  =          0 seconds =       0.00 minutes
Total time:
	user time   =      66.71 seconds =       1.11 minutes
	system time =       2.94 seconds =       0.05 minutes
	total time  =          7 seconds =       0.12 minutes

*** tstart() called on wanukaka
*** at Thu Apr 14 12:37:43 2022


         ------------------------------------------------------------
                                   SCF GRAD                          
                          Rob Parrish, Justin Turney,                
                       Andy Simmonett, and Alex Sokolov              
         ------------------------------------------------------------

  ==> Geometry <==

    Molecular point group: c2v
    Full point group: C2v

    Geometry (in Angstrom), charge = 0, multiplicity = 1:

       Center              X                  Y                   Z               Mass       
    ------------   -----------------  -----------------  -----------------  -----------------
         O            0.000000000000     0.000000000000    -0.062962087814    15.994914619570
         H            0.000000000000    -0.759311509740     0.499627011955     1.007825032230
         H            0.000000000000     0.759311509740     0.499627011955     1.007825032230

  Nuclear repulsion =    9.307894824382846

  ==> Basis Set <==

  Basis Set: 6-31+G(D)
    Blend: 6-31+G(D)
    Number of shells: 12
    Number of basis function: 23
    Number of Cartesian functions: 23
    Spherical Harmonics?: false
    Max angular momentum: 2

  ==> DFJKGrad: Density-Fitted SCF Gradients <==

    Gradient:                    1
    J tasked:                  Yes
    K tasked:                  Yes
    wK tasked:                  No
    OpenMP threads:             10
    Integrals threads:          10
    Memory [MiB]:             5722
    Schwarz Cutoff:          0E+00
    Fitting Condition:       1E-10

   => Auxiliary Basis Set <=

  Basis Set: (6-31+G(D) AUX)
    Blend: HEAVY-AUG-CC-PVDZ-JKFIT
    Number of shells: 46
    Number of basis function: 151
    Number of Cartesian functions: 151
    Spherical Harmonics?: false
    Max angular momentum: 3


  -Total Gradient:
     Atom            X                  Y                   Z
    ------   -----------------  -----------------  -----------------
       1       -0.000000000000     0.000000000000     0.004258929533
       2       -0.000000000000     0.001892372237    -0.002129464767
       3        0.000000000000    -0.001892372237    -0.002129464767


*** tstop() called on wanukaka at Thu Apr 14 12:37:44 2022
Module time:
	user time   =       3.61 seconds =       0.06 minutes
	system time =       0.23 seconds =       0.00 minutes
	total time  =          1 seconds =       0.02 minutes
Total time:
	user time   =      70.33 seconds =       1.17 minutes
	system time =       3.17 seconds =       0.05 minutes
	total time  =          8 seconds =       0.13 minutes

			-----------------------------------------
			 OPTKING 2.0: for geometry optimizations 
			  - R.A. King,  Bethel University        
			-----------------------------------------

	Previous internal coordinate definitions found.
	---Fragment 1 Geometry and Gradient---
	 O           0.0000000000        0.0000000000       -0.1189811023
	 H           0.0000000000       -1.4348907973        0.9441582175
	 H           0.0000000000        1.4348907973        0.9441582175
	            -0.0000000000        0.0000000000        0.0042589295
	            -0.0000000000        0.0018923722       -0.0021294648
	             0.0000000000       -0.0018923722       -0.0021294648

	---Fragment 1 Intrafragment Coordinates---
	 - Coordinate -           - BOHR/RAD -       - ANG/DEG -
	 R(1,2)           =         1.785827	       0.945019
	 R(1,3)           =         1.785827	       0.945019
	 B(2,1,3)         =         1.866264	     106.929025

	Current energy   :       -76.0177060461

	Energy change for the previous step:
		Projected    :        -0.0007239674
		Actual       :        -0.0002401255

	Performing BFGS update.
	Previous computed or guess Hessian on step 1.
	Steps to be used in Hessian update: 2 1
	Taking RFO optimization step.
	Going to follow RFO solution 1.
	Using RFO vector 1.
	Norm of target step-size    0.01314
	Projected energy change by RFO approximation:        -0.0000472863

	Back-transformation to cartesian coordinates...
	Successfully converged to displaced geometry.

	--- Internal Coordinate Step in ANG or DEG, aJ/ANG or AJ/DEG ---
	 ---------------------------------------------------------------------------
	   Coordinate                Previous        Force       Change         New 
	   ----------                --------       ------       ------       ------
	    1 R(1,2)          =      0.945019     0.022971     0.003946     0.948965
	    2 R(1,3)          =      0.945019     0.022971     0.003946     0.948965
	    3 B(2,1,3)        =    106.929025    -0.000079    -0.448738   106.480287
	 ---------------------------------------------------------------------------
	Successfully symmetrized geometry.

  ==> Convergence Check <==

  Measures of convergence in internal coordinates in au.
  Criteria marked as inactive (o), active & met (*), and active & unmet ( ).
  ---------------------------------------------------------------------------------------------
   Step     Total Energy     Delta E     MAX Force     RMS Force      MAX Disp      RMS Disp   
  ---------------------------------------------------------------------------------------------
    Convergence Criteria    1.00e-06 *    3.00e-04 *             o    1.20e-03 *             o
  ---------------------------------------------------------------------------------------------
      3     -76.01770605   -2.40e-04      2.79e-03      2.35e-03 o    7.83e-03      7.58e-03 o  ~
  ---------------------------------------------------------------------------------------------

	Writing optimization data to binary file.
	Structure for next step:
	Cartesian Geometry (in Angstrom)
	    O     0.0000000000   0.0000000000  -0.0665160477
	    H     0.0000000000  -0.7602643214   0.5014039901
	    H     0.0000000000   0.7602643214   0.5014039901
			--------------------------
			 OPTKING Finished Execution 
			--------------------------

    Structure for next step:
    Molecular point group: c2v
    Full point group: C2v

    Geometry (in Angstrom), charge = 0, multiplicity = 1:

    O       
    H             1    0.948965
    H             1    0.948965      2  106.480287

gradient() will perform analytic gradient computation.

*** tstart() called on wanukaka
*** at Thu Apr 14 12:37:44 2022

   => Loading Basis Set <=

    Name: 6-31+G(D)
    Role: ORBITAL
    Keyword: BASIS
    atoms 1   entry O          line   157 file /home/sulstice/software/miniconda2/envs/qmpython2/share/psi4/basis/6-31pg_d_.gbs 
    atoms 2-3 entry H          line    46 file /home/sulstice/software/miniconda2/envs/qmpython2/share/psi4/basis/6-31pg_d_.gbs 


         ---------------------------------------------------------
                                   SCF
               by Justin Turney, Rob Parrish, Andy Simmonett
                          and Daniel G. A. Smith
                              RHF Reference
                       10 Threads,   7629 MiB Core
         ---------------------------------------------------------

  ==> Geometry <==

    Molecular point group: c2v
    Full point group: C2v

    Geometry (in Angstrom), charge = 0, multiplicity = 1:

       Center              X                  Y                   Z               Mass       
    ------------   -----------------  -----------------  -----------------  -----------------
         O            0.000000000000     0.000000000000    -0.063558699316    15.994914619570
         H            0.000000000000    -0.760264324368     0.504361340700     1.007825032230
         H            0.000000000000     0.760264324368     0.504361340700     1.007825032230

  Running in c2v symmetry.

  Rotational constants: A =     29.19795  B =     14.46945  C =      9.67491 [cm^-1]
  Rotational constants: A = 875332.54982  B = 433783.31110  C = 290046.63614 [MHz]
  Nuclear repulsion =    9.270198428173670

  Charge       = 0
  Multiplicity = 1
  Electrons    = 10
  Nalpha       = 5
  Nbeta        = 5

  ==> Algorithm <==

  SCF Algorithm Type is DF.
  DIIS enabled.
  MOM disabled.
  Fractional occupation disabled.
  Guess Type is READ.
  Energy threshold   = 1.00e-08
  Density threshold  = 1.00e-08
  Integral threshold = 0.00e+00

  ==> Primary Basis <==

  Basis Set: 6-31+G(D)
    Blend: 6-31+G(D)
    Number of shells: 12
    Number of basis function: 23
    Number of Cartesian functions: 23
    Spherical Harmonics?: false
    Max angular momentum: 2

   => Loading Basis Set <=

    Name: (6-31+G(D) AUX)
    Role: JKFIT
    Keyword: DF_BASIS_SCF
    atoms 1   entry O          line   310 file /home/sulstice/software/miniconda2/envs/qmpython2/share/psi4/basis/heavy-aug-cc-pvdz-jkfit.gbs 
    atoms 2-3 entry H          line   116 file /home/sulstice/software/miniconda2/envs/qmpython2/share/psi4/basis/heavy-aug-cc-pvdz-jkfit.gbs 

   => Loading Basis Set <=

    Name: 6-31+G(D)
    Role: ORBITAL
    Keyword: BASIS
    atoms 1   entry O          line   157 file /home/sulstice/software/miniconda2/envs/qmpython2/share/psi4/basis/6-31pg_d_.gbs 
    atoms 2-3 entry H          line    46 file /home/sulstice/software/miniconda2/envs/qmpython2/share/psi4/basis/6-31pg_d_.gbs 

  Reading orbitals from file 180, no projection.

  ==> Pre-Iterations <==

   -------------------------------------------------------
    Irrep   Nso     Nmo     Nalpha   Nbeta   Ndocc  Nsocc
   -------------------------------------------------------
     A1        12      12       0       0       0       0
     A2         1       1       0       0       0       0
     B1         4       4       0       0       0       0
     B2         6       6       0       0       0       0
   -------------------------------------------------------
    Total      23      23       5       5       5       0
   -------------------------------------------------------

  ==> Integral Setup <==

  DFHelper Memory: AOs need 0.001 GiB; user supplied 5.588 GiB. Using in-core AOs.

  ==> MemDFJK: Density-Fitted J/K Matrices <==

    J tasked:                   Yes
    K tasked:                   Yes
    wK tasked:                   No
    OpenMP threads:              10
    Memory [MiB]:              5722
    Algorithm:                 Core
    Schwarz Cutoff:           1E-12
    Mask sparsity (%):       0.0000
    Fitting Condition:        1E-10

   => Auxiliary Basis Set <=

  Basis Set: (6-31+G(D) AUX)
    Blend: HEAVY-AUG-CC-PVDZ-JKFIT
    Number of shells: 46
    Number of basis function: 151
    Number of Cartesian functions: 151
    Spherical Harmonics?: false
    Max angular momentum: 3

  Minimum eigenvalue in the overlap matrix is 1.7347962463E-02.
  Using Symmetric Orthogonalization.

  SCF Guess: Orbitals guess was supplied from a previous computation.

  ==> Iterations <==

                           Total Energy        Delta E     RMS |[F,P]|

   @DF-RHF iter   0:   -76.01360861576751   -7.60136e+01   6.19105e-04 
   @DF-RHF iter   1:   -76.01771778385194   -4.10917e-03   1.03552e-04 DIIS
   @DF-RHF iter   2:   -76.01771902316531   -1.23931e-06   2.63055e-05 DIIS
   @DF-RHF iter   3:   -76.01771915375431   -1.30589e-07   1.34194e-05 DIIS
   @DF-RHF iter   4:   -76.01771918167910   -2.79248e-08   4.66527e-06 DIIS
   @DF-RHF iter   5:   -76.01771918589994   -4.22084e-09   9.25810e-07 DIIS
   @DF-RHF iter   6:   -76.01771918618446   -2.84530e-10   1.24310e-07 DIIS
   @DF-RHF iter   7:   -76.01771918618834   -3.87956e-12   1.71486e-08 DIIS
   @DF-RHF iter   8:   -76.01771918618840   -5.68434e-14   2.04065e-09 DIIS
  Energy and wave function converged.


  ==> Post-Iterations <==

    Orbital Energies [Eh]
    ---------------------

    Doubly Occupied:                                                      

       1A1   -20.578529     2A1    -1.360238     1B2    -0.730988  
       3A1    -0.582627     1B1    -0.509341  

    Virtual:                                                              

       4A1     0.146616     2B2     0.219115     5A1     0.250771  
       2B1     0.252582     3B2     0.358880     6A1     0.387173  
       4B2     1.246620     7A1     1.345876     5B2     1.390153  
       3B1     1.404688     8A1     1.409530     9A1     1.474008  
      10A1     2.010720     1A2     2.015604     4B1     2.054926  
      11A1     2.635136     6B2     3.036157    12A1     4.107012  

    Final Occupation by Irrep:
             A1    A2    B1    B2 
    DOCC [     3,    0,    1,    1 ]

  @DF-RHF Final Energy:   -76.01771918618840

   => Energetics <=

    Nuclear Repulsion Energy =              9.2701984281736696
    One-Electron Energy =                -123.0523890623697980
    Two-Electron Energy =                  37.7644714480077326
    Total Energy =                        -76.0177191861884012

Computation Completed


Properties will be evaluated at   0.000000,   0.000000,   0.000000 [a0]

Properties computed using the SCF density matrix

  Nuclear Dipole Moment: [e a0]
     X:     0.0000      Y:     0.0000      Z:     0.9453

  Electronic Dipole Moment: [e a0]
     X:     0.0000      Y:     0.0000      Z:    -0.0454

  Dipole Moment: [e a0]
     X:     0.0000      Y:     0.0000      Z:     0.9000     Total:     0.9000

  Dipole Moment: [D]
     X:     0.0000      Y:     0.0000      Z:     2.2875     Total:     2.2875


*** tstop() called on wanukaka at Thu Apr 14 12:37:44 2022
Module time:
	user time   =       2.53 seconds =       0.04 minutes
	system time =       0.13 seconds =       0.00 minutes
	total time  =          0 seconds =       0.00 minutes
Total time:
	user time   =      72.95 seconds =       1.22 minutes
	system time =       3.30 seconds =       0.06 minutes
	total time  =          8 seconds =       0.13 minutes

*** tstart() called on wanukaka
*** at Thu Apr 14 12:37:44 2022


         ------------------------------------------------------------
                                   SCF GRAD                          
                          Rob Parrish, Justin Turney,                
                       Andy Simmonett, and Alex Sokolov              
         ------------------------------------------------------------

  ==> Geometry <==

    Molecular point group: c2v
    Full point group: C2v

    Geometry (in Angstrom), charge = 0, multiplicity = 1:

       Center              X                  Y                   Z               Mass       
    ------------   -----------------  -----------------  -----------------  -----------------
         O            0.000000000000     0.000000000000    -0.063558699316    15.994914619570
         H            0.000000000000    -0.760264324368     0.504361340700     1.007825032230
         H            0.000000000000     0.760264324368     0.504361340700     1.007825032230

  Nuclear repulsion =    9.270198428173666

  ==> Basis Set <==

  Basis Set: 6-31+G(D)
    Blend: 6-31+G(D)
    Number of shells: 12
    Number of basis function: 23
    Number of Cartesian functions: 23
    Spherical Harmonics?: false
    Max angular momentum: 2

  ==> DFJKGrad: Density-Fitted SCF Gradients <==

    Gradient:                    1
    J tasked:                  Yes
    K tasked:                  Yes
    wK tasked:                  No
    OpenMP threads:             10
    Integrals threads:          10
    Memory [MiB]:             5722
    Schwarz Cutoff:          0E+00
    Fitting Condition:       1E-10

   => Auxiliary Basis Set <=

  Basis Set: (6-31+G(D) AUX)
    Blend: HEAVY-AUG-CC-PVDZ-JKFIT
    Number of shells: 46
    Number of basis function: 151
    Number of Cartesian functions: 151
    Spherical Harmonics?: false
    Max angular momentum: 3


  -Total Gradient:
     Atom            X                  Y                   Z
    ------   -----------------  -----------------  -----------------
       1       -0.000000000000     0.000000000000    -0.001863364258
       2        0.000000000000    -0.001238235598     0.000931682129
       3       -0.000000000000     0.001238235598     0.000931682129


*** tstop() called on wanukaka at Thu Apr 14 12:37:45 2022
Module time:
	user time   =       3.70 seconds =       0.06 minutes
	system time =       0.16 seconds =       0.00 minutes
	total time  =          1 seconds =       0.02 minutes
Total time:
	user time   =      76.66 seconds =       1.28 minutes
	system time =       3.46 seconds =       0.06 minutes
	total time  =          9 seconds =       0.15 minutes

			-----------------------------------------
			 OPTKING 2.0: for geometry optimizations 
			  - R.A. King,  Bethel University        
			-----------------------------------------

	Previous internal coordinate definitions found.
	---Fragment 1 Geometry and Gradient---
	 O           0.0000000000        0.0000000000       -0.1201085346
	 H           0.0000000000       -1.4366913560        0.9531048022
	 H           0.0000000000        1.4366913560        0.9531048022
	            -0.0000000000        0.0000000000       -0.0018633643
	             0.0000000000       -0.0012382356        0.0009316821
	            -0.0000000000        0.0012382356        0.0009316821

	---Fragment 1 Intrafragment Coordinates---
	 - Coordinate -           - BOHR/RAD -       - ANG/DEG -
	 R(1,2)           =         1.793284	       0.948965
	 R(1,3)           =         1.793284	       0.948965
	 B(2,1,3)         =         1.858432	     106.480287

	Current energy   :       -76.0177191862

	Energy change for the previous step:
		Projected    :        -0.0000472863
		Actual       :        -0.0000131401

	Performing BFGS update.
	Previous computed or guess Hessian on step 1.
	Steps to be used in Hessian update: 3 2
	Taking RFO optimization step.
	Going to follow RFO solution 1.
	Using RFO vector 1.
	Norm of target step-size    0.00386
	Projected energy change by RFO approximation:        -0.0000083532

	Back-transformation to cartesian coordinates...
	Successfully converged to displaced geometry.

	--- Internal Coordinate Step in ANG or DEG, aJ/ANG or AJ/DEG ---
	 ---------------------------------------------------------------------------
	   Coordinate                Previous        Force       Change         New 
	   ----------                --------       ------       ------       ------
	    1 R(1,2)          =      0.948965    -0.012767    -0.001416     0.947550
	    2 R(1,3)          =      0.948965    -0.012767    -0.001416     0.947550
	    3 B(2,1,3)        =    106.480287     0.000001     0.044930   106.525217
	 ---------------------------------------------------------------------------
	Successfully symmetrized geometry.

  ==> Convergence Check <==

  Measures of convergence in internal coordinates in au.
  Criteria marked as inactive (o), active & met (*), and active & unmet ( ).
  ---------------------------------------------------------------------------------------------
   Step     Total Energy     Delta E     MAX Force     RMS Force      MAX Disp      RMS Disp   
  ---------------------------------------------------------------------------------------------
    Convergence Criteria    1.00e-06 *    3.00e-04 *             o    1.20e-03 *             o
  ---------------------------------------------------------------------------------------------
      4     -76.01771919   -1.31e-05      1.55e-03      1.27e-03 o    2.68e-03      2.23e-03 o  ~
  ---------------------------------------------------------------------------------------------

	Writing optimization data to binary file.
	Structure for next step:
	Cartesian Geometry (in Angstrom)
	    O     0.0000000000   0.0000000000  -0.0627954341
	    H     0.0000000000  -0.7593524663   0.5039797062
	    H     0.0000000000   0.7593524663   0.5039797062
			--------------------------
			 OPTKING Finished Execution 
			--------------------------

    Structure for next step:
    Molecular point group: c2v
    Full point group: C2v

    Geometry (in Angstrom), charge = 0, multiplicity = 1:

    O       
    H             1    0.947550
    H             1    0.947550      2  106.525217

gradient() will perform analytic gradient computation.

*** tstart() called on wanukaka
*** at Thu Apr 14 12:37:45 2022

   => Loading Basis Set <=

    Name: 6-31+G(D)
    Role: ORBITAL
    Keyword: BASIS
    atoms 1   entry O          line   157 file /home/sulstice/software/miniconda2/envs/qmpython2/share/psi4/basis/6-31pg_d_.gbs 
    atoms 2-3 entry H          line    46 file /home/sulstice/software/miniconda2/envs/qmpython2/share/psi4/basis/6-31pg_d_.gbs 


         ---------------------------------------------------------
                                   SCF
               by Justin Turney, Rob Parrish, Andy Simmonett
                          and Daniel G. A. Smith
                              RHF Reference
                       10 Threads,   7629 MiB Core
         ---------------------------------------------------------

  ==> Geometry <==

    Molecular point group: c2v
    Full point group: C2v

    Geometry (in Angstrom), charge = 0, multiplicity = 1:

       Center              X                  Y                   Z               Mass       
    ------------   -----------------  -----------------  -----------------  -----------------
         O            0.000000000000     0.000000000000    -0.063430568255    15.994914619570
         H            0.000000000000    -0.759352469295     0.503344574241     1.007825032230
         H            0.000000000000     0.759352469295     0.503344574241     1.007825032230

  Running in c2v symmetry.

  Rotational constants: A =     29.31603  B =     14.50423  C =      9.70342 [cm^-1]
  Rotational constants: A = 878872.50134  B = 434825.73875  C = 290901.19253 [MHz]
  Nuclear repulsion =    9.283946073151991

  Charge       = 0
  Multiplicity = 1
  Electrons    = 10
  Nalpha       = 5
  Nbeta        = 5

  ==> Algorithm <==

  SCF Algorithm Type is DF.
  DIIS enabled.
  MOM disabled.
  Fractional occupation disabled.
  Guess Type is READ.
  Energy threshold   = 1.00e-08
  Density threshold  = 1.00e-08
  Integral threshold = 0.00e+00

  ==> Primary Basis <==

  Basis Set: 6-31+G(D)
    Blend: 6-31+G(D)
    Number of shells: 12
    Number of basis function: 23
    Number of Cartesian functions: 23
    Spherical Harmonics?: false
    Max angular momentum: 2

   => Loading Basis Set <=

    Name: (6-31+G(D) AUX)
    Role: JKFIT
    Keyword: DF_BASIS_SCF
    atoms 1   entry O          line   310 file /home/sulstice/software/miniconda2/envs/qmpython2/share/psi4/basis/heavy-aug-cc-pvdz-jkfit.gbs 
    atoms 2-3 entry H          line   116 file /home/sulstice/software/miniconda2/envs/qmpython2/share/psi4/basis/heavy-aug-cc-pvdz-jkfit.gbs 

   => Loading Basis Set <=

    Name: 6-31+G(D)
    Role: ORBITAL
    Keyword: BASIS
    atoms 1   entry O          line   157 file /home/sulstice/software/miniconda2/envs/qmpython2/share/psi4/basis/6-31pg_d_.gbs 
    atoms 2-3 entry H          line    46 file /home/sulstice/software/miniconda2/envs/qmpython2/share/psi4/basis/6-31pg_d_.gbs 

  Reading orbitals from file 180, no projection.

  ==> Pre-Iterations <==

   -------------------------------------------------------
    Irrep   Nso     Nmo     Nalpha   Nbeta   Ndocc  Nsocc
   -------------------------------------------------------
     A1        12      12       0       0       0       0
     A2         1       1       0       0       0       0
     B1         4       4       0       0       0       0
     B2         6       6       0       0       0       0
   -------------------------------------------------------
    Total      23      23       5       5       5       0
   -------------------------------------------------------

  ==> Integral Setup <==

  DFHelper Memory: AOs need 0.001 GiB; user supplied 5.588 GiB. Using in-core AOs.

  ==> MemDFJK: Density-Fitted J/K Matrices <==

    J tasked:                   Yes
    K tasked:                   Yes
    wK tasked:                   No
    OpenMP threads:              10
    Memory [MiB]:              5722
    Algorithm:                 Core
    Schwarz Cutoff:           1E-12
    Mask sparsity (%):       0.0000
    Fitting Condition:        1E-10

   => Auxiliary Basis Set <=

  Basis Set: (6-31+G(D) AUX)
    Blend: HEAVY-AUG-CC-PVDZ-JKFIT
    Number of shells: 46
    Number of basis function: 151
    Number of Cartesian functions: 151
    Spherical Harmonics?: false
    Max angular momentum: 3

  Minimum eigenvalue in the overlap matrix is 1.7286256552E-02.
  Using Symmetric Orthogonalization.

  SCF Guess: Orbitals guess was supplied from a previous computation.

  ==> Iterations <==

                           Total Energy        Delta E     RMS |[F,P]|

   @DF-RHF iter   0:   -76.01915464850140   -7.60192e+01   2.15287e-04 
   @DF-RHF iter   1:   -76.01772309463183    1.43155e-03   3.21834e-05 DIIS
   @DF-RHF iter   2:   -76.01772321049279   -1.15861e-07   7.07154e-06 DIIS
   @DF-RHF iter   3:   -76.01772322041434   -9.92155e-09   2.97251e-06 DIIS
   @DF-RHF iter   4:   -76.01772322217552   -1.76118e-09   1.26647e-06 DIIS
   @DF-RHF iter   5:   -76.01772322239340   -2.17881e-10   2.86806e-07 DIIS
   @DF-RHF iter   6:   -76.01772322242033   -2.69296e-11   4.03745e-08 DIIS
   @DF-RHF iter   7:   -76.01772322242068   -3.55271e-13   5.72928e-09 DIIS
  Energy and wave function converged.


  ==> Post-Iterations <==

    Orbital Energies [Eh]
    ---------------------

    Doubly Occupied:                                                      

       1A1   -20.578235     2A1    -1.360955     1B2    -0.731879  
       3A1    -0.582799     1B1    -0.509440  

    Virtual:                                                              

       4A1     0.146634     2B2     0.219022     5A1     0.250782  
       2B1     0.252560     3B2     0.359540     6A1     0.387637  
       4B2     1.247886     7A1     1.347809     5B2     1.389861  
       3B1     1.404678     8A1     1.408919     9A1     1.473766  
      10A1     2.010501     1A2     2.015210     4B1     2.054727  
      11A1     2.636988     6B2     3.038924    12A1     4.107800  

    Final Occupation by Irrep:
             A1    A2    B1    B2 
    DOCC [     3,    0,    1,    1 ]

  @DF-RHF Final Energy:   -76.01772322242068

   => Energetics <=

    Nuclear Repulsion Energy =              9.2839460731519914
    One-Electron Energy =                -123.0767227658505476
    Two-Electron Energy =                  37.7750534702778822
    Total Energy =                        -76.0177232224206705

Computation Completed


Properties will be evaluated at   0.000000,   0.000000,   0.000000 [a0]

Properties computed using the SCF density matrix

  Nuclear Dipole Moment: [e a0]
     X:     0.0000      Y:     0.0000      Z:     0.9434

  Electronic Dipole Moment: [e a0]
     X:     0.0000      Y:     0.0000      Z:    -0.0444

  Dipole Moment: [e a0]
     X:     0.0000      Y:     0.0000      Z:     0.8991     Total:     0.8991

  Dipole Moment: [D]
     X:     0.0000      Y:     0.0000      Z:     2.2852     Total:     2.2852


*** tstop() called on wanukaka at Thu Apr 14 12:37:45 2022
Module time:
	user time   =       2.51 seconds =       0.04 minutes
	system time =       0.10 seconds =       0.00 minutes
	total time  =          0 seconds =       0.00 minutes
Total time:
	user time   =      79.25 seconds =       1.32 minutes
	system time =       3.56 seconds =       0.06 minutes
	total time  =          9 seconds =       0.15 minutes

*** tstart() called on wanukaka
*** at Thu Apr 14 12:37:45 2022


         ------------------------------------------------------------
                                   SCF GRAD                          
                          Rob Parrish, Justin Turney,                
                       Andy Simmonett, and Alex Sokolov              
         ------------------------------------------------------------

  ==> Geometry <==

    Molecular point group: c2v
    Full point group: C2v

    Geometry (in Angstrom), charge = 0, multiplicity = 1:

       Center              X                  Y                   Z               Mass       
    ------------   -----------------  -----------------  -----------------  -----------------
         O            0.000000000000     0.000000000000    -0.063430568255    15.994914619570
         H            0.000000000000    -0.759352469295     0.503344574241     1.007825032230
         H            0.000000000000     0.759352469295     0.503344574241     1.007825032230

  Nuclear repulsion =    9.283946073151991

  ==> Basis Set <==

  Basis Set: 6-31+G(D)
    Blend: 6-31+G(D)
    Number of shells: 12
    Number of basis function: 23
    Number of Cartesian functions: 23
    Spherical Harmonics?: false
    Max angular momentum: 2

  ==> DFJKGrad: Density-Fitted SCF Gradients <==

    Gradient:                    1
    J tasked:                  Yes
    K tasked:                  Yes
    wK tasked:                  No
    OpenMP threads:             10
    Integrals threads:          10
    Memory [MiB]:             5722
    Schwarz Cutoff:          0E+00
    Fitting Condition:       1E-10

   => Auxiliary Basis Set <=

  Basis Set: (6-31+G(D) AUX)
    Blend: HEAVY-AUG-CC-PVDZ-JKFIT
    Number of shells: 46
    Number of basis function: 151
    Number of Cartesian functions: 151
    Spherical Harmonics?: false
    Max angular momentum: 3


  -Total Gradient:
     Atom            X                  Y                   Z
    ------   -----------------  -----------------  -----------------
       1       -0.000000000000     0.000000000000     0.000049984398
       2       -0.000000000000     0.000038188858    -0.000024992199
       3        0.000000000000    -0.000038188858    -0.000024992199


*** tstop() called on wanukaka at Thu Apr 14 12:37:45 2022
Module time:
	user time   =       4.69 seconds =       0.08 minutes
	system time =       0.22 seconds =       0.00 minutes
	total time  =          0 seconds =       0.00 minutes
Total time:
	user time   =      83.95 seconds =       1.40 minutes
	system time =       3.78 seconds =       0.06 minutes
	total time  =          9 seconds =       0.15 minutes

			-----------------------------------------
			 OPTKING 2.0: for geometry optimizations 
			  - R.A. King,  Bethel University        
			-----------------------------------------

	Previous internal coordinate definitions found.
	---Fragment 1 Geometry and Gradient---
	 O           0.0000000000        0.0000000000       -0.1198664020
	 H           0.0000000000       -1.4349681997        0.9511833921
	 H           0.0000000000        1.4349681997        0.9511833921
	            -0.0000000000        0.0000000000        0.0000499844
	            -0.0000000000        0.0000381889       -0.0000249922
	             0.0000000000       -0.0000381889       -0.0000249922

	---Fragment 1 Intrafragment Coordinates---
	 - Coordinate -           - BOHR/RAD -       - ANG/DEG -
	 R(1,2)           =         1.790609	       0.947550
	 R(1,3)           =         1.790609	       0.947550
	 B(2,1,3)         =         1.859216	     106.525217

	Current energy   :       -76.0177232224

	Energy change for the previous step:
		Projected    :        -0.0000083532
		Actual       :        -0.0000040362

	Performing BFGS update.
	Previous computed or guess Hessian on step 1.
	Steps to be used in Hessian update: 4 3
	Taking RFO optimization step.
	Going to follow RFO solution 1.
	Using RFO vector 1.
	Norm of target step-size    0.00010
	Projected energy change by RFO approximation:        -0.0000000072

	Back-transformation to cartesian coordinates...
	Successfully converged to displaced geometry.

	--- Internal Coordinate Step in ANG or DEG, aJ/ANG or AJ/DEG ---
	 ---------------------------------------------------------------------------
	   Coordinate                Previous        Force       Change         New 
	   ----------                --------       ------       ------       ------
	    1 R(1,2)          =      0.947550     0.000375     0.000039     0.947589
	    2 R(1,3)          =      0.947550     0.000375     0.000039     0.947589
	    3 B(2,1,3)        =    106.525217     0.000000     0.000270   106.525487
	 ---------------------------------------------------------------------------
	Successfully symmetrized geometry.

  ==> Convergence Check <==

  Measures of convergence in internal coordinates in au.
  Criteria marked as inactive (o), active & met (*), and active & unmet ( ).
  ---------------------------------------------------------------------------------------------
   Step     Total Energy     Delta E     MAX Force     RMS Force      MAX Disp      RMS Disp   
  ---------------------------------------------------------------------------------------------
    Convergence Criteria    1.00e-06 *    3.00e-04 *             o    1.20e-03 *             o
  ---------------------------------------------------------------------------------------------
      5     -76.01772322   -4.04e-06      4.56e-05 *    3.73e-05 o    7.39e-05 *    6.04e-05 o  ~
  ---------------------------------------------------------------------------------------------


  **** Optimization is complete! (in 5 steps) ****

  ==> Optimization Summary <==

  Measures of convergence in internal coordinates in au.
  --------------------------------------------------------------------------------------------------------------- ~
   Step         Total Energy             Delta E       MAX Force       RMS Force        MAX Disp        RMS Disp  ~
  --------------------------------------------------------------------------------------------------------------- ~
      1     -75.989021915080    -75.989021915080      0.09866121      0.08096001      0.24150062      0.20094635  ~
      2     -76.017465920617     -0.028444005537      0.00899181      0.00607590      0.05706603      0.03476205  ~
      3     -76.017706046070     -0.000240125453      0.00278821      0.00235496      0.00783196      0.00758454  ~
      4     -76.017719186188     -0.000013140118      0.00154959      0.00126525      0.00267517      0.00223070  ~
      5     -76.017723222421     -0.000004036232      0.00004555      0.00003731      0.00007386      0.00006037  ~
  --------------------------------------------------------------------------------------------------------------- ~

	Writing optimization data to binary file.
	Final energy is    -76.0177232224207
	Final (previous) structure:
	Cartesian Geometry (in Angstrom)
	    O     0.0000000000   0.0000000000  -0.0634305680
	    H     0.0000000000  -0.7593524663   0.5033445723
	    H     0.0000000000   0.7593524663   0.5033445723
	Saving final (previous) structure.
			--------------------------
			 OPTKING Finished Execution 
			--------------------------

    Final optimized geometry and variables:
    Molecular point group: c2v
    Full point group: C2v

    Geometry (in Angstrom), charge = 0, multiplicity = 1:

    O       
    H             1    0.947550
    H             1    0.947550      2  106.525217

	Removing binary optimization data file.
	Cleaning optimization helper files.

*** tstart() called on wanukaka
*** at Thu Apr 14 12:37:45 2022

   => Loading Basis Set <=

    Name: 6-31+G(D)
    Role: ORBITAL
    Keyword: BASIS
    atoms 1   entry O          line   157 file /home/sulstice/software/miniconda2/envs/qmpython2/share/psi4/basis/6-31pg_d_.gbs 
    atoms 2-3 entry H          line    46 file /home/sulstice/software/miniconda2/envs/qmpython2/share/psi4/basis/6-31pg_d_.gbs 


         ---------------------------------------------------------
                                   SCF
               by Justin Turney, Rob Parrish, Andy Simmonett
                          and Daniel G. A. Smith
                              RHF Reference
                       10 Threads,   7629 MiB Core
         ---------------------------------------------------------

  ==> Geometry <==

    Molecular point group: c2v
    Full point group: C2v

    Geometry (in Angstrom), charge = 0, multiplicity = 1:

       Center              X                  Y                   Z               Mass       
    ------------   -----------------  -----------------  -----------------  -----------------
         O            0.000000000000     0.000000000000    -0.063430568255    15.994914619570
         H            0.000000000000    -0.759352469295     0.503344574241     1.007825032230
         H            0.000000000000     0.759352469295     0.503344574241     1.007825032230

  Running in c2v symmetry.

  Rotational constants: A =     29.31603  B =     14.50423  C =      9.70342 [cm^-1]
  Rotational constants: A = 878872.50134  B = 434825.73875  C = 290901.19253 [MHz]
  Nuclear repulsion =    9.283946073151991

  Charge       = 0
  Multiplicity = 1
  Electrons    = 10
  Nalpha       = 5
  Nbeta        = 5

  ==> Algorithm <==

  SCF Algorithm Type is DF.
  DIIS enabled.
  MOM disabled.
  Fractional occupation disabled.
  Guess Type is SAD.
  Energy threshold   = 1.00e-06
  Density threshold  = 1.00e-06
  Integral threshold = 0.00e+00

  ==> Primary Basis <==

  Basis Set: 6-31+G(D)
    Blend: 6-31+G(D)
    Number of shells: 12
    Number of basis function: 23
    Number of Cartesian functions: 23
    Spherical Harmonics?: false
    Max angular momentum: 2

   => Loading Basis Set <=

    Name: (6-31+G(D) AUX)
    Role: JKFIT
    Keyword: DF_BASIS_SCF
    atoms 1   entry O          line   310 file /home/sulstice/software/miniconda2/envs/qmpython2/share/psi4/basis/heavy-aug-cc-pvdz-jkfit.gbs 
    atoms 2-3 entry H          line   116 file /home/sulstice/software/miniconda2/envs/qmpython2/share/psi4/basis/heavy-aug-cc-pvdz-jkfit.gbs 

  ==> Pre-Iterations <==

   -------------------------------------------------------
    Irrep   Nso     Nmo     Nalpha   Nbeta   Ndocc  Nsocc
   -------------------------------------------------------
     A1        12      12       0       0       0       0
     A2         1       1       0       0       0       0
     B1         4       4       0       0       0       0
     B2         6       6       0       0       0       0
   -------------------------------------------------------
    Total      23      23       5       5       5       0
   -------------------------------------------------------

  ==> Integral Setup <==

  DFHelper Memory: AOs need 0.001 GiB; user supplied 5.588 GiB. Using in-core AOs.

  ==> MemDFJK: Density-Fitted J/K Matrices <==

    J tasked:                   Yes
    K tasked:                   Yes
    wK tasked:                   No
    OpenMP threads:              10
    Memory [MiB]:              5722
    Algorithm:                 Core
    Schwarz Cutoff:           1E-12
    Mask sparsity (%):       0.0000
    Fitting Condition:        1E-10

   => Auxiliary Basis Set <=

  Basis Set: (6-31+G(D) AUX)
    Blend: HEAVY-AUG-CC-PVDZ-JKFIT
    Number of shells: 46
    Number of basis function: 151
    Number of Cartesian functions: 151
    Spherical Harmonics?: false
    Max angular momentum: 3

  Minimum eigenvalue in the overlap matrix is 1.7286256552E-02.
  Using Symmetric Orthogonalization.

  SCF Guess: Superposition of Atomic Densities via on-the-fly atomic UHF.

  ==> Iterations <==

                           Total Energy        Delta E     RMS |[F,P]|

   @DF-RHF iter SAD:   -75.53680300864593   -7.55368e+01   0.00000e+00 
   @DF-RHF iter   1:   -75.94413837383354   -4.07335e-01   3.00483e-02 DIIS
   @DF-RHF iter   2:   -75.99408498087884   -4.99466e-02   1.87145e-02 DIIS
   @DF-RHF iter   3:   -76.01737860370059   -2.32936e-02   1.51043e-03 DIIS
   @DF-RHF iter   4:   -76.01770626037427   -3.27657e-04   3.23205e-04 DIIS
   @DF-RHF iter   5:   -76.01772235168022   -1.60913e-05   5.64127e-05 DIIS
   @DF-RHF iter   6:   -76.01772317227544   -8.20595e-07   1.23886e-05 DIIS
   @DF-RHF iter   7:   -76.01772322162930   -4.93539e-08   1.69374e-06 DIIS
   @DF-RHF iter   8:   -76.01772322240006   -7.70768e-10   2.78429e-07 DIIS
  Energy and wave function converged.


  ==> Post-Iterations <==

    Orbital Energies [Eh]
    ---------------------

    Doubly Occupied:                                                      

       1A1   -20.578234     2A1    -1.360955     1B2    -0.731878  
       3A1    -0.582799     1B1    -0.509440  

    Virtual:                                                              

       4A1     0.146634     2B2     0.219022     5A1     0.250782  
       2B1     0.252560     3B2     0.359541     6A1     0.387637  
       4B2     1.247887     7A1     1.347810     5B2     1.389862  
       3B1     1.404678     8A1     1.408919     9A1     1.473767  
      10A1     2.010502     1A2     2.015210     4B1     2.054727  
      11A1     2.636989     6B2     3.038925    12A1     4.107800  

    Final Occupation by Irrep:
             A1    A2    B1    B2 
    DOCC [     3,    0,    1,    1 ]

  @DF-RHF Final Energy:   -76.01772322240006

   => Energetics <=

    Nuclear Repulsion Energy =              9.2839460731519914
    One-Electron Energy =                -123.0767276681156090
    Two-Electron Energy =                  37.7750583725635494
    Total Energy =                        -76.0177232224000647

Computation Completed


Properties will be evaluated at   0.000000,   0.000000,   0.000000 [a0]

Properties computed using the SCF density matrix

  Nuclear Dipole Moment: [e a0]
     X:     0.0000      Y:     0.0000      Z:     0.9434

  Electronic Dipole Moment: [e a0]
     X:     0.0000      Y:     0.0000      Z:    -0.0444

  Dipole Moment: [e a0]
     X:     0.0000      Y:     0.0000      Z:     0.8991     Total:     0.8991

  Dipole Moment: [D]
     X:     0.0000      Y:     0.0000      Z:     2.2852     Total:     2.2852


*** tstop() called on wanukaka at Thu Apr 14 12:37:46 2022
Module time:
	user time   =       4.91 seconds =       0.08 minutes
	system time =       0.15 seconds =       0.00 minutes
	total time  =          1 seconds =       0.02 minutes
Total time:
	user time   =      88.95 seconds =       1.48 minutes
	system time =       3.94 seconds =       0.07 minutes
	total time  =         10 seconds =       0.17 minutes
hessian() using ref_gradient to assess stationary point.

  Based on options and gradient (rms=2.72E-05), recommend projecting translations and projecting rotations.
hessian() will perform analytic frequency computation.

*** tstart() called on wanukaka
*** at Thu Apr 14 12:37:46 2022

   => Loading Basis Set <=

    Name: 6-31+G(D)
    Role: ORBITAL
    Keyword: BASIS
    atoms 1   entry O          line   157 file /home/sulstice/software/miniconda2/envs/qmpython2/share/psi4/basis/6-31pg_d_.gbs 
    atoms 2-3 entry H          line    46 file /home/sulstice/software/miniconda2/envs/qmpython2/share/psi4/basis/6-31pg_d_.gbs 


         ---------------------------------------------------------
                                   SCF
               by Justin Turney, Rob Parrish, Andy Simmonett
                          and Daniel G. A. Smith
                              RHF Reference
                       10 Threads,   7629 MiB Core
         ---------------------------------------------------------

  ==> Geometry <==

    Molecular point group: c2v
    Full point group: C2v

    Geometry (in Angstrom), charge = 0, multiplicity = 1:

       Center              X                  Y                   Z               Mass       
    ------------   -----------------  -----------------  -----------------  -----------------
         O            0.000000000000     0.000000000000    -0.063430568255    15.994914619570
         H            0.000000000000    -0.759352469295     0.503344574241     1.007825032230
         H            0.000000000000     0.759352469295     0.503344574241     1.007825032230

  Running in c2v symmetry.

  Rotational constants: A =     29.31603  B =     14.50423  C =      9.70342 [cm^-1]
  Rotational constants: A = 878872.50134  B = 434825.73875  C = 290901.19253 [MHz]
  Nuclear repulsion =    9.283946073151991

  Charge       = 0
  Multiplicity = 1
  Electrons    = 10
  Nalpha       = 5
  Nbeta        = 5

  ==> Algorithm <==

  SCF Algorithm Type is DF.
  DIIS enabled.
  MOM disabled.
  Fractional occupation disabled.
  Guess Type is SAD.
  Energy threshold   = 1.00e-08
  Density threshold  = 1.00e-08
  Integral threshold = 0.00e+00

  ==> Primary Basis <==

  Basis Set: 6-31+G(D)
    Blend: 6-31+G(D)
    Number of shells: 12
    Number of basis function: 23
    Number of Cartesian functions: 23
    Spherical Harmonics?: false
    Max angular momentum: 2

   => Loading Basis Set <=

    Name: (6-31+G(D) AUX)
    Role: JKFIT
    Keyword: DF_BASIS_SCF
    atoms 1   entry O          line   310 file /home/sulstice/software/miniconda2/envs/qmpython2/share/psi4/basis/heavy-aug-cc-pvdz-jkfit.gbs 
    atoms 2-3 entry H          line   116 file /home/sulstice/software/miniconda2/envs/qmpython2/share/psi4/basis/heavy-aug-cc-pvdz-jkfit.gbs 

  ==> Pre-Iterations <==

   -------------------------------------------------------
    Irrep   Nso     Nmo     Nalpha   Nbeta   Ndocc  Nsocc
   -------------------------------------------------------
     A1        12      12       0       0       0       0
     A2         1       1       0       0       0       0
     B1         4       4       0       0       0       0
     B2         6       6       0       0       0       0
   -------------------------------------------------------
    Total      23      23       5       5       5       0
   -------------------------------------------------------

  ==> Integral Setup <==

  DFHelper Memory: AOs need 0.001 GiB; user supplied 5.588 GiB. Using in-core AOs.

  ==> MemDFJK: Density-Fitted J/K Matrices <==

    J tasked:                   Yes
    K tasked:                   Yes
    wK tasked:                   No
    OpenMP threads:              10
    Memory [MiB]:              5722
    Algorithm:                 Core
    Schwarz Cutoff:           1E-12
    Mask sparsity (%):       0.0000
    Fitting Condition:        1E-10

   => Auxiliary Basis Set <=

  Basis Set: (6-31+G(D) AUX)
    Blend: HEAVY-AUG-CC-PVDZ-JKFIT
    Number of shells: 46
    Number of basis function: 151
    Number of Cartesian functions: 151
    Spherical Harmonics?: false
    Max angular momentum: 3

  Minimum eigenvalue in the overlap matrix is 1.7286256552E-02.
  Using Symmetric Orthogonalization.

  SCF Guess: Superposition of Atomic Densities via on-the-fly atomic UHF.

  ==> Iterations <==

                           Total Energy        Delta E     RMS |[F,P]|

   @DF-RHF iter SAD:   -75.53680300864592   -7.55368e+01   0.00000e+00 
   @DF-RHF iter   1:   -75.94413837383361   -4.07335e-01   3.00483e-02 DIIS
   @DF-RHF iter   2:   -75.99408498087888   -4.99466e-02   1.87145e-02 DIIS
   @DF-RHF iter   3:   -76.01737860370059   -2.32936e-02   1.51043e-03 DIIS
   @DF-RHF iter   4:   -76.01770626037427   -3.27657e-04   3.23205e-04 DIIS
   @DF-RHF iter   5:   -76.01772235168028   -1.60913e-05   5.64127e-05 DIIS
   @DF-RHF iter   6:   -76.01772317227547   -8.20595e-07   1.23886e-05 DIIS
   @DF-RHF iter   7:   -76.01772322162924   -4.93538e-08   1.69374e-06 DIIS
   @DF-RHF iter   8:   -76.01772322240008   -7.70839e-10   2.78429e-07 DIIS
   @DF-RHF iter   9:   -76.01772322241966   -1.95826e-11   6.97672e-08 DIIS
   @DF-RHF iter  10:   -76.01772322242070   -1.03739e-12   8.40161e-09 DIIS
  Energy and wave function converged.


  ==> Post-Iterations <==

    Orbital Energies [Eh]
    ---------------------

    Doubly Occupied:                                                      

       1A1   -20.578235     2A1    -1.360955     1B2    -0.731879  
       3A1    -0.582799     1B1    -0.509440  

    Virtual:                                                              

       4A1     0.146634     2B2     0.219022     5A1     0.250782  
       2B1     0.252560     3B2     0.359540     6A1     0.387637  
       4B2     1.247886     7A1     1.347809     5B2     1.389861  
       3B1     1.404678     8A1     1.408919     9A1     1.473766  
      10A1     2.010501     1A2     2.015210     4B1     2.054727  
      11A1     2.636988     6B2     3.038924    12A1     4.107800  

    Final Occupation by Irrep:
             A1    A2    B1    B2 
    DOCC [     3,    0,    1,    1 ]

  @DF-RHF Final Energy:   -76.01772322242070

   => Energetics <=

    Nuclear Repulsion Energy =              9.2839460731519914
    One-Electron Energy =                -123.0767228880890514
    Two-Electron Energy =                  37.7750535925163504
    Total Energy =                        -76.0177232224206989

Computation Completed


Properties will be evaluated at   0.000000,   0.000000,   0.000000 [a0]

Properties computed using the SCF density matrix

  Nuclear Dipole Moment: [e a0]
     X:     0.0000      Y:     0.0000      Z:     0.9434

  Electronic Dipole Moment: [e a0]
     X:     0.0000      Y:     0.0000      Z:    -0.0444

  Dipole Moment: [e a0]
     X:     0.0000      Y:     0.0000      Z:     0.8991     Total:     0.8991

  Dipole Moment: [D]
     X:     0.0000      Y:     0.0000      Z:     2.2852     Total:     2.2852


*** tstop() called on wanukaka at Thu Apr 14 12:37:46 2022
Module time:
	user time   =       4.92 seconds =       0.08 minutes
	system time =       0.22 seconds =       0.00 minutes
	total time  =          0 seconds =       0.00 minutes
Total time:
	user time   =      93.95 seconds =       1.57 minutes
	system time =       4.16 seconds =       0.07 minutes
	total time  =         10 seconds =       0.17 minutes

*** tstart() called on wanukaka
*** at Thu Apr 14 12:37:46 2022


         ------------------------------------------------------------
                                   SCF HESS                          
                          Rob Parrish, Justin Turney,                
                       Andy Simmonett, and Alex Sokolov              
         ------------------------------------------------------------

  ==> Geometry <==

    Molecular point group: c2v
    Full point group: C2v

    Geometry (in Angstrom), charge = 0, multiplicity = 1:

       Center              X                  Y                   Z               Mass       
    ------------   -----------------  -----------------  -----------------  -----------------
         O            0.000000000000     0.000000000000    -0.063430568255    15.994914619570
         H            0.000000000000    -0.759352469295     0.503344574241     1.007825032230
         H            0.000000000000     0.759352469295     0.503344574241     1.007825032230

  Nuclear repulsion =    9.283946073151991

  ==> Basis Set <==

  Basis Set: 6-31+G(D)
    Blend: 6-31+G(D)
    Number of shells: 12
    Number of basis function: 23
    Number of Cartesian functions: 23
    Spherical Harmonics?: false
    Max angular momentum: 2

  ==> DFJKGrad: Density-Fitted SCF Gradients <==

    Gradient:                    2
    J tasked:                  Yes
    K tasked:                  Yes
    wK tasked:                  No
    OpenMP threads:             10
    Integrals threads:          10
    Memory [MiB]:             5722
    Schwarz Cutoff:          0E+00
    Fitting Condition:       1E-10

   => Auxiliary Basis Set <=

  Basis Set: (6-31+G(D) AUX)
    Blend: HEAVY-AUG-CC-PVDZ-JKFIT
    Number of shells: 46
    Number of basis function: 151
    Number of Cartesian functions: 151
    Spherical Harmonics?: false
    Max angular momentum: 3

  DFHelper Memory: AOs need 0.001 GiB; user supplied 6.706 GiB. Using in-core AOs.

  ==> MemDFJK: Density-Fitted J/K Matrices <==

    J tasked:                   Yes
    K tasked:                   Yes
    wK tasked:                   No
    OpenMP threads:              10
    Memory [MiB]:              6866
    Algorithm:                 Core
    Schwarz Cutoff:           1E-12
    Mask sparsity (%):       0.0000
    Fitting Condition:        1E-10

   => Auxiliary Basis Set <=

  Basis Set: (6-31+G(D) AUX)
    Blend: HEAVY-AUG-CC-PVDZ-JKFIT
    Number of shells: 46
    Number of basis function: 151
    Number of Cartesian functions: 151
    Spherical Harmonics?: false
    Max angular momentum: 3


         ------------------------------------------------------------
                                     CPHF                           
                                  Rob Parrish                       
         ------------------------------------------------------------

  ==> Geometry <==

    Molecular point group: c2v
    Full point group: C2v

    Geometry (in Angstrom), charge = 0, multiplicity = 1:

       Center              X                  Y                   Z               Mass       
    ------------   -----------------  -----------------  -----------------  -----------------
         O            0.000000000000     0.000000000000    -0.063430568255    15.994914619570
         H            0.000000000000    -0.759352469295     0.503344574241     1.007825032230
         H            0.000000000000     0.759352469295     0.503344574241     1.007825032230

  Nuclear repulsion =    9.283946073151991
  Reference energy  =  -76.017723222420699

  ==> Basis Set <==

  Basis Set: 6-31+G(D)
    Blend: 6-31+G(D)
    Number of shells: 12
    Number of basis function: 23
    Number of Cartesian functions: 23
    Spherical Harmonics?: false
    Max angular momentum: 2

  ==> CGRSolver (by Rob Parrish) <==

   Number of roots    =         9
   Preconditioning    =    JACOBI
   Convergence cutoff =     1E-06
   Maximum iterations =       100

  ==> CPHFRHamiltonian (by Rob Parrish) <== 

  ==> MemDFJK: Density-Fitted J/K Matrices <==

    J tasked:                   Yes
    K tasked:                   Yes
    wK tasked:                   No
    OpenMP threads:              10
    Memory [MiB]:              6866
    Algorithm:                 Core
    Schwarz Cutoff:           1E-12
    Mask sparsity (%):       0.0000
    Fitting Condition:        1E-10

   => Auxiliary Basis Set <=

  Basis Set: (6-31+G(D) AUX)
    Blend: HEAVY-AUG-CC-PVDZ-JKFIT
    Number of shells: 46
    Number of basis function: 151
    Number of Cartesian functions: 151
    Spherical Harmonics?: false
    Max angular momentum: 3

  ==> CPHF Iterations <==

  => Iterations <=

             Iter  Converged  Remaining    Residual
  CGR           1          0          9   1.341E-01
  CGR           2          0          9   2.447E-02
  CGR           3          0          9   5.188E-03
  CGR           4          0          9   9.477E-04
  CGR           5          0          9   1.331E-04
  CGR           6          0          9   2.011E-05
  CGR           7          2          7   5.354E-06
  CGR           8          9          0   7.748E-07

    CGRSolver converged.


*** tstop() called on wanukaka at Thu Apr 14 12:37:49 2022
Module time:
	user time   =      23.63 seconds =       0.39 minutes
	system time =       0.66 seconds =       0.01 minutes
	total time  =          3 seconds =       0.05 minutes
Total time:
	user time   =     117.60 seconds =       1.96 minutes
	system time =       4.82 seconds =       0.08 minutes
	total time  =         13 seconds =       0.22 minutes


  ==> Harmonic Vibrational Analysis <==

  non-mass-weighted Hessian:       Symmetric? True   Hermitian? True   Lin Dep Dim?  0 (0)
  projection of translations (True) and rotations (True) removed 6 degrees of freedom (6)
  total projector:                 Symmetric? True   Hermitian? True   Lin Dep Dim?  6 (6)
  mass-weighted Hessian:           Symmetric? True   Hermitian? True   Lin Dep Dim?  0 (0)
  pre-proj  low-frequency mode:    0.0000i [cm^-1]
  pre-proj  low-frequency mode:    0.0000i [cm^-1]
  pre-proj  low-frequency mode:    0.0000i [cm^-1]
  pre-proj  low-frequency mode:    0.0000i [cm^-1]
  pre-proj  low-frequency mode:    0.0000i [cm^-1]
  pre-proj  low-frequency mode:    0.0089  [cm^-1]
  pre-proj  all modes:['26.4139i' '26.3588i' '26.2470i' '0.0186i' '0.0050i' '0.0089' '1796.6527'
 '4071.5885' '4190.7595']
  projected mass-weighted Hessian: Symmetric? True   Hermitian? True   Lin Dep Dim?  6 (6)
  post-proj low-frequency mode:    0.0001i [cm^-1] (TR)
  post-proj low-frequency mode:    0.0000i [cm^-1] (TR)
  post-proj low-frequency mode:    0.0000i [cm^-1] (TR)
  post-proj low-frequency mode:    0.0000i [cm^-1] (TR)
  post-proj low-frequency mode:    0.0001  [cm^-1] (TR)
  post-proj low-frequency mode:    0.0001  [cm^-1] (TR)
  post-proj  all modes:['0.0001i' '0.0000i' '0.0000i' '0.0000i' '0.0001' '0.0001' '1796.6527'
 '4071.5885' '4190.7595']

  Vibration                       7                   8                   9           
  Freq [cm^-1]                1796.6527           4071.5885           4190.7595       
  Irrep                           A1                  A1                  B2          
  Reduced mass [u]              1.0828              1.0451              1.0839        
  Force const [mDyne/A]         2.0593             10.2077             11.2153        
  Turning point v=0 [a0]        0.2488              0.1682              0.1628        
  RMS dev v=0 [a0 u^1/2]        0.1830              0.1216              0.1199        
  IR activ [km/mol]            119.3415            23.4012             87.2929        
  Char temp [K]               2584.9833           5858.1093           6029.5698       
  ----------------------------------------------------------------------------------
      1   O                0.00  0.00 -0.07    0.00 -0.00  0.05    0.00 -0.07 -0.00   
      2   H               -0.00  0.43  0.56    0.00  0.58 -0.40   -0.00  0.57 -0.42   
      3   H                0.00 -0.43  0.56   -0.00 -0.58 -0.40   -0.00  0.57  0.42   

  ==> Thermochemistry Components <==

  Entropy, S
    Electronic S            0.000 [cal/(mol K)]        0.000 [J/(mol K)]       0.00000000 [mEh/K] (multiplicity = 1)
    Translational S        34.608 [cal/(mol K)]      144.801 [J/(mol K)]       0.05515177 [mEh/K] (mol. weight = 18.0106 [u], P = 101325.00 [Pa])
    Rotational S           10.368 [cal/(mol K)]       43.380 [J/(mol K)]       0.01652250 [mEh/K] (symmetry no. = 2)
    Vibrational S           0.003 [cal/(mol K)]        0.014 [J/(mol K)]       0.00000526 [mEh/K]
  Total S                  44.980 [cal/(mol K)]      188.195 [J/(mol K)]       0.07167953 [mEh/K]
  Correction S              0.000 [cal/(mol K)]        0.000 [J/(mol K)]       0.00000000 [mEh/K]

  Constant volume heat capacity, Cv
    Electronic Cv           0.000 [cal/(mol K)]        0.000 [J/(mol K)]       0.00000000 [mEh/K]
    Translational Cv        2.981 [cal/(mol K)]       12.472 [J/(mol K)]       0.00475022 [mEh/K]
    Rotational Cv           2.981 [cal/(mol K)]       12.472 [J/(mol K)]       0.00475022 [mEh/K]
    Vibrational Cv          0.026 [cal/(mol K)]        0.107 [J/(mol K)]       0.00004088 [mEh/K]
  Total Cv                  5.987 [cal/(mol K)]       25.051 [J/(mol K)]       0.00954131 [mEh/K]
  Correction Cv             0.000 [cal/(mol K)]        0.000 [J/(mol K)]       0.00000000 [mEh/K]

  Constant pressure heat capacity, Cp
    Electronic Cp           0.000 [cal/(mol K)]        0.000 [J/(mol K)]       0.00000000 [mEh/K]
    Translational Cp        4.968 [cal/(mol K)]       20.786 [J/(mol K)]       0.00791703 [mEh/K]
    Rotational Cp           2.981 [cal/(mol K)]       12.472 [J/(mol K)]       0.00475022 [mEh/K]
    Vibrational Cp          0.026 [cal/(mol K)]        0.107 [J/(mol K)]       0.00004088 [mEh/K]
  Total Cp                  7.974 [cal/(mol K)]       33.365 [J/(mol K)]       0.01270812 [mEh/K]
  Correction Cp             0.000 [cal/(mol K)]        0.000 [J/(mol K)]       0.00000000 [mEh/K]

  ==> Thermochemistry Energy Analysis <==

  Raw electronic energy, E0
  Total E0, Electronic energy at well bottom at 0 [K]                  -76.01772322 [Eh]

  Zero-point energy, ZPE_vib = Sum_i nu_i / 2
    Electronic ZPE          0.000 [kcal/mol]        0.000 [kJ/mol]       0.00000000 [Eh]
    Translational ZPE       0.000 [kcal/mol]        0.000 [kJ/mol]       0.00000000 [Eh]
    Rotational ZPE          0.000 [kcal/mol]        0.000 [kJ/mol]       0.00000000 [Eh]
    Vibrational ZPE        14.380 [kcal/mol]       60.166 [kJ/mol]       0.02291609 [Eh]        5029.500 [cm^-1]
  Correction ZPE           14.380 [kcal/mol]       60.166 [kJ/mol]       0.02291609 [Eh]        5029.500 [cm^-1]
  Total ZPE, Electronic energy at 0 [K]                                -75.99480713 [Eh]

  Thermal Energy, E (includes ZPE)
    Electronic E            0.000 [kcal/mol]        0.000 [kJ/mol]       0.00000000 [Eh]
    Translational E         0.889 [kcal/mol]        3.718 [kJ/mol]       0.00141628 [Eh]
    Rotational E            0.889 [kcal/mol]        3.718 [kJ/mol]       0.00141628 [Eh]
    Vibrational E          14.381 [kcal/mol]       60.170 [kJ/mol]       0.02291750 [Eh]
  Correction E             16.158 [kcal/mol]       67.607 [kJ/mol]       0.02575005 [Eh]
  Total E, Electronic energy at  298.15 [K]                            -75.99197317 [Eh]

  Enthalpy, H_trans = E_trans + k_B * T
    Electronic H            0.000 [kcal/mol]        0.000 [kJ/mol]       0.00000000 [Eh]
    Translational H         1.481 [kcal/mol]        6.197 [kJ/mol]       0.00236046 [Eh]
    Rotational H            0.889 [kcal/mol]        3.718 [kJ/mol]       0.00141628 [Eh]
    Vibrational H          14.381 [kcal/mol]       60.170 [kJ/mol]       0.02291750 [Eh]
  Correction H             16.751 [kcal/mol]       70.086 [kJ/mol]       0.02669423 [Eh]
  Total H, Enthalpy at  298.15 [K]                                     -75.99102899 [Eh]

  Gibbs free energy, G = H - T * S
    Electronic G            0.000 [kcal/mol]        0.000 [kJ/mol]       0.00000000 [Eh]
    Translational G        -8.837 [kcal/mol]      -36.975 [kJ/mol]      -0.01408304 [Eh]
    Rotational G           -2.203 [kcal/mol]       -9.215 [kJ/mol]      -0.00350991 [Eh]
    Vibrational G          14.380 [kcal/mol]       60.166 [kJ/mol]       0.02291593 [Eh]
  Correction G              3.340 [kcal/mol]       13.975 [kJ/mol]       0.00532298 [Eh]
  Total G, Free enthalpy at  298.15 [K]                                -76.01240024 [Eh]
