gradient() will perform analytic gradient computation.

*** tstart() called on wanukaka
*** at Thu Apr 21 15:05:16 2022

   => Loading Basis Set <=

    Name: 6-311++G(D,P)
    Role: ORBITAL
    Keyword: BASIS
    atoms 1-6  entry C          line   119 file /home/sulstice/software/miniconda2/envs/qmpython2/share/psi4/basis/6-311ppg_d_p_.gbs 
    atoms 7-12 entry H          line    42 file /home/sulstice/software/miniconda2/envs/qmpython2/share/psi4/basis/6-311ppg_d_p_.gbs 


         ---------------------------------------------------------
                                   SCF
               by Justin Turney, Rob Parrish, Andy Simmonett
                          and Daniel G. A. Smith
                              RHF Reference
                       12 Threads,   7629 MiB Core
         ---------------------------------------------------------

  ==> Geometry <==

    Molecular point group: c1
    Full point group: C1

    Geometry (in Angstrom), charge = 0, multiplicity = 1:

       Center              X                  Y                   Z               Mass       
    ------------   -----------------  -----------------  -----------------  -----------------
         C           -0.762035129131     1.168403333333    -0.000521537536    12.000000000000
         C            0.630834870869     1.243953333333    -0.001191537536    12.000000000000
         C            1.392704870869     0.075793333333     0.000398462464    12.000000000000
         C            0.762034870869    -1.168396666667     0.002718462464    12.000000000000
         C           -0.630835129131    -1.243956666667     0.000128462464    12.000000000000
         C           -1.392705129131    -0.075796666667    -0.001531537536    12.000000000000
         H           -1.355605129131     2.078513333333     0.000518462464     1.007825032230
         H            1.122274870869     2.213303333333    -0.002821537536     1.007825032230
         H            2.477914870869     0.134733333333    -0.000041537536     1.007825032230
         H            1.355604870869    -2.078506666667     0.006288462464     1.007825032230
         H           -1.122265129131    -2.213306666667    -0.000481537536     1.007825032230
         H           -2.477915129131    -0.134736666667    -0.003471537536     1.007825032230

  Running in c1 symmetry.

  Rotational constants: A =      0.19014  B =      0.19014  C =      0.09507 [cm^-1]
  Rotational constants: A =   5700.40336  B =   5700.20496  C =   2850.15460 [MHz]
  Nuclear repulsion =  203.416220078318048

  Charge       = 0
  Multiplicity = 1
  Electrons    = 42
  Nalpha       = 21
  Nbeta        = 21

  ==> Algorithm <==

  SCF Algorithm Type is DF.
  DIIS enabled.
  MOM disabled.
  Fractional occupation disabled.
  Guess Type is SAD.
  Energy threshold   = 1.00e-08
  Density threshold  = 1.00e-08
  Integral threshold = 0.00e+00

  ==> Primary Basis <==

  Basis Set: 6-311++G(D,P)
    Blend: 6-311++G(D,P)
    Number of shells: 90
    Number of basis function: 174
    Number of Cartesian functions: 180
    Spherical Harmonics?: true
    Max angular momentum: 2

   => Loading Basis Set <=

    Name: (6-311++G(D,P) AUX)
    Role: JKFIT
    Keyword: DF_BASIS_SCF
    atoms 1-6  entry C          line   162 file /home/sulstice/software/miniconda2/envs/qmpython2/share/psi4/basis/aug-cc-pvtz-jkfit.gbs 
    atoms 7-12 entry H          line    70 file /home/sulstice/software/miniconda2/envs/qmpython2/share/psi4/basis/aug-cc-pvtz-jkfit.gbs 

  ==> Pre-Iterations <==

   -------------------------------------------------------
    Irrep   Nso     Nmo     Nalpha   Nbeta   Ndocc  Nsocc
   -------------------------------------------------------
     A        174     174       0       0       0       0
   -------------------------------------------------------
    Total     174     174      21      21      21       0
   -------------------------------------------------------

  ==> Integral Setup <==

  DFHelper Memory: AOs need 0.216 GiB; user supplied 5.588 GiB. Using in-core AOs.

  ==> MemDFJK: Density-Fitted J/K Matrices <==

    J tasked:                   Yes
    K tasked:                   Yes
    wK tasked:                   No
    OpenMP threads:              12
    Memory [MiB]:              5722
    Algorithm:                 Core
    Schwarz Cutoff:           1E-12
    Mask sparsity (%):       1.1296
    Fitting Condition:        1E-10

   => Auxiliary Basis Set <=

  Basis Set: (6-311++G(D,P) AUX)
    Blend: AUG-CC-PVTZ-JKFIT
    Number of shells: 264
    Number of basis function: 900
    Number of Cartesian functions: 1116
    Spherical Harmonics?: true
    Max angular momentum: 4

  Minimum eigenvalue in the overlap matrix is 1.0680887899E-06.
  Using Symmetric Orthogonalization.

  SCF Guess: Superposition of Atomic Densities via on-the-fly atomic UHF.

  ==> Iterations <==

                           Total Energy        Delta E     RMS |[F,P]|

   @DF-RHF iter SAD:  -230.15458877953327   -2.30155e+02   0.00000e+00 
   @DF-RHF iter   1:  -230.58292336158030   -4.28335e-01   3.03674e-03 DIIS
   @DF-RHF iter   2:  -230.72280444052669   -1.39881e-01   1.43906e-03 DIIS
   @DF-RHF iter   3:  -230.75443872409517   -3.16343e-02   2.27476e-04 DIIS
   @DF-RHF iter   4:  -230.75579192029144   -1.35320e-03   2.50460e-05 DIIS
   @DF-RHF iter   5:  -230.75581168002236   -1.97597e-05   4.60183e-06 DIIS
   @DF-RHF iter   6:  -230.75581240142469   -7.21402e-07   5.27954e-07 DIIS
   @DF-RHF iter   7:  -230.75581241147572   -1.00510e-08   5.96333e-08 DIIS
   @DF-RHF iter   8:  -230.75581241157278   -9.70601e-11   2.18336e-08 DIIS
   @DF-RHF iter   9:  -230.75581241158059   -7.81597e-12   3.38937e-09 DIIS
  Energy and wave function converged.


  ==> Post-Iterations <==

    Orbital Energies [Eh]
    ---------------------

    Doubly Occupied:                                                      

       1A    -11.239525     2A    -11.238958     3A    -11.238952  
       4A    -11.237729     5A    -11.237722     6A    -11.237123  
       7A     -1.152097     8A     -1.016197     9A     -1.016154  
      10A     -0.824878    11A     -0.824773    12A     -0.709966  
      13A     -0.643564    14A     -0.620838    15A     -0.589029  
      16A     -0.589003    17A     -0.502045    18A     -0.495846  
      19A     -0.495667    20A     -0.337171    21A     -0.337098  

    Virtual:                                                              

      22A      0.042109    23A      0.048960    24A      0.048963  
      25A      0.066252    26A      0.066252    27A      0.088073  
      28A      0.109079    29A      0.109144    30A      0.129343  
      31A      0.152603    32A      0.152605    33A      0.157959  
      34A      0.162772    35A      0.180997    36A      0.181002  
      37A      0.183413    38A      0.183415    39A      0.192398  
      40A      0.209199    41A      0.212258    42A      0.212263  
      43A      0.216166    44A      0.216205    45A      0.217040  
      46A      0.228158    47A      0.228159    48A      0.250278  
      49A      0.250284    50A      0.289018    51A      0.289032  
      52A      0.303037    53A      0.333261    54A      0.333621  
      55A      0.368387    56A      0.407658    57A      0.407730  
      58A      0.429293    59A      0.429306    60A      0.439071  
      61A      0.497906    62A      0.497971    63A      0.508567  
      64A      0.508661    65A      0.604027    66A      0.608745  
      67A      0.715383    68A      0.722302    69A      0.722349  
      70A      0.727128    71A      0.749686    72A      0.749749  
      73A      0.750741    74A      0.757656    75A      0.757697  
      76A      0.796520    77A      0.819480    78A      0.819514  
      79A      0.885767    80A      0.939386    81A      0.939534  
      82A      0.950111    83A      0.950171    84A      0.974708  
      85A      1.015781    86A      1.015797    87A      1.017994  
      88A      1.059374    89A      1.059382    90A      1.104039  
      91A      1.120200    92A      1.120305    93A      1.129579  
      94A      1.169380    95A      1.216504    96A      1.216506  
      97A      1.249048    98A      1.323023    99A      1.323064  
     100A      1.390832   101A      1.390890   102A      1.521889  
     103A      1.555160   104A      1.711314   105A      1.784439  
     106A      1.784463   107A      1.795175   108A      1.824702  
     109A      1.843548   110A      1.843588   111A      1.906418  
     112A      1.906449   113A      1.931694   114A      1.931710  
     115A      1.988145   116A      2.052345   117A      2.052488  
     118A      2.102037   119A      2.102233   120A      2.126060  
     121A      2.235894   122A      2.236146   123A      2.238814  
     124A      2.247414   125A      2.247450   126A      2.294118  
     127A      2.344505   128A      2.344670   129A      2.375405  
     130A      2.375425   131A      2.634824   132A      2.661619  
     133A      2.738842   134A      2.739108   135A      2.739182  
     136A      2.811094   137A      2.811262   138A      2.956100  
     139A      2.956203   140A      2.989014   141A      2.993378  
     142A      3.022222   143A      3.022261   144A      3.047420  
     145A      3.047545   146A      3.057585   147A      3.091141  
     148A      3.190940   149A      3.190992   150A      3.258082  
     151A      3.292685   152A      3.292689   153A      3.321273  
     154A      3.321279   155A      3.480796   156A      3.546601  
     157A      3.773357   158A      3.773705   159A      3.902328  
     160A      3.902475   161A      3.916625   162A      4.069092  
     163A      4.401329   164A      4.401610   165A      4.492134  
     166A      4.570875   167A      4.571000   168A      5.277205  
     169A     24.742691   170A     25.131486   171A     25.132161  
     172A     25.254084   173A     25.254668   174A     25.365054  

    Final Occupation by Irrep:
              A 
    DOCC [    21 ]

  @DF-RHF Final Energy:  -230.75581241158059

   => Energetics <=

    Nuclear Repulsion Energy =            203.4162200783180481
    One-Electron Energy =                -713.1753935952766597
    Two-Electron Energy =                 279.0033611053780191
    Total Energy =                       -230.7558124115806208

Computation Completed


Properties will be evaluated at   0.000000,   0.000000,   0.000000 [a0]

Properties computed using the SCF density matrix

  Nuclear Dipole Moment: [e a0]
     X:     0.0000      Y:     0.0000      Z:    -0.0000

  Electronic Dipole Moment: [e a0]
     X:    -0.0000      Y:    -0.0000      Z:     0.0000

  Dipole Moment: [e a0]
     X:     0.0000      Y:    -0.0000      Z:    -0.0000     Total:     0.0000

  Dipole Moment: [D]
     X:     0.0000      Y:    -0.0000      Z:    -0.0000     Total:     0.0000


*** tstop() called on wanukaka at Thu Apr 21 15:05:18 2022
Module time:
	user time   =      24.93 seconds =       0.42 minutes
	system time =       0.71 seconds =       0.01 minutes
	total time  =          2 seconds =       0.03 minutes
Total time:
	user time   =     312.13 seconds =       5.20 minutes
	system time =      12.24 seconds =       0.20 minutes
	total time  =         37 seconds =       0.62 minutes

*** tstart() called on wanukaka
*** at Thu Apr 21 15:05:18 2022


         ------------------------------------------------------------
                                   SCF GRAD                          
                          Rob Parrish, Justin Turney,                
                       Andy Simmonett, and Alex Sokolov              
         ------------------------------------------------------------

  ==> Geometry <==

    Molecular point group: c1
    Full point group: C1

    Geometry (in Angstrom), charge = 0, multiplicity = 1:

       Center              X                  Y                   Z               Mass       
    ------------   -----------------  -----------------  -----------------  -----------------
         C           -0.762035129131     1.168403333333    -0.000521537536    12.000000000000
         C            0.630834870869     1.243953333333    -0.001191537536    12.000000000000
         C            1.392704870869     0.075793333333     0.000398462464    12.000000000000
         C            0.762034870869    -1.168396666667     0.002718462464    12.000000000000
         C           -0.630835129131    -1.243956666667     0.000128462464    12.000000000000
         C           -1.392705129131    -0.075796666667    -0.001531537536    12.000000000000
         H           -1.355605129131     2.078513333333     0.000518462464     1.007825032230
         H            1.122274870869     2.213303333333    -0.002821537536     1.007825032230
         H            2.477914870869     0.134733333333    -0.000041537536     1.007825032230
         H            1.355604870869    -2.078506666667     0.006288462464     1.007825032230
         H           -1.122265129131    -2.213306666667    -0.000481537536     1.007825032230
         H           -2.477915129131    -0.134736666667    -0.003471537536     1.007825032230

  Nuclear repulsion =  203.416220078318048

  ==> Basis Set <==

  Basis Set: 6-311++G(D,P)
    Blend: 6-311++G(D,P)
    Number of shells: 90
    Number of basis function: 174
    Number of Cartesian functions: 180
    Spherical Harmonics?: true
    Max angular momentum: 2

  ==> DFJKGrad: Density-Fitted SCF Gradients <==

    Gradient:                    1
    J tasked:                  Yes
    K tasked:                  Yes
    wK tasked:                  No
    OpenMP threads:             12
    Integrals threads:          12
    Memory [MiB]:             5722
    Schwarz Cutoff:          0E+00
    Fitting Condition:       1E-10

   => Auxiliary Basis Set <=

  Basis Set: (6-311++G(D,P) AUX)
    Blend: AUG-CC-PVTZ-JKFIT
    Number of shells: 264
    Number of basis function: 900
    Number of Cartesian functions: 1116
    Spherical Harmonics?: true
    Max angular momentum: 4


  -Total Gradient:
     Atom            X                  Y                   Z
    ------   -----------------  -----------------  -----------------
       1       -0.000725024185     0.001100990054     0.000082922573
       2        0.000623446928     0.000731422379    -0.000041378764
       3        0.000915343344     0.000264624920    -0.000041446857
       4        0.000725519197    -0.001091902812     0.000083665810
       5       -0.000625339717    -0.000737654450    -0.000038429084
       6       -0.000916550288    -0.000267693106    -0.000044423830
       7       -0.004395019945     0.006739463241     0.000103238342
       8        0.003695396217     0.007322164355    -0.000058597912
       9        0.008190288853     0.000429977257    -0.000052657217
      10        0.004396791556    -0.006742018469     0.000122214595
      11       -0.003693259037    -0.007319393888    -0.000051225793
      12       -0.008191592925    -0.000429979482    -0.000063881865


*** tstop() called on wanukaka at Thu Apr 21 15:05:21 2022
Module time:
	user time   =      23.45 seconds =       0.39 minutes
	system time =       0.62 seconds =       0.01 minutes
	total time  =          3 seconds =       0.05 minutes
Total time:
	user time   =     335.59 seconds =       5.59 minutes
	system time =      12.87 seconds =       0.21 minutes
	total time  =         40 seconds =       0.67 minutes

			-----------------------------------------
			 OPTKING 2.0: for geometry optimizations 
			  - R.A. King,  Bethel University        
			-----------------------------------------

	Internal coordinates to be generated automatically.
	Detected frag 1 with atoms:  1 2 3 4 5 6 7 8 9 10 11 12
	---Fragment 1 Bond Connectivity---
	 1 : 2 6 7
	 2 : 1 3 8
	 3 : 2 4 9
	 4 : 3 5 10
	 5 : 4 6 11
	 6 : 1 5 12
	 7 : 1
	 8 : 2
	 9 : 3
	 10 : 4
	 11 : 5
	 12 : 6

	---Fragment 1 Geometry and Gradient---
	 C          -1.4400376920        2.2079623041       -0.0009855631
	 C           1.1921051363        2.3507311129       -0.0022516796
	 C           2.6318307795        0.1432286421        0.0007529849
	 C           1.4400372040       -2.2079497059        0.0051371495
	 C          -1.1921056244       -2.3507374119        0.0002427589
	 C          -2.6318312676       -0.1432349412       -0.0028941865
	 H          -2.5617224283        3.9278209481        0.0009797521
	 H           2.1207921434        4.1825371326       -0.0053319332
	 H           4.6825804681        0.2546091000       -0.0000784946
	 H           2.5617219403       -3.9278083499        0.0118834718
	 H          -2.1207737342       -4.1825434316       -0.0009099741
	 H          -4.6825809562       -0.2546153991       -0.0065602552
	            -0.0007250242        0.0011009901        0.0000829226
	             0.0006234469        0.0007314224       -0.0000413788
	             0.0009153433        0.0002646249       -0.0000414469
	             0.0007255192       -0.0010919028        0.0000836658
	            -0.0006253397       -0.0007376544       -0.0000384291
	            -0.0009165503       -0.0002676931       -0.0000444238
	            -0.0043950199        0.0067394632        0.0001032383
	             0.0036953962        0.0073221644       -0.0000585979
	             0.0081902889        0.0004299773       -0.0000526572
	             0.0043967916       -0.0067420185        0.0001222146
	            -0.0036932590       -0.0073193939       -0.0000512258
	            -0.0081915929       -0.0004299795       -0.0000638819

	Previous optimization step data not found.  Starting new optimization.

	---Fragment 1 Intrafragment Coordinates---
	 - Coordinate -           - BOHR/RAD -       - ANG/DEG -
	 R(1,2)           =         2.636012	       1.394918
	 R(1,6)           =         2.636002	       1.394912
	 R(1,7)           =         2.053313	       1.086566
	 R(2,3)           =         2.635505	       1.394649
	 R(2,8)           =         2.053773	       1.086810
	 R(3,4)           =         2.635988	       1.394905
	 R(3,9)           =         2.053772	       1.086809
	 R(4,5)           =         2.636017	       1.394920
	 R(4,10)          =         2.053323	       1.086572
	 R(5,6)           =         2.635505	       1.394649
	 R(5,11)          =         2.053762	       1.086804
	 R(6,12)          =         2.053775	       1.086811
	 B(1,2,3)         =         2.094526	     120.007482
	 B(1,2,8)         =         2.094199	     119.988764
	 B(1,6,5)         =         2.094530	     120.007755
	 B(1,6,12)        =         2.094198	     119.988723
	 B(2,1,6)         =         2.094126	     119.984577
	 B(2,1,7)         =         2.094526	     120.007526
	 B(2,3,4)         =         2.094530	     120.007717
	 B(2,3,9)         =         2.094454	     120.003402
	 B(3,2,8)         =         2.094461	     120.003753
	 B(3,4,5)         =         2.094132	     119.984901
	 B(3,4,10)        =         2.094532	     120.007825
	 B(4,3,9)         =         2.094201	     119.988881
	 B(4,5,6)         =         2.094521	     120.007199
	 B(4,5,11)        =         2.094198	     119.988704
	 B(5,4,10)        =         2.094522	     120.007272
	 B(5,6,12)        =         2.094457	     120.003521
	 B(6,1,7)         =         2.094533	     120.007895
	 B(6,5,11)        =         2.094467	     120.004096
	 D(1,2,3,4)       =        -0.000049	      -0.002815
	 D(1,2,3,9)       =        -3.141505	    -179.995000
	 D(1,6,5,4)       =        -0.000067	      -0.003828
	 D(1,6,5,11)      =         3.141405	     179.989222
	 D(2,1,6,5)       =         0.002765	       0.158422
	 D(2,1,6,12)      =        -3.138977	    -179.850148
	 D(2,3,4,5)       =         0.002747	       0.157410
	 D(2,3,4,10)      =        -3.139115	    -179.858044
	 D(3,2,1,6)       =        -0.002707	      -0.155101
	 D(3,2,1,7)       =         3.139171	     179.861239
	 D(3,4,5,6)       =        -0.002689	      -0.154088
	 D(3,4,5,11)      =         3.139025	     179.852860
	 D(4,3,2,8)       =         3.141404	     179.989191
	 D(4,5,6,12)      =        -3.141510	    -179.995258
	 D(5,4,3,9)       =        -3.138982	    -179.850404
	 D(5,6,1,7)       =        -3.139113	    -179.857918
	 D(6,1,2,8)       =         3.139025	     179.852892
	 D(6,5,4,10)      =         3.139173	     179.861366
	 D(7,1,2,8)       =        -0.002282	      -0.130769
	 D(7,1,6,12)      =         0.002330	       0.133513
	 D(8,2,3,9)       =        -0.000052	      -0.002993
	 D(9,3,4,10)      =         0.002341	       0.134142
	 D(10,4,5,11)     =        -0.002298	      -0.131686
	 D(11,5,6,12)     =        -0.000039	      -0.002207

	Current energy   :      -230.7558124116

	Generating empirical Hessian (Schlegel '84) for each fragment.
	Taking RFO optimization step.
	Going to follow RFO solution 1.
	Using RFO vector 1.
	Norm of target step-size    0.07509
	Projected energy change by RFO approximation:        -0.0022961690

	Back-transformation to cartesian coordinates...
	Successfully converged to displaced geometry.

	--- Internal Coordinate Step in ANG or DEG, aJ/ANG or AJ/DEG ---
	 ---------------------------------------------------------------------------
	   Coordinate                Previous        Force       Change         New 
	   ----------                --------       ------       ------       ------
	    1 R(1,2)          =      1.394918    -0.076490    -0.010522     1.384396
	    2 R(1,6)          =      1.394912    -0.076440    -0.010515     1.384397
	    3 R(1,7)          =      1.086566    -0.066289    -0.012016     1.074551
	    4 R(2,3)          =      1.394649    -0.074724    -0.010268     1.384381
	    5 R(2,8)          =      1.086810    -0.067573    -0.012259     1.074551
	    6 R(3,4)          =      1.394905    -0.076398    -0.010508     1.384396
	    7 R(3,9)          =      1.086809    -0.067570    -0.012258     1.074551
	    8 R(4,5)          =      1.394920    -0.076497    -0.010522     1.384398
	    9 R(4,10)         =      1.086572    -0.066317    -0.012021     1.074551
	   10 R(5,6)          =      1.394649    -0.074741    -0.010271     1.384378
	   11 R(5,11)         =      1.086804    -0.067544    -0.012253     1.074551
	   12 R(6,12)         =      1.086811    -0.067582    -0.012260     1.074551
	   13 B(1,2,3)        =    120.007482    -0.000002    -0.005990   120.001492
	   14 B(1,2,8)        =    119.988764     0.000002     0.008439   119.997203
	   15 B(1,6,5)        =    120.007755    -0.000002    -0.006093   120.001662
	   16 B(1,6,12)       =    119.988723     0.000002     0.008462   119.997185
	   17 B(2,1,6)        =    119.984577     0.000004     0.012291   119.996868
	   18 B(2,1,7)        =    120.007526    -0.000002    -0.006023   120.001502
	   19 B(2,3,4)        =    120.007717    -0.000002    -0.006141   120.001576
	   20 B(2,3,9)        =    120.003402    -0.000000    -0.002295   120.001107
	   21 B(3,2,8)        =    120.003753    -0.000000    -0.002455   120.001298
	   22 B(3,4,5)        =    119.984901     0.000004     0.011993   119.996894
	   23 B(3,4,10)       =    120.007825    -0.000002    -0.006104   120.001721
	   24 B(4,3,9)        =    119.988881     0.000002     0.008428   119.997310
	   25 B(4,5,6)        =    120.007199    -0.000002    -0.005738   120.001461
	   26 B(4,5,11)       =    119.988704     0.000002     0.008489   119.997194
	   27 B(5,4,10)       =    120.007272    -0.000002    -0.005916   120.001357
	   28 B(5,6,12)       =    120.003521    -0.000000    -0.002376   120.001145
	   29 B(6,1,7)        =    120.007895    -0.000002    -0.006295   120.001601
	   30 B(6,5,11)       =    120.004096    -0.000000    -0.002757   120.001339
	   31 D(1,2,3,4)      =     -0.002815     0.000000     0.003781     0.000965
	   32 D(1,2,3,9)      =   -179.995000    -0.000000    -0.035526  -180.030526
	   33 D(1,6,5,4)      =     -0.003828     0.000000     0.005301     0.001472
	   34 D(1,6,5,11)     =    179.989222     0.000000     0.041694   180.030917
	   35 D(2,1,6,5)      =      0.158422    -0.000001    -0.215272    -0.056850
	   36 D(2,1,6,12)     =   -179.850148    -0.000001    -0.174949  -180.025097
	   37 D(2,3,4,5)      =      0.157410    -0.000001    -0.213753    -0.056343
	   38 D(2,3,4,10)     =   -179.858044    -0.000001    -0.136985  -179.995029
	   39 D(3,2,1,6)      =     -0.155101     0.000001     0.210732     0.055631
	   40 D(3,2,1,7)      =    179.861239     0.000001     0.132772   179.994011
	   41 D(3,4,5,6)      =     -0.154088     0.000001     0.209212     0.055124
	   42 D(3,4,5,11)     =    179.852860     0.000001     0.172821   180.025681
	   43 D(4,3,2,8)      =    179.989191     0.000000     0.041578   180.030769
	   44 D(4,5,6,12)     =   -179.995258    -0.000000    -0.035025  -180.030282
	   45 D(5,4,3,9)      =   -179.850404    -0.000001    -0.174449  -180.024853
	   46 D(5,6,1,7)      =   -179.857918    -0.000001    -0.137312  -179.995229
	   47 D(6,1,2,8)      =    179.852892     0.000001     0.172937   180.025829
	   48 D(6,5,4,10)     =    179.861366     0.000001     0.132445   179.993811
	   49 D(7,1,2,8)      =     -0.130769     0.000001     0.094977    -0.035792
	   50 D(7,1,6,12)     =      0.133513    -0.000001    -0.096989     0.036524
	   51 D(8,2,3,9)      =     -0.002993     0.000000     0.002993     0.000000
	   52 D(9,3,4,10)     =      0.134142    -0.000001    -0.097681     0.036461
	   53 D(10,4,5,11)    =     -0.131686     0.000001     0.096053    -0.035633
	   54 D(11,5,6,12)    =     -0.002207     0.000000     0.001369    -0.000837
	 ---------------------------------------------------------------------------
	Successfully symmetrized geometry.

  ==> Convergence Check <==

  Measures of convergence in internal coordinates in au.
  Criteria marked as inactive (o), active & met (*), and active & unmet ( ).
  --------------------------------------------------------------------------------------------- ~
   Step     Total Energy     Delta E     MAX Force     RMS Force      MAX Disp      RMS Disp    ~
  --------------------------------------------------------------------------------------------- ~
    Convergence Criteria    1.00e-06 *    3.00e-04 *             o    1.20e-03 *             o  ~
  --------------------------------------------------------------------------------------------- ~
      1    -230.75581241   -2.31e+02      9.29e-03      4.10e-03 o    2.32e-02      1.02e-02 o  ~
  ---------------------------------------------------------------------------------------------

	Writing optimization data to binary file.
	Structure for next step:
	Cartesian Geometry (in Angstrom)
	    C    -0.7562835055   1.1595907443  -0.0019714330
	    C     0.6260715996   1.2347205799  -0.0004338337
	    C     1.3823344481   0.0751628623   0.0011558215
	    C     0.7562863073  -1.1595910962   0.0011877712
	    C    -0.6260715126  -1.2347196581   0.0008089908
	    C    -1.3823320702  -0.0751634417  -0.0007551620
	    H    -1.3432918071   2.0596344887  -0.0031080379
	    H     1.1120073775   2.1931182903  -0.0009583623
	    H     2.4553016834   0.1334845502   0.0018534956
	    H     1.3432920215  -2.0596364279   0.0025023897
	    H    -1.1120072561  -2.1931172786   0.0012509008
	    H    -2.4552988355  -0.1334836133  -0.0015409912
			--------------------------
			 OPTKING Finished Execution 
			--------------------------

    Structure for next step:
    Molecular point group: c1
    Full point group: C1

    Geometry (in Angstrom), charge = 0, multiplicity = 1:

    C           -0.756284359355     1.159590750161    -0.001970218936
    C            0.626070751204     1.234720586061    -0.000432619626
    C            1.382333602629     0.075162863969     0.001157035498
    C            0.756285459391    -1.159591099389     0.001188985229
    C           -0.626072365979    -1.234719661631     0.000810204856
    C           -1.382332926492    -0.075163440634    -0.000753947960
    H           -1.343292663293     2.059634498133    -0.003106823890
    H            1.112006531007     2.193118300217    -0.000957148273
    H            2.455300842145     0.133484552028     0.001854709634
    H            1.343291175839    -2.059636434667     0.002503603784
    H           -1.112008111342    -2.193117285851     0.001252114886
    H           -2.455299696088    -0.133483612450    -0.001539777141

gradient() will perform analytic gradient computation.

*** tstart() called on wanukaka
*** at Thu Apr 21 15:05:21 2022

   => Loading Basis Set <=

    Name: 6-311++G(D,P)
    Role: ORBITAL
    Keyword: BASIS
    atoms 1-6  entry C          line   119 file /home/sulstice/software/miniconda2/envs/qmpython2/share/psi4/basis/6-311ppg_d_p_.gbs 
    atoms 7-12 entry H          line    42 file /home/sulstice/software/miniconda2/envs/qmpython2/share/psi4/basis/6-311ppg_d_p_.gbs 


         ---------------------------------------------------------
                                   SCF
               by Justin Turney, Rob Parrish, Andy Simmonett
                          and Daniel G. A. Smith
                              RHF Reference
                       12 Threads,   7629 MiB Core
         ---------------------------------------------------------

  ==> Geometry <==

    Molecular point group: c1
    Full point group: C1

    Geometry (in Angstrom), charge = 0, multiplicity = 1:

       Center              X                  Y                   Z               Mass       
    ------------   -----------------  -----------------  -----------------  -----------------
         C           -0.756284359355     1.159590750161    -0.001970218936    12.000000000000
         C            0.626070751204     1.234720586061    -0.000432619626    12.000000000000
         C            1.382333602629     0.075162863969     0.001157035498    12.000000000000
         C            0.756285459391    -1.159591099389     0.001188985229    12.000000000000
         C           -0.626072365979    -1.234719661631     0.000810204856    12.000000000000
         C           -1.382332926492    -0.075163440634    -0.000753947960    12.000000000000
         H           -1.343292663293     2.059634498133    -0.003106823890     1.007825032230
         H            1.112006531007     2.193118300217    -0.000957148273     1.007825032230
         H            2.455300842145     0.133484552028     0.001854709634     1.007825032230
         H            1.343291175839    -2.059636434667     0.002503603784     1.007825032230
         H           -1.112008111342    -2.193117285851     0.001252114886     1.007825032230
         H           -2.455299696088    -0.133483612450    -0.001539777141     1.007825032230

  Running in c1 symmetry.

  Rotational constants: A =      0.19316  B =      0.19315  C =      0.09658 [cm^-1]
  Rotational constants: A =   5790.68274  B =   5790.41584  C =   2895.27484 [MHz]
  Nuclear repulsion =  205.065635852715019

  Charge       = 0
  Multiplicity = 1
  Electrons    = 42
  Nalpha       = 21
  Nbeta        = 21

  ==> Algorithm <==

  SCF Algorithm Type is DF.
  DIIS enabled.
  MOM disabled.
  Fractional occupation disabled.
  Guess Type is READ.
  Energy threshold   = 1.00e-08
  Density threshold  = 1.00e-08
  Integral threshold = 0.00e+00

  ==> Primary Basis <==

  Basis Set: 6-311++G(D,P)
    Blend: 6-311++G(D,P)
    Number of shells: 90
    Number of basis function: 174
    Number of Cartesian functions: 180
    Spherical Harmonics?: true
    Max angular momentum: 2

   => Loading Basis Set <=

    Name: (6-311++G(D,P) AUX)
    Role: JKFIT
    Keyword: DF_BASIS_SCF
    atoms 1-6  entry C          line   162 file /home/sulstice/software/miniconda2/envs/qmpython2/share/psi4/basis/aug-cc-pvtz-jkfit.gbs 
    atoms 7-12 entry H          line    70 file /home/sulstice/software/miniconda2/envs/qmpython2/share/psi4/basis/aug-cc-pvtz-jkfit.gbs 

   => Loading Basis Set <=

    Name: 6-311++G(D,P)
    Role: ORBITAL
    Keyword: BASIS
    atoms 1-6  entry C          line   119 file /home/sulstice/software/miniconda2/envs/qmpython2/share/psi4/basis/6-311ppg_d_p_.gbs 
    atoms 7-12 entry H          line    42 file /home/sulstice/software/miniconda2/envs/qmpython2/share/psi4/basis/6-311ppg_d_p_.gbs 

  Reading orbitals from file 180, no projection.

  ==> Pre-Iterations <==

   -------------------------------------------------------
    Irrep   Nso     Nmo     Nalpha   Nbeta   Ndocc  Nsocc
   -------------------------------------------------------
     A        174     174       0       0       0       0
   -------------------------------------------------------
    Total     174     174      21      21      21       0
   -------------------------------------------------------

  ==> Integral Setup <==

  DFHelper Memory: AOs need 0.216 GiB; user supplied 5.588 GiB. Using in-core AOs.

  ==> MemDFJK: Density-Fitted J/K Matrices <==

    J tasked:                   Yes
    K tasked:                   Yes
    wK tasked:                   No
    OpenMP threads:              12
    Memory [MiB]:              5722
    Algorithm:                 Core
    Schwarz Cutoff:           1E-12
    Mask sparsity (%):       1.0437
    Fitting Condition:        1E-10

   => Auxiliary Basis Set <=

  Basis Set: (6-311++G(D,P) AUX)
    Blend: AUG-CC-PVTZ-JKFIT
    Number of shells: 264
    Number of basis function: 900
    Number of Cartesian functions: 1116
    Spherical Harmonics?: true
    Max angular momentum: 4

  Minimum eigenvalue in the overlap matrix is 9.9834614085E-07.
  Using Symmetric Orthogonalization.

  SCF Guess: Orbitals guess was supplied from a previous computation.

  ==> Iterations <==

                           Total Energy        Delta E     RMS |[F,P]|

   @DF-RHF iter   0:  -230.81995570755089   -2.30820e+02   3.49291e-04 
   @DF-RHF iter   1:  -230.75667438426260    6.32813e-02   6.11732e-05 DIIS
   @DF-RHF iter   2:  -230.75674430940091   -6.99251e-05   3.09613e-05 DIIS
   @DF-RHF iter   3:  -230.75675790879791   -1.35994e-05   3.47664e-06 DIIS
   @DF-RHF iter   4:  -230.75675826109813   -3.52300e-07   6.80449e-07 DIIS
   @DF-RHF iter   5:  -230.75675827773983   -1.66417e-08   1.66729e-07 DIIS
   @DF-RHF iter   6:  -230.75675827912269   -1.38286e-09   5.06023e-08 DIIS
   @DF-RHF iter   7:  -230.75675827928291   -1.60213e-10   1.01575e-08 DIIS
   @DF-RHF iter   8:  -230.75675827928833   -5.42855e-12   3.68561e-09 DIIS
  Energy and wave function converged.


  ==> Post-Iterations <==

    Orbital Energies [Eh]
    ---------------------

    Doubly Occupied:                                                      

       1A    -11.234229     2A    -11.233629     3A    -11.233627  
       4A    -11.232335     5A    -11.232333     6A    -11.231700  
       7A     -1.158326     8A     -1.020192     9A     -1.020190  
      10A     -0.828219    11A     -0.828216    12A     -0.716067  
      13A     -0.645375    14A     -0.624426    15A     -0.592215  
      16A     -0.592206    17A     -0.505906    18A     -0.496970  
      19A     -0.496945    20A     -0.338548    21A     -0.338546  

    Virtual:                                                              

      22A      0.042054    23A      0.048983    24A      0.048984  
      25A      0.066441    26A      0.066442    27A      0.088405  
      28A      0.111282    29A      0.111288    30A      0.128822  
      31A      0.152419    32A      0.152420    33A      0.158066  
      34A      0.163173    35A      0.181884    36A      0.181886  
      37A      0.183337    38A      0.183338    39A      0.192180  
      40A      0.209897    41A      0.212480    42A      0.212480  
      43A      0.217162    44A      0.217166    45A      0.218027  
      46A      0.228183    47A      0.228184    48A      0.251070  
      49A      0.251071    50A      0.288751    51A      0.288753  
      52A      0.303502    53A      0.332698    54A      0.337407  
      55A      0.373786    56A      0.411327    57A      0.411329  
      58A      0.433864    59A      0.433867    60A      0.443772  
      61A      0.501565    62A      0.501575    63A      0.513042  
      64A      0.513056    65A      0.603093    66A      0.613206  
      67A      0.714678    68A      0.724184    69A      0.724187  
      70A      0.737695    71A      0.755244    72A      0.755252  
      73A      0.756075    74A      0.756079    75A      0.758313  
      76A      0.797427    77A      0.820465    78A      0.820468  
      79A      0.888951    80A      0.943121    81A      0.943136  
      82A      0.958247    83A      0.958248    84A      0.976641  
      85A      1.015075    86A      1.017468    87A      1.017470  
      88A      1.059026    89A      1.059045    90A      1.122836  
      91A      1.127373    92A      1.127376    93A      1.140637  
      94A      1.168159    95A      1.223471    96A      1.223472  
      97A      1.252968    98A      1.327602    99A      1.327621  
     100A      1.397449   101A      1.397468   102A      1.529618  
     103A      1.554867   104A      1.714927   105A      1.796497  
     106A      1.796512   107A      1.804243   108A      1.833446  
     109A      1.853029   110A      1.853045   111A      1.917020  
     112A      1.917020   113A      1.941477   114A      1.941500  
     115A      1.995013   116A      2.061709   117A      2.061714  
     118A      2.113103   119A      2.113145   120A      2.143670  
     121A      2.242138   122A      2.248087   123A      2.248115  
     124A      2.255659   125A      2.255679   126A      2.309159  
     127A      2.358905   128A      2.358920   129A      2.390806  
     130A      2.390820   131A      2.657707   132A      2.680181  
     133A      2.754786   134A      2.761552   135A      2.761579  
     136A      2.826938   137A      2.826940   138A      2.984128  
     139A      2.984165   140A      2.989327   141A      3.006811  
     142A      3.025396   143A      3.025397   144A      3.044787  
     145A      3.044804   146A      3.063579   147A      3.086773  
     148A      3.196074   149A      3.196079   150A      3.294919  
     151A      3.298265   152A      3.298283   153A      3.358282  
     154A      3.358304   155A      3.492741   156A      3.573369  
     157A      3.799259   158A      3.799285   159A      3.928810  
     160A      3.928836   161A      3.940936   162A      4.130555  
     163A      4.423850   164A      4.423856   165A      4.519438  
     166A      4.584768   167A      4.584777   168A      5.296486  
     169A     24.759546   170A     25.165085   171A     25.165124  
     172A     25.299390   173A     25.299442   174A     25.415812  

    Final Occupation by Irrep:
              A 
    DOCC [    21 ]

  @DF-RHF Final Energy:  -230.75675827928833

   => Energetics <=

    Nuclear Repulsion Energy =            205.0656358527150189
    One-Electron Energy =                -716.4443926099747841
    Two-Electron Energy =                 280.6219984779714309
    Total Energy =                       -230.7567582792883627

Computation Completed


Properties will be evaluated at   0.000000,   0.000000,   0.000000 [a0]

Properties computed using the SCF density matrix

  Nuclear Dipole Moment: [e a0]
     X:    -0.0000      Y:     0.0000      Z:     0.0000

  Electronic Dipole Moment: [e a0]
     X:     0.0000      Y:     0.0000      Z:    -0.0000

  Dipole Moment: [e a0]
     X:    -0.0000      Y:     0.0000      Z:     0.0000     Total:     0.0000

  Dipole Moment: [D]
     X:    -0.0000      Y:     0.0000      Z:     0.0000     Total:     0.0000


*** tstop() called on wanukaka at Thu Apr 21 15:05:23 2022
Module time:
	user time   =      21.27 seconds =       0.35 minutes
	system time =       0.58 seconds =       0.01 minutes
	total time  =          2 seconds =       0.03 minutes
Total time:
	user time   =     357.11 seconds =       5.95 minutes
	system time =      13.46 seconds =       0.22 minutes
	total time  =         42 seconds =       0.70 minutes

*** tstart() called on wanukaka
*** at Thu Apr 21 15:05:23 2022


         ------------------------------------------------------------
                                   SCF GRAD                          
                          Rob Parrish, Justin Turney,                
                       Andy Simmonett, and Alex Sokolov              
         ------------------------------------------------------------

  ==> Geometry <==

    Molecular point group: c1
    Full point group: C1

    Geometry (in Angstrom), charge = 0, multiplicity = 1:

       Center              X                  Y                   Z               Mass       
    ------------   -----------------  -----------------  -----------------  -----------------
         C           -0.756284359355     1.159590750161    -0.001970218936    12.000000000000
         C            0.626070751204     1.234720586061    -0.000432619626    12.000000000000
         C            1.382333602629     0.075162863969     0.001157035498    12.000000000000
         C            0.756285459391    -1.159591099389     0.001188985229    12.000000000000
         C           -0.626072365979    -1.234719661631     0.000810204856    12.000000000000
         C           -1.382332926492    -0.075163440634    -0.000753947960    12.000000000000
         H           -1.343292663293     2.059634498133    -0.003106823890     1.007825032230
         H            1.112006531007     2.193118300217    -0.000957148273     1.007825032230
         H            2.455300842145     0.133484552028     0.001854709634     1.007825032230
         H            1.343291175839    -2.059636434667     0.002503603784     1.007825032230
         H           -1.112008111342    -2.193117285851     0.001252114886     1.007825032230
         H           -2.455299696088    -0.133483612450    -0.001539777141     1.007825032230

  Nuclear repulsion =  205.065635852715019

  ==> Basis Set <==

  Basis Set: 6-311++G(D,P)
    Blend: 6-311++G(D,P)
    Number of shells: 90
    Number of basis function: 174
    Number of Cartesian functions: 180
    Spherical Harmonics?: true
    Max angular momentum: 2

  ==> DFJKGrad: Density-Fitted SCF Gradients <==

    Gradient:                    1
    J tasked:                  Yes
    K tasked:                  Yes
    wK tasked:                  No
    OpenMP threads:             12
    Integrals threads:          12
    Memory [MiB]:             5722
    Schwarz Cutoff:          0E+00
    Fitting Condition:       1E-10

   => Auxiliary Basis Set <=

  Basis Set: (6-311++G(D,P) AUX)
    Blend: AUG-CC-PVTZ-JKFIT
    Number of shells: 264
    Number of basis function: 900
    Number of Cartesian functions: 1116
    Spherical Harmonics?: true
    Max angular momentum: 4


  -Total Gradient:
     Atom            X                  Y                   Z
    ------   -----------------  -----------------  -----------------
       1        0.000611286969    -0.000937556940    -0.000130123108
       2       -0.000505658422    -0.001038878352     0.000064326127
       3       -0.001155551575    -0.000044304517     0.000066251638
       4       -0.000611070163     0.000937712484    -0.000131701401
       5        0.000504107691     0.001040031838     0.000062193696
       6        0.001156404521     0.000042415268     0.000068794508
       7        0.000454895198    -0.000697310256     0.000025613698
       8       -0.000382338154    -0.000741296270    -0.000011507871
       9       -0.000832474574    -0.000050692732    -0.000013296216
      10       -0.000455400381     0.000697268467     0.000023768260
      11        0.000382579985     0.000741912076    -0.000012256080
      12        0.000833218907     0.000050698934    -0.000012063253


*** tstop() called on wanukaka at Thu Apr 21 15:05:25 2022
Module time:
	user time   =      23.77 seconds =       0.40 minutes
	system time =       0.62 seconds =       0.01 minutes
	total time  =          2 seconds =       0.03 minutes
Total time:
	user time   =     380.89 seconds =       6.35 minutes
	system time =      14.08 seconds =       0.23 minutes
	total time  =         44 seconds =       0.73 minutes

			-----------------------------------------
			 OPTKING 2.0: for geometry optimizations 
			  - R.A. King,  Bethel University        
			-----------------------------------------

	Previous internal coordinate definitions found.
	---Fragment 1 Geometry and Gradient---
	 C          -1.4291703121        2.1913089354       -0.0037231742
	 C           1.1831022549        2.3332837491       -0.0008175326
	 C           2.6122319230        0.1420372277        0.0021864802
	 C           1.4291723909       -2.1913095954        0.0022468565
	 C          -1.1831053064       -2.3332820022        0.0015310653
	 C          -2.6122306453       -0.1420383174       -0.0014247552
	 H          -2.5384552400        3.8921451200       -0.0058710463
	 H           2.1013877933        4.1443929481       -0.0018087481
	 H           4.6398461473        0.2522492453        0.0035048933
	 H           2.5384524291       -3.8921487795        0.0047311255
	 H          -2.1013907797       -4.1443910313        0.0023661542
	 H          -4.6398439815       -0.2522474698       -0.0029097571
	             0.0006112870       -0.0009375569       -0.0001301231
	            -0.0005056584       -0.0010388784        0.0000643261
	            -0.0011555516       -0.0000443045        0.0000662516
	            -0.0006110702        0.0009377125       -0.0001317014
	             0.0005041077        0.0010400318        0.0000621937
	             0.0011564045        0.0000424153        0.0000687945
	             0.0004548952       -0.0006973103        0.0000256137
	            -0.0003823382       -0.0007412963       -0.0000115079
	            -0.0008324746       -0.0000506927       -0.0000132962
	            -0.0004554004        0.0006972685        0.0000237683
	             0.0003825800        0.0007419121       -0.0000122561
	             0.0008332189        0.0000506989       -0.0000120633

	---Fragment 1 Intrafragment Coordinates---
	 - Coordinate -           - BOHR/RAD -       - ANG/DEG -
	 R(1,2)           =         2.616129	       1.384396
	 R(1,6)           =         2.616132	       1.384397
	 R(1,7)           =         2.030606	       1.074551
	 R(2,3)           =         2.616101	       1.384381
	 R(2,8)           =         2.030607	       1.074551
	 R(3,4)           =         2.616130	       1.384396
	 R(3,9)           =         2.030608	       1.074551
	 R(4,5)           =         2.616133	       1.384398
	 R(4,10)          =         2.030606	       1.074551
	 R(5,6)           =         2.616096	       1.384378
	 R(5,11)          =         2.030607	       1.074551
	 R(6,12)          =         2.030607	       1.074551
	 B(1,2,3)         =         2.094421	     120.001492
	 B(1,2,8)         =         2.094346	     119.997203
	 B(1,6,5)         =         2.094424	     120.001662
	 B(1,6,12)        =         2.094346	     119.997185
	 B(2,1,6)         =         2.094340	     119.996868
	 B(2,1,7)         =         2.094421	     120.001502
	 B(2,3,4)         =         2.094423	     120.001576
	 B(2,3,9)         =         2.094414	     120.001107
	 B(3,2,8)         =         2.094418	     120.001298
	 B(3,4,5)         =         2.094341	     119.996894
	 B(3,4,10)        =         2.094425	     120.001721
	 B(4,3,9)         =         2.094348	     119.997310
	 B(4,5,6)         =         2.094421	     120.001461
	 B(4,5,11)        =         2.094346	     119.997194
	 B(5,4,10)        =         2.094419	     120.001357
	 B(5,6,12)        =         2.094415	     120.001145
	 B(6,1,7)         =         2.094423	     120.001601
	 B(6,5,11)        =         2.094418	     120.001339
	 D(1,2,3,4)       =         0.000017	       0.000965
	 D(1,2,3,9)       =         3.141060	     179.969474
	 D(1,6,5,4)       =         0.000026	       0.001472
	 D(1,6,5,11)      =        -3.141053	    -179.969083
	 D(2,1,6,5)       =        -0.000992	      -0.056850
	 D(2,1,6,12)      =         3.141155	     179.974903
	 D(2,3,4,5)       =        -0.000983	      -0.056343
	 D(2,3,4,10)      =        -3.141506	    -179.995029
	 D(3,2,1,6)       =         0.000971	       0.055631
	 D(3,2,1,7)       =         3.141488	     179.994011
	 D(3,4,5,6)       =         0.000962	       0.055124
	 D(3,4,5,11)      =        -3.141144	    -179.974319
	 D(4,3,2,8)       =        -3.141056	    -179.969231
	 D(4,5,6,12)      =         3.141064	     179.969718
	 D(5,4,3,9)       =         3.141159	     179.975147
	 D(5,6,1,7)       =        -3.141509	    -179.995229
	 D(6,1,2,8)       =        -3.141142	    -179.974171
	 D(6,5,4,10)      =         3.141485	     179.993811
	 D(7,1,2,8)       =        -0.000625	      -0.035792
	 D(7,1,6,12)      =         0.000637	       0.036524
	 D(8,2,3,9)       =        -0.000000	      -0.000000
	 D(9,3,4,10)      =         0.000636	       0.036461
	 D(10,4,5,11)     =        -0.000622	      -0.035633
	 D(11,5,6,12)     =        -0.000015	      -0.000837

	Current energy   :      -230.7567582793

	Energy change for the previous step:
		Projected    :        -0.0022961690
		Actual       :        -0.0009458677

	Performing BFGS update.
	Previous computed or guess Hessian on step 1.
	Steps to be used in Hessian update: 1
	Taking RFO optimization step.
	Going to follow RFO solution 1.
	Using RFO vector 1.
	Norm of target step-size    0.01089
	Projected energy change by RFO approximation:        -0.0000528426

	Back-transformation to cartesian coordinates...
	Could not converge backtransformation.
	Using first guess instead.

	--- Internal Coordinate Step in ANG or DEG, aJ/ANG or AJ/DEG ---
	 ---------------------------------------------------------------------------
	   Coordinate                Previous        Force       Change         New 
	   ----------                --------       ------       ------       ------
	    1 R(1,2)          =      1.384396     0.016270     0.001910     1.386306
	    2 R(1,6)          =      1.384397     0.016267     0.001910     1.386307
	    3 R(1,7)          =      1.074551     0.006860     0.001041     1.075591
	    4 R(2,3)          =      1.384381     0.016331     0.001916     1.386296
	    5 R(2,8)          =      1.074551     0.006872     0.001043     1.075594
	    6 R(3,4)          =      1.384396     0.016268     0.001910     1.386306
	    7 R(3,9)          =      1.074551     0.006871     0.001043     1.075594
	    8 R(4,5)          =      1.384398     0.016271     0.001910     1.386308
	    9 R(4,10)         =      1.074551     0.006861     0.001041     1.075592
	   10 R(5,6)          =      1.384378     0.016350     0.001918     1.386296
	   11 R(5,11)         =      1.074551     0.006877     0.001044     1.075595
	   12 R(6,12)         =      1.074551     0.006877     0.001044     1.075595
	   13 B(1,2,3)        =    120.001492    -0.000000    -0.001377   120.000115
	   14 B(1,2,8)        =    119.997203     0.000001     0.002525   119.999728
	   15 B(1,6,5)        =    120.001662    -0.000001    -0.001593   120.000068
	   16 B(1,6,12)       =    119.997185     0.000001     0.002515   119.999700
	   17 B(2,1,6)        =    119.996868     0.000001     0.002970   119.999838
	   18 B(2,1,7)        =    120.001502    -0.000000    -0.001444   120.000059
	   19 B(2,3,4)        =    120.001576    -0.000000    -0.001492   120.000084
	   20 B(2,3,9)        =    120.001107    -0.000000    -0.000969   120.000138
	   21 B(3,2,8)        =    120.001298    -0.000000    -0.001143   120.000155
	   22 B(3,4,5)        =    119.996894     0.000001     0.002924   119.999818
	   23 B(3,4,10)       =    120.001721    -0.000001    -0.001620   120.000100
	   24 B(4,3,9)        =    119.997310     0.000001     0.002467   119.999776
	   25 B(4,5,6)        =    120.001461    -0.000000    -0.001397   120.000064
	   26 B(4,5,11)       =    119.997194     0.000001     0.002508   119.999702
	   27 B(5,4,10)       =    120.001357    -0.000000    -0.001282   120.000074
	   28 B(5,6,12)       =    120.001145    -0.000000    -0.000916   120.000229
	   29 B(6,1,7)        =    120.001601    -0.000000    -0.001505   120.000096
	   30 B(6,5,11)       =    120.001339    -0.000000    -0.001106   120.000232
	   31 D(1,2,3,4)      =      0.000965    -0.000000    -0.000965     0.000000
	   32 D(1,2,3,9)      =    179.969474     0.000000     0.046009   180.015483
	   33 D(1,6,5,4)      =      0.001472    -0.000000    -0.001472     0.000000
	   34 D(1,6,5,11)     =   -179.969083    -0.000000    -0.046664  -180.015748
	   35 D(2,1,6,5)      =     -0.056850     0.000001     0.086600     0.029751
	   36 D(2,1,6,12)     =    179.974903     0.000000     0.038696   180.013599
	   37 D(2,3,4,5)      =     -0.056343     0.000001     0.085850     0.029507
	   38 D(2,3,4,10)     =   -179.995029    -0.000000    -0.006731  -180.001760
	   39 D(3,2,1,6)      =      0.055631    -0.000001    -0.084750    -0.029119
	   40 D(3,2,1,7)      =    179.994011     0.000000     0.008275   180.002285
	   41 D(3,4,5,6)      =      0.055124    -0.000001    -0.084000    -0.028875
	   42 D(3,4,5,11)     =   -179.974319    -0.000000    -0.039562  -180.013881
	   43 D(4,3,2,8)      =   -179.969231    -0.000000    -0.046452  -180.015683
	   44 D(4,5,6,12)     =    179.969718     0.000000     0.045680   180.015398
	   45 D(5,4,3,9)      =    179.975147     0.000000     0.038367   180.013514
	   46 D(5,6,1,7)      =   -179.995229    -0.000000    -0.006424  -180.001654
	   47 D(6,1,2,8)      =   -179.974171    -0.000000    -0.039774  -180.013946
	   48 D(6,5,4,10)     =    179.993811     0.000000     0.008581   180.002392
	   49 D(7,1,2,8)      =     -0.035792     0.000000     0.053251     0.017459
	   50 D(7,1,6,12)     =      0.036524    -0.000000    -0.054329    -0.017805
	   51 D(8,2,3,9)      =      0.000000     0.000000     0.000000     0.000000
	   52 D(9,3,4,10)     =      0.036461    -0.000000    -0.054214    -0.017753
	   53 D(10,4,5,11)    =     -0.035633     0.000000     0.053019     0.017386
	   54 D(11,5,6,12)    =     -0.000837     0.000000     0.000837     0.000000
	 ---------------------------------------------------------------------------
	Successfully symmetrized geometry.

  ==> Convergence Check <==

  Measures of convergence in internal coordinates in au.
  Criteria marked as inactive (o), active & met (*), and active & unmet ( ).
  ---------------------------------------------------------------------------------------------
   Step     Total Energy     Delta E     MAX Force     RMS Force      MAX Disp      RMS Disp   
  ---------------------------------------------------------------------------------------------
    Convergence Criteria    1.00e-06 *    3.00e-04 *             o    1.20e-03 *             o
  ---------------------------------------------------------------------------------------------
      2    -230.75675828   -9.46e-04      1.98e-03      7.16e-04 o    3.62e-03      1.48e-03 o  ~
  ---------------------------------------------------------------------------------------------

	Writing optimization data to binary file.
	Structure for next step:
	Cartesian Geometry (in Angstrom)
	    C    -0.7573135685   1.1611678598  -0.0013747842
	    C     0.6269474249   1.2364349396  -0.0007218918
	    C     1.3842576839   0.0752731840   0.0008532851
	    C     0.7573139959  -1.1611673353   0.0017862650
	    C    -0.6269485908  -1.2364356141   0.0005257602
	    C    -1.3842581898  -0.0752736387  -0.0010626499
	    H    -1.3448900479   2.0620836698  -0.0026340734
	    H     1.1133732052   2.1957535608  -0.0011907903
	    H     2.4582651657   0.1336705092   0.0016115637
	    H     1.3448913269  -2.0620831100   0.0029797841
	    H    -1.1133738996  -2.1957552831   0.0010239557
	    H    -2.4582662663  -0.1336687262  -0.0017903061
			--------------------------
			 OPTKING Finished Execution 
			--------------------------

    Structure for next step:
    Molecular point group: c1
    Full point group: C1

    Geometry (in Angstrom), charge = 0, multiplicity = 1:

    C           -0.757313373484     1.161167949276    -0.001375706064
    C            0.626947625373     1.236435029411    -0.000722813652
    C            1.384257887369     0.075273269232     0.000852363246
    C            0.757314196851    -1.161167254876     0.001785343164
    C           -0.626948395316    -1.236435533966     0.000524838328
    C           -1.384257997217    -0.075273554009    -0.001063571725
    H           -1.344889855237     2.062083762903    -0.002634995232
    H            1.113373407562     2.195753654431    -0.001191712096
    H            2.458265373381     0.133670594708     0.001610641842
    H            1.344891530175    -2.062083033175     0.002978862248
    H           -1.113373706032    -2.195755206822     0.001023033911
    H           -2.458266078010    -0.133668641724    -0.001791227996

gradient() will perform analytic gradient computation.

*** tstart() called on wanukaka
*** at Thu Apr 21 15:05:25 2022

   => Loading Basis Set <=

    Name: 6-311++G(D,P)
    Role: ORBITAL
    Keyword: BASIS
    atoms 1-6  entry C          line   119 file /home/sulstice/software/miniconda2/envs/qmpython2/share/psi4/basis/6-311ppg_d_p_.gbs 
    atoms 7-12 entry H          line    42 file /home/sulstice/software/miniconda2/envs/qmpython2/share/psi4/basis/6-311ppg_d_p_.gbs 


         ---------------------------------------------------------
                                   SCF
               by Justin Turney, Rob Parrish, Andy Simmonett
                          and Daniel G. A. Smith
                              RHF Reference
                       12 Threads,   7629 MiB Core
         ---------------------------------------------------------

  ==> Geometry <==

    Molecular point group: c1
    Full point group: C1

    Geometry (in Angstrom), charge = 0, multiplicity = 1:

       Center              X                  Y                   Z               Mass       
    ------------   -----------------  -----------------  -----------------  -----------------
         C           -0.757313373484     1.161167949276    -0.001375706064    12.000000000000
         C            0.626947625373     1.236435029411    -0.000722813652    12.000000000000
         C            1.384257887369     0.075273269232     0.000852363246    12.000000000000
         C            0.757314196851    -1.161167254876     0.001785343164    12.000000000000
         C           -0.626948395316    -1.236435533966     0.000524838328    12.000000000000
         C           -1.384257997217    -0.075273554009    -0.001063571725    12.000000000000
         H           -1.344889855237     2.062083762903    -0.002634995232     1.007825032230
         H            1.113373407562     2.195753654431    -0.001191712096     1.007825032230
         H            2.458265373381     0.133670594708     0.001610641842     1.007825032230
         H            1.344891530175    -2.062083033175     0.002978862248     1.007825032230
         H           -1.113373706032    -2.195755206822     0.001023033911     1.007825032230
         H           -2.458266078010    -0.133668641724    -0.001791227996     1.007825032230

  Running in c1 symmetry.

  Rotational constants: A =      0.19263  B =      0.19263  C =      0.09632 [cm^-1]
  Rotational constants: A =   5775.03610  B =   5775.00390  C =   2887.51005 [MHz]
  Nuclear repulsion =  204.795468120803491

  Charge       = 0
  Multiplicity = 1
  Electrons    = 42
  Nalpha       = 21
  Nbeta        = 21

  ==> Algorithm <==

  SCF Algorithm Type is DF.
  DIIS enabled.
  MOM disabled.
  Fractional occupation disabled.
  Guess Type is READ.
  Energy threshold   = 1.00e-08
  Density threshold  = 1.00e-08
  Integral threshold = 0.00e+00

  ==> Primary Basis <==

  Basis Set: 6-311++G(D,P)
    Blend: 6-311++G(D,P)
    Number of shells: 90
    Number of basis function: 174
    Number of Cartesian functions: 180
    Spherical Harmonics?: true
    Max angular momentum: 2

   => Loading Basis Set <=

    Name: (6-311++G(D,P) AUX)
    Role: JKFIT
    Keyword: DF_BASIS_SCF
    atoms 1-6  entry C          line   162 file /home/sulstice/software/miniconda2/envs/qmpython2/share/psi4/basis/aug-cc-pvtz-jkfit.gbs 
    atoms 7-12 entry H          line    70 file /home/sulstice/software/miniconda2/envs/qmpython2/share/psi4/basis/aug-cc-pvtz-jkfit.gbs 

   => Loading Basis Set <=

    Name: 6-311++G(D,P)
    Role: ORBITAL
    Keyword: BASIS
    atoms 1-6  entry C          line   119 file /home/sulstice/software/miniconda2/envs/qmpython2/share/psi4/basis/6-311ppg_d_p_.gbs 
    atoms 7-12 entry H          line    42 file /home/sulstice/software/miniconda2/envs/qmpython2/share/psi4/basis/6-311ppg_d_p_.gbs 

  Reading orbitals from file 180, no projection.

  ==> Pre-Iterations <==

   -------------------------------------------------------
    Irrep   Nso     Nmo     Nalpha   Nbeta   Ndocc  Nsocc
   -------------------------------------------------------
     A        174     174       0       0       0       0
   -------------------------------------------------------
    Total     174     174      21      21      21       0
   -------------------------------------------------------

  ==> Integral Setup <==

  DFHelper Memory: AOs need 0.216 GiB; user supplied 5.588 GiB. Using in-core AOs.

  ==> MemDFJK: Density-Fitted J/K Matrices <==

    J tasked:                   Yes
    K tasked:                   Yes
    wK tasked:                   No
    OpenMP threads:              12
    Memory [MiB]:              5722
    Algorithm:                 Core
    Schwarz Cutoff:           1E-12
    Mask sparsity (%):       1.0437
    Fitting Condition:        1E-10

   => Auxiliary Basis Set <=

  Basis Set: (6-311++G(D,P) AUX)
    Blend: AUG-CC-PVTZ-JKFIT
    Number of shells: 264
    Number of basis function: 900
    Number of Cartesian functions: 1116
    Spherical Harmonics?: true
    Max angular momentum: 4

  Minimum eigenvalue in the overlap matrix is 1.0114987686E-06.
  Using Symmetric Orthogonalization.

  SCF Guess: Orbitals guess was supplied from a previous computation.

  ==> Iterations <==

                           Total Energy        Delta E     RMS |[F,P]|

   @DF-RHF iter   0:  -230.74815574072079   -2.30748e+02   5.72458e-05 
   @DF-RHF iter   1:  -230.75678188026279   -8.62614e-03   1.01365e-05 DIIS
   @DF-RHF iter   2:  -230.75678354171973   -1.66146e-06   5.38112e-06 DIIS
   @DF-RHF iter   3:  -230.75678394689024   -4.05171e-07   4.97636e-07 DIIS
   @DF-RHF iter   4:  -230.75678395495027   -8.06003e-09   9.68057e-08 DIIS
   @DF-RHF iter   5:  -230.75678395537417   -4.23910e-10   2.76217e-08 DIIS
   @DF-RHF iter   6:  -230.75678395541902   -4.48495e-11   8.87949e-09 DIIS
  Energy and wave function converged.


  ==> Post-Iterations <==

    Orbital Energies [Eh]
    ---------------------

    Doubly Occupied:                                                      

       1A    -11.235017     2A    -11.234422     3A    -11.234422  
       4A    -11.233140     5A    -11.233140     6A    -11.232512  
       7A     -1.157172     8A     -1.019542     9A     -1.019539  
      10A     -0.827800    11A     -0.827797    12A     -0.715270  
      13A     -0.645528    14A     -0.623718    15A     -0.591864  
      16A     -0.591862    17A     -0.505138    18A     -0.496912  
      19A     -0.496907    20A     -0.338244    21A     -0.338241  

    Virtual:                                                              

      22A      0.042065    23A      0.048977    24A      0.048977  
      25A      0.066410    26A      0.066410    27A      0.088356  
      28A      0.110901    29A      0.110903    30A      0.128924  
      31A      0.152460    32A      0.152460    33A      0.158082  
      34A      0.163116    35A      0.181754    36A      0.181755  
      37A      0.183351    38A      0.183351    39A      0.192275  
      40A      0.209780    41A      0.212437    42A      0.212437  
      43A      0.216989    44A      0.216990    45A      0.217891  
      46A      0.228188    47A      0.228188    48A      0.250950  
      49A      0.250950    50A      0.288778    51A      0.288779  
      52A      0.303426    53A      0.332739    54A      0.337013  
      55A      0.372793    56A      0.410974    57A      0.410976  
      58A      0.433212    59A      0.433214    60A      0.443203  
      61A      0.500976    62A      0.500979    63A      0.512184  
      64A      0.512187    65A      0.603300    66A      0.612581  
      67A      0.714849    68A      0.724088    69A      0.724089  
      70A      0.735974    71A      0.754494    72A      0.754497  
      73A      0.756417    74A      0.756419    75A      0.756953  
      76A      0.797333    77A      0.820333    78A      0.820335  
      79A      0.888420    80A      0.942590    81A      0.942594  
      82A      0.956993    83A      0.956998    84A      0.976625  
      85A      1.015471    86A      1.017265    87A      1.017265  
      88A      1.059073    89A      1.059079    90A      1.119754  
      91A      1.126327    92A      1.126330    93A      1.138586  
      94A      1.168503    95A      1.222651    96A      1.222656  
      97A      1.252283    98A      1.326859    99A      1.326860  
     100A      1.396312   101A      1.396312   102A      1.528606  
     103A      1.555484   104A      1.714177   105A      1.794608  
     106A      1.794610   107A      1.802663   108A      1.832153  
     109A      1.851610   110A      1.851611   111A      1.915314  
     112A      1.915315   113A      1.939956   114A      1.939957  
     115A      1.994581   116A      2.060870   117A      2.060874  
     118A      2.111439   119A      2.111442   120A      2.141514  
     121A      2.241490   122A      2.245931   123A      2.245937  
     124A      2.254228   125A      2.254229   126A      2.307204  
     127A      2.356684   128A      2.356691   129A      2.388885  
     130A      2.388890   131A      2.654641   132A      2.676782  
     133A      2.753631   134A      2.758324   135A      2.758326  
     136A      2.825447   137A      2.825450   138A      2.980392  
     139A      2.980397   140A      2.989137   141A      3.004765  
     142A      3.024472   143A      3.024473   144A      3.044743  
     145A      3.044745   146A      3.062599   147A      3.086730  
     148A      3.195336   149A      3.195338   150A      3.289923  
     151A      3.297375   152A      3.297379   153A      3.353222  
     154A      3.353227   155A      3.490620   156A      3.568559  
     157A      3.794810   158A      3.794823   159A      3.924940  
     160A      3.924949   161A      3.937436   162A      4.121530  
     163A      4.421804   164A      4.421806   165A      4.516225  
     166A      4.583534   167A      4.583537   168A      5.293191  
     169A     24.758712   170A     25.160164   171A     25.160188  
     172A     25.291884   173A     25.291910   174A     25.407273  

    Final Occupation by Irrep:
              A 
    DOCC [    21 ]

  @DF-RHF Final Energy:  -230.75678395541902

   => Energetics <=

    Nuclear Repulsion Energy =            204.7954681208034913
    One-Electron Energy =                -715.9081264651605352
    Two-Electron Energy =                 280.3558743889379912
    Total Energy =                       -230.7567839554190527

Computation Completed


Properties will be evaluated at   0.000000,   0.000000,   0.000000 [a0]

Properties computed using the SCF density matrix

  Nuclear Dipole Moment: [e a0]
     X:     0.0000      Y:     0.0000      Z:    -0.0000

  Electronic Dipole Moment: [e a0]
     X:     0.0000      Y:    -0.0000      Z:     0.0000

  Dipole Moment: [e a0]
     X:     0.0000      Y:     0.0000      Z:    -0.0000     Total:     0.0000

  Dipole Moment: [D]
     X:     0.0000      Y:     0.0000      Z:    -0.0000     Total:     0.0000


*** tstop() called on wanukaka at Thu Apr 21 15:05:27 2022
Module time:
	user time   =      19.43 seconds =       0.32 minutes
	system time =       0.47 seconds =       0.01 minutes
	total time  =          2 seconds =       0.03 minutes
Total time:
	user time   =     400.60 seconds =       6.68 minutes
	system time =      14.57 seconds =       0.24 minutes
	total time  =         46 seconds =       0.77 minutes

*** tstart() called on wanukaka
*** at Thu Apr 21 15:05:27 2022


         ------------------------------------------------------------
                                   SCF GRAD                          
                          Rob Parrish, Justin Turney,                
                       Andy Simmonett, and Alex Sokolov              
         ------------------------------------------------------------

  ==> Geometry <==

    Molecular point group: c1
    Full point group: C1

    Geometry (in Angstrom), charge = 0, multiplicity = 1:

       Center              X                  Y                   Z               Mass       
    ------------   -----------------  -----------------  -----------------  -----------------
         C           -0.757313373484     1.161167949276    -0.001375706064    12.000000000000
         C            0.626947625373     1.236435029411    -0.000722813652    12.000000000000
         C            1.384257887369     0.075273269232     0.000852363246    12.000000000000
         C            0.757314196851    -1.161167254876     0.001785343164    12.000000000000
         C           -0.626948395316    -1.236435533966     0.000524838328    12.000000000000
         C           -1.384257997217    -0.075273554009    -0.001063571725    12.000000000000
         H           -1.344889855237     2.062083762903    -0.002634995232     1.007825032230
         H            1.113373407562     2.195753654431    -0.001191712096     1.007825032230
         H            2.458265373381     0.133670594708     0.001610641842     1.007825032230
         H            1.344891530175    -2.062083033175     0.002978862248     1.007825032230
         H           -1.113373706032    -2.195755206822     0.001023033911     1.007825032230
         H           -2.458266078010    -0.133668641724    -0.001791227996     1.007825032230

  Nuclear repulsion =  204.795468120803491

  ==> Basis Set <==

  Basis Set: 6-311++G(D,P)
    Blend: 6-311++G(D,P)
    Number of shells: 90
    Number of basis function: 174
    Number of Cartesian functions: 180
    Spherical Harmonics?: true
    Max angular momentum: 2

  ==> DFJKGrad: Density-Fitted SCF Gradients <==

    Gradient:                    1
    J tasked:                  Yes
    K tasked:                  Yes
    wK tasked:                  No
    OpenMP threads:             12
    Integrals threads:          12
    Memory [MiB]:             5722
    Schwarz Cutoff:          0E+00
    Fitting Condition:       1E-10

   => Auxiliary Basis Set <=

  Basis Set: (6-311++G(D,P) AUX)
    Blend: AUG-CC-PVTZ-JKFIT
    Number of shells: 264
    Number of basis function: 900
    Number of Cartesian functions: 1116
    Spherical Harmonics?: true
    Max angular momentum: 4


  -Total Gradient:
     Atom            X                  Y                   Z
    ------   -----------------  -----------------  -----------------
       1       -0.000068581540     0.000105307470     0.000067581545
       2        0.000061013212     0.000101645343    -0.000032927033
       3        0.000117456837     0.000014385103    -0.000034446764
       4        0.000069013332    -0.000104854094     0.000067415849
       5       -0.000061527565    -0.000101162393    -0.000032323416
       6       -0.000117306676    -0.000015529984    -0.000035078524
       7        0.000013117408    -0.000020097848    -0.000011918853
       8       -0.000010312236    -0.000019737923     0.000005757067
       9       -0.000022183041    -0.000001482562     0.000006097371
      10       -0.000013268329     0.000020263746    -0.000012004790
      11        0.000010426204     0.000019756302     0.000005732727
      12        0.000022152395     0.000001506840     0.000006114819


*** tstop() called on wanukaka at Thu Apr 21 15:05:29 2022
Module time:
	user time   =      23.40 seconds =       0.39 minutes
	system time =       0.68 seconds =       0.01 minutes
	total time  =          2 seconds =       0.03 minutes
Total time:
	user time   =     424.02 seconds =       7.07 minutes
	system time =      15.25 seconds =       0.25 minutes
	total time  =         48 seconds =       0.80 minutes

			-----------------------------------------
			 OPTKING 2.0: for geometry optimizations 
			  - R.A. King,  Bethel University        
			-----------------------------------------

	Previous internal coordinate definitions found.
	---Fragment 1 Geometry and Gradient---
	 C          -1.4311148670        2.1942894098       -0.0025997077
	 C           1.1847593070        2.3365235775       -0.0013659198
	 C           2.6158682941        0.1422458634        0.0016107331
	 C           1.4311164230       -2.1942880976        0.0033738096
	 C          -1.1847607619       -2.3365245310        0.0009918007
	 C          -2.6158685017       -0.1422464016       -0.0020098593
	 H          -2.5414734953        3.8967735596       -0.0049794193
	 H           2.1039708157        4.1493730458       -0.0022520095
	 H           4.6454482994        0.2526008150        0.0030436720
	 H           2.5414766605       -3.8967721807        0.0056292338
	 H          -2.1039713797       -4.1493759794        0.0019332539
	 H          -4.6454496309       -0.2525971244       -0.0033849303
	            -0.0000685815        0.0001053075        0.0000675815
	             0.0000610132        0.0001016453       -0.0000329270
	             0.0001174568        0.0000143851       -0.0000344468
	             0.0000690133       -0.0001048541        0.0000674158
	            -0.0000615276       -0.0001011624       -0.0000323234
	            -0.0001173067       -0.0000155300       -0.0000350785
	             0.0000131174       -0.0000200978       -0.0000119189
	            -0.0000103122       -0.0000197379        0.0000057571
	            -0.0000221830       -0.0000014826        0.0000060974
	            -0.0000132683        0.0000202637       -0.0000120048
	             0.0000104262        0.0000197563        0.0000057327
	             0.0000221524        0.0000015068        0.0000061148

	---Fragment 1 Intrafragment Coordinates---
	 - Coordinate -           - BOHR/RAD -       - ANG/DEG -
	 R(1,2)           =         2.619738	       1.386306
	 R(1,6)           =         2.619741	       1.386307
	 R(1,7)           =         2.032573	       1.075591
	 R(2,3)           =         2.619721	       1.386296
	 R(2,8)           =         2.032578	       1.075594
	 R(3,4)           =         2.619739	       1.386306
	 R(3,9)           =         2.032578	       1.075594
	 R(4,5)           =         2.619742	       1.386308
	 R(4,10)          =         2.032574	       1.075592
	 R(5,6)           =         2.619720	       1.386296
	 R(5,11)          =         2.032579	       1.075595
	 R(6,12)          =         2.032579	       1.075595
	 B(1,2,3)         =         2.094397	     120.000115
	 B(1,2,8)         =         2.094390	     119.999728
	 B(1,6,5)         =         2.094396	     120.000068
	 B(1,6,12)        =         2.094390	     119.999700
	 B(2,1,6)         =         2.094392	     119.999838
	 B(2,1,7)         =         2.094396	     120.000059
	 B(2,3,4)         =         2.094397	     120.000084
	 B(2,3,9)         =         2.094398	     120.000138
	 B(3,2,8)         =         2.094398	     120.000155
	 B(3,4,5)         =         2.094392	     119.999818
	 B(3,4,10)        =         2.094397	     120.000100
	 B(4,3,9)         =         2.094391	     119.999776
	 B(4,5,6)         =         2.094396	     120.000064
	 B(4,5,11)        =         2.094390	     119.999702
	 B(5,4,10)        =         2.094396	     120.000074
	 B(5,6,12)        =         2.094399	     120.000229
	 B(6,1,7)         =         2.094397	     120.000096
	 B(6,5,11)        =         2.094399	     120.000232
	 D(1,2,3,4)       =        -0.000000	      -0.000000
	 D(1,2,3,9)       =        -3.141322	    -179.984517
	 D(1,6,5,4)       =        -0.000000	      -0.000000
	 D(1,6,5,11)      =         3.141318	     179.984252
	 D(2,1,6,5)       =         0.000519	       0.029751
	 D(2,1,6,12)      =        -3.141355	    -179.986401
	 D(2,3,4,5)       =         0.000515	       0.029507
	 D(2,3,4,10)      =         3.141562	     179.998240
	 D(3,2,1,6)       =        -0.000508	      -0.029119
	 D(3,2,1,7)       =        -3.141553	    -179.997715
	 D(3,4,5,6)       =        -0.000504	      -0.028875
	 D(3,4,5,11)      =         3.141350	     179.986119
	 D(4,3,2,8)       =         3.141319	     179.984317
	 D(4,5,6,12)      =        -3.141324	    -179.984602
	 D(5,4,3,9)       =        -3.141357	    -179.986486
	 D(5,6,1,7)       =         3.141564	     179.998346
	 D(6,1,2,8)       =         3.141349	     179.986054
	 D(6,5,4,10)      =        -3.141551	    -179.997608
	 D(7,1,2,8)       =         0.000305	       0.017459
	 D(7,1,6,12)      =        -0.000311	      -0.017805
	 D(8,2,3,9)       =         0.000000	       0.000000
	 D(9,3,4,10)      =        -0.000310	      -0.017753
	 D(10,4,5,11)     =         0.000303	       0.017386
	 D(11,5,6,12)     =         0.000000	       0.000000

	Current energy   :      -230.7567839554

	Energy change for the previous step:
		Projected    :        -0.0000528426
		Actual       :        -0.0000256761

	Performing BFGS update.
	Previous computed or guess Hessian on step 1.
	Steps to be used in Hessian update: 2 1
	Taking RFO optimization step.
	Going to follow RFO solution 1.
	Using RFO vector 1.
	Norm of target step-size    0.00250
	Projected energy change by RFO approximation:        -0.0000002015

	Back-transformation to cartesian coordinates...
	Could not converge backtransformation.
	Using first guess instead.

	--- Internal Coordinate Step in ANG or DEG, aJ/ANG or AJ/DEG ---
	 ---------------------------------------------------------------------------
	   Coordinate                Previous        Force       Change         New 
	   ----------                --------       ------       ------       ------
	    1 R(1,2)          =      1.386306    -0.000832    -0.000101     1.386205
	    2 R(1,6)          =      1.386307    -0.000833    -0.000101     1.386206
	    3 R(1,7)          =      1.075591     0.000198     0.000041     1.075632
	    4 R(2,3)          =      1.386296    -0.000756    -0.000091     1.386206
	    5 R(2,8)          =      1.075594     0.000183     0.000038     1.075632
	    6 R(3,4)          =      1.386306    -0.000828    -0.000100     1.386206
	    7 R(3,9)          =      1.075594     0.000183     0.000038     1.075632
	    8 R(4,5)          =      1.386308    -0.000833    -0.000101     1.386207
	    9 R(4,10)         =      1.075592     0.000200     0.000041     1.075633
	   10 R(5,6)          =      1.386296    -0.000751    -0.000090     1.386207
	   11 R(5,11)         =      1.075595     0.000184     0.000038     1.075633
	   12 R(6,12)         =      1.075595     0.000183     0.000038     1.075633
	   13 B(1,2,3)        =    120.000115    -0.000000    -0.000047   120.000068
	   14 B(1,2,8)        =    119.999728     0.000000     0.000133   119.999861
	   15 B(1,6,5)        =    120.000068    -0.000000    -0.000038   120.000031
	   16 B(1,6,12)       =    119.999700     0.000000     0.000139   119.999839
	   17 B(2,1,6)        =    119.999838     0.000000     0.000101   119.999939
	   18 B(2,1,7)        =    120.000059    -0.000000    -0.000046   120.000012
	   19 B(2,3,4)        =    120.000084    -0.000000    -0.000038   120.000046
	   20 B(2,3,9)        =    120.000138    -0.000000    -0.000095   120.000043
	   21 B(3,2,8)        =    120.000155    -0.000000    -0.000085   120.000070
	   22 B(3,4,5)        =    119.999818     0.000000     0.000088   119.999906
	   23 B(3,4,10)       =    120.000100    -0.000000    -0.000060   120.000040
	   24 B(4,3,9)        =    119.999776     0.000000     0.000134   119.999910
	   25 B(4,5,6)        =    120.000064    -0.000000    -0.000062   120.000002
	   26 B(4,5,11)       =    119.999702     0.000000     0.000178   119.999880
	   27 B(5,4,10)       =    120.000074    -0.000000    -0.000025   120.000050
	   28 B(5,6,12)       =    120.000229    -0.000000    -0.000100   120.000129
	   29 B(6,1,7)        =    120.000096    -0.000000    -0.000051   120.000044
	   30 B(6,5,11)       =    120.000232    -0.000000    -0.000115   120.000117
	   31 D(1,2,3,4)      =      0.000000     0.000000     0.000000     0.000000
	   32 D(1,2,3,9)      =   -179.984517    -0.000000    -0.026816  -180.011333
	   33 D(1,6,5,4)      =      0.000000     0.000000     0.000000     0.000000
	   34 D(1,6,5,11)     =    179.984252     0.000000     0.027323   180.011575
	   35 D(2,1,6,5)      =      0.029751    -0.000000    -0.053067    -0.023317
	   36 D(2,1,6,12)     =   -179.986401    -0.000000    -0.025074  -180.011474
	   37 D(2,3,4,5)      =      0.029507    -0.000000    -0.052651    -0.023144
	   38 D(2,3,4,10)     =    179.998240     0.000000     0.001760   180.000000
	   39 D(3,2,1,6)      =     -0.029119     0.000000     0.051951     0.022831
	   40 D(3,2,1,7)      =   -179.997715    -0.000000    -0.002285  -180.000000
	   41 D(3,4,5,6)      =     -0.028875     0.000000     0.051534     0.022659
	   42 D(3,4,5,11)     =    179.986119     0.000000     0.025536   180.011655
	   43 D(4,3,2,8)      =    179.984317     0.000000     0.027206   180.011523
	   44 D(4,5,6,12)     =   -179.984602    -0.000000    -0.026669  -180.011271
	   45 D(5,4,3,9)      =   -179.986486    -0.000000    -0.024927  -180.011412
	   46 D(5,6,1,7)      =    179.998346     0.000000     0.001654   180.000000
	   47 D(6,1,2,8)      =    179.986054     0.000000     0.025653   180.011708
	   48 D(6,5,4,10)     =   -179.997608    -0.000000    -0.002392  -180.000000
	   49 D(7,1,2,8)      =      0.017459    -0.000000    -0.028811    -0.011352
	   50 D(7,1,6,12)     =     -0.017805     0.000000     0.029390     0.011585
	   51 D(8,2,3,9)      =      0.000000    -0.000000     0.000000     0.000000
	   52 D(9,3,4,10)     =     -0.017753     0.000000     0.029303     0.011550
	   53 D(10,4,5,11)    =      0.017386    -0.000000    -0.028693    -0.011307
	   54 D(11,5,6,12)    =      0.000000    -0.000000     0.000000     0.000000
	 ---------------------------------------------------------------------------
	Successfully symmetrized geometry.

  ==> Convergence Check <==

  Measures of convergence in internal coordinates in au.
  Criteria marked as inactive (o), active & met (*), and active & unmet ( ).
  ---------------------------------------------------------------------------------------------
   Step     Total Energy     Delta E     MAX Force     RMS Force      MAX Disp      RMS Disp   
  ---------------------------------------------------------------------------------------------
    Convergence Criteria    1.00e-06 *    3.00e-04 *             o    1.20e-03 *             o
  ---------------------------------------------------------------------------------------------
      3    -230.75678396   -2.57e-05      1.01e-04 *    3.41e-05 o    9.26e-04 *    3.41e-04 o  ~
  ---------------------------------------------------------------------------------------------


  **** Optimization is complete! (in 3 steps) ****

  ==> Optimization Summary <==

  Measures of convergence in internal coordinates in au.
  --------------------------------------------------------------------------------------------------------------- ~
   Step         Total Energy             Delta E       MAX Force       RMS Force        MAX Disp        RMS Disp  ~
  --------------------------------------------------------------------------------------------------------------- ~
      1    -230.755812411581   -230.755812411581      0.00928504      0.00409987      0.02316855      0.01021820  ~
      2    -230.756758279288     -0.000945867708      0.00198448      0.00071551      0.00362465      0.00148179  ~
      3    -230.756783955419     -0.000025676131      0.00010106      0.00003411      0.00092620      0.00034079  ~
  --------------------------------------------------------------------------------------------------------------- ~

	Writing optimization data to binary file.
	Final energy is   -230.7567839554190
	Final (previous) structure:
	Cartesian Geometry (in Angstrom)
	    C    -0.7573133705   1.1611679447  -0.0013757061
	    C     0.6269476229   1.2364350246  -0.0007228136
	    C     1.3842578819   0.0752732689   0.0008523632
	    C     0.7573141939  -1.1611672503   0.0017853432
	    C    -0.6269483929  -1.2364355291   0.0005248383
	    C    -1.3842579918  -0.0752735537  -0.0010635717
	    H    -1.3448898500   2.0620837548  -0.0026349952
	    H     1.1133734032   2.1957536458  -0.0011917121
	    H     2.4582653637   0.1336705942   0.0016106418
	    H     1.3448915249  -2.0620830251   0.0029788622
	    H    -1.1133737017  -2.1957551982   0.0010230339
	    H    -2.4582660683  -0.1336686412  -0.0017912280
	Saving final (previous) structure.
			--------------------------
			 OPTKING Finished Execution 
			--------------------------

    Final optimized geometry and variables:
    Molecular point group: c1
    Full point group: C1

    Geometry (in Angstrom), charge = 0, multiplicity = 1:

    C           -0.757313373484     1.161167949276    -0.001375706064
    C            0.626947625373     1.236435029411    -0.000722813652
    C            1.384257887369     0.075273269232     0.000852363246
    C            0.757314196851    -1.161167254876     0.001785343164
    C           -0.626948395316    -1.236435533966     0.000524838328
    C           -1.384257997217    -0.075273554009    -0.001063571725
    H           -1.344889855237     2.062083762903    -0.002634995232
    H            1.113373407562     2.195753654431    -0.001191712096
    H            2.458265373381     0.133670594708     0.001610641842
    H            1.344891530175    -2.062083033175     0.002978862248
    H           -1.113373706032    -2.195755206822     0.001023033911
    H           -2.458266078010    -0.133668641724    -0.001791227996

	Removing binary optimization data file.
	Cleaning optimization helper files.

*** tstart() called on wanukaka
*** at Thu Apr 21 15:05:29 2022

   => Loading Basis Set <=

    Name: 6-311++G(D,P)
    Role: ORBITAL
    Keyword: BASIS
    atoms 1-6  entry C          line   119 file /home/sulstice/software/miniconda2/envs/qmpython2/share/psi4/basis/6-311ppg_d_p_.gbs 
    atoms 7-12 entry H          line    42 file /home/sulstice/software/miniconda2/envs/qmpython2/share/psi4/basis/6-311ppg_d_p_.gbs 


         ---------------------------------------------------------
                                   SCF
               by Justin Turney, Rob Parrish, Andy Simmonett
                          and Daniel G. A. Smith
                              RHF Reference
                       12 Threads,   7629 MiB Core
         ---------------------------------------------------------

  ==> Geometry <==

    Molecular point group: c1
    Full point group: C1

    Geometry (in Angstrom), charge = 0, multiplicity = 1:

       Center              X                  Y                   Z               Mass       
    ------------   -----------------  -----------------  -----------------  -----------------
         C           -0.757313373484     1.161167949276    -0.001375706064    12.000000000000
         C            0.626947625373     1.236435029411    -0.000722813652    12.000000000000
         C            1.384257887369     0.075273269232     0.000852363246    12.000000000000
         C            0.757314196851    -1.161167254876     0.001785343164    12.000000000000
         C           -0.626948395316    -1.236435533966     0.000524838328    12.000000000000
         C           -1.384257997217    -0.075273554009    -0.001063571725    12.000000000000
         H           -1.344889855237     2.062083762903    -0.002634995232     1.007825032230
         H            1.113373407562     2.195753654431    -0.001191712096     1.007825032230
         H            2.458265373381     0.133670594708     0.001610641842     1.007825032230
         H            1.344891530175    -2.062083033175     0.002978862248     1.007825032230
         H           -1.113373706032    -2.195755206822     0.001023033911     1.007825032230
         H           -2.458266078010    -0.133668641724    -0.001791227996     1.007825032230

  Running in c1 symmetry.

  Rotational constants: A =      0.19263  B =      0.19263  C =      0.09632 [cm^-1]
  Rotational constants: A =   5775.03610  B =   5775.00390  C =   2887.51005 [MHz]
  Nuclear repulsion =  204.795468120803491

  Charge       = 0
  Multiplicity = 1
  Electrons    = 42
  Nalpha       = 21
  Nbeta        = 21

  ==> Algorithm <==

  SCF Algorithm Type is DF.
  DIIS enabled.
  MOM disabled.
  Fractional occupation disabled.
  Guess Type is SAD.
  Energy threshold   = 1.00e-06
  Density threshold  = 1.00e-06
  Integral threshold = 0.00e+00

  ==> Primary Basis <==

  Basis Set: 6-311++G(D,P)
    Blend: 6-311++G(D,P)
    Number of shells: 90
    Number of basis function: 174
    Number of Cartesian functions: 180
    Spherical Harmonics?: true
    Max angular momentum: 2

   => Loading Basis Set <=

    Name: (6-311++G(D,P) AUX)
    Role: JKFIT
    Keyword: DF_BASIS_SCF
    atoms 1-6  entry C          line   162 file /home/sulstice/software/miniconda2/envs/qmpython2/share/psi4/basis/aug-cc-pvtz-jkfit.gbs 
    atoms 7-12 entry H          line    70 file /home/sulstice/software/miniconda2/envs/qmpython2/share/psi4/basis/aug-cc-pvtz-jkfit.gbs 

  ==> Pre-Iterations <==

   -------------------------------------------------------
    Irrep   Nso     Nmo     Nalpha   Nbeta   Ndocc  Nsocc
   -------------------------------------------------------
     A        174     174       0       0       0       0
   -------------------------------------------------------
    Total     174     174      21      21      21       0
   -------------------------------------------------------

  ==> Integral Setup <==

  DFHelper Memory: AOs need 0.216 GiB; user supplied 5.588 GiB. Using in-core AOs.

  ==> MemDFJK: Density-Fitted J/K Matrices <==

    J tasked:                   Yes
    K tasked:                   Yes
    wK tasked:                   No
    OpenMP threads:              12
    Memory [MiB]:              5722
    Algorithm:                 Core
    Schwarz Cutoff:           1E-12
    Mask sparsity (%):       1.0437
    Fitting Condition:        1E-10

   => Auxiliary Basis Set <=

  Basis Set: (6-311++G(D,P) AUX)
    Blend: AUG-CC-PVTZ-JKFIT
    Number of shells: 264
    Number of basis function: 900
    Number of Cartesian functions: 1116
    Spherical Harmonics?: true
    Max angular momentum: 4

  Minimum eigenvalue in the overlap matrix is 1.0114987687E-06.
  Using Symmetric Orthogonalization.

  SCF Guess: Superposition of Atomic Densities via on-the-fly atomic UHF.

  ==> Iterations <==

                           Total Energy        Delta E     RMS |[F,P]|

   @DF-RHF iter SAD:  -230.26968631121409   -2.30270e+02   0.00000e+00 
   @DF-RHF iter   1:  -230.58009588609875   -3.10410e-01   3.09102e-03 DIIS
   @DF-RHF iter   2:  -230.72303389704439   -1.42938e-01   1.46170e-03 DIIS
   @DF-RHF iter   3:  -230.75541225926216   -3.23784e-02   2.28614e-04 DIIS
   @DF-RHF iter   4:  -230.75676288895545   -1.35063e-03   2.55380e-05 DIIS
   @DF-RHF iter   5:  -230.75678321511552   -2.03262e-05   4.64421e-06 DIIS
   @DF-RHF iter   6:  -230.75678394768613   -7.32571e-07   5.27265e-07 DIIS
  Energy and wave function converged.


  ==> Post-Iterations <==

    Orbital Energies [Eh]
    ---------------------

    Doubly Occupied:                                                      

       1A    -11.235015     2A    -11.234420     3A    -11.234420  
       4A    -11.233138     5A    -11.233138     6A    -11.232510  
       7A     -1.157170     8A     -1.019540     9A     -1.019537  
      10A     -0.827798    11A     -0.827795    12A     -0.715270  
      13A     -0.645528    14A     -0.623716    15A     -0.591864  
      16A     -0.591862    17A     -0.505137    18A     -0.496911  
      19A     -0.496906    20A     -0.338244    21A     -0.338240  

    Virtual:                                                              

      22A      0.042065    23A      0.048977    24A      0.048977  
      25A      0.066410    26A      0.066410    27A      0.088356  
      28A      0.110903    29A      0.110905    30A      0.128925  
      31A      0.152461    32A      0.152461    33A      0.158084  
      34A      0.163117    35A      0.181755    36A      0.181755  
      37A      0.183351    38A      0.183351    39A      0.192276  
      40A      0.209780    41A      0.212438    42A      0.212438  
      43A      0.216990    44A      0.216991    45A      0.217890  
      46A      0.228189    47A      0.228189    48A      0.250950  
      49A      0.250950    50A      0.288779    51A      0.288779  
      52A      0.303425    53A      0.332737    54A      0.337015  
      55A      0.372795    56A      0.410976    57A      0.410978  
      58A      0.433214    59A      0.433215    60A      0.443203  
      61A      0.500977    62A      0.500981    63A      0.512187  
      64A      0.512189    65A      0.603302    66A      0.612583  
      67A      0.714852    68A      0.724090    69A      0.724091  
      70A      0.735976    71A      0.754497    72A      0.754499  
      73A      0.756420    74A      0.756422    75A      0.756955  
      76A      0.797335    77A      0.820336    78A      0.820337  
      79A      0.888422    80A      0.942592    81A      0.942597  
      82A      0.956995    83A      0.957000    84A      0.976627  
      85A      1.015471    86A      1.017267    87A      1.017267  
      88A      1.059075    89A      1.059080    90A      1.119756  
      91A      1.126330    92A      1.126333    93A      1.138588  
      94A      1.168505    95A      1.222654    96A      1.222658  
      97A      1.252285    98A      1.326862    99A      1.326863  
     100A      1.396314   101A      1.396315   102A      1.528607  
     103A      1.555487   104A      1.714180   105A      1.794611  
     106A      1.794612   107A      1.802665   108A      1.832155  
     109A      1.851613   110A      1.851614   111A      1.915317  
     112A      1.915317   113A      1.939959   114A      1.939959  
     115A      1.994583   116A      2.060873   117A      2.060876  
     118A      2.111442   119A      2.111445   120A      2.141517  
     121A      2.241492   122A      2.245934   123A      2.245940  
     124A      2.254230   125A      2.254232   126A      2.307207  
     127A      2.356687   128A      2.356693   129A      2.388888  
     130A      2.388893   131A      2.654643   132A      2.676785  
     133A      2.753634   134A      2.758327   135A      2.758329  
     136A      2.825450   137A      2.825453   138A      2.980395  
     139A      2.980400   140A      2.989140   141A      3.004768  
     142A      3.024475   143A      3.024476   144A      3.044746  
     145A      3.044748   146A      3.062602   147A      3.086733  
     148A      3.195339   149A      3.195340   150A      3.289926  
     151A      3.297378   152A      3.297381   153A      3.353225  
     154A      3.353230   155A      3.490623   156A      3.568561  
     157A      3.794813   158A      3.794826   159A      3.924942  
     160A      3.924951   161A      3.937438   162A      4.121533  
     163A      4.421807   164A      4.421809   165A      4.516228  
     166A      4.583537   167A      4.583540   168A      5.293193  
     169A     24.758714   170A     25.160167   171A     25.160190  
     172A     25.291886   173A     25.291912   174A     25.407275  

    Final Occupation by Irrep:
              A 
    DOCC [    21 ]

  @DF-RHF Final Energy:  -230.75678394768613

   => Energetics <=

    Nuclear Repulsion Energy =            204.7954681208034913
    One-Electron Energy =                -715.9082818233431453
    Two-Electron Energy =                 280.3560297548535232
    Total Energy =                       -230.7567839476861309

Computation Completed


Properties will be evaluated at   0.000000,   0.000000,   0.000000 [a0]

Properties computed using the SCF density matrix

  Nuclear Dipole Moment: [e a0]
     X:     0.0000      Y:     0.0000      Z:    -0.0000

  Electronic Dipole Moment: [e a0]
     X:    -0.0000      Y:    -0.0000      Z:     0.0000

  Dipole Moment: [e a0]
     X:     0.0000      Y:     0.0000      Z:    -0.0000     Total:     0.0000

  Dipole Moment: [D]
     X:     0.0000      Y:     0.0000      Z:    -0.0000     Total:     0.0000


*** tstop() called on wanukaka at Thu Apr 21 15:05:31 2022
Module time:
	user time   =      22.45 seconds =       0.37 minutes
	system time =       0.61 seconds =       0.01 minutes
	total time  =          2 seconds =       0.03 minutes
Total time:
	user time   =     446.81 seconds =       7.45 minutes
	system time =      15.87 seconds =       0.26 minutes
	total time  =         50 seconds =       0.83 minutes
