gradient() will perform analytic gradient computation.

*** tstart() called on wanukaka
*** at Thu Apr 21 15:04:56 2022

   => Loading Basis Set <=

    Name: 6-31+G(D)
    Role: ORBITAL
    Keyword: BASIS
    atoms 1-6  entry C          line   119 file /home/sulstice/software/miniconda2/envs/qmpython2/share/psi4/basis/6-31pg_d_.gbs 
    atoms 7-12 entry H          line    46 file /home/sulstice/software/miniconda2/envs/qmpython2/share/psi4/basis/6-31pg_d_.gbs 


         ---------------------------------------------------------
                                   SCF
               by Justin Turney, Rob Parrish, Andy Simmonett
                          and Daniel G. A. Smith
                              RHF Reference
                       12 Threads,   7629 MiB Core
         ---------------------------------------------------------

  ==> Geometry <==

    Molecular point group: c1
    Full point group: C1

    Geometry (in Angstrom), charge = 0, multiplicity = 1:

       Center              X                  Y                   Z               Mass       
    ------------   -----------------  -----------------  -----------------  -----------------
         C           -0.762035129131     1.168403333333    -0.000521537536    12.000000000000
         C            0.630834870869     1.243953333333    -0.001191537536    12.000000000000
         C            1.392704870869     0.075793333333     0.000398462464    12.000000000000
         C            0.762034870869    -1.168396666667     0.002718462464    12.000000000000
         C           -0.630835129131    -1.243956666667     0.000128462464    12.000000000000
         C           -1.392705129131    -0.075796666667    -0.001531537536    12.000000000000
         H           -1.355605129131     2.078513333333     0.000518462464     1.007825032230
         H            1.122274870869     2.213303333333    -0.002821537536     1.007825032230
         H            2.477914870869     0.134733333333    -0.000041537536     1.007825032230
         H            1.355604870869    -2.078506666667     0.006288462464     1.007825032230
         H           -1.122265129131    -2.213306666667    -0.000481537536     1.007825032230
         H           -2.477915129131    -0.134736666667    -0.003471537536     1.007825032230

  Running in c1 symmetry.

  Rotational constants: A =      0.19014  B =      0.19014  C =      0.09507 [cm^-1]
  Rotational constants: A =   5700.40336  B =   5700.20496  C =   2850.15460 [MHz]
  Nuclear repulsion =  203.416220078318048

  Charge       = 0
  Multiplicity = 1
  Electrons    = 42
  Nalpha       = 21
  Nbeta        = 21

  ==> Algorithm <==

  SCF Algorithm Type is DF.
  DIIS enabled.
  MOM disabled.
  Fractional occupation disabled.
  Guess Type is SAD.
  Energy threshold   = 1.00e-08
  Density threshold  = 1.00e-08
  Integral threshold = 0.00e+00

  ==> Primary Basis <==

  Basis Set: 6-31+G(D)
    Blend: 6-31+G(D)
    Number of shells: 60
    Number of basis function: 126
    Number of Cartesian functions: 126
    Spherical Harmonics?: false
    Max angular momentum: 2

   => Loading Basis Set <=

    Name: (6-31+G(D) AUX)
    Role: JKFIT
    Keyword: DF_BASIS_SCF
    atoms 1-6  entry C          line   194 file /home/sulstice/software/miniconda2/envs/qmpython2/share/psi4/basis/heavy-aug-cc-pvdz-jkfit.gbs 
    atoms 7-12 entry H          line   116 file /home/sulstice/software/miniconda2/envs/qmpython2/share/psi4/basis/heavy-aug-cc-pvdz-jkfit.gbs 

  ==> Pre-Iterations <==

   -------------------------------------------------------
    Irrep   Nso     Nmo     Nalpha   Nbeta   Ndocc  Nsocc
   -------------------------------------------------------
     A        126     126       0       0       0       0
   -------------------------------------------------------
    Total     126     126      21      21      21       0
   -------------------------------------------------------

  ==> Integral Setup <==

  DFHelper Memory: AOs need 0.098 GiB; user supplied 5.588 GiB. Using in-core AOs.

  ==> MemDFJK: Density-Fitted J/K Matrices <==

    J tasked:                   Yes
    K tasked:                   Yes
    wK tasked:                   No
    OpenMP threads:              12
    Memory [MiB]:              5722
    Algorithm:                 Core
    Schwarz Cutoff:           1E-12
    Mask sparsity (%):       0.2268
    Fitting Condition:        1E-10

   => Auxiliary Basis Set <=

  Basis Set: (6-31+G(D) AUX)
    Blend: HEAVY-AUG-CC-PVDZ-JKFIT
    Number of shells: 222
    Number of basis function: 756
    Number of Cartesian functions: 756
    Spherical Harmonics?: false
    Max angular momentum: 3

  Minimum eigenvalue in the overlap matrix is 6.3649200158E-06.
  Using Symmetric Orthogonalization.

  SCF Guess: Superposition of Atomic Densities via on-the-fly atomic UHF.

  ==> Iterations <==

                           Total Energy        Delta E     RMS |[F,P]|

   @DF-RHF iter SAD:  -230.02655308879235   -2.30027e+02   0.00000e+00 
   @DF-RHF iter   1:  -230.54015154184680   -5.13598e-01   4.13313e-03 DIIS
   @DF-RHF iter   2:  -230.67915324517463   -1.39002e-01   1.92436e-03 DIIS
   @DF-RHF iter   3:  -230.70890768514394   -2.97544e-02   2.71992e-04 DIIS
   @DF-RHF iter   4:  -230.70997142726560   -1.06374e-03   2.56258e-05 DIIS
   @DF-RHF iter   5:  -230.70998313623608   -1.17090e-05   4.55491e-06 DIIS
   @DF-RHF iter   6:  -230.70998349336290   -3.57127e-07   5.23274e-07 DIIS
   @DF-RHF iter   7:  -230.70998349838843   -5.02553e-09   7.09931e-08 DIIS
   @DF-RHF iter   8:  -230.70998349846093   -7.25038e-11   2.85048e-08 DIIS
   @DF-RHF iter   9:  -230.70998349846928   -8.35598e-12   4.37716e-09 DIIS
  Energy and wave function converged.


  ==> Post-Iterations <==

    Orbital Energies [Eh]
    ---------------------

    Doubly Occupied:                                                      

       1A    -11.243010     2A    -11.242451     3A    -11.242446  
       4A    -11.241245     5A    -11.241238     6A    -11.240660  
       7A     -1.152472     8A     -1.016703     9A     -1.016660  
      10A     -0.825215    11A     -0.825111    12A     -0.710035  
      13A     -0.644503    14A     -0.620300    15A     -0.589527  
      16A     -0.589501    17A     -0.501069    18A     -0.496417  
      19A     -0.496241    20A     -0.336401    21A     -0.336328  

    Virtual:                                                              

      22A      0.084628    23A      0.089270    24A      0.089275  
      25A      0.102402    26A      0.102404    27A      0.110299  
      28A      0.110362    29A      0.129076    30A      0.137759  
      31A      0.159285    32A      0.159289    33A      0.165854  
      34A      0.172741    35A      0.205200    36A      0.205202  
      37A      0.211133    38A      0.226599    39A      0.226643  
      40A      0.241041    41A      0.241045    42A      0.253269  
      43A      0.253276    44A      0.289852    45A      0.289859  
      46A      0.305581    47A      0.324877    48A      0.326140  
      49A      0.383537    50A      0.386742    51A      0.386834  
      52A      0.434917    53A      0.434930    54A      0.456455  
      55A      0.520820    56A      0.520902    57A      0.524283  
      58A      0.524407    59A      0.759109    60A      0.787545  
      61A      0.822089    62A      0.839213    63A      0.891566  
      64A      0.950689    65A      0.950729    66A      0.963971  
      67A      0.964103    68A      0.992298    69A      0.992329  
      70A      1.011040    71A      1.011131    72A      1.029003  
      73A      1.050988    74A      1.167747    75A      1.193921  
      76A      1.193972    77A      1.210833    78A      1.211005  
      79A      1.260725    80A      1.279597    81A      1.302174  
      82A      1.302270    83A      1.383046    84A      1.383088  
      85A      1.388202    86A      1.388270    87A      1.509509  
      88A      1.567764    89A      1.658660    90A      1.697615  
      91A      1.697675    92A      1.760169    93A      1.760299  
      94A      1.787697    95A      1.787740    96A      2.042737  
      97A      2.123823    98A      2.173440    99A      2.199588  
     100A      2.323079   101A      2.323223   102A      2.438032  
     103A      2.438075   104A      2.470177   105A      2.470271  
     106A      2.484294   107A      2.484465   108A      2.633796  
     109A      2.634223   110A      2.650436   111A      2.908118  
     112A      2.908208   113A      2.994667   114A      3.073561  
     115A      3.073759   116A      3.097216   117A      3.097456  
     118A      3.153784   119A      3.398955   120A      3.786554  
     121A      4.656118   122A      4.665555   123A      4.665634  
     124A      4.802162   125A      4.802202   126A      5.109876  

    Final Occupation by Irrep:
              A 
    DOCC [    21 ]

  @DF-RHF Final Energy:  -230.70998349846928

   => Energetics <=

    Nuclear Repulsion Energy =            203.4162200783180481
    One-Electron Energy =                -713.0373415164808648
    Two-Electron Energy =                 278.9111379396935604
    Total Energy =                       -230.7099834984692848

Computation Completed


Properties will be evaluated at   0.000000,   0.000000,   0.000000 [a0]

Properties computed using the SCF density matrix

  Nuclear Dipole Moment: [e a0]
     X:     0.0000      Y:     0.0000      Z:    -0.0000

  Electronic Dipole Moment: [e a0]
     X:    -0.0000      Y:    -0.0000      Z:     0.0000

  Dipole Moment: [e a0]
     X:    -0.0000      Y:    -0.0000      Z:    -0.0000     Total:     0.0000

  Dipole Moment: [D]
     X:    -0.0000      Y:    -0.0000      Z:    -0.0000     Total:     0.0000


*** tstop() called on wanukaka at Thu Apr 21 15:04:58 2022
Module time:
	user time   =      14.60 seconds =       0.24 minutes
	system time =       0.54 seconds =       0.01 minutes
	total time  =          2 seconds =       0.03 minutes
Total time:
	user time   =      95.49 seconds =       1.59 minutes
	system time =       5.10 seconds =       0.08 minutes
	total time  =         17 seconds =       0.28 minutes

*** tstart() called on wanukaka
*** at Thu Apr 21 15:04:58 2022


         ------------------------------------------------------------
                                   SCF GRAD                          
                          Rob Parrish, Justin Turney,                
                       Andy Simmonett, and Alex Sokolov              
         ------------------------------------------------------------

  ==> Geometry <==

    Molecular point group: c1
    Full point group: C1

    Geometry (in Angstrom), charge = 0, multiplicity = 1:

       Center              X                  Y                   Z               Mass       
    ------------   -----------------  -----------------  -----------------  -----------------
         C           -0.762035129131     1.168403333333    -0.000521537536    12.000000000000
         C            0.630834870869     1.243953333333    -0.001191537536    12.000000000000
         C            1.392704870869     0.075793333333     0.000398462464    12.000000000000
         C            0.762034870869    -1.168396666667     0.002718462464    12.000000000000
         C           -0.630835129131    -1.243956666667     0.000128462464    12.000000000000
         C           -1.392705129131    -0.075796666667    -0.001531537536    12.000000000000
         H           -1.355605129131     2.078513333333     0.000518462464     1.007825032230
         H            1.122274870869     2.213303333333    -0.002821537536     1.007825032230
         H            2.477914870869     0.134733333333    -0.000041537536     1.007825032230
         H            1.355604870869    -2.078506666667     0.006288462464     1.007825032230
         H           -1.122265129131    -2.213306666667    -0.000481537536     1.007825032230
         H           -2.477915129131    -0.134736666667    -0.003471537536     1.007825032230

  Nuclear repulsion =  203.416220078318048

  ==> Basis Set <==

  Basis Set: 6-31+G(D)
    Blend: 6-31+G(D)
    Number of shells: 60
    Number of basis function: 126
    Number of Cartesian functions: 126
    Spherical Harmonics?: false
    Max angular momentum: 2

  ==> DFJKGrad: Density-Fitted SCF Gradients <==

    Gradient:                    1
    J tasked:                  Yes
    K tasked:                  Yes
    wK tasked:                  No
    OpenMP threads:             12
    Integrals threads:          12
    Memory [MiB]:             5722
    Schwarz Cutoff:          0E+00
    Fitting Condition:       1E-10

   => Auxiliary Basis Set <=

  Basis Set: (6-31+G(D) AUX)
    Blend: HEAVY-AUG-CC-PVDZ-JKFIT
    Number of shells: 222
    Number of basis function: 756
    Number of Cartesian functions: 756
    Spherical Harmonics?: false
    Max angular momentum: 3


  -Total Gradient:
     Atom            X                  Y                   Z
    ------   -----------------  -----------------  -----------------
       1        0.000365175529    -0.000571522783     0.000082637266
       2       -0.000278564875    -0.001057540849    -0.000039183725
       3       -0.001085411706     0.000159709610    -0.000041420133
       4       -0.000365332182     0.000580405968     0.000078644190
       5        0.000276749482     0.001051299227    -0.000038037003
       6        0.001084502014    -0.000163658787    -0.000041712375
       7       -0.004484569273     0.006876730336     0.000104281399
       8        0.003770763428     0.007471730646    -0.000059273407
       9        0.008357258449     0.000438689247    -0.000053198847
      10        0.004486106732    -0.006879006313     0.000123663352
      11       -0.003768312569    -0.007468185541    -0.000051770386
      12       -0.008358365029    -0.000438650763    -0.000064630331


*** tstop() called on wanukaka at Thu Apr 21 15:04:59 2022
Module time:
	user time   =      13.39 seconds =       0.22 minutes
	system time =       0.47 seconds =       0.01 minutes
	total time  =          1 seconds =       0.02 minutes
Total time:
	user time   =     108.90 seconds =       1.82 minutes
	system time =       5.57 seconds =       0.09 minutes
	total time  =         18 seconds =       0.30 minutes

			-----------------------------------------
			 OPTKING 2.0: for geometry optimizations 
			  - R.A. King,  Bethel University        
			-----------------------------------------

	Internal coordinates to be generated automatically.
	Detected frag 1 with atoms:  1 2 3 4 5 6 7 8 9 10 11 12
	---Fragment 1 Bond Connectivity---
	 1 : 2 6 7
	 2 : 1 3 8
	 3 : 2 4 9
	 4 : 3 5 10
	 5 : 4 6 11
	 6 : 1 5 12
	 7 : 1
	 8 : 2
	 9 : 3
	 10 : 4
	 11 : 5
	 12 : 6

	---Fragment 1 Geometry and Gradient---
	 C          -1.4400376920        2.2079623041       -0.0009855631
	 C           1.1921051363        2.3507311129       -0.0022516796
	 C           2.6318307795        0.1432286421        0.0007529849
	 C           1.4400372040       -2.2079497059        0.0051371495
	 C          -1.1921056244       -2.3507374119        0.0002427589
	 C          -2.6318312676       -0.1432349412       -0.0028941865
	 H          -2.5617224283        3.9278209481        0.0009797521
	 H           2.1207921434        4.1825371326       -0.0053319332
	 H           4.6825804681        0.2546091000       -0.0000784946
	 H           2.5617219403       -3.9278083499        0.0118834718
	 H          -2.1207737342       -4.1825434316       -0.0009099741
	 H          -4.6825809562       -0.2546153991       -0.0065602552
	             0.0003651755       -0.0005715228        0.0000826373
	            -0.0002785649       -0.0010575408       -0.0000391837
	            -0.0010854117        0.0001597096       -0.0000414201
	            -0.0003653322        0.0005804060        0.0000786442
	             0.0002767495        0.0010512992       -0.0000380370
	             0.0010845020       -0.0001636588       -0.0000417124
	            -0.0044845693        0.0068767303        0.0001042814
	             0.0037707634        0.0074717306       -0.0000592734
	             0.0083572584        0.0004386892       -0.0000531988
	             0.0044861067       -0.0068790063        0.0001236634
	            -0.0037683126       -0.0074681855       -0.0000517704
	            -0.0083583650       -0.0004386508       -0.0000646303

	Previous optimization step data not found.  Starting new optimization.

	---Fragment 1 Intrafragment Coordinates---
	 - Coordinate -           - BOHR/RAD -       - ANG/DEG -
	 R(1,2)           =         2.636012	       1.394918
	 R(1,6)           =         2.636002	       1.394912
	 R(1,7)           =         2.053313	       1.086566
	 R(2,3)           =         2.635505	       1.394649
	 R(2,8)           =         2.053773	       1.086810
	 R(3,4)           =         2.635988	       1.394905
	 R(3,9)           =         2.053772	       1.086809
	 R(4,5)           =         2.636017	       1.394920
	 R(4,10)          =         2.053323	       1.086572
	 R(5,6)           =         2.635505	       1.394649
	 R(5,11)          =         2.053762	       1.086804
	 R(6,12)          =         2.053775	       1.086811
	 B(1,2,3)         =         2.094526	     120.007482
	 B(1,2,8)         =         2.094199	     119.988764
	 B(1,6,5)         =         2.094530	     120.007755
	 B(1,6,12)        =         2.094198	     119.988723
	 B(2,1,6)         =         2.094126	     119.984577
	 B(2,1,7)         =         2.094526	     120.007526
	 B(2,3,4)         =         2.094530	     120.007717
	 B(2,3,9)         =         2.094454	     120.003402
	 B(3,2,8)         =         2.094461	     120.003753
	 B(3,4,5)         =         2.094132	     119.984901
	 B(3,4,10)        =         2.094532	     120.007825
	 B(4,3,9)         =         2.094201	     119.988881
	 B(4,5,6)         =         2.094521	     120.007199
	 B(4,5,11)        =         2.094198	     119.988704
	 B(5,4,10)        =         2.094522	     120.007272
	 B(5,6,12)        =         2.094457	     120.003521
	 B(6,1,7)         =         2.094533	     120.007895
	 B(6,5,11)        =         2.094467	     120.004096
	 D(1,2,3,4)       =        -0.000049	      -0.002815
	 D(1,2,3,9)       =        -3.141505	    -179.995000
	 D(1,6,5,4)       =        -0.000067	      -0.003828
	 D(1,6,5,11)      =         3.141405	     179.989222
	 D(2,1,6,5)       =         0.002765	       0.158422
	 D(2,1,6,12)      =        -3.138977	    -179.850148
	 D(2,3,4,5)       =         0.002747	       0.157410
	 D(2,3,4,10)      =        -3.139115	    -179.858044
	 D(3,2,1,6)       =        -0.002707	      -0.155101
	 D(3,2,1,7)       =         3.139171	     179.861239
	 D(3,4,5,6)       =        -0.002689	      -0.154088
	 D(3,4,5,11)      =         3.139025	     179.852860
	 D(4,3,2,8)       =         3.141404	     179.989191
	 D(4,5,6,12)      =        -3.141510	    -179.995258
	 D(5,4,3,9)       =        -3.138982	    -179.850404
	 D(5,6,1,7)       =        -3.139113	    -179.857918
	 D(6,1,2,8)       =         3.139025	     179.852892
	 D(6,5,4,10)      =         3.139173	     179.861366
	 D(7,1,2,8)       =        -0.002282	      -0.130769
	 D(7,1,6,12)      =         0.002330	       0.133513
	 D(8,2,3,9)       =        -0.000052	      -0.002993
	 D(9,3,4,10)      =         0.002341	       0.134142
	 D(10,4,5,11)     =        -0.002298	      -0.131686
	 D(11,5,6,12)     =        -0.000039	      -0.002207

	Current energy   :      -230.7099834985

	Generating empirical Hessian (Schlegel '84) for each fragment.
	Taking RFO optimization step.
	Going to follow RFO solution 1.
	Using RFO vector 1.
	Norm of target step-size    0.07034
	Projected energy change by RFO approximation:        -0.0019559758

	Back-transformation to cartesian coordinates...
	Successfully converged to displaced geometry.

	--- Internal Coordinate Step in ANG or DEG, aJ/ANG or AJ/DEG ---
	 ---------------------------------------------------------------------------
	   Coordinate                Previous        Force       Change         New 
	   ----------                --------       ------       ------       ------
	    1 R(1,2)          =      1.394918    -0.061386    -0.008450     1.386467
	    2 R(1,6)          =      1.394912    -0.061331    -0.008442     1.386469
	    3 R(1,7)          =      1.086566    -0.067639    -0.012273     1.074294
	    4 R(2,3)          =      1.394649    -0.059584    -0.008194     1.386455
	    5 R(2,8)          =      1.086810    -0.068953    -0.012521     1.074289
	    6 R(3,4)          =      1.394905    -0.061289    -0.008436     1.386469
	    7 R(3,9)          =      1.086809    -0.068948    -0.012520     1.074289
	    8 R(4,5)          =      1.394920    -0.061386    -0.008450     1.386470
	    9 R(4,10)         =      1.086572    -0.067664    -0.012277     1.074295
	   10 R(5,6)          =      1.394649    -0.059594    -0.008195     1.386454
	   11 R(5,11)         =      1.086804    -0.068917    -0.012514     1.074290
	   12 R(6,12)         =      1.086811    -0.068958    -0.012522     1.074289
	   13 B(1,2,3)        =    120.007482    -0.000002    -0.006081   120.001401
	   14 B(1,2,8)        =    119.988764     0.000002     0.008645   119.997409
	   15 B(1,6,5)        =    120.007755    -0.000002    -0.006216   120.001539
	   16 B(1,6,12)       =    119.988723     0.000002     0.008676   119.997399
	   17 B(2,1,6)        =    119.984577     0.000004     0.012518   119.997095
	   18 B(2,1,7)        =    120.007526    -0.000002    -0.006146   120.001380
	   19 B(2,3,4)        =    120.007717    -0.000002    -0.006234   120.001483
	   20 B(2,3,9)        =    120.003402    -0.000000    -0.002389   120.001013
	   21 B(3,2,8)        =    120.003753    -0.000000    -0.002571   120.001182
	   22 B(3,4,5)        =    119.984901     0.000004     0.012190   119.997091
	   23 B(3,4,10)       =    120.007825    -0.000002    -0.006212   120.001612
	   24 B(4,3,9)        =    119.988881     0.000002     0.008615   119.997497
	   25 B(4,5,6)        =    120.007199    -0.000002    -0.005867   120.001333
	   26 B(4,5,11)       =    119.988704     0.000002     0.008689   119.997393
	   27 B(5,4,10)       =    120.007272    -0.000002    -0.006007   120.001266
	   28 B(5,6,12)       =    120.003521    -0.000000    -0.002467   120.001054
	   29 B(6,1,7)        =    120.007895    -0.000002    -0.006402   120.001493
	   30 B(6,5,11)       =    120.004096    -0.000000    -0.002829   120.001267
	   31 D(1,2,3,4)      =     -0.002815     0.000000     0.003881     0.001066
	   32 D(1,2,3,9)      =   -179.995000    -0.000000    -0.036949  -180.031949
	   33 D(1,6,5,4)      =     -0.003828     0.000000     0.005495     0.001666
	   34 D(1,6,5,11)     =    179.989222     0.000000     0.043299   180.032521
	   35 D(2,1,6,5)      =      0.158422    -0.000001    -0.222202    -0.063780
	   36 D(2,1,6,12)     =   -179.850148    -0.000001    -0.180274  -180.030422
	   37 D(2,3,4,5)      =      0.157410    -0.000001    -0.220590    -0.063180
	   38 D(2,3,4,10)     =   -179.858044    -0.000001    -0.140829  -179.998873
	   39 D(3,2,1,6)      =     -0.155101     0.000001     0.217514     0.062414
	   40 D(3,2,1,7)      =    179.861239     0.000001     0.136476   179.997714
	   41 D(3,4,5,6)      =     -0.154088     0.000001     0.215902     0.061814
	   42 D(3,4,5,11)     =    179.852860     0.000001     0.178100   180.030960
	   43 D(4,3,2,8)      =    179.989191     0.000000     0.043181   180.032373
	   44 D(4,5,6,12)     =   -179.995258    -0.000000    -0.036435  -180.031693
	   45 D(5,4,3,9)      =   -179.850404    -0.000001    -0.179762  -180.030166
	   46 D(5,6,1,7)      =   -179.857918    -0.000001    -0.141163  -179.999080
	   47 D(6,1,2,8)      =    179.852892     0.000001     0.178217   180.031108
	   48 D(6,5,4,10)     =    179.861366     0.000001     0.136141   179.997507
	   49 D(7,1,2,8)      =     -0.130769     0.000001     0.097178    -0.033591
	   50 D(7,1,6,12)     =      0.133513    -0.000001    -0.099236     0.034277
	   51 D(8,2,3,9)      =     -0.002993     0.000000     0.002993     0.000000
	   52 D(9,3,4,10)     =      0.134142    -0.000001    -0.100001     0.034141
	   53 D(10,4,5,11)    =     -0.131686     0.000001     0.098340    -0.033347
	   54 D(11,5,6,12)    =     -0.002207     0.000000     0.001369    -0.000838
	 ---------------------------------------------------------------------------
	Successfully symmetrized geometry.

  ==> Convergence Check <==

  Measures of convergence in internal coordinates in au.
  Criteria marked as inactive (o), active & met (*), and active & unmet ( ).
  --------------------------------------------------------------------------------------------- ~
   Step     Total Energy     Delta E     MAX Force     RMS Force      MAX Disp      RMS Disp    ~
  --------------------------------------------------------------------------------------------- ~
    Convergence Criteria    1.00e-06 *    3.00e-04 *             o    1.20e-03 *             o  ~
  --------------------------------------------------------------------------------------------- ~
      1    -230.70998350   -2.31e+02      8.37e-03      3.71e-03 o    2.37e-02      9.57e-03 o  ~
  ---------------------------------------------------------------------------------------------

	Writing optimization data to binary file.
	Structure for next step:
	Cartesian Geometry (in Angstrom)
	    C    -0.7574146399   1.1613257151  -0.0020220820
	    C     0.6270086269   1.2365704176  -0.0004177187
	    C     1.3844049625   0.0752751472   0.0011754641
	    C     0.7574180561  -1.1613260206   0.0011420296
	    C    -0.6270089308  -1.2365698258   0.0008393870
	    C    -1.3844031159  -0.0752750063  -0.0007251691
	    H    -1.3442823281   2.0611546911  -0.0032194468
	    H     1.1128274913   2.1947331645  -0.0009174604
	    H     2.4571104404   0.1335845746   0.0018998035
	    H     1.3442843163  -2.0611566236   0.0023948086
	    H    -1.1128279421  -2.1947337699   0.0013162151
	    H    -2.4571084864  -0.1335824638  -0.0014742812
			--------------------------
			 OPTKING Finished Execution 
			--------------------------

    Structure for next step:
    Molecular point group: c1
    Full point group: C1

    Geometry (in Angstrom), charge = 0, multiplicity = 1:

    C           -0.757415450463     1.161325659457    -0.002020833605
    C            0.627007821867     1.236570362261    -0.000416470308
    C            1.384404160393     0.075275087355     0.001176712539
    C            0.757417251554    -1.161326085282     0.001143277990
    C           -0.627009740770    -1.236569890842     0.000840635371
    C           -1.384403928879    -0.075275066759    -0.000723920735
    H           -1.344283140884     2.061154639076    -0.003218198365
    H            1.112826688127     2.194733112929    -0.000916212041
    H            2.457109642477     0.133584514923     0.001901051937
    H            1.344283514083    -2.061156691825     0.002396056994
    H           -1.112828754023    -2.194733838687     0.001317463510
    H           -2.457109303602    -0.133582524522    -0.001473032834

gradient() will perform analytic gradient computation.

*** tstart() called on wanukaka
*** at Thu Apr 21 15:04:59 2022

   => Loading Basis Set <=

    Name: 6-31+G(D)
    Role: ORBITAL
    Keyword: BASIS
    atoms 1-6  entry C          line   119 file /home/sulstice/software/miniconda2/envs/qmpython2/share/psi4/basis/6-31pg_d_.gbs 
    atoms 7-12 entry H          line    46 file /home/sulstice/software/miniconda2/envs/qmpython2/share/psi4/basis/6-31pg_d_.gbs 


         ---------------------------------------------------------
                                   SCF
               by Justin Turney, Rob Parrish, Andy Simmonett
                          and Daniel G. A. Smith
                              RHF Reference
                       12 Threads,   7629 MiB Core
         ---------------------------------------------------------

  ==> Geometry <==

    Molecular point group: c1
    Full point group: C1

    Geometry (in Angstrom), charge = 0, multiplicity = 1:

       Center              X                  Y                   Z               Mass       
    ------------   -----------------  -----------------  -----------------  -----------------
         C           -0.757415450463     1.161325659457    -0.002020833605    12.000000000000
         C            0.627007821867     1.236570362261    -0.000416470308    12.000000000000
         C            1.384404160393     0.075275087355     0.001176712539    12.000000000000
         C            0.757417251554    -1.161326085282     0.001143277990    12.000000000000
         C           -0.627009740770    -1.236569890842     0.000840635371    12.000000000000
         C           -1.384403928879    -0.075275066759    -0.000723920735    12.000000000000
         H           -1.344283140884     2.061154639076    -0.003218198365     1.007825032230
         H            1.112826688127     2.194733112929    -0.000916212041     1.007825032230
         H            2.457109642477     0.133584514923     0.001901051937     1.007825032230
         H            1.344283514083    -2.061156691825     0.002396056994     1.007825032230
         H           -1.112828754023    -2.194733838687     0.001317463510     1.007825032230
         H           -2.457109303602    -0.133582524522    -0.001473032834     1.007825032230

  Running in c1 symmetry.

  Rotational constants: A =      0.19264  B =      0.19263  C =      0.09632 [cm^-1]
  Rotational constants: A =   5775.21246  B =   5774.95165  C =   2887.54127 [MHz]
  Nuclear repulsion =  204.812755839238719

  Charge       = 0
  Multiplicity = 1
  Electrons    = 42
  Nalpha       = 21
  Nbeta        = 21

  ==> Algorithm <==

  SCF Algorithm Type is DF.
  DIIS enabled.
  MOM disabled.
  Fractional occupation disabled.
  Guess Type is READ.
  Energy threshold   = 1.00e-08
  Density threshold  = 1.00e-08
  Integral threshold = 0.00e+00

  ==> Primary Basis <==

  Basis Set: 6-31+G(D)
    Blend: 6-31+G(D)
    Number of shells: 60
    Number of basis function: 126
    Number of Cartesian functions: 126
    Spherical Harmonics?: false
    Max angular momentum: 2

   => Loading Basis Set <=

    Name: (6-31+G(D) AUX)
    Role: JKFIT
    Keyword: DF_BASIS_SCF
    atoms 1-6  entry C          line   194 file /home/sulstice/software/miniconda2/envs/qmpython2/share/psi4/basis/heavy-aug-cc-pvdz-jkfit.gbs 
    atoms 7-12 entry H          line   116 file /home/sulstice/software/miniconda2/envs/qmpython2/share/psi4/basis/heavy-aug-cc-pvdz-jkfit.gbs 

   => Loading Basis Set <=

    Name: 6-31+G(D)
    Role: ORBITAL
    Keyword: BASIS
    atoms 1-6  entry C          line   119 file /home/sulstice/software/miniconda2/envs/qmpython2/share/psi4/basis/6-31pg_d_.gbs 
    atoms 7-12 entry H          line    46 file /home/sulstice/software/miniconda2/envs/qmpython2/share/psi4/basis/6-31pg_d_.gbs 

  Reading orbitals from file 180, no projection.

  ==> Pre-Iterations <==

   -------------------------------------------------------
    Irrep   Nso     Nmo     Nalpha   Nbeta   Ndocc  Nsocc
   -------------------------------------------------------
     A        126     126       0       0       0       0
   -------------------------------------------------------
    Total     126     126      21      21      21       0
   -------------------------------------------------------

  ==> Integral Setup <==

  DFHelper Memory: AOs need 0.098 GiB; user supplied 5.588 GiB. Using in-core AOs.

  ==> MemDFJK: Density-Fitted J/K Matrices <==

    J tasked:                   Yes
    K tasked:                   Yes
    wK tasked:                   No
    OpenMP threads:              12
    Memory [MiB]:              5722
    Algorithm:                 Core
    Schwarz Cutoff:           1E-12
    Mask sparsity (%):       0.1890
    Fitting Condition:        1E-10

   => Auxiliary Basis Set <=

  Basis Set: (6-31+G(D) AUX)
    Blend: HEAVY-AUG-CC-PVDZ-JKFIT
    Number of shells: 222
    Number of basis function: 756
    Number of Cartesian functions: 756
    Spherical Harmonics?: false
    Max angular momentum: 3

  Minimum eigenvalue in the overlap matrix is 6.0097201690E-06.
  Using Symmetric Orthogonalization.

  SCF Guess: Orbitals guess was supplied from a previous computation.

  ==> Iterations <==

                           Total Energy        Delta E     RMS |[F,P]|

   @DF-RHF iter   0:  -230.77262008561775   -2.30773e+02   3.71686e-04 
   @DF-RHF iter   1:  -230.71070769062192    6.19124e-02   6.80875e-05 DIIS
   @DF-RHF iter   2:  -230.71076097949930   -5.32889e-05   3.08992e-05 DIIS
   @DF-RHF iter   3:  -230.71076834308369   -7.36358e-06   4.68033e-06 DIIS
   @DF-RHF iter   4:  -230.71076869006325   -3.46980e-07   9.11342e-07 DIIS
   @DF-RHF iter   5:  -230.71076870776830   -1.77050e-08   2.46642e-07 DIIS
   @DF-RHF iter   6:  -230.71076870945836   -1.69007e-09   5.82987e-08 DIIS
   @DF-RHF iter   7:  -230.71076870956648   -1.08116e-10   1.46609e-08 DIIS
   @DF-RHF iter   8:  -230.71076870957054   -4.06430e-12   5.71812e-09 DIIS
  Energy and wave function converged.


  ==> Post-Iterations <==

    Orbital Energies [Eh]
    ---------------------

    Doubly Occupied:                                                      

       1A    -11.238381     2A    -11.237795     3A    -11.237793  
       4A    -11.236539     5A    -11.236537     6A    -11.235932  
       7A     -1.157416     8A     -1.020069     9A     -1.020067  
      10A     -0.828289    11A     -0.828287    12A     -0.715590  
      13A     -0.647031    14A     -0.622951    15A     -0.592587  
      16A     -0.592580    17A     -0.503972    18A     -0.497654  
      19A     -0.497632    20A     -0.337338    21A     -0.337336  

    Virtual:                                                              

      22A      0.084524    23A      0.089168    24A      0.089169  
      25A      0.102570    26A      0.102570    27A      0.112110  
      28A      0.112116    29A      0.129398    30A      0.137308  
      31A      0.159109    32A      0.159109    33A      0.166210  
      34A      0.172710    35A      0.205747    36A      0.205747  
      37A      0.211752    38A      0.227485    39A      0.227488  
      40A      0.241085    41A      0.241086    42A      0.253948  
      43A      0.253950    44A      0.289619    45A      0.289619  
      46A      0.305986    47A      0.325102    48A      0.330760  
      49A      0.388115    50A      0.390916    51A      0.390917  
      52A      0.440497    53A      0.440501    54A      0.462942  
      55A      0.525001    56A      0.525010    57A      0.528198  
      58A      0.528214    59A      0.756347    60A      0.794730  
      61A      0.822363    62A      0.851034    63A      0.891342  
      64A      0.950035    65A      0.950037    66A      0.968348  
      67A      0.968350    68A      0.993583    69A      0.993586  
      70A      1.013900    71A      1.013903    72A      1.029825  
      73A      1.053555    74A      1.174123    75A      1.201207  
      76A      1.201213    77A      1.213254    78A      1.213265  
      79A      1.270053    80A      1.287547    81A      1.305756  
      82A      1.305765    83A      1.387808    84A      1.387812  
      85A      1.389356    86A      1.389385    87A      1.510698  
      88A      1.576157    89A      1.654862    90A      1.709030  
      91A      1.709034    92A      1.764204    93A      1.764223  
      94A      1.788691    95A      1.788707    96A      2.047636  
      97A      2.131990    98A      2.191965    99A      2.216447  
     100A      2.344228   101A      2.344257   102A      2.455115  
     103A      2.455124   104A      2.477137   105A      2.477154  
     106A      2.498287   107A      2.498307   108A      2.643738  
     109A      2.643784   110A      2.662316   111A      2.918471  
     112A      2.918486   113A      3.012733   114A      3.100073  
     115A      3.100113   116A      3.108536   117A      3.108558  
     118A      3.165869   119A      3.410264   120A      3.823939  
     121A      4.670044   122A      4.670044   123A      4.672025  
     124A      4.806134   125A      4.806136   126A      5.120530  

    Final Occupation by Irrep:
              A 
    DOCC [    21 ]

  @DF-RHF Final Energy:  -230.71076870957054

   => Energetics <=

    Nuclear Repulsion Energy =            204.8127558392387186
    One-Electron Energy =                -715.8034967230273651
    Two-Electron Energy =                 280.2799721742181305
    Total Energy =                       -230.7107687095705160

Computation Completed


Properties will be evaluated at   0.000000,   0.000000,   0.000000 [a0]

Properties computed using the SCF density matrix

  Nuclear Dipole Moment: [e a0]
     X:    -0.0000      Y:    -0.0000      Z:     0.0000

  Electronic Dipole Moment: [e a0]
     X:     0.0000      Y:     0.0000      Z:    -0.0000

  Dipole Moment: [e a0]
     X:    -0.0000      Y:     0.0000      Z:     0.0000     Total:     0.0000

  Dipole Moment: [D]
     X:    -0.0000      Y:     0.0000      Z:     0.0000     Total:     0.0000


*** tstop() called on wanukaka at Thu Apr 21 15:05:00 2022
Module time:
	user time   =      12.26 seconds =       0.20 minutes
	system time =       0.30 seconds =       0.00 minutes
	total time  =          1 seconds =       0.02 minutes
Total time:
	user time   =     121.55 seconds =       2.03 minutes
	system time =       5.90 seconds =       0.10 minutes
	total time  =         19 seconds =       0.32 minutes

*** tstart() called on wanukaka
*** at Thu Apr 21 15:05:00 2022


         ------------------------------------------------------------
                                   SCF GRAD                          
                          Rob Parrish, Justin Turney,                
                       Andy Simmonett, and Alex Sokolov              
         ------------------------------------------------------------

  ==> Geometry <==

    Molecular point group: c1
    Full point group: C1

    Geometry (in Angstrom), charge = 0, multiplicity = 1:

       Center              X                  Y                   Z               Mass       
    ------------   -----------------  -----------------  -----------------  -----------------
         C           -0.757415450463     1.161325659457    -0.002020833605    12.000000000000
         C            0.627007821867     1.236570362261    -0.000416470308    12.000000000000
         C            1.384404160393     0.075275087355     0.001176712539    12.000000000000
         C            0.757417251554    -1.161326085282     0.001143277990    12.000000000000
         C           -0.627009740770    -1.236569890842     0.000840635371    12.000000000000
         C           -1.384403928879    -0.075275066759    -0.000723920735    12.000000000000
         H           -1.344283140884     2.061154639076    -0.003218198365     1.007825032230
         H            1.112826688127     2.194733112929    -0.000916212041     1.007825032230
         H            2.457109642477     0.133584514923     0.001901051937     1.007825032230
         H            1.344283514083    -2.061156691825     0.002396056994     1.007825032230
         H           -1.112828754023    -2.194733838687     0.001317463510     1.007825032230
         H           -2.457109303602    -0.133582524522    -0.001473032834     1.007825032230

  Nuclear repulsion =  204.812755839238719

  ==> Basis Set <==

  Basis Set: 6-31+G(D)
    Blend: 6-31+G(D)
    Number of shells: 60
    Number of basis function: 126
    Number of Cartesian functions: 126
    Spherical Harmonics?: false
    Max angular momentum: 2

  ==> DFJKGrad: Density-Fitted SCF Gradients <==

    Gradient:                    1
    J tasked:                  Yes
    K tasked:                  Yes
    wK tasked:                  No
    OpenMP threads:             12
    Integrals threads:          12
    Memory [MiB]:             5722
    Schwarz Cutoff:          0E+00
    Fitting Condition:       1E-10

   => Auxiliary Basis Set <=

  Basis Set: (6-31+G(D) AUX)
    Blend: HEAVY-AUG-CC-PVDZ-JKFIT
    Number of shells: 222
    Number of basis function: 756
    Number of Cartesian functions: 756
    Spherical Harmonics?: false
    Max angular momentum: 3


  -Total Gradient:
     Atom            X                  Y                   Z
    ------   -----------------  -----------------  -----------------
       1        0.000407977147    -0.000625002609    -0.000140990396
       2       -0.000336345261    -0.000699158686     0.000069263789
       3       -0.000776381583    -0.000025303054     0.000071729059
       4       -0.000406892526     0.000625327263    -0.000141470249
       5        0.000334064554     0.000700471928     0.000067211067
       6        0.000776906105     0.000024603693     0.000073976420
       7        0.000582454285    -0.000892615249     0.000024788139
       8       -0.000489471487    -0.000953269192    -0.000010870619
       9       -0.001069331728    -0.000063234558    -0.000012865408
      10       -0.000582253160     0.000891986059     0.000022374117
      11        0.000489302070     0.000952826113    -0.000011798246
      12        0.001069971583     0.000063368291    -0.000011347672


*** tstop() called on wanukaka at Thu Apr 21 15:05:01 2022
Module time:
	user time   =      13.18 seconds =       0.22 minutes
	system time =       0.50 seconds =       0.01 minutes
	total time  =          1 seconds =       0.02 minutes
Total time:
	user time   =     134.75 seconds =       2.25 minutes
	system time =       6.40 seconds =       0.11 minutes
	total time  =         20 seconds =       0.33 minutes

			-----------------------------------------
			 OPTKING 2.0: for geometry optimizations 
			  - R.A. King,  Bethel University        
			-----------------------------------------

	Previous internal coordinate definitions found.
	---Fragment 1 Geometry and Gradient---
	 C          -1.4313077646        2.1945874388       -0.0038188221
	 C           1.1848730618        2.3367793195       -0.0007870148
	 C           2.6161447101        0.1422492992        0.0022236644
	 C           1.4313111681       -2.1945882435        0.0021604823
	 C          -1.1848766880       -2.3367784287        0.0015885706
	 C          -2.6161442726       -0.1422492603       -0.0013680119
	 H          -2.5403269713        3.8950177701       -0.0060815135
	 H           2.1029376657        4.1474445019       -0.0017313898
	 H           4.6432642845        0.2524381478        0.0035924675
	 H           2.5403276766       -3.8950216492        0.0045278915
	 H          -2.1029415696       -4.1474458734        0.0024896452
	 H          -4.6432636441       -0.2524343865       -0.0027836286
	             0.0004079771       -0.0006250026       -0.0001409904
	            -0.0003363453       -0.0006991587        0.0000692638
	            -0.0007763816       -0.0000253031        0.0000717291
	            -0.0004068925        0.0006253273       -0.0001414702
	             0.0003340646        0.0007004719        0.0000672111
	             0.0007769061        0.0000246037        0.0000739764
	             0.0005824543       -0.0008926152        0.0000247881
	            -0.0004894715       -0.0009532692       -0.0000108706
	            -0.0010693317       -0.0000632346       -0.0000128654
	            -0.0005822532        0.0008919861        0.0000223741
	             0.0004893021        0.0009528261       -0.0000117982
	             0.0010699716        0.0000633683       -0.0000113477

	---Fragment 1 Intrafragment Coordinates---
	 - Coordinate -           - BOHR/RAD -       - ANG/DEG -
	 R(1,2)           =         2.620044	       1.386467
	 R(1,6)           =         2.620048	       1.386469
	 R(1,7)           =         2.030121	       1.074294
	 R(2,3)           =         2.620021	       1.386455
	 R(2,8)           =         2.030111	       1.074289
	 R(3,4)           =         2.620046	       1.386469
	 R(3,9)           =         2.030113	       1.074289
	 R(4,5)           =         2.620049	       1.386470
	 R(4,10)          =         2.030122	       1.074295
	 R(5,6)           =         2.620018	       1.386454
	 R(5,11)          =         2.030113	       1.074290
	 R(6,12)          =         2.030112	       1.074289
	 B(1,2,3)         =         2.094420	     120.001401
	 B(1,2,8)         =         2.094350	     119.997409
	 B(1,6,5)         =         2.094422	     120.001539
	 B(1,6,12)        =         2.094350	     119.997399
	 B(2,1,6)         =         2.094344	     119.997095
	 B(2,1,7)         =         2.094419	     120.001380
	 B(2,3,4)         =         2.094421	     120.001483
	 B(2,3,9)         =         2.094413	     120.001013
	 B(3,2,8)         =         2.094416	     120.001182
	 B(3,4,5)         =         2.094344	     119.997091
	 B(3,4,10)        =         2.094423	     120.001612
	 B(4,3,9)         =         2.094351	     119.997497
	 B(4,5,6)         =         2.094418	     120.001333
	 B(4,5,11)        =         2.094350	     119.997393
	 B(5,4,10)        =         2.094417	     120.001266
	 B(5,6,12)        =         2.094413	     120.001054
	 B(6,1,7)         =         2.094421	     120.001493
	 B(6,5,11)        =         2.094417	     120.001267
	 D(1,2,3,4)       =         0.000019	       0.001066
	 D(1,2,3,9)       =         3.141035	     179.968051
	 D(1,6,5,4)       =         0.000029	       0.001666
	 D(1,6,5,11)      =        -3.141025	    -179.967479
	 D(2,1,6,5)       =        -0.001113	      -0.063780
	 D(2,1,6,12)      =         3.141062	     179.969578
	 D(2,3,4,5)       =        -0.001103	      -0.063180
	 D(2,3,4,10)      =        -3.141573	    -179.998873
	 D(3,2,1,6)       =         0.001089	       0.062414
	 D(3,2,1,7)       =         3.141553	     179.997714
	 D(3,4,5,6)       =         0.001079	       0.061814
	 D(3,4,5,11)      =        -3.141052	    -179.969040
	 D(4,3,2,8)       =        -3.141028	    -179.967627
	 D(4,5,6,12)      =         3.141040	     179.968307
	 D(5,4,3,9)       =         3.141066	     179.969834
	 D(5,6,1,7)       =        -3.141577	    -179.999080
	 D(6,1,2,8)       =        -3.141050	    -179.968892
	 D(6,5,4,10)      =         3.141549	     179.997507
	 D(7,1,2,8)       =        -0.000586	      -0.033591
	 D(7,1,6,12)      =         0.000598	       0.034277
	 D(8,2,3,9)       =        -0.000000	      -0.000000
	 D(9,3,4,10)      =         0.000596	       0.034141
	 D(10,4,5,11)     =        -0.000582	      -0.033347
	 D(11,5,6,12)     =        -0.000015	      -0.000838

	Current energy   :      -230.7107687096

	Energy change for the previous step:
		Projected    :        -0.0019559758
		Actual       :        -0.0007852111

	Performing BFGS update.
	Previous computed or guess Hessian on step 1.
	Steps to be used in Hessian update: 1
	Taking RFO optimization step.
	Going to follow RFO solution 1.
	Using RFO vector 1.
	Norm of target step-size    0.01113
	Projected energy change by RFO approximation:        -0.0000528750

	Back-transformation to cartesian coordinates...
	Could not converge backtransformation.
	Using first guess instead.

	--- Internal Coordinate Step in ANG or DEG, aJ/ANG or AJ/DEG ---
	 ---------------------------------------------------------------------------
	   Coordinate                Previous        Force       Change         New 
	   ----------                --------       ------       ------       ------
	    1 R(1,2)          =      1.386467     0.015113     0.001753     1.388220
	    2 R(1,6)          =      1.386469     0.015105     0.001752     1.388222
	    3 R(1,7)          =      1.074294     0.008781     0.001323     1.075617
	    4 R(2,3)          =      1.386455     0.015156     0.001757     1.388212
	    5 R(2,8)          =      1.074289     0.008828     0.001331     1.075619
	    6 R(3,4)          =      1.386469     0.015102     0.001752     1.388220
	    7 R(3,9)          =      1.074289     0.008825     0.001330     1.075620
	    8 R(4,5)          =      1.386470     0.015102     0.001752     1.388222
	    9 R(4,10)         =      1.074295     0.008776     0.001322     1.075617
	   10 R(5,6)          =      1.386454     0.015166     0.001758     1.388212
	   11 R(5,11)         =      1.074290     0.008825     0.001330     1.075620
	   12 R(6,12)         =      1.074289     0.008830     0.001331     1.075620
	   13 B(1,2,3)        =    120.001401    -0.000000    -0.001318   120.000083
	   14 B(1,2,8)        =    119.997409     0.000001     0.002374   119.999784
	   15 B(1,6,5)        =    120.001539    -0.000001    -0.001507   120.000032
	   16 B(1,6,12)       =    119.997399     0.000001     0.002386   119.999785
	   17 B(2,1,6)        =    119.997095     0.000001     0.002786   119.999881
	   18 B(2,1,7)        =    120.001380    -0.000000    -0.001305   120.000076
	   19 B(2,3,4)        =    120.001483    -0.000000    -0.001432   120.000050
	   20 B(2,3,9)        =    120.001013    -0.000000    -0.000872   120.000141
	   21 B(3,2,8)        =    120.001182    -0.000000    -0.001052   120.000131
	   22 B(3,4,5)        =    119.997091     0.000001     0.002795   119.999886
	   23 B(3,4,10)       =    120.001612    -0.000001    -0.001517   120.000095
	   24 B(4,3,9)        =    119.997497     0.000001     0.002310   119.999807
	   25 B(4,5,6)        =    120.001333    -0.000000    -0.001281   120.000052
	   26 B(4,5,11)       =    119.997393     0.000001     0.002365   119.999757
	   27 B(5,4,10)       =    120.001266    -0.000000    -0.001256   120.000009
	   28 B(5,6,12)       =    120.001054    -0.000000    -0.000873   120.000181
	   29 B(6,1,7)        =    120.001493    -0.000000    -0.001459   120.000034
	   30 B(6,5,11)       =    120.001267    -0.000000    -0.001079   120.000189
	   31 D(1,2,3,4)      =      0.001066    -0.000000    -0.001066     0.000000
	   32 D(1,2,3,9)      =    179.968051     0.000000     0.049224   180.017275
	   33 D(1,6,5,4)      =      0.001666    -0.000000    -0.002518    -0.000852
	   34 D(1,6,5,11)     =   -179.967479    -0.000000    -0.050083  -180.017562
	   35 D(2,1,6,5)      =     -0.063780     0.000001     0.096863     0.033083
	   36 D(2,1,6,12)     =    179.969578     0.000000     0.045478   180.015056
	   37 D(2,3,4,5)      =     -0.063180     0.000001     0.095966     0.032787
	   38 D(2,3,4,10)     =   -179.998873    -0.000000    -0.003196  -180.002068
	   39 D(3,2,1,6)      =      0.062414    -0.000001    -0.094793    -0.032380
	   40 D(3,2,1,7)      =    179.997714     0.000000     0.004938   180.002653
	   41 D(3,4,5,6)      =      0.061814    -0.000001    -0.093897    -0.032083
	   42 D(3,4,5,11)     =   -179.969040    -0.000000    -0.046332  -180.015372
	   43 D(4,3,2,8)      =   -179.967627    -0.000000    -0.049860  -180.017487
	   44 D(4,5,6,12)     =    179.968307     0.000000     0.048868   180.017175
	   45 D(5,4,3,9)      =    179.969834     0.000000     0.045122   180.014956
	   46 D(5,6,1,7)      =   -179.999080    -0.000000    -0.002869  -180.001949
	   47 D(6,1,2,8)      =   -179.968892    -0.000000    -0.046556  -180.015448
	   48 D(6,5,4,10)     =    179.997507     0.000000     0.005265   180.002772
	   49 D(7,1,2,8)      =     -0.033591     0.000000     0.053176     0.019585
	   50 D(7,1,6,12)     =      0.034277    -0.000000    -0.054254    -0.019976
	   51 D(8,2,3,9)      =      0.000000     0.000000     0.000000     0.000000
	   52 D(9,3,4,10)     =      0.034141    -0.000000    -0.054040    -0.019899
	   53 D(10,4,5,11)    =     -0.033347     0.000000     0.052829     0.019482
	   54 D(11,5,6,12)    =     -0.000838     0.000000     0.000838     0.000000
	 ---------------------------------------------------------------------------
	Successfully symmetrized geometry.

  ==> Convergence Check <==

  Measures of convergence in internal coordinates in au.
  Criteria marked as inactive (o), active & met (*), and active & unmet ( ).
  ---------------------------------------------------------------------------------------------
   Step     Total Energy     Delta E     MAX Force     RMS Force      MAX Disp      RMS Disp   
  ---------------------------------------------------------------------------------------------
    Convergence Criteria    1.00e-06 *    3.00e-04 *             o    1.20e-03 *             o
  ---------------------------------------------------------------------------------------------
      2    -230.71076871   -7.85e-04      1.84e-03      7.08e-04 o    3.32e-03      1.51e-03 o  ~
  ---------------------------------------------------------------------------------------------

	Writing optimization data to binary file.
	Structure for next step:
	Cartesian Geometry (in Angstrom)
	    C    -0.7583593080   1.1627714536  -0.0013535782
	    C     0.6278134185   1.2381430160  -0.0007403769
	    C     1.3861699559   0.0753767023   0.0008363344
	    C     0.7583597017  -1.1627705462   0.0018115082
	    C    -0.6278138736  -1.2381434549   0.0005219990
	    C    -1.3861701532  -0.0753773593  -0.0010694753
	    H    -1.3459503781   2.0637082220  -0.0026183769
	    H     1.1142511874   2.1974839490  -0.0012116531
	    H     2.4602027559   0.1337752098   0.0015923138
	    H     1.3459500910  -2.0637075883   0.0029995500
	    H    -1.1142510029  -2.1974852887   0.0010276602
	    H    -2.4602036348  -0.1337750372  -0.0017893748
			--------------------------
			 OPTKING Finished Execution 
			--------------------------

    Structure for next step:
    Molecular point group: c1
    Full point group: C1

    Geometry (in Angstrom), charge = 0, multiplicity = 1:

    C           -0.758359258507     1.162771494079    -0.001354565483
    C            0.627813473387     1.238143056763    -0.000741364170
    C            1.386170013806     0.075376738451     0.000835347086
    C            0.758359757102    -1.162770514899     0.001810520901
    C           -0.627813823607    -1.238143423931     0.000521011728
    C           -1.386170106183    -0.075377323739    -0.001070462556
    H           -1.345950330915     2.063708266010    -0.002619364241
    H            1.114251244202     2.197483993468    -0.001212640370
    H            2.460202818055     0.133775246172     0.001591326542
    H            1.345950148766    -2.063707560559     0.002998562667
    H           -1.114250954838    -2.197485261466     0.001026672860
    H           -2.460203592025    -0.133775001818    -0.001790362113

gradient() will perform analytic gradient computation.

*** tstart() called on wanukaka
*** at Thu Apr 21 15:05:01 2022

   => Loading Basis Set <=

    Name: 6-31+G(D)
    Role: ORBITAL
    Keyword: BASIS
    atoms 1-6  entry C          line   119 file /home/sulstice/software/miniconda2/envs/qmpython2/share/psi4/basis/6-31pg_d_.gbs 
    atoms 7-12 entry H          line    46 file /home/sulstice/software/miniconda2/envs/qmpython2/share/psi4/basis/6-31pg_d_.gbs 


         ---------------------------------------------------------
                                   SCF
               by Justin Turney, Rob Parrish, Andy Simmonett
                          and Daniel G. A. Smith
                              RHF Reference
                       12 Threads,   7629 MiB Core
         ---------------------------------------------------------

  ==> Geometry <==

    Molecular point group: c1
    Full point group: C1

    Geometry (in Angstrom), charge = 0, multiplicity = 1:

       Center              X                  Y                   Z               Mass       
    ------------   -----------------  -----------------  -----------------  -----------------
         C           -0.758359258507     1.162771494079    -0.001354565483    12.000000000000
         C            0.627813473387     1.238143056763    -0.000741364170    12.000000000000
         C            1.386170013806     0.075376738451     0.000835347086    12.000000000000
         C            0.758359757102    -1.162770514899     0.001810520901    12.000000000000
         C           -0.627813823607    -1.238143423931     0.000521011728    12.000000000000
         C           -1.386170106183    -0.075377323739    -0.001070462556    12.000000000000
         H           -1.345950330915     2.063708266010    -0.002619364241     1.007825032230
         H            1.114251244202     2.197483993468    -0.001212640370     1.007825032230
         H            2.460202818055     0.133775246172     0.001591326542     1.007825032230
         H            1.345950148766    -2.063707560559     0.002998562667     1.007825032230
         H           -1.114250954838    -2.197485261466     0.001026672860     1.007825032230
         H           -2.460203592025    -0.133775001818    -0.001790362113     1.007825032230

  Running in c1 symmetry.

  Rotational constants: A =      0.19215  B =      0.19215  C =      0.09608 [cm^-1]
  Rotational constants: A =   5760.54577  B =   5760.51310  C =   2880.26478 [MHz]
  Nuclear repulsion =  204.554891325950109

  Charge       = 0
  Multiplicity = 1
  Electrons    = 42
  Nalpha       = 21
  Nbeta        = 21

  ==> Algorithm <==

  SCF Algorithm Type is DF.
  DIIS enabled.
  MOM disabled.
  Fractional occupation disabled.
  Guess Type is READ.
  Energy threshold   = 1.00e-08
  Density threshold  = 1.00e-08
  Integral threshold = 0.00e+00

  ==> Primary Basis <==

  Basis Set: 6-31+G(D)
    Blend: 6-31+G(D)
    Number of shells: 60
    Number of basis function: 126
    Number of Cartesian functions: 126
    Spherical Harmonics?: false
    Max angular momentum: 2

   => Loading Basis Set <=

    Name: (6-31+G(D) AUX)
    Role: JKFIT
    Keyword: DF_BASIS_SCF
    atoms 1-6  entry C          line   194 file /home/sulstice/software/miniconda2/envs/qmpython2/share/psi4/basis/heavy-aug-cc-pvdz-jkfit.gbs 
    atoms 7-12 entry H          line   116 file /home/sulstice/software/miniconda2/envs/qmpython2/share/psi4/basis/heavy-aug-cc-pvdz-jkfit.gbs 

   => Loading Basis Set <=

    Name: 6-31+G(D)
    Role: ORBITAL
    Keyword: BASIS
    atoms 1-6  entry C          line   119 file /home/sulstice/software/miniconda2/envs/qmpython2/share/psi4/basis/6-31pg_d_.gbs 
    atoms 7-12 entry H          line    46 file /home/sulstice/software/miniconda2/envs/qmpython2/share/psi4/basis/6-31pg_d_.gbs 

  Reading orbitals from file 180, no projection.

  ==> Pre-Iterations <==

   -------------------------------------------------------
    Irrep   Nso     Nmo     Nalpha   Nbeta   Ndocc  Nsocc
   -------------------------------------------------------
     A        126     126       0       0       0       0
   -------------------------------------------------------
    Total     126     126      21      21      21       0
   -------------------------------------------------------

  ==> Integral Setup <==

  DFHelper Memory: AOs need 0.098 GiB; user supplied 5.588 GiB. Using in-core AOs.

  ==> MemDFJK: Density-Fitted J/K Matrices <==

    J tasked:                   Yes
    K tasked:                   Yes
    wK tasked:                   No
    OpenMP threads:              12
    Memory [MiB]:              5722
    Algorithm:                 Core
    Schwarz Cutoff:           1E-12
    Mask sparsity (%):       0.1890
    Fitting Condition:        1E-10

   => Auxiliary Basis Set <=

  Basis Set: (6-31+G(D) AUX)
    Blend: HEAVY-AUG-CC-PVDZ-JKFIT
    Number of shells: 222
    Number of basis function: 756
    Number of Cartesian functions: 756
    Spherical Harmonics?: false
    Max angular momentum: 3

  Minimum eigenvalue in the overlap matrix is 6.0822628190E-06.
  Using Symmetric Orthogonalization.

  SCF Guess: Orbitals guess was supplied from a previous computation.

  ==> Iterations <==

                           Total Energy        Delta E     RMS |[F,P]|

   @DF-RHF iter   0:  -230.70077044313581   -2.30701e+02   6.87587e-05 
   @DF-RHF iter   1:  -230.71079210612163   -1.00217e-02   1.34242e-05 DIIS
   @DF-RHF iter   2:  -230.71079387079294   -1.76467e-06   6.68073e-06 DIIS
   @DF-RHF iter   3:  -230.71079420769627   -3.36903e-07   7.33995e-07 DIIS
   @DF-RHF iter   4:  -230.71079421737284   -9.67657e-09   1.43367e-07 DIIS
   @DF-RHF iter   5:  -230.71079421787408   -5.01245e-10   4.59525e-08 DIIS
   @DF-RHF iter   6:  -230.71079421794084   -6.67626e-11   1.16557e-08 DIIS
   @DF-RHF iter   7:  -230.71079421794497   -4.12115e-12   2.32440e-09 DIIS
  Energy and wave function converged.


  ==> Post-Iterations <==

    Orbital Energies [Eh]
    ---------------------

    Doubly Occupied:                                                      

       1A    -11.239151     2A    -11.238569     3A    -11.238569  
       4A    -11.237324     5A    -11.237323     6A    -11.236723  
       7A     -1.156367     8A     -1.019448     9A     -1.019445  
      10A     -0.827848    11A     -0.827846    12A     -0.714769  
      13A     -0.647019    14A     -0.622336    15A     -0.592194  
      16A     -0.592193    17A     -0.503296    18A     -0.497550  
      19A     -0.497546    20A     -0.337081    21A     -0.337078  

    Virtual:                                                              

      22A      0.084553    23A      0.089179    24A      0.089179  
      25A      0.102530    26A      0.102530    27A      0.111759  
      28A      0.111761    29A      0.129341    30A      0.137411  
      31A      0.159153    32A      0.159154    33A      0.166155  
      34A      0.172760    35A      0.205655    36A      0.205655  
      37A      0.211635    38A      0.227314    39A      0.227316  
      40A      0.241074    41A      0.241074    42A      0.253834  
      43A      0.253834    44A      0.289637    45A      0.289637  
      46A      0.305911    47A      0.325068    48A      0.330258  
      49A      0.387163    50A      0.390482    51A      0.390484  
      52A      0.439643    53A      0.439644    54A      0.462012  
      55A      0.524247    56A      0.524250    57A      0.527311  
      58A      0.527314    59A      0.756954    60A      0.793221  
      61A      0.821959    62A      0.848689    63A      0.891459  
      64A      0.950249    65A      0.950250    66A      0.967466  
      67A      0.967471    68A      0.993385    69A      0.993387  
      70A      1.013435    71A      1.013439    72A      1.029686  
      73A      1.053085    74A      1.173175    75A      1.200555  
      76A      1.200556    77A      1.213404    78A      1.213407  
      79A      1.268175    80A      1.286810    81A      1.305103  
      82A      1.305105    83A      1.387623    84A      1.387625  
      85A      1.387980    86A      1.387982    87A      1.510495  
      88A      1.574473    89A      1.655610    90A      1.707265  
      91A      1.707271    92A      1.763373    93A      1.763375  
      94A      1.788420    95A      1.788420    96A      2.047045  
      97A      2.130260    98A      2.189007    99A      2.214260  
     100A      2.341456   101A      2.341461   102A      2.451735  
     103A      2.451739   104A      2.475658   105A      2.475665  
     106A      2.495438   107A      2.495441   108A      2.641751  
     109A      2.641761   110A      2.659753   111A      2.916834  
     112A      2.916839   113A      3.008977   114A      3.095344  
     115A      3.095350   116A      3.106124   117A      3.106132  
     118A      3.164074   119A      3.407822   120A      3.817131  
     121A      4.669116   122A      4.669346   123A      4.669351  
     124A      4.805503   125A      4.805505   126A      5.118562  

    Final Occupation by Irrep:
              A 
    DOCC [    21 ]

  @DF-RHF Final Energy:  -230.71079421794497

   => Energetics <=

    Nuclear Repulsion Energy =            204.5548913259501091
    One-Electron Energy =                -715.2920216112634080
    Two-Electron Energy =                 280.0263360673683337
    Total Energy =                       -230.7107942179449651

Computation Completed


Properties will be evaluated at   0.000000,   0.000000,   0.000000 [a0]

Properties computed using the SCF density matrix

  Nuclear Dipole Moment: [e a0]
     X:    -0.0000      Y:    -0.0000      Z:    -0.0000

  Electronic Dipole Moment: [e a0]
     X:     0.0000      Y:     0.0000      Z:     0.0000

  Dipole Moment: [e a0]
     X:    -0.0000      Y:     0.0000      Z:    -0.0000     Total:     0.0000

  Dipole Moment: [D]
     X:    -0.0000      Y:     0.0000      Z:    -0.0000     Total:     0.0000


*** tstop() called on wanukaka at Thu Apr 21 15:05:02 2022
Module time:
	user time   =      11.07 seconds =       0.18 minutes
	system time =       0.32 seconds =       0.01 minutes
	total time  =          1 seconds =       0.02 minutes
Total time:
	user time   =     146.12 seconds =       2.44 minutes
	system time =       6.72 seconds =       0.11 minutes
	total time  =         21 seconds =       0.35 minutes

*** tstart() called on wanukaka
*** at Thu Apr 21 15:05:02 2022


         ------------------------------------------------------------
                                   SCF GRAD                          
                          Rob Parrish, Justin Turney,                
                       Andy Simmonett, and Alex Sokolov              
         ------------------------------------------------------------

  ==> Geometry <==

    Molecular point group: c1
    Full point group: C1

    Geometry (in Angstrom), charge = 0, multiplicity = 1:

       Center              X                  Y                   Z               Mass       
    ------------   -----------------  -----------------  -----------------  -----------------
         C           -0.758359258507     1.162771494079    -0.001354565483    12.000000000000
         C            0.627813473387     1.238143056763    -0.000741364170    12.000000000000
         C            1.386170013806     0.075376738451     0.000835347086    12.000000000000
         C            0.758359757102    -1.162770514899     0.001810520901    12.000000000000
         C           -0.627813823607    -1.238143423931     0.000521011728    12.000000000000
         C           -1.386170106183    -0.075377323739    -0.001070462556    12.000000000000
         H           -1.345950330915     2.063708266010    -0.002619364241     1.007825032230
         H            1.114251244202     2.197483993468    -0.001212640370     1.007825032230
         H            2.460202818055     0.133775246172     0.001591326542     1.007825032230
         H            1.345950148766    -2.063707560559     0.002998562667     1.007825032230
         H           -1.114250954838    -2.197485261466     0.001026672860     1.007825032230
         H           -2.460203592025    -0.133775001818    -0.001790362113     1.007825032230

  Nuclear repulsion =  204.554891325950109

  ==> Basis Set <==

  Basis Set: 6-31+G(D)
    Blend: 6-31+G(D)
    Number of shells: 60
    Number of basis function: 126
    Number of Cartesian functions: 126
    Spherical Harmonics?: false
    Max angular momentum: 2

  ==> DFJKGrad: Density-Fitted SCF Gradients <==

    Gradient:                    1
    J tasked:                  Yes
    K tasked:                  Yes
    wK tasked:                  No
    OpenMP threads:             12
    Integrals threads:          12
    Memory [MiB]:             5722
    Schwarz Cutoff:          0E+00
    Fitting Condition:       1E-10

   => Auxiliary Basis Set <=

  Basis Set: (6-31+G(D) AUX)
    Blend: HEAVY-AUG-CC-PVDZ-JKFIT
    Number of shells: 222
    Number of basis function: 756
    Number of Cartesian functions: 756
    Spherical Harmonics?: false
    Max angular momentum: 3


  -Total Gradient:
     Atom            X                  Y                   Z
    ------   -----------------  -----------------  -----------------
       1       -0.000067312351     0.000104326307     0.000076752957
       2        0.000059510281     0.000101618318    -0.000037392312
       3        0.000116892441     0.000013402011    -0.000039081459
       4        0.000068284692    -0.000103519437     0.000076455324
       5       -0.000059976040    -0.000101477867    -0.000036653556
       6       -0.000116801547    -0.000014009289    -0.000039839621
       7        0.000010609144    -0.000016347446    -0.000013733582
       8       -0.000008156308    -0.000015693491     0.000006628731
       9       -0.000017209368    -0.000001109809     0.000007023623
      10       -0.000010705663     0.000016340034    -0.000013799128
      11        0.000008026122     0.000015329572     0.000006596637
      12        0.000016838597     0.000001141097     0.000007042387


*** tstop() called on wanukaka at Thu Apr 21 15:05:03 2022
Module time:
	user time   =      12.60 seconds =       0.21 minutes
	system time =       0.50 seconds =       0.01 minutes
	total time  =          1 seconds =       0.02 minutes
Total time:
	user time   =     158.73 seconds =       2.65 minutes
	system time =       7.23 seconds =       0.12 minutes
	total time  =         22 seconds =       0.37 minutes

			-----------------------------------------
			 OPTKING 2.0: for geometry optimizations 
			  - R.A. King,  Bethel University        
			-----------------------------------------

	Previous internal coordinate definitions found.
	---Fragment 1 Geometry and Gradient---
	 C          -1.4330913033        2.1973196703       -0.0025597578
	 C           1.1863955226        2.3397512814       -0.0014009752
	 C           2.6194816894        0.1424413919        0.0015785772
	 C           1.4330922455       -2.1973178199        0.0034213886
	 C          -1.1863961844       -2.3397519753        0.0009845695
	 C          -2.6194818640       -0.1424424979       -0.0020228811
	 H          -2.5434775039        3.8998434256       -0.0049498810
	 H           2.1056296865        4.1526429127       -0.0022915582
	 H           4.6491095392        0.2527985776        0.0030071713
	 H           2.5434771597       -3.8998420925        0.0056664622
	 H          -2.1056291397       -4.1526453089        0.0019401305
	 H          -4.6491110018       -0.2527981159       -0.0033832941
	            -0.0000673124        0.0001043263        0.0000767530
	             0.0000595103        0.0001016183       -0.0000373923
	             0.0001168924        0.0000134020       -0.0000390815
	             0.0000682847       -0.0001035194        0.0000764553
	            -0.0000599760       -0.0001014779       -0.0000366536
	            -0.0001168015       -0.0000140093       -0.0000398396
	             0.0000106091       -0.0000163474       -0.0000137336
	            -0.0000081563       -0.0000156935        0.0000066287
	            -0.0000172094       -0.0000011098        0.0000070236
	            -0.0000107057        0.0000163400       -0.0000137991
	             0.0000080261        0.0000153296        0.0000065966
	             0.0000168386        0.0000011411        0.0000070424

	---Fragment 1 Intrafragment Coordinates---
	 - Coordinate -           - BOHR/RAD -       - ANG/DEG -
	 R(1,2)           =         2.623357	       1.388220
	 R(1,6)           =         2.623359	       1.388222
	 R(1,7)           =         2.032622	       1.075617
	 R(2,3)           =         2.623341	       1.388212
	 R(2,8)           =         2.032626	       1.075619
	 R(3,4)           =         2.623356	       1.388220
	 R(3,9)           =         2.032626	       1.075620
	 R(4,5)           =         2.623359	       1.388222
	 R(4,10)          =         2.032621	       1.075617
	 R(5,6)           =         2.623340	       1.388212
	 R(5,11)          =         2.032627	       1.075620
	 R(6,12)          =         2.032628	       1.075620
	 B(1,2,3)         =         2.094397	     120.000083
	 B(1,2,8)         =         2.094391	     119.999784
	 B(1,6,5)         =         2.094396	     120.000032
	 B(1,6,12)        =         2.094391	     119.999785
	 B(2,1,6)         =         2.094393	     119.999881
	 B(2,1,7)         =         2.094396	     120.000076
	 B(2,3,4)         =         2.094396	     120.000050
	 B(2,3,9)         =         2.094398	     120.000141
	 B(3,2,8)         =         2.094397	     120.000131
	 B(3,4,5)         =         2.094393	     119.999886
	 B(3,4,10)        =         2.094397	     120.000095
	 B(4,3,9)         =         2.094392	     119.999807
	 B(4,5,6)         =         2.094396	     120.000052
	 B(4,5,11)        =         2.094391	     119.999757
	 B(5,4,10)        =         2.094395	     120.000009
	 B(5,6,12)        =         2.094398	     120.000181
	 B(6,1,7)         =         2.094396	     120.000034
	 B(6,5,11)        =         2.094398	     120.000189
	 D(1,2,3,4)       =        -0.000000	      -0.000000
	 D(1,2,3,9)       =        -3.141291	    -179.982725
	 D(1,6,5,4)       =        -0.000015	      -0.000852
	 D(1,6,5,11)      =         3.141286	     179.982438
	 D(2,1,6,5)       =         0.000577	       0.033083
	 D(2,1,6,12)      =        -3.141330	    -179.984944
	 D(2,3,4,5)       =         0.000572	       0.032787
	 D(2,3,4,10)      =         3.141557	     179.997932
	 D(3,2,1,6)       =        -0.000565	      -0.032380
	 D(3,2,1,7)       =        -3.141546	    -179.997347
	 D(3,4,5,6)       =        -0.000560	      -0.032083
	 D(3,4,5,11)      =         3.141324	     179.984628
	 D(4,3,2,8)       =         3.141287	     179.982513
	 D(4,5,6,12)      =        -3.141293	    -179.982825
	 D(5,4,3,9)       =        -3.141332	    -179.985044
	 D(5,6,1,7)       =         3.141559	     179.998051
	 D(6,1,2,8)       =         3.141323	     179.984552
	 D(6,5,4,10)      =        -3.141544	    -179.997228
	 D(7,1,2,8)       =         0.000342	       0.019585
	 D(7,1,6,12)      =        -0.000349	      -0.019976
	 D(8,2,3,9)       =         0.000000	       0.000000
	 D(9,3,4,10)      =        -0.000347	      -0.019899
	 D(10,4,5,11)     =         0.000340	       0.019482
	 D(11,5,6,12)     =         0.000000	       0.000000

	Current energy   :      -230.7107942179

	Energy change for the previous step:
		Projected    :        -0.0000528750
		Actual       :        -0.0000255084

	Performing BFGS update.
	Previous computed or guess Hessian on step 1.
	Steps to be used in Hessian update: 2 1
	Taking RFO optimization step.
	Going to follow RFO solution 1.
	Using RFO vector 1.
	Norm of target step-size    0.00282
	Projected energy change by RFO approximation:        -0.0000002357

	Back-transformation to cartesian coordinates...
	Could not converge backtransformation.
	Using first guess instead.

	--- Internal Coordinate Step in ANG or DEG, aJ/ANG or AJ/DEG ---
	 ---------------------------------------------------------------------------
	   Coordinate                Previous        Force       Change         New 
	   ----------                --------       ------       ------       ------
	    1 R(1,2)          =      1.388220    -0.000858    -0.000104     1.388116
	    2 R(1,6)          =      1.388222    -0.000863    -0.000105     1.388116
	    3 R(1,7)          =      1.075617     0.000160     0.000036     1.075653
	    4 R(2,3)          =      1.388212    -0.000793    -0.000095     1.388117
	    5 R(2,8)          =      1.075619     0.000146     0.000033     1.075652
	    6 R(3,4)          =      1.388220    -0.000857    -0.000104     1.388116
	    7 R(3,9)          =      1.075620     0.000142     0.000032     1.075652
	    8 R(4,5)          =      1.388222    -0.000863    -0.000105     1.388117
	    9 R(4,10)         =      1.075617     0.000161     0.000036     1.075652
	   10 R(5,6)          =      1.388212    -0.000793    -0.000095     1.388116
	   11 R(5,11)         =      1.075620     0.000143     0.000032     1.075652
	   12 R(6,12)         =      1.075620     0.000139     0.000032     1.075652
	   13 B(1,2,3)        =    120.000083    -0.000000    -0.000052   120.000031
	   14 B(1,2,8)        =    119.999784     0.000000     0.000103   119.999886
	   15 B(1,6,5)        =    120.000032     0.000000     0.000018   120.000049
	   16 B(1,6,12)       =    119.999785     0.000000     0.000085   119.999870
	   17 B(2,1,6)        =    119.999881     0.000000     0.000034   119.999915
	   18 B(2,1,7)        =    120.000076    -0.000000    -0.000030   120.000045
	   19 B(2,3,4)        =    120.000050     0.000000     0.000005   120.000056
	   20 B(2,3,9)        =    120.000141    -0.000000    -0.000081   120.000059
	   21 B(3,2,8)        =    120.000131    -0.000000    -0.000050   120.000081
	   22 B(3,4,5)        =    119.999886     0.000000     0.000027   119.999914
	   23 B(3,4,10)       =    120.000095    -0.000000    -0.000029   120.000067
	   24 B(4,3,9)        =    119.999807     0.000000     0.000077   119.999884
	   25 B(4,5,6)        =    120.000052    -0.000000    -0.000027   120.000024
	   26 B(4,5,11)       =    119.999757     0.000000     0.000113   119.999871
	   27 B(5,4,10)       =    120.000009     0.000000     0.000005   120.000014
	   28 B(5,6,12)       =    120.000181    -0.000000    -0.000102   120.000079
	   29 B(6,1,7)        =    120.000034     0.000000     0.000000   120.000034
	   30 B(6,5,11)       =    120.000189    -0.000000    -0.000085   120.000104
	   31 D(1,2,3,4)      =      0.000000     0.000000     0.000000     0.000000
	   32 D(1,2,3,9)      =   -179.982725    -0.000000    -0.030414  -180.013139
	   33 D(1,6,5,4)      =     -0.000852     0.000000     0.000852     0.000000
	   34 D(1,6,5,11)     =    179.982438     0.000000     0.030977   180.013415
	   35 D(2,1,6,5)      =      0.033083    -0.000000    -0.059940    -0.026857
	   36 D(2,1,6,12)     =   -179.984944    -0.000000    -0.028176  -180.013120
	   37 D(2,3,4,5)      =      0.032787    -0.000000    -0.059422    -0.026636
	   38 D(2,3,4,10)     =    179.997932     0.000000     0.002068   180.000000
	   39 D(3,2,1,6)      =     -0.032380     0.000000     0.058673     0.026294
	   40 D(3,2,1,7)      =   -179.997347    -0.000000    -0.002653  -180.000000
	   41 D(3,4,5,6)      =     -0.032083     0.000000     0.058156     0.026073
	   42 D(3,4,5,11)     =    179.984628     0.000000     0.028704   180.013332
	   43 D(4,3,2,8)      =    179.982513     0.000000     0.030837   180.013350
	   44 D(4,5,6,12)     =   -179.982825    -0.000000    -0.030239  -180.013063
	   45 D(5,4,3,9)      =   -179.985044    -0.000000    -0.028001  -180.013045
	   46 D(5,6,1,7)      =    179.998051     0.000000     0.001949   180.000000
	   47 D(6,1,2,8)      =    179.984552     0.000000     0.028844   180.013396
	   48 D(6,5,4,10)     =   -179.997228    -0.000000    -0.002772  -180.000000
	   49 D(7,1,2,8)      =      0.019585    -0.000000    -0.032917    -0.013332
	   50 D(7,1,6,12)     =     -0.019976     0.000000     0.033585     0.013608
	   51 D(8,2,3,9)      =      0.000000    -0.000000     0.000000     0.000000
	   52 D(9,3,4,10)     =     -0.019899     0.000000     0.033450     0.013551
	   53 D(10,4,5,11)    =      0.019482    -0.000000    -0.032746    -0.013264
	   54 D(11,5,6,12)    =      0.000000    -0.000000     0.000000     0.000000
	 ---------------------------------------------------------------------------
	Successfully symmetrized geometry.

  ==> Convergence Check <==

  Measures of convergence in internal coordinates in au.
  Criteria marked as inactive (o), active & met (*), and active & unmet ( ).
  ---------------------------------------------------------------------------------------------
   Step     Total Energy     Delta E     MAX Force     RMS Force      MAX Disp      RMS Disp   
  ---------------------------------------------------------------------------------------------
    Convergence Criteria    1.00e-06 *    3.00e-04 *             o    1.20e-03 *             o
  ---------------------------------------------------------------------------------------------
      3    -230.71079422   -2.55e-05      1.05e-04 *    3.52e-05 o    1.05e-03 *    3.84e-04 o  ~
  ---------------------------------------------------------------------------------------------


  **** Optimization is complete! (in 3 steps) ****

  ==> Optimization Summary <==

  Measures of convergence in internal coordinates in au.
  --------------------------------------------------------------------------------------------------------------- ~
   Step         Total Energy             Delta E       MAX Force       RMS Force        MAX Disp        RMS Disp  ~
  --------------------------------------------------------------------------------------------------------------- ~
      1    -230.709983498469   -230.709983498469      0.00836996      0.00370548      0.02366314      0.00957268  ~
      2    -230.710768709571     -0.000785211101      0.00184083      0.00070832      0.00332204      0.00151452  ~
      3    -230.710794217945     -0.000025508374      0.00010477      0.00003522      0.00104615      0.00038419  ~
  --------------------------------------------------------------------------------------------------------------- ~

	Writing optimization data to binary file.
	Final energy is   -230.7107942179450
	Final (previous) structure:
	Cartesian Geometry (in Angstrom)
	    C    -0.7583592555   1.1627714895  -0.0013545655
	    C     0.6278134709   1.2381430519  -0.0007413642
	    C     1.3861700084   0.0753767382   0.0008353471
	    C     0.7583597541  -1.1627705103   0.0018105209
	    C    -0.6278138211  -1.2381434191   0.0005210117
	    C    -1.3861701007  -0.0753773234  -0.0010704626
	    H    -1.3459503256   2.0637082579  -0.0026193642
	    H     1.1142512398   2.1974839848  -0.0012126404
	    H     2.4602028084   0.1337752456   0.0015913265
	    H     1.3459501435  -2.0637075524   0.0029985627
	    H    -1.1142509505  -2.1974852528   0.0010266729
	    H    -2.4602035824  -0.1337750013  -0.0017903621
	Saving final (previous) structure.
			--------------------------
			 OPTKING Finished Execution 
			--------------------------

    Final optimized geometry and variables:
    Molecular point group: c1
    Full point group: C1

    Geometry (in Angstrom), charge = 0, multiplicity = 1:

    C           -0.758359258507     1.162771494079    -0.001354565483
    C            0.627813473387     1.238143056763    -0.000741364170
    C            1.386170013806     0.075376738451     0.000835347086
    C            0.758359757102    -1.162770514899     0.001810520901
    C           -0.627813823607    -1.238143423931     0.000521011728
    C           -1.386170106183    -0.075377323739    -0.001070462556
    H           -1.345950330915     2.063708266010    -0.002619364241
    H            1.114251244202     2.197483993468    -0.001212640370
    H            2.460202818055     0.133775246172     0.001591326542
    H            1.345950148766    -2.063707560559     0.002998562667
    H           -1.114250954838    -2.197485261466     0.001026672860
    H           -2.460203592025    -0.133775001818    -0.001790362113

	Removing binary optimization data file.
	Cleaning optimization helper files.

*** tstart() called on wanukaka
*** at Thu Apr 21 15:05:03 2022

   => Loading Basis Set <=

    Name: 6-31+G(D)
    Role: ORBITAL
    Keyword: BASIS
    atoms 1-6  entry C          line   119 file /home/sulstice/software/miniconda2/envs/qmpython2/share/psi4/basis/6-31pg_d_.gbs 
    atoms 7-12 entry H          line    46 file /home/sulstice/software/miniconda2/envs/qmpython2/share/psi4/basis/6-31pg_d_.gbs 


         ---------------------------------------------------------
                                   SCF
               by Justin Turney, Rob Parrish, Andy Simmonett
                          and Daniel G. A. Smith
                              RHF Reference
                       12 Threads,   7629 MiB Core
         ---------------------------------------------------------

  ==> Geometry <==

    Molecular point group: c1
    Full point group: C1

    Geometry (in Angstrom), charge = 0, multiplicity = 1:

       Center              X                  Y                   Z               Mass       
    ------------   -----------------  -----------------  -----------------  -----------------
         C           -0.758359258507     1.162771494079    -0.001354565483    12.000000000000
         C            0.627813473387     1.238143056763    -0.000741364170    12.000000000000
         C            1.386170013806     0.075376738451     0.000835347086    12.000000000000
         C            0.758359757102    -1.162770514899     0.001810520901    12.000000000000
         C           -0.627813823607    -1.238143423931     0.000521011728    12.000000000000
         C           -1.386170106183    -0.075377323739    -0.001070462556    12.000000000000
         H           -1.345950330915     2.063708266010    -0.002619364241     1.007825032230
         H            1.114251244202     2.197483993468    -0.001212640370     1.007825032230
         H            2.460202818055     0.133775246172     0.001591326542     1.007825032230
         H            1.345950148766    -2.063707560559     0.002998562667     1.007825032230
         H           -1.114250954838    -2.197485261466     0.001026672860     1.007825032230
         H           -2.460203592025    -0.133775001818    -0.001790362113     1.007825032230

  Running in c1 symmetry.

  Rotational constants: A =      0.19215  B =      0.19215  C =      0.09608 [cm^-1]
  Rotational constants: A =   5760.54577  B =   5760.51310  C =   2880.26478 [MHz]
  Nuclear repulsion =  204.554891325950109

  Charge       = 0
  Multiplicity = 1
  Electrons    = 42
  Nalpha       = 21
  Nbeta        = 21

  ==> Algorithm <==

  SCF Algorithm Type is DF.
  DIIS enabled.
  MOM disabled.
  Fractional occupation disabled.
  Guess Type is SAD.
  Energy threshold   = 1.00e-06
  Density threshold  = 1.00e-06
  Integral threshold = 0.00e+00

  ==> Primary Basis <==

  Basis Set: 6-31+G(D)
    Blend: 6-31+G(D)
    Number of shells: 60
    Number of basis function: 126
    Number of Cartesian functions: 126
    Spherical Harmonics?: false
    Max angular momentum: 2

   => Loading Basis Set <=

    Name: (6-31+G(D) AUX)
    Role: JKFIT
    Keyword: DF_BASIS_SCF
    atoms 1-6  entry C          line   194 file /home/sulstice/software/miniconda2/envs/qmpython2/share/psi4/basis/heavy-aug-cc-pvdz-jkfit.gbs 
    atoms 7-12 entry H          line   116 file /home/sulstice/software/miniconda2/envs/qmpython2/share/psi4/basis/heavy-aug-cc-pvdz-jkfit.gbs 

  ==> Pre-Iterations <==

   -------------------------------------------------------
    Irrep   Nso     Nmo     Nalpha   Nbeta   Ndocc  Nsocc
   -------------------------------------------------------
     A        126     126       0       0       0       0
   -------------------------------------------------------
    Total     126     126      21      21      21       0
   -------------------------------------------------------

  ==> Integral Setup <==

  DFHelper Memory: AOs need 0.098 GiB; user supplied 5.588 GiB. Using in-core AOs.

  ==> MemDFJK: Density-Fitted J/K Matrices <==

    J tasked:                   Yes
    K tasked:                   Yes
    wK tasked:                   No
    OpenMP threads:              12
    Memory [MiB]:              5722
    Algorithm:                 Core
    Schwarz Cutoff:           1E-12
    Mask sparsity (%):       0.1890
    Fitting Condition:        1E-10

   => Auxiliary Basis Set <=

  Basis Set: (6-31+G(D) AUX)
    Blend: HEAVY-AUG-CC-PVDZ-JKFIT
    Number of shells: 222
    Number of basis function: 756
    Number of Cartesian functions: 756
    Spherical Harmonics?: false
    Max angular momentum: 3

  Minimum eigenvalue in the overlap matrix is 6.0822628188E-06.
  Using Symmetric Orthogonalization.

  SCF Guess: Superposition of Atomic Densities via on-the-fly atomic UHF.

  ==> Iterations <==

                           Total Energy        Delta E     RMS |[F,P]|

   @DF-RHF iter SAD:  -230.12708929043174   -2.30127e+02   0.00000e+00 
   @DF-RHF iter   1:  -230.53860454425501   -4.11515e-01   4.18030e-03 DIIS
   @DF-RHF iter   2:  -230.67973485847332   -1.41130e-01   1.93803e-03 DIIS
   @DF-RHF iter   3:  -230.70972022800902   -2.99854e-02   2.72834e-04 DIIS
   @DF-RHF iter   4:  -230.71078195304796   -1.06173e-03   2.58954e-05 DIIS
   @DF-RHF iter   5:  -230.71079383867982   -1.18856e-05   4.65819e-06 DIIS
   @DF-RHF iter   6:  -230.71079421285552   -3.74176e-07   5.24686e-07 DIIS
  Energy and wave function converged.


  ==> Post-Iterations <==

    Orbital Energies [Eh]
    ---------------------

    Doubly Occupied:                                                      

       1A    -11.239149     2A    -11.238567     3A    -11.238567  
       4A    -11.237321     5A    -11.237321     6A    -11.236720  
       7A     -1.156365     8A     -1.019446     9A     -1.019443  
      10A     -0.827846    11A     -0.827844    12A     -0.714768  
      13A     -0.647018    14A     -0.622333    15A     -0.592194  
      16A     -0.592192    17A     -0.503296    18A     -0.497549  
      19A     -0.497545    20A     -0.337082    21A     -0.337079  

    Virtual:                                                              

      22A      0.084554    23A      0.089179    24A      0.089179  
      25A      0.102530    26A      0.102530    27A      0.111760  
      28A      0.111762    29A      0.129341    30A      0.137411  
      31A      0.159154    32A      0.159154    33A      0.166156  
      34A      0.172761    35A      0.205656    36A      0.205656  
      37A      0.211635    38A      0.227315    39A      0.227316  
      40A      0.241075    41A      0.241075    42A      0.253834  
      43A      0.253834    44A      0.289637    45A      0.289638  
      46A      0.305911    47A      0.325066    48A      0.330261  
      49A      0.387164    50A      0.390485    51A      0.390487  
      52A      0.439645    53A      0.439646    54A      0.462013  
      55A      0.524249    56A      0.524252    57A      0.527314  
      58A      0.527317    59A      0.756956    60A      0.793223  
      61A      0.821961    62A      0.848691    63A      0.891461  
      64A      0.950251    65A      0.950253    66A      0.967468  
      67A      0.967473    68A      0.993387    69A      0.993388  
      70A      1.013437    71A      1.013441    72A      1.029688  
      73A      1.053087    74A      1.173178    75A      1.200557  
      76A      1.200558    77A      1.213406    78A      1.213409  
      79A      1.268177    80A      1.286812    81A      1.305105  
      82A      1.305107    83A      1.387625    84A      1.387627  
      85A      1.387982    86A      1.387984    87A      1.510497  
      88A      1.574474    89A      1.655613    90A      1.707268  
      91A      1.707273    92A      1.763375    93A      1.763377  
      94A      1.788422    95A      1.788423    96A      2.047048  
      97A      2.130262    98A      2.189009    99A      2.214262  
     100A      2.341459   101A      2.341464   102A      2.451738  
     103A      2.451741   104A      2.475661   105A      2.475668  
     106A      2.495440   107A      2.495444   108A      2.641753  
     109A      2.641764   110A      2.659756   111A      2.916836  
     112A      2.916841   113A      3.008980   114A      3.095346  
     115A      3.095353   116A      3.106127   117A      3.106134  
     118A      3.164076   119A      3.407824   120A      3.817134  
     121A      4.669118   122A      4.669349   123A      4.669353  
     124A      4.805505   125A      4.805507   126A      5.118564  

    Final Occupation by Irrep:
              A 
    DOCC [    21 ]

  @DF-RHF Final Energy:  -230.71079421285552

   => Energetics <=

    Nuclear Repulsion Energy =            204.5548913259501091
    One-Electron Energy =                -715.2921128347057902
    Two-Electron Energy =                 280.0264272959001914
    Total Energy =                       -230.7107942128554896

Computation Completed


Properties will be evaluated at   0.000000,   0.000000,   0.000000 [a0]

Properties computed using the SCF density matrix

  Nuclear Dipole Moment: [e a0]
     X:    -0.0000      Y:    -0.0000      Z:    -0.0000

  Electronic Dipole Moment: [e a0]
     X:     0.0000      Y:     0.0000      Z:     0.0000

  Dipole Moment: [e a0]
     X:     0.0000      Y:    -0.0000      Z:    -0.0000     Total:     0.0000

  Dipole Moment: [D]
     X:     0.0000      Y:    -0.0000      Z:    -0.0000     Total:     0.0000


*** tstop() called on wanukaka at Thu Apr 21 15:05:05 2022
Module time:
	user time   =      14.21 seconds =       0.24 minutes
	system time =       0.44 seconds =       0.01 minutes
	total time  =          2 seconds =       0.03 minutes
Total time:
	user time   =     173.42 seconds =       2.89 minutes
	system time =       7.68 seconds =       0.13 minutes
	total time  =         24 seconds =       0.40 minutes
