gradient() will perform analytic gradient computation.

*** tstart() called on wanukaka
*** at Thu Apr 14 13:13:03 2022

   => Loading Basis Set <=

    Name: CC-PVTZ
    Role: ORBITAL
    Keyword: BASIS
    atoms 1-2 entry C          line   186 file /home/sulstice/software/miniconda2/envs/qmpython2/share/psi4/basis/cc-pvtz.gbs 
    atoms 3-4 entry H          line    23 file /home/sulstice/software/miniconda2/envs/qmpython2/share/psi4/basis/cc-pvtz.gbs 


         ---------------------------------------------------------
                                   SCF
               by Justin Turney, Rob Parrish, Andy Simmonett
                          and Daniel G. A. Smith
                              RHF Reference
                       10 Threads,   7629 MiB Core
         ---------------------------------------------------------

  ==> Geometry <==

    Molecular point group: d2h
    Full point group: D_inf_h

    Geometry (in Angstrom), charge = 0, multiplicity = 1:

       Center              X                  Y                   Z               Mass       
    ------------   -----------------  -----------------  -----------------  -----------------
         C           -0.600155000000    -0.000000000000     0.000000000000    12.000000000000
         C            0.600155000000     0.000000000000     0.000000000000    12.000000000000
         H           -1.665935000000    -0.000000000000     0.000000000000     1.007825032230
         H            1.665935000000     0.000000000000     0.000000000000     1.007825032230

  Running in d2h symmetry.

  Rotational constants: A = ************  B =      1.18394  C =      1.18394 [cm^-1]
  Rotational constants: A = ************  B =  35493.64415  C =  35493.64415 [MHz]
  Nuclear repulsion =   24.790474845202418

  Charge       = 0
  Multiplicity = 1
  Electrons    = 14
  Nalpha       = 7
  Nbeta        = 7

  ==> Algorithm <==

  SCF Algorithm Type is DF.
  DIIS enabled.
  MOM disabled.
  Fractional occupation disabled.
  Guess Type is SAD.
  Energy threshold   = 1.00e-08
  Density threshold  = 1.00e-08
  Integral threshold = 0.00e+00

  ==> Primary Basis <==

  Basis Set: CC-PVTZ
    Blend: CC-PVTZ
    Number of shells: 32
    Number of basis function: 88
    Number of Cartesian functions: 100
    Spherical Harmonics?: true
    Max angular momentum: 3

   => Loading Basis Set <=

    Name: (CC-PVTZ AUX)
    Role: JKFIT
    Keyword: DF_BASIS_SCF
    atoms 1-2 entry C          line   125 file /home/sulstice/software/miniconda2/envs/qmpython2/share/psi4/basis/cc-pvtz-jkfit.gbs 
    atoms 3-4 entry H          line    51 file /home/sulstice/software/miniconda2/envs/qmpython2/share/psi4/basis/cc-pvtz-jkfit.gbs 

  ==> Pre-Iterations <==

   -------------------------------------------------------
    Irrep   Nso     Nmo     Nalpha   Nbeta   Ndocc  Nsocc
   -------------------------------------------------------
     Ag        20      20       0       0       0       0
     B1g       10      10       0       0       0       0
     B2g       10      10       0       0       0       0
     B3g        4       4       0       0       0       0
     Au         4       4       0       0       0       0
     B1u       10      10       0       0       0       0
     B2u       10      10       0       0       0       0
     B3u       20      20       0       0       0       0
   -------------------------------------------------------
    Total      88      88       7       7       7       0
   -------------------------------------------------------

  ==> Integral Setup <==

  DFHelper Memory: AOs need 0.015 GiB; user supplied 5.588 GiB. Using in-core AOs.

  ==> MemDFJK: Density-Fitted J/K Matrices <==

    J tasked:                   Yes
    K tasked:                   Yes
    wK tasked:                   No
    OpenMP threads:              10
    Memory [MiB]:              5722
    Algorithm:                 Core
    Schwarz Cutoff:           1E-12
    Mask sparsity (%):       0.0517
    Fitting Condition:        1E-10

   => Auxiliary Basis Set <=

  Basis Set: (CC-PVTZ AUX)
    Blend: CC-PVTZ-JKFIT
    Number of shells: 70
    Number of basis function: 218
    Number of Cartesian functions: 262
    Spherical Harmonics?: true
    Max angular momentum: 4

  Minimum eigenvalue in the overlap matrix is 1.2535567082E-04.
  Using Symmetric Orthogonalization.

  SCF Guess: Superposition of Atomic Densities via on-the-fly atomic UHF.

  ==> Iterations <==

                           Total Energy        Delta E     RMS |[F,P]|

   @DF-RHF iter SAD:   -75.93682331467542   -7.59368e+01   0.00000e+00 
   @DF-RHF iter   1:   -76.80657521371674   -8.69752e-01   8.36339e-03 DIIS
   @DF-RHF iter   2:   -76.84448429610933   -3.79091e-02   2.86763e-03 DIIS
   @DF-RHF iter   3:   -76.84930338556224   -4.81909e-03   3.35499e-04 DIIS
   @DF-RHF iter   4:   -76.84944462167358   -1.41236e-04   4.01304e-05 DIIS
   @DF-RHF iter   5:   -76.84944677899315   -2.15732e-06   6.86460e-06 DIIS
   @DF-RHF iter   6:   -76.84944683996063   -6.09675e-08   1.24238e-06 DIIS
   @DF-RHF iter   7:   -76.84944684215198   -2.19134e-09   1.67139e-07 DIIS
   @DF-RHF iter   8:   -76.84944684219468   -4.27036e-11   1.60441e-08 DIIS
   @DF-RHF iter   9:   -76.84944684219506   -3.83693e-13   1.65438e-09 DIIS
  Energy and wave function converged.


  ==> Post-Iterations <==

    Orbital Energies [Eh]
    ---------------------

    Doubly Occupied:                                                      

       1Ag   -11.241114     1B3u  -11.237241     2Ag    -1.029127  
       2B3u   -0.764406     3Ag    -0.678591     1B2u   -0.410175  
       1B1u   -0.410175  

    Virtual:                                                              

       3B3u    0.150958     4Ag     0.171196     1B1g    0.177955  
       1B2g    0.177955     5Ag     0.308886     4B3u    0.410230  
       2B1u    0.434196     2B2u    0.434196     5B3u    0.510836  
       2B1g    0.574782     2B2g    0.574782     6Ag     0.604089  
       1B3g    0.773381     7Ag     0.773381     8Ag     0.780248  
       3B1u    0.804226     3B2u    0.804226     6B3u    0.949348  
       3B1g    1.071024     3B2g    1.071024     7B3u    1.085759  
       1Au     1.097181     8B3u    1.097181     9Ag     1.186867  
       4B2u    1.462156     4B1u    1.462156     9B3u    1.605939  
       4B1g    1.668366     4B2g    1.668366    10Ag     1.690280  
      10B3u    2.029739     5B1u    2.320806     5B2u    2.320806  
      11Ag     2.501727    11B3u    2.662237     2B3g    2.718067  
      12Ag     2.718067     5B1g    2.786460     5B2g    2.786460  
       6B2u    2.821722     6B1u    2.821722     7B2u    3.023895  
       7B1u    3.023895    13Ag     3.143488     6B1g    3.204333  
       6B2g    3.204333     3B3g    3.226157    14Ag     3.226157  
       7B1g    3.242924     7B2g    3.242924    15Ag     3.269113  
      12B3u    3.277911     2Au     3.298741    13B3u    3.298741  
       8B1u    3.471941     8B2u    3.471941     3Au     3.480434  
      14B3u    3.480434    15B3u    3.894740    16Ag     3.910772  
       4B3g    3.910772     8B1g    4.148732     8B2g    4.148732  
       9B1u    4.287965     9B2u    4.287965    17Ag     4.519732  
      16B3u    4.520578     4Au     4.520578    17B3u    4.817879  
       9B1g    4.911587     9B2g    4.911587    18Ag     5.200605  
      10B2u    5.821941    10B1u    5.821941    18B3u    6.151684  
      10B1g    6.324768    10B2g    6.324768    19B3u    6.390770  
      19Ag     6.865678    20Ag     9.519462    20B3u   16.872776  

    Final Occupation by Irrep:
             Ag   B1g   B2g   B3g    Au   B1u   B2u   B3u 
    DOCC [     3,    0,    0,    0,    0,    1,    1,    2 ]

  @DF-RHF Final Energy:   -76.84944684219506

   => Energetics <=

    Nuclear Repulsion Energy =             24.7904748452024180
    One-Electron Energy =                -151.7381878849356269
    Two-Electron Energy =                  50.0982661975381447
    Total Energy =                        -76.8494468421950501

Computation Completed


Properties will be evaluated at   0.000000,   0.000000,   0.000000 [a0]

Properties computed using the SCF density matrix

  Nuclear Dipole Moment: [e a0]
     X:     0.0000      Y:     0.0000      Z:     0.0000

  Electronic Dipole Moment: [e a0]
     X:     0.0000      Y:     0.0000      Z:     0.0000

  Dipole Moment: [e a0]
     X:     0.0000      Y:     0.0000      Z:     0.0000     Total:     0.0000

  Dipole Moment: [D]
     X:     0.0000      Y:     0.0000      Z:     0.0000     Total:     0.0000


*** tstop() called on wanukaka at Thu Apr 14 13:13:03 2022
Module time:
	user time   =       5.84 seconds =       0.10 minutes
	system time =       0.22 seconds =       0.00 minutes
	total time  =          0 seconds =       0.00 minutes
Total time:
	user time   =   18658.13 seconds =     310.97 minutes
	system time =     749.20 seconds =      12.49 minutes
	total time  =       2127 seconds =      35.45 minutes

*** tstart() called on wanukaka
*** at Thu Apr 14 13:13:03 2022


         ------------------------------------------------------------
                                   SCF GRAD                          
                          Rob Parrish, Justin Turney,                
                       Andy Simmonett, and Alex Sokolov              
         ------------------------------------------------------------

  ==> Geometry <==

    Molecular point group: d2h
    Full point group: D_inf_h

    Geometry (in Angstrom), charge = 0, multiplicity = 1:

       Center              X                  Y                   Z               Mass       
    ------------   -----------------  -----------------  -----------------  -----------------
         C           -0.600155000000    -0.000000000000     0.000000000000    12.000000000000
         C            0.600155000000     0.000000000000     0.000000000000    12.000000000000
         H           -1.665935000000    -0.000000000000     0.000000000000     1.007825032230
         H            1.665935000000     0.000000000000     0.000000000000     1.007825032230

  Nuclear repulsion =   24.790474845202418

  ==> Basis Set <==

  Basis Set: CC-PVTZ
    Blend: CC-PVTZ
    Number of shells: 32
    Number of basis function: 88
    Number of Cartesian functions: 100
    Spherical Harmonics?: true
    Max angular momentum: 3

  ==> DFJKGrad: Density-Fitted SCF Gradients <==

    Gradient:                    1
    J tasked:                  Yes
    K tasked:                  Yes
    wK tasked:                  No
    OpenMP threads:             10
    Integrals threads:          10
    Memory [MiB]:             5722
    Schwarz Cutoff:          0E+00
    Fitting Condition:       1E-10

   => Auxiliary Basis Set <=

  Basis Set: (CC-PVTZ AUX)
    Blend: CC-PVTZ-JKFIT
    Number of shells: 70
    Number of basis function: 218
    Number of Cartesian functions: 262
    Spherical Harmonics?: true
    Max angular momentum: 4


  -Total Gradient:
     Atom            X                  Y                   Z
    ------   -----------------  -----------------  -----------------
       1       -0.036480162438    -0.000000000000     0.000000000000
       2        0.036480162438     0.000000000000     0.000000000000
       3       -0.009358595693    -0.000000000000     0.000000000000
       4        0.009358595693     0.000000000000     0.000000000000


*** tstop() called on wanukaka at Thu Apr 14 13:13:04 2022
Module time:
	user time   =       6.89 seconds =       0.11 minutes
	system time =       0.31 seconds =       0.01 minutes
	total time  =          1 seconds =       0.02 minutes
Total time:
	user time   =   18665.03 seconds =     311.08 minutes
	system time =     749.51 seconds =      12.49 minutes
	total time  =       2128 seconds =      35.47 minutes

			-----------------------------------------
			 OPTKING 2.0: for geometry optimizations 
			  - R.A. King,  Bethel University        
			-----------------------------------------

	Internal coordinates to be generated automatically.
	Detected frag 1 with atoms:  1 2 3 4
	---Fragment 1 Bond Connectivity---
	 1 : 2 3
	 2 : 1 4
	 3 : 1
	 4 : 2

	---Fragment 1 Geometry and Gradient---
	 C          -1.1341285828       -0.0000000000        0.0000000000
	 C           1.1341285828        0.0000000000        0.0000000000
	 H          -3.1481608928       -0.0000000000        0.0000000000
	 H           3.1481608928        0.0000000000        0.0000000000
	            -0.0364801624       -0.0000000000        0.0000000000
	             0.0364801624        0.0000000000        0.0000000000
	            -0.0093585957       -0.0000000000        0.0000000000
	             0.0093585957        0.0000000000        0.0000000000

	Previous optimization step data not found.  Starting new optimization.

	---Fragment 1 Intrafragment Coordinates---
	 - Coordinate -           - BOHR/RAD -       - ANG/DEG -
	 R(1,2)           =         2.268257	       1.200310
	 R(1,3)           =         2.014032	       1.065780
	 R(2,4)           =         2.014032	       1.065780
	 L(1,2,4)         =         3.141593	     180.000000
	 l(1,2,4)         =         3.141593	     180.000000
	 L(2,1,3)         =         3.141593	     180.000000
	 l(2,1,3)         =         3.141593	     180.000000

	Current energy   :       -76.8494468422

	Generating empirical Hessian (Schlegel '84) for each fragment.
	Taking RFO optimization step.
	Going to follow RFO solution 1.
	Using RFO vector 1.
	Norm of target step-size    0.05587
	Projected energy change by RFO approximation:        -0.0024558975

	Back-transformation to cartesian coordinates...
	Successfully converged to displaced geometry.

	--- Internal Coordinate Step in ANG or DEG, aJ/ANG or AJ/DEG ---
	 ---------------------------------------------------------------------------
	   Coordinate                Previous        Force       Change         New 
	   ----------                --------       ------       ------       ------
	    1 R(1,2)          =      1.200310    -0.377653    -0.023121     1.177189
	    2 R(1,3)          =      1.065780    -0.077103    -0.013027     1.052753
	    3 R(2,4)          =      1.065780    -0.077103    -0.013027     1.052753
	    4 L(1,2,4)        =    180.000000    -0.000000     0.000000   180.000000
	    5 l(1,2,4)        =    180.000000     0.000000     0.000000   180.000000
	    6 L(2,1,3)        =    180.000000    -0.000000     0.000000   180.000000
	    7 l(2,1,3)        =    180.000000    -0.000000     0.000000   180.000000
	 ---------------------------------------------------------------------------
	Successfully symmetrized geometry.

  ==> Convergence Check <==

  Measures of convergence in internal coordinates in au.
  Criteria marked as inactive (o), active & met (*), and active & unmet ( ).
  --------------------------------------------------------------------------------------------- ~
   Step     Total Energy     Delta E     MAX Force     RMS Force      MAX Disp      RMS Disp    ~
  --------------------------------------------------------------------------------------------- ~
    Convergence Criteria    1.00e-06 *    3.00e-04 *             o    1.20e-03 *             o  ~
  --------------------------------------------------------------------------------------------- ~
      1     -76.84944684   -7.68e+01      4.58e-02      1.80e-02 o    4.37e-02      2.11e-02 o  ~
  ---------------------------------------------------------------------------------------------

	Writing optimization data to binary file.
	Structure for next step:
	Cartesian Geometry (in Angstrom)
	    C    -0.5885946388  -0.0000000000   0.0000000000
	    C     0.5885946388   0.0000000000   0.0000000000
	    H    -1.6413472420  -0.0000000000   0.0000000000
	    H     1.6413472420   0.0000000000   0.0000000000
			--------------------------
			 OPTKING Finished Execution 
			--------------------------

    Structure for next step:
    Molecular point group: d2h
    Full point group: D_inf_h

    Geometry (in Angstrom), charge = 0, multiplicity = 1:

    C           -0.588594641111    -0.000000000000     0.000000000000
    C            0.588594641111     0.000000000000     0.000000000000
    H           -1.641347248488    -0.000000000000     0.000000000000
    H            1.641347248488     0.000000000000     0.000000000000

gradient() will perform analytic gradient computation.

*** tstart() called on wanukaka
*** at Thu Apr 14 13:13:04 2022

   => Loading Basis Set <=

    Name: CC-PVTZ
    Role: ORBITAL
    Keyword: BASIS
    atoms 1-2 entry C          line   186 file /home/sulstice/software/miniconda2/envs/qmpython2/share/psi4/basis/cc-pvtz.gbs 
    atoms 3-4 entry H          line    23 file /home/sulstice/software/miniconda2/envs/qmpython2/share/psi4/basis/cc-pvtz.gbs 


         ---------------------------------------------------------
                                   SCF
               by Justin Turney, Rob Parrish, Andy Simmonett
                          and Daniel G. A. Smith
                              RHF Reference
                       10 Threads,   7629 MiB Core
         ---------------------------------------------------------

  ==> Geometry <==

    Molecular point group: d2h
    Full point group: D_inf_h

    Geometry (in Angstrom), charge = 0, multiplicity = 1:

       Center              X                  Y                   Z               Mass       
    ------------   -----------------  -----------------  -----------------  -----------------
         C           -0.588594641111    -0.000000000000     0.000000000000    12.000000000000
         C            0.588594641111     0.000000000000     0.000000000000    12.000000000000
         H           -1.641347248488    -0.000000000000     0.000000000000     1.007825032230
         H            1.641347248488     0.000000000000     0.000000000000     1.007825032230

  Running in d2h symmetry.

  Rotational constants: A = ************  B =      1.22647  C =      1.22647 [cm^-1]
  Rotational constants: A = ************  B =  36768.60634  C =  36768.60634 [MHz]
  Nuclear repulsion =   25.223729989065852

  Charge       = 0
  Multiplicity = 1
  Electrons    = 14
  Nalpha       = 7
  Nbeta        = 7

  ==> Algorithm <==

  SCF Algorithm Type is DF.
  DIIS enabled.
  MOM disabled.
  Fractional occupation disabled.
  Guess Type is READ.
  Energy threshold   = 1.00e-08
  Density threshold  = 1.00e-08
  Integral threshold = 0.00e+00

  ==> Primary Basis <==

  Basis Set: CC-PVTZ
    Blend: CC-PVTZ
    Number of shells: 32
    Number of basis function: 88
    Number of Cartesian functions: 100
    Spherical Harmonics?: true
    Max angular momentum: 3

   => Loading Basis Set <=

    Name: (CC-PVTZ AUX)
    Role: JKFIT
    Keyword: DF_BASIS_SCF
    atoms 1-2 entry C          line   125 file /home/sulstice/software/miniconda2/envs/qmpython2/share/psi4/basis/cc-pvtz-jkfit.gbs 
    atoms 3-4 entry H          line    51 file /home/sulstice/software/miniconda2/envs/qmpython2/share/psi4/basis/cc-pvtz-jkfit.gbs 

   => Loading Basis Set <=

    Name: CC-PVTZ
    Role: ORBITAL
    Keyword: BASIS
    atoms 1-2 entry C          line   186 file /home/sulstice/software/miniconda2/envs/qmpython2/share/psi4/basis/cc-pvtz.gbs 
    atoms 3-4 entry H          line    23 file /home/sulstice/software/miniconda2/envs/qmpython2/share/psi4/basis/cc-pvtz.gbs 

  Reading orbitals from file 180, no projection.

  ==> Pre-Iterations <==

   -------------------------------------------------------
    Irrep   Nso     Nmo     Nalpha   Nbeta   Ndocc  Nsocc
   -------------------------------------------------------
     Ag        20      20       0       0       0       0
     B1g       10      10       0       0       0       0
     B2g       10      10       0       0       0       0
     B3g        4       4       0       0       0       0
     Au         4       4       0       0       0       0
     B1u       10      10       0       0       0       0
     B2u       10      10       0       0       0       0
     B3u       20      20       0       0       0       0
   -------------------------------------------------------
    Total      88      88       7       7       7       0
   -------------------------------------------------------

  ==> Integral Setup <==

  DFHelper Memory: AOs need 0.015 GiB; user supplied 5.588 GiB. Using in-core AOs.

  ==> MemDFJK: Density-Fitted J/K Matrices <==

    J tasked:                   Yes
    K tasked:                   Yes
    wK tasked:                   No
    OpenMP threads:              10
    Memory [MiB]:              5722
    Algorithm:                 Core
    Schwarz Cutoff:           1E-12
    Mask sparsity (%):       0.0517
    Fitting Condition:        1E-10

   => Auxiliary Basis Set <=

  Basis Set: (CC-PVTZ AUX)
    Blend: CC-PVTZ-JKFIT
    Number of shells: 70
    Number of basis function: 218
    Number of Cartesian functions: 262
    Spherical Harmonics?: true
    Max angular momentum: 4

  Minimum eigenvalue in the overlap matrix is 1.1340325828E-04.
  Using Symmetric Orthogonalization.

  SCF Guess: Orbitals guess was supplied from a previous computation.

  ==> Iterations <==

                           Total Energy        Delta E     RMS |[F,P]|

   @DF-RHF iter   0:   -76.87250818714789   -7.68725e+01   1.91443e-03 
   @DF-RHF iter   1:   -76.85047470037244    2.20335e-02   2.25761e-04 DIIS
   @DF-RHF iter   2:   -76.85051594945729   -4.12491e-05   9.79888e-05 DIIS
   @DF-RHF iter   3:   -76.85052054017258   -4.59072e-06   9.68627e-06 DIIS
   @DF-RHF iter   4:   -76.85052062319124   -8.30187e-08   1.40524e-06 DIIS
   @DF-RHF iter   5:   -76.85052062527905   -2.08780e-09   1.63942e-07 DIIS
   @DF-RHF iter   6:   -76.85052062531452   -3.54703e-11   2.89145e-08 DIIS
   @DF-RHF iter   7:   -76.85052062531594   -1.42109e-12   5.58233e-09 DIIS
  Energy and wave function converged.


  ==> Post-Iterations <==

    Orbital Energies [Eh]
    ---------------------

    Doubly Occupied:                                                      

       1Ag   -11.232546     1B3u  -11.228058     2Ag    -1.036331  
       2B3u   -0.765923     3Ag    -0.683401     1B1u   -0.415681  
       1B2u   -0.415681  

    Virtual:                                                              

       3B3u    0.152729     4Ag     0.171772     1B2g    0.183713  
       1B1g    0.183713     5Ag     0.306827     4B3u    0.422520  
       2B2u    0.431759     2B1u    0.431759     5B3u    0.509316  
       2B1g    0.578195     2B2g    0.578195     6Ag     0.607339  
       1B3g    0.773768     7Ag     0.773768     8Ag     0.789178  
       3B2u    0.811465     3B1u    0.811465     6B3u    0.961612  
       3B2g    1.081052     3B1g    1.081052     7B3u    1.102097  
       1Au     1.102097     8B3u    1.109844     9Ag     1.174989  
       4B1u    1.480805     4B2u    1.480805     9B3u    1.611697  
       4B2g    1.665666     4B1g    1.665666    10Ag     1.716787  
      10B3u    2.058821     5B2u    2.316539     5B1u    2.316539  
      11Ag     2.503832    11B3u    2.664718    12Ag     2.728662  
       2B3g    2.728662     5B1g    2.817174     5B2g    2.817174  
       6B1u    2.817317     6B2u    2.817317     7B1u    3.028918  
       7B2u    3.028918    13Ag     3.136611     6B2g    3.183410  
       6B1g    3.183410    14Ag     3.219630     3B3g    3.219630  
       7B2g    3.256579     7B1g    3.256579    12B3u    3.300228  
       2Au     3.300228    13B3u    3.305804    15Ag     3.317724  
      14B3u    3.501582     3Au     3.501582     8B2u    3.504788  
       8B1u    3.504788    15B3u    3.923677    16Ag     3.940574  
       4B3g    3.940574     8B1g    4.157990     8B2g    4.157990  
       9B2u    4.315530     9B1u    4.315530     4Au     4.572395  
      16B3u    4.572395    17Ag     4.585279    17B3u    4.867328  
       9B1g    4.981778     9B2g    4.981778    18Ag     5.260491  
      10B2u    5.920043    10B1u    5.920043    18B3u    6.224212  
      10B2g    6.345075    10B1g    6.345075    19B3u    6.452478  
      19Ag     7.023688    20Ag     9.735332    20B3u   17.475025  

    Final Occupation by Irrep:
             Ag   B1g   B2g   B3g    Au   B1u   B2u   B3u 
    DOCC [     3,    0,    0,    0,    0,    1,    1,    2 ]

  @DF-RHF Final Energy:   -76.85052062531594

   => Energetics <=

    Nuclear Repulsion Energy =             25.2237299890658520
    One-Electron Energy =                -152.5932621993084979
    Two-Electron Energy =                  50.5190115849267229
    Total Energy =                        -76.8505206253159372

Computation Completed


Properties will be evaluated at   0.000000,   0.000000,   0.000000 [a0]

Properties computed using the SCF density matrix

  Nuclear Dipole Moment: [e a0]
     X:     0.0000      Y:     0.0000      Z:     0.0000

  Electronic Dipole Moment: [e a0]
     X:     0.0000      Y:     0.0000      Z:     0.0000

  Dipole Moment: [e a0]
     X:     0.0000      Y:     0.0000      Z:     0.0000     Total:     0.0000

  Dipole Moment: [D]
     X:     0.0000      Y:     0.0000      Z:     0.0000     Total:     0.0000


*** tstop() called on wanukaka at Thu Apr 14 13:13:04 2022
Module time:
	user time   =       3.63 seconds =       0.06 minutes
	system time =       0.12 seconds =       0.00 minutes
	total time  =          0 seconds =       0.00 minutes
Total time:
	user time   =   18668.77 seconds =     311.15 minutes
	system time =     749.63 seconds =      12.49 minutes
	total time  =       2128 seconds =      35.47 minutes

*** tstart() called on wanukaka
*** at Thu Apr 14 13:13:04 2022


         ------------------------------------------------------------
                                   SCF GRAD                          
                          Rob Parrish, Justin Turney,                
                       Andy Simmonett, and Alex Sokolov              
         ------------------------------------------------------------

  ==> Geometry <==

    Molecular point group: d2h
    Full point group: D_inf_h

    Geometry (in Angstrom), charge = 0, multiplicity = 1:

       Center              X                  Y                   Z               Mass       
    ------------   -----------------  -----------------  -----------------  -----------------
         C           -0.588594641111    -0.000000000000     0.000000000000    12.000000000000
         C            0.588594641111     0.000000000000     0.000000000000    12.000000000000
         H           -1.641347248488    -0.000000000000     0.000000000000     1.007825032230
         H            1.641347248488     0.000000000000     0.000000000000     1.007825032230

  Nuclear repulsion =   25.223729989065852

  ==> Basis Set <==

  Basis Set: CC-PVTZ
    Blend: CC-PVTZ
    Number of shells: 32
    Number of basis function: 88
    Number of Cartesian functions: 100
    Spherical Harmonics?: true
    Max angular momentum: 3

  ==> DFJKGrad: Density-Fitted SCF Gradients <==

    Gradient:                    1
    J tasked:                  Yes
    K tasked:                  Yes
    wK tasked:                  No
    OpenMP threads:             10
    Integrals threads:          10
    Memory [MiB]:             5722
    Schwarz Cutoff:          0E+00
    Fitting Condition:       1E-10

   => Auxiliary Basis Set <=

  Basis Set: (CC-PVTZ AUX)
    Blend: CC-PVTZ-JKFIT
    Number of shells: 70
    Number of basis function: 218
    Number of Cartesian functions: 262
    Spherical Harmonics?: true
    Max angular momentum: 4


  -Total Gradient:
     Atom            X                  Y                   Z
    ------   -----------------  -----------------  -----------------
       1        0.006346209713     0.000000000000     0.000000000000
       2       -0.006346209713    -0.000000000000     0.000000000000
       3        0.001014921924     0.000000000000     0.000000000000
       4       -0.001014921924    -0.000000000000     0.000000000000


*** tstop() called on wanukaka at Thu Apr 14 13:13:05 2022
Module time:
	user time   =       6.76 seconds =       0.11 minutes
	system time =       0.30 seconds =       0.01 minutes
	total time  =          1 seconds =       0.02 minutes
Total time:
	user time   =   18675.54 seconds =     311.26 minutes
	system time =     749.93 seconds =      12.50 minutes
	total time  =       2129 seconds =      35.48 minutes

			-----------------------------------------
			 OPTKING 2.0: for geometry optimizations 
			  - R.A. King,  Bethel University        
			-----------------------------------------

	Previous internal coordinate definitions found.
	---Fragment 1 Geometry and Gradient---
	 C          -1.1122826706       -0.0000000000        0.0000000000
	 C           1.1122826706        0.0000000000        0.0000000000
	 H          -3.1016967764       -0.0000000000        0.0000000000
	 H           3.1016967764        0.0000000000        0.0000000000
	             0.0063462097        0.0000000000        0.0000000000
	            -0.0063462097       -0.0000000000        0.0000000000
	             0.0010149219        0.0000000000        0.0000000000
	            -0.0010149219       -0.0000000000        0.0000000000

	---Fragment 1 Intrafragment Coordinates---
	 - Coordinate -           - BOHR/RAD -       - ANG/DEG -
	 R(1,2)           =         2.224565	       1.177189
	 R(1,3)           =         1.989414	       1.052753
	 R(2,4)           =         1.989414	       1.052753
	 L(1,2,4)         =         3.141593	     180.000000
	 l(1,2,4)         =         3.141593	     180.000000
	 L(2,1,3)         =         3.141593	     180.000000
	 l(2,1,3)         =         3.141593	     180.000000

	Current energy   :       -76.8505206253

	Energy change for the previous step:
		Projected    :        -0.0024558975
		Actual       :        -0.0010737831

	Performing BFGS update.
	Previous computed or guess Hessian on step 1.
	Steps to be used in Hessian update: 1
	Taking RFO optimization step.
	Going to follow RFO solution 1.
	Using RFO vector 1.
	Norm of target step-size    0.00690
	Projected energy change by RFO approximation:        -0.0000494717

	Back-transformation to cartesian coordinates...
	Successfully converged to displaced geometry.

	--- Internal Coordinate Step in ANG or DEG, aJ/ANG or AJ/DEG ---
	 ---------------------------------------------------------------------------
	   Coordinate                Previous        Force       Change         New 
	   ----------                --------       ------       ------       ------
	    1 R(1,2)          =      1.177189     0.060646     0.003220     1.180409
	    2 R(1,3)          =      1.052753     0.008362     0.001221     1.053973
	    3 R(2,4)          =      1.052753     0.008362     0.001221     1.053973
	    4 L(1,2,4)        =    180.000000     0.000000     0.000000   180.000000
	    5 l(1,2,4)        =    180.000000     0.000000     0.000000   180.000000
	    6 L(2,1,3)        =    180.000000     0.000000     0.000000   180.000000
	    7 l(2,1,3)        =    180.000000    -0.000000     0.000000   180.000000
	 ---------------------------------------------------------------------------
	Successfully symmetrized geometry.

  ==> Convergence Check <==

  Measures of convergence in internal coordinates in au.
  Criteria marked as inactive (o), active & met (*), and active & unmet ( ).
  ---------------------------------------------------------------------------------------------
   Step     Total Energy     Delta E     MAX Force     RMS Force      MAX Disp      RMS Disp   
  ---------------------------------------------------------------------------------------------
    Convergence Criteria    1.00e-06 *    3.00e-04 *             o    1.20e-03 *             o
  ---------------------------------------------------------------------------------------------
      2     -76.85052063   -1.07e-03      7.36e-03      2.83e-03 o    6.08e-03      2.61e-03 o  ~
  ---------------------------------------------------------------------------------------------

	Writing optimization data to binary file.
	Structure for next step:
	Cartesian Geometry (in Angstrom)
	    C    -0.5902046403  -0.0000000000   0.0000000000
	    C     0.5902046403   0.0000000000   0.0000000000
	    H    -1.6441778747  -0.0000000000   0.0000000000
	    H     1.6441778747   0.0000000000   0.0000000000
			--------------------------
			 OPTKING Finished Execution 
			--------------------------

    Structure for next step:
    Molecular point group: d2h
    Full point group: D_inf_h

    Geometry (in Angstrom), charge = 0, multiplicity = 1:

    C           -0.590204642653    -0.000000000000     0.000000000000
    C            0.590204642653     0.000000000000     0.000000000000
    H           -1.644177881155    -0.000000000000     0.000000000000
    H            1.644177881155     0.000000000000     0.000000000000

gradient() will perform analytic gradient computation.

*** tstart() called on wanukaka
*** at Thu Apr 14 13:13:05 2022

   => Loading Basis Set <=

    Name: CC-PVTZ
    Role: ORBITAL
    Keyword: BASIS
    atoms 1-2 entry C          line   186 file /home/sulstice/software/miniconda2/envs/qmpython2/share/psi4/basis/cc-pvtz.gbs 
    atoms 3-4 entry H          line    23 file /home/sulstice/software/miniconda2/envs/qmpython2/share/psi4/basis/cc-pvtz.gbs 


         ---------------------------------------------------------
                                   SCF
               by Justin Turney, Rob Parrish, Andy Simmonett
                          and Daniel G. A. Smith
                              RHF Reference
                       10 Threads,   7629 MiB Core
         ---------------------------------------------------------

  ==> Geometry <==

    Molecular point group: d2h
    Full point group: D_inf_h

    Geometry (in Angstrom), charge = 0, multiplicity = 1:

       Center              X                  Y                   Z               Mass       
    ------------   -----------------  -----------------  -----------------  -----------------
         C           -0.590204642653    -0.000000000000     0.000000000000    12.000000000000
         C            0.590204642653     0.000000000000     0.000000000000    12.000000000000
         H           -1.644177881155    -0.000000000000     0.000000000000     1.007825032230
         H            1.644177881155     0.000000000000     0.000000000000     1.007825032230

  Running in d2h symmetry.

  Rotational constants: A = ************  B =      1.22076  C =      1.22076 [cm^-1]
  Rotational constants: A = ************  B =  36597.41372  C =  36597.41372 [MHz]
  Nuclear repulsion =   25.166662321633474

  Charge       = 0
  Multiplicity = 1
  Electrons    = 14
  Nalpha       = 7
  Nbeta        = 7

  ==> Algorithm <==

  SCF Algorithm Type is DF.
  DIIS enabled.
  MOM disabled.
  Fractional occupation disabled.
  Guess Type is READ.
  Energy threshold   = 1.00e-08
  Density threshold  = 1.00e-08
  Integral threshold = 0.00e+00

  ==> Primary Basis <==

  Basis Set: CC-PVTZ
    Blend: CC-PVTZ
    Number of shells: 32
    Number of basis function: 88
    Number of Cartesian functions: 100
    Spherical Harmonics?: true
    Max angular momentum: 3

   => Loading Basis Set <=

    Name: (CC-PVTZ AUX)
    Role: JKFIT
    Keyword: DF_BASIS_SCF
    atoms 1-2 entry C          line   125 file /home/sulstice/software/miniconda2/envs/qmpython2/share/psi4/basis/cc-pvtz-jkfit.gbs 
    atoms 3-4 entry H          line    51 file /home/sulstice/software/miniconda2/envs/qmpython2/share/psi4/basis/cc-pvtz-jkfit.gbs 

   => Loading Basis Set <=

    Name: CC-PVTZ
    Role: ORBITAL
    Keyword: BASIS
    atoms 1-2 entry C          line   186 file /home/sulstice/software/miniconda2/envs/qmpython2/share/psi4/basis/cc-pvtz.gbs 
    atoms 3-4 entry H          line    23 file /home/sulstice/software/miniconda2/envs/qmpython2/share/psi4/basis/cc-pvtz.gbs 

  Reading orbitals from file 180, no projection.

  ==> Pre-Iterations <==

   -------------------------------------------------------
    Irrep   Nso     Nmo     Nalpha   Nbeta   Ndocc  Nsocc
   -------------------------------------------------------
     Ag        20      20       0       0       0       0
     B1g       10      10       0       0       0       0
     B2g       10      10       0       0       0       0
     B3g        4       4       0       0       0       0
     Au         4       4       0       0       0       0
     B1u       10      10       0       0       0       0
     B2u       10      10       0       0       0       0
     B3u       20      20       0       0       0       0
   -------------------------------------------------------
    Total      88      88       7       7       7       0
   -------------------------------------------------------

  ==> Integral Setup <==

  DFHelper Memory: AOs need 0.015 GiB; user supplied 5.588 GiB. Using in-core AOs.

  ==> MemDFJK: Density-Fitted J/K Matrices <==

    J tasked:                   Yes
    K tasked:                   Yes
    wK tasked:                   No
    OpenMP threads:              10
    Memory [MiB]:              5722
    Algorithm:                 Core
    Schwarz Cutoff:           1E-12
    Mask sparsity (%):       0.0517
    Fitting Condition:        1E-10

   => Auxiliary Basis Set <=

  Basis Set: (CC-PVTZ AUX)
    Blend: CC-PVTZ-JKFIT
    Number of shells: 70
    Number of basis function: 218
    Number of Cartesian functions: 262
    Spherical Harmonics?: true
    Max angular momentum: 4

  Minimum eigenvalue in the overlap matrix is 1.1496869442E-04.
  Using Symmetric Orthogonalization.

  SCF Guess: Orbitals guess was supplied from a previous computation.

  ==> Iterations <==

                           Total Energy        Delta E     RMS |[F,P]|

   @DF-RHF iter   0:   -76.84814011120319   -7.68481e+01   2.81752e-04 
   @DF-RHF iter   1:   -76.85054311702928   -2.40301e-03   2.96433e-05 DIIS
   @DF-RHF iter   2:   -76.85054381563978   -6.98611e-07   1.30517e-05 DIIS
   @DF-RHF iter   3:   -76.85054389589057   -8.02508e-08   1.35643e-06 DIIS
   @DF-RHF iter   4:   -76.85054389739474   -1.50418e-09   1.94672e-07 DIIS
   @DF-RHF iter   5:   -76.85054389743733   -4.25899e-11   2.51712e-08 DIIS
   @DF-RHF iter   6:   -76.85054389743826   -9.23706e-13   4.24831e-09 DIIS
  Energy and wave function converged.


  ==> Post-Iterations <==

    Orbital Energies [Eh]
    ---------------------

    Doubly Occupied:                                                      

       1Ag   -11.233695     1B3u  -11.229299     2Ag    -1.035369  
       2B3u   -0.765959     3Ag    -0.682949     1B2u   -0.414911  
       1B1u   -0.414911  

    Virtual:                                                              

       3B3u    0.152524     4Ag     0.171703     1B1g    0.182898  
       1B2g    0.182898     5Ag     0.307051     4B3u    0.420958  
       2B1u    0.432099     2B2u    0.432099     5B3u    0.509564  
       2B1g    0.577693     2B2g    0.577693     6Ag     0.607012  
       1B3g    0.773693     7Ag     0.773693     8Ag     0.788153  
       3B2u    0.810555     3B1u    0.810555     6B3u    0.959924  
       3B1g    1.079855     3B2g    1.079855     7B3u    1.101397  
       1Au     1.101397     8B3u    1.106762     9Ag     1.176375  
       4B2u    1.478480     4B1u    1.478480     9B3u    1.611216  
       4B1g    1.666224     4B2g    1.666224    10Ag     1.714112  
      10B3u    2.054400     5B1u    2.317232     5B2u    2.317232  
      11Ag     2.503407    11B3u    2.663666    12Ag     2.727219  
       2B3g    2.727219     5B1g    2.812964     5B2g    2.812964  
       6B2u    2.817902     6B1u    2.817902     7B2u    3.028037  
       7B1u    3.028037    13Ag     3.137690     6B1g    3.186141  
       6B2g    3.186141     3B3g    3.220377    14Ag     3.220377  
       7B1g    3.254643     7B2g    3.254643     2Au     3.300042  
      12B3u    3.300042    13B3u    3.302759    15Ag     3.311677  
       3Au     3.498834    14B3u    3.498834     8B2u    3.500561  
       8B1u    3.500561    15B3u    3.920373     4B3g    3.937125  
      16Ag     3.937125     8B1g    4.156808     8B2g    4.156808  
       9B2u    4.312260     9B1u    4.312260     4Au     4.566006  
      16B3u    4.566006    17Ag     4.577072    17B3u    4.861564  
       9B1g    4.973583     9B2g    4.973583    18Ag     5.254718  
      10B2u    5.908640    10B1u    5.908640    18B3u    6.215912  
      10B1g    6.343542    10B2g    6.343542    19B3u    6.444562  
      19Ag     7.003492    20Ag     9.714179    20B3u   17.392377  

    Final Occupation by Irrep:
             Ag   B1g   B2g   B3g    Au   B1u   B2u   B3u 
    DOCC [     3,    0,    0,    0,    0,    1,    1,    2 ]

  @DF-RHF Final Energy:   -76.85054389743826

   => Energetics <=

    Nuclear Repulsion Energy =             25.1666623216334742
    One-Electron Energy =                -152.4802268376452616
    Two-Electron Energy =                  50.4630206185735375
    Total Energy =                        -76.8505438974382429

Computation Completed


Properties will be evaluated at   0.000000,   0.000000,   0.000000 [a0]

Properties computed using the SCF density matrix

  Nuclear Dipole Moment: [e a0]
     X:     0.0000      Y:     0.0000      Z:     0.0000

  Electronic Dipole Moment: [e a0]
     X:     0.0000      Y:     0.0000      Z:     0.0000

  Dipole Moment: [e a0]
     X:     0.0000      Y:     0.0000      Z:     0.0000     Total:     0.0000

  Dipole Moment: [D]
     X:     0.0000      Y:     0.0000      Z:     0.0000     Total:     0.0000


*** tstop() called on wanukaka at Thu Apr 14 13:13:06 2022
Module time:
	user time   =       3.56 seconds =       0.06 minutes
	system time =       0.17 seconds =       0.00 minutes
	total time  =          1 seconds =       0.02 minutes
Total time:
	user time   =   18679.19 seconds =     311.32 minutes
	system time =     750.10 seconds =      12.50 minutes
	total time  =       2130 seconds =      35.50 minutes

*** tstart() called on wanukaka
*** at Thu Apr 14 13:13:06 2022


         ------------------------------------------------------------
                                   SCF GRAD                          
                          Rob Parrish, Justin Turney,                
                       Andy Simmonett, and Alex Sokolov              
         ------------------------------------------------------------

  ==> Geometry <==

    Molecular point group: d2h
    Full point group: D_inf_h

    Geometry (in Angstrom), charge = 0, multiplicity = 1:

       Center              X                  Y                   Z               Mass       
    ------------   -----------------  -----------------  -----------------  -----------------
         C           -0.590204642653    -0.000000000000     0.000000000000    12.000000000000
         C            0.590204642653     0.000000000000     0.000000000000    12.000000000000
         H           -1.644177881155    -0.000000000000     0.000000000000     1.007825032230
         H            1.644177881155     0.000000000000     0.000000000000     1.007825032230

  Nuclear repulsion =   25.166662321633474

  ==> Basis Set <==

  Basis Set: CC-PVTZ
    Blend: CC-PVTZ
    Number of shells: 32
    Number of basis function: 88
    Number of Cartesian functions: 100
    Spherical Harmonics?: true
    Max angular momentum: 3

  ==> DFJKGrad: Density-Fitted SCF Gradients <==

    Gradient:                    1
    J tasked:                  Yes
    K tasked:                  Yes
    wK tasked:                  No
    OpenMP threads:             10
    Integrals threads:          10
    Memory [MiB]:             5722
    Schwarz Cutoff:          0E+00
    Fitting Condition:       1E-10

   => Auxiliary Basis Set <=

  Basis Set: (CC-PVTZ AUX)
    Blend: CC-PVTZ-JKFIT
    Number of shells: 70
    Number of basis function: 218
    Number of Cartesian functions: 262
    Spherical Harmonics?: true
    Max angular momentum: 4


  -Total Gradient:
     Atom            X                  Y                   Z
    ------   -----------------  -----------------  -----------------
       1       -0.000501582431    -0.000000000000     0.000000000000
       2        0.000501582431     0.000000000000     0.000000000000
       3        0.000025028668     0.000000000000     0.000000000000
       4       -0.000025028668    -0.000000000000     0.000000000000


*** tstop() called on wanukaka at Thu Apr 14 13:13:06 2022
Module time:
	user time   =       6.72 seconds =       0.11 minutes
	system time =       0.30 seconds =       0.01 minutes
	total time  =          0 seconds =       0.00 minutes
Total time:
	user time   =   18685.92 seconds =     311.43 minutes
	system time =     750.40 seconds =      12.51 minutes
	total time  =       2130 seconds =      35.50 minutes

			-----------------------------------------
			 OPTKING 2.0: for geometry optimizations 
			  - R.A. King,  Bethel University        
			-----------------------------------------

	Previous internal coordinate definitions found.
	---Fragment 1 Geometry and Gradient---
	 C          -1.1153251326       -0.0000000000        0.0000000000
	 C           1.1153251326        0.0000000000        0.0000000000
	 H          -3.1070458969       -0.0000000000        0.0000000000
	 H           3.1070458969        0.0000000000        0.0000000000
	            -0.0005015824       -0.0000000000        0.0000000000
	             0.0005015824        0.0000000000        0.0000000000
	             0.0000250287        0.0000000000        0.0000000000
	            -0.0000250287       -0.0000000000        0.0000000000

	---Fragment 1 Intrafragment Coordinates---
	 - Coordinate -           - BOHR/RAD -       - ANG/DEG -
	 R(1,2)           =         2.230650	       1.180409
	 R(1,3)           =         1.991721	       1.053973
	 R(2,4)           =         1.991721	       1.053973
	 L(1,2,4)         =         3.141593	     180.000000
	 l(1,2,4)         =         3.141593	     180.000000
	 L(2,1,3)         =         3.141593	     180.000000
	 l(2,1,3)         =         3.141593	     180.000000

	Current energy   :       -76.8505438974

	Energy change for the previous step:
		Projected    :        -0.0000494717
		Actual       :        -0.0000232721

	Performing BFGS update.
	Previous computed or guess Hessian on step 1.
	Steps to be used in Hessian update: 2 1
	Taking RFO optimization step.
	Going to follow RFO solution 1.
	Using RFO vector 1.
	Norm of target step-size    0.00042
	Projected energy change by RFO approximation:        -0.0000001977

	Back-transformation to cartesian coordinates...
	Successfully converged to displaced geometry.

	--- Internal Coordinate Step in ANG or DEG, aJ/ANG or AJ/DEG ---
	 ---------------------------------------------------------------------------
	   Coordinate                Previous        Force       Change         New 
	   ----------                --------       ------       ------       ------
	    1 R(1,2)          =      1.180409    -0.003926    -0.000215     1.180194
	    2 R(1,3)          =      1.053973     0.000206     0.000045     1.054019
	    3 R(2,4)          =      1.053973     0.000206     0.000045     1.054019
	    4 L(1,2,4)        =    180.000000     0.000000     0.000000   180.000000
	    5 l(1,2,4)        =    180.000000     0.000000     0.000000   180.000000
	    6 L(2,1,3)        =    180.000000     0.000000     0.000000   180.000000
	    7 l(2,1,3)        =    180.000000    -0.000000     0.000000   180.000000
	 ---------------------------------------------------------------------------
	Successfully symmetrized geometry.

  ==> Convergence Check <==

  Measures of convergence in internal coordinates in au.
  Criteria marked as inactive (o), active & met (*), and active & unmet ( ).
  ---------------------------------------------------------------------------------------------
   Step     Total Energy     Delta E     MAX Force     RMS Force      MAX Disp      RMS Disp   
  ---------------------------------------------------------------------------------------------
    Convergence Criteria    1.00e-06 *    3.00e-04 *             o    1.20e-03 *             o
  ---------------------------------------------------------------------------------------------
      3     -76.85054390   -2.33e-05      4.77e-04      1.81e-04 o    4.06e-04 *    1.60e-04 o  ~
  ---------------------------------------------------------------------------------------------

	Writing optimization data to binary file.
	Structure for next step:
	Cartesian Geometry (in Angstrom)
	    C    -0.5900972479  -0.0000000000   0.0000000000
	    C     0.5900972479   0.0000000000   0.0000000000
	    H    -1.6441157938  -0.0000000000   0.0000000000
	    H     1.6441157938   0.0000000000   0.0000000000
			--------------------------
			 OPTKING Finished Execution 
			--------------------------

    Structure for next step:
    Molecular point group: d2h
    Full point group: D_inf_h

    Geometry (in Angstrom), charge = 0, multiplicity = 1:

    C           -0.590097250200    -0.000000000000     0.000000000000
    C            0.590097250200     0.000000000000     0.000000000000
    H           -1.644115800224    -0.000000000000     0.000000000000
    H            1.644115800224     0.000000000000     0.000000000000

gradient() will perform analytic gradient computation.

*** tstart() called on wanukaka
*** at Thu Apr 14 13:13:06 2022

   => Loading Basis Set <=

    Name: CC-PVTZ
    Role: ORBITAL
    Keyword: BASIS
    atoms 1-2 entry C          line   186 file /home/sulstice/software/miniconda2/envs/qmpython2/share/psi4/basis/cc-pvtz.gbs 
    atoms 3-4 entry H          line    23 file /home/sulstice/software/miniconda2/envs/qmpython2/share/psi4/basis/cc-pvtz.gbs 


         ---------------------------------------------------------
                                   SCF
               by Justin Turney, Rob Parrish, Andy Simmonett
                          and Daniel G. A. Smith
                              RHF Reference
                       10 Threads,   7629 MiB Core
         ---------------------------------------------------------

  ==> Geometry <==

    Molecular point group: d2h
    Full point group: D_inf_h

    Geometry (in Angstrom), charge = 0, multiplicity = 1:

       Center              X                  Y                   Z               Mass       
    ------------   -----------------  -----------------  -----------------  -----------------
         C           -0.590097250200    -0.000000000000     0.000000000000    12.000000000000
         C            0.590097250200     0.000000000000     0.000000000000    12.000000000000
         H           -1.644115800224    -0.000000000000     0.000000000000     1.007825032230
         H            1.644115800224     0.000000000000     0.000000000000     1.007825032230

  Running in d2h symmetry.

  Rotational constants: A = ************  B =      1.22106  C =      1.22106 [cm^-1]
  Rotational constants: A = ************  B =  36606.56887  C =  36606.56887 [MHz]
  Nuclear repulsion =   25.169562083338985

  Charge       = 0
  Multiplicity = 1
  Electrons    = 14
  Nalpha       = 7
  Nbeta        = 7

  ==> Algorithm <==

  SCF Algorithm Type is DF.
  DIIS enabled.
  MOM disabled.
  Fractional occupation disabled.
  Guess Type is READ.
  Energy threshold   = 1.00e-08
  Density threshold  = 1.00e-08
  Integral threshold = 0.00e+00

  ==> Primary Basis <==

  Basis Set: CC-PVTZ
    Blend: CC-PVTZ
    Number of shells: 32
    Number of basis function: 88
    Number of Cartesian functions: 100
    Spherical Harmonics?: true
    Max angular momentum: 3

   => Loading Basis Set <=

    Name: (CC-PVTZ AUX)
    Role: JKFIT
    Keyword: DF_BASIS_SCF
    atoms 1-2 entry C          line   125 file /home/sulstice/software/miniconda2/envs/qmpython2/share/psi4/basis/cc-pvtz-jkfit.gbs 
    atoms 3-4 entry H          line    51 file /home/sulstice/software/miniconda2/envs/qmpython2/share/psi4/basis/cc-pvtz-jkfit.gbs 

   => Loading Basis Set <=

    Name: CC-PVTZ
    Role: ORBITAL
    Keyword: BASIS
    atoms 1-2 entry C          line   186 file /home/sulstice/software/miniconda2/envs/qmpython2/share/psi4/basis/cc-pvtz.gbs 
    atoms 3-4 entry H          line    23 file /home/sulstice/software/miniconda2/envs/qmpython2/share/psi4/basis/cc-pvtz.gbs 

  Reading orbitals from file 180, no projection.

  ==> Pre-Iterations <==

   -------------------------------------------------------
    Irrep   Nso     Nmo     Nalpha   Nbeta   Ndocc  Nsocc
   -------------------------------------------------------
     Ag        20      20       0       0       0       0
     B1g       10      10       0       0       0       0
     B2g       10      10       0       0       0       0
     B3g        4       4       0       0       0       0
     Au         4       4       0       0       0       0
     B1u       10      10       0       0       0       0
     B2u       10      10       0       0       0       0
     B3u       20      20       0       0       0       0
   -------------------------------------------------------
    Total      88      88       7       7       7       0
   -------------------------------------------------------

  ==> Integral Setup <==

  DFHelper Memory: AOs need 0.015 GiB; user supplied 5.588 GiB. Using in-core AOs.

  ==> MemDFJK: Density-Fitted J/K Matrices <==

    J tasked:                   Yes
    K tasked:                   Yes
    wK tasked:                   No
    OpenMP threads:              10
    Memory [MiB]:              5722
    Algorithm:                 Core
    Schwarz Cutoff:           1E-12
    Mask sparsity (%):       0.0517
    Fitting Condition:        1E-10

   => Auxiliary Basis Set <=

  Basis Set: (CC-PVTZ AUX)
    Blend: CC-PVTZ-JKFIT
    Number of shells: 70
    Number of basis function: 218
    Number of Cartesian functions: 262
    Spherical Harmonics?: true
    Max angular momentum: 4

  Minimum eigenvalue in the overlap matrix is 1.1486996898E-04.
  Using Symmetric Orthogonalization.

  SCF Guess: Orbitals guess was supplied from a previous computation.

  ==> Iterations <==

                           Total Energy        Delta E     RMS |[F,P]|

   @DF-RHF iter   0:   -76.85060555465776   -7.68506e+01   2.33175e-05 
   @DF-RHF iter   1:   -76.85054398201166    6.15726e-05   2.13489e-06 DIIS
   @DF-RHF iter   2:   -76.85054398538007   -3.36841e-09   9.17834e-07 DIIS
   @DF-RHF iter   3:   -76.85054398576921   -3.89136e-10   1.14360e-07 DIIS
   @DF-RHF iter   4:   -76.85054398578021   -1.09992e-11   1.82418e-08 DIIS
   @DF-RHF iter   5:   -76.85054398578063   -4.26326e-13   2.72757e-09 DIIS
  Energy and wave function converged.


  ==> Post-Iterations <==

    Orbital Energies [Eh]
    ---------------------

    Doubly Occupied:                                                      

       1Ag   -11.233629     1B3u  -11.229227     2Ag    -1.035426  
       2B3u   -0.765904     3Ag    -0.682934     1B1u   -0.414960  
       1B2u   -0.414960  

    Virtual:                                                              

       3B3u    0.152531     4Ag     0.171707     1B1g    0.182955  
       1B2g    0.182955     5Ag     0.307042     4B3u    0.421027  
       2B2u    0.432077     2B1u    0.432077     5B3u    0.509541  
       2B1g    0.577731     2B2g    0.577731     6Ag     0.607007  
       1B3g    0.773701     7Ag     0.773701     8Ag     0.788170  
       3B1u    0.810592     3B2u    0.810592     6B3u    0.960030  
       3B1g    1.079890     3B2g    1.079890     1Au     1.101447  
       7B3u    1.101447     8B3u    1.106907     9Ag     1.176317  
       4B2u    1.478573     4B1u    1.478573     9B3u    1.611220  
       4B1g    1.666160     4B2g    1.666160    10Ag     1.714067  
      10B3u    2.054707     5B2u    2.317174     5B1u    2.317174  
      11Ag     2.503453    11B3u    2.663844     2B3g    2.727301  
      12Ag     2.727301     5B1g    2.813215     5B2g    2.813215  
       6B1u    2.817865     6B2u    2.817865     7B1u    3.028128  
       7B2u    3.028128    13Ag     3.137656     6B1g    3.186025  
       6B2g    3.186025     3B3g    3.220363    14Ag     3.220363  
       7B2g    3.254774     7B1g    3.254774     2Au     3.300058  
      12B3u    3.300058    13B3u    3.302748    15Ag     3.311871  
       3Au     3.498954    14B3u    3.498954     8B1u    3.500761  
       8B2u    3.500761    15B3u    3.920437     4B3g    3.937183  
      16Ag     3.937183     8B1g    4.156870     8B2g    4.156870  
       9B2u    4.312328     9B1u    4.312328     4Au     4.566236  
      16B3u    4.566236    17Ag     4.577395    17B3u    4.861635  
       9B1g    4.973764     9B2g    4.973764    18Ag     5.254550  
      10B2u    5.908885    10B1u    5.908885    18B3u    6.215999  
      10B1g    6.343484    10B2g    6.343484    19B3u    6.444851  
      19Ag     7.004405    20Ag     9.713465    20B3u   17.397472  

    Final Occupation by Irrep:
             Ag   B1g   B2g   B3g    Au   B1u   B2u   B3u 
    DOCC [     3,    0,    0,    0,    0,    1,    1,    2 ]

  @DF-RHF Final Energy:   -76.85054398578063

   => Energetics <=

    Nuclear Repulsion Energy =             25.1695620833389846
    One-Electron Energy =                -152.4861294973418921
    Two-Electron Energy =                  50.4660234282222717
    Total Energy =                        -76.8505439857806323

Computation Completed


Properties will be evaluated at   0.000000,   0.000000,   0.000000 [a0]

Properties computed using the SCF density matrix

  Nuclear Dipole Moment: [e a0]
     X:     0.0000      Y:     0.0000      Z:     0.0000

  Electronic Dipole Moment: [e a0]
     X:     0.0000      Y:     0.0000      Z:     0.0000

  Dipole Moment: [e a0]
     X:     0.0000      Y:     0.0000      Z:     0.0000     Total:     0.0000

  Dipole Moment: [D]
     X:     0.0000      Y:     0.0000      Z:     0.0000     Total:     0.0000


*** tstop() called on wanukaka at Thu Apr 14 13:13:07 2022
Module time:
	user time   =       3.52 seconds =       0.06 minutes
	system time =       0.16 seconds =       0.00 minutes
	total time  =          1 seconds =       0.02 minutes
Total time:
	user time   =   18689.53 seconds =     311.49 minutes
	system time =     750.56 seconds =      12.51 minutes
	total time  =       2131 seconds =      35.52 minutes

*** tstart() called on wanukaka
*** at Thu Apr 14 13:13:07 2022


         ------------------------------------------------------------
                                   SCF GRAD                          
                          Rob Parrish, Justin Turney,                
                       Andy Simmonett, and Alex Sokolov              
         ------------------------------------------------------------

  ==> Geometry <==

    Molecular point group: d2h
    Full point group: D_inf_h

    Geometry (in Angstrom), charge = 0, multiplicity = 1:

       Center              X                  Y                   Z               Mass       
    ------------   -----------------  -----------------  -----------------  -----------------
         C           -0.590097250200    -0.000000000000     0.000000000000    12.000000000000
         C            0.590097250200     0.000000000000     0.000000000000    12.000000000000
         H           -1.644115800224    -0.000000000000     0.000000000000     1.007825032230
         H            1.644115800224     0.000000000000     0.000000000000     1.007825032230

  Nuclear repulsion =   25.169562083338985

  ==> Basis Set <==

  Basis Set: CC-PVTZ
    Blend: CC-PVTZ
    Number of shells: 32
    Number of basis function: 88
    Number of Cartesian functions: 100
    Spherical Harmonics?: true
    Max angular momentum: 3

  ==> DFJKGrad: Density-Fitted SCF Gradients <==

    Gradient:                    1
    J tasked:                  Yes
    K tasked:                  Yes
    wK tasked:                  No
    OpenMP threads:             10
    Integrals threads:          10
    Memory [MiB]:             5722
    Schwarz Cutoff:          0E+00
    Fitting Condition:       1E-10

   => Auxiliary Basis Set <=

  Basis Set: (CC-PVTZ AUX)
    Blend: CC-PVTZ-JKFIT
    Number of shells: 70
    Number of basis function: 218
    Number of Cartesian functions: 262
    Spherical Harmonics?: true
    Max angular momentum: 4


  -Total Gradient:
     Atom            X                  Y                   Z
    ------   -----------------  -----------------  -----------------
       1        0.000061310317     0.000000000000     0.000000000000
       2       -0.000061310317    -0.000000000000     0.000000000000
       3       -0.000016011434    -0.000000000000     0.000000000000
       4        0.000016011434     0.000000000000     0.000000000000


*** tstop() called on wanukaka at Thu Apr 14 13:13:08 2022
Module time:
	user time   =       6.88 seconds =       0.11 minutes
	system time =       0.32 seconds =       0.01 minutes
	total time  =          1 seconds =       0.02 minutes
Total time:
	user time   =   18696.42 seconds =     311.61 minutes
	system time =     750.88 seconds =      12.51 minutes
	total time  =       2132 seconds =      35.53 minutes

			-----------------------------------------
			 OPTKING 2.0: for geometry optimizations 
			  - R.A. King,  Bethel University        
			-----------------------------------------

	Previous internal coordinate definitions found.
	---Fragment 1 Geometry and Gradient---
	 C          -1.1151221903       -0.0000000000        0.0000000000
	 C           1.1151221903        0.0000000000        0.0000000000
	 H          -3.1069285810       -0.0000000000        0.0000000000
	 H           3.1069285810        0.0000000000        0.0000000000
	             0.0000613103        0.0000000000        0.0000000000
	            -0.0000613103       -0.0000000000        0.0000000000
	            -0.0000160114       -0.0000000000        0.0000000000
	             0.0000160114        0.0000000000        0.0000000000

	---Fragment 1 Intrafragment Coordinates---
	 - Coordinate -           - BOHR/RAD -       - ANG/DEG -
	 R(1,2)           =         2.230244	       1.180194
	 R(1,3)           =         1.991806	       1.054019
	 R(2,4)           =         1.991806	       1.054019
	 L(1,2,4)         =         3.141593	     180.000000
	 l(1,2,4)         =         3.141593	     180.000000
	 L(2,1,3)         =         3.141593	     180.000000
	 l(2,1,3)         =         3.141593	     180.000000

	Current energy   :       -76.8505439858

	Energy change for the previous step:
		Projected    :        -0.0000001977
		Actual       :        -0.0000000883

	Performing BFGS update.
	Previous computed or guess Hessian on step 1.
	Steps to be used in Hessian update: 3 2
	Taking RFO optimization step.
	Going to follow RFO solution 1.
	Using RFO vector 1.
	Norm of target step-size    0.00007
	Projected energy change by RFO approximation:        -0.0000000029

	Back-transformation to cartesian coordinates...
	Successfully converged to displaced geometry.

	--- Internal Coordinate Step in ANG or DEG, aJ/ANG or AJ/DEG ---
	 ---------------------------------------------------------------------------
	   Coordinate                Previous        Force       Change         New 
	   ----------                --------       ------       ------       ------
	    1 R(1,2)          =      1.180194     0.000373     0.000019     1.180214
	    2 R(1,3)          =      1.054019    -0.000132    -0.000021     1.053997
	    3 R(2,4)          =      1.054019    -0.000132    -0.000021     1.053997
	    4 L(1,2,4)        =    180.000000     0.000000     0.000000   180.000000
	    5 l(1,2,4)        =    180.000000    -0.000000     0.000000   180.000000
	    6 L(2,1,3)        =    180.000000     0.000000     0.000000   180.000000
	    7 l(2,1,3)        =    180.000000     0.000000     0.000000   180.000000
	 ---------------------------------------------------------------------------
	Successfully symmetrized geometry.

  ==> Convergence Check <==

  Measures of convergence in internal coordinates in au.
  Criteria marked as inactive (o), active & met (*), and active & unmet ( ).
  ---------------------------------------------------------------------------------------------
   Step     Total Energy     Delta E     MAX Force     RMS Force      MAX Disp      RMS Disp   
  ---------------------------------------------------------------------------------------------
    Convergence Criteria    1.00e-06 *    3.00e-04 *             o    1.20e-03 *             o
  ---------------------------------------------------------------------------------------------
      4     -76.85054399   -8.83e-08 *    4.53e-05 *    1.91e-05 o    3.99e-05 *    2.53e-05 o  ~
  ---------------------------------------------------------------------------------------------


  **** Optimization is complete! (in 4 steps) ****

  ==> Optimization Summary <==

  Measures of convergence in internal coordinates in au.
  --------------------------------------------------------------------------------------------------------------- ~
   Step         Total Energy             Delta E       MAX Force       RMS Force        MAX Disp        RMS Disp  ~
  --------------------------------------------------------------------------------------------------------------- ~
      1     -76.849446842195    -76.849446842195      0.04583876      0.01803314      0.04369182      0.02111563  ~
      2     -76.850520625316     -0.001073783121      0.00736113      0.00283464      0.00608492      0.00260953  ~
      3     -76.850543897438     -0.000023272122      0.00047655      0.00018062      0.00040588      0.00016009  ~
      4     -76.850543985781     -0.000000088342      0.00004530      0.00001914      0.00003987      0.00002527  ~
  --------------------------------------------------------------------------------------------------------------- ~

	Writing optimization data to binary file.
	Final energy is    -76.8505439857806
	Final (previous) structure:
	Cartesian Geometry (in Angstrom)
	    C    -0.5900972479  -0.0000000000   0.0000000000
	    C     0.5900972479   0.0000000000   0.0000000000
	    H    -1.6441157938  -0.0000000000   0.0000000000
	    H     1.6441157938   0.0000000000   0.0000000000
	Saving final (previous) structure.
			--------------------------
			 OPTKING Finished Execution 
			--------------------------

    Final optimized geometry and variables:
    Molecular point group: d2h
    Full point group: D_inf_h

    Geometry (in Angstrom), charge = 0, multiplicity = 1:

    C           -0.590097250200    -0.000000000000     0.000000000000
    C            0.590097250200     0.000000000000     0.000000000000
    H           -1.644115800224    -0.000000000000     0.000000000000
    H            1.644115800224     0.000000000000     0.000000000000

	Removing binary optimization data file.
	Cleaning optimization helper files.

*** tstart() called on wanukaka
*** at Thu Apr 14 13:13:08 2022

   => Loading Basis Set <=

    Name: CC-PVTZ
    Role: ORBITAL
    Keyword: BASIS
    atoms 1-2 entry C          line   186 file /home/sulstice/software/miniconda2/envs/qmpython2/share/psi4/basis/cc-pvtz.gbs 
    atoms 3-4 entry H          line    23 file /home/sulstice/software/miniconda2/envs/qmpython2/share/psi4/basis/cc-pvtz.gbs 


         ---------------------------------------------------------
                                   SCF
               by Justin Turney, Rob Parrish, Andy Simmonett
                          and Daniel G. A. Smith
                              RHF Reference
                       10 Threads,   7629 MiB Core
         ---------------------------------------------------------

  ==> Geometry <==

    Molecular point group: d2h
    Full point group: D_inf_h

    Geometry (in Angstrom), charge = 0, multiplicity = 1:

       Center              X                  Y                   Z               Mass       
    ------------   -----------------  -----------------  -----------------  -----------------
         C           -0.590097250200    -0.000000000000     0.000000000000    12.000000000000
         C            0.590097250200     0.000000000000     0.000000000000    12.000000000000
         H           -1.644115800224    -0.000000000000     0.000000000000     1.007825032230
         H            1.644115800224     0.000000000000     0.000000000000     1.007825032230

  Running in d2h symmetry.

  Rotational constants: A = ************  B =      1.22106  C =      1.22106 [cm^-1]
  Rotational constants: A = ************  B =  36606.56887  C =  36606.56887 [MHz]
  Nuclear repulsion =   25.169562083338985

  Charge       = 0
  Multiplicity = 1
  Electrons    = 14
  Nalpha       = 7
  Nbeta        = 7

  ==> Algorithm <==

  SCF Algorithm Type is DF.
  DIIS enabled.
  MOM disabled.
  Fractional occupation disabled.
  Guess Type is SAD.
  Energy threshold   = 1.00e-06
  Density threshold  = 1.00e-06
  Integral threshold = 0.00e+00

  ==> Primary Basis <==

  Basis Set: CC-PVTZ
    Blend: CC-PVTZ
    Number of shells: 32
    Number of basis function: 88
    Number of Cartesian functions: 100
    Spherical Harmonics?: true
    Max angular momentum: 3

   => Loading Basis Set <=

    Name: (CC-PVTZ AUX)
    Role: JKFIT
    Keyword: DF_BASIS_SCF
    atoms 1-2 entry C          line   125 file /home/sulstice/software/miniconda2/envs/qmpython2/share/psi4/basis/cc-pvtz-jkfit.gbs 
    atoms 3-4 entry H          line    51 file /home/sulstice/software/miniconda2/envs/qmpython2/share/psi4/basis/cc-pvtz-jkfit.gbs 

  ==> Pre-Iterations <==

   -------------------------------------------------------
    Irrep   Nso     Nmo     Nalpha   Nbeta   Ndocc  Nsocc
   -------------------------------------------------------
     Ag        20      20       0       0       0       0
     B1g       10      10       0       0       0       0
     B2g       10      10       0       0       0       0
     B3g        4       4       0       0       0       0
     Au         4       4       0       0       0       0
     B1u       10      10       0       0       0       0
     B2u       10      10       0       0       0       0
     B3u       20      20       0       0       0       0
   -------------------------------------------------------
    Total      88      88       7       7       7       0
   -------------------------------------------------------

  ==> Integral Setup <==

  DFHelper Memory: AOs need 0.015 GiB; user supplied 5.588 GiB. Using in-core AOs.

  ==> MemDFJK: Density-Fitted J/K Matrices <==

    J tasked:                   Yes
    K tasked:                   Yes
    wK tasked:                   No
    OpenMP threads:              10
    Memory [MiB]:              5722
    Algorithm:                 Core
    Schwarz Cutoff:           1E-12
    Mask sparsity (%):       0.0517
    Fitting Condition:        1E-10

   => Auxiliary Basis Set <=

  Basis Set: (CC-PVTZ AUX)
    Blend: CC-PVTZ-JKFIT
    Number of shells: 70
    Number of basis function: 218
    Number of Cartesian functions: 262
    Spherical Harmonics?: true
    Max angular momentum: 4

  Minimum eigenvalue in the overlap matrix is 1.1486996898E-04.
  Using Symmetric Orthogonalization.

  SCF Guess: Superposition of Atomic Densities via on-the-fly atomic UHF.

  ==> Iterations <==

                           Total Energy        Delta E     RMS |[F,P]|

   @DF-RHF iter SAD:   -75.96904423714230   -7.59690e+01   0.00000e+00 
   @DF-RHF iter   1:   -76.80452396530629   -8.35480e-01   8.77488e-03 DIIS
   @DF-RHF iter   2:   -76.84515961338778   -4.06356e-02   3.01278e-03 DIIS
   @DF-RHF iter   3:   -76.85040152311635   -5.24191e-03   3.38498e-04 DIIS
   @DF-RHF iter   4:   -76.85054184126096   -1.40318e-04   3.96713e-05 DIIS
   @DF-RHF iter   5:   -76.85054392559572   -2.08433e-06   6.72918e-06 DIIS
   @DF-RHF iter   6:   -76.85054398360261   -5.80069e-08   1.23936e-06 DIIS
   @DF-RHF iter   7:   -76.85054398573996   -2.13736e-09   1.63020e-07 DIIS
  Energy and wave function converged.


  ==> Post-Iterations <==

    Orbital Energies [Eh]
    ---------------------

    Doubly Occupied:                                                      

       1Ag   -11.233629     1B3u  -11.229227     2Ag    -1.035426  
       2B3u   -0.765904     3Ag    -0.682934     1B1u   -0.414960  
       1B2u   -0.414960  

    Virtual:                                                              

       3B3u    0.152531     4Ag     0.171707     1B1g    0.182955  
       1B2g    0.182955     5Ag     0.307042     4B3u    0.421027  
       2B2u    0.432077     2B1u    0.432077     5B3u    0.509541  
       2B1g    0.577731     2B2g    0.577731     6Ag     0.607007  
       1B3g    0.773701     7Ag     0.773701     8Ag     0.788170  
       3B1u    0.810592     3B2u    0.810592     6B3u    0.960030  
       3B1g    1.079890     3B2g    1.079890     1Au     1.101447  
       7B3u    1.101447     8B3u    1.106907     9Ag     1.176317  
       4B2u    1.478574     4B1u    1.478574     9B3u    1.611220  
       4B1g    1.666160     4B2g    1.666160    10Ag     1.714068  
      10B3u    2.054707     5B2u    2.317174     5B1u    2.317174  
      11Ag     2.503453    11B3u    2.663845     2B3g    2.727301  
      12Ag     2.727301     5B1g    2.813215     5B2g    2.813215  
       6B1u    2.817866     6B2u    2.817866     7B1u    3.028128  
       7B2u    3.028128    13Ag     3.137656     6B1g    3.186025  
       6B2g    3.186025     3B3g    3.220363    14Ag     3.220363  
       7B2g    3.254774     7B1g    3.254774     2Au     3.300059  
      12B3u    3.300059    13B3u    3.302748    15Ag     3.311871  
       3Au     3.498954    14B3u    3.498954     8B1u    3.500761  
       8B2u    3.500761    15B3u    3.920437     4B3g    3.937183  
      16Ag     3.937183     8B1g    4.156870     8B2g    4.156870  
       9B2u    4.312328     9B1u    4.312328     4Au     4.566236  
      16B3u    4.566236    17Ag     4.577395    17B3u    4.861635  
       9B1g    4.973764     9B2g    4.973764    18Ag     5.254550  
      10B2u    5.908885    10B1u    5.908885    18B3u    6.215999  
      10B1g    6.343484    10B2g    6.343484    19B3u    6.444851  
      19Ag     7.004405    20Ag     9.713465    20B3u   17.397472  

    Final Occupation by Irrep:
             Ag   B1g   B2g   B3g    Au   B1u   B2u   B3u 
    DOCC [     3,    0,    0,    0,    0,    1,    1,    2 ]

  @DF-RHF Final Energy:   -76.85054398573996

   => Energetics <=

    Nuclear Repulsion Energy =             25.1695620833389846
    One-Electron Energy =                -152.4861301757676699
    Two-Electron Energy =                  50.4660241066887210
    Total Energy =                        -76.8505439857399608

Computation Completed


Properties will be evaluated at   0.000000,   0.000000,   0.000000 [a0]

Properties computed using the SCF density matrix

  Nuclear Dipole Moment: [e a0]
     X:     0.0000      Y:     0.0000      Z:     0.0000

  Electronic Dipole Moment: [e a0]
     X:     0.0000      Y:     0.0000      Z:     0.0000

  Dipole Moment: [e a0]
     X:     0.0000      Y:     0.0000      Z:     0.0000     Total:     0.0000

  Dipole Moment: [D]
     X:     0.0000      Y:     0.0000      Z:     0.0000     Total:     0.0000


*** tstop() called on wanukaka at Thu Apr 14 13:13:08 2022
Module time:
	user time   =       5.89 seconds =       0.10 minutes
	system time =       0.24 seconds =       0.00 minutes
	total time  =          0 seconds =       0.00 minutes
Total time:
	user time   =   18702.40 seconds =     311.71 minutes
	system time =     751.12 seconds =      12.52 minutes
	total time  =       2132 seconds =      35.53 minutes
hessian() using ref_gradient to assess stationary point.

  Based on options and gradient (rms=2.59E-05), recommend projecting translations and projecting rotations.
hessian() will perform analytic frequency computation.

*** tstart() called on wanukaka
*** at Thu Apr 14 13:13:08 2022

   => Loading Basis Set <=

    Name: CC-PVTZ
    Role: ORBITAL
    Keyword: BASIS
    atoms 1-2 entry C          line   186 file /home/sulstice/software/miniconda2/envs/qmpython2/share/psi4/basis/cc-pvtz.gbs 
    atoms 3-4 entry H          line    23 file /home/sulstice/software/miniconda2/envs/qmpython2/share/psi4/basis/cc-pvtz.gbs 


         ---------------------------------------------------------
                                   SCF
               by Justin Turney, Rob Parrish, Andy Simmonett
                          and Daniel G. A. Smith
                              RHF Reference
                       10 Threads,   7629 MiB Core
         ---------------------------------------------------------

  ==> Geometry <==

    Molecular point group: d2h
    Full point group: D_inf_h

    Geometry (in Angstrom), charge = 0, multiplicity = 1:

       Center              X                  Y                   Z               Mass       
    ------------   -----------------  -----------------  -----------------  -----------------
         C           -0.590097250200    -0.000000000000     0.000000000000    12.000000000000
         C            0.590097250200     0.000000000000     0.000000000000    12.000000000000
         H           -1.644115800224    -0.000000000000     0.000000000000     1.007825032230
         H            1.644115800224     0.000000000000     0.000000000000     1.007825032230

  Running in d2h symmetry.

  Rotational constants: A = ************  B =      1.22106  C =      1.22106 [cm^-1]
  Rotational constants: A = ************  B =  36606.56887  C =  36606.56887 [MHz]
  Nuclear repulsion =   25.169562083338985

  Charge       = 0
  Multiplicity = 1
  Electrons    = 14
  Nalpha       = 7
  Nbeta        = 7

  ==> Algorithm <==

  SCF Algorithm Type is DF.
  DIIS enabled.
  MOM disabled.
  Fractional occupation disabled.
  Guess Type is SAD.
  Energy threshold   = 1.00e-08
  Density threshold  = 1.00e-08
  Integral threshold = 0.00e+00

  ==> Primary Basis <==

  Basis Set: CC-PVTZ
    Blend: CC-PVTZ
    Number of shells: 32
    Number of basis function: 88
    Number of Cartesian functions: 100
    Spherical Harmonics?: true
    Max angular momentum: 3

   => Loading Basis Set <=

    Name: (CC-PVTZ AUX)
    Role: JKFIT
    Keyword: DF_BASIS_SCF
    atoms 1-2 entry C          line   125 file /home/sulstice/software/miniconda2/envs/qmpython2/share/psi4/basis/cc-pvtz-jkfit.gbs 
    atoms 3-4 entry H          line    51 file /home/sulstice/software/miniconda2/envs/qmpython2/share/psi4/basis/cc-pvtz-jkfit.gbs 

  ==> Pre-Iterations <==

   -------------------------------------------------------
    Irrep   Nso     Nmo     Nalpha   Nbeta   Ndocc  Nsocc
   -------------------------------------------------------
     Ag        20      20       0       0       0       0
     B1g       10      10       0       0       0       0
     B2g       10      10       0       0       0       0
     B3g        4       4       0       0       0       0
     Au         4       4       0       0       0       0
     B1u       10      10       0       0       0       0
     B2u       10      10       0       0       0       0
     B3u       20      20       0       0       0       0
   -------------------------------------------------------
    Total      88      88       7       7       7       0
   -------------------------------------------------------

  ==> Integral Setup <==

  DFHelper Memory: AOs need 0.015 GiB; user supplied 5.588 GiB. Using in-core AOs.

  ==> MemDFJK: Density-Fitted J/K Matrices <==

    J tasked:                   Yes
    K tasked:                   Yes
    wK tasked:                   No
    OpenMP threads:              10
    Memory [MiB]:              5722
    Algorithm:                 Core
    Schwarz Cutoff:           1E-12
    Mask sparsity (%):       0.0517
    Fitting Condition:        1E-10

   => Auxiliary Basis Set <=

  Basis Set: (CC-PVTZ AUX)
    Blend: CC-PVTZ-JKFIT
    Number of shells: 70
    Number of basis function: 218
    Number of Cartesian functions: 262
    Spherical Harmonics?: true
    Max angular momentum: 4

  Minimum eigenvalue in the overlap matrix is 1.1486996898E-04.
  Using Symmetric Orthogonalization.

  SCF Guess: Superposition of Atomic Densities via on-the-fly atomic UHF.

  ==> Iterations <==

                           Total Energy        Delta E     RMS |[F,P]|

   @DF-RHF iter SAD:   -75.96904423714234   -7.59690e+01   0.00000e+00 
   @DF-RHF iter   1:   -76.80452396530634   -8.35480e-01   8.77488e-03 DIIS
   @DF-RHF iter   2:   -76.84515961338775   -4.06356e-02   3.01278e-03 DIIS
   @DF-RHF iter   3:   -76.85040152311643   -5.24191e-03   3.38498e-04 DIIS
   @DF-RHF iter   4:   -76.85054184126095   -1.40318e-04   3.96713e-05 DIIS
   @DF-RHF iter   5:   -76.85054392559576   -2.08433e-06   6.72918e-06 DIIS
   @DF-RHF iter   6:   -76.85054398360268   -5.80069e-08   1.23936e-06 DIIS
   @DF-RHF iter   7:   -76.85054398573993   -2.13726e-09   1.63020e-07 DIIS
   @DF-RHF iter   8:   -76.85054398578018   -4.02451e-11   1.63139e-08 DIIS
   @DF-RHF iter   9:   -76.85054398578069   -5.11591e-13   1.68339e-09 DIIS
  Energy and wave function converged.


  ==> Post-Iterations <==

    Orbital Energies [Eh]
    ---------------------

    Doubly Occupied:                                                      

       1Ag   -11.233629     1B3u  -11.229227     2Ag    -1.035426  
       2B3u   -0.765904     3Ag    -0.682934     1B1u   -0.414960  
       1B2u   -0.414960  

    Virtual:                                                              

       3B3u    0.152531     4Ag     0.171707     1B1g    0.182955  
       1B2g    0.182955     5Ag     0.307042     4B3u    0.421027  
       2B2u    0.432077     2B1u    0.432077     5B3u    0.509541  
       2B1g    0.577731     2B2g    0.577731     6Ag     0.607007  
       1B3g    0.773701     7Ag     0.773701     8Ag     0.788170  
       3B1u    0.810592     3B2u    0.810592     6B3u    0.960030  
       3B1g    1.079890     3B2g    1.079890     1Au     1.101447  
       7B3u    1.101447     8B3u    1.106907     9Ag     1.176317  
       4B2u    1.478573     4B1u    1.478573     9B3u    1.611220  
       4B1g    1.666160     4B2g    1.666160    10Ag     1.714067  
      10B3u    2.054707     5B2u    2.317174     5B1u    2.317174  
      11Ag     2.503453    11B3u    2.663844     2B3g    2.727301  
      12Ag     2.727301     5B1g    2.813215     5B2g    2.813215  
       6B1u    2.817865     6B2u    2.817865     7B1u    3.028128  
       7B2u    3.028128    13Ag     3.137656     6B1g    3.186025  
       6B2g    3.186025     3B3g    3.220363    14Ag     3.220363  
       7B2g    3.254774     7B1g    3.254774     2Au     3.300058  
      12B3u    3.300058    13B3u    3.302748    15Ag     3.311871  
       3Au     3.498954    14B3u    3.498954     8B1u    3.500761  
       8B2u    3.500761    15B3u    3.920437     4B3g    3.937183  
      16Ag     3.937183     8B1g    4.156870     8B2g    4.156870  
       9B2u    4.312328     9B1u    4.312328     4Au     4.566236  
      16B3u    4.566236    17Ag     4.577395    17B3u    4.861635  
       9B1g    4.973764     9B2g    4.973764    18Ag     5.254550  
      10B2u    5.908885    10B1u    5.908885    18B3u    6.215999  
      10B1g    6.343484    10B2g    6.343484    19B3u    6.444851  
      19Ag     7.004405    20Ag     9.713465    20B3u   17.397472  

    Final Occupation by Irrep:
             Ag   B1g   B2g   B3g    Au   B1u   B2u   B3u 
    DOCC [     3,    0,    0,    0,    0,    1,    1,    2 ]

  @DF-RHF Final Energy:   -76.85054398578069

   => Energetics <=

    Nuclear Repulsion Energy =             25.1695620833389846
    One-Electron Energy =                -152.4861294295466507
    Two-Electron Energy =                  50.4660233604269877
    Total Energy =                        -76.8505439857806749

Computation Completed


Properties will be evaluated at   0.000000,   0.000000,   0.000000 [a0]

Properties computed using the SCF density matrix

  Nuclear Dipole Moment: [e a0]
     X:     0.0000      Y:     0.0000      Z:     0.0000

  Electronic Dipole Moment: [e a0]
     X:     0.0000      Y:     0.0000      Z:     0.0000

  Dipole Moment: [e a0]
     X:     0.0000      Y:     0.0000      Z:     0.0000     Total:     0.0000

  Dipole Moment: [D]
     X:     0.0000      Y:     0.0000      Z:     0.0000     Total:     0.0000


*** tstop() called on wanukaka at Thu Apr 14 13:13:09 2022
Module time:
	user time   =       6.15 seconds =       0.10 minutes
	system time =       0.23 seconds =       0.00 minutes
	total time  =          1 seconds =       0.02 minutes
Total time:
	user time   =   18708.63 seconds =     311.81 minutes
	system time =     751.36 seconds =      12.52 minutes
	total time  =       2133 seconds =      35.55 minutes

*** tstart() called on wanukaka
*** at Thu Apr 14 13:13:09 2022


         ------------------------------------------------------------
                                   SCF HESS                          
                          Rob Parrish, Justin Turney,                
                       Andy Simmonett, and Alex Sokolov              
         ------------------------------------------------------------

  ==> Geometry <==

    Molecular point group: d2h
    Full point group: D_inf_h

    Geometry (in Angstrom), charge = 0, multiplicity = 1:

       Center              X                  Y                   Z               Mass       
    ------------   -----------------  -----------------  -----------------  -----------------
         C           -0.590097250200    -0.000000000000     0.000000000000    12.000000000000
         C            0.590097250200     0.000000000000     0.000000000000    12.000000000000
         H           -1.644115800224    -0.000000000000     0.000000000000     1.007825032230
         H            1.644115800224     0.000000000000     0.000000000000     1.007825032230

  Nuclear repulsion =   25.169562083338985

  ==> Basis Set <==

  Basis Set: CC-PVTZ
    Blend: CC-PVTZ
    Number of shells: 32
    Number of basis function: 88
    Number of Cartesian functions: 100
    Spherical Harmonics?: true
    Max angular momentum: 3

  ==> DFJKGrad: Density-Fitted SCF Gradients <==

    Gradient:                    2
    J tasked:                  Yes
    K tasked:                  Yes
    wK tasked:                  No
    OpenMP threads:             10
    Integrals threads:          10
    Memory [MiB]:             5722
    Schwarz Cutoff:          0E+00
    Fitting Condition:       1E-10

   => Auxiliary Basis Set <=

  Basis Set: (CC-PVTZ AUX)
    Blend: CC-PVTZ-JKFIT
    Number of shells: 70
    Number of basis function: 218
    Number of Cartesian functions: 262
    Spherical Harmonics?: true
    Max angular momentum: 4

  DFHelper Memory: AOs need 0.015 GiB; user supplied 6.706 GiB. Using in-core AOs.

  ==> MemDFJK: Density-Fitted J/K Matrices <==

    J tasked:                   Yes
    K tasked:                   Yes
    wK tasked:                   No
    OpenMP threads:              10
    Memory [MiB]:              6866
    Algorithm:                 Core
    Schwarz Cutoff:           1E-12
    Mask sparsity (%):       0.0517
    Fitting Condition:        1E-10

   => Auxiliary Basis Set <=

  Basis Set: (CC-PVTZ AUX)
    Blend: CC-PVTZ-JKFIT
    Number of shells: 70
    Number of basis function: 218
    Number of Cartesian functions: 262
    Spherical Harmonics?: true
    Max angular momentum: 4


         ------------------------------------------------------------
                                     CPHF                           
                                  Rob Parrish                       
         ------------------------------------------------------------

  ==> Geometry <==

    Molecular point group: d2h
    Full point group: D_inf_h

    Geometry (in Angstrom), charge = 0, multiplicity = 1:

       Center              X                  Y                   Z               Mass       
    ------------   -----------------  -----------------  -----------------  -----------------
         C           -0.590097250200    -0.000000000000     0.000000000000    12.000000000000
         C            0.590097250200     0.000000000000     0.000000000000    12.000000000000
         H           -1.644115800224    -0.000000000000     0.000000000000     1.007825032230
         H            1.644115800224     0.000000000000     0.000000000000     1.007825032230

  Nuclear repulsion =   25.169562083338985
  Reference energy  =  -76.850543985780689

  ==> Basis Set <==

  Basis Set: CC-PVTZ
    Blend: CC-PVTZ
    Number of shells: 32
    Number of basis function: 88
    Number of Cartesian functions: 100
    Spherical Harmonics?: true
    Max angular momentum: 3

  ==> CGRSolver (by Rob Parrish) <==

   Number of roots    =        12
   Preconditioning    =    JACOBI
   Convergence cutoff =     1E-06
   Maximum iterations =       100

  ==> CPHFRHamiltonian (by Rob Parrish) <== 

  ==> MemDFJK: Density-Fitted J/K Matrices <==

    J tasked:                   Yes
    K tasked:                   Yes
    wK tasked:                   No
    OpenMP threads:              10
    Memory [MiB]:              6866
    Algorithm:                 Core
    Schwarz Cutoff:           1E-12
    Mask sparsity (%):       0.0517
    Fitting Condition:        1E-10

   => Auxiliary Basis Set <=

  Basis Set: (CC-PVTZ AUX)
    Blend: CC-PVTZ-JKFIT
    Number of shells: 70
    Number of basis function: 218
    Number of Cartesian functions: 262
    Spherical Harmonics?: true
    Max angular momentum: 4

  ==> CPHF Iterations <==

  => Iterations <=

             Iter  Converged  Remaining    Residual
  CGR           1          0         12   8.240E-02
  CGR           2          0         12   2.738E-02
  CGR           3          0         12   4.662E-03
  CGR           4          0         12   7.189E-04
  CGR           5          0         12   1.221E-04
  CGR           6          0         12   1.679E-05
  CGR           7          4          8   1.766E-06
  CGR           8         12          0   2.810E-07

    CGRSolver converged.


*** tstop() called on wanukaka at Thu Apr 14 13:17:12 2022
Module time:
	user time   =    2310.63 seconds =      38.51 minutes
	system time =      67.45 seconds =       1.12 minutes
	total time  =        243 seconds =       4.05 minutes
Total time:
	user time   =   21019.27 seconds =     350.32 minutes
	system time =     818.81 seconds =      13.65 minutes
	total time  =       2376 seconds =      39.60 minutes


  ==> Harmonic Vibrational Analysis <==

  non-mass-weighted Hessian:       Symmetric? True   Hermitian? True   Lin Dep Dim?  0 (0)
  projection of translations (True) and rotations (True) removed 5 degrees of freedom (5)
  total projector:                 Symmetric? True   Hermitian? True   Lin Dep Dim?  5 (5)
  mass-weighted Hessian:           Symmetric? True   Hermitian? True   Lin Dep Dim?  0 (0)
  pre-proj  low-frequency mode:    0.0000i [cm^-1]
  pre-proj  low-frequency mode:    0.0000i [cm^-1]
  pre-proj  low-frequency mode:    0.0000i [cm^-1]
  pre-proj  low-frequency mode:    0.0017  [cm^-1]
  pre-proj  low-frequency mode:    0.0094  [cm^-1]
  pre-proj  all modes:['4.4718i' '4.4718i' '0.0261i' '0.0017' '0.0094' '807.8068' '807.8068'
 '868.9581' '868.9581' '2213.2990' '3554.7569' '3673.3400']
  projected mass-weighted Hessian: Symmetric? True   Hermitian? True   Lin Dep Dim?  5 (5)
  post-proj low-frequency mode:    0.0000i [cm^-1] (TR)
  post-proj low-frequency mode:    0.0000i [cm^-1] (TR)
  post-proj low-frequency mode:    0.0000  [cm^-1] (TR)
  post-proj low-frequency mode:    0.0000  [cm^-1] (TR)
  post-proj low-frequency mode:    0.0001  [cm^-1] (TR)
  post-proj  all modes:['0.0000i' '0.0000i' '0.0000' '0.0000' '0.0001' '807.8068' '807.8068'
 '868.9581' '868.9581' '2213.2990' '3554.7569' '3673.3400']

  Vibration                       6                   7                   8           
  Freq [cm^-1]                 807.8068            807.8068            868.9581       
  Irrep                          B2g                 B1g                 B2u          
  Reduced mass [u]              1.5785              1.5785              1.0848        
  Force const [mDyne/A]         0.6069              0.6069              0.4826        
  Turning point v=0 [a0]        0.3073              0.3073              0.3574        
  RMS dev v=0 [a0 u^1/2]        0.2730              0.2730              0.2632        
  IR activ [km/mol]             0.0000              0.0000             110.5617       
  Char temp [K]               1162.2542           1162.2542           1250.2373       
  ----------------------------------------------------------------------------------
      1   C                0.00  0.00 -0.16    0.00 -0.16 -0.00    0.00 -0.06  0.00   
      2   C               -0.00 -0.00  0.16    0.00  0.16  0.00    0.00 -0.06  0.00   
      3   H                0.00 -0.00  0.69    0.00  0.69  0.00    0.00  0.70 -0.00   
      4   H               -0.00  0.00 -0.69   -0.00 -0.69 -0.00   -0.00  0.70 -0.00   

  Vibration                       9                   10                  11          
  Freq [cm^-1]                 868.9581           2213.2990           3554.7569       
  Irrep                          B1u                  Ag                 B3u          
  Reduced mass [u]              1.0848              3.6567              1.0848        
  Force const [mDyne/A]         0.4826             10.5542              8.0766        
  Turning point v=0 [a0]        0.3574              0.1220              0.1767        
  RMS dev v=0 [a0 u^1/2]        0.2632              0.1649              0.1301        
  IR activ [km/mol]            110.5617             0.0000             94.7383        
  Char temp [K]               1250.2373           3184.4445           5114.5038       
  ----------------------------------------------------------------------------------
      1   C                0.00 -0.00 -0.06    0.35  0.00  0.00   -0.06 -0.00  0.00   
      2   C               -0.00 -0.00 -0.06   -0.35 -0.00 -0.00   -0.06  0.00 -0.00   
      3   H                0.00  0.00  0.70    0.62 -0.00 -0.00    0.70  0.00 -0.00   
      4   H               -0.00  0.00  0.70   -0.62  0.00 -0.00    0.70 -0.00 -0.00   

  Vibration                       12          
  Freq [cm^-1]                3673.3400       
  Irrep                           Ag          
  Reduced mass [u]              1.2467        
  Force const [mDyne/A]         9.9116        
  Turning point v=0 [a0]        0.1621        
  RMS dev v=0 [a0 u^1/2]        0.1280        
  IR activ [km/mol]             0.0000        
  Char temp [K]               5285.1184       
  ----------------------------------------------------------------------------------
      1   C               -0.10 -0.00  0.00   
      2   C                0.10 -0.00 -0.00   
      3   H                0.70 -0.00 -0.00   
      4   H               -0.70  0.00 -0.00   

  ==> Thermochemistry Components <==

  Entropy, S
    Electronic S            0.000 [cal/(mol K)]        0.000 [J/(mol K)]       0.00000000 [mEh/K] (multiplicity = 1)
    Translational S        35.704 [cal/(mol K)]      149.387 [J/(mol K)]       0.05689862 [mEh/K] (mol. weight = 26.0157 [u], P = 101325.00 [Pa])
    Rotational S           10.812 [cal/(mol K)]       45.238 [J/(mol K)]       0.01723041 [mEh/K] (symmetry no. = 2)
    Vibrational S           0.719 [cal/(mol K)]        3.006 [J/(mol K)]       0.00114505 [mEh/K]
  Total S                  47.235 [cal/(mol K)]      197.632 [J/(mol K)]       0.07527407 [mEh/K]
  Correction S              0.000 [cal/(mol K)]        0.000 [J/(mol K)]       0.00000000 [mEh/K]

  Constant volume heat capacity, Cv
    Electronic Cv           0.000 [cal/(mol K)]        0.000 [J/(mol K)]       0.00000000 [mEh/K]
    Translational Cv        2.981 [cal/(mol K)]       12.472 [J/(mol K)]       0.00475022 [mEh/K]
    Rotational Cv           1.987 [cal/(mol K)]        8.314 [J/(mol K)]       0.00316681 [mEh/K]
    Vibrational Cv          2.369 [cal/(mol K)]        9.911 [J/(mol K)]       0.00377485 [mEh/K]
  Total Cv                  7.337 [cal/(mol K)]       30.697 [J/(mol K)]       0.01169188 [mEh/K]
  Correction Cv             0.000 [cal/(mol K)]        0.000 [J/(mol K)]       0.00000000 [mEh/K]

  Constant pressure heat capacity, Cp
    Electronic Cp           0.000 [cal/(mol K)]        0.000 [J/(mol K)]       0.00000000 [mEh/K]
    Translational Cp        4.968 [cal/(mol K)]       20.786 [J/(mol K)]       0.00791703 [mEh/K]
    Rotational Cp           1.987 [cal/(mol K)]        8.314 [J/(mol K)]       0.00316681 [mEh/K]
    Vibrational Cp          2.369 [cal/(mol K)]        9.911 [J/(mol K)]       0.00377485 [mEh/K]
  Total Cp                  9.324 [cal/(mol K)]       39.011 [J/(mol K)]       0.01485869 [mEh/K]
  Correction Cp             0.000 [cal/(mol K)]        0.000 [J/(mol K)]       0.00000000 [mEh/K]

  ==> Thermochemistry Energy Analysis <==

  Raw electronic energy, E0
  Total E0, Electronic energy at well bottom at 0 [K]                  -76.85054399 [Eh]

  Zero-point energy, ZPE_vib = Sum_i nu_i / 2
    Electronic ZPE          0.000 [kcal/mol]        0.000 [kJ/mol]       0.00000000 [Eh]
    Translational ZPE       0.000 [kcal/mol]        0.000 [kJ/mol]       0.00000000 [Eh]
    Rotational ZPE          0.000 [kcal/mol]        0.000 [kJ/mol]       0.00000000 [Eh]
    Vibrational ZPE        18.291 [kcal/mol]       76.531 [kJ/mol]       0.02914899 [Eh]        6397.463 [cm^-1]
  Correction ZPE           18.291 [kcal/mol]       76.531 [kJ/mol]       0.02914899 [Eh]        6397.463 [cm^-1]
  Total ZPE, Electronic energy at 0 [K]                                -76.82139500 [Eh]

  Thermal Energy, E (includes ZPE)
    Electronic E            0.000 [kcal/mol]        0.000 [kJ/mol]       0.00000000 [Eh]
    Translational E         0.889 [kcal/mol]        3.718 [kJ/mol]       0.00141628 [Eh]
    Rotational E            0.592 [kcal/mol]        2.479 [kJ/mol]       0.00094418 [Eh]
    Vibrational E          18.463 [kcal/mol]       77.250 [kJ/mol]       0.02942295 [Eh]
  Correction E             19.944 [kcal/mol]       83.447 [kJ/mol]       0.03178341 [Eh]
  Total E, Electronic energy at  298.15 [K]                            -76.81876057 [Eh]

  Enthalpy, H_trans = E_trans + k_B * T
    Electronic H            0.000 [kcal/mol]        0.000 [kJ/mol]       0.00000000 [Eh]
    Translational H         1.481 [kcal/mol]        6.197 [kJ/mol]       0.00236046 [Eh]
    Rotational H            0.592 [kcal/mol]        2.479 [kJ/mol]       0.00094418 [Eh]
    Vibrational H          18.463 [kcal/mol]       77.250 [kJ/mol]       0.02942295 [Eh]
  Correction H             20.537 [kcal/mol]       85.926 [kJ/mol]       0.03272760 [Eh]
  Total H, Enthalpy at  298.15 [K]                                     -76.81781639 [Eh]

  Gibbs free energy, G = H - T * S
    Electronic G            0.000 [kcal/mol]        0.000 [kJ/mol]       0.00000000 [Eh]
    Translational G        -9.164 [kcal/mol]      -38.342 [kJ/mol]      -0.01460386 [Eh]
    Rotational G           -2.631 [kcal/mol]      -11.009 [kJ/mol]      -0.00419306 [Eh]
    Vibrational G          18.249 [kcal/mol]       76.354 [kJ/mol]       0.02908155 [Eh]
  Correction G              6.454 [kcal/mol]       27.002 [kJ/mol]       0.01028463 [Eh]
  Total G, Free enthalpy at  298.15 [K]                                -76.84025935 [Eh]
