gradient() will perform analytic gradient computation.

*** tstart() called on wanukaka
*** at Thu Apr 21 15:05:05 2022

   => Loading Basis Set <=

    Name: 6-31++G(D,P)
    Role: ORBITAL
    Keyword: BASIS
    atoms 1-6  entry C          line   115 file /home/sulstice/software/miniconda2/envs/qmpython2/share/psi4/basis/6-31ppg_d_p_.gbs 
    atoms 7-12 entry H          line    46 file /home/sulstice/software/miniconda2/envs/qmpython2/share/psi4/basis/6-31ppg_d_p_.gbs 


         ---------------------------------------------------------
                                   SCF
               by Justin Turney, Rob Parrish, Andy Simmonett
                          and Daniel G. A. Smith
                              RHF Reference
                       12 Threads,   7629 MiB Core
         ---------------------------------------------------------

  ==> Geometry <==

    Molecular point group: c1
    Full point group: C1

    Geometry (in Angstrom), charge = 0, multiplicity = 1:

       Center              X                  Y                   Z               Mass       
    ------------   -----------------  -----------------  -----------------  -----------------
         C           -0.762035129131     1.168403333333    -0.000521537536    12.000000000000
         C            0.630834870869     1.243953333333    -0.001191537536    12.000000000000
         C            1.392704870869     0.075793333333     0.000398462464    12.000000000000
         C            0.762034870869    -1.168396666667     0.002718462464    12.000000000000
         C           -0.630835129131    -1.243956666667     0.000128462464    12.000000000000
         C           -1.392705129131    -0.075796666667    -0.001531537536    12.000000000000
         H           -1.355605129131     2.078513333333     0.000518462464     1.007825032230
         H            1.122274870869     2.213303333333    -0.002821537536     1.007825032230
         H            2.477914870869     0.134733333333    -0.000041537536     1.007825032230
         H            1.355604870869    -2.078506666667     0.006288462464     1.007825032230
         H           -1.122265129131    -2.213306666667    -0.000481537536     1.007825032230
         H           -2.477915129131    -0.134736666667    -0.003471537536     1.007825032230

  Running in c1 symmetry.

  Rotational constants: A =      0.19014  B =      0.19014  C =      0.09507 [cm^-1]
  Rotational constants: A =   5700.40336  B =   5700.20496  C =   2850.15460 [MHz]
  Nuclear repulsion =  203.416220078318048

  Charge       = 0
  Multiplicity = 1
  Electrons    = 42
  Nalpha       = 21
  Nbeta        = 21

  ==> Algorithm <==

  SCF Algorithm Type is DF.
  DIIS enabled.
  MOM disabled.
  Fractional occupation disabled.
  Guess Type is SAD.
  Energy threshold   = 1.00e-08
  Density threshold  = 1.00e-08
  Integral threshold = 0.00e+00

  ==> Primary Basis <==

  Basis Set: 6-31++G(D,P)
    Blend: 6-31++G(D,P)
    Number of shells: 72
    Number of basis function: 150
    Number of Cartesian functions: 150
    Spherical Harmonics?: false
    Max angular momentum: 2

   => Loading Basis Set <=

    Name: (6-31++G(D,P) AUX)
    Role: JKFIT
    Keyword: DF_BASIS_SCF
    atoms 1-6  entry C          line   154 file /home/sulstice/software/miniconda2/envs/qmpython2/share/psi4/basis/aug-cc-pvdz-jkfit.gbs 
    atoms 7-12 entry H          line    70 file /home/sulstice/software/miniconda2/envs/qmpython2/share/psi4/basis/aug-cc-pvdz-jkfit.gbs 

  ==> Pre-Iterations <==

   -------------------------------------------------------
    Irrep   Nso     Nmo     Nalpha   Nbeta   Ndocc  Nsocc
   -------------------------------------------------------
     A        150     150       0       0       0       0
   -------------------------------------------------------
    Total     150     150      21      21      21       0
   -------------------------------------------------------

  ==> Integral Setup <==

  DFHelper Memory: AOs need 0.147 GiB; user supplied 5.588 GiB. Using in-core AOs.

  ==> MemDFJK: Density-Fitted J/K Matrices <==

    J tasked:                   Yes
    K tasked:                   Yes
    wK tasked:                   No
    OpenMP threads:              12
    Memory [MiB]:              5722
    Algorithm:                 Core
    Schwarz Cutoff:           1E-12
    Mask sparsity (%):       1.5200
    Fitting Condition:        1E-10

   => Auxiliary Basis Set <=

  Basis Set: (6-31++G(D,P) AUX)
    Blend: AUG-CC-PVDZ-JKFIT
    Number of shells: 240
    Number of basis function: 816
    Number of Cartesian functions: 816
    Spherical Harmonics?: false
    Max angular momentum: 3

  Minimum eigenvalue in the overlap matrix is 1.4879226872E-06.
  Using Symmetric Orthogonalization.

  SCF Guess: Superposition of Atomic Densities via on-the-fly atomic UHF.

  ==> Iterations <==

                           Total Energy        Delta E     RMS |[F,P]|

   @DF-RHF iter SAD:  -230.07404003988358   -2.30074e+02   0.00000e+00 
   @DF-RHF iter   1:  -230.54620682046021   -4.72167e-01   3.46786e-03 DIIS
   @DF-RHF iter   2:  -230.68980357307919   -1.43597e-01   1.61238e-03 DIIS
   @DF-RHF iter   3:  -230.71958021488481   -2.97766e-02   2.43869e-04 DIIS
   @DF-RHF iter   4:  -230.72078378833601   -1.20357e-03   2.42230e-05 DIIS
   @DF-RHF iter   5:  -230.72079804300432   -1.42547e-05   4.70958e-06 DIIS
   @DF-RHF iter   6:  -230.72079859773334   -5.54729e-07   4.67833e-07 DIIS
   @DF-RHF iter   7:  -230.72079860348276   -5.74943e-09   6.00823e-08 DIIS
   @DF-RHF iter   8:  -230.72079860354910   -6.63363e-11   2.28456e-08 DIIS
   @DF-RHF iter   9:  -230.72079860355583   -6.73595e-12   2.88886e-09 DIIS
  Energy and wave function converged.


  ==> Post-Iterations <==

    Orbital Energies [Eh]
    ---------------------

    Doubly Occupied:                                                      

       1A    -11.242785     2A    -11.242225     3A    -11.242220  
       4A    -11.241021     5A    -11.241014     6A    -11.240435  
       7A     -1.152160     8A     -1.016387     9A     -1.016344  
      10A     -0.824747    11A     -0.824643    12A     -0.709142  
      13A     -0.643471    14A     -0.619787    15A     -0.588393  
      16A     -0.588367    17A     -0.500829    18A     -0.495225  
      19A     -0.495048    20A     -0.336300    21A     -0.336228  

    Virtual:                                                              

      22A      0.042792    23A      0.051878    24A      0.051880  
      25A      0.069957    26A      0.069958    27A      0.091962  
      28A      0.109570    29A      0.109634    30A      0.137570  
      31A      0.159183    32A      0.159187    33A      0.165619  
      34A      0.172424    35A      0.184718    36A      0.184723  
      37A      0.202783    38A      0.202784    39A      0.204819  
      40A      0.210596    41A      0.226738    42A      0.226781  
      43A      0.227031    44A      0.227155    45A      0.227161  
      46A      0.241349    47A      0.241353    48A      0.252976  
      49A      0.252983    50A      0.305262    51A      0.305586  
      52A      0.305601    53A      0.361744    54A      0.377763  
      55A      0.382076    56A      0.445600    57A      0.445718  
      58A      0.482773    59A      0.482783    60A      0.493872  
      61A      0.544587    62A      0.544639    63A      0.566785  
      64A      0.566876    65A      0.752537    66A      0.786358  
      67A      0.863359    68A      0.874160    69A      0.891386  
      70A      0.950805    71A      0.950845    72A      0.967535  
      73A      0.967663    74A      0.992445    75A      0.992475  
      76A      1.020271    77A      1.020356    78A      1.049963  
      79A      1.082845    80A      1.214155    81A      1.230823  
      82A      1.230976    83A      1.235795    84A      1.235797  
      85A      1.260523    86A      1.271092    87A      1.319425  
      88A      1.319485    89A      1.384072    90A      1.384087  
      91A      1.400116    92A      1.400157    93A      1.509989  
      94A      1.556765    95A      1.572135    96A      1.671667  
      97A      1.671713    98A      1.695175    99A      1.695261  
     100A      1.697365   101A      1.697473   102A      2.038067  
     103A      2.086333   104A      2.164235   105A      2.187901  
     106A      2.283105   107A      2.283251   108A      2.285697  
     109A      2.285746   110A      2.317500   111A      2.317649  
     112A      2.327844   113A      2.389023   114A      2.389124  
     115A      2.620499   116A      2.620780   117A      2.677004  
     118A      2.710112   119A      2.710300   120A      2.719682  
     121A      2.724300   122A      2.724606   123A      2.801130  
     124A      2.801214   125A      2.855081   126A      2.855234  
     127A      2.919897   128A      2.919970   129A      2.932964  
     130A      2.959931   131A      2.995209   132A      3.101026  
     133A      3.171030   134A      3.171087   135A      3.411588  
     136A      3.411674   137A      3.536407   138A      3.621005  
     139A      3.662539   140A      3.662856   141A      3.759542  
     142A      3.925594   143A      3.925741   144A      4.361202  
     145A      4.707390   146A      4.713949   147A      4.714005  
     148A      4.913332   149A      4.913344   150A      5.283733  

    Final Occupation by Irrep:
              A 
    DOCC [    21 ]

  @DF-RHF Final Energy:  -230.72079860355583

   => Energetics <=

    Nuclear Repulsion Energy =            203.4162200783180481
    One-Electron Energy =                -713.0804969605555925
    Two-Electron Energy =                 278.9434782786817664
    Total Energy =                       -230.7207986035558065

Computation Completed


Properties will be evaluated at   0.000000,   0.000000,   0.000000 [a0]

Properties computed using the SCF density matrix

  Nuclear Dipole Moment: [e a0]
     X:     0.0000      Y:     0.0000      Z:    -0.0000

  Electronic Dipole Moment: [e a0]
     X:    -0.0000      Y:    -0.0000      Z:     0.0000

  Dipole Moment: [e a0]
     X:     0.0000      Y:    -0.0000      Z:    -0.0000     Total:     0.0000

  Dipole Moment: [D]
     X:     0.0000      Y:    -0.0000      Z:    -0.0000     Total:     0.0000


*** tstop() called on wanukaka at Thu Apr 21 15:05:07 2022
Module time:
	user time   =      18.08 seconds =       0.30 minutes
	system time =       0.62 seconds =       0.01 minutes
	total time  =          2 seconds =       0.03 minutes
Total time:
	user time   =     191.65 seconds =       3.19 minutes
	system time =       8.33 seconds =       0.14 minutes
	total time  =         26 seconds =       0.43 minutes

*** tstart() called on wanukaka
*** at Thu Apr 21 15:05:07 2022


         ------------------------------------------------------------
                                   SCF GRAD                          
                          Rob Parrish, Justin Turney,                
                       Andy Simmonett, and Alex Sokolov              
         ------------------------------------------------------------

  ==> Geometry <==

    Molecular point group: c1
    Full point group: C1

    Geometry (in Angstrom), charge = 0, multiplicity = 1:

       Center              X                  Y                   Z               Mass       
    ------------   -----------------  -----------------  -----------------  -----------------
         C           -0.762035129131     1.168403333333    -0.000521537536    12.000000000000
         C            0.630834870869     1.243953333333    -0.001191537536    12.000000000000
         C            1.392704870869     0.075793333333     0.000398462464    12.000000000000
         C            0.762034870869    -1.168396666667     0.002718462464    12.000000000000
         C           -0.630835129131    -1.243956666667     0.000128462464    12.000000000000
         C           -1.392705129131    -0.075796666667    -0.001531537536    12.000000000000
         H           -1.355605129131     2.078513333333     0.000518462464     1.007825032230
         H            1.122274870869     2.213303333333    -0.002821537536     1.007825032230
         H            2.477914870869     0.134733333333    -0.000041537536     1.007825032230
         H            1.355604870869    -2.078506666667     0.006288462464     1.007825032230
         H           -1.122265129131    -2.213306666667    -0.000481537536     1.007825032230
         H           -2.477915129131    -0.134736666667    -0.003471537536     1.007825032230

  Nuclear repulsion =  203.416220078318048

  ==> Basis Set <==

  Basis Set: 6-31++G(D,P)
    Blend: 6-31++G(D,P)
    Number of shells: 72
    Number of basis function: 150
    Number of Cartesian functions: 150
    Spherical Harmonics?: false
    Max angular momentum: 2

  ==> DFJKGrad: Density-Fitted SCF Gradients <==

    Gradient:                    1
    J tasked:                  Yes
    K tasked:                  Yes
    wK tasked:                  No
    OpenMP threads:             12
    Integrals threads:          12
    Memory [MiB]:             5722
    Schwarz Cutoff:          0E+00
    Fitting Condition:       1E-10

   => Auxiliary Basis Set <=

  Basis Set: (6-31++G(D,P) AUX)
    Blend: AUG-CC-PVDZ-JKFIT
    Number of shells: 240
    Number of basis function: 816
    Number of Cartesian functions: 816
    Spherical Harmonics?: false
    Max angular momentum: 3


  -Total Gradient:
     Atom            X                  Y                   Z
    ------   -----------------  -----------------  -----------------
       1        0.000195349613    -0.000309542245     0.000084279873
       2       -0.000137198548    -0.000776973297    -0.000040331249
       3       -0.000771704489     0.000177315388    -0.000042163340
       4       -0.000193954384     0.000319513824     0.000080917749
       5        0.000134904050     0.000771009582    -0.000038794474
       6        0.000770842050    -0.000178959190    -0.000042986638
       7       -0.004398053084     0.006743295791     0.000103312530
       8        0.003698372000     0.007328669455    -0.000058637367
       9        0.008197639402     0.000429675799    -0.000052717079
      10        0.004399419309    -0.006747034039     0.000122331584
      11       -0.003696467666    -0.007326355093    -0.000051288204
      12       -0.008199148252    -0.000430615976    -0.000063923385


*** tstop() called on wanukaka at Thu Apr 21 15:05:08 2022
Module time:
	user time   =      16.05 seconds =       0.27 minutes
	system time =       0.56 seconds =       0.01 minutes
	total time  =          1 seconds =       0.02 minutes
Total time:
	user time   =     207.72 seconds =       3.46 minutes
	system time =       8.89 seconds =       0.15 minutes
	total time  =         27 seconds =       0.45 minutes

			-----------------------------------------
			 OPTKING 2.0: for geometry optimizations 
			  - R.A. King,  Bethel University        
			-----------------------------------------

	Internal coordinates to be generated automatically.
	Detected frag 1 with atoms:  1 2 3 4 5 6 7 8 9 10 11 12
	---Fragment 1 Bond Connectivity---
	 1 : 2 6 7
	 2 : 1 3 8
	 3 : 2 4 9
	 4 : 3 5 10
	 5 : 4 6 11
	 6 : 1 5 12
	 7 : 1
	 8 : 2
	 9 : 3
	 10 : 4
	 11 : 5
	 12 : 6

	---Fragment 1 Geometry and Gradient---
	 C          -1.4400376920        2.2079623041       -0.0009855631
	 C           1.1921051363        2.3507311129       -0.0022516796
	 C           2.6318307795        0.1432286421        0.0007529849
	 C           1.4400372040       -2.2079497059        0.0051371495
	 C          -1.1921056244       -2.3507374119        0.0002427589
	 C          -2.6318312676       -0.1432349412       -0.0028941865
	 H          -2.5617224283        3.9278209481        0.0009797521
	 H           2.1207921434        4.1825371326       -0.0053319332
	 H           4.6825804681        0.2546091000       -0.0000784946
	 H           2.5617219403       -3.9278083499        0.0118834718
	 H          -2.1207737342       -4.1825434316       -0.0009099741
	 H          -4.6825809562       -0.2546153991       -0.0065602552
	             0.0001953496       -0.0003095422        0.0000842799
	            -0.0001371985       -0.0007769733       -0.0000403312
	            -0.0007717045        0.0001773154       -0.0000421633
	            -0.0001939544        0.0003195138        0.0000809177
	             0.0001349041        0.0007710096       -0.0000387945
	             0.0007708420       -0.0001789592       -0.0000429866
	            -0.0043980531        0.0067432958        0.0001033125
	             0.0036983720        0.0073286695       -0.0000586374
	             0.0081976394        0.0004296758       -0.0000527171
	             0.0043994193       -0.0067470340        0.0001223316
	            -0.0036964677       -0.0073263551       -0.0000512882
	            -0.0081991483       -0.0004306160       -0.0000639234

	Previous optimization step data not found.  Starting new optimization.

	---Fragment 1 Intrafragment Coordinates---
	 - Coordinate -           - BOHR/RAD -       - ANG/DEG -
	 R(1,2)           =         2.636012	       1.394918
	 R(1,6)           =         2.636002	       1.394912
	 R(1,7)           =         2.053313	       1.086566
	 R(2,3)           =         2.635505	       1.394649
	 R(2,8)           =         2.053773	       1.086810
	 R(3,4)           =         2.635988	       1.394905
	 R(3,9)           =         2.053772	       1.086809
	 R(4,5)           =         2.636017	       1.394920
	 R(4,10)          =         2.053323	       1.086572
	 R(5,6)           =         2.635505	       1.394649
	 R(5,11)          =         2.053762	       1.086804
	 R(6,12)          =         2.053775	       1.086811
	 B(1,2,3)         =         2.094526	     120.007482
	 B(1,2,8)         =         2.094199	     119.988764
	 B(1,6,5)         =         2.094530	     120.007755
	 B(1,6,12)        =         2.094198	     119.988723
	 B(2,1,6)         =         2.094126	     119.984577
	 B(2,1,7)         =         2.094526	     120.007526
	 B(2,3,4)         =         2.094530	     120.007717
	 B(2,3,9)         =         2.094454	     120.003402
	 B(3,2,8)         =         2.094461	     120.003753
	 B(3,4,5)         =         2.094132	     119.984901
	 B(3,4,10)        =         2.094532	     120.007825
	 B(4,3,9)         =         2.094201	     119.988881
	 B(4,5,6)         =         2.094521	     120.007199
	 B(4,5,11)        =         2.094198	     119.988704
	 B(5,4,10)        =         2.094522	     120.007272
	 B(5,6,12)        =         2.094457	     120.003521
	 B(6,1,7)         =         2.094533	     120.007895
	 B(6,5,11)        =         2.094467	     120.004096
	 D(1,2,3,4)       =        -0.000049	      -0.002815
	 D(1,2,3,9)       =        -3.141505	    -179.995000
	 D(1,6,5,4)       =        -0.000067	      -0.003828
	 D(1,6,5,11)      =         3.141405	     179.989222
	 D(2,1,6,5)       =         0.002765	       0.158422
	 D(2,1,6,12)      =        -3.138977	    -179.850148
	 D(2,3,4,5)       =         0.002747	       0.157410
	 D(2,3,4,10)      =        -3.139115	    -179.858044
	 D(3,2,1,6)       =        -0.002707	      -0.155101
	 D(3,2,1,7)       =         3.139171	     179.861239
	 D(3,4,5,6)       =        -0.002689	      -0.154088
	 D(3,4,5,11)      =         3.139025	     179.852860
	 D(4,3,2,8)       =         3.141404	     179.989191
	 D(4,5,6,12)      =        -3.141510	    -179.995258
	 D(5,4,3,9)       =        -3.138982	    -179.850404
	 D(5,6,1,7)       =        -3.139113	    -179.857918
	 D(6,1,2,8)       =         3.139025	     179.852892
	 D(6,5,4,10)      =         3.139173	     179.861366
	 D(7,1,2,8)       =        -0.002282	      -0.130769
	 D(7,1,6,12)      =         0.002330	       0.133513
	 D(8,2,3,9)       =        -0.000052	      -0.002993
	 D(9,3,4,10)      =         0.002341	       0.134142
	 D(10,4,5,11)     =        -0.002298	      -0.131686
	 D(11,5,6,12)     =        -0.000039	      -0.002207

	Current energy   :      -230.7207986036

	Generating empirical Hessian (Schlegel '84) for each fragment.
	Taking RFO optimization step.
	Going to follow RFO solution 1.
	Using RFO vector 1.
	Norm of target step-size    0.06990
	Projected energy change by RFO approximation:        -0.0019399584

	Back-transformation to cartesian coordinates...
	Successfully converged to displaced geometry.

	--- Internal Coordinate Step in ANG or DEG, aJ/ANG or AJ/DEG ---
	 ---------------------------------------------------------------------------
	   Coordinate                Previous        Force       Change         New 
	   ----------                --------       ------       ------       ------
	    1 R(1,2)          =      1.394918    -0.062652    -0.008625     1.386293
	    2 R(1,6)          =      1.394912    -0.062599    -0.008617     1.386295
	    3 R(1,7)          =      1.086566    -0.066329    -0.012035     1.074531
	    4 R(2,3)          =      1.394649    -0.060855    -0.008369     1.386280
	    5 R(2,8)          =      1.086810    -0.067632    -0.012282     1.074528
	    6 R(3,4)          =      1.394905    -0.062560    -0.008611     1.386293
	    7 R(3,9)          =      1.086809    -0.067631    -0.012281     1.074528
	    8 R(4,5)          =      1.394920    -0.062659    -0.008626     1.386295
	    9 R(4,10)         =      1.086572    -0.066363    -0.012042     1.074530
	   10 R(5,6)          =      1.394649    -0.060868    -0.008371     1.386278
	   11 R(5,11)         =      1.086804    -0.067608    -0.012277     1.074527
	   12 R(6,12)         =      1.086811    -0.067644    -0.012284     1.074527
	   13 B(1,2,3)        =    120.007482    -0.000002    -0.006071   120.001411
	   14 B(1,2,8)        =    119.988764     0.000002     0.008595   119.997359
	   15 B(1,6,5)        =    120.007755    -0.000002    -0.006182   120.001573
	   16 B(1,6,12)       =    119.988723     0.000002     0.008436   119.997160
	   17 B(2,1,6)        =    119.984577     0.000004     0.012440   119.997017
	   18 B(2,1,7)        =    120.007526    -0.000002    -0.006262   120.001264
	   19 B(2,3,4)        =    120.007717    -0.000002    -0.006201   120.001516
	   20 B(2,3,9)        =    120.003402    -0.000000    -0.002532   120.000870
	   21 B(3,2,8)        =    120.003753    -0.000000    -0.002531   120.001222
	   22 B(3,4,5)        =    119.984901     0.000004     0.012149   119.997050
	   23 B(3,4,10)       =    120.007825    -0.000002    -0.006380   120.001445
	   24 B(4,3,9)        =    119.988881     0.000002     0.008724   119.997606
	   25 B(4,5,6)        =    120.007199    -0.000002    -0.005825   120.001374
	   26 B(4,5,11)       =    119.988704     0.000002     0.008649   119.997353
	   27 B(5,4,10)       =    120.007272    -0.000002    -0.005799   120.001473
	   28 B(5,6,12)       =    120.003521    -0.000000    -0.002262   120.001259
	   29 B(6,1,7)        =    120.007895    -0.000002    -0.006209   120.001687
	   30 B(6,5,11)       =    120.004096    -0.000000    -0.002831   120.001265
	   31 D(1,2,3,4)      =     -0.002815     0.000000     0.003846     0.001031
	   32 D(1,2,3,9)      =   -179.995000    -0.000000    -0.037422  -180.032422
	   33 D(1,6,5,4)      =     -0.003828     0.000000     0.005532     0.001703
	   34 D(1,6,5,11)     =    179.989222     0.000000     0.043752   180.032975
	   35 D(2,1,6,5)      =      0.158422    -0.000001    -0.222458    -0.064036
	   36 D(2,1,6,12)     =   -179.850148    -0.000001    -0.180038  -180.030186
	   37 D(2,3,4,5)      =      0.157410    -0.000001    -0.220773    -0.063363
	   38 D(2,3,4,10)     =   -179.858044    -0.000001    -0.140129  -179.998173
	   39 D(3,2,1,6)      =     -0.155101     0.000001     0.217769     0.062668
	   40 D(3,2,1,7)      =    179.861239     0.000001     0.135796   179.997034
	   41 D(3,4,5,6)      =     -0.154088     0.000001     0.216084     0.061996
	   42 D(3,4,5,11)     =    179.852860     0.000001     0.177866   180.030726
	   43 D(4,3,2,8)      =    179.989191     0.000000     0.043612   180.032804
	   44 D(4,5,6,12)     =   -179.995258    -0.000000    -0.036891  -180.032148
	   45 D(5,4,3,9)      =   -179.850404    -0.000001    -0.179507  -180.029912
	   46 D(5,6,1,7)      =   -179.857918    -0.000001    -0.140484  -179.998401
	   47 D(6,1,2,8)      =    179.852892     0.000001     0.178005   180.030897
	   48 D(6,5,4,10)     =    179.861366     0.000001     0.135440   179.996805
	   49 D(7,1,2,8)      =     -0.130769     0.000001     0.096032    -0.034737
	   50 D(7,1,6,12)     =      0.133513    -0.000001    -0.098064     0.035449
	   51 D(8,2,3,9)      =     -0.002993     0.000000     0.002993     0.000000
	   52 D(9,3,4,10)     =      0.134142    -0.000001    -0.098862     0.035279
	   53 D(10,4,5,11)    =     -0.131686     0.000001     0.097221    -0.034465
	   54 D(11,5,6,12)    =     -0.002207     0.000000     0.001330    -0.000877
	 ---------------------------------------------------------------------------
	Successfully symmetrized geometry.

  ==> Convergence Check <==

  Measures of convergence in internal coordinates in au.
  Criteria marked as inactive (o), active & met (*), and active & unmet ( ).
  --------------------------------------------------------------------------------------------- ~
   Step     Total Energy     Delta E     MAX Force     RMS Force      MAX Disp      RMS Disp    ~
  --------------------------------------------------------------------------------------------- ~
    Convergence Criteria    1.00e-06 *    3.00e-04 *             o    1.20e-03 *             o  ~
  --------------------------------------------------------------------------------------------- ~
      1    -230.72079860   -2.31e+02      8.21e-03      3.70e-03 o    2.32e-02      9.51e-03 o  ~
  ---------------------------------------------------------------------------------------------

	Writing optimization data to binary file.
	Structure for next step:
	Cartesian Geometry (in Angstrom)
	    C    -0.7573199538   1.1611786245  -0.0020255810
	    C     0.6269290339   1.2364131439  -0.0004162977
	    C     1.3842293364   0.0752642621   0.0011785319
	    C     0.7573219797  -1.1611807527   0.0011425593
	    C    -0.6269297539  -1.2364143674   0.0008394150
	    C    -1.3842283537  -0.0752667453  -0.0007267645
	    H    -1.3443149516   2.0612077924  -0.0032135953
	    H     1.1128558082   2.1947895365  -0.0009211798
	    H     2.4571730025   0.1335889405   0.0018993197
	    H     1.3443197364  -2.0612067767   0.0024084199
	    H    -1.1128558875  -2.1947901006   0.0013105789
	    H    -2.4571715461  -0.1335835572  -0.0014838568
			--------------------------
			 OPTKING Finished Execution 
			--------------------------

    Structure for next step:
    Molecular point group: c1
    Full point group: C1

    Geometry (in Angstrom), charge = 0, multiplicity = 1:

    C           -0.757320388269     1.161179450820    -0.002024325891
    C            0.626928604876     1.236413970562    -0.000415042576
    C            1.384228910395     0.075265084206     0.001179787086
    C            0.757321551282    -1.161179935471     0.001143814400
    C           -0.626930187784    -1.236413550470     0.000840670184
    C           -1.384228790599    -0.075265923801    -0.000725509359
    H           -1.344315388333     2.061208622283    -0.003212340145
    H            1.112855381085     2.194790366924    -0.000919924665
    H            2.457172580755     0.133589762809     0.001900574866
    H            1.344319310260    -2.061205963058     0.002409675038
    H           -1.112856323337    -2.194789287451     0.001311833999
    H           -2.457171987216    -0.133582735898    -0.001482601703

gradient() will perform analytic gradient computation.

*** tstart() called on wanukaka
*** at Thu Apr 21 15:05:08 2022

   => Loading Basis Set <=

    Name: 6-31++G(D,P)
    Role: ORBITAL
    Keyword: BASIS
    atoms 1-6  entry C          line   115 file /home/sulstice/software/miniconda2/envs/qmpython2/share/psi4/basis/6-31ppg_d_p_.gbs 
    atoms 7-12 entry H          line    46 file /home/sulstice/software/miniconda2/envs/qmpython2/share/psi4/basis/6-31ppg_d_p_.gbs 


         ---------------------------------------------------------
                                   SCF
               by Justin Turney, Rob Parrish, Andy Simmonett
                          and Daniel G. A. Smith
                              RHF Reference
                       12 Threads,   7629 MiB Core
         ---------------------------------------------------------

  ==> Geometry <==

    Molecular point group: c1
    Full point group: C1

    Geometry (in Angstrom), charge = 0, multiplicity = 1:

       Center              X                  Y                   Z               Mass       
    ------------   -----------------  -----------------  -----------------  -----------------
         C           -0.757320388269     1.161179450820    -0.002024325891    12.000000000000
         C            0.626928604876     1.236413970562    -0.000415042576    12.000000000000
         C            1.384228910395     0.075265084206     0.001179787086    12.000000000000
         C            0.757321551282    -1.161179935471     0.001143814400    12.000000000000
         C           -0.626930187784    -1.236413550470     0.000840670184    12.000000000000
         C           -1.384228790599    -0.075265923801    -0.000725509359    12.000000000000
         H           -1.344315388333     2.061208622283    -0.003212340145     1.007825032230
         H            1.112855381085     2.194790366924    -0.000919924665     1.007825032230
         H            2.457172580755     0.133589762809     0.001900574866     1.007825032230
         H            1.344319310260    -2.061205963058     0.002409675038     1.007825032230
         H           -1.112856323337    -2.194789287451     0.001311833999     1.007825032230
         H           -2.457171987216    -0.133582735898    -0.001482601703     1.007825032230

  Running in c1 symmetry.

  Rotational constants: A =      0.19268  B =      0.19267  C =      0.09634 [cm^-1]
  Rotational constants: A =   5776.30697  B =   5776.04185  C =   2888.08745 [MHz]
  Nuclear repulsion =  204.827882253878727

  Charge       = 0
  Multiplicity = 1
  Electrons    = 42
  Nalpha       = 21
  Nbeta        = 21

  ==> Algorithm <==

  SCF Algorithm Type is DF.
  DIIS enabled.
  MOM disabled.
  Fractional occupation disabled.
  Guess Type is READ.
  Energy threshold   = 1.00e-08
  Density threshold  = 1.00e-08
  Integral threshold = 0.00e+00

  ==> Primary Basis <==

  Basis Set: 6-31++G(D,P)
    Blend: 6-31++G(D,P)
    Number of shells: 72
    Number of basis function: 150
    Number of Cartesian functions: 150
    Spherical Harmonics?: false
    Max angular momentum: 2

   => Loading Basis Set <=

    Name: (6-31++G(D,P) AUX)
    Role: JKFIT
    Keyword: DF_BASIS_SCF
    atoms 1-6  entry C          line   154 file /home/sulstice/software/miniconda2/envs/qmpython2/share/psi4/basis/aug-cc-pvdz-jkfit.gbs 
    atoms 7-12 entry H          line    70 file /home/sulstice/software/miniconda2/envs/qmpython2/share/psi4/basis/aug-cc-pvdz-jkfit.gbs 

   => Loading Basis Set <=

    Name: 6-31++G(D,P)
    Role: ORBITAL
    Keyword: BASIS
    atoms 1-6  entry C          line   115 file /home/sulstice/software/miniconda2/envs/qmpython2/share/psi4/basis/6-31ppg_d_p_.gbs 
    atoms 7-12 entry H          line    46 file /home/sulstice/software/miniconda2/envs/qmpython2/share/psi4/basis/6-31ppg_d_p_.gbs 

  Reading orbitals from file 180, no projection.

  ==> Pre-Iterations <==

   -------------------------------------------------------
    Irrep   Nso     Nmo     Nalpha   Nbeta   Ndocc  Nsocc
   -------------------------------------------------------
     A        150     150       0       0       0       0
   -------------------------------------------------------
    Total     150     150      21      21      21       0
   -------------------------------------------------------

  ==> Integral Setup <==

  DFHelper Memory: AOs need 0.147 GiB; user supplied 5.588 GiB. Using in-core AOs.

  ==> MemDFJK: Density-Fitted J/K Matrices <==

    J tasked:                   Yes
    K tasked:                   Yes
    wK tasked:                   No
    OpenMP threads:              12
    Memory [MiB]:              5722
    Algorithm:                 Core
    Schwarz Cutoff:           1E-12
    Mask sparsity (%):       1.4933
    Fitting Condition:        1E-10

   => Auxiliary Basis Set <=

  Basis Set: (6-31++G(D,P) AUX)
    Blend: AUG-CC-PVDZ-JKFIT
    Number of shells: 240
    Number of basis function: 816
    Number of Cartesian functions: 816
    Spherical Harmonics?: false
    Max angular momentum: 3

  Minimum eigenvalue in the overlap matrix is 1.4085507826E-06.
  Using Symmetric Orthogonalization.

  SCF Guess: Orbitals guess was supplied from a previous computation.

  ==> Iterations <==

                           Total Energy        Delta E     RMS |[F,P]|

   @DF-RHF iter   0:  -230.78710281059236   -2.30787e+02   3.35645e-04 
   @DF-RHF iter   1:  -230.72150228207690    6.56005e-02   6.76061e-05 DIIS
   @DF-RHF iter   2:  -230.72157299849806   -7.07164e-05   3.17800e-05 DIIS
   @DF-RHF iter   3:  -230.72158387406455   -1.08756e-05   4.07107e-06 DIIS
   @DF-RHF iter   4:  -230.72158423593106   -3.61867e-07   8.33394e-07 DIIS
   @DF-RHF iter   5:  -230.72158425533354   -1.94025e-08   2.06794e-07 DIIS
   @DF-RHF iter   6:  -230.72158425699067   -1.65713e-09   5.36314e-08 DIIS
   @DF-RHF iter   7:  -230.72158425712144   -1.30768e-10   1.38569e-08 DIIS
   @DF-RHF iter   8:  -230.72158425712681   -5.37170e-12   4.91835e-09 DIIS
  Energy and wave function converged.


  ==> Post-Iterations <==

    Orbital Energies [Eh]
    ---------------------

    Doubly Occupied:                                                      

       1A    -11.238163     2A    -11.237577     3A    -11.237575  
       4A    -11.236321     5A    -11.236319     6A    -11.235713  
       7A     -1.157217     8A     -1.019802     9A     -1.019800  
      10A     -0.827822    11A     -0.827820    12A     -0.714676  
      13A     -0.645848    14A     -0.622545    15A     -0.591409  
      16A     -0.591400    17A     -0.503842    18A     -0.496418  
      19A     -0.496395    20A     -0.337306    21A     -0.337305  

    Virtual:                                                              

      22A      0.042828    23A      0.051960    24A      0.051960  
      25A      0.070146    26A      0.070147    27A      0.092293  
      28A      0.111390    29A      0.111395    30A      0.137102  
      31A      0.159000    32A      0.159001    33A      0.165980  
      34A      0.172395    35A      0.185522    36A      0.185523  
      37A      0.202760    38A      0.202760    39A      0.205142  
      40A      0.211234    41A      0.227390    42A      0.227390  
      43A      0.227622    44A      0.227626    45A      0.228063  
      46A      0.241382    47A      0.241383    48A      0.253668  
      49A      0.253669    50A      0.305258    51A      0.305260  
      52A      0.305675    53A      0.361111    54A      0.382640  
      55A      0.386655    56A      0.450997    57A      0.451003  
      58A      0.488783    59A      0.488792    60A      0.501020  
      61A      0.548574    62A      0.548591    63A      0.570204  
      64A      0.570212    65A      0.749947    66A      0.793772  
      67A      0.875146    68A      0.875157    69A      0.891077  
      70A      0.950112    71A      0.950114    72A      0.971908  
      73A      0.971909    74A      0.993757    75A      0.993760  
      76A      1.022166    77A      1.022169    78A      1.052760  
      79A      1.082289    80A      1.220431    81A      1.229915  
      82A      1.229933    83A      1.240278    84A      1.240294  
      85A      1.269568    86A      1.277369    87A      1.322514  
      88A      1.322518    89A      1.391691    90A      1.391716  
      91A      1.400936    92A      1.400941    93A      1.511172  
      94A      1.554289    95A      1.579518    96A      1.672931  
      97A      1.672944    98A      1.699933    99A      1.699955  
     100A      1.705968   101A      1.705985   102A      2.043282  
     103A      2.093467   104A      2.182358   105A      2.204802  
     106A      2.291417   107A      2.291433   108A      2.304703  
     109A      2.304734   110A      2.329745   111A      2.329747  
     112A      2.333261   113A      2.400942   114A      2.400947  
     115A      2.632663   116A      2.632683   117A      2.687733  
     118A      2.731034   119A      2.731101   120A      2.734892  
     121A      2.734920   122A      2.735641   123A      2.803688  
     124A      2.803692   125A      2.867182   126A      2.867199  
     127A      2.929196   128A      2.938249   129A      2.938262  
     130A      2.980258   131A      3.013614   132A      3.127082  
     133A      3.198313   134A      3.198353   135A      3.443144  
     136A      3.443195   137A      3.560976   138A      3.653026  
     139A      3.692147   140A      3.692161   141A      3.797841  
     142A      3.960456   143A      3.960487   144A      4.404689  
     145A      4.713647   146A      4.713654   147A      4.719400  
     148A      4.918324   149A      4.918325   150A      5.306172  

    Final Occupation by Irrep:
              A 
    DOCC [    21 ]

  @DF-RHF Final Energy:  -230.72158425712681

   => Energetics <=

    Nuclear Repulsion Energy =            204.8278822538787267
    One-Electron Energy =                -715.8763855784000043
    Two-Electron Energy =                 280.3269190673944422
    Total Energy =                       -230.7215842571268354

Computation Completed


Properties will be evaluated at   0.000000,   0.000000,   0.000000 [a0]

Properties computed using the SCF density matrix

  Nuclear Dipole Moment: [e a0]
     X:     0.0000      Y:     0.0000      Z:     0.0000

  Electronic Dipole Moment: [e a0]
     X:    -0.0000      Y:    -0.0000      Z:    -0.0000

  Dipole Moment: [e a0]
     X:    -0.0000      Y:     0.0000      Z:     0.0000     Total:     0.0000

  Dipole Moment: [D]
     X:    -0.0000      Y:     0.0000      Z:     0.0000     Total:     0.0000


*** tstop() called on wanukaka at Thu Apr 21 15:05:10 2022
Module time:
	user time   =      15.44 seconds =       0.26 minutes
	system time =       0.45 seconds =       0.01 minutes
	total time  =          2 seconds =       0.03 minutes
Total time:
	user time   =     223.50 seconds =       3.73 minutes
	system time =       9.35 seconds =       0.16 minutes
	total time  =         29 seconds =       0.48 minutes

*** tstart() called on wanukaka
*** at Thu Apr 21 15:05:10 2022


         ------------------------------------------------------------
                                   SCF GRAD                          
                          Rob Parrish, Justin Turney,                
                       Andy Simmonett, and Alex Sokolov              
         ------------------------------------------------------------

  ==> Geometry <==

    Molecular point group: c1
    Full point group: C1

    Geometry (in Angstrom), charge = 0, multiplicity = 1:

       Center              X                  Y                   Z               Mass       
    ------------   -----------------  -----------------  -----------------  -----------------
         C           -0.757320388269     1.161179450820    -0.002024325891    12.000000000000
         C            0.626928604876     1.236413970562    -0.000415042576    12.000000000000
         C            1.384228910395     0.075265084206     0.001179787086    12.000000000000
         C            0.757321551282    -1.161179935471     0.001143814400    12.000000000000
         C           -0.626930187784    -1.236413550470     0.000840670184    12.000000000000
         C           -1.384228790599    -0.075265923801    -0.000725509359    12.000000000000
         H           -1.344315388333     2.061208622283    -0.003212340145     1.007825032230
         H            1.112855381085     2.194790366924    -0.000919924665     1.007825032230
         H            2.457172580755     0.133589762809     0.001900574866     1.007825032230
         H            1.344319310260    -2.061205963058     0.002409675038     1.007825032230
         H           -1.112856323337    -2.194789287451     0.001311833999     1.007825032230
         H           -2.457171987216    -0.133582735898    -0.001482601703     1.007825032230

  Nuclear repulsion =  204.827882253878727

  ==> Basis Set <==

  Basis Set: 6-31++G(D,P)
    Blend: 6-31++G(D,P)
    Number of shells: 72
    Number of basis function: 150
    Number of Cartesian functions: 150
    Spherical Harmonics?: false
    Max angular momentum: 2

  ==> DFJKGrad: Density-Fitted SCF Gradients <==

    Gradient:                    1
    J tasked:                  Yes
    K tasked:                  Yes
    wK tasked:                  No
    OpenMP threads:             12
    Integrals threads:          12
    Memory [MiB]:             5722
    Schwarz Cutoff:          0E+00
    Fitting Condition:       1E-10

   => Auxiliary Basis Set <=

  Basis Set: (6-31++G(D,P) AUX)
    Blend: AUG-CC-PVDZ-JKFIT
    Number of shells: 240
    Number of basis function: 816
    Number of Cartesian functions: 816
    Spherical Harmonics?: false
    Max angular momentum: 3


  -Total Gradient:
     Atom            X                  Y                   Z
    ------   -----------------  -----------------  -----------------
       1        0.000461737362    -0.000704100746    -0.000142949978
       2       -0.000380156275    -0.000785975655     0.000070370951
       3       -0.000873950786    -0.000029545145     0.000072556428
       4       -0.000459503390     0.000704652345    -0.000143434211
       5        0.000378167207     0.000786733702     0.000068018681
       6        0.000873926154     0.000028494187     0.000075164035
       7        0.000519521925    -0.000797836539     0.000025452875
       8       -0.000437755008    -0.000851762073    -0.000011309127
       9       -0.000954693932    -0.000057613587    -0.000013191078
      10       -0.000520338017     0.000797903318     0.000023287178
      11        0.000437850638     0.000851301149    -0.000012127942
      12        0.000955194122     0.000057749045    -0.000011837812


*** tstop() called on wanukaka at Thu Apr 21 15:05:11 2022
Module time:
	user time   =      15.29 seconds =       0.25 minutes
	system time =       0.59 seconds =       0.01 minutes
	total time  =          1 seconds =       0.02 minutes
Total time:
	user time   =     238.80 seconds =       3.98 minutes
	system time =       9.94 seconds =       0.17 minutes
	total time  =         30 seconds =       0.50 minutes

			-----------------------------------------
			 OPTKING 2.0: for geometry optimizations 
			  - R.A. King,  Bethel University        
			-----------------------------------------

	Previous internal coordinate definitions found.
	---Fragment 1 Geometry and Gradient---
	 C          -1.4311281231        2.1943111446       -0.0038254215
	 C           1.1847233634        2.3364837821       -0.0007843168
	 C           2.6158135356        0.1422303960        0.0022294745
	 C           1.4311303208       -2.1943120604        0.0021614960
	 C          -1.1847263547       -2.3364829882        0.0015886364
	 C          -2.6158133092       -0.1422319826       -0.0013710140
	 H          -2.5403879102        3.8951197835       -0.0060704431
	 H           2.1029918875        4.1475526963       -0.0017384057
	 H           4.6433832206        0.2524480649        0.0035915660
	 H           2.5403953216       -3.8951147583        0.0045536259
	 H          -2.1029936681       -4.1475506564        0.0024790070
	 H          -4.6433820990       -0.2524347859       -0.0028017112
	             0.0004617374       -0.0007041007       -0.0001429500
	            -0.0003801563       -0.0007859757        0.0000703710
	            -0.0008739508       -0.0000295451        0.0000725564
	            -0.0004595034        0.0007046523       -0.0001434342
	             0.0003781672        0.0007867337        0.0000680187
	             0.0008739262        0.0000284942        0.0000751640
	             0.0005195219       -0.0007978365        0.0000254529
	            -0.0004377550       -0.0008517621       -0.0000113091
	            -0.0009546939       -0.0000576136       -0.0000131911
	            -0.0005203380        0.0007979033        0.0000232872
	             0.0004378506        0.0008513011       -0.0000121279
	             0.0009551941        0.0000577490       -0.0000118378

	---Fragment 1 Intrafragment Coordinates---
	 - Coordinate -           - BOHR/RAD -       - ANG/DEG -
	 R(1,2)           =         2.619714	       1.386293
	 R(1,6)           =         2.619717	       1.386295
	 R(1,7)           =         2.030569	       1.074531
	 R(2,3)           =         2.619690	       1.386280
	 R(2,8)           =         2.030564	       1.074528
	 R(3,4)           =         2.619715	       1.386293
	 R(3,9)           =         2.030564	       1.074528
	 R(4,5)           =         2.619717	       1.386295
	 R(4,10)          =         2.030568	       1.074530
	 R(5,6)           =         2.619686	       1.386278
	 R(5,11)          =         2.030562	       1.074527
	 R(6,12)          =         2.030562	       1.074527
	 B(1,2,3)         =         2.094420	     120.001411
	 B(1,2,8)         =         2.094349	     119.997359
	 B(1,6,5)         =         2.094423	     120.001573
	 B(1,6,12)        =         2.094346	     119.997160
	 B(2,1,6)         =         2.094343	     119.997017
	 B(2,1,7)         =         2.094417	     120.001264
	 B(2,3,4)         =         2.094422	     120.001516
	 B(2,3,9)         =         2.094410	     120.000870
	 B(3,2,8)         =         2.094416	     120.001222
	 B(3,4,5)         =         2.094344	     119.997050
	 B(3,4,10)        =         2.094420	     120.001445
	 B(4,3,9)         =         2.094353	     119.997606
	 B(4,5,6)         =         2.094419	     120.001374
	 B(4,5,11)        =         2.094349	     119.997353
	 B(5,4,10)        =         2.094421	     120.001473
	 B(5,6,12)        =         2.094417	     120.001259
	 B(6,1,7)         =         2.094425	     120.001687
	 B(6,5,11)        =         2.094417	     120.001265
	 D(1,2,3,4)       =         0.000018	       0.001031
	 D(1,2,3,9)       =         3.141027	     179.967578
	 D(1,6,5,4)       =         0.000030	       0.001703
	 D(1,6,5,11)      =        -3.141017	    -179.967025
	 D(2,1,6,5)       =        -0.001118	      -0.064036
	 D(2,1,6,12)      =         3.141066	     179.969814
	 D(2,3,4,5)       =        -0.001106	      -0.063363
	 D(2,3,4,10)      =        -3.141561	    -179.998173
	 D(3,2,1,6)       =         0.001094	       0.062668
	 D(3,2,1,7)       =         3.141541	     179.997034
	 D(3,4,5,6)       =         0.001082	       0.061996
	 D(3,4,5,11)      =        -3.141056	    -179.969274
	 D(4,3,2,8)       =        -3.141020	    -179.967196
	 D(4,5,6,12)      =         3.141032	     179.967852
	 D(5,4,3,9)       =         3.141071	     179.970088
	 D(5,6,1,7)       =        -3.141565	    -179.998401
	 D(6,1,2,8)       =        -3.141053	    -179.969103
	 D(6,5,4,10)      =         3.141537	     179.996805
	 D(7,1,2,8)       =        -0.000606	      -0.034737
	 D(7,1,6,12)      =         0.000619	       0.035449
	 D(8,2,3,9)       =        -0.000000	      -0.000000
	 D(9,3,4,10)      =         0.000616	       0.035279
	 D(10,4,5,11)     =        -0.000602	      -0.034465
	 D(11,5,6,12)     =        -0.000015	      -0.000877

	Current energy   :      -230.7215842571

	Energy change for the previous step:
		Projected    :        -0.0019399584
		Actual       :        -0.0007856536

	Performing BFGS update.
	Previous computed or guess Hessian on step 1.
	Steps to be used in Hessian update: 1
	Taking RFO optimization step.
	Going to follow RFO solution 1.
	Using RFO vector 1.
	Norm of target step-size    0.01079
	Projected energy change by RFO approximation:        -0.0000487933

	Back-transformation to cartesian coordinates...
	Could not converge backtransformation.
	Using first guess instead.

	--- Internal Coordinate Step in ANG or DEG, aJ/ANG or AJ/DEG ---
	 ---------------------------------------------------------------------------
	   Coordinate                Previous        Force       Change         New 
	   ----------                --------       ------       ------       ------
	    1 R(1,2)          =      1.386293     0.014970     0.001745     1.388038
	    2 R(1,6)          =      1.386295     0.014956     0.001743     1.388038
	    3 R(1,7)          =      1.074531     0.007844     0.001183     1.075715
	    4 R(2,3)          =      1.386280     0.015016     0.001749     1.388029
	    5 R(2,8)          =      1.074528     0.007890     0.001191     1.075719
	    6 R(3,4)          =      1.386293     0.014960     0.001744     1.388037
	    7 R(3,9)          =      1.074528     0.007880     0.001189     1.075717
	    8 R(4,5)          =      1.386295     0.014962     0.001744     1.388039
	    9 R(4,10)         =      1.074530     0.007848     0.001184     1.075714
	   10 R(5,6)          =      1.386278     0.015023     0.001750     1.388028
	   11 R(5,11)         =      1.074527     0.007887     0.001190     1.075717
	   12 R(6,12)         =      1.074527     0.007884     0.001190     1.075717
	   13 B(1,2,3)        =    120.001411    -0.000000    -0.001320   120.000091
	   14 B(1,2,8)        =    119.997359     0.000001     0.002320   119.999679
	   15 B(1,6,5)        =    120.001573    -0.000001    -0.001546   120.000027
	   16 B(1,6,12)       =    119.997160     0.000001     0.002610   119.999769
	   17 B(2,1,6)        =    119.997017     0.000001     0.002851   119.999868
	   18 B(2,1,7)        =    120.001264    -0.000001    -0.001628   119.999636
	   19 B(2,3,4)        =    120.001516    -0.000000    -0.001491   120.000024
	   20 B(2,3,9)        =    120.000870    -0.000000    -0.001043   119.999827
	   21 B(3,2,8)        =    120.001222    -0.000000    -0.000994   120.000228
	   22 B(3,4,5)        =    119.997050     0.000001     0.002822   119.999871
	   23 B(3,4,10)       =    120.001445    -0.000000    -0.001386   120.000059
	   24 B(4,3,9)        =    119.997606     0.000001     0.002540   120.000146
	   25 B(4,5,6)        =    120.001374    -0.000000    -0.001273   120.000102
	   26 B(4,5,11)       =    119.997353     0.000001     0.002380   119.999733
	   27 B(5,4,10)       =    120.001473    -0.000000    -0.001414   120.000060
	   28 B(5,6,12)       =    120.001259    -0.000000    -0.001058   120.000201
	   29 B(6,1,7)        =    120.001687    -0.000000    -0.001200   120.000486
	   30 B(6,5,11)       =    120.001265    -0.000000    -0.001102   120.000163
	   31 D(1,2,3,4)      =      0.001031    -0.000000    -0.001031     0.000000
	   32 D(1,2,3,9)      =    179.967578     0.000000     0.050247   180.017825
	   33 D(1,6,5,4)      =      0.001703    -0.000000    -0.002623    -0.000920
	   34 D(1,6,5,11)     =   -179.967025    -0.000000    -0.051104  -180.018129
	   35 D(2,1,6,5)      =     -0.064036     0.000001     0.098415     0.034379
	   36 D(2,1,6,12)     =    179.969814     0.000000     0.045947   180.015761
	   37 D(2,3,4,5)      =     -0.063363     0.000001     0.097358     0.033995
	   38 D(2,3,4,10)     =   -179.998173    -0.000000    -0.003741  -180.001914
	   39 D(3,2,1,6)      =      0.062668    -0.000001    -0.096320    -0.033652
	   40 D(3,2,1,7)      =    179.997034     0.000000     0.005461   180.002496
	   41 D(3,4,5,6)      =      0.061996    -0.000001    -0.095264    -0.033267
	   42 D(3,4,5,11)     =   -179.969274    -0.000000    -0.046784  -180.016058
	   43 D(4,3,2,8)      =   -179.967196    -0.000000    -0.050829  -180.018026
	   44 D(4,5,6,12)     =    179.967852     0.000000     0.049846   180.017698
	   45 D(5,4,3,9)      =    179.970088     0.000000     0.045546   180.015634
	   46 D(5,6,1,7)      =   -179.998401    -0.000000    -0.003367  -180.001768
	   47 D(6,1,2,8)      =   -179.969103    -0.000000    -0.047059  -180.016161
	   48 D(6,5,4,10)     =    179.996805     0.000000     0.005836   180.002641
	   49 D(7,1,2,8)      =     -0.034737     0.000000     0.054723     0.019986
	   50 D(7,1,6,12)     =      0.035449    -0.000000    -0.055835    -0.020386
	   51 D(8,2,3,9)      =      0.000000     0.000000     0.000000     0.000000
	   52 D(9,3,4,10)     =      0.035279    -0.000000    -0.055554    -0.020275
	   53 D(10,4,5,11)    =     -0.034465     0.000000     0.054316     0.019851
	   54 D(11,5,6,12)    =     -0.000877     0.000000     0.000877     0.000000
	 ---------------------------------------------------------------------------
	Successfully symmetrized geometry.

  ==> Convergence Check <==

  Measures of convergence in internal coordinates in au.
  Criteria marked as inactive (o), active & met (*), and active & unmet ( ).
  ---------------------------------------------------------------------------------------------
   Step     Total Energy     Delta E     MAX Force     RMS Force      MAX Disp      RMS Disp   
  ---------------------------------------------------------------------------------------------
    Convergence Criteria    1.00e-06 *    3.00e-04 *             o    1.20e-03 *             o
  ---------------------------------------------------------------------------------------------
      2    -230.72158426   -7.86e-04      1.82e-03      6.85e-04 o    3.31e-03      1.47e-03 o  ~
  ---------------------------------------------------------------------------------------------

	Writing optimization data to binary file.
	Structure for next step:
	Cartesian Geometry (in Angstrom)
	    C    -0.7582600682   1.1626177106  -0.0013466675
	    C     0.6277304345   1.2379794035  -0.0007441461
	    C     1.3859874275   0.0753661407   0.0008345023
	    C     0.7582596356  -1.1626175779   0.0018218726
	    C    -0.6277311128  -1.2379798110   0.0005173638
	    C    -1.3859875936  -0.0753675915  -0.0010765455
	    H    -1.3458975533   2.0636406969  -0.0026106882
	    H     1.1142113692   2.1974098868  -0.0012162674
	    H     2.4601173509   0.1337760038   0.0015912764
	    H     1.3459035051  -2.0636359443   0.0030141974
	    H    -1.1142124502  -2.1974085494   0.0010214806
	    H    -2.4601176715  -0.1337705068  -0.0017997671
			--------------------------
			 OPTKING Finished Execution 
			--------------------------

    Structure for next step:
    Molecular point group: c1
    Full point group: C1

    Geometry (in Angstrom), charge = 0, multiplicity = 1:

    C           -0.758259933617     1.162617830855    -0.001347651354
    C            0.627730574533     1.237979524039    -0.000745129987
    C            1.385987570505     0.075366256721     0.000833518410
    C            0.758259776156    -1.162617466724     0.001820888756
    C           -0.627730977651    -1.237979700197     0.000516379893
    C           -1.385987461423    -0.075367476141    -0.001077529399
    H           -1.345897420940     2.063640820710    -0.002611672069
    H            1.114211511180     2.197410011108    -0.001217251249
    H            2.460117498189     0.133776120057     0.001590292583
    H            1.345903648046    -2.063635836675     0.003013213508
    H           -1.114212316984    -2.197408442318     0.001020496746
    H           -2.460117543597    -0.133770391606    -0.001800750976

gradient() will perform analytic gradient computation.

*** tstart() called on wanukaka
*** at Thu Apr 21 15:05:11 2022

   => Loading Basis Set <=

    Name: 6-31++G(D,P)
    Role: ORBITAL
    Keyword: BASIS
    atoms 1-6  entry C          line   115 file /home/sulstice/software/miniconda2/envs/qmpython2/share/psi4/basis/6-31ppg_d_p_.gbs 
    atoms 7-12 entry H          line    46 file /home/sulstice/software/miniconda2/envs/qmpython2/share/psi4/basis/6-31ppg_d_p_.gbs 


         ---------------------------------------------------------
                                   SCF
               by Justin Turney, Rob Parrish, Andy Simmonett
                          and Daniel G. A. Smith
                              RHF Reference
                       12 Threads,   7629 MiB Core
         ---------------------------------------------------------

  ==> Geometry <==

    Molecular point group: c1
    Full point group: C1

    Geometry (in Angstrom), charge = 0, multiplicity = 1:

       Center              X                  Y                   Z               Mass       
    ------------   -----------------  -----------------  -----------------  -----------------
         C           -0.758259933617     1.162617830855    -0.001347651354    12.000000000000
         C            0.627730574533     1.237979524039    -0.000745129987    12.000000000000
         C            1.385987570505     0.075366256721     0.000833518410    12.000000000000
         C            0.758259776156    -1.162617466724     0.001820888756    12.000000000000
         C           -0.627730977651    -1.237979700197     0.000516379893    12.000000000000
         C           -1.385987461423    -0.075367476141    -0.001077529399    12.000000000000
         H           -1.345897420940     2.063640820710    -0.002611672069     1.007825032230
         H            1.114211511180     2.197410011108    -0.001217251249     1.007825032230
         H            2.460117498189     0.133776120057     0.001590292583     1.007825032230
         H            1.345903648046    -2.063635836675     0.003013213508     1.007825032230
         H           -1.114212316984    -2.197408442318     0.001020496746     1.007825032230
         H           -2.460117543597    -0.133770391606    -0.001800750976     1.007825032230

  Running in c1 symmetry.

  Rotational constants: A =      0.19219  B =      0.19219  C =      0.09610 [cm^-1]
  Rotational constants: A =   5761.83056  B =   5761.79829  C =   2880.90728 [MHz]
  Nuclear repulsion =  204.574989180723037

  Charge       = 0
  Multiplicity = 1
  Electrons    = 42
  Nalpha       = 21
  Nbeta        = 21

  ==> Algorithm <==

  SCF Algorithm Type is DF.
  DIIS enabled.
  MOM disabled.
  Fractional occupation disabled.
  Guess Type is READ.
  Energy threshold   = 1.00e-08
  Density threshold  = 1.00e-08
  Integral threshold = 0.00e+00

  ==> Primary Basis <==

  Basis Set: 6-31++G(D,P)
    Blend: 6-31++G(D,P)
    Number of shells: 72
    Number of basis function: 150
    Number of Cartesian functions: 150
    Spherical Harmonics?: false
    Max angular momentum: 2

   => Loading Basis Set <=

    Name: (6-31++G(D,P) AUX)
    Role: JKFIT
    Keyword: DF_BASIS_SCF
    atoms 1-6  entry C          line   154 file /home/sulstice/software/miniconda2/envs/qmpython2/share/psi4/basis/aug-cc-pvdz-jkfit.gbs 
    atoms 7-12 entry H          line    70 file /home/sulstice/software/miniconda2/envs/qmpython2/share/psi4/basis/aug-cc-pvdz-jkfit.gbs 

   => Loading Basis Set <=

    Name: 6-31++G(D,P)
    Role: ORBITAL
    Keyword: BASIS
    atoms 1-6  entry C          line   115 file /home/sulstice/software/miniconda2/envs/qmpython2/share/psi4/basis/6-31ppg_d_p_.gbs 
    atoms 7-12 entry H          line    46 file /home/sulstice/software/miniconda2/envs/qmpython2/share/psi4/basis/6-31ppg_d_p_.gbs 

  Reading orbitals from file 180, no projection.

  ==> Pre-Iterations <==

   -------------------------------------------------------
    Irrep   Nso     Nmo     Nalpha   Nbeta   Ndocc  Nsocc
   -------------------------------------------------------
     A        150     150       0       0       0       0
   -------------------------------------------------------
    Total     150     150      21      21      21       0
   -------------------------------------------------------

  ==> Integral Setup <==

  DFHelper Memory: AOs need 0.147 GiB; user supplied 5.588 GiB. Using in-core AOs.

  ==> MemDFJK: Density-Fitted J/K Matrices <==

    J tasked:                   Yes
    K tasked:                   Yes
    wK tasked:                   No
    OpenMP threads:              12
    Memory [MiB]:              5722
    Algorithm:                 Core
    Schwarz Cutoff:           1E-12
    Mask sparsity (%):       1.4933
    Fitting Condition:        1E-10

   => Auxiliary Basis Set <=

  Basis Set: (6-31++G(D,P) AUX)
    Blend: AUG-CC-PVDZ-JKFIT
    Number of shells: 240
    Number of basis function: 816
    Number of Cartesian functions: 816
    Spherical Harmonics?: false
    Max angular momentum: 3

  Minimum eigenvalue in the overlap matrix is 1.4253730533E-06.
  Using Symmetric Orthogonalization.

  SCF Guess: Orbitals guess was supplied from a previous computation.

  ==> Iterations <==

                           Total Energy        Delta E     RMS |[F,P]|

   @DF-RHF iter   0:  -230.71136323618350   -2.30711e+02   5.90206e-05 
   @DF-RHF iter   1:  -230.72160536396655   -1.02421e-02   1.26221e-05 DIIS
   @DF-RHF iter   2:  -230.72160751321735   -2.14925e-06   6.38061e-06 DIIS
   @DF-RHF iter   3:  -230.72160794608385   -4.32866e-07   6.41038e-07 DIIS
   @DF-RHF iter   4:  -230.72160795627951   -1.01957e-08   1.31100e-07 DIIS
   @DF-RHF iter   5:  -230.72160795686145   -5.81935e-10   4.10643e-08 DIIS
   @DF-RHF iter   6:  -230.72160795693711   -7.56586e-11   1.07787e-08 DIIS
   @DF-RHF iter   7:  -230.72160795694268   -5.57066e-12   1.90492e-09 DIIS
  Energy and wave function converged.


  ==> Post-Iterations <==

    Orbital Energies [Eh]
    ---------------------

    Doubly Occupied:                                                      

       1A    -11.238907     2A    -11.238326     3A    -11.238325  
       4A    -11.237080     5A    -11.237079     6A    -11.236478  
       7A     -1.156171     8A     -1.019192     9A     -1.019189  
      10A     -0.827403    11A     -0.827401    12A     -0.713895  
      13A     -0.645892    14A     -0.621924    15A     -0.591045  
      16A     -0.591044    17A     -0.503161    18A     -0.496334  
      19A     -0.496331    20A     -0.337043    21A     -0.337040  

    Virtual:                                                              

      22A      0.042828    23A      0.051946    24A      0.051946  
      25A      0.070114    26A      0.070114    27A      0.092244  
      28A      0.111044    29A      0.111045    30A      0.137205  
      31A      0.159045    32A      0.159045    33A      0.165927  
      34A      0.172442    35A      0.185394    36A      0.185395  
      37A      0.202777    38A      0.202777    39A      0.205164  
      40A      0.211116    41A      0.227347    42A      0.227347  
      43A      0.227455    44A      0.227457    45A      0.227919  
      46A      0.241374    47A      0.241375    48A      0.253555  
      49A      0.253556    50A      0.305290    51A      0.305291  
      52A      0.305602    53A      0.361176    54A      0.382061  
      55A      0.385717    56A      0.450330    57A      0.450333  
      58A      0.487733    59A      0.487735    60A      0.500062  
      61A      0.548071    62A      0.548074    63A      0.569496  
      64A      0.569498    65A      0.750525    66A      0.792254  
      67A      0.872780    68A      0.874756    69A      0.891203  
      70A      0.950332    71A      0.950334    72A      0.971040  
      73A      0.971045    74A      0.993565    75A      0.993566  
      76A      1.021860    77A      1.021863    78A      1.052275  
      79A      1.082250    80A      1.219629    81A      1.230375  
      82A      1.230378    83A      1.239978    84A      1.239982  
      85A      1.267776    86A      1.276884    87A      1.321990  
      88A      1.321992    89A      1.390195    90A      1.390198  
      91A      1.400602    92A      1.400604    93A      1.510977  
      94A      1.554779    95A      1.578006    96A      1.672597  
      97A      1.672597    98A      1.699223    99A      1.699225  
     100A      1.704491   101A      1.704492   102A      2.042780  
     103A      2.091837   104A      2.179529   105A      2.202709  
     106A      2.290261   107A      2.290265   108A      2.302103  
     109A      2.302108   110A      2.327177   111A      2.327182  
     112A      2.331957   113A      2.398449   114A      2.398454  
     115A      2.630398   116A      2.630406   117A      2.686786  
     118A      2.728162   119A      2.728167   120A      2.733625  
     121A      2.733953   122A      2.733955   123A      2.802998  
     124A      2.803002   125A      2.865503   126A      2.865508  
     127A      2.929197   128A      2.936052   129A      2.936056  
     130A      2.977911   131A      3.009879   132A      3.123517  
     133A      3.194027   134A      3.194030   135A      3.438677  
     136A      3.438681   137A      3.556958   138A      3.649757  
     139A      3.689116   140A      3.689121   141A      3.792463  
     142A      3.956159   143A      3.956163   144A      4.398116  
     145A      4.713628   146A      4.713632   147A      4.717046  
     148A      4.917419   149A      4.917421   150A      5.302322  

    Final Occupation by Irrep:
              A 
    DOCC [    21 ]

  @DF-RHF Final Energy:  -230.72160795694268

   => Energetics <=

    Nuclear Repulsion Energy =            204.5749891807230370
    One-Electron Energy =                -715.3746717702064188
    Two-Electron Energy =                 280.0780746325407335
    Total Energy =                       -230.7216079569426483

Computation Completed


Properties will be evaluated at   0.000000,   0.000000,   0.000000 [a0]

Properties computed using the SCF density matrix

  Nuclear Dipole Moment: [e a0]
     X:     0.0000      Y:     0.0000      Z:    -0.0000

  Electronic Dipole Moment: [e a0]
     X:    -0.0000      Y:    -0.0000      Z:     0.0000

  Dipole Moment: [e a0]
     X:     0.0000      Y:     0.0000      Z:    -0.0000     Total:     0.0000

  Dipole Moment: [D]
     X:     0.0000      Y:     0.0000      Z:    -0.0000     Total:     0.0000


*** tstop() called on wanukaka at Thu Apr 21 15:05:13 2022
Module time:
	user time   =      14.94 seconds =       0.25 minutes
	system time =       0.49 seconds =       0.01 minutes
	total time  =          2 seconds =       0.03 minutes
Total time:
	user time   =     254.09 seconds =       4.23 minutes
	system time =      10.45 seconds =       0.17 minutes
	total time  =         32 seconds =       0.53 minutes

*** tstart() called on wanukaka
*** at Thu Apr 21 15:05:13 2022


         ------------------------------------------------------------
                                   SCF GRAD                          
                          Rob Parrish, Justin Turney,                
                       Andy Simmonett, and Alex Sokolov              
         ------------------------------------------------------------

  ==> Geometry <==

    Molecular point group: c1
    Full point group: C1

    Geometry (in Angstrom), charge = 0, multiplicity = 1:

       Center              X                  Y                   Z               Mass       
    ------------   -----------------  -----------------  -----------------  -----------------
         C           -0.758259933617     1.162617830855    -0.001347651354    12.000000000000
         C            0.627730574533     1.237979524039    -0.000745129987    12.000000000000
         C            1.385987570505     0.075366256721     0.000833518410    12.000000000000
         C            0.758259776156    -1.162617466724     0.001820888756    12.000000000000
         C           -0.627730977651    -1.237979700197     0.000516379893    12.000000000000
         C           -1.385987461423    -0.075367476141    -0.001077529399    12.000000000000
         H           -1.345897420940     2.063640820710    -0.002611672069     1.007825032230
         H            1.114211511180     2.197410011108    -0.001217251249     1.007825032230
         H            2.460117498189     0.133776120057     0.001590292583     1.007825032230
         H            1.345903648046    -2.063635836675     0.003013213508     1.007825032230
         H           -1.114212316984    -2.197408442318     0.001020496746     1.007825032230
         H           -2.460117543597    -0.133770391606    -0.001800750976     1.007825032230

  Nuclear repulsion =  204.574989180723037

  ==> Basis Set <==

  Basis Set: 6-31++G(D,P)
    Blend: 6-31++G(D,P)
    Number of shells: 72
    Number of basis function: 150
    Number of Cartesian functions: 150
    Spherical Harmonics?: false
    Max angular momentum: 2

  ==> DFJKGrad: Density-Fitted SCF Gradients <==

    Gradient:                    1
    J tasked:                  Yes
    K tasked:                  Yes
    wK tasked:                  No
    OpenMP threads:             12
    Integrals threads:          12
    Memory [MiB]:             5722
    Schwarz Cutoff:          0E+00
    Fitting Condition:       1E-10

   => Auxiliary Basis Set <=

  Basis Set: (6-31++G(D,P) AUX)
    Blend: AUG-CC-PVDZ-JKFIT
    Number of shells: 240
    Number of basis function: 816
    Number of Cartesian functions: 816
    Spherical Harmonics?: false
    Max angular momentum: 3


  -Total Gradient:
     Atom            X                  Y                   Z
    ------   -----------------  -----------------  -----------------
       1       -0.000070708191     0.000106428811     0.000079392185
       2        0.000061453382     0.000104789133    -0.000038734994
       3        0.000120753687     0.000012229333    -0.000040273362
       4        0.000068883025    -0.000107388770     0.000078881920
       5       -0.000062228046    -0.000104572912    -0.000037776688
       6       -0.000119843869    -0.000016390942    -0.000041255657
       7        0.000014358106    -0.000020687563    -0.000013966837
       8       -0.000010580056    -0.000020326401     0.000006749809
       9       -0.000023481283    -0.000000590118     0.000007142017
      10       -0.000013252978     0.000022101662    -0.000014041944
      11        0.000011255778     0.000021723986     0.000006710449
      12        0.000023390444     0.000002683779     0.000007173102


*** tstop() called on wanukaka at Thu Apr 21 15:05:14 2022
Module time:
	user time   =      14.77 seconds =       0.25 minutes
	system time =       0.46 seconds =       0.01 minutes
	total time  =          1 seconds =       0.02 minutes
Total time:
	user time   =     268.88 seconds =       4.48 minutes
	system time =      10.91 seconds =       0.18 minutes
	total time  =         33 seconds =       0.55 minutes

			-----------------------------------------
			 OPTKING 2.0: for geometry optimizations 
			  - R.A. King,  Bethel University        
			-----------------------------------------

	Previous internal coordinate definitions found.
	---Fragment 1 Geometry and Gradient---
	 C          -1.4329036064        2.1970292889       -0.0025466920
	 C           1.1862388664        2.3394422494       -0.0014080916
	 C           2.6191369215        0.1424215843        0.0015751215
	 C           1.4329033089       -2.1970286008        0.0034409811
	 C          -1.1862396282       -2.3394425822        0.0009758166
	 C          -2.6191367154       -0.1424238887       -0.0020362355
	 H          -2.5433775185        3.8997159725       -0.0049353449
	 H           2.1055546020        4.1525031063       -0.0023002715
	 H           4.6489483080        0.2528002290        0.0030052174
	 H           2.5433892861       -3.8997065540        0.0056941483
	 H          -2.1055561247       -4.1525001418        0.0019284594
	 H          -4.6489483938       -0.2527894038       -0.0034029262
	            -0.0000707082        0.0001064288        0.0000793922
	             0.0000614534        0.0001047891       -0.0000387350
	             0.0001207537        0.0000122293       -0.0000402734
	             0.0000688830       -0.0001073888        0.0000788819
	            -0.0000622280       -0.0001045729       -0.0000377767
	            -0.0001198439       -0.0000163909       -0.0000412557
	             0.0000143581       -0.0000206876       -0.0000139668
	            -0.0000105801       -0.0000203264        0.0000067498
	            -0.0000234813       -0.0000005901        0.0000071420
	            -0.0000132530        0.0000221017       -0.0000140419
	             0.0000112558        0.0000217240        0.0000067104
	             0.0000233904        0.0000026838        0.0000071731

	---Fragment 1 Intrafragment Coordinates---
	 - Coordinate -           - BOHR/RAD -       - ANG/DEG -
	 R(1,2)           =         2.623012	       1.388038
	 R(1,6)           =         2.623012	       1.388038
	 R(1,7)           =         2.032806	       1.075715
	 R(2,3)           =         2.622996	       1.388029
	 R(2,8)           =         2.032814	       1.075719
	 R(3,4)           =         2.623010	       1.388037
	 R(3,9)           =         2.032811	       1.075717
	 R(4,5)           =         2.623013	       1.388039
	 R(4,10)          =         2.032805	       1.075714
	 R(5,6)           =         2.622993	       1.388028
	 R(5,11)          =         2.032811	       1.075717
	 R(6,12)          =         2.032810	       1.075717
	 B(1,2,3)         =         2.094397	     120.000091
	 B(1,2,8)         =         2.094390	     119.999679
	 B(1,6,5)         =         2.094396	     120.000027
	 B(1,6,12)        =         2.094391	     119.999769
	 B(2,1,6)         =         2.094393	     119.999868
	 B(2,1,7)         =         2.094389	     119.999636
	 B(2,3,4)         =         2.094396	     120.000024
	 B(2,3,9)         =         2.094392	     119.999827
	 B(3,2,8)         =         2.094399	     120.000228
	 B(3,4,5)         =         2.094393	     119.999871
	 B(3,4,10)        =         2.094396	     120.000059
	 B(4,3,9)         =         2.094398	     120.000146
	 B(4,5,6)         =         2.094397	     120.000102
	 B(4,5,11)        =         2.094390	     119.999733
	 B(5,4,10)        =         2.094396	     120.000060
	 B(5,6,12)        =         2.094399	     120.000201
	 B(6,1,7)         =         2.094404	     120.000486
	 B(6,5,11)        =         2.094398	     120.000163
	 D(1,2,3,4)       =        -0.000000	      -0.000000
	 D(1,2,3,9)       =        -3.141282	    -179.982175
	 D(1,6,5,4)       =        -0.000016	      -0.000920
	 D(1,6,5,11)      =         3.141276	     179.981871
	 D(2,1,6,5)       =         0.000600	       0.034379
	 D(2,1,6,12)      =        -3.141318	    -179.984239
	 D(2,3,4,5)       =         0.000593	       0.033995
	 D(2,3,4,10)      =         3.141559	     179.998086
	 D(3,2,1,6)       =        -0.000587	      -0.033652
	 D(3,2,1,7)       =        -3.141549	    -179.997504
	 D(3,4,5,6)       =        -0.000581	      -0.033267
	 D(3,4,5,11)      =         3.141312	     179.983942
	 D(4,3,2,8)       =         3.141278	     179.981974
	 D(4,5,6,12)      =        -3.141284	    -179.982302
	 D(5,4,3,9)       =        -3.141320	    -179.984366
	 D(5,6,1,7)       =         3.141562	     179.998232
	 D(6,1,2,8)       =         3.141311	     179.983839
	 D(6,5,4,10)      =        -3.141547	    -179.997359
	 D(7,1,2,8)       =         0.000349	       0.019986
	 D(7,1,6,12)      =        -0.000356	      -0.020386
	 D(8,2,3,9)       =         0.000000	       0.000000
	 D(9,3,4,10)      =        -0.000354	      -0.020275
	 D(10,4,5,11)     =         0.000346	       0.019851
	 D(11,5,6,12)     =         0.000000	       0.000000

	Current energy   :      -230.7216079569

	Energy change for the previous step:
		Projected    :        -0.0000487933
		Actual       :        -0.0000236998

	Performing BFGS update.
	Previous computed or guess Hessian on step 1.
	Steps to be used in Hessian update: 2 1
	Taking RFO optimization step.
	Going to follow RFO solution 1.
	Using RFO vector 1.
	Norm of target step-size    0.00291
	Projected energy change by RFO approximation:        -0.0000002389

	Back-transformation to cartesian coordinates...
	Could not converge backtransformation.
	Using first guess instead.

	--- Internal Coordinate Step in ANG or DEG, aJ/ANG or AJ/DEG ---
	 ---------------------------------------------------------------------------
	   Coordinate                Previous        Force       Change         New 
	   ----------                --------       ------       ------       ------
	    1 R(1,2)          =      1.388038    -0.000839    -0.000102     1.387936
	    2 R(1,6)          =      1.388038    -0.000841    -0.000102     1.387936
	    3 R(1,7)          =      1.075715     0.000207     0.000043     1.075757
	    4 R(2,3)          =      1.388029    -0.000772    -0.000092     1.387937
	    5 R(2,8)          =      1.075719     0.000189     0.000039     1.075758
	    6 R(3,4)          =      1.388037    -0.000838    -0.000101     1.387936
	    7 R(3,9)          =      1.075717     0.000193     0.000040     1.075757
	    8 R(4,5)          =      1.388039    -0.000843    -0.000102     1.387937
	    9 R(4,10)         =      1.075714     0.000212     0.000044     1.075758
	   10 R(5,6)          =      1.388028    -0.000767    -0.000092     1.387937
	   11 R(5,11)         =      1.075717     0.000202     0.000042     1.075759
	   12 R(6,12)         =      1.075717     0.000194     0.000040     1.075757
	   13 B(1,2,3)        =    120.000091     0.000000     0.000011   120.000102
	   14 B(1,2,8)        =    119.999679     0.000000     0.000096   119.999775
	   15 B(1,6,5)        =    120.000027    -0.000000    -0.000043   119.999983
	   16 B(1,6,12)       =    119.999769     0.000000     0.000540   120.000309
	   17 B(2,1,6)        =    119.999868     0.000000     0.000036   119.999904
	   18 B(2,1,7)        =    119.999636     0.000000     0.000240   119.999876
	   19 B(2,3,4)        =    120.000024    -0.000000    -0.000042   119.999982
	   20 B(2,3,9)        =    119.999827     0.000000     0.000248   120.000075
	   21 B(3,2,8)        =    120.000228    -0.000000    -0.000106   120.000122
	   22 B(3,4,5)        =    119.999871     0.000000     0.000043   119.999914
	   23 B(3,4,10)       =    120.000059     0.000000     0.000328   120.000387
	   24 B(4,3,9)        =    120.000146    -0.000000    -0.000205   119.999941
	   25 B(4,5,6)        =    120.000102     0.000000     0.000001   120.000103
	   26 B(4,5,11)       =    119.999733     0.000000     0.000096   119.999830
	   27 B(5,4,10)       =    120.000060    -0.000000    -0.000367   119.999693
	   28 B(5,6,12)       =    120.000201    -0.000000    -0.000495   119.999706
	   29 B(6,1,7)        =    120.000486    -0.000000    -0.000272   120.000215
	   30 B(6,5,11)       =    120.000163    -0.000000    -0.000096   120.000066
	   31 D(1,2,3,4)      =      0.000000     0.000000     0.000000     0.000000
	   32 D(1,2,3,9)      =   -179.982175    -0.000000    -0.031369  -180.013543
	   33 D(1,6,5,4)      =     -0.000920     0.000000     0.000920     0.000000
	   34 D(1,6,5,11)     =    179.981871     0.000000     0.031959   180.013830
	   35 D(2,1,6,5)      =      0.034379    -0.000000    -0.062150    -0.027771
	   36 D(2,1,6,12)     =   -179.984239    -0.000000    -0.029359  -180.013597
	   37 D(2,3,4,5)      =      0.033995    -0.000000    -0.061452    -0.027457
	   38 D(2,3,4,10)     =    179.998086     0.000000     0.001914   180.000000
	   39 D(3,2,1,6)      =     -0.033652     0.000000     0.060844     0.027193
	   40 D(3,2,1,7)      =   -179.997504    -0.000000    -0.002496  -180.000000
	   41 D(3,4,5,6)      =     -0.033267     0.000000     0.060147     0.026879
	   42 D(3,4,5,11)     =    179.983942     0.000000     0.029842   180.013784
	   43 D(4,3,2,8)      =    179.981974     0.000000     0.031760   180.013735
	   44 D(4,5,6,12)     =   -179.982302    -0.000000    -0.031137  -180.013439
	   45 D(5,4,3,9)      =   -179.984366    -0.000000    -0.029127  -180.013493
	   46 D(5,6,1,7)      =    179.998232     0.000000     0.001768   180.000000
	   47 D(6,1,2,8)      =    179.983839     0.000000     0.030041   180.013879
	   48 D(6,5,4,10)     =   -179.997359    -0.000000    -0.002641  -180.000000
	   49 D(7,1,2,8)      =      0.019986    -0.000000    -0.033647    -0.013662
	   50 D(7,1,6,12)     =     -0.020386     0.000000     0.034330     0.013944
	   51 D(8,2,3,9)      =      0.000000    -0.000000     0.000000     0.000000
	   52 D(9,3,4,10)     =     -0.020275     0.000000     0.034127     0.013852
	   53 D(10,4,5,11)    =      0.019851    -0.000000    -0.033412    -0.013561
	   54 D(11,5,6,12)    =      0.000000    -0.000000     0.000000     0.000000
	 ---------------------------------------------------------------------------
	Successfully symmetrized geometry.

  ==> Convergence Check <==

  Measures of convergence in internal coordinates in au.
  Criteria marked as inactive (o), active & met (*), and active & unmet ( ).
  ---------------------------------------------------------------------------------------------
   Step     Total Energy     Delta E     MAX Force     RMS Force      MAX Disp      RMS Disp   
  ---------------------------------------------------------------------------------------------
    Convergence Criteria    1.00e-06 *    3.00e-04 *             o    1.20e-03 *             o
  ---------------------------------------------------------------------------------------------
      3    -230.72160796   -2.37e-05      1.02e-04 *    3.49e-05 o    1.08e-03 *    3.96e-04 o  ~
  ---------------------------------------------------------------------------------------------


  **** Optimization is complete! (in 3 steps) ****

  ==> Optimization Summary <==

  Measures of convergence in internal coordinates in au.
  --------------------------------------------------------------------------------------------------------------- ~
   Step         Total Energy             Delta E       MAX Force       RMS Force        MAX Disp        RMS Disp  ~
  --------------------------------------------------------------------------------------------------------------- ~
      1    -230.720798603556   -230.720798603556      0.00821054      0.00370061      0.02321342      0.00951201  ~
      2    -230.721584257127     -0.000785653571      0.00182346      0.00068486      0.00330712      0.00146849  ~
      3    -230.721607956943     -0.000023699816      0.00010227      0.00003488      0.00108472      0.00039646  ~
  --------------------------------------------------------------------------------------------------------------- ~

	Writing optimization data to binary file.
	Final energy is   -230.7216079569427
	Final (previous) structure:
	Cartesian Geometry (in Angstrom)
	    C    -0.7582599306   1.1626178263  -0.0013476513
	    C     0.6277305721   1.2379795192  -0.0007451300
	    C     1.3859875651   0.0753662564   0.0008335184
	    C     0.7582597732  -1.1626174622   0.0018208887
	    C    -0.6277309752  -1.2379796953   0.0005163799
	    C    -1.3859874560  -0.0753674758  -0.0010775294
	    H    -1.3458974156   2.0636408126  -0.0026116721
	    H     1.1142115068   2.1974100025  -0.0012172512
	    H     2.4601174885   0.1337761195   0.0015902926
	    H     1.3459036428  -2.0636358286   0.0030132135
	    H    -1.1142123126  -2.1974084337   0.0010204967
	    H    -2.4601175339  -0.1337703911  -0.0018007510
	Saving final (previous) structure.
			--------------------------
			 OPTKING Finished Execution 
			--------------------------

    Final optimized geometry and variables:
    Molecular point group: c1
    Full point group: C1

    Geometry (in Angstrom), charge = 0, multiplicity = 1:

    C           -0.758259933617     1.162617830855    -0.001347651354
    C            0.627730574533     1.237979524039    -0.000745129987
    C            1.385987570505     0.075366256721     0.000833518410
    C            0.758259776156    -1.162617466724     0.001820888756
    C           -0.627730977651    -1.237979700197     0.000516379893
    C           -1.385987461423    -0.075367476141    -0.001077529399
    H           -1.345897420940     2.063640820710    -0.002611672069
    H            1.114211511180     2.197410011108    -0.001217251249
    H            2.460117498189     0.133776120057     0.001590292583
    H            1.345903648046    -2.063635836675     0.003013213508
    H           -1.114212316984    -2.197408442318     0.001020496746
    H           -2.460117543597    -0.133770391606    -0.001800750976

	Removing binary optimization data file.
	Cleaning optimization helper files.

*** tstart() called on wanukaka
*** at Thu Apr 21 15:05:14 2022

   => Loading Basis Set <=

    Name: 6-31++G(D,P)
    Role: ORBITAL
    Keyword: BASIS
    atoms 1-6  entry C          line   115 file /home/sulstice/software/miniconda2/envs/qmpython2/share/psi4/basis/6-31ppg_d_p_.gbs 
    atoms 7-12 entry H          line    46 file /home/sulstice/software/miniconda2/envs/qmpython2/share/psi4/basis/6-31ppg_d_p_.gbs 


         ---------------------------------------------------------
                                   SCF
               by Justin Turney, Rob Parrish, Andy Simmonett
                          and Daniel G. A. Smith
                              RHF Reference
                       12 Threads,   7629 MiB Core
         ---------------------------------------------------------

  ==> Geometry <==

    Molecular point group: c1
    Full point group: C1

    Geometry (in Angstrom), charge = 0, multiplicity = 1:

       Center              X                  Y                   Z               Mass       
    ------------   -----------------  -----------------  -----------------  -----------------
         C           -0.758259933617     1.162617830855    -0.001347651354    12.000000000000
         C            0.627730574533     1.237979524039    -0.000745129987    12.000000000000
         C            1.385987570505     0.075366256721     0.000833518410    12.000000000000
         C            0.758259776156    -1.162617466724     0.001820888756    12.000000000000
         C           -0.627730977651    -1.237979700197     0.000516379893    12.000000000000
         C           -1.385987461423    -0.075367476141    -0.001077529399    12.000000000000
         H           -1.345897420940     2.063640820710    -0.002611672069     1.007825032230
         H            1.114211511180     2.197410011108    -0.001217251249     1.007825032230
         H            2.460117498189     0.133776120057     0.001590292583     1.007825032230
         H            1.345903648046    -2.063635836675     0.003013213508     1.007825032230
         H           -1.114212316984    -2.197408442318     0.001020496746     1.007825032230
         H           -2.460117543597    -0.133770391606    -0.001800750976     1.007825032230

  Running in c1 symmetry.

  Rotational constants: A =      0.19219  B =      0.19219  C =      0.09610 [cm^-1]
  Rotational constants: A =   5761.83056  B =   5761.79829  C =   2880.90728 [MHz]
  Nuclear repulsion =  204.574989180723037

  Charge       = 0
  Multiplicity = 1
  Electrons    = 42
  Nalpha       = 21
  Nbeta        = 21

  ==> Algorithm <==

  SCF Algorithm Type is DF.
  DIIS enabled.
  MOM disabled.
  Fractional occupation disabled.
  Guess Type is SAD.
  Energy threshold   = 1.00e-06
  Density threshold  = 1.00e-06
  Integral threshold = 0.00e+00

  ==> Primary Basis <==

  Basis Set: 6-31++G(D,P)
    Blend: 6-31++G(D,P)
    Number of shells: 72
    Number of basis function: 150
    Number of Cartesian functions: 150
    Spherical Harmonics?: false
    Max angular momentum: 2

   => Loading Basis Set <=

    Name: (6-31++G(D,P) AUX)
    Role: JKFIT
    Keyword: DF_BASIS_SCF
    atoms 1-6  entry C          line   154 file /home/sulstice/software/miniconda2/envs/qmpython2/share/psi4/basis/aug-cc-pvdz-jkfit.gbs 
    atoms 7-12 entry H          line    70 file /home/sulstice/software/miniconda2/envs/qmpython2/share/psi4/basis/aug-cc-pvdz-jkfit.gbs 

  ==> Pre-Iterations <==

   -------------------------------------------------------
    Irrep   Nso     Nmo     Nalpha   Nbeta   Ndocc  Nsocc
   -------------------------------------------------------
     A        150     150       0       0       0       0
   -------------------------------------------------------
    Total     150     150      21      21      21       0
   -------------------------------------------------------

  ==> Integral Setup <==

  DFHelper Memory: AOs need 0.147 GiB; user supplied 5.588 GiB. Using in-core AOs.

  ==> MemDFJK: Density-Fitted J/K Matrices <==

    J tasked:                   Yes
    K tasked:                   Yes
    wK tasked:                   No
    OpenMP threads:              12
    Memory [MiB]:              5722
    Algorithm:                 Core
    Schwarz Cutoff:           1E-12
    Mask sparsity (%):       1.4933
    Fitting Condition:        1E-10

   => Auxiliary Basis Set <=

  Basis Set: (6-31++G(D,P) AUX)
    Blend: AUG-CC-PVDZ-JKFIT
    Number of shells: 240
    Number of basis function: 816
    Number of Cartesian functions: 816
    Spherical Harmonics?: false
    Max angular momentum: 3

  Minimum eigenvalue in the overlap matrix is 1.4253730531E-06.
  Using Symmetric Orthogonalization.

  SCF Guess: Superposition of Atomic Densities via on-the-fly atomic UHF.

  ==> Iterations <==

                           Total Energy        Delta E     RMS |[F,P]|

   @DF-RHF iter SAD:  -230.17174432303233   -2.30172e+02   0.00000e+00 
   @DF-RHF iter   1:  -230.54434344128174   -3.72599e-01   3.51099e-03 DIIS
   @DF-RHF iter   2:  -230.69028824605360   -1.45945e-01   1.62662e-03 DIIS
   @DF-RHF iter   3:  -230.72039145184021   -3.01032e-02   2.44707e-04 DIIS
   @DF-RHF iter   4:  -230.72159280279374   -1.20135e-03   2.45885e-05 DIIS
   @DF-RHF iter   5:  -230.72160738169407   -1.45789e-05   4.76657e-06 DIIS
   @DF-RHF iter   6:  -230.72160794931537   -5.67621e-07   4.65749e-07 DIIS
  Energy and wave function converged.


  ==> Post-Iterations <==

    Orbital Energies [Eh]
    ---------------------

    Doubly Occupied:                                                      

       1A    -11.238905     2A    -11.238323     3A    -11.238322  
       4A    -11.237077     5A    -11.237076     6A    -11.236475  
       7A     -1.156169     8A     -1.019190     9A     -1.019187  
      10A     -0.827401    11A     -0.827398    12A     -0.713894  
      13A     -0.645890    14A     -0.621921    15A     -0.591045  
      16A     -0.591043    17A     -0.503160    18A     -0.496333  
      19A     -0.496329    20A     -0.337043    21A     -0.337040  

    Virtual:                                                              

      22A      0.042829    23A      0.051947    24A      0.051947  
      25A      0.070114    26A      0.070114    27A      0.092244  
      28A      0.111045    29A      0.111047    30A      0.137206  
      31A      0.159046    32A      0.159046    33A      0.165928  
      34A      0.172443    35A      0.185395    36A      0.185395  
      37A      0.202778    38A      0.202778    39A      0.205166  
      40A      0.211117    41A      0.227347    42A      0.227347  
      43A      0.227456    44A      0.227458    45A      0.227920  
      46A      0.241376    47A      0.241376    48A      0.253556  
      49A      0.253556    50A      0.305291    51A      0.305291  
      52A      0.305602    53A      0.361179    54A      0.382064  
      55A      0.385720    56A      0.450333    57A      0.450336  
      58A      0.487735    59A      0.487738    60A      0.500065  
      61A      0.548074    62A      0.548076    63A      0.569498  
      64A      0.569500    65A      0.750528    66A      0.792256  
      67A      0.872782    68A      0.874759    69A      0.891206  
      70A      0.950335    71A      0.950337    72A      0.971043  
      73A      0.971048    74A      0.993568    75A      0.993569  
      76A      1.021862    77A      1.021866    78A      1.052277  
      79A      1.082253    80A      1.219632    81A      1.230377  
      82A      1.230381    83A      1.239981    84A      1.239984  
      85A      1.267779    86A      1.276887    87A      1.321993  
      88A      1.321994    89A      1.390198    90A      1.390201  
      91A      1.400604    92A      1.400607    93A      1.510980  
      94A      1.554782    95A      1.578008    96A      1.672600  
      97A      1.672601    98A      1.699226    99A      1.699228  
     100A      1.704494   101A      1.704495   102A      2.042783  
     103A      2.091840   104A      2.179532   105A      2.202712  
     106A      2.290264   107A      2.290268   108A      2.302107  
     109A      2.302111   110A      2.327180   111A      2.327185  
     112A      2.331961   113A      2.398452   114A      2.398457  
     115A      2.630401   116A      2.630409   117A      2.686790  
     118A      2.728165   119A      2.728170   120A      2.733628  
     121A      2.733956   122A      2.733959   123A      2.803001  
     124A      2.803005   125A      2.865506   126A      2.865512  
     127A      2.929200   128A      2.936055   129A      2.936059  
     130A      2.977914   131A      3.009882   132A      3.123520  
     133A      3.194031   134A      3.194034   135A      3.438680  
     136A      3.438685   137A      3.556961   138A      3.649761  
     139A      3.689120   140A      3.689125   141A      3.792466  
     142A      3.956162   143A      3.956167   144A      4.398119  
     145A      4.713632   146A      4.713635   147A      4.717049  
     148A      4.917422   149A      4.917424   150A      5.302325  

    Final Occupation by Irrep:
              A 
    DOCC [    21 ]

  @DF-RHF Final Energy:  -230.72160794931537

   => Energetics <=

    Nuclear Repulsion Energy =            204.5749891807230370
    One-Electron Energy =                -715.3748177946640681
    Two-Electron Energy =                 280.0782206646256327
    Total Energy =                       -230.7216079493153984

Computation Completed


Properties will be evaluated at   0.000000,   0.000000,   0.000000 [a0]

Properties computed using the SCF density matrix

  Nuclear Dipole Moment: [e a0]
     X:     0.0000      Y:     0.0000      Z:    -0.0000

  Electronic Dipole Moment: [e a0]
     X:    -0.0000      Y:    -0.0000      Z:     0.0000

  Dipole Moment: [e a0]
     X:     0.0000      Y:     0.0000      Z:    -0.0000     Total:     0.0000

  Dipole Moment: [D]
     X:     0.0000      Y:     0.0000      Z:    -0.0000     Total:     0.0000


*** tstop() called on wanukaka at Thu Apr 21 15:05:16 2022
Module time:
	user time   =      17.79 seconds =       0.30 minutes
	system time =       0.61 seconds =       0.01 minutes
	total time  =          2 seconds =       0.03 minutes
Total time:
	user time   =     287.02 seconds =       4.78 minutes
	system time =      11.53 seconds =       0.19 minutes
	total time  =         35 seconds =       0.58 minutes
