gradient() will perform analytic gradient computation.

*** tstart() called on wanukaka
*** at Thu Apr 14 12:53:52 2022

   => Loading Basis Set <=

    Name: 6-31G
    Role: ORBITAL
    Keyword: BASIS
    atoms 1 entry C          line    87 file /home/sulstice/software/miniconda2/envs/qmpython2/share/psi4/basis/6-31g.gbs 
    atoms 2 entry O          line   117 file /home/sulstice/software/miniconda2/envs/qmpython2/share/psi4/basis/6-31g.gbs 


         ---------------------------------------------------------
                                   SCF
               by Justin Turney, Rob Parrish, Andy Simmonett
                          and Daniel G. A. Smith
                              RHF Reference
                       10 Threads,   7629 MiB Core
         ---------------------------------------------------------

  ==> Geometry <==

    Molecular point group: c2v
    Full point group: C_inf_v

    Geometry (in Angstrom), charge = 0, multiplicity = 1:

       Center              X                  Y                   Z               Mass       
    ------------   -----------------  -----------------  -----------------  -----------------
         C            0.000000000000     0.000000000000    -0.644483611972    12.000000000000
         O            0.000000000000     0.000000000000     0.483516388028    15.994914619570

  Running in c2v symmetry.

  Rotational constants: A = ************  B =      1.93239  C =      1.93239 [cm^-1]
  Rotational constants: A = ************  B =  57931.52687  C =  57931.52687 [MHz]
  Nuclear repulsion =   22.518179177446818

  Charge       = 0
  Multiplicity = 1
  Electrons    = 14
  Nalpha       = 7
  Nbeta        = 7

  ==> Algorithm <==

  SCF Algorithm Type is DF.
  DIIS enabled.
  MOM disabled.
  Fractional occupation disabled.
  Guess Type is SAD.
  Energy threshold   = 1.00e-08
  Density threshold  = 1.00e-08
  Integral threshold = 0.00e+00

  ==> Primary Basis <==

  Basis Set: 6-31G
    Blend: 6-31G
    Number of shells: 10
    Number of basis function: 18
    Number of Cartesian functions: 18
    Spherical Harmonics?: false
    Max angular momentum: 1

   => Loading Basis Set <=

    Name: (6-31G AUX)
    Role: JKFIT
    Keyword: DF_BASIS_SCF
    atoms 1 entry C          line   121 file /home/sulstice/software/miniconda2/envs/qmpython2/share/psi4/basis/cc-pvdz-jkfit.gbs 
    atoms 2 entry O          line   221 file /home/sulstice/software/miniconda2/envs/qmpython2/share/psi4/basis/cc-pvdz-jkfit.gbs 

  ==> Pre-Iterations <==

   -------------------------------------------------------
    Irrep   Nso     Nmo     Nalpha   Nbeta   Ndocc  Nsocc
   -------------------------------------------------------
     A1        10      10       0       0       0       0
     A2         0       0       0       0       0       0
     B1         4       4       0       0       0       0
     B2         4       4       0       0       0       0
   -------------------------------------------------------
    Total      18      18       7       7       7       0
   -------------------------------------------------------

  ==> Integral Setup <==

  DFHelper Memory: AOs need 0.001 GiB; user supplied 5.588 GiB. Using in-core AOs.

  ==> MemDFJK: Density-Fitted J/K Matrices <==

    J tasked:                   Yes
    K tasked:                   Yes
    wK tasked:                   No
    OpenMP threads:              10
    Memory [MiB]:              5722
    Algorithm:                 Core
    Schwarz Cutoff:           1E-12
    Mask sparsity (%):       0.0000
    Fitting Condition:        1E-10

   => Auxiliary Basis Set <=

  Basis Set: (6-31G AUX)
    Blend: CC-PVDZ-JKFIT
    Number of shells: 48
    Number of basis function: 162
    Number of Cartesian functions: 162
    Spherical Harmonics?: false
    Max angular momentum: 3

  Minimum eigenvalue in the overlap matrix is 2.1876649406E-02.
  Using Symmetric Orthogonalization.

  SCF Guess: Superposition of Atomic Densities via on-the-fly atomic UHF.

  ==> Iterations <==

                           Total Energy        Delta E     RMS |[F,P]|

   @DF-RHF iter SAD:  -111.89124986441753   -1.11891e+02   0.00000e+00 
   @DF-RHF iter   1:  -112.63846298629947   -7.47213e-01   2.26885e-02 DIIS
   @DF-RHF iter   2:  -112.64738862271687   -8.92564e-03   2.01047e-02 DIIS
   @DF-RHF iter   3:  -112.66691975669471   -1.95311e-02   1.46531e-03 DIIS
   @DF-RHF iter   4:  -112.66708907567211   -1.69319e-04   1.53906e-04 DIIS
   @DF-RHF iter   5:  -112.66709143075848   -2.35509e-06   4.58856e-05 DIIS
   @DF-RHF iter   6:  -112.66709159324051   -1.62482e-07   1.13723e-05 DIIS
   @DF-RHF iter   7:  -112.66709160677480   -1.35343e-08   1.82953e-06 DIIS
   @DF-RHF iter   8:  -112.66709160712182   -3.47015e-10   1.37013e-07 DIIS
   @DF-RHF iter   9:  -112.66709160712348   -1.66267e-12   1.12952e-08 DIIS
   @DF-RHF iter  10:  -112.66709160712352   -4.26326e-14   9.73328e-10 DIIS
  Energy and wave function converged.


  ==> Post-Iterations <==

    Orbital Energies [Eh]
    ---------------------

    Doubly Occupied:                                                      

       1A1   -20.686217     2A1   -11.396370     3A1    -1.561551  
       4A1    -0.797049     1B1    -0.642565     1B2    -0.642565  
       5A1    -0.550752  

    Virtual:                                                              

       2B2     0.143255     2B1     0.143255     6A1     0.404745  
       3B2     0.728086     3B1     0.728086     7A1     0.771898  
       8A1     1.011440     4B1     1.206055     4B2     1.206055  
       9A1     1.212541    10A1     1.842983  

    Final Occupation by Irrep:
             A1    A2    B1    B2 
    DOCC [     5,    0,    1,    1 ]

  @DF-RHF Final Energy:  -112.66709160712352

   => Energetics <=

    Nuclear Repulsion Energy =             22.5181791774468181
    One-Electron Energy =                -197.8164030440305226
    Two-Electron Energy =                  62.6311322594601734
    Total Energy =                       -112.6670916071235240

Computation Completed


Properties will be evaluated at   0.000000,   0.000000,   0.000000 [a0]

Properties computed using the SCF density matrix

  Nuclear Dipole Moment: [e a0]
     X:     0.0000      Y:     0.0000      Z:     0.0023

  Electronic Dipole Moment: [e a0]
     X:     0.0000      Y:     0.0000      Z:    -0.2228

  Dipole Moment: [e a0]
     X:     0.0000      Y:     0.0000      Z:    -0.2205     Total:     0.2205

  Dipole Moment: [D]
     X:     0.0000      Y:     0.0000      Z:    -0.5604     Total:     0.5604


*** tstop() called on wanukaka at Thu Apr 14 12:53:52 2022
Module time:
	user time   =       4.65 seconds =       0.08 minutes
	system time =       0.23 seconds =       0.00 minutes
	total time  =          0 seconds =       0.00 minutes
Total time:
	user time   =    8381.42 seconds =     139.69 minutes
	system time =     378.29 seconds =       6.30 minutes
	total time  =        976 seconds =      16.27 minutes

*** tstart() called on wanukaka
*** at Thu Apr 14 12:53:52 2022


         ------------------------------------------------------------
                                   SCF GRAD                          
                          Rob Parrish, Justin Turney,                
                       Andy Simmonett, and Alex Sokolov              
         ------------------------------------------------------------

  ==> Geometry <==

    Molecular point group: c2v
    Full point group: C_inf_v

    Geometry (in Angstrom), charge = 0, multiplicity = 1:

       Center              X                  Y                   Z               Mass       
    ------------   -----------------  -----------------  -----------------  -----------------
         C            0.000000000000     0.000000000000    -0.644483611972    12.000000000000
         O            0.000000000000     0.000000000000     0.483516388028    15.994914619570

  Nuclear repulsion =   22.518179177446818

  ==> Basis Set <==

  Basis Set: 6-31G
    Blend: 6-31G
    Number of shells: 10
    Number of basis function: 18
    Number of Cartesian functions: 18
    Spherical Harmonics?: false
    Max angular momentum: 1

  ==> DFJKGrad: Density-Fitted SCF Gradients <==

    Gradient:                    1
    J tasked:                  Yes
    K tasked:                  Yes
    wK tasked:                  No
    OpenMP threads:             10
    Integrals threads:          10
    Memory [MiB]:             5722
    Schwarz Cutoff:          0E+00
    Fitting Condition:       1E-10

   => Auxiliary Basis Set <=

  Basis Set: (6-31G AUX)
    Blend: CC-PVDZ-JKFIT
    Number of shells: 48
    Number of basis function: 162
    Number of Cartesian functions: 162
    Spherical Harmonics?: false
    Max angular momentum: 3


  -Total Gradient:
     Atom            X                  Y                   Z
    ------   -----------------  -----------------  -----------------
       1       -0.000000000000     0.000000000000     0.006956500178
       2        0.000000000000     0.000000000000    -0.006956500180


*** tstop() called on wanukaka at Thu Apr 14 12:53:52 2022
Module time:
	user time   =       2.67 seconds =       0.04 minutes
	system time =       0.13 seconds =       0.00 minutes
	total time  =          0 seconds =       0.00 minutes
Total time:
	user time   =    8384.10 seconds =     139.74 minutes
	system time =     378.42 seconds =       6.31 minutes
	total time  =        976 seconds =      16.27 minutes

			-----------------------------------------
			 OPTKING 2.0: for geometry optimizations 
			  - R.A. King,  Bethel University        
			-----------------------------------------

	Internal coordinates to be generated automatically.
	Detected frag 1 with atoms:  1 2
	---Fragment 1 Bond Connectivity---
	 1 : 2
	 2 : 1

	---Fragment 1 Geometry and Gradient---
	 C           0.0000000000        0.0000000000       -1.2178975190
	 O           0.0000000000        0.0000000000        0.9137135505
	            -0.0000000000        0.0000000000        0.0069565002
	             0.0000000000        0.0000000000       -0.0069565002

	Previous optimization step data not found.  Starting new optimization.

	---Fragment 1 Intrafragment Coordinates---
	 - Coordinate -           - BOHR/RAD -       - ANG/DEG -
	 R(1,2)           =         2.131611	       1.128000

	Current energy   :      -112.6670916071

	Generating empirical Hessian (Schlegel '84) for each fragment.
	Taking RFO optimization step.
	Going to follow RFO solution 1.
	Using RFO vector 1.
	Norm of target step-size    0.00460
	Projected energy change by RFO approximation:        -0.0000214177

	Back-transformation to cartesian coordinates...
	Successfully converged to displaced geometry.

	--- Internal Coordinate Step in ANG or DEG, aJ/ANG or AJ/DEG ---
	 ---------------------------------------------------------------------------
	   Coordinate                Previous        Force       Change         New 
	   ----------                --------       ------       ------       ------
	    1 R(1,2)          =      1.128000     0.057313     0.002434     1.130434
	 ---------------------------------------------------------------------------
	Successfully symmetrized geometry.

  ==> Convergence Check <==

  Measures of convergence in internal coordinates in au.
  Criteria marked as inactive (o), active & met (*), and active & unmet ( ).
  --------------------------------------------------------------------------------------------- ~
   Step     Total Energy     Delta E     MAX Force     RMS Force      MAX Disp      RMS Disp    ~
  --------------------------------------------------------------------------------------------- ~
    Convergence Criteria    1.00e-06 *    3.00e-04 *             o    1.20e-03 *             o  ~
  --------------------------------------------------------------------------------------------- ~
      1    -112.66709161   -1.13e+02      6.96e-03      6.96e-03 o    4.60e-03      4.60e-03 o  ~
  ---------------------------------------------------------------------------------------------

	Writing optimization data to binary file.
	Structure for next step:
	Cartesian Geometry (in Angstrom)
	    C     0.0000000000   0.0000000000  -0.6457005227
	    O     0.0000000000   0.0000000000   0.4847332994
			--------------------------
			 OPTKING Finished Execution 
			--------------------------

    Structure for next step:
    Molecular point group: c2v
    Full point group: C_inf_v

    Geometry (in Angstrom), charge = 0, multiplicity = 1:

    C       
    O             1    1.130434

gradient() will perform analytic gradient computation.

*** tstart() called on wanukaka
*** at Thu Apr 14 12:53:52 2022

   => Loading Basis Set <=

    Name: 6-31G
    Role: ORBITAL
    Keyword: BASIS
    atoms 1 entry C          line    87 file /home/sulstice/software/miniconda2/envs/qmpython2/share/psi4/basis/6-31g.gbs 
    atoms 2 entry O          line   117 file /home/sulstice/software/miniconda2/envs/qmpython2/share/psi4/basis/6-31g.gbs 


         ---------------------------------------------------------
                                   SCF
               by Justin Turney, Rob Parrish, Andy Simmonett
                          and Daniel G. A. Smith
                              RHF Reference
                       10 Threads,   7629 MiB Core
         ---------------------------------------------------------

  ==> Geometry <==

    Molecular point group: c2v
    Full point group: C_inf_v

    Geometry (in Angstrom), charge = 0, multiplicity = 1:

       Center              X                  Y                   Z               Mass       
    ------------   -----------------  -----------------  -----------------  -----------------
         C            0.000000000000     0.000000000000    -0.645874180525    12.000000000000
         O            0.000000000000     0.000000000000     0.484559646027    15.994914619570

  Running in c2v symmetry.

  Rotational constants: A = ************  B =      1.92408  C =      1.92408 [cm^-1]
  Rotational constants: A = ************  B =  57682.34199  C =  57682.34199 [MHz]
  Nuclear repulsion =   22.469697487415452

  Charge       = 0
  Multiplicity = 1
  Electrons    = 14
  Nalpha       = 7
  Nbeta        = 7

  ==> Algorithm <==

  SCF Algorithm Type is DF.
  DIIS enabled.
  MOM disabled.
  Fractional occupation disabled.
  Guess Type is READ.
  Energy threshold   = 1.00e-08
  Density threshold  = 1.00e-08
  Integral threshold = 0.00e+00

  ==> Primary Basis <==

  Basis Set: 6-31G
    Blend: 6-31G
    Number of shells: 10
    Number of basis function: 18
    Number of Cartesian functions: 18
    Spherical Harmonics?: false
    Max angular momentum: 1

   => Loading Basis Set <=

    Name: (6-31G AUX)
    Role: JKFIT
    Keyword: DF_BASIS_SCF
    atoms 1 entry C          line   121 file /home/sulstice/software/miniconda2/envs/qmpython2/share/psi4/basis/cc-pvdz-jkfit.gbs 
    atoms 2 entry O          line   221 file /home/sulstice/software/miniconda2/envs/qmpython2/share/psi4/basis/cc-pvdz-jkfit.gbs 

   => Loading Basis Set <=

    Name: 6-31G
    Role: ORBITAL
    Keyword: BASIS
    atoms 1 entry C          line    87 file /home/sulstice/software/miniconda2/envs/qmpython2/share/psi4/basis/6-31g.gbs 
    atoms 2 entry O          line   117 file /home/sulstice/software/miniconda2/envs/qmpython2/share/psi4/basis/6-31g.gbs 

  Reading orbitals from file 180, no projection.

  ==> Pre-Iterations <==

   -------------------------------------------------------
    Irrep   Nso     Nmo     Nalpha   Nbeta   Ndocc  Nsocc
   -------------------------------------------------------
     A1        10      10       0       0       0       0
     A2         0       0       0       0       0       0
     B1         4       4       0       0       0       0
     B2         4       4       0       0       0       0
   -------------------------------------------------------
    Total      18      18       7       7       7       0
   -------------------------------------------------------

  ==> Integral Setup <==

  DFHelper Memory: AOs need 0.001 GiB; user supplied 5.588 GiB. Using in-core AOs.

  ==> MemDFJK: Density-Fitted J/K Matrices <==

    J tasked:                   Yes
    K tasked:                   Yes
    wK tasked:                   No
    OpenMP threads:              10
    Memory [MiB]:              5722
    Algorithm:                 Core
    Schwarz Cutoff:           1E-12
    Mask sparsity (%):       0.0000
    Fitting Condition:        1E-10

   => Auxiliary Basis Set <=

  Basis Set: (6-31G AUX)
    Blend: CC-PVDZ-JKFIT
    Number of shells: 48
    Number of basis function: 162
    Number of Cartesian functions: 162
    Spherical Harmonics?: false
    Max angular momentum: 3

  Minimum eigenvalue in the overlap matrix is 2.2000330067E-02.
  Using Symmetric Orthogonalization.

  SCF Guess: Orbitals guess was supplied from a previous computation.

  ==> Iterations <==

                           Total Energy        Delta E     RMS |[F,P]|

   @DF-RHF iter   0:  -112.66338763211381   -1.12663e+02   9.22639e-04 
   @DF-RHF iter   1:  -112.66710796538834   -3.72033e-03   1.40882e-04 DIIS
   @DF-RHF iter   2:  -112.66710844142608   -4.76038e-07   1.14970e-04 DIIS
   @DF-RHF iter   3:  -112.66710906585406   -6.24428e-07   1.15221e-05 DIIS
   @DF-RHF iter   4:  -112.66710907583729   -9.98322e-09   2.26940e-06 DIIS
   @DF-RHF iter   5:  -112.66710907657959   -7.42304e-10   9.29679e-07 DIIS
   @DF-RHF iter   6:  -112.66710907664606   -6.64642e-11   1.14207e-07 DIIS
   @DF-RHF iter   7:  -112.66710907664728   -1.22213e-12   7.08111e-09 DIIS
  Energy and wave function converged.


  ==> Post-Iterations <==

    Orbital Energies [Eh]
    ---------------------

    Doubly Occupied:                                                      

       1A1   -20.686243     2A1   -11.397226     3A1    -1.559732  
       4A1    -0.796907     1B1    -0.641505     1B2    -0.641505  
       5A1    -0.550994  

    Virtual:                                                              

       2B2     0.142214     2B1     0.142214     6A1     0.404531  
       3B1     0.728068     3B2     0.728068     7A1     0.771603  
       8A1     1.009739     4B2     1.205960     4B1     1.205960  
       9A1     1.209294    10A1     1.842219  

    Final Occupation by Irrep:
             A1    A2    B1    B2 
    DOCC [     5,    0,    1,    1 ]

  @DF-RHF Final Energy:  -112.66710907664728

   => Energetics <=

    Nuclear Repulsion Energy =             22.4696974874154520
    One-Electron Energy =                -197.7253882804496641
    Two-Electron Energy =                  62.5885817163869262
    Total Energy =                       -112.6671090766472787

Computation Completed


Properties will be evaluated at   0.000000,   0.000000,   0.000000 [a0]

Properties computed using the SCF density matrix

  Nuclear Dipole Moment: [e a0]
     X:     0.0000      Y:     0.0000      Z:     0.0023

  Electronic Dipole Moment: [e a0]
     X:     0.0000      Y:     0.0000      Z:    -0.2275

  Dipole Moment: [e a0]
     X:     0.0000      Y:     0.0000      Z:    -0.2251     Total:     0.2251

  Dipole Moment: [D]
     X:     0.0000      Y:     0.0000      Z:    -0.5722     Total:     0.5722


*** tstop() called on wanukaka at Thu Apr 14 12:53:53 2022
Module time:
	user time   =       2.24 seconds =       0.04 minutes
	system time =       0.11 seconds =       0.00 minutes
	total time  =          1 seconds =       0.02 minutes
Total time:
	user time   =    8386.43 seconds =     139.77 minutes
	system time =     378.54 seconds =       6.31 minutes
	total time  =        977 seconds =      16.28 minutes

*** tstart() called on wanukaka
*** at Thu Apr 14 12:53:53 2022


         ------------------------------------------------------------
                                   SCF GRAD                          
                          Rob Parrish, Justin Turney,                
                       Andy Simmonett, and Alex Sokolov              
         ------------------------------------------------------------

  ==> Geometry <==

    Molecular point group: c2v
    Full point group: C_inf_v

    Geometry (in Angstrom), charge = 0, multiplicity = 1:

       Center              X                  Y                   Z               Mass       
    ------------   -----------------  -----------------  -----------------  -----------------
         C            0.000000000000     0.000000000000    -0.645874180525    12.000000000000
         O            0.000000000000     0.000000000000     0.484559646027    15.994914619570

  Nuclear repulsion =   22.469697487415452

  ==> Basis Set <==

  Basis Set: 6-31G
    Blend: 6-31G
    Number of shells: 10
    Number of basis function: 18
    Number of Cartesian functions: 18
    Spherical Harmonics?: false
    Max angular momentum: 1

  ==> DFJKGrad: Density-Fitted SCF Gradients <==

    Gradient:                    1
    J tasked:                  Yes
    K tasked:                  Yes
    wK tasked:                  No
    OpenMP threads:             10
    Integrals threads:          10
    Memory [MiB]:             5722
    Schwarz Cutoff:          0E+00
    Fitting Condition:       1E-10

   => Auxiliary Basis Set <=

  Basis Set: (6-31G AUX)
    Blend: CC-PVDZ-JKFIT
    Number of shells: 48
    Number of basis function: 162
    Number of Cartesian functions: 162
    Spherical Harmonics?: false
    Max angular momentum: 3


  -Total Gradient:
     Atom            X                  Y                   Z
    ------   -----------------  -----------------  -----------------
       1        0.000000000000     0.000000000000     0.000657530665
       2       -0.000000000000     0.000000000000    -0.000657530666


*** tstop() called on wanukaka at Thu Apr 14 12:53:53 2022
Module time:
	user time   =       2.71 seconds =       0.05 minutes
	system time =       0.15 seconds =       0.00 minutes
	total time  =          0 seconds =       0.00 minutes
Total time:
	user time   =    8389.15 seconds =     139.82 minutes
	system time =     378.69 seconds =       6.31 minutes
	total time  =        977 seconds =      16.28 minutes

			-----------------------------------------
			 OPTKING 2.0: for geometry optimizations 
			  - R.A. King,  Bethel University        
			-----------------------------------------

	Previous internal coordinate definitions found.
	---Fragment 1 Geometry and Gradient---
	 C           0.0000000000        0.0000000000       -1.2205253127
	 O           0.0000000000        0.0000000000        0.9156850224
	             0.0000000000        0.0000000000        0.0006575307
	            -0.0000000000        0.0000000000       -0.0006575307

	---Fragment 1 Intrafragment Coordinates---
	 - Coordinate -           - BOHR/RAD -       - ANG/DEG -
	 R(1,2)           =         2.136210	       1.130434

	Current energy   :      -112.6671090766

	Energy change for the previous step:
		Projected    :        -0.0000214177
		Actual       :        -0.0000174695
	Energy ratio indicates good step: Trust radius increased to 1.000e+00.


	Performing BFGS update.
	Previous computed or guess Hessian on step 1.
	Steps to be used in Hessian update: 1
	Taking RFO optimization step.
	Going to follow RFO solution 1.
	Using RFO vector 1.
	Norm of target step-size    0.00048
	Projected energy change by RFO approximation:        -0.0000002004

	Back-transformation to cartesian coordinates...
	Successfully converged to displaced geometry.

	--- Internal Coordinate Step in ANG or DEG, aJ/ANG or AJ/DEG ---
	 ---------------------------------------------------------------------------
	   Coordinate                Previous        Force       Change         New 
	   ----------                --------       ------       ------       ------
	    1 R(1,2)          =      1.130434     0.005417     0.000254     1.130688
	 ---------------------------------------------------------------------------
	Successfully symmetrized geometry.

  ==> Convergence Check <==

  Measures of convergence in internal coordinates in au.
  Criteria marked as inactive (o), active & met (*), and active & unmet ( ).
  ---------------------------------------------------------------------------------------------
   Step     Total Energy     Delta E     MAX Force     RMS Force      MAX Disp      RMS Disp   
  ---------------------------------------------------------------------------------------------
    Convergence Criteria    1.00e-06 *    3.00e-04 *             o    1.20e-03 *             o
  ---------------------------------------------------------------------------------------------
      2    -112.66710908   -1.75e-05      6.58e-04      6.58e-04 o    4.80e-04 *    4.80e-04 o  ~
  ---------------------------------------------------------------------------------------------

	Writing optimization data to binary file.
	Structure for next step:
	Cartesian Geometry (in Angstrom)
	    C     0.0000000000   0.0000000000  -0.6460012079
	    O     0.0000000000   0.0000000000   0.4846866740
			--------------------------
			 OPTKING Finished Execution 
			--------------------------

    Structure for next step:
    Molecular point group: c2v
    Full point group: C_inf_v

    Geometry (in Angstrom), charge = 0, multiplicity = 1:

    C       
    O             1    1.130688

gradient() will perform analytic gradient computation.

*** tstart() called on wanukaka
*** at Thu Apr 14 12:53:53 2022

   => Loading Basis Set <=

    Name: 6-31G
    Role: ORBITAL
    Keyword: BASIS
    atoms 1 entry C          line    87 file /home/sulstice/software/miniconda2/envs/qmpython2/share/psi4/basis/6-31g.gbs 
    atoms 2 entry O          line   117 file /home/sulstice/software/miniconda2/envs/qmpython2/share/psi4/basis/6-31g.gbs 


         ---------------------------------------------------------
                                   SCF
               by Justin Turney, Rob Parrish, Andy Simmonett
                          and Daniel G. A. Smith
                              RHF Reference
                       10 Threads,   7629 MiB Core
         ---------------------------------------------------------

  ==> Geometry <==

    Molecular point group: c2v
    Full point group: C_inf_v

    Geometry (in Angstrom), charge = 0, multiplicity = 1:

       Center              X                  Y                   Z               Mass       
    ------------   -----------------  -----------------  -----------------  -----------------
         C            0.000000000000     0.000000000000    -0.646019337800    12.000000000000
         O            0.000000000000     0.000000000000     0.484668548597    15.994914619570

  Running in c2v symmetry.

  Rotational constants: A = ************  B =      1.92321  C =      1.92321 [cm^-1]
  Rotational constants: A = ************  B =  57656.42305  C =  57656.42305 [MHz]
  Nuclear repulsion =   22.464648660108413

  Charge       = 0
  Multiplicity = 1
  Electrons    = 14
  Nalpha       = 7
  Nbeta        = 7

  ==> Algorithm <==

  SCF Algorithm Type is DF.
  DIIS enabled.
  MOM disabled.
  Fractional occupation disabled.
  Guess Type is READ.
  Energy threshold   = 1.00e-08
  Density threshold  = 1.00e-08
  Integral threshold = 0.00e+00

  ==> Primary Basis <==

  Basis Set: 6-31G
    Blend: 6-31G
    Number of shells: 10
    Number of basis function: 18
    Number of Cartesian functions: 18
    Spherical Harmonics?: false
    Max angular momentum: 1

   => Loading Basis Set <=

    Name: (6-31G AUX)
    Role: JKFIT
    Keyword: DF_BASIS_SCF
    atoms 1 entry C          line   121 file /home/sulstice/software/miniconda2/envs/qmpython2/share/psi4/basis/cc-pvdz-jkfit.gbs 
    atoms 2 entry O          line   221 file /home/sulstice/software/miniconda2/envs/qmpython2/share/psi4/basis/cc-pvdz-jkfit.gbs 

   => Loading Basis Set <=

    Name: 6-31G
    Role: ORBITAL
    Keyword: BASIS
    atoms 1 entry C          line    87 file /home/sulstice/software/miniconda2/envs/qmpython2/share/psi4/basis/6-31g.gbs 
    atoms 2 entry O          line   117 file /home/sulstice/software/miniconda2/envs/qmpython2/share/psi4/basis/6-31g.gbs 

  Reading orbitals from file 180, no projection.

  ==> Pre-Iterations <==

   -------------------------------------------------------
    Irrep   Nso     Nmo     Nalpha   Nbeta   Ndocc  Nsocc
   -------------------------------------------------------
     A1        10      10       0       0       0       0
     A2         0       0       0       0       0       0
     B1         4       4       0       0       0       0
     B2         4       4       0       0       0       0
   -------------------------------------------------------
    Total      18      18       7       7       7       0
   -------------------------------------------------------

  ==> Integral Setup <==

  DFHelper Memory: AOs need 0.001 GiB; user supplied 5.588 GiB. Using in-core AOs.

  ==> MemDFJK: Density-Fitted J/K Matrices <==

    J tasked:                   Yes
    K tasked:                   Yes
    wK tasked:                   No
    OpenMP threads:              10
    Memory [MiB]:              5722
    Algorithm:                 Core
    Schwarz Cutoff:           1E-12
    Mask sparsity (%):       0.0000
    Fitting Condition:        1E-10

   => Auxiliary Basis Set <=

  Basis Set: (6-31G AUX)
    Blend: CC-PVDZ-JKFIT
    Number of shells: 48
    Number of basis function: 162
    Number of Cartesian functions: 162
    Spherical Harmonics?: false
    Max angular momentum: 3

  Minimum eigenvalue in the overlap matrix is 2.2013286116E-02.
  Using Symmetric Orthogonalization.

  SCF Guess: Orbitals guess was supplied from a previous computation.

  ==> Iterations <==

                           Total Energy        Delta E     RMS |[F,P]|

   @DF-RHF iter   0:  -112.66672095456290   -1.12667e+02   9.60504e-05 
   @DF-RHF iter   1:  -112.66710922379318   -3.88269e-04   1.46861e-05 DIIS
   @DF-RHF iter   2:  -112.66710922897015   -5.17697e-09   1.19843e-05 DIIS
   @DF-RHF iter   3:  -112.66710923575648   -6.78634e-09   1.20363e-06 DIIS
   @DF-RHF iter   4:  -112.66710923586542   -1.08940e-10   2.37216e-07 DIIS
   @DF-RHF iter   5:  -112.66710923587350   -8.07177e-12   9.72951e-08 DIIS
   @DF-RHF iter   6:  -112.66710923587426   -7.67386e-13   1.19243e-08 DIIS
   @DF-RHF iter   7:  -112.66710923587422    4.26326e-14   7.39656e-10 DIIS
  Energy and wave function converged.


  ==> Post-Iterations <==

    Orbital Energies [Eh]
    ---------------------

    Doubly Occupied:                                                      

       1A1   -20.686246     2A1   -11.397315     3A1    -1.559542  
       4A1    -0.796892     1B2    -0.641395     1B1    -0.641395  
       5A1    -0.551019  

    Virtual:                                                              

       2B1     0.142105     2B2     0.142105     6A1     0.404508  
       3B1     0.728066     3B2     0.728066     7A1     0.771573  
       8A1     1.009556     4B2     1.205950     4B1     1.205950  
       9A1     1.208964    10A1     1.842139  

    Final Occupation by Irrep:
             A1    A2    B1    B2 
    DOCC [     5,    0,    1,    1 ]

  @DF-RHF Final Energy:  -112.66710923587422

   => Energetics <=

    Nuclear Repulsion Energy =             22.4646486601084128
    One-Electron Energy =                -197.7159078426064980
    Two-Electron Energy =                  62.5841499466238531
    Total Energy =                       -112.6671092358742214

Computation Completed


Properties will be evaluated at   0.000000,   0.000000,   0.000000 [a0]

Properties computed using the SCF density matrix

  Nuclear Dipole Moment: [e a0]
     X:     0.0000      Y:     0.0000      Z:     0.0023

  Electronic Dipole Moment: [e a0]
     X:     0.0000      Y:     0.0000      Z:    -0.2279

  Dipole Moment: [e a0]
     X:     0.0000      Y:     0.0000      Z:    -0.2256     Total:     0.2256

  Dipole Moment: [D]
     X:     0.0000      Y:     0.0000      Z:    -0.5735     Total:     0.5735


*** tstop() called on wanukaka at Thu Apr 14 12:53:53 2022
Module time:
	user time   =       2.56 seconds =       0.04 minutes
	system time =       0.10 seconds =       0.00 minutes
	total time  =          0 seconds =       0.00 minutes
Total time:
	user time   =    8391.80 seconds =     139.86 minutes
	system time =     378.80 seconds =       6.31 minutes
	total time  =        977 seconds =      16.28 minutes

*** tstart() called on wanukaka
*** at Thu Apr 14 12:53:53 2022


         ------------------------------------------------------------
                                   SCF GRAD                          
                          Rob Parrish, Justin Turney,                
                       Andy Simmonett, and Alex Sokolov              
         ------------------------------------------------------------

  ==> Geometry <==

    Molecular point group: c2v
    Full point group: C_inf_v

    Geometry (in Angstrom), charge = 0, multiplicity = 1:

       Center              X                  Y                   Z               Mass       
    ------------   -----------------  -----------------  -----------------  -----------------
         C            0.000000000000     0.000000000000    -0.646019337800    12.000000000000
         O            0.000000000000     0.000000000000     0.484668548597    15.994914619570

  Nuclear repulsion =   22.464648660108420

  ==> Basis Set <==

  Basis Set: 6-31G
    Blend: 6-31G
    Number of shells: 10
    Number of basis function: 18
    Number of Cartesian functions: 18
    Spherical Harmonics?: false
    Max angular momentum: 1

  ==> DFJKGrad: Density-Fitted SCF Gradients <==

    Gradient:                    1
    J tasked:                  Yes
    K tasked:                  Yes
    wK tasked:                  No
    OpenMP threads:             10
    Integrals threads:          10
    Memory [MiB]:             5722
    Schwarz Cutoff:          0E+00
    Fitting Condition:       1E-10

   => Auxiliary Basis Set <=

  Basis Set: (6-31G AUX)
    Blend: CC-PVDZ-JKFIT
    Number of shells: 48
    Number of basis function: 162
    Number of Cartesian functions: 162
    Spherical Harmonics?: false
    Max angular momentum: 3


  -Total Gradient:
     Atom            X                  Y                   Z
    ------   -----------------  -----------------  -----------------
       1        0.000000000000    -0.000000000000     0.000005987004
       2        0.000000000000     0.000000000000    -0.000005987004


*** tstop() called on wanukaka at Thu Apr 14 12:53:54 2022
Module time:
	user time   =       2.97 seconds =       0.05 minutes
	system time =       0.17 seconds =       0.00 minutes
	total time  =          1 seconds =       0.02 minutes
Total time:
	user time   =    8394.79 seconds =     139.91 minutes
	system time =     378.97 seconds =       6.32 minutes
	total time  =        978 seconds =      16.30 minutes

			-----------------------------------------
			 OPTKING 2.0: for geometry optimizations 
			  - R.A. King,  Bethel University        
			-----------------------------------------

	Previous internal coordinate definitions found.
	---Fragment 1 Geometry and Gradient---
	 C           0.0000000000        0.0000000000       -1.2207996202
	 O           0.0000000000        0.0000000000        0.9158908185
	             0.0000000000       -0.0000000000        0.0000059870
	             0.0000000000        0.0000000000       -0.0000059870

	---Fragment 1 Intrafragment Coordinates---
	 - Coordinate -           - BOHR/RAD -       - ANG/DEG -
	 R(1,2)           =         2.136690	       1.130688

	Current energy   :      -112.6671092359

	Energy change for the previous step:
		Projected    :        -0.0000002004
		Actual       :        -0.0000001592

	Performing BFGS update.
	Previous computed or guess Hessian on step 1.
	Steps to be used in Hessian update: 2 1
	Taking RFO optimization step.
	Going to follow RFO solution 1.
	Using RFO vector 1.
	Norm of target step-size    0.00000
	Projected energy change by RFO approximation:        -0.0000000000

	Back-transformation to cartesian coordinates...
	Successfully converged to displaced geometry.

	--- Internal Coordinate Step in ANG or DEG, aJ/ANG or AJ/DEG ---
	 ---------------------------------------------------------------------------
	   Coordinate                Previous        Force       Change         New 
	   ----------                --------       ------       ------       ------
	    1 R(1,2)          =      1.130688     0.000049     0.000002     1.130690
	 ---------------------------------------------------------------------------
	Successfully symmetrized geometry.

  ==> Convergence Check <==

  Measures of convergence in internal coordinates in au.
  Criteria marked as inactive (o), active & met (*), and active & unmet ( ).
  ---------------------------------------------------------------------------------------------
   Step     Total Energy     Delta E     MAX Force     RMS Force      MAX Disp      RMS Disp   
  ---------------------------------------------------------------------------------------------
    Convergence Criteria    1.00e-06 *    3.00e-04 *             o    1.20e-03 *             o
  ---------------------------------------------------------------------------------------------
      3    -112.66710924   -1.59e-07 *    5.99e-06 *    5.99e-06 o    4.38e-06 *    4.38e-06 o  ~
  ---------------------------------------------------------------------------------------------


  **** Optimization is complete! (in 3 steps) ****

  ==> Optimization Summary <==

  Measures of convergence in internal coordinates in au.
  --------------------------------------------------------------------------------------------------------------- ~
   Step         Total Energy             Delta E       MAX Force       RMS Force        MAX Disp        RMS Disp  ~
  --------------------------------------------------------------------------------------------------------------- ~
      1    -112.667091607124   -112.667091607124      0.00695650      0.00695650      0.00459927      0.00459927  ~
      2    -112.667109076647     -0.000017469524      0.00065753      0.00065753      0.00048010      0.00048010  ~
      3    -112.667109235874     -0.000000159227      0.00000599      0.00000599      0.00000438      0.00000438  ~
  --------------------------------------------------------------------------------------------------------------- ~

	Writing optimization data to binary file.
	Final energy is   -112.6671092358742
	Final (previous) structure:
	Cartesian Geometry (in Angstrom)
	    C     0.0000000000   0.0000000000  -0.6460193353
	    O     0.0000000000   0.0000000000   0.4846685467
	Saving final (previous) structure.
			--------------------------
			 OPTKING Finished Execution 
			--------------------------

    Final optimized geometry and variables:
    Molecular point group: c2v
    Full point group: C_inf_v

    Geometry (in Angstrom), charge = 0, multiplicity = 1:

    C       
    O             1    1.130688

	Removing binary optimization data file.
	Cleaning optimization helper files.

*** tstart() called on wanukaka
*** at Thu Apr 14 12:53:54 2022

   => Loading Basis Set <=

    Name: 6-31G
    Role: ORBITAL
    Keyword: BASIS
    atoms 1 entry C          line    87 file /home/sulstice/software/miniconda2/envs/qmpython2/share/psi4/basis/6-31g.gbs 
    atoms 2 entry O          line   117 file /home/sulstice/software/miniconda2/envs/qmpython2/share/psi4/basis/6-31g.gbs 


         ---------------------------------------------------------
                                   SCF
               by Justin Turney, Rob Parrish, Andy Simmonett
                          and Daniel G. A. Smith
                              RHF Reference
                       10 Threads,   7629 MiB Core
         ---------------------------------------------------------

  ==> Geometry <==

    Molecular point group: c2v
    Full point group: C_inf_v

    Geometry (in Angstrom), charge = 0, multiplicity = 1:

       Center              X                  Y                   Z               Mass       
    ------------   -----------------  -----------------  -----------------  -----------------
         C            0.000000000000     0.000000000000    -0.646019337800    12.000000000000
         O            0.000000000000     0.000000000000     0.484668548597    15.994914619570

  Running in c2v symmetry.

  Rotational constants: A = ************  B =      1.92321  C =      1.92321 [cm^-1]
  Rotational constants: A = ************  B =  57656.42305  C =  57656.42305 [MHz]
  Nuclear repulsion =   22.464648660108423

  Charge       = 0
  Multiplicity = 1
  Electrons    = 14
  Nalpha       = 7
  Nbeta        = 7

  ==> Algorithm <==

  SCF Algorithm Type is DF.
  DIIS enabled.
  MOM disabled.
  Fractional occupation disabled.
  Guess Type is SAD.
  Energy threshold   = 1.00e-06
  Density threshold  = 1.00e-06
  Integral threshold = 0.00e+00

  ==> Primary Basis <==

  Basis Set: 6-31G
    Blend: 6-31G
    Number of shells: 10
    Number of basis function: 18
    Number of Cartesian functions: 18
    Spherical Harmonics?: false
    Max angular momentum: 1

   => Loading Basis Set <=

    Name: (6-31G AUX)
    Role: JKFIT
    Keyword: DF_BASIS_SCF
    atoms 1 entry C          line   121 file /home/sulstice/software/miniconda2/envs/qmpython2/share/psi4/basis/cc-pvdz-jkfit.gbs 
    atoms 2 entry O          line   221 file /home/sulstice/software/miniconda2/envs/qmpython2/share/psi4/basis/cc-pvdz-jkfit.gbs 

  ==> Pre-Iterations <==

   -------------------------------------------------------
    Irrep   Nso     Nmo     Nalpha   Nbeta   Ndocc  Nsocc
   -------------------------------------------------------
     A1        10      10       0       0       0       0
     A2         0       0       0       0       0       0
     B1         4       4       0       0       0       0
     B2         4       4       0       0       0       0
   -------------------------------------------------------
    Total      18      18       7       7       7       0
   -------------------------------------------------------

  ==> Integral Setup <==

  DFHelper Memory: AOs need 0.001 GiB; user supplied 5.588 GiB. Using in-core AOs.

  ==> MemDFJK: Density-Fitted J/K Matrices <==

    J tasked:                   Yes
    K tasked:                   Yes
    wK tasked:                   No
    OpenMP threads:              10
    Memory [MiB]:              5722
    Algorithm:                 Core
    Schwarz Cutoff:           1E-12
    Mask sparsity (%):       0.0000
    Fitting Condition:        1E-10

   => Auxiliary Basis Set <=

  Basis Set: (6-31G AUX)
    Blend: CC-PVDZ-JKFIT
    Number of shells: 48
    Number of basis function: 162
    Number of Cartesian functions: 162
    Spherical Harmonics?: false
    Max angular momentum: 3

  Minimum eigenvalue in the overlap matrix is 2.2013286116E-02.
  Using Symmetric Orthogonalization.

  SCF Guess: Superposition of Atomic Densities via on-the-fly atomic UHF.

  ==> Iterations <==

                           Total Energy        Delta E     RMS |[F,P]|

   @DF-RHF iter SAD:  -111.88494735429272   -1.11885e+02   0.00000e+00 
   @DF-RHF iter   1:  -112.63815847809938   -7.53211e-01   2.27991e-02 DIIS
   @DF-RHF iter   2:  -112.64698041657614   -8.82194e-03   2.03089e-02 DIIS
   @DF-RHF iter   3:  -112.66693683382569   -1.99564e-02   1.46732e-03 DIIS
   @DF-RHF iter   4:  -112.66710669567048   -1.69862e-04   1.54209e-04 DIIS
   @DF-RHF iter   5:  -112.66710906315822   -2.36749e-06   4.53885e-05 DIIS
   @DF-RHF iter   6:  -112.66710922222069   -1.59062e-07   1.12448e-05 DIIS
   @DF-RHF iter   7:  -112.66710923550231   -1.32816e-08   1.85036e-06 DIIS
   @DF-RHF iter   8:  -112.66710923586017   -3.57858e-10   1.40137e-07 DIIS
  Energy and wave function converged.


  ==> Post-Iterations <==

    Orbital Energies [Eh]
    ---------------------

    Doubly Occupied:                                                      

       1A1   -20.686246     2A1   -11.397315     3A1    -1.559542  
       4A1    -0.796892     1B1    -0.641395     1B2    -0.641395  
       5A1    -0.551019  

    Virtual:                                                              

       2B1     0.142105     2B2     0.142105     6A1     0.404508  
       3B1     0.728066     3B2     0.728066     7A1     0.771573  
       8A1     1.009556     4B1     1.205950     4B2     1.205950  
       9A1     1.208964    10A1     1.842139  

    Final Occupation by Irrep:
             A1    A2    B1    B2 
    DOCC [     5,    0,    1,    1 ]

  @DF-RHF Final Energy:  -112.66710923586017

   => Energetics <=

    Nuclear Repulsion Energy =             22.4646486601084234
    One-Electron Energy =                -197.7159073977577179
    Two-Electron Energy =                  62.5841495017891347
    Total Energy =                       -112.6671092358601527

Computation Completed


Properties will be evaluated at   0.000000,   0.000000,   0.000000 [a0]

Properties computed using the SCF density matrix

  Nuclear Dipole Moment: [e a0]
     X:     0.0000      Y:     0.0000      Z:     0.0023

  Electronic Dipole Moment: [e a0]
     X:     0.0000      Y:     0.0000      Z:    -0.2279

  Dipole Moment: [e a0]
     X:     0.0000      Y:     0.0000      Z:    -0.2256     Total:     0.2256

  Dipole Moment: [D]
     X:     0.0000      Y:     0.0000      Z:    -0.5735     Total:     0.5735


*** tstop() called on wanukaka at Thu Apr 14 12:53:54 2022
Module time:
	user time   =       5.14 seconds =       0.09 minutes
	system time =       0.25 seconds =       0.00 minutes
	total time  =          0 seconds =       0.00 minutes
Total time:
	user time   =    8400.03 seconds =     140.00 minutes
	system time =     379.22 seconds =       6.32 minutes
	total time  =        978 seconds =      16.30 minutes
hessian() using ref_gradient to assess stationary point.

  Based on options and gradient (rms=3.46E-06), recommend projecting translations and projecting rotations.
hessian() will perform analytic frequency computation.

*** tstart() called on wanukaka
*** at Thu Apr 14 12:53:54 2022

   => Loading Basis Set <=

    Name: 6-31G
    Role: ORBITAL
    Keyword: BASIS
    atoms 1 entry C          line    87 file /home/sulstice/software/miniconda2/envs/qmpython2/share/psi4/basis/6-31g.gbs 
    atoms 2 entry O          line   117 file /home/sulstice/software/miniconda2/envs/qmpython2/share/psi4/basis/6-31g.gbs 


         ---------------------------------------------------------
                                   SCF
               by Justin Turney, Rob Parrish, Andy Simmonett
                          and Daniel G. A. Smith
                              RHF Reference
                       10 Threads,   7629 MiB Core
         ---------------------------------------------------------

  ==> Geometry <==

    Molecular point group: c2v
    Full point group: C_inf_v

    Geometry (in Angstrom), charge = 0, multiplicity = 1:

       Center              X                  Y                   Z               Mass       
    ------------   -----------------  -----------------  -----------------  -----------------
         C            0.000000000000     0.000000000000    -0.646019337800    12.000000000000
         O            0.000000000000     0.000000000000     0.484668548597    15.994914619570

  Running in c2v symmetry.

  Rotational constants: A = ************  B =      1.92321  C =      1.92321 [cm^-1]
  Rotational constants: A = ************  B =  57656.42305  C =  57656.42305 [MHz]
  Nuclear repulsion =   22.464648660108423

  Charge       = 0
  Multiplicity = 1
  Electrons    = 14
  Nalpha       = 7
  Nbeta        = 7

  ==> Algorithm <==

  SCF Algorithm Type is DF.
  DIIS enabled.
  MOM disabled.
  Fractional occupation disabled.
  Guess Type is SAD.
  Energy threshold   = 1.00e-08
  Density threshold  = 1.00e-08
  Integral threshold = 0.00e+00

  ==> Primary Basis <==

  Basis Set: 6-31G
    Blend: 6-31G
    Number of shells: 10
    Number of basis function: 18
    Number of Cartesian functions: 18
    Spherical Harmonics?: false
    Max angular momentum: 1

   => Loading Basis Set <=

    Name: (6-31G AUX)
    Role: JKFIT
    Keyword: DF_BASIS_SCF
    atoms 1 entry C          line   121 file /home/sulstice/software/miniconda2/envs/qmpython2/share/psi4/basis/cc-pvdz-jkfit.gbs 
    atoms 2 entry O          line   221 file /home/sulstice/software/miniconda2/envs/qmpython2/share/psi4/basis/cc-pvdz-jkfit.gbs 

  ==> Pre-Iterations <==

   -------------------------------------------------------
    Irrep   Nso     Nmo     Nalpha   Nbeta   Ndocc  Nsocc
   -------------------------------------------------------
     A1        10      10       0       0       0       0
     A2         0       0       0       0       0       0
     B1         4       4       0       0       0       0
     B2         4       4       0       0       0       0
   -------------------------------------------------------
    Total      18      18       7       7       7       0
   -------------------------------------------------------

  ==> Integral Setup <==

  DFHelper Memory: AOs need 0.001 GiB; user supplied 5.588 GiB. Using in-core AOs.

  ==> MemDFJK: Density-Fitted J/K Matrices <==

    J tasked:                   Yes
    K tasked:                   Yes
    wK tasked:                   No
    OpenMP threads:              10
    Memory [MiB]:              5722
    Algorithm:                 Core
    Schwarz Cutoff:           1E-12
    Mask sparsity (%):       0.0000
    Fitting Condition:        1E-10

   => Auxiliary Basis Set <=

  Basis Set: (6-31G AUX)
    Blend: CC-PVDZ-JKFIT
    Number of shells: 48
    Number of basis function: 162
    Number of Cartesian functions: 162
    Spherical Harmonics?: false
    Max angular momentum: 3

  Minimum eigenvalue in the overlap matrix is 2.2013286116E-02.
  Using Symmetric Orthogonalization.

  SCF Guess: Superposition of Atomic Densities via on-the-fly atomic UHF.

  ==> Iterations <==

                           Total Energy        Delta E     RMS |[F,P]|

   @DF-RHF iter SAD:  -111.88494735429273   -1.11885e+02   0.00000e+00 
   @DF-RHF iter   1:  -112.63815847809931   -7.53211e-01   2.27991e-02 DIIS
   @DF-RHF iter   2:  -112.64698041657614   -8.82194e-03   2.03089e-02 DIIS
   @DF-RHF iter   3:  -112.66693683382567   -1.99564e-02   1.46732e-03 DIIS
   @DF-RHF iter   4:  -112.66710669567054   -1.69862e-04   1.54209e-04 DIIS
   @DF-RHF iter   5:  -112.66710906315828   -2.36749e-06   4.53885e-05 DIIS
   @DF-RHF iter   6:  -112.66710922222069   -1.59062e-07   1.12448e-05 DIIS
   @DF-RHF iter   7:  -112.66710923550235   -1.32817e-08   1.85036e-06 DIIS
   @DF-RHF iter   8:  -112.66710923586021   -3.57858e-10   1.40137e-07 DIIS
   @DF-RHF iter   9:  -112.66710923586191   -1.70530e-12   1.14814e-08 DIIS
   @DF-RHF iter  10:  -112.66710923586194   -2.84217e-14   9.86854e-10 DIIS
  Energy and wave function converged.


  ==> Post-Iterations <==

    Orbital Energies [Eh]
    ---------------------

    Doubly Occupied:                                                      

       1A1   -20.686246     2A1   -11.397315     3A1    -1.559542  
       4A1    -0.796892     1B1    -0.641395     1B2    -0.641395  
       5A1    -0.551019  

    Virtual:                                                              

       2B1     0.142105     2B2     0.142105     6A1     0.404508  
       3B1     0.728066     3B2     0.728066     7A1     0.771573  
       8A1     1.009556     4B1     1.205950     4B2     1.205950  
       9A1     1.208964    10A1     1.842139  

    Final Occupation by Irrep:
             A1    A2    B1    B2 
    DOCC [     5,    0,    1,    1 ]

  @DF-RHF Final Energy:  -112.66710923586194

   => Energetics <=

    Nuclear Repulsion Energy =             22.4646486601084234
    One-Electron Energy =                -197.7159078503464684
    Two-Electron Energy =                  62.5841499543760946
    Total Energy =                       -112.6671092358619433

Computation Completed


Properties will be evaluated at   0.000000,   0.000000,   0.000000 [a0]

Properties computed using the SCF density matrix

  Nuclear Dipole Moment: [e a0]
     X:     0.0000      Y:     0.0000      Z:     0.0023

  Electronic Dipole Moment: [e a0]
     X:     0.0000      Y:     0.0000      Z:    -0.2279

  Dipole Moment: [e a0]
     X:     0.0000      Y:     0.0000      Z:    -0.2256     Total:     0.2256

  Dipole Moment: [D]
     X:     0.0000      Y:     0.0000      Z:    -0.5735     Total:     0.5735


*** tstop() called on wanukaka at Thu Apr 14 12:53:55 2022
Module time:
	user time   =       5.25 seconds =       0.09 minutes
	system time =       0.19 seconds =       0.00 minutes
	total time  =          1 seconds =       0.02 minutes
Total time:
	user time   =    8405.38 seconds =     140.09 minutes
	system time =     379.41 seconds =       6.32 minutes
	total time  =        979 seconds =      16.32 minutes

*** tstart() called on wanukaka
*** at Thu Apr 14 12:53:55 2022


         ------------------------------------------------------------
                                   SCF HESS                          
                          Rob Parrish, Justin Turney,                
                       Andy Simmonett, and Alex Sokolov              
         ------------------------------------------------------------

  ==> Geometry <==

    Molecular point group: c2v
    Full point group: C_inf_v

    Geometry (in Angstrom), charge = 0, multiplicity = 1:

       Center              X                  Y                   Z               Mass       
    ------------   -----------------  -----------------  -----------------  -----------------
         C            0.000000000000     0.000000000000    -0.646019337800    12.000000000000
         O            0.000000000000     0.000000000000     0.484668548597    15.994914619570

  Nuclear repulsion =   22.464648660108423

  ==> Basis Set <==

  Basis Set: 6-31G
    Blend: 6-31G
    Number of shells: 10
    Number of basis function: 18
    Number of Cartesian functions: 18
    Spherical Harmonics?: false
    Max angular momentum: 1

  ==> DFJKGrad: Density-Fitted SCF Gradients <==

    Gradient:                    2
    J tasked:                  Yes
    K tasked:                  Yes
    wK tasked:                  No
    OpenMP threads:             10
    Integrals threads:          10
    Memory [MiB]:             5722
    Schwarz Cutoff:          0E+00
    Fitting Condition:       1E-10

   => Auxiliary Basis Set <=

  Basis Set: (6-31G AUX)
    Blend: CC-PVDZ-JKFIT
    Number of shells: 48
    Number of basis function: 162
    Number of Cartesian functions: 162
    Spherical Harmonics?: false
    Max angular momentum: 3

  DFHelper Memory: AOs need 0.001 GiB; user supplied 6.706 GiB. Using in-core AOs.

  ==> MemDFJK: Density-Fitted J/K Matrices <==

    J tasked:                   Yes
    K tasked:                   Yes
    wK tasked:                   No
    OpenMP threads:              10
    Memory [MiB]:              6866
    Algorithm:                 Core
    Schwarz Cutoff:           1E-12
    Mask sparsity (%):       0.0000
    Fitting Condition:        1E-10

   => Auxiliary Basis Set <=

  Basis Set: (6-31G AUX)
    Blend: CC-PVDZ-JKFIT
    Number of shells: 48
    Number of basis function: 162
    Number of Cartesian functions: 162
    Spherical Harmonics?: false
    Max angular momentum: 3


         ------------------------------------------------------------
                                     CPHF                           
                                  Rob Parrish                       
         ------------------------------------------------------------

  ==> Geometry <==

    Molecular point group: c2v
    Full point group: C_inf_v

    Geometry (in Angstrom), charge = 0, multiplicity = 1:

       Center              X                  Y                   Z               Mass       
    ------------   -----------------  -----------------  -----------------  -----------------
         C            0.000000000000     0.000000000000    -0.646019337800    12.000000000000
         O            0.000000000000     0.000000000000     0.484668548597    15.994914619570

  Nuclear repulsion =   22.464648660108423
  Reference energy  = -112.667109235861943

  ==> Basis Set <==

  Basis Set: 6-31G
    Blend: 6-31G
    Number of shells: 10
    Number of basis function: 18
    Number of Cartesian functions: 18
    Spherical Harmonics?: false
    Max angular momentum: 1

  ==> CGRSolver (by Rob Parrish) <==

   Number of roots    =         6
   Preconditioning    =    JACOBI
   Convergence cutoff =     1E-06
   Maximum iterations =       100

  ==> CPHFRHamiltonian (by Rob Parrish) <== 

  ==> MemDFJK: Density-Fitted J/K Matrices <==

    J tasked:                   Yes
    K tasked:                   Yes
    wK tasked:                   No
    OpenMP threads:              10
    Memory [MiB]:              6866
    Algorithm:                 Core
    Schwarz Cutoff:           1E-12
    Mask sparsity (%):       0.0000
    Fitting Condition:        1E-10

   => Auxiliary Basis Set <=

  Basis Set: (6-31G AUX)
    Blend: CC-PVDZ-JKFIT
    Number of shells: 48
    Number of basis function: 162
    Number of Cartesian functions: 162
    Spherical Harmonics?: false
    Max angular momentum: 3

  ==> CPHF Iterations <==

  => Iterations <=

             Iter  Converged  Remaining    Residual
  CGR           1          0          6   1.088E-01
  CGR           2          0          6   2.134E-02
  CGR           3          0          6   5.012E-03
  CGR           4          0          6   6.718E-04
  CGR           5          0          6   4.574E-05
  CGR           6          0          6   7.246E-06
  CGR           7          6          0   4.709E-07

    CGRSolver converged.


*** tstop() called on wanukaka at Thu Apr 14 12:53:57 2022
Module time:
	user time   =      19.62 seconds =       0.33 minutes
	system time =       0.54 seconds =       0.01 minutes
	total time  =          2 seconds =       0.03 minutes
Total time:
	user time   =    8425.02 seconds =     140.42 minutes
	system time =     379.95 seconds =       6.33 minutes
	total time  =        981 seconds =      16.35 minutes


  ==> Harmonic Vibrational Analysis <==

  non-mass-weighted Hessian:       Symmetric? True   Hermitian? True   Lin Dep Dim?  0 (0)
  projection of translations (True) and rotations (True) removed 5 degrees of freedom (5)
  total projector:                 Symmetric? True   Hermitian? True   Lin Dep Dim?  5 (5)
  mass-weighted Hessian:           Symmetric? True   Hermitian? True   Lin Dep Dim?  0 (0)
  pre-proj  low-frequency mode:    0.0000i [cm^-1]
  pre-proj  low-frequency mode:    0.0000i [cm^-1]
  pre-proj  low-frequency mode:    0.0000i [cm^-1]
  pre-proj  low-frequency mode:    0.0000i [cm^-1]
  pre-proj  low-frequency mode:    0.0075  [cm^-1]
  pre-proj  all modes:['3.2865i' '3.2864i' '0.0021i' '0.0019i' '0.0075' '2286.0103']
  projected mass-weighted Hessian: Symmetric? True   Hermitian? True   Lin Dep Dim?  5 (5)
  post-proj low-frequency mode:    0.0000i [cm^-1] (TR)
  post-proj low-frequency mode:    0.0000i [cm^-1] (TR)
  post-proj low-frequency mode:    0.0000i [cm^-1] (TR)
  post-proj low-frequency mode:    0.0000  [cm^-1] (TR)
  post-proj low-frequency mode:    0.0000  [cm^-1] (TR)
  post-proj  all modes:['0.0000i' '0.0000i' '0.0000i' '0.0000' '0.0000' '2286.0103']

  Vibration                       6           
  Freq [cm^-1]                2286.0103       
  Irrep                           A1          
  Reduced mass [u]             13.4388        
  Force const [mDyne/A]        41.3776        
  Turning point v=0 [a0]        0.0626        
  RMS dev v=0 [a0 u^1/2]        0.1623        
  IR activ [km/mol]            145.6552       
  Char temp [K]               3289.0598       
  ----------------------------------------------------------------------------------
      1   C                0.00  0.00  0.80   
      2   O               -0.00 -0.00 -0.60   

  ==> Thermochemistry Components <==

  Entropy, S
    Electronic S            0.000 [cal/(mol K)]        0.000 [J/(mol K)]       0.00000000 [mEh/K] (multiplicity = 1)
    Translational S        35.923 [cal/(mol K)]      150.302 [J/(mol K)]       0.05724692 [mEh/K] (mol. weight = 27.9949 [u], P = 101325.00 [Pa])
    Rotational S           11.287 [cal/(mol K)]       47.225 [J/(mol K)]       0.01798687 [mEh/K] (symmetry no. = 1)
    Vibrational S           0.000 [cal/(mol K)]        0.002 [J/(mol K)]       0.00000062 [mEh/K]
  Total S                  47.210 [cal/(mol K)]      197.528 [J/(mol K)]       0.07523441 [mEh/K]
  Correction S              0.000 [cal/(mol K)]        0.000 [J/(mol K)]       0.00000000 [mEh/K]

  Constant volume heat capacity, Cv
    Electronic Cv           0.000 [cal/(mol K)]        0.000 [J/(mol K)]       0.00000000 [mEh/K]
    Translational Cv        2.981 [cal/(mol K)]       12.472 [J/(mol K)]       0.00475022 [mEh/K]
    Rotational Cv           1.987 [cal/(mol K)]        8.314 [J/(mol K)]       0.00316681 [mEh/K]
    Vibrational Cv          0.004 [cal/(mol K)]        0.016 [J/(mol K)]       0.00000624 [mEh/K]
  Total Cv                  4.972 [cal/(mol K)]       20.803 [J/(mol K)]       0.00792326 [mEh/K]
  Correction Cv             0.000 [cal/(mol K)]        0.000 [J/(mol K)]       0.00000000 [mEh/K]

  Constant pressure heat capacity, Cp
    Electronic Cp           0.000 [cal/(mol K)]        0.000 [J/(mol K)]       0.00000000 [mEh/K]
    Translational Cp        4.968 [cal/(mol K)]       20.786 [J/(mol K)]       0.00791703 [mEh/K]
    Rotational Cp           1.987 [cal/(mol K)]        8.314 [J/(mol K)]       0.00316681 [mEh/K]
    Vibrational Cp          0.004 [cal/(mol K)]        0.016 [J/(mol K)]       0.00000624 [mEh/K]
  Total Cp                  6.959 [cal/(mol K)]       29.117 [J/(mol K)]       0.01109007 [mEh/K]
  Correction Cp             0.000 [cal/(mol K)]        0.000 [J/(mol K)]       0.00000000 [mEh/K]

  ==> Thermochemistry Energy Analysis <==

  Raw electronic energy, E0
  Total E0, Electronic energy at well bottom at 0 [K]                 -112.66710924 [Eh]

  Zero-point energy, ZPE_vib = Sum_i nu_i / 2
    Electronic ZPE          0.000 [kcal/mol]        0.000 [kJ/mol]       0.00000000 [Eh]
    Translational ZPE       0.000 [kcal/mol]        0.000 [kJ/mol]       0.00000000 [Eh]
    Rotational ZPE          0.000 [kcal/mol]        0.000 [kJ/mol]       0.00000000 [Eh]
    Vibrational ZPE         3.268 [kcal/mol]       13.673 [kJ/mol]       0.00520791 [Eh]        1143.005 [cm^-1]
  Correction ZPE            3.268 [kcal/mol]       13.673 [kJ/mol]       0.00520791 [Eh]        1143.005 [cm^-1]
  Total ZPE, Electronic energy at 0 [K]                               -112.66190132 [Eh]

  Thermal Energy, E (includes ZPE)
    Electronic E            0.000 [kcal/mol]        0.000 [kJ/mol]       0.00000000 [Eh]
    Translational E         0.889 [kcal/mol]        3.718 [kJ/mol]       0.00141628 [Eh]
    Rotational E            0.592 [kcal/mol]        2.479 [kJ/mol]       0.00094418 [Eh]
    Vibrational E           3.268 [kcal/mol]       13.674 [kJ/mol]       0.00520808 [Eh]
  Correction E              4.749 [kcal/mol]       19.871 [kJ/mol]       0.00756854 [Eh]
  Total E, Electronic energy at  298.15 [K]                           -112.65954069 [Eh]

  Enthalpy, H_trans = E_trans + k_B * T
    Electronic H            0.000 [kcal/mol]        0.000 [kJ/mol]       0.00000000 [Eh]
    Translational H         1.481 [kcal/mol]        6.197 [kJ/mol]       0.00236046 [Eh]
    Rotational H            0.592 [kcal/mol]        2.479 [kJ/mol]       0.00094418 [Eh]
    Vibrational H           3.268 [kcal/mol]       13.674 [kJ/mol]       0.00520808 [Eh]
  Correction H              5.342 [kcal/mol]       22.350 [kJ/mol]       0.00851273 [Eh]
  Total H, Enthalpy at  298.15 [K]                                    -112.65859651 [Eh]

  Gibbs free energy, G = H - T * S
    Electronic G            0.000 [kcal/mol]        0.000 [kJ/mol]       0.00000000 [Eh]
    Translational G        -9.229 [kcal/mol]      -38.615 [kJ/mol]      -0.01470771 [Eh]
    Rotational G           -2.773 [kcal/mol]      -11.601 [kJ/mol]      -0.00441860 [Eh]
    Vibrational G           3.268 [kcal/mol]       13.673 [kJ/mol]       0.00520790 [Eh]
  Correction G             -8.734 [kcal/mol]      -36.543 [kJ/mol]      -0.01391841 [Eh]
  Total G, Free enthalpy at  298.15 [K]                               -112.68102765 [Eh]
