gradient() will perform analytic gradient computation.

*** tstart() called on wanukaka
*** at Thu Apr 21 15:05:39 2022

   => Loading Basis Set <=

    Name: AUG-CC-PVDZ
    Role: ORBITAL
    Keyword: BASIS
    atoms 1-6  entry C          line   178 file /home/sulstice/software/miniconda2/envs/qmpython2/share/psi4/basis/aug-cc-pvdz.gbs 
    atoms 7-12 entry H          line    36 file /home/sulstice/software/miniconda2/envs/qmpython2/share/psi4/basis/aug-cc-pvdz.gbs 


         ---------------------------------------------------------
                                   SCF
               by Justin Turney, Rob Parrish, Andy Simmonett
                          and Daniel G. A. Smith
                              RHF Reference
                       12 Threads,   7629 MiB Core
         ---------------------------------------------------------

  ==> Geometry <==

    Molecular point group: c1
    Full point group: C1

    Geometry (in Angstrom), charge = 0, multiplicity = 1:

       Center              X                  Y                   Z               Mass       
    ------------   -----------------  -----------------  -----------------  -----------------
         C           -0.762035129131     1.168403333333    -0.000521537536    12.000000000000
         C            0.630834870869     1.243953333333    -0.001191537536    12.000000000000
         C            1.392704870869     0.075793333333     0.000398462464    12.000000000000
         C            0.762034870869    -1.168396666667     0.002718462464    12.000000000000
         C           -0.630835129131    -1.243956666667     0.000128462464    12.000000000000
         C           -1.392705129131    -0.075796666667    -0.001531537536    12.000000000000
         H           -1.355605129131     2.078513333333     0.000518462464     1.007825032230
         H            1.122274870869     2.213303333333    -0.002821537536     1.007825032230
         H            2.477914870869     0.134733333333    -0.000041537536     1.007825032230
         H            1.355604870869    -2.078506666667     0.006288462464     1.007825032230
         H           -1.122265129131    -2.213306666667    -0.000481537536     1.007825032230
         H           -2.477915129131    -0.134736666667    -0.003471537536     1.007825032230

  Running in c1 symmetry.

  Rotational constants: A =      0.19014  B =      0.19014  C =      0.09507 [cm^-1]
  Rotational constants: A =   5700.40336  B =   5700.20496  C =   2850.15460 [MHz]
  Nuclear repulsion =  203.416220078318048

  Charge       = 0
  Multiplicity = 1
  Electrons    = 42
  Nalpha       = 21
  Nbeta        = 21

  ==> Algorithm <==

  SCF Algorithm Type is DF.
  DIIS enabled.
  MOM disabled.
  Fractional occupation disabled.
  Guess Type is SAD.
  Energy threshold   = 1.00e-08
  Density threshold  = 1.00e-08
  Integral threshold = 0.00e+00

  ==> Primary Basis <==

  Basis Set: AUG-CC-PVDZ
    Blend: AUG-CC-PVDZ
    Number of shells: 84
    Number of basis function: 192
    Number of Cartesian functions: 204
    Spherical Harmonics?: true
    Max angular momentum: 2

   => Loading Basis Set <=

    Name: (AUG-CC-PVDZ AUX)
    Role: JKFIT
    Keyword: DF_BASIS_SCF
    atoms 1-6  entry C          line   154 file /home/sulstice/software/miniconda2/envs/qmpython2/share/psi4/basis/aug-cc-pvdz-jkfit.gbs 
    atoms 7-12 entry H          line    70 file /home/sulstice/software/miniconda2/envs/qmpython2/share/psi4/basis/aug-cc-pvdz-jkfit.gbs 

  ==> Pre-Iterations <==

   -------------------------------------------------------
    Irrep   Nso     Nmo     Nalpha   Nbeta   Ndocc  Nsocc
   -------------------------------------------------------
     A        192     192       0       0       0       0
   -------------------------------------------------------
    Total     192     192      21      21      21       0
   -------------------------------------------------------

  ==> Integral Setup <==

  DFHelper Memory: AOs need 0.207 GiB; user supplied 5.588 GiB. Using in-core AOs.

  ==> MemDFJK: Density-Fitted J/K Matrices <==

    J tasked:                   Yes
    K tasked:                   Yes
    wK tasked:                   No
    OpenMP threads:              12
    Memory [MiB]:              5722
    Algorithm:                 Core
    Schwarz Cutoff:           1E-12
    Mask sparsity (%):       0.1302
    Fitting Condition:        1E-10

   => Auxiliary Basis Set <=

  Basis Set: (AUG-CC-PVDZ AUX)
    Blend: AUG-CC-PVDZ-JKFIT
    Number of shells: 240
    Number of basis function: 708
    Number of Cartesian functions: 816
    Spherical Harmonics?: true
    Max angular momentum: 3

  Minimum eigenvalue in the overlap matrix is 2.3568531816E-06.
  Using Symmetric Orthogonalization.

  SCF Guess: Superposition of Atomic Densities via on-the-fly atomic UHF.

  ==> Iterations <==

                           Total Energy        Delta E     RMS |[F,P]|

   @DF-RHF iter SAD:  -230.12470869125775   -2.30125e+02   0.00000e+00 
   @DF-RHF iter   1:  -230.55216746466692   -4.27459e-01   2.69220e-03 DIIS
   @DF-RHF iter   2:  -230.69175396079555   -1.39586e-01   1.32365e-03 DIIS
   @DF-RHF iter   3:  -230.72620893296522   -3.44550e-02   2.09861e-04 DIIS
   @DF-RHF iter   4:  -230.72765418323667   -1.44525e-03   2.23497e-05 DIIS
   @DF-RHF iter   5:  -230.72767472569257   -2.05425e-05   4.24938e-06 DIIS
   @DF-RHF iter   6:  -230.72767550517011   -7.79478e-07   4.62356e-07 DIIS
   @DF-RHF iter   7:  -230.72767551516540   -9.99529e-09   6.69393e-08 DIIS
   @DF-RHF iter   8:  -230.72767551539016   -2.24759e-10   2.37706e-08 DIIS
   @DF-RHF iter   9:  -230.72767551540801   -1.78488e-11   7.04511e-09 DIIS
  Energy and wave function converged.


  ==> Post-Iterations <==

    Orbital Energies [Eh]
    ---------------------

    Doubly Occupied:                                                      

       1A    -11.243374     2A    -11.242820     3A    -11.242814  
       4A    -11.241609     5A    -11.241601     6A    -11.241014  
       7A     -1.152643     8A     -1.016778     9A     -1.016734  
      10A     -0.824984    11A     -0.824879    12A     -0.708948  
      13A     -0.643183    14A     -0.619729    15A     -0.587697  
      16A     -0.587672    17A     -0.501640    18A     -0.494293  
      19A     -0.494115    20A     -0.336479    21A     -0.336408  

    Virtual:                                                              

      22A      0.035993    23A      0.042583    24A      0.042586  
      25A      0.057542    26A      0.057542    27A      0.076339  
      28A      0.107409    29A      0.107469    30A      0.122799  
      31A      0.143157    32A      0.143160    33A      0.145967  
      34A      0.148031    35A      0.148042    36A      0.148977  
      37A      0.153457    38A      0.153459    39A      0.167779  
      40A      0.167785    41A      0.168528    42A      0.185055  
      43A      0.190890    44A      0.190894    45A      0.192414  
      46A      0.198938    47A      0.198976    48A      0.266678  
      49A      0.302027    50A      0.302046    51A      0.313387  
      52A      0.313411    53A      0.326034    54A      0.338078  
      55A      0.347421    56A      0.356292    57A      0.356301  
      58A      0.366669    59A      0.379088    60A      0.379147  
      61A      0.387050    62A      0.411289    63A      0.427622  
      64A      0.427633    65A      0.430651    66A      0.430671  
      67A      0.442283    68A      0.442303    69A      0.504601  
      70A      0.504757    71A      0.504791    72A      0.564607  
      73A      0.571931    74A      0.574625    75A      0.574746  
      76A      0.590912    77A      0.590972    78A      0.594404  
      79A      0.597855    80A      0.610647    81A      0.618213  
      82A      0.663139    83A      0.663155    84A      0.688611  
      85A      0.688626    86A      0.690866    87A      0.692458  
      88A      0.692484    89A      0.692958    90A      0.692991  
      91A      0.758343    92A      0.758375    93A      0.763703  
      94A      0.773841    95A      0.777856    96A      0.777867  
      97A      0.838706    98A      0.854669    99A      0.854741  
     100A      0.857636   101A      0.889214   102A      0.889253  
     103A      0.923245   104A      0.923262   105A      0.926742  
     106A      0.926750   107A      0.960424   108A      0.973494  
     109A      0.973571   110A      0.978832   111A      0.978837  
     112A      1.005002   113A      1.013177   114A      1.066009  
     115A      1.079254   116A      1.098193   117A      1.098373  
     118A      1.180728   119A      1.180782   120A      1.197206  
     121A      1.344919   122A      1.345218   123A      1.421958  
     124A      1.484548   125A      1.502432   126A      1.534032  
     127A      1.534239   128A      1.538209   129A      1.538245  
     130A      1.552967   131A      1.582852   132A      1.610800  
     133A      1.625316   134A      1.625319   135A      1.639352  
     136A      1.639471   137A      1.643487   138A      1.708991  
     139A      1.709001   140A      1.713883   141A      1.713896  
     142A      1.789245   143A      1.789313   144A      1.789844  
     145A      1.830892   146A      1.894615   147A      1.894644  
     148A      1.906881   149A      1.933406   150A      1.951433  
     151A      1.951479   152A      1.969630   153A      1.969713  
     154A      1.985656   155A      1.991709   156A      2.088511  
     157A      2.101626   158A      2.101854   159A      2.121359  
     160A      2.121388   161A      2.203581   162A      2.203851  
     163A      2.218647   164A      2.218799   165A      2.263909  
     166A      2.263914   167A      2.291647   168A      2.361746  
     169A      2.370951   170A      2.370961   171A      2.394956  
     172A      2.450012   173A      2.450227   174A      2.621761  
     175A      2.675735   176A      2.783752   177A      2.783980  
     178A      2.787056   179A      2.787406   180A      2.791549  
     181A      2.965722   182A      2.965978   183A      2.971563  
     184A      3.138873   185A      3.139131   186A      3.148902  
     187A      3.149120   188A      3.380634   189A      3.558196  
     190A      3.558509   191A      3.876988   192A      4.806322  

    Final Occupation by Irrep:
              A 
    DOCC [    21 ]

  @DF-RHF Final Energy:  -230.72767551540801

   => Energetics <=

    Nuclear Repulsion Energy =            203.4162200783180481
    One-Electron Energy =                -713.0889697978860795
    Two-Electron Energy =                 278.9450742041600506
    Total Energy =                       -230.7276755154080092

Computation Completed


Properties will be evaluated at   0.000000,   0.000000,   0.000000 [a0]

Properties computed using the SCF density matrix

  Nuclear Dipole Moment: [e a0]
     X:     0.0000      Y:     0.0000      Z:    -0.0000

  Electronic Dipole Moment: [e a0]
     X:    -0.0000      Y:    -0.0000      Z:     0.0000

  Dipole Moment: [e a0]
     X:    -0.0000      Y:    -0.0000      Z:    -0.0000     Total:     0.0000

  Dipole Moment: [D]
     X:    -0.0000      Y:    -0.0000      Z:    -0.0000     Total:     0.0000


*** tstop() called on wanukaka at Thu Apr 21 15:05:41 2022
Module time:
	user time   =      20.80 seconds =       0.35 minutes
	system time =       0.68 seconds =       0.01 minutes
	total time  =          2 seconds =       0.03 minutes
Total time:
	user time   =     546.48 seconds =       9.11 minutes
	system time =      19.03 seconds =       0.32 minutes
	total time  =         60 seconds =       1.00 minutes

*** tstart() called on wanukaka
*** at Thu Apr 21 15:05:41 2022


         ------------------------------------------------------------
                                   SCF GRAD                          
                          Rob Parrish, Justin Turney,                
                       Andy Simmonett, and Alex Sokolov              
         ------------------------------------------------------------

  ==> Geometry <==

    Molecular point group: c1
    Full point group: C1

    Geometry (in Angstrom), charge = 0, multiplicity = 1:

       Center              X                  Y                   Z               Mass       
    ------------   -----------------  -----------------  -----------------  -----------------
         C           -0.762035129131     1.168403333333    -0.000521537536    12.000000000000
         C            0.630834870869     1.243953333333    -0.001191537536    12.000000000000
         C            1.392704870869     0.075793333333     0.000398462464    12.000000000000
         C            0.762034870869    -1.168396666667     0.002718462464    12.000000000000
         C           -0.630835129131    -1.243956666667     0.000128462464    12.000000000000
         C           -1.392705129131    -0.075796666667    -0.001531537536    12.000000000000
         H           -1.355605129131     2.078513333333     0.000518462464     1.007825032230
         H            1.122274870869     2.213303333333    -0.002821537536     1.007825032230
         H            2.477914870869     0.134733333333    -0.000041537536     1.007825032230
         H            1.355604870869    -2.078506666667     0.006288462464     1.007825032230
         H           -1.122265129131    -2.213306666667    -0.000481537536     1.007825032230
         H           -2.477915129131    -0.134736666667    -0.003471537536     1.007825032230

  Nuclear repulsion =  203.416220078318048

  ==> Basis Set <==

  Basis Set: AUG-CC-PVDZ
    Blend: AUG-CC-PVDZ
    Number of shells: 84
    Number of basis function: 192
    Number of Cartesian functions: 204
    Spherical Harmonics?: true
    Max angular momentum: 2

  ==> DFJKGrad: Density-Fitted SCF Gradients <==

    Gradient:                    1
    J tasked:                  Yes
    K tasked:                  Yes
    wK tasked:                  No
    OpenMP threads:             12
    Integrals threads:          12
    Memory [MiB]:             5722
    Schwarz Cutoff:          0E+00
    Fitting Condition:       1E-10

   => Auxiliary Basis Set <=

  Basis Set: (AUG-CC-PVDZ AUX)
    Blend: AUG-CC-PVDZ-JKFIT
    Number of shells: 240
    Number of basis function: 708
    Number of Cartesian functions: 816
    Spherical Harmonics?: true
    Max angular momentum: 3


  -Total Gradient:
     Atom            X                  Y                   Z
    ------   -----------------  -----------------  -----------------
       1       -0.000850990420     0.001293252562     0.000082842020
       2        0.000728067802     0.000927782018    -0.000041507197
       3        0.001137178518     0.000281551981    -0.000041580628
       4        0.000851402436    -0.001284406922     0.000084383953
       5       -0.000730950597    -0.000933723776    -0.000038634351
       6       -0.001138172780    -0.000284179102    -0.000044601788
       7       -0.002381706587     0.003652378337     0.000099102321
       8        0.002032013896     0.004040743174    -0.000052792506
       9        0.004516927741     0.000230730018    -0.000050832585
      10        0.002383876967    -0.003655655819     0.000109469370
      11       -0.002029969428    -0.004037827020    -0.000048840961
      12       -0.004517677547    -0.000230645451    -0.000057007649


*** tstop() called on wanukaka at Thu Apr 21 15:05:43 2022
Module time:
	user time   =      20.75 seconds =       0.35 minutes
	system time =       0.62 seconds =       0.01 minutes
	total time  =          2 seconds =       0.03 minutes
Total time:
	user time   =     567.25 seconds =       9.45 minutes
	system time =      19.65 seconds =       0.33 minutes
	total time  =         62 seconds =       1.03 minutes

			-----------------------------------------
			 OPTKING 2.0: for geometry optimizations 
			  - R.A. King,  Bethel University        
			-----------------------------------------

	Internal coordinates to be generated automatically.
	Detected frag 1 with atoms:  1 2 3 4 5 6 7 8 9 10 11 12
	---Fragment 1 Bond Connectivity---
	 1 : 2 6 7
	 2 : 1 3 8
	 3 : 2 4 9
	 4 : 3 5 10
	 5 : 4 6 11
	 6 : 1 5 12
	 7 : 1
	 8 : 2
	 9 : 3
	 10 : 4
	 11 : 5
	 12 : 6

	---Fragment 1 Geometry and Gradient---
	 C          -1.4400376920        2.2079623041       -0.0009855631
	 C           1.1921051363        2.3507311129       -0.0022516796
	 C           2.6318307795        0.1432286421        0.0007529849
	 C           1.4400372040       -2.2079497059        0.0051371495
	 C          -1.1921056244       -2.3507374119        0.0002427589
	 C          -2.6318312676       -0.1432349412       -0.0028941865
	 H          -2.5617224283        3.9278209481        0.0009797521
	 H           2.1207921434        4.1825371326       -0.0053319332
	 H           4.6825804681        0.2546091000       -0.0000784946
	 H           2.5617219403       -3.9278083499        0.0118834718
	 H          -2.1207737342       -4.1825434316       -0.0009099741
	 H          -4.6825809562       -0.2546153991       -0.0065602552
	            -0.0008509904        0.0012932526        0.0000828420
	             0.0007280678        0.0009277820       -0.0000415072
	             0.0011371785        0.0002815520       -0.0000415806
	             0.0008514024       -0.0012844069        0.0000843840
	            -0.0007309506       -0.0009337238       -0.0000386344
	            -0.0011381728       -0.0002841791       -0.0000446018
	            -0.0023817066        0.0036523783        0.0000991023
	             0.0020320139        0.0040407432       -0.0000527925
	             0.0045169277        0.0002307300       -0.0000508326
	             0.0023838770       -0.0036556558        0.0001094694
	            -0.0020299694       -0.0040378270       -0.0000488410
	            -0.0045176775       -0.0002306455       -0.0000570076

	Previous optimization step data not found.  Starting new optimization.

	---Fragment 1 Intrafragment Coordinates---
	 - Coordinate -           - BOHR/RAD -       - ANG/DEG -
	 R(1,2)           =         2.636012	       1.394918
	 R(1,6)           =         2.636002	       1.394912
	 R(1,7)           =         2.053313	       1.086566
	 R(2,3)           =         2.635505	       1.394649
	 R(2,8)           =         2.053773	       1.086810
	 R(3,4)           =         2.635988	       1.394905
	 R(3,9)           =         2.053772	       1.086809
	 R(4,5)           =         2.636017	       1.394920
	 R(4,10)          =         2.053323	       1.086572
	 R(5,6)           =         2.635505	       1.394649
	 R(5,11)          =         2.053762	       1.086804
	 R(6,12)          =         2.053775	       1.086811
	 B(1,2,3)         =         2.094526	     120.007482
	 B(1,2,8)         =         2.094199	     119.988764
	 B(1,6,5)         =         2.094530	     120.007755
	 B(1,6,12)        =         2.094198	     119.988723
	 B(2,1,6)         =         2.094126	     119.984577
	 B(2,1,7)         =         2.094526	     120.007526
	 B(2,3,4)         =         2.094530	     120.007717
	 B(2,3,9)         =         2.094454	     120.003402
	 B(3,2,8)         =         2.094461	     120.003753
	 B(3,4,5)         =         2.094132	     119.984901
	 B(3,4,10)        =         2.094532	     120.007825
	 B(4,3,9)         =         2.094201	     119.988881
	 B(4,5,6)         =         2.094521	     120.007199
	 B(4,5,11)        =         2.094198	     119.988704
	 B(5,4,10)        =         2.094522	     120.007272
	 B(5,6,12)        =         2.094457	     120.003521
	 B(6,1,7)         =         2.094533	     120.007895
	 B(6,5,11)        =         2.094467	     120.004096
	 D(1,2,3,4)       =        -0.000049	      -0.002815
	 D(1,2,3,9)       =        -3.141505	    -179.995000
	 D(1,6,5,4)       =        -0.000067	      -0.003828
	 D(1,6,5,11)      =         3.141405	     179.989222
	 D(2,1,6,5)       =         0.002765	       0.158422
	 D(2,1,6,12)      =        -3.138977	    -179.850148
	 D(2,3,4,5)       =         0.002747	       0.157410
	 D(2,3,4,10)      =        -3.139115	    -179.858044
	 D(3,2,1,6)       =        -0.002707	      -0.155101
	 D(3,2,1,7)       =         3.139171	     179.861239
	 D(3,4,5,6)       =        -0.002689	      -0.154088
	 D(3,4,5,11)      =         3.139025	     179.852860
	 D(4,3,2,8)       =         3.141404	     179.989191
	 D(4,5,6,12)      =        -3.141510	    -179.995258
	 D(5,4,3,9)       =        -3.138982	    -179.850404
	 D(5,6,1,7)       =        -3.139113	    -179.857918
	 D(6,1,2,8)       =         3.139025	     179.852892
	 D(6,5,4,10)      =         3.139173	     179.861366
	 D(7,1,2,8)       =        -0.002282	      -0.130769
	 D(7,1,6,12)      =         0.002330	       0.133513
	 D(8,2,3,9)       =        -0.000052	      -0.002993
	 D(9,3,4,10)      =         0.002341	       0.134142
	 D(10,4,5,11)     =        -0.002298	      -0.131686
	 D(11,5,6,12)     =        -0.000039	      -0.002207

	Current energy   :      -230.7276755154

	Generating empirical Hessian (Schlegel '84) for each fragment.
	Taking RFO optimization step.
	Going to follow RFO solution 1.
	Using RFO vector 1.
	Norm of target step-size    0.04501
	Projected energy change by RFO approximation:        -0.0008225098

	Back-transformation to cartesian coordinates...
	Could not converge backtransformation.
	Using first guess instead.

	--- Internal Coordinate Step in ANG or DEG, aJ/ANG or AJ/DEG ---
	 ---------------------------------------------------------------------------
	   Coordinate                Previous        Force       Change         New 
	   ----------                --------       ------       ------       ------
	    1 R(1,2)          =      1.394918    -0.048033    -0.006626     1.388292
	    2 R(1,6)          =      1.394912    -0.047978    -0.006618     1.388294
	    3 R(1,7)          =      1.086566    -0.035924    -0.006536     1.080030
	    4 R(2,3)          =      1.394649    -0.046216    -0.006371     1.388279
	    5 R(2,8)          =      1.086810    -0.037263    -0.006787     1.080023
	    6 R(3,4)          =      1.394905    -0.047944    -0.006613     1.388292
	    7 R(3,9)          =      1.086809    -0.037262    -0.006787     1.080023
	    8 R(4,5)          =      1.394920    -0.048046    -0.006627     1.388293
	    9 R(4,10)         =      1.086572    -0.035959    -0.006542     1.080029
	   10 R(5,6)          =      1.394649    -0.046229    -0.006373     1.388277
	   11 R(5,11)         =      1.086804    -0.037234    -0.006782     1.080022
	   12 R(6,12)         =      1.086811    -0.037269    -0.006788     1.080023
	   13 B(1,2,3)        =    120.007482    -0.000002    -0.006007   120.001476
	   14 B(1,2,8)        =    119.988764     0.000002     0.008475   119.997240
	   15 B(1,6,5)        =    120.007755    -0.000002    -0.006153   120.001602
	   16 B(1,6,12)       =    119.988723     0.000002     0.008522   119.997246
	   17 B(2,1,6)        =    119.984577     0.000004     0.012302   119.996879
	   18 B(2,1,7)        =    120.007526    -0.000002    -0.006053   120.001473
	   19 B(2,3,4)        =    120.007717    -0.000002    -0.006159   120.001558
	   20 B(2,3,9)        =    120.003402    -0.000000    -0.002295   120.001107
	   21 B(3,2,8)        =    120.003753    -0.000000    -0.002477   120.001277
	   22 B(3,4,5)        =    119.984901     0.000004     0.012057   119.996958
	   23 B(3,4,10)       =    120.007825    -0.000002    -0.006140   120.001685
	   24 B(4,3,9)        =    119.988881     0.000002     0.008445   119.997326
	   25 B(4,5,6)        =    120.007199    -0.000002    -0.005751   120.001448
	   26 B(4,5,11)       =    119.988704     0.000002     0.008485   119.997189
	   27 B(5,4,10)       =    120.007272    -0.000002    -0.005950   120.001322
	   28 B(5,6,12)       =    120.003521    -0.000000    -0.002378   120.001143
	   29 B(6,1,7)        =    120.007895    -0.000002    -0.006282   120.001614
	   30 B(6,5,11)       =    120.004096    -0.000000    -0.002741   120.001355
	   31 D(1,2,3,4)      =     -0.002815     0.000000     0.004146     0.001330
	   32 D(1,2,3,9)      =   -179.995000    -0.000000    -0.038432  -180.033432
	   33 D(1,6,5,4)      =     -0.003828     0.000000     0.005631     0.001802
	   34 D(1,6,5,11)     =    179.989222     0.000000     0.045071   180.034294
	   35 D(2,1,6,5)      =      0.158422    -0.000001    -0.231946    -0.073524
	   36 D(2,1,6,12)     =   -179.850148    -0.000001    -0.188398  -180.038546
	   37 D(2,3,4,5)      =      0.157410    -0.000001    -0.230461    -0.073052
	   38 D(2,3,4,10)     =   -179.858044    -0.000001    -0.147280  -180.005324
	   39 D(3,2,1,6)      =     -0.155101     0.000001     0.227058     0.071957
	   40 D(3,2,1,7)      =    179.861239     0.000001     0.142718   180.003957
	   41 D(3,4,5,6)      =     -0.154088     0.000001     0.225573     0.071485
	   42 D(3,4,5,11)     =    179.852860     0.000001     0.186135   180.038995
	   43 D(4,3,2,8)      =    179.989191     0.000000     0.044967   180.034158
	   44 D(4,5,6,12)     =   -179.995258    -0.000000    -0.037919  -180.033177
	   45 D(5,4,3,9)      =   -179.850404    -0.000001    -0.187886  -180.038290
	   46 D(5,6,1,7)      =   -179.857918    -0.000001    -0.147606  -180.005524
	   47 D(6,1,2,8)      =    179.852892     0.000001     0.186239   180.039131
	   48 D(6,5,4,10)     =    179.861366     0.000001     0.142392   180.003758
	   49 D(7,1,2,8)      =     -0.130769     0.000001     0.101900    -0.028869
	   50 D(7,1,6,12)     =      0.133513    -0.000001    -0.104059     0.029454
	   51 D(8,2,3,9)      =     -0.002993     0.000000     0.002993     0.000000
	   52 D(9,3,4,10)     =      0.134142    -0.000001    -0.104705     0.029437
	   53 D(10,4,5,11)    =     -0.131686     0.000001     0.102954    -0.028732
	   54 D(11,5,6,12)    =     -0.002207     0.000000     0.002207     0.000000
	 ---------------------------------------------------------------------------
	Successfully symmetrized geometry.

  ==> Convergence Check <==

  Measures of convergence in internal coordinates in au.
  Criteria marked as inactive (o), active & met (*), and active & unmet ( ).
  --------------------------------------------------------------------------------------------- ~
   Step     Total Energy     Delta E     MAX Force     RMS Force      MAX Disp      RMS Disp    ~
  --------------------------------------------------------------------------------------------- ~
    Convergence Criteria    1.00e-06 *    3.00e-04 *             o    1.20e-03 *             o  ~
  --------------------------------------------------------------------------------------------- ~
      1    -230.72767552   -2.31e+02      5.83e-03      2.43e-03 o    1.28e-02      6.13e-03 o  ~
  ---------------------------------------------------------------------------------------------

	Writing optimization data to binary file.
	Structure for next step:
	Cartesian Geometry (in Angstrom)
	    C    -0.7584119431   1.1628547664  -0.0021236484
	    C     0.6278330918   1.2381961375  -0.0004099345
	    C     1.3862248742   0.0753734273   0.0012188434
	    C     0.7584146473  -1.1628545109   0.0011060861
	    C    -0.6278324578  -1.2381953374   0.0008974206
	    C    -1.3862232771  -0.0753742787  -0.0006984892
	    H    -1.3484131483   2.0674886990  -0.0034553779
	    H     1.1162437731   2.2014735594  -0.0008798136
	    H     2.4646552299   0.1339918379   0.0020062637
	    H     1.3484135394  -2.0674889652   0.0022863030
	    H    -1.1162417750  -2.2014733198   0.0014462953
	    H    -2.4646541040  -0.1339920155  -0.0014023989
			--------------------------
			 OPTKING Finished Execution 
			--------------------------

    Structure for next step:
    Molecular point group: c1
    Full point group: C1

    Geometry (in Angstrom), charge = 0, multiplicity = 1:

    C           -0.758412750274     1.162854742197    -0.002122170029
    C            0.627832290080     1.238196113611    -0.000408456118
    C            1.386224075433     0.075373398811     0.001220321802
    C            0.758413846044    -1.162854544175     0.001107564438
    C           -0.627833264496    -1.238195371043     0.000898898959
    C           -1.386224086766    -0.075374307767    -0.000697010812
    H           -1.348413957832     2.067488678413    -0.003453899574
    H            1.116242973325     2.201473539327    -0.000878335192
    H            2.464654435364     0.133991809680     0.002007742105
    H            1.348412740532    -2.067489002075     0.002287781367
    H           -1.116242583542    -2.201473357243     0.001447773632
    H           -2.464654917856    -0.133992044757    -0.001400920575

gradient() will perform analytic gradient computation.

*** tstart() called on wanukaka
*** at Thu Apr 21 15:05:43 2022

   => Loading Basis Set <=

    Name: AUG-CC-PVDZ
    Role: ORBITAL
    Keyword: BASIS
    atoms 1-6  entry C          line   178 file /home/sulstice/software/miniconda2/envs/qmpython2/share/psi4/basis/aug-cc-pvdz.gbs 
    atoms 7-12 entry H          line    36 file /home/sulstice/software/miniconda2/envs/qmpython2/share/psi4/basis/aug-cc-pvdz.gbs 


         ---------------------------------------------------------
                                   SCF
               by Justin Turney, Rob Parrish, Andy Simmonett
                          and Daniel G. A. Smith
                              RHF Reference
                       12 Threads,   7629 MiB Core
         ---------------------------------------------------------

  ==> Geometry <==

    Molecular point group: c1
    Full point group: C1

    Geometry (in Angstrom), charge = 0, multiplicity = 1:

       Center              X                  Y                   Z               Mass       
    ------------   -----------------  -----------------  -----------------  -----------------
         C           -0.758412750274     1.162854742197    -0.002122170029    12.000000000000
         C            0.627832290080     1.238196113611    -0.000408456118    12.000000000000
         C            1.386224075433     0.075373398811     0.001220321802    12.000000000000
         C            0.758413846044    -1.162854544175     0.001107564438    12.000000000000
         C           -0.627833264496    -1.238195371043     0.000898898959    12.000000000000
         C           -1.386224086766    -0.075374307767    -0.000697010812    12.000000000000
         H           -1.348413957832     2.067488678413    -0.003453899574     1.007825032230
         H            1.116242973325     2.201473539327    -0.000878335192     1.007825032230
         H            2.464654435364     0.133991809680     0.002007742105     1.007825032230
         H            1.348412740532    -2.067489002075     0.002287781367     1.007825032230
         H           -1.116242583542    -2.201473357243     0.001447773632     1.007825032230
         H           -2.464654917856    -0.133992044757    -0.001400920575     1.007825032230

  Running in c1 symmetry.

  Rotational constants: A =      0.19199  B =      0.19198  C =      0.09599 [cm^-1]
  Rotational constants: A =   5755.83266  B =   5755.55484  C =   2877.84721 [MHz]
  Nuclear repulsion =  204.420045064426859

  Charge       = 0
  Multiplicity = 1
  Electrons    = 42
  Nalpha       = 21
  Nbeta        = 21

  ==> Algorithm <==

  SCF Algorithm Type is DF.
  DIIS enabled.
  MOM disabled.
  Fractional occupation disabled.
  Guess Type is READ.
  Energy threshold   = 1.00e-08
  Density threshold  = 1.00e-08
  Integral threshold = 0.00e+00

  ==> Primary Basis <==

  Basis Set: AUG-CC-PVDZ
    Blend: AUG-CC-PVDZ
    Number of shells: 84
    Number of basis function: 192
    Number of Cartesian functions: 204
    Spherical Harmonics?: true
    Max angular momentum: 2

   => Loading Basis Set <=

    Name: (AUG-CC-PVDZ AUX)
    Role: JKFIT
    Keyword: DF_BASIS_SCF
    atoms 1-6  entry C          line   154 file /home/sulstice/software/miniconda2/envs/qmpython2/share/psi4/basis/aug-cc-pvdz-jkfit.gbs 
    atoms 7-12 entry H          line    70 file /home/sulstice/software/miniconda2/envs/qmpython2/share/psi4/basis/aug-cc-pvdz-jkfit.gbs 

   => Loading Basis Set <=

    Name: AUG-CC-PVDZ
    Role: ORBITAL
    Keyword: BASIS
    atoms 1-6  entry C          line   178 file /home/sulstice/software/miniconda2/envs/qmpython2/share/psi4/basis/aug-cc-pvdz.gbs 
    atoms 7-12 entry H          line    36 file /home/sulstice/software/miniconda2/envs/qmpython2/share/psi4/basis/aug-cc-pvdz.gbs 

  Reading orbitals from file 180, no projection.

  ==> Pre-Iterations <==

   -------------------------------------------------------
    Irrep   Nso     Nmo     Nalpha   Nbeta   Ndocc  Nsocc
   -------------------------------------------------------
     A        192     192       0       0       0       0
   -------------------------------------------------------
    Total     192     192      21      21      21       0
   -------------------------------------------------------

  ==> Integral Setup <==

  DFHelper Memory: AOs need 0.207 GiB; user supplied 5.588 GiB. Using in-core AOs.

  ==> MemDFJK: Density-Fitted J/K Matrices <==

    J tasked:                   Yes
    K tasked:                   Yes
    wK tasked:                   No
    OpenMP threads:              12
    Memory [MiB]:              5722
    Algorithm:                 Core
    Schwarz Cutoff:           1E-12
    Mask sparsity (%):       0.1302
    Fitting Condition:        1E-10

   => Auxiliary Basis Set <=

  Basis Set: (AUG-CC-PVDZ AUX)
    Blend: AUG-CC-PVDZ-JKFIT
    Number of shells: 240
    Number of basis function: 708
    Number of Cartesian functions: 816
    Spherical Harmonics?: true
    Max angular momentum: 3

  Minimum eigenvalue in the overlap matrix is 2.2031131725E-06.
  Using Symmetric Orthogonalization.

  SCF Guess: Orbitals guess was supplied from a previous computation.

  ==> Iterations <==

                           Total Energy        Delta E     RMS |[F,P]|

   @DF-RHF iter   0:  -230.76765702665665   -2.30768e+02   2.47840e-04 
   @DF-RHF iter   1:  -230.72797898339425    3.96780e-02   2.20969e-05 DIIS
   @DF-RHF iter   2:  -230.72798928559453   -1.03022e-05   1.09579e-05 DIIS
   @DF-RHF iter   3:  -230.72799151087222   -2.22528e-06   1.64493e-06 DIIS
   @DF-RHF iter   4:  -230.72799162447919   -1.13607e-07   2.38864e-07 DIIS
   @DF-RHF iter   5:  -230.72799162805427   -3.57508e-09   7.77949e-08 DIIS
   @DF-RHF iter   6:  -230.72799162850953   -4.55259e-10   1.88208e-08 DIIS
   @DF-RHF iter   7:  -230.72799162853556   -2.60343e-11   4.36815e-09 DIIS
  Energy and wave function converged.


  ==> Post-Iterations <==

    Orbital Energies [Eh]
    ---------------------

    Doubly Occupied:                                                      

       1A    -11.240286     2A    -11.239712     3A    -11.239709  
       4A    -11.238460     5A    -11.238458     6A    -11.237849  
       7A     -1.156558     8A     -1.019219     9A     -1.019217  
      10A     -0.826896    11A     -0.826895    12A     -0.712484  
      13A     -0.643933    14A     -0.621995    15A     -0.589483  
      16A     -0.589475    17A     -0.504095    18A     -0.494814  
      19A     -0.494791    20A     -0.337362    21A     -0.337361  

    Virtual:                                                              

      22A      0.036024    23A      0.042590    24A      0.042591  
      25A      0.057614    26A      0.057614    27A      0.076448  
      28A      0.108710    29A      0.108715    30A      0.122485  
      31A      0.142986    32A      0.142988    33A      0.146079  
      34A      0.147833    35A      0.147835    36A      0.148705  
      37A      0.153735    38A      0.153736    39A      0.167687  
      40A      0.167689    41A      0.168573    42A      0.185382  
      43A      0.190998    44A      0.190998    45A      0.192637  
      46A      0.199520    47A      0.199522    48A      0.266893  
      49A      0.302505    50A      0.302508    51A      0.313620  
      52A      0.313624    53A      0.327786    54A      0.338632  
      55A      0.350410    56A      0.357827    57A      0.357832  
      58A      0.366908    59A      0.381255    60A      0.381256  
      61A      0.387242    62A      0.413688    63A      0.428175  
      64A      0.428178    65A      0.431749    66A      0.431753  
      67A      0.443583    68A      0.443589    69A      0.504178  
      70A      0.505824    71A      0.505826    72A      0.565933  
      73A      0.573702    74A      0.577287    75A      0.577298  
      76A      0.595101    77A      0.595106    78A      0.596133  
      79A      0.599180    80A      0.612484    81A      0.620483  
      82A      0.663815    83A      0.663819    84A      0.690170  
      85A      0.690172    86A      0.693216    87A      0.693224  
      88A      0.694244    89A      0.694249    90A      0.696646  
      91A      0.759560    92A      0.759587    93A      0.764774  
      94A      0.773471    95A      0.780405    96A      0.780422  
      97A      0.837950    98A      0.858846    99A      0.858851  
     100A      0.863695   101A      0.891386   102A      0.891389  
     103A      0.925332   104A      0.925337   105A      0.928914  
     106A      0.928918   107A      0.963324   108A      0.978490  
     109A      0.978496   110A      0.979764   111A      0.979776  
     112A      1.010639   113A      1.017981   114A      1.073476  
     115A      1.080951   116A      1.101496   117A      1.101523  
     118A      1.182917   119A      1.182922   120A      1.202891  
     121A      1.345678   122A      1.345723   123A      1.423320  
     124A      1.487145   125A      1.503029   126A      1.537082  
     127A      1.537126   128A      1.538786   129A      1.538800  
     130A      1.554866   131A      1.580968   132A      1.611552  
     133A      1.621305   134A      1.621318   135A      1.637237  
     136A      1.637244   137A      1.642070   138A      1.712415  
     139A      1.712424   140A      1.715073   141A      1.715080  
     142A      1.793137   143A      1.793151   144A      1.793820  
     145A      1.830544   146A      1.898212   147A      1.898218  
     148A      1.916382   149A      1.933461   150A      1.953939  
     151A      1.953940   152A      1.971796   153A      1.971806  
     154A      1.989670   155A      1.993120   156A      2.090911  
     157A      2.112520   158A      2.112538   159A      2.127079  
     160A      2.127096   161A      2.207533   162A      2.207573  
     163A      2.228029   164A      2.228036   165A      2.271419  
     166A      2.271444   167A      2.304243   168A      2.367306  
     169A      2.379416   170A      2.379432   171A      2.407846  
     172A      2.462194   173A      2.462247   174A      2.631649  
     175A      2.691176   176A      2.799712   177A      2.799729  
     178A      2.800434   179A      2.800470   180A      2.808228  
     181A      2.979738   182A      2.979742   183A      2.990421  
     184A      3.160814   185A      3.160843   186A      3.177229  
     187A      3.177258   188A      3.398860   189A      3.581111  
     190A      3.581200   191A      3.904228   192A      4.836079  

    Final Occupation by Irrep:
              A 
    DOCC [    21 ]

  @DF-RHF Final Energy:  -230.72799162853556

   => Energetics <=

    Nuclear Repulsion Energy =            204.4200450644268585
    One-Electron Energy =                -715.0779655083631496
    Two-Electron Energy =                 279.9299288154007286
    Total Energy =                       -230.7279916285355625

Computation Completed


Properties will be evaluated at   0.000000,   0.000000,   0.000000 [a0]

Properties computed using the SCF density matrix

  Nuclear Dipole Moment: [e a0]
     X:    -0.0000      Y:    -0.0000      Z:     0.0000

  Electronic Dipole Moment: [e a0]
     X:     0.0000      Y:     0.0000      Z:    -0.0000

  Dipole Moment: [e a0]
     X:     0.0000      Y:    -0.0000      Z:     0.0000     Total:     0.0000

  Dipole Moment: [D]
     X:     0.0000      Y:    -0.0000      Z:     0.0000     Total:     0.0000


*** tstop() called on wanukaka at Thu Apr 21 15:05:45 2022
Module time:
	user time   =      17.00 seconds =       0.28 minutes
	system time =       0.46 seconds =       0.01 minutes
	total time  =          2 seconds =       0.03 minutes
Total time:
	user time   =     584.67 seconds =       9.74 minutes
	system time =      20.11 seconds =       0.34 minutes
	total time  =         64 seconds =       1.07 minutes

*** tstart() called on wanukaka
*** at Thu Apr 21 15:05:45 2022


         ------------------------------------------------------------
                                   SCF GRAD                          
                          Rob Parrish, Justin Turney,                
                       Andy Simmonett, and Alex Sokolov              
         ------------------------------------------------------------

  ==> Geometry <==

    Molecular point group: c1
    Full point group: C1

    Geometry (in Angstrom), charge = 0, multiplicity = 1:

       Center              X                  Y                   Z               Mass       
    ------------   -----------------  -----------------  -----------------  -----------------
         C           -0.758412750274     1.162854742197    -0.002122170029    12.000000000000
         C            0.627832290080     1.238196113611    -0.000408456118    12.000000000000
         C            1.386224075433     0.075373398811     0.001220321802    12.000000000000
         C            0.758413846044    -1.162854544175     0.001107564438    12.000000000000
         C           -0.627833264496    -1.238195371043     0.000898898959    12.000000000000
         C           -1.386224086766    -0.075374307767    -0.000697010812    12.000000000000
         H           -1.348413957832     2.067488678413    -0.003453899574     1.007825032230
         H            1.116242973325     2.201473539327    -0.000878335192     1.007825032230
         H            2.464654435364     0.133991809680     0.002007742105     1.007825032230
         H            1.348412740532    -2.067489002075     0.002287781367     1.007825032230
         H           -1.116242583542    -2.201473357243     0.001447773632     1.007825032230
         H           -2.464654917856    -0.133992044757    -0.001400920575     1.007825032230

  Nuclear repulsion =  204.420045064426859

  ==> Basis Set <==

  Basis Set: AUG-CC-PVDZ
    Blend: AUG-CC-PVDZ
    Number of shells: 84
    Number of basis function: 192
    Number of Cartesian functions: 204
    Spherical Harmonics?: true
    Max angular momentum: 2

  ==> DFJKGrad: Density-Fitted SCF Gradients <==

    Gradient:                    1
    J tasked:                  Yes
    K tasked:                  Yes
    wK tasked:                  No
    OpenMP threads:             12
    Integrals threads:          12
    Memory [MiB]:             5722
    Schwarz Cutoff:          0E+00
    Fitting Condition:       1E-10

   => Auxiliary Basis Set <=

  Basis Set: (AUG-CC-PVDZ AUX)
    Blend: AUG-CC-PVDZ-JKFIT
    Number of shells: 240
    Number of basis function: 708
    Number of Cartesian functions: 816
    Spherical Harmonics?: true
    Max angular momentum: 3


  -Total Gradient:
     Atom            X                  Y                   Z
    ------   -----------------  -----------------  -----------------
       1        0.000404728772    -0.000618806767    -0.000144334066
       2       -0.000332041096    -0.000693442825     0.000070768611
       3       -0.000769355551    -0.000024917780     0.000073749914
       4       -0.000403474712     0.000619738779    -0.000145250898
       5        0.000331541767     0.000693769887     0.000069112336
       6        0.000769696417     0.000022899647     0.000075567945
       7        0.000307032372    -0.000470264152     0.000019150546
       8       -0.000262688024    -0.000505703344    -0.000008588193
       9       -0.000568782932    -0.000036256841    -0.000009928948
      10       -0.000307772997     0.000471108627     0.000017920507
      11        0.000262861144     0.000505670899    -0.000009139320
      12        0.000568254842     0.000036203868    -0.000009028434


*** tstop() called on wanukaka at Thu Apr 21 15:05:47 2022
Module time:
	user time   =      21.02 seconds =       0.35 minutes
	system time =       0.67 seconds =       0.01 minutes
	total time  =          2 seconds =       0.03 minutes
Total time:
	user time   =     605.71 seconds =      10.10 minutes
	system time =      20.78 seconds =       0.35 minutes
	total time  =         66 seconds =       1.10 minutes

			-----------------------------------------
			 OPTKING 2.0: for geometry optimizations 
			  - R.A. King,  Bethel University        
			-----------------------------------------

	Previous internal coordinate definitions found.
	---Fragment 1 Geometry and Gradient---
	 C          -1.4331923881        2.1974769864       -0.0040103201
	 C           1.1864310810        2.3398515443       -0.0007718702
	 C           2.6195838511        0.1424350809        0.0023060740
	 C           1.4331944588       -2.1974766122        0.0020929935
	 C          -1.1864329223       -2.3398501411        0.0016986728
	 C          -2.6195838725       -0.1424367986       -0.0013171595
	 H          -2.5481330840        3.9069873697       -0.0065269243
	 H           2.1093935091        4.1601820618       -0.0016598130
	 H           4.6575218767        0.2532078233        0.0037940827
	 H           2.5481307837       -3.9069879813        0.0043232802
	 H          -2.1093927725       -4.1601817177        0.0027358957
	 H          -4.6575227885       -0.2532082676       -0.0026473562
	             0.0004047288       -0.0006188068       -0.0001443341
	            -0.0003320411       -0.0006934428        0.0000707686
	            -0.0007693556       -0.0000249178        0.0000737499
	            -0.0004034747        0.0006197388       -0.0001452509
	             0.0003315418        0.0006937699        0.0000691123
	             0.0007696964        0.0000228996        0.0000755679
	             0.0003070324       -0.0004702642        0.0000191505
	            -0.0002626880       -0.0005057033       -0.0000085882
	            -0.0005687829       -0.0000362568       -0.0000099289
	            -0.0003077730        0.0004711086        0.0000179205
	             0.0002628611        0.0005056709       -0.0000091393
	             0.0005682548        0.0000362039       -0.0000090284

	---Fragment 1 Intrafragment Coordinates---
	 - Coordinate -           - BOHR/RAD -       - ANG/DEG -
	 R(1,2)           =         2.623492	       1.388292
	 R(1,6)           =         2.623495	       1.388294
	 R(1,7)           =         2.040962	       1.080030
	 R(2,3)           =         2.623466	       1.388279
	 R(2,8)           =         2.040947	       1.080023
	 R(3,4)           =         2.623491	       1.388292
	 R(3,9)           =         2.040947	       1.080023
	 R(4,5)           =         2.623493	       1.388293
	 R(4,10)          =         2.040960	       1.080029
	 R(5,6)           =         2.623463	       1.388277
	 R(5,11)          =         2.040947	       1.080022
	 R(6,12)          =         2.040948	       1.080023
	 B(1,2,3)         =         2.094421	     120.001476
	 B(1,2,8)         =         2.094347	     119.997240
	 B(1,6,5)         =         2.094423	     120.001602
	 B(1,6,12)        =         2.094347	     119.997246
	 B(2,1,6)         =         2.094341	     119.996879
	 B(2,1,7)         =         2.094421	     120.001473
	 B(2,3,4)         =         2.094422	     120.001558
	 B(2,3,9)         =         2.094414	     120.001107
	 B(3,2,8)         =         2.094417	     120.001277
	 B(3,4,5)         =         2.094342	     119.996958
	 B(3,4,10)        =         2.094425	     120.001685
	 B(4,3,9)         =         2.094348	     119.997326
	 B(4,5,6)         =         2.094420	     120.001448
	 B(4,5,11)        =         2.094346	     119.997189
	 B(5,4,10)        =         2.094418	     120.001322
	 B(5,6,12)        =         2.094415	     120.001143
	 B(6,1,7)         =         2.094423	     120.001614
	 B(6,5,11)        =         2.094419	     120.001355
	 D(1,2,3,4)       =         0.000023	       0.001330
	 D(1,2,3,9)       =         3.141009	     179.966568
	 D(1,6,5,4)       =         0.000031	       0.001802
	 D(1,6,5,11)      =        -3.140994	    -179.965706
	 D(2,1,6,5)       =        -0.001283	      -0.073524
	 D(2,1,6,12)      =         3.140920	     179.961454
	 D(2,3,4,5)       =        -0.001275	      -0.073052
	 D(2,3,4,10)      =         3.141500	     179.994676
	 D(3,2,1,6)       =         0.001256	       0.071957
	 D(3,2,1,7)       =        -3.141524	    -179.996043
	 D(3,4,5,6)       =         0.001248	       0.071485
	 D(3,4,5,11)      =        -3.140912	    -179.961005
	 D(4,3,2,8)       =        -3.140996	    -179.965842
	 D(4,5,6,12)      =         3.141014	     179.966823
	 D(5,4,3,9)       =         3.140924	     179.961710
	 D(5,6,1,7)       =         3.141496	     179.994476
	 D(6,1,2,8)       =        -3.140910	    -179.960869
	 D(6,5,4,10)      =        -3.141527	    -179.996242
	 D(7,1,2,8)       =        -0.000504	      -0.028869
	 D(7,1,6,12)      =         0.000514	       0.029454
	 D(8,2,3,9)       =        -0.000000	      -0.000000
	 D(9,3,4,10)      =         0.000514	       0.029437
	 D(10,4,5,11)     =        -0.000501	      -0.028732
	 D(11,5,6,12)     =        -0.000000	      -0.000000

	Current energy   :      -230.7279916285

	Energy change for the previous step:
		Projected    :        -0.0008225098
		Actual       :        -0.0003161131

	Performing BFGS update.
	Previous computed or guess Hessian on step 1.
	Steps to be used in Hessian update: 1
	Taking RFO optimization step.
	Going to follow RFO solution 1.
	Using RFO vector 1.
	Norm of target step-size    0.00824
	Projected energy change by RFO approximation:        -0.0000240295

	Back-transformation to cartesian coordinates...
	Could not converge backtransformation.
	Using first guess instead.

	--- Internal Coordinate Step in ANG or DEG, aJ/ANG or AJ/DEG ---
	 ---------------------------------------------------------------------------
	   Coordinate                Previous        Force       Change         New 
	   ----------                --------       ------       ------       ------
	    1 R(1,2)          =      1.388292     0.010913     0.001256     1.389548
	    2 R(1,6)          =      1.388294     0.010899     0.001254     1.389548
	    3 R(1,7)          =      1.080030     0.004627     0.000695     1.080725
	    4 R(2,3)          =      1.388279     0.010963     0.001261     1.389540
	    5 R(2,8)          =      1.080023     0.004695     0.000705     1.080728
	    6 R(3,4)          =      1.388292     0.010913     0.001256     1.389548
	    7 R(3,9)          =      1.080023     0.004695     0.000705     1.080728
	    8 R(4,5)          =      1.388293     0.010914     0.001256     1.389549
	    9 R(4,10)         =      1.080029     0.004636     0.000696     1.080726
	   10 R(5,6)          =      1.388277     0.010968     0.001262     1.389538
	   11 R(5,11)         =      1.080022     0.004695     0.000705     1.080728
	   12 R(6,12)         =      1.080023     0.004691     0.000705     1.080728
	   13 B(1,2,3)        =    120.001476    -0.000000    -0.001360   120.000116
	   14 B(1,2,8)        =    119.997240     0.000001     0.002413   119.999653
	   15 B(1,6,5)        =    120.001602    -0.000001    -0.001489   120.000113
	   16 B(1,6,12)       =    119.997246     0.000001     0.002387   119.999633
	   17 B(2,1,6)        =    119.996879     0.000001     0.002904   119.999783
	   18 B(2,1,7)        =    120.001473    -0.000000    -0.001354   120.000119
	   19 B(2,3,4)        =    120.001558    -0.000001    -0.001468   120.000090
	   20 B(2,3,9)        =    120.001107    -0.000000    -0.000903   120.000203
	   21 B(3,2,8)        =    120.001277    -0.000000    -0.001047   120.000229
	   22 B(3,4,5)        =    119.996958     0.000001     0.002811   119.999769
	   23 B(3,4,10)       =    120.001685    -0.000001    -0.001526   120.000158
	   24 B(4,3,9)        =    119.997326     0.000001     0.002378   119.999705
	   25 B(4,5,6)        =    120.001448    -0.000000    -0.001336   120.000112
	   26 B(4,5,11)       =    119.997189     0.000001     0.002448   119.999637
	   27 B(5,4,10)       =    120.001322    -0.000000    -0.001259   120.000063
	   28 B(5,6,12)       =    120.001143    -0.000000    -0.000891   120.000252
	   29 B(6,1,7)        =    120.001614    -0.000001    -0.001525   120.000089
	   30 B(6,5,11)       =    120.001355    -0.000000    -0.001106   120.000249
	   31 D(1,2,3,4)      =      0.001330    -0.000000    -0.001330     0.000000
	   32 D(1,2,3,9)      =    179.966568     0.000000     0.050610   180.017178
	   33 D(1,6,5,4)      =      0.001802    -0.000000    -0.001802     0.000000
	   34 D(1,6,5,11)     =   -179.965706    -0.000000    -0.051832  -180.017539
	   35 D(2,1,6,5)      =     -0.073524     0.000001     0.107882     0.034359
	   36 D(2,1,6,12)     =    179.961454     0.000000     0.055011   180.016465
	   37 D(2,3,4,5)      =     -0.073052     0.000001     0.107250     0.034198
	   38 D(2,3,4,10)     =    179.994676     0.000000     0.005324   180.000000
	   39 D(3,2,1,6)      =      0.071957    -0.000001    -0.105593    -0.033636
	   40 D(3,2,1,7)      =   -179.996043    -0.000000    -0.002667  -179.998710
	   41 D(3,4,5,6)      =      0.071485    -0.000001    -0.104961    -0.033475
	   42 D(3,4,5,11)     =   -179.961005    -0.000000    -0.055735  -180.016740
	   43 D(4,3,2,8)      =   -179.965842    -0.000000    -0.051634  -180.017476
	   44 D(4,5,6,12)     =    179.966823     0.000000     0.050267   180.017091
	   45 D(5,4,3,9)      =    179.961710     0.000000     0.054668   180.016377
	   46 D(5,6,1,7)      =    179.994476     0.000000     0.005524   180.000000
	   47 D(6,1,2,8)      =   -179.960869    -0.000000    -0.055934  -180.016803
	   48 D(6,5,4,10)     =   -179.996242    -0.000000    -0.002398  -179.998640
	   49 D(7,1,2,8)      =     -0.028869     0.000000     0.046992     0.018123
	   50 D(7,1,6,12)     =      0.029454    -0.000000    -0.047915    -0.018460
	   51 D(8,2,3,9)      =      0.000000     0.000000     0.000000     0.000000
	   52 D(9,3,4,10)     =      0.029437    -0.000000    -0.047895    -0.018458
	   53 D(10,4,5,11)    =     -0.028732     0.000000     0.046828     0.018095
	   54 D(11,5,6,12)    =      0.000000     0.000000     0.000000     0.000000
	 ---------------------------------------------------------------------------
	Successfully symmetrized geometry.

  ==> Convergence Check <==

  Measures of convergence in internal coordinates in au.
  Criteria marked as inactive (o), active & met (*), and active & unmet ( ).
  ---------------------------------------------------------------------------------------------
   Step     Total Energy     Delta E     MAX Force     RMS Force      MAX Disp      RMS Disp   
  ---------------------------------------------------------------------------------------------
    Convergence Criteria    1.00e-06 *    3.00e-04 *             o    1.20e-03 *             o
  ---------------------------------------------------------------------------------------------
      2    -230.72799163   -3.16e-04      1.33e-03      4.81e-04 o    2.38e-03      1.12e-03 o  ~
  ---------------------------------------------------------------------------------------------

	Writing optimization data to binary file.
	Structure for next step:
	Cartesian Geometry (in Angstrom)
	    C    -0.7590851958   1.1638838787  -0.0013763076
	    C     0.6284131770   1.2393268056  -0.0007691329
	    C     1.3874950911   0.0754484407   0.0008392952
	    C     0.7590852437  -1.1638835048   0.0018540667
	    C    -0.6284138874  -1.2393267310   0.0005421226
	    C    -1.3874946699  -0.0754491999  -0.0010814909
	    H    -1.3494670163   2.0690991369  -0.0026483457
	    H     1.1171595487   2.2032248821  -0.0012729087
	    H     2.4666289402   0.1341231836   0.0015921385
	    H     1.3494661275  -2.0690998327   0.0030946252
	    H    -1.1171602726  -2.2032247870   0.0010579148
	    H    -2.4666282862  -0.1341226173  -0.0018226872
			--------------------------
			 OPTKING Finished Execution 
			--------------------------

    Structure for next step:
    Molecular point group: c1
    Full point group: C1

    Geometry (in Angstrom), charge = 0, multiplicity = 1:

    C           -0.759085149351     1.163883931433    -0.001377632214
    C            0.628413228958     1.239326858705    -0.000770457464
    C            1.387495146023     0.075448489233     0.000837970607
    C            0.759085296178    -1.163883461152     0.001852742125
    C           -0.628413840389    -1.239326687665     0.000540797971
    C           -1.387494625837    -0.075449151959    -0.001082815440
    H           -1.349466972129     2.069099193203    -0.002649670280
    H            1.117159602560     2.203224938960    -0.001274233292
    H            2.466628999382     0.134123232375     0.001590813950
    H            1.349466182244    -2.069099792589     0.003093300586
    H           -1.117160227471    -2.203224747487     0.001056590246
    H           -2.466628246404    -0.134122569591    -0.001824011812

gradient() will perform analytic gradient computation.

*** tstart() called on wanukaka
*** at Thu Apr 21 15:05:47 2022

   => Loading Basis Set <=

    Name: AUG-CC-PVDZ
    Role: ORBITAL
    Keyword: BASIS
    atoms 1-6  entry C          line   178 file /home/sulstice/software/miniconda2/envs/qmpython2/share/psi4/basis/aug-cc-pvdz.gbs 
    atoms 7-12 entry H          line    36 file /home/sulstice/software/miniconda2/envs/qmpython2/share/psi4/basis/aug-cc-pvdz.gbs 


         ---------------------------------------------------------
                                   SCF
               by Justin Turney, Rob Parrish, Andy Simmonett
                          and Daniel G. A. Smith
                              RHF Reference
                       12 Threads,   7629 MiB Core
         ---------------------------------------------------------

  ==> Geometry <==

    Molecular point group: c1
    Full point group: C1

    Geometry (in Angstrom), charge = 0, multiplicity = 1:

       Center              X                  Y                   Z               Mass       
    ------------   -----------------  -----------------  -----------------  -----------------
         C           -0.759085149351     1.163883931433    -0.001377632214    12.000000000000
         C            0.628413228958     1.239326858705    -0.000770457464    12.000000000000
         C            1.387495146023     0.075448489233     0.000837970607    12.000000000000
         C            0.759085296178    -1.163883461152     0.001852742125    12.000000000000
         C           -0.628413840389    -1.239326687665     0.000540797971    12.000000000000
         C           -1.387494625837    -0.075449151959    -0.001082815440    12.000000000000
         H           -1.349466972129     2.069099193203    -0.002649670280     1.007825032230
         H            1.117159602560     2.203224938960    -0.001274233292     1.007825032230
         H            2.466628999382     0.134123232375     0.001590813950     1.007825032230
         H            1.349466182244    -2.069099792589     0.003093300586     1.007825032230
         H           -1.117160227471    -2.203224747487     0.001056590246     1.007825032230
         H           -2.466628246404    -0.134122569591    -0.001824011812     1.007825032230

  Running in c1 symmetry.

  Rotational constants: A =      0.19165  B =      0.19165  C =      0.09583 [cm^-1]
  Rotational constants: A =   5745.55903  B =   5745.53860  C =   2872.77448 [MHz]
  Nuclear repulsion =  204.242894499931083

  Charge       = 0
  Multiplicity = 1
  Electrons    = 42
  Nalpha       = 21
  Nbeta        = 21

  ==> Algorithm <==

  SCF Algorithm Type is DF.
  DIIS enabled.
  MOM disabled.
  Fractional occupation disabled.
  Guess Type is READ.
  Energy threshold   = 1.00e-08
  Density threshold  = 1.00e-08
  Integral threshold = 0.00e+00

  ==> Primary Basis <==

  Basis Set: AUG-CC-PVDZ
    Blend: AUG-CC-PVDZ
    Number of shells: 84
    Number of basis function: 192
    Number of Cartesian functions: 204
    Spherical Harmonics?: true
    Max angular momentum: 2

   => Loading Basis Set <=

    Name: (AUG-CC-PVDZ AUX)
    Role: JKFIT
    Keyword: DF_BASIS_SCF
    atoms 1-6  entry C          line   154 file /home/sulstice/software/miniconda2/envs/qmpython2/share/psi4/basis/aug-cc-pvdz-jkfit.gbs 
    atoms 7-12 entry H          line    70 file /home/sulstice/software/miniconda2/envs/qmpython2/share/psi4/basis/aug-cc-pvdz-jkfit.gbs 

   => Loading Basis Set <=

    Name: AUG-CC-PVDZ
    Role: ORBITAL
    Keyword: BASIS
    atoms 1-6  entry C          line   178 file /home/sulstice/software/miniconda2/envs/qmpython2/share/psi4/basis/aug-cc-pvdz.gbs 
    atoms 7-12 entry H          line    36 file /home/sulstice/software/miniconda2/envs/qmpython2/share/psi4/basis/aug-cc-pvdz.gbs 

  Reading orbitals from file 180, no projection.

  ==> Pre-Iterations <==

   -------------------------------------------------------
    Irrep   Nso     Nmo     Nalpha   Nbeta   Ndocc  Nsocc
   -------------------------------------------------------
     A        192     192       0       0       0       0
   -------------------------------------------------------
    Total     192     192      21      21      21       0
   -------------------------------------------------------

  ==> Integral Setup <==

  DFHelper Memory: AOs need 0.207 GiB; user supplied 5.588 GiB. Using in-core AOs.

  ==> MemDFJK: Density-Fitted J/K Matrices <==

    J tasked:                   Yes
    K tasked:                   Yes
    wK tasked:                   No
    OpenMP threads:              12
    Memory [MiB]:              5722
    Algorithm:                 Core
    Schwarz Cutoff:           1E-12
    Mask sparsity (%):       0.1302
    Fitting Condition:        1E-10

   => Auxiliary Basis Set <=

  Basis Set: (AUG-CC-PVDZ AUX)
    Blend: AUG-CC-PVDZ-JKFIT
    Number of shells: 240
    Number of basis function: 708
    Number of Cartesian functions: 816
    Spherical Harmonics?: true
    Max angular momentum: 3

  Minimum eigenvalue in the overlap matrix is 2.2308633430E-06.
  Using Symmetric Orthogonalization.

  SCF Guess: Orbitals guess was supplied from a previous computation.

  ==> Iterations <==

                           Total Energy        Delta E     RMS |[F,P]|

   @DF-RHF iter   0:  -230.72113315330063   -2.30721e+02   4.31957e-05 
   @DF-RHF iter   1:  -230.72800258244663   -6.86943e-03   5.06867e-06 DIIS
   @DF-RHF iter   2:  -230.72800309454382   -5.12097e-07   2.62199e-06 DIIS
   @DF-RHF iter   3:  -230.72800322326728   -1.28723e-07   3.68278e-07 DIIS
   @DF-RHF iter   4:  -230.72800323053488   -7.26760e-09   7.08225e-08 DIIS
   @DF-RHF iter   5:  -230.72800323091715   -3.82272e-10   1.58054e-08 DIIS
   @DF-RHF iter   6:  -230.72800323093566   -1.85025e-11   2.71424e-09 DIIS
  Energy and wave function converged.


  ==> Post-Iterations <==

    Orbital Energies [Eh]
    ---------------------

    Doubly Occupied:                                                      

       1A    -11.240793     2A    -11.240221     3A    -11.240221  
       4A    -11.238978     5A    -11.238977     6A    -11.238371  
       7A     -1.155800     8A     -1.018788     9A     -1.018785  
      10A     -0.826618    11A     -0.826616    12A     -0.711962  
      13A     -0.644027    14A     -0.621535    15A     -0.589251  
      16A     -0.589249    17A     -0.503594    18A     -0.494774  
      19A     -0.494770    20A     -0.337165    21A     -0.337162  

    Virtual:                                                              

      22A      0.036022    23A      0.042590    24A      0.042590  
      25A      0.057601    26A      0.057601    27A      0.076430  
      28A      0.108473    29A      0.108475    30A      0.122548  
      31A      0.143022    32A      0.143022    33A      0.146061  
      34A      0.147876    35A      0.147876    36A      0.148774  
      37A      0.153689    38A      0.153689    39A      0.167710  
      40A      0.167710    41A      0.168579    42A      0.185332  
      43A      0.190977    44A      0.190977    45A      0.192595  
      46A      0.199412    47A      0.199413    48A      0.266855  
      49A      0.302407    50A      0.302408    51A      0.313566  
      52A      0.313567    53A      0.327610    54A      0.338556  
      55A      0.349838    56A      0.357578    57A      0.357578  
      58A      0.366864    59A      0.381006    60A      0.381007  
      61A      0.387229    62A      0.413341    63A      0.428106  
      64A      0.428107    65A      0.431545    66A      0.431545  
      67A      0.443417    68A      0.443418    69A      0.504296  
      70A      0.505667    71A      0.505667    72A      0.565677  
      73A      0.573396    74A      0.576805    75A      0.576809  
      76A      0.594341    77A      0.594344    78A      0.595844  
      79A      0.598993    80A      0.612182    81A      0.620112  
      82A      0.663689    83A      0.663690    84A      0.689885  
      85A      0.689885    86A      0.693159    87A      0.693161  
      88A      0.694022    89A      0.694023    90A      0.695704  
      91A      0.759456    92A      0.759461    93A      0.764662  
      94A      0.773478    95A      0.780089    96A      0.780090  
      97A      0.838150    98A      0.858222    99A      0.858223  
     100A      0.862535   101A      0.891148   102A      0.891149  
     103A      0.924932   104A      0.924933   105A      0.928607  
     106A      0.928608   107A      0.962893   108A      0.977630  
     109A      0.977634   110A      0.979585   111A      0.979587  
     112A      1.009681   113A      1.017177   114A      1.072114  
     115A      1.080628   116A      1.100993   117A      1.100998  
     118A      1.182488   119A      1.182493   120A      1.201878  
     121A      1.345575   122A      1.345583   123A      1.423075  
     124A      1.486648   125A      1.502955   126A      1.536511  
     127A      1.536513   128A      1.538673   129A      1.538673  
     130A      1.554546   131A      1.581263   132A      1.611375  
     133A      1.621798   134A      1.621799   135A      1.637519  
     136A      1.637522   137A      1.642295   138A      1.711778  
     139A      1.711779   140A      1.714924   141A      1.714925  
     142A      1.792460   143A      1.792461   144A      1.793086  
     145A      1.830894   146A      1.897681   147A      1.897682  
     148A      1.915033   149A      1.933502   150A      1.953462  
     151A      1.953464   152A      1.971372   153A      1.971373  
     154A      1.989076   155A      1.992769   156A      2.090767  
     157A      2.111004   158A      2.111011   159A      2.126333  
     160A      2.126333   161A      2.206795   162A      2.206802  
     163A      2.226439   164A      2.226447   165A      2.270163  
     166A      2.270163   167A      2.302379   168A      2.366391  
     169A      2.378214   170A      2.378217   171A      2.405669  
     172A      2.460339   173A      2.460345   174A      2.629747  
     175A      2.688828   176A      2.797671   177A      2.797672  
     178A      2.798553   179A      2.798563   180A      2.806494  
     181A      2.977810   182A      2.977818   183A      2.987726  
     184A      3.157174   185A      3.157181   186A      3.172322  
     187A      3.172326   188A      3.396093   189A      3.577163  
     190A      3.577174   191A      3.900178   192A      4.831277  

    Final Occupation by Irrep:
              A 
    DOCC [    21 ]

  @DF-RHF Final Energy:  -230.72800323093566

   => Energetics <=

    Nuclear Repulsion Energy =            204.2428944999310829
    One-Electron Energy =                -714.7264829115006251
    Two-Electron Energy =                 279.7555851806338865
    Total Energy =                       -230.7280032309356557

Computation Completed


Properties will be evaluated at   0.000000,   0.000000,   0.000000 [a0]

Properties computed using the SCF density matrix

  Nuclear Dipole Moment: [e a0]
     X:    -0.0000      Y:     0.0000      Z:    -0.0000

  Electronic Dipole Moment: [e a0]
     X:    -0.0000      Y:     0.0000      Z:     0.0000

  Dipole Moment: [e a0]
     X:    -0.0000      Y:     0.0000      Z:    -0.0000     Total:     0.0000

  Dipole Moment: [D]
     X:    -0.0000      Y:     0.0000      Z:    -0.0000     Total:     0.0000


*** tstop() called on wanukaka at Thu Apr 21 15:05:49 2022
Module time:
	user time   =      17.01 seconds =       0.28 minutes
	system time =       0.47 seconds =       0.01 minutes
	total time  =          2 seconds =       0.03 minutes
Total time:
	user time   =     623.02 seconds =      10.38 minutes
	system time =      21.26 seconds =       0.35 minutes
	total time  =         68 seconds =       1.13 minutes

*** tstart() called on wanukaka
*** at Thu Apr 21 15:05:49 2022


         ------------------------------------------------------------
                                   SCF GRAD                          
                          Rob Parrish, Justin Turney,                
                       Andy Simmonett, and Alex Sokolov              
         ------------------------------------------------------------

  ==> Geometry <==

    Molecular point group: c1
    Full point group: C1

    Geometry (in Angstrom), charge = 0, multiplicity = 1:

       Center              X                  Y                   Z               Mass       
    ------------   -----------------  -----------------  -----------------  -----------------
         C           -0.759085149351     1.163883931433    -0.001377632214    12.000000000000
         C            0.628413228958     1.239326858705    -0.000770457464    12.000000000000
         C            1.387495146023     0.075448489233     0.000837970607    12.000000000000
         C            0.759085296178    -1.163883461152     0.001852742125    12.000000000000
         C           -0.628413840389    -1.239326687665     0.000540797971    12.000000000000
         C           -1.387494625837    -0.075449151959    -0.001082815440    12.000000000000
         H           -1.349466972129     2.069099193203    -0.002649670280     1.007825032230
         H            1.117159602560     2.203224938960    -0.001274233292     1.007825032230
         H            2.466628999382     0.134123232375     0.001590813950     1.007825032230
         H            1.349466182244    -2.069099792589     0.003093300586     1.007825032230
         H           -1.117160227471    -2.203224747487     0.001056590246     1.007825032230
         H           -2.466628246404    -0.134122569591    -0.001824011812     1.007825032230

  Nuclear repulsion =  204.242894499931083

  ==> Basis Set <==

  Basis Set: AUG-CC-PVDZ
    Blend: AUG-CC-PVDZ
    Number of shells: 84
    Number of basis function: 192
    Number of Cartesian functions: 204
    Spherical Harmonics?: true
    Max angular momentum: 2

  ==> DFJKGrad: Density-Fitted SCF Gradients <==

    Gradient:                    1
    J tasked:                  Yes
    K tasked:                  Yes
    wK tasked:                  No
    OpenMP threads:             12
    Integrals threads:          12
    Memory [MiB]:             5722
    Schwarz Cutoff:          0E+00
    Fitting Condition:       1E-10

   => Auxiliary Basis Set <=

  Basis Set: (AUG-CC-PVDZ AUX)
    Blend: AUG-CC-PVDZ-JKFIT
    Number of shells: 240
    Number of basis function: 708
    Number of Cartesian functions: 816
    Spherical Harmonics?: true
    Max angular momentum: 3


  -Total Gradient:
     Atom            X                  Y                   Z
    ------   -----------------  -----------------  -----------------
       1       -0.000040132984     0.000061378000     0.000073784485
       2        0.000036577151     0.000055274265    -0.000035815922
       3        0.000065305093     0.000011131819    -0.000037775541
       4        0.000040708008    -0.000060981628     0.000073683980
       5       -0.000037750393    -0.000054851989    -0.000035488768
       6       -0.000065053291    -0.000011586205    -0.000038097952
       7        0.000012820523    -0.000019752131    -0.000011826584
       8       -0.000010284129    -0.000019130050     0.000005690834
       9       -0.000021492990    -0.000001561156     0.000006039057
      10       -0.000012639269     0.000019284624    -0.000011912696
      11        0.000010152196     0.000019047358     0.000005696837
      12        0.000021790086     0.000001747092     0.000006022270


*** tstop() called on wanukaka at Thu Apr 21 15:05:51 2022
Module time:
	user time   =      21.01 seconds =       0.35 minutes
	system time =       0.73 seconds =       0.01 minutes
	total time  =          2 seconds =       0.03 minutes
Total time:
	user time   =     644.05 seconds =      10.73 minutes
	system time =      21.99 seconds =       0.37 minutes
	total time  =         70 seconds =       1.17 minutes

			-----------------------------------------
			 OPTKING 2.0: for geometry optimizations 
			  - R.A. King,  Bethel University        
			-----------------------------------------

	Previous internal coordinate definitions found.
	---Fragment 1 Geometry and Gradient---
	 C          -1.4344630382        2.1994218722       -0.0026033476
	 C           1.1875288963        2.3419883429       -0.0014559536
	 C           2.6219858264        0.1425769812        0.0015835349
	 C           1.4344633156       -2.1994209835        0.0035011752
	 C          -1.1875300518       -2.3419880197        0.0010219601
	 C          -2.6219848434       -0.1425782336       -0.0020462246
	 H          -2.5501229927        3.9100308016       -0.0050071512
	 H           2.1111256873        4.1634917274       -0.0024079519
	 H           4.6612532619        0.2534561762        0.0030062027
	 H           2.5501215000       -3.9100319342        0.0058454909
	 H          -2.1111268682       -4.1634913656        0.0019966662
	 H          -4.6612518390       -0.2534549238       -0.0034468828
	            -0.0000401330        0.0000613780        0.0000737845
	             0.0000365772        0.0000552743       -0.0000358159
	             0.0000653051        0.0000111318       -0.0000377755
	             0.0000407080       -0.0000609816        0.0000736840
	            -0.0000377504       -0.0000548520       -0.0000354888
	            -0.0000650533       -0.0000115862       -0.0000380980
	             0.0000128205       -0.0000197521       -0.0000118266
	            -0.0000102841       -0.0000191301        0.0000056908
	            -0.0000214930       -0.0000015612        0.0000060391
	            -0.0000126393        0.0000192846       -0.0000119127
	             0.0000101522        0.0000190474        0.0000056968
	             0.0000217901        0.0000017471        0.0000060223

	---Fragment 1 Intrafragment Coordinates---
	 - Coordinate -           - BOHR/RAD -       - ANG/DEG -
	 R(1,2)           =         2.625865	       1.389548
	 R(1,6)           =         2.625866	       1.389548
	 R(1,7)           =         2.042275	       1.080725
	 R(2,3)           =         2.625850	       1.389540
	 R(2,8)           =         2.042280	       1.080728
	 R(3,4)           =         2.625865	       1.389548
	 R(3,9)           =         2.042280	       1.080728
	 R(4,5)           =         2.625868	       1.389549
	 R(4,10)          =         2.042275	       1.080726
	 R(5,6)           =         2.625847	       1.389538
	 R(5,11)          =         2.042280	       1.080728
	 R(6,12)          =         2.042279	       1.080728
	 B(1,2,3)         =         2.094397	     120.000116
	 B(1,2,8)         =         2.094389	     119.999653
	 B(1,6,5)         =         2.094397	     120.000113
	 B(1,6,12)        =         2.094389	     119.999633
	 B(2,1,6)         =         2.094391	     119.999783
	 B(2,1,7)         =         2.094397	     120.000119
	 B(2,3,4)         =         2.094397	     120.000090
	 B(2,3,9)         =         2.094399	     120.000203
	 B(3,2,8)         =         2.094399	     120.000229
	 B(3,4,5)         =         2.094391	     119.999769
	 B(3,4,10)        =         2.094398	     120.000158
	 B(4,3,9)         =         2.094390	     119.999705
	 B(4,5,6)         =         2.094397	     120.000112
	 B(4,5,11)        =         2.094389	     119.999637
	 B(5,4,10)        =         2.094396	     120.000063
	 B(5,6,12)        =         2.094400	     120.000252
	 B(6,1,7)         =         2.094397	     120.000089
	 B(6,5,11)        =         2.094399	     120.000249
	 D(1,2,3,4)       =        -0.000000	      -0.000000
	 D(1,2,3,9)       =        -3.141293	    -179.982822
	 D(1,6,5,4)       =        -0.000000	      -0.000000
	 D(1,6,5,11)      =         3.141287	     179.982461
	 D(2,1,6,5)       =         0.000600	       0.034359
	 D(2,1,6,12)      =        -3.141305	    -179.983535
	 D(2,3,4,5)       =         0.000597	       0.034198
	 D(2,3,4,10)      =         3.141593	     180.000000
	 D(3,2,1,6)       =        -0.000587	      -0.033636
	 D(3,2,1,7)       =        -3.141570	    -179.998710
	 D(3,4,5,6)       =        -0.000584	      -0.033475
	 D(3,4,5,11)      =         3.141300	     179.983260
	 D(4,3,2,8)       =         3.141288	     179.982524
	 D(4,5,6,12)      =        -3.141294	    -179.982909
	 D(5,4,3,9)       =        -3.141307	    -179.983623
	 D(5,6,1,7)       =         3.141593	     180.000000
	 D(6,1,2,8)       =         3.141299	     179.983197
	 D(6,5,4,10)      =        -3.141569	    -179.998640
	 D(7,1,2,8)       =         0.000316	       0.018123
	 D(7,1,6,12)      =        -0.000322	      -0.018460
	 D(8,2,3,9)       =         0.000000	       0.000000
	 D(9,3,4,10)      =        -0.000322	      -0.018458
	 D(10,4,5,11)     =         0.000316	       0.018095
	 D(11,5,6,12)     =         0.000000	       0.000000

	Current energy   :      -230.7280032309

	Energy change for the previous step:
		Projected    :        -0.0000240295
		Actual       :        -0.0000116024

	Performing BFGS update.
	Previous computed or guess Hessian on step 1.
	Steps to be used in Hessian update: 2 1
	Taking RFO optimization step.
	Going to follow RFO solution 1.
	Using RFO vector 1.
	Norm of target step-size    0.00274
	Projected energy change by RFO approximation:        -0.0000001426

	Back-transformation to cartesian coordinates...
	Could not converge backtransformation.
	Using first guess instead.

	--- Internal Coordinate Step in ANG or DEG, aJ/ANG or AJ/DEG ---
	 ---------------------------------------------------------------------------
	   Coordinate                Previous        Force       Change         New 
	   ----------                --------       ------       ------       ------
	    1 R(1,2)          =      1.389548    -0.000401    -0.000047     1.389501
	    2 R(1,6)          =      1.389548    -0.000400    -0.000047     1.389502
	    3 R(1,7)          =      1.080725     0.000194     0.000036     1.080761
	    4 R(2,3)          =      1.389540    -0.000336    -0.000038     1.389502
	    5 R(2,8)          =      1.080728     0.000179     0.000033     1.080761
	    6 R(3,4)          =      1.389548    -0.000402    -0.000047     1.389501
	    7 R(3,9)          =      1.080728     0.000177     0.000033     1.080761
	    8 R(4,5)          =      1.389549    -0.000409    -0.000048     1.389501
	    9 R(4,10)         =      1.080726     0.000190     0.000035     1.080761
	   10 R(5,6)          =      1.389538    -0.000332    -0.000037     1.389501
	   11 R(5,11)         =      1.080728     0.000178     0.000033     1.080761
	   12 R(6,12)         =      1.080728     0.000180     0.000033     1.080761
	   13 B(1,2,3)        =    120.000116    -0.000000    -0.000095   120.000021
	   14 B(1,2,8)        =    119.999653     0.000000     0.000256   119.999909
	   15 B(1,6,5)        =    120.000113    -0.000000    -0.000107   120.000006
	   16 B(1,6,12)       =    119.999633     0.000000     0.000275   119.999908
	   17 B(2,1,6)        =    119.999783     0.000000     0.000168   119.999951
	   18 B(2,1,7)        =    120.000119    -0.000000    -0.000100   120.000020
	   19 B(2,3,4)        =    120.000090    -0.000000    -0.000077   120.000013
	   20 B(2,3,9)        =    120.000203    -0.000000    -0.000126   120.000078
	   21 B(3,2,8)        =    120.000229    -0.000000    -0.000160   120.000070
	   22 B(3,4,5)        =    119.999769     0.000000     0.000196   119.999966
	   23 B(3,4,10)       =    120.000158    -0.000000    -0.000117   120.000042
	   24 B(4,3,9)        =    119.999705     0.000000     0.000203   119.999908
	   25 B(4,5,6)        =    120.000112    -0.000000    -0.000078   120.000035
	   26 B(4,5,11)       =    119.999637     0.000000     0.000223   119.999860
	   27 B(5,4,10)       =    120.000063    -0.000000    -0.000075   119.999988
	   28 B(5,6,12)       =    120.000252    -0.000000    -0.000167   120.000085
	   29 B(6,1,7)        =    120.000089    -0.000000    -0.000064   120.000025
	   30 B(6,5,11)       =    120.000249    -0.000000    -0.000144   120.000104
	   31 D(1,2,3,4)      =      0.000000     0.000000     0.000000     0.000000
	   32 D(1,2,3,9)      =   -179.982822    -0.000000    -0.029225  -180.012047
	   33 D(1,6,5,4)      =      0.000000     0.000000     0.000000     0.000000
	   34 D(1,6,5,11)     =    179.982461     0.000000     0.029859   180.012320
	   35 D(2,1,6,5)      =      0.034359    -0.000000    -0.059558    -0.025199
	   36 D(2,1,6,12)     =   -179.983535    -0.000000    -0.029099  -180.012634
	   37 D(2,3,4,5)      =      0.034198    -0.000000    -0.059308    -0.025110
	   38 D(2,3,4,10)     =    180.000000     0.000000     0.000000   180.000000
	   39 D(3,2,1,6)      =     -0.033636     0.000000     0.058316     0.024681
	   40 D(3,2,1,7)      =   -179.998710    -0.000000    -0.001290  -180.000000
	   41 D(3,4,5,6)      =     -0.033475     0.000000     0.058066     0.024591
	   42 D(3,4,5,11)     =    179.983260     0.000000     0.029574   180.012834
	   43 D(4,3,2,8)      =    179.982524     0.000000     0.029761   180.012285
	   44 D(4,5,6,12)     =   -179.982909    -0.000000    -0.029093  -180.012002
	   45 D(5,4,3,9)      =   -179.983623    -0.000000    -0.028966  -180.012589
	   46 D(5,6,1,7)      =    180.000000    -0.000000     0.000000   180.000000
	   47 D(6,1,2,8)      =    179.983197     0.000000     0.029672   180.012869
	   48 D(6,5,4,10)     =   -179.998640    -0.000000    -0.001360  -180.000000
	   49 D(7,1,2,8)      =      0.018123    -0.000000    -0.029800    -0.011677
	   50 D(7,1,6,12)     =     -0.018460     0.000000     0.030374     0.011913
	   51 D(8,2,3,9)      =      0.000000    -0.000000     0.000000     0.000000
	   52 D(9,3,4,10)     =     -0.018458     0.000000     0.030364     0.011906
	   53 D(10,4,5,11)    =      0.018095    -0.000000    -0.029756    -0.011660
	   54 D(11,5,6,12)    =      0.000000    -0.000000     0.000000     0.000000
	 ---------------------------------------------------------------------------
	Successfully symmetrized geometry.

  ==> Convergence Check <==

  Measures of convergence in internal coordinates in au.
  Criteria marked as inactive (o), active & met (*), and active & unmet ( ).
  ---------------------------------------------------------------------------------------------
   Step     Total Energy     Delta E     MAX Force     RMS Force      MAX Disp      RMS Disp   
  ---------------------------------------------------------------------------------------------
    Convergence Criteria    1.00e-06 *    3.00e-04 *             o    1.20e-03 *             o
  ---------------------------------------------------------------------------------------------
      3    -230.72800323   -1.16e-05      4.96e-05 *    1.86e-05 o    1.04e-03 *    3.73e-04 o  ~
  ---------------------------------------------------------------------------------------------


  **** Optimization is complete! (in 3 steps) ****

  ==> Optimization Summary <==

  Measures of convergence in internal coordinates in au.
  --------------------------------------------------------------------------------------------------------------- ~
   Step         Total Energy             Delta E       MAX Force       RMS Force        MAX Disp        RMS Disp  ~
  --------------------------------------------------------------------------------------------------------------- ~
      1    -230.727675515408   -230.727675515408      0.00583167      0.00242923      0.01282778      0.00612651  ~
      2    -230.727991628536     -0.000316113128      0.00133131      0.00048114      0.00238455      0.00112172  ~
      3    -230.728003230936     -0.000011602400      0.00004961      0.00001858      0.00103949      0.00037250  ~
  --------------------------------------------------------------------------------------------------------------- ~

	Writing optimization data to binary file.
	Final energy is   -230.7280032309357
	Final (previous) structure:
	Cartesian Geometry (in Angstrom)
	    C    -0.7590851464   1.1638839269  -0.0013776322
	    C     0.6284132265   1.2393268538  -0.0007704575
	    C     1.3874951406   0.0754484889   0.0008379706
	    C     0.7590852932  -1.1638834566   0.0018527421
	    C    -0.6284138379  -1.2393266828   0.0005407980
	    C    -1.3874946204  -0.0754491517  -0.0010828154
	    H    -1.3494669668   2.0690991851  -0.0026496703
	    H     1.1171595982   2.2032249303  -0.0012742333
	    H     2.4666289897   0.1341232318   0.0015908139
	    H     1.3494661769  -2.0690997845   0.0030933006
	    H    -1.1171602231  -2.2032247388   0.0010565902
	    H    -2.4666282367  -0.1341225691  -0.0018240118
	Saving final (previous) structure.
			--------------------------
			 OPTKING Finished Execution 
			--------------------------

    Final optimized geometry and variables:
    Molecular point group: c1
    Full point group: C1

    Geometry (in Angstrom), charge = 0, multiplicity = 1:

    C           -0.759085149351     1.163883931433    -0.001377632214
    C            0.628413228958     1.239326858705    -0.000770457464
    C            1.387495146023     0.075448489233     0.000837970607
    C            0.759085296178    -1.163883461152     0.001852742125
    C           -0.628413840389    -1.239326687665     0.000540797971
    C           -1.387494625837    -0.075449151959    -0.001082815440
    H           -1.349466972129     2.069099193203    -0.002649670280
    H            1.117159602560     2.203224938960    -0.001274233292
    H            2.466628999382     0.134123232375     0.001590813950
    H            1.349466182244    -2.069099792589     0.003093300586
    H           -1.117160227471    -2.203224747487     0.001056590246
    H           -2.466628246404    -0.134122569591    -0.001824011812

	Removing binary optimization data file.
	Cleaning optimization helper files.

*** tstart() called on wanukaka
*** at Thu Apr 21 15:05:51 2022

   => Loading Basis Set <=

    Name: AUG-CC-PVDZ
    Role: ORBITAL
    Keyword: BASIS
    atoms 1-6  entry C          line   178 file /home/sulstice/software/miniconda2/envs/qmpython2/share/psi4/basis/aug-cc-pvdz.gbs 
    atoms 7-12 entry H          line    36 file /home/sulstice/software/miniconda2/envs/qmpython2/share/psi4/basis/aug-cc-pvdz.gbs 


         ---------------------------------------------------------
                                   SCF
               by Justin Turney, Rob Parrish, Andy Simmonett
                          and Daniel G. A. Smith
                              RHF Reference
                       12 Threads,   7629 MiB Core
         ---------------------------------------------------------

  ==> Geometry <==

    Molecular point group: c1
    Full point group: C1

    Geometry (in Angstrom), charge = 0, multiplicity = 1:

       Center              X                  Y                   Z               Mass       
    ------------   -----------------  -----------------  -----------------  -----------------
         C           -0.759085149351     1.163883931433    -0.001377632214    12.000000000000
         C            0.628413228958     1.239326858705    -0.000770457464    12.000000000000
         C            1.387495146023     0.075448489233     0.000837970607    12.000000000000
         C            0.759085296178    -1.163883461152     0.001852742125    12.000000000000
         C           -0.628413840389    -1.239326687665     0.000540797971    12.000000000000
         C           -1.387494625837    -0.075449151959    -0.001082815440    12.000000000000
         H           -1.349466972129     2.069099193203    -0.002649670280     1.007825032230
         H            1.117159602560     2.203224938960    -0.001274233292     1.007825032230
         H            2.466628999382     0.134123232375     0.001590813950     1.007825032230
         H            1.349466182244    -2.069099792589     0.003093300586     1.007825032230
         H           -1.117160227471    -2.203224747487     0.001056590246     1.007825032230
         H           -2.466628246404    -0.134122569591    -0.001824011812     1.007825032230

  Running in c1 symmetry.

  Rotational constants: A =      0.19165  B =      0.19165  C =      0.09583 [cm^-1]
  Rotational constants: A =   5745.55903  B =   5745.53860  C =   2872.77448 [MHz]
  Nuclear repulsion =  204.242894499931083

  Charge       = 0
  Multiplicity = 1
  Electrons    = 42
  Nalpha       = 21
  Nbeta        = 21

  ==> Algorithm <==

  SCF Algorithm Type is DF.
  DIIS enabled.
  MOM disabled.
  Fractional occupation disabled.
  Guess Type is SAD.
  Energy threshold   = 1.00e-06
  Density threshold  = 1.00e-06
  Integral threshold = 0.00e+00

  ==> Primary Basis <==

  Basis Set: AUG-CC-PVDZ
    Blend: AUG-CC-PVDZ
    Number of shells: 84
    Number of basis function: 192
    Number of Cartesian functions: 204
    Spherical Harmonics?: true
    Max angular momentum: 2

   => Loading Basis Set <=

    Name: (AUG-CC-PVDZ AUX)
    Role: JKFIT
    Keyword: DF_BASIS_SCF
    atoms 1-6  entry C          line   154 file /home/sulstice/software/miniconda2/envs/qmpython2/share/psi4/basis/aug-cc-pvdz-jkfit.gbs 
    atoms 7-12 entry H          line    70 file /home/sulstice/software/miniconda2/envs/qmpython2/share/psi4/basis/aug-cc-pvdz-jkfit.gbs 

  ==> Pre-Iterations <==

   -------------------------------------------------------
    Irrep   Nso     Nmo     Nalpha   Nbeta   Ndocc  Nsocc
   -------------------------------------------------------
     A        192     192       0       0       0       0
   -------------------------------------------------------
    Total     192     192      21      21      21       0
   -------------------------------------------------------

  ==> Integral Setup <==

  DFHelper Memory: AOs need 0.207 GiB; user supplied 5.588 GiB. Using in-core AOs.

  ==> MemDFJK: Density-Fitted J/K Matrices <==

    J tasked:                   Yes
    K tasked:                   Yes
    wK tasked:                   No
    OpenMP threads:              12
    Memory [MiB]:              5722
    Algorithm:                 Core
    Schwarz Cutoff:           1E-12
    Mask sparsity (%):       0.1302
    Fitting Condition:        1E-10

   => Auxiliary Basis Set <=

  Basis Set: (AUG-CC-PVDZ AUX)
    Blend: AUG-CC-PVDZ-JKFIT
    Number of shells: 240
    Number of basis function: 708
    Number of Cartesian functions: 816
    Spherical Harmonics?: true
    Max angular momentum: 3

  Minimum eigenvalue in the overlap matrix is 2.2308633429E-06.
  Using Symmetric Orthogonalization.

  SCF Guess: Superposition of Atomic Densities via on-the-fly atomic UHF.

  ==> Iterations <==

                           Total Energy        Delta E     RMS |[F,P]|

   @DF-RHF iter SAD:  -230.19428242976420   -2.30194e+02   0.00000e+00 
   @DF-RHF iter   1:  -230.55015432992073   -3.55872e-01   2.71934e-03 DIIS
   @DF-RHF iter   2:  -230.69158233375134   -1.41428e-01   1.33631e-03 DIIS
   @DF-RHF iter   3:  -230.72653864233257   -3.49563e-02   2.10379e-04 DIIS
   @DF-RHF iter   4:  -230.72798167886663   -1.44304e-03   2.25322e-05 DIIS
   @DF-RHF iter   5:  -230.72800243785045   -2.07590e-05   4.26201e-06 DIIS
   @DF-RHF iter   6:  -230.72800321953440   -7.81684e-07   4.59631e-07 DIIS
  Energy and wave function converged.


  ==> Post-Iterations <==

    Orbital Energies [Eh]
    ---------------------

    Doubly Occupied:                                                      

       1A    -11.240792     2A    -11.240220     3A    -11.240220  
       4A    -11.238977     5A    -11.238976     6A    -11.238370  
       7A     -1.155799     8A     -1.018787     9A     -1.018785  
      10A     -0.826618    11A     -0.826615    12A     -0.711964  
      13A     -0.644028    14A     -0.621534    15A     -0.589253  
      16A     -0.589252    17A     -0.503592    18A     -0.494775  
      19A     -0.494770    20A     -0.337164    21A     -0.337161  

    Virtual:                                                              

      22A      0.036022    23A      0.042590    24A      0.042590  
      25A      0.057601    26A      0.057601    27A      0.076430  
      28A      0.108474    29A      0.108476    30A      0.122549  
      31A      0.143023    32A      0.143023    33A      0.146061  
      34A      0.147876    35A      0.147877    36A      0.148775  
      37A      0.153689    38A      0.153689    39A      0.167710  
      40A      0.167710    41A      0.168580    42A      0.185332  
      43A      0.190976    44A      0.190976    45A      0.192595  
      46A      0.199413    47A      0.199414    48A      0.266855  
      49A      0.302408    50A      0.302408    51A      0.313567  
      52A      0.313568    53A      0.327612    54A      0.338556  
      55A      0.349839    56A      0.357579    57A      0.357579  
      58A      0.366865    59A      0.381007    60A      0.381008  
      61A      0.387229    62A      0.413341    63A      0.428107  
      64A      0.428107    65A      0.431545    66A      0.431546  
      67A      0.443418    68A      0.443418    69A      0.504297  
      70A      0.505667    71A      0.505667    72A      0.565678  
      73A      0.573397    74A      0.576807    75A      0.576810  
      76A      0.594341    77A      0.594344    78A      0.595844  
      79A      0.598994    80A      0.612183    81A      0.620113  
      82A      0.663690    83A      0.663691    84A      0.689886  
      85A      0.689886    86A      0.693160    87A      0.693162  
      88A      0.694023    89A      0.694023    90A      0.695705  
      91A      0.759458    92A      0.759463    93A      0.764663  
      94A      0.773479    95A      0.780089    96A      0.780091  
      97A      0.838153    98A      0.858224    99A      0.858225  
     100A      0.862536   101A      0.891149   102A      0.891150  
     103A      0.924934   104A      0.924934   105A      0.928609  
     106A      0.928609   107A      0.962894   108A      0.977631  
     109A      0.977635   110A      0.979588   111A      0.979589  
     112A      1.009681   113A      1.017178   114A      1.072115  
     115A      1.080629   116A      1.100994   117A      1.100999  
     118A      1.182491   119A      1.182495   120A      1.201878  
     121A      1.345577   122A      1.345584   123A      1.423077  
     124A      1.486650   125A      1.502957   126A      1.536513  
     127A      1.536514   128A      1.538674   129A      1.538674  
     130A      1.554548   131A      1.581264   132A      1.611377  
     133A      1.621799   134A      1.621801   135A      1.637520  
     136A      1.637523   137A      1.642297   138A      1.711780  
     139A      1.711780   140A      1.714926   141A      1.714927  
     142A      1.792462   143A      1.792462   144A      1.793087  
     145A      1.830896   146A      1.897683   147A      1.897684  
     148A      1.915035   149A      1.933498   150A      1.953463  
     151A      1.953465   152A      1.971373   153A      1.971375  
     154A      1.989078   155A      1.992771   156A      2.090769  
     157A      2.111006   158A      2.111012   159A      2.126335  
     160A      2.126335   161A      2.206797   162A      2.206803  
     163A      2.226441   164A      2.226448   165A      2.270164  
     166A      2.270165   167A      2.302381   168A      2.366392  
     169A      2.378215   170A      2.378219   171A      2.405670  
     172A      2.460340   173A      2.460346   174A      2.629749  
     175A      2.688830   176A      2.797672   177A      2.797674  
     178A      2.798555   179A      2.798565   180A      2.806496  
     181A      2.977812   182A      2.977820   183A      2.987728  
     184A      3.157175   185A      3.157183   186A      3.172323  
     187A      3.172328   188A      3.396093   189A      3.577165  
     190A      3.577175   191A      3.900180   192A      4.831278  

    Final Occupation by Irrep:
              A 
    DOCC [    21 ]

  @DF-RHF Final Energy:  -230.72800321953440

   => Energetics <=

    Nuclear Repulsion Energy =            204.2428944999310829
    One-Electron Energy =                -714.7266888972089873
    Two-Electron Energy =                 279.7557911777435038
    Total Energy =                       -230.7280032195344006

Computation Completed


Properties will be evaluated at   0.000000,   0.000000,   0.000000 [a0]

Properties computed using the SCF density matrix

  Nuclear Dipole Moment: [e a0]
     X:    -0.0000      Y:     0.0000      Z:    -0.0000

  Electronic Dipole Moment: [e a0]
     X:     0.0000      Y:    -0.0000      Z:     0.0000

  Dipole Moment: [e a0]
     X:    -0.0000      Y:     0.0000      Z:    -0.0000     Total:     0.0000

  Dipole Moment: [D]
     X:    -0.0000      Y:     0.0000      Z:    -0.0000     Total:     0.0000


*** tstop() called on wanukaka at Thu Apr 21 15:05:53 2022
Module time:
	user time   =      19.42 seconds =       0.32 minutes
	system time =       0.55 seconds =       0.01 minutes
	total time  =          2 seconds =       0.03 minutes
Total time:
	user time   =     663.78 seconds =      11.06 minutes
	system time =      22.55 seconds =       0.38 minutes
	total time  =         72 seconds =       1.20 minutes
