gradient() will perform analytic gradient computation.

*** tstart() called on wanukaka
*** at Thu Apr 14 13:05:16 2022

   => Loading Basis Set <=

    Name: CC-PVDZ
    Role: ORBITAL
    Keyword: BASIS
    atoms 1 entry C          line   138 file /home/sulstice/software/miniconda2/envs/qmpython2/share/psi4/basis/cc-pvdz.gbs 
    atoms 2 entry O          line   198 file /home/sulstice/software/miniconda2/envs/qmpython2/share/psi4/basis/cc-pvdz.gbs 


         ---------------------------------------------------------
                                   SCF
               by Justin Turney, Rob Parrish, Andy Simmonett
                          and Daniel G. A. Smith
                              RKS Reference
                       10 Threads,   7629 MiB Core
         ---------------------------------------------------------

  ==> Geometry <==

    Molecular point group: c2v
    Full point group: C_inf_v

    Geometry (in Angstrom), charge = 0, multiplicity = 1:

       Center              X                  Y                   Z               Mass       
    ------------   -----------------  -----------------  -----------------  -----------------
         C            0.000000000000     0.000000000000    -0.644483611972    12.000000000000
         O            0.000000000000     0.000000000000     0.483516388028    15.994914619570

  Running in c2v symmetry.

  Rotational constants: A = ************  B =      1.93239  C =      1.93239 [cm^-1]
  Rotational constants: A = ************  B =  57931.52687  C =  57931.52687 [MHz]
  Nuclear repulsion =   22.518179177446818

  Charge       = 0
  Multiplicity = 1
  Electrons    = 14
  Nalpha       = 7
  Nbeta        = 7

  ==> Algorithm <==

  SCF Algorithm Type is DF.
  DIIS enabled.
  MOM disabled.
  Fractional occupation disabled.
  Guess Type is SAD.
  Energy threshold   = 1.00e-08
  Density threshold  = 1.00e-08
  Integral threshold = 0.00e+00

  ==> Primary Basis <==

  Basis Set: CC-PVDZ
    Blend: CC-PVDZ
    Number of shells: 12
    Number of basis function: 28
    Number of Cartesian functions: 30
    Spherical Harmonics?: true
    Max angular momentum: 2

  ==> DFT Potential <==

   => Composite Functional: M06-2X <= 

    Hybrid M06-2X Meta-GGA XC Functional

    Y. Zhao and D. G. Truhlar,  Theor. Chem. Acc., 120, 215, 2008


    Deriv               =              1
    GGA                 =           TRUE
    Meta                =           TRUE

    Exchange Hybrid     =           TRUE
    MP2 Hybrid          =          FALSE

   => Exchange Functionals <=

    1.0000   XC_HYB_MGGA_X_M06_2X

   => Exact (HF) Exchange <=

    0.5400               HF 

   => Correlation Functionals <=

    1.0000   XC_MGGA_C_M06_2X

   => Molecular Quadrature <=

    Radial Scheme          =       TREUTLER
    Pruning Scheme         =           FLAT
    Nuclear Scheme         =       TREUTLER

    BS radius alpha        =              1
    Pruning alpha          =              1
    Radial Points          =             75
    Spherical Points       =            302
    Total Points           =          42745
    Total Blocks           =            387
    Max Points             =            255
    Max Functions          =             28

   => Loading Basis Set <=

    Name: (CC-PVDZ AUX)
    Role: JKFIT
    Keyword: DF_BASIS_SCF
    atoms 1 entry C          line   121 file /home/sulstice/software/miniconda2/envs/qmpython2/share/psi4/basis/cc-pvdz-jkfit.gbs 
    atoms 2 entry O          line   221 file /home/sulstice/software/miniconda2/envs/qmpython2/share/psi4/basis/cc-pvdz-jkfit.gbs 

  ==> Pre-Iterations <==

   -------------------------------------------------------
    Irrep   Nso     Nmo     Nalpha   Nbeta   Ndocc  Nsocc
   -------------------------------------------------------
     A1        14      14       0       0       0       0
     A2         2       2       0       0       0       0
     B1         6       6       0       0       0       0
     B2         6       6       0       0       0       0
   -------------------------------------------------------
    Total      28      28       7       7       7       0
   -------------------------------------------------------

  ==> Integral Setup <==

  DFHelper Memory: AOs need 0.001 GiB; user supplied 5.503 GiB. Using in-core AOs.

  ==> MemDFJK: Density-Fitted J/K Matrices <==

    J tasked:                   Yes
    K tasked:                   Yes
    wK tasked:                   No
    OpenMP threads:              10
    Memory [MiB]:              5635
    Algorithm:                 Core
    Schwarz Cutoff:           1E-12
    Mask sparsity (%):       0.0000
    Fitting Condition:        1E-10

   => Auxiliary Basis Set <=

  Basis Set: (CC-PVDZ AUX)
    Blend: CC-PVDZ-JKFIT
    Number of shells: 48
    Number of basis function: 140
    Number of Cartesian functions: 162
    Spherical Harmonics?: true
    Max angular momentum: 3

  Cached 100.0% of DFT collocation blocks in 0.085 [GiB].

  Minimum eigenvalue in the overlap matrix is 2.1726289959E-02.
  Using Symmetric Orthogonalization.

  SCF Guess: Superposition of Atomic Densities via on-the-fly atomic UHF.

  ==> Iterations <==

                           Total Energy        Delta E     RMS |[F,P]|

   @DF-RKS iter SAD:  -112.68039537944846   -1.12680e+02   0.00000e+00 
   @DF-RKS iter   1:  -113.26109974515701   -5.80704e-01   1.65733e-02 DIIS
   @DF-RKS iter   2:  -113.23314045974037    2.79593e-02   2.40114e-02 DIIS
   @DF-RKS iter   3:  -113.28737511779487   -5.42347e-02   2.33920e-03 DIIS
   @DF-RKS iter   4:  -113.28809047204493   -7.15354e-04   2.97140e-04 DIIS
   @DF-RKS iter   5:  -113.28809978845104   -9.31641e-06   7.52146e-05 DIIS
   @DF-RKS iter   6:  -113.28810033815398   -5.49703e-07   1.23748e-05 DIIS
   @DF-RKS iter   7:  -113.28810035363766   -1.54837e-08   4.90458e-07 DIIS
   @DF-RKS iter   8:  -113.28810035368633   -4.86722e-11   5.98038e-08 DIIS
   @DF-RKS iter   9:  -113.28810035368672   -3.83693e-13   5.66291e-09 DIIS
  Energy and wave function converged.


  ==> Post-Iterations <==

    Orbital Energies [Eh]
    ---------------------

    Doubly Occupied:                                                      

       1A1   -19.743299     2A1   -10.663862     3A1    -1.287417  
       4A1    -0.665188     1B2    -0.546160     1B1    -0.546160  
       5A1    -0.439340  

    Virtual:                                                              

       2B2     0.037292     2B1     0.037292     6A1     0.288360  
       3B2     0.513895     3B1     0.513895     7A1     0.593853  
       8A1     0.821392     9A1     0.879406     4B2     1.019139  
       4B1     1.019139    10A1     1.153092     1A2     1.153092  
       5B2     1.351163     5B1     1.351163    11A1     1.712899  
      12A1     2.055317    13A1     2.637980     2A2     2.638009  
       6B1     3.100569     6B2     3.100569    14A1     3.518275  

    Final Occupation by Irrep:
             A1    A2    B1    B2 
    DOCC [     5,    0,    1,    1 ]

  @DF-RKS Final Energy:  -113.28810035368672

   => Energetics <=

    Nuclear Repulsion Energy =             22.5181791774468181
    One-Electron Energy =                -198.3016390903426895
    Two-Electron Energy =                  69.1690794499587582
    DFT Exchange-Correlation Energy =      -6.6737198907496040
    Empirical Dispersion Energy =           0.0000000000000000
    VV10 Nonlocal Energy =                  0.0000000000000000
    Total Energy =                       -113.2881003536867155

Computation Completed


Properties will be evaluated at   0.000000,   0.000000,   0.000000 [a0]

Properties computed using the SCF density matrix

  Nuclear Dipole Moment: [e a0]
     X:     0.0000      Y:     0.0000      Z:     0.0023

  Electronic Dipole Moment: [e a0]
     X:     0.0000      Y:     0.0000      Z:     0.0445

  Dipole Moment: [e a0]
     X:     0.0000      Y:     0.0000      Z:     0.0468     Total:     0.0468

  Dipole Moment: [D]
     X:     0.0000      Y:     0.0000      Z:     0.1189     Total:     0.1189


*** tstop() called on wanukaka at Thu Apr 14 13:05:16 2022
Module time:
	user time   =       8.03 seconds =       0.13 minutes
	system time =       0.24 seconds =       0.00 minutes
	total time  =          0 seconds =       0.00 minutes
Total time:
	user time   =   14251.71 seconds =     237.53 minutes
	system time =     626.94 seconds =      10.45 minutes
	total time  =       1660 seconds =      27.67 minutes

*** tstart() called on wanukaka
*** at Thu Apr 14 13:05:16 2022


         ------------------------------------------------------------
                                   SCF GRAD                          
                          Rob Parrish, Justin Turney,                
                       Andy Simmonett, and Alex Sokolov              
         ------------------------------------------------------------

  ==> Geometry <==

    Molecular point group: c2v
    Full point group: C_inf_v

    Geometry (in Angstrom), charge = 0, multiplicity = 1:

       Center              X                  Y                   Z               Mass       
    ------------   -----------------  -----------------  -----------------  -----------------
         C            0.000000000000     0.000000000000    -0.644483611972    12.000000000000
         O            0.000000000000     0.000000000000     0.483516388028    15.994914619570

  Nuclear repulsion =   22.518179177446818

  ==> Basis Set <==

  Basis Set: CC-PVDZ
    Blend: CC-PVDZ
    Number of shells: 12
    Number of basis function: 28
    Number of Cartesian functions: 30
    Spherical Harmonics?: true
    Max angular momentum: 2

  ==> DFJKGrad: Density-Fitted SCF Gradients <==

    Gradient:                    1
    J tasked:                  Yes
    K tasked:                  Yes
    wK tasked:                  No
    OpenMP threads:             10
    Integrals threads:          10
    Memory [MiB]:             5722
    Schwarz Cutoff:          0E+00
    Fitting Condition:       1E-10

   => Auxiliary Basis Set <=

  Basis Set: (CC-PVDZ AUX)
    Blend: CC-PVDZ-JKFIT
    Number of shells: 48
    Number of basis function: 140
    Number of Cartesian functions: 162
    Spherical Harmonics?: true
    Max angular momentum: 3

  ==> DFT Potential <==

   => Composite Functional: M06-2X <= 

    Hybrid M06-2X Meta-GGA XC Functional

    Y. Zhao and D. G. Truhlar,  Theor. Chem. Acc., 120, 215, 2008


    Deriv               =              1
    GGA                 =           TRUE
    Meta                =           TRUE

    Exchange Hybrid     =           TRUE
    MP2 Hybrid          =          FALSE

   => Exchange Functionals <=

    1.0000   XC_HYB_MGGA_X_M06_2X

   => Exact (HF) Exchange <=

    0.5400               HF 

   => Correlation Functionals <=

    1.0000   XC_MGGA_C_M06_2X

   => Molecular Quadrature <=

    Radial Scheme          =       TREUTLER
    Pruning Scheme         =           FLAT
    Nuclear Scheme         =       TREUTLER

    BS radius alpha        =              1
    Pruning alpha          =              1
    Radial Points          =             75
    Spherical Points       =            302
    Total Points           =          42745
    Total Blocks           =            387
    Max Points             =            255
    Max Functions          =             28


  -Total Gradient:
     Atom            X                  Y                   Z
    ------   -----------------  -----------------  -----------------
       1        0.000000000000    -0.000000000000     0.000607335640
       2       -0.000000000000     0.000000000000    -0.000330716433


*** tstop() called on wanukaka at Thu Apr 14 13:05:17 2022
Module time:
	user time   =       4.36 seconds =       0.07 minutes
	system time =       0.23 seconds =       0.00 minutes
	total time  =          1 seconds =       0.02 minutes
Total time:
	user time   =   14256.08 seconds =     237.60 minutes
	system time =     627.17 seconds =      10.45 minutes
	total time  =       1661 seconds =      27.68 minutes

			-----------------------------------------
			 OPTKING 2.0: for geometry optimizations 
			  - R.A. King,  Bethel University        
			-----------------------------------------

	Internal coordinates to be generated automatically.
	Detected frag 1 with atoms:  1 2
	---Fragment 1 Bond Connectivity---
	 1 : 2
	 2 : 1

	---Fragment 1 Geometry and Gradient---
	 C           0.0000000000        0.0000000000       -1.2178975190
	 O           0.0000000000        0.0000000000        0.9137135505
	             0.0000000000       -0.0000000000        0.0006073356
	            -0.0000000000        0.0000000000       -0.0003307164

	Previous optimization step data not found.  Starting new optimization.

	---Fragment 1 Intrafragment Coordinates---
	 - Coordinate -           - BOHR/RAD -       - ANG/DEG -
	 R(1,2)           =         2.131611	       1.128000

	Current energy   :      -113.2881003537

	Generating empirical Hessian (Schlegel '84) for each fragment.
	Taking RFO optimization step.
	Going to follow RFO solution 1.
	Using RFO vector 1.
	Norm of target step-size    0.00031
	Projected energy change by RFO approximation:        -0.0000000974

	Back-transformation to cartesian coordinates...
	Successfully converged to displaced geometry.

	--- Internal Coordinate Step in ANG or DEG, aJ/ANG or AJ/DEG ---
	 ---------------------------------------------------------------------------
	   Coordinate                Previous        Force       Change         New 
	   ----------                --------       ------       ------       ------
	    1 R(1,2)          =      1.128000     0.003864     0.000164     1.128164
	 ---------------------------------------------------------------------------
	Successfully symmetrized geometry.

  ==> Convergence Check <==

  Measures of convergence in internal coordinates in au.
  Criteria marked as inactive (o), active & met (*), and active & unmet ( ).
  --------------------------------------------------------------------------------------------- ~
   Step     Total Energy     Delta E     MAX Force     RMS Force      MAX Disp      RMS Disp    ~
  --------------------------------------------------------------------------------------------- ~
    Convergence Criteria    1.00e-06 *    3.00e-04 *             o    1.20e-03 *             o  ~
  --------------------------------------------------------------------------------------------- ~
      1    -113.28810035   -1.13e+02      4.69e-04      4.69e-04 o    3.10e-04 *    3.10e-04 o  ~
  ---------------------------------------------------------------------------------------------

	Writing optimization data to binary file.
	Structure for next step:
	Cartesian Geometry (in Angstrom)
	    C     0.0000000000   0.0000000000  -0.6445656587
	    O     0.0000000000   0.0000000000   0.4835984354
			--------------------------
			 OPTKING Finished Execution 
			--------------------------

    Structure for next step:
    Molecular point group: c2v
    Full point group: C_inf_v

    Geometry (in Angstrom), charge = 0, multiplicity = 1:

    C       
    O             1    1.128164

gradient() will perform analytic gradient computation.

*** tstart() called on wanukaka
*** at Thu Apr 14 13:05:17 2022

   => Loading Basis Set <=

    Name: CC-PVDZ
    Role: ORBITAL
    Keyword: BASIS
    atoms 1 entry C          line   138 file /home/sulstice/software/miniconda2/envs/qmpython2/share/psi4/basis/cc-pvdz.gbs 
    atoms 2 entry O          line   198 file /home/sulstice/software/miniconda2/envs/qmpython2/share/psi4/basis/cc-pvdz.gbs 


         ---------------------------------------------------------
                                   SCF
               by Justin Turney, Rob Parrish, Andy Simmonett
                          and Daniel G. A. Smith
                              RKS Reference
                       10 Threads,   7629 MiB Core
         ---------------------------------------------------------

  ==> Geometry <==

    Molecular point group: c2v
    Full point group: C_inf_v

    Geometry (in Angstrom), charge = 0, multiplicity = 1:

       Center              X                  Y                   Z               Mass       
    ------------   -----------------  -----------------  -----------------  -----------------
         C            0.000000000000     0.000000000000    -0.644577369835    12.000000000000
         O            0.000000000000     0.000000000000     0.483586728782    15.994914619570

  Running in c2v symmetry.

  Rotational constants: A = ************  B =      1.93183  C =      1.93183 [cm^-1]
  Rotational constants: A = ************  B =  57914.67508  C =  57914.67508 [MHz]
  Nuclear repulsion =   22.514903765595118

  Charge       = 0
  Multiplicity = 1
  Electrons    = 14
  Nalpha       = 7
  Nbeta        = 7

  ==> Algorithm <==

  SCF Algorithm Type is DF.
  DIIS enabled.
  MOM disabled.
  Fractional occupation disabled.
  Guess Type is READ.
  Energy threshold   = 1.00e-08
  Density threshold  = 1.00e-08
  Integral threshold = 0.00e+00

  ==> Primary Basis <==

  Basis Set: CC-PVDZ
    Blend: CC-PVDZ
    Number of shells: 12
    Number of basis function: 28
    Number of Cartesian functions: 30
    Spherical Harmonics?: true
    Max angular momentum: 2

  ==> DFT Potential <==

   => Composite Functional: M06-2X <= 

    Hybrid M06-2X Meta-GGA XC Functional

    Y. Zhao and D. G. Truhlar,  Theor. Chem. Acc., 120, 215, 2008


    Deriv               =              1
    GGA                 =           TRUE
    Meta                =           TRUE

    Exchange Hybrid     =           TRUE
    MP2 Hybrid          =          FALSE

   => Exchange Functionals <=

    1.0000   XC_HYB_MGGA_X_M06_2X

   => Exact (HF) Exchange <=

    0.5400               HF 

   => Correlation Functionals <=

    1.0000   XC_MGGA_C_M06_2X

   => Molecular Quadrature <=

    Radial Scheme          =       TREUTLER
    Pruning Scheme         =           FLAT
    Nuclear Scheme         =       TREUTLER

    BS radius alpha        =              1
    Pruning alpha          =              1
    Radial Points          =             75
    Spherical Points       =            302
    Total Points           =          42745
    Total Blocks           =            388
    Max Points             =            255
    Max Functions          =             28

   => Loading Basis Set <=

    Name: (CC-PVDZ AUX)
    Role: JKFIT
    Keyword: DF_BASIS_SCF
    atoms 1 entry C          line   121 file /home/sulstice/software/miniconda2/envs/qmpython2/share/psi4/basis/cc-pvdz-jkfit.gbs 
    atoms 2 entry O          line   221 file /home/sulstice/software/miniconda2/envs/qmpython2/share/psi4/basis/cc-pvdz-jkfit.gbs 

   => Loading Basis Set <=

    Name: CC-PVDZ
    Role: ORBITAL
    Keyword: BASIS
    atoms 1 entry C          line   138 file /home/sulstice/software/miniconda2/envs/qmpython2/share/psi4/basis/cc-pvdz.gbs 
    atoms 2 entry O          line   198 file /home/sulstice/software/miniconda2/envs/qmpython2/share/psi4/basis/cc-pvdz.gbs 

  Reading orbitals from file 180, no projection.

  ==> Pre-Iterations <==

   -------------------------------------------------------
    Irrep   Nso     Nmo     Nalpha   Nbeta   Ndocc  Nsocc
   -------------------------------------------------------
     A1        14      14       0       0       0       0
     A2         2       2       0       0       0       0
     B1         6       6       0       0       0       0
     B2         6       6       0       0       0       0
   -------------------------------------------------------
    Total      28      28       7       7       7       0
   -------------------------------------------------------

  ==> Integral Setup <==

  DFHelper Memory: AOs need 0.001 GiB; user supplied 5.503 GiB. Using in-core AOs.

  ==> MemDFJK: Density-Fitted J/K Matrices <==

    J tasked:                   Yes
    K tasked:                   Yes
    wK tasked:                   No
    OpenMP threads:              10
    Memory [MiB]:              5635
    Algorithm:                 Core
    Schwarz Cutoff:           1E-12
    Mask sparsity (%):       0.0000
    Fitting Condition:        1E-10

   => Auxiliary Basis Set <=

  Basis Set: (CC-PVDZ AUX)
    Blend: CC-PVDZ-JKFIT
    Number of shells: 48
    Number of basis function: 140
    Number of Cartesian functions: 162
    Spherical Harmonics?: true
    Max angular momentum: 3

  Cached 100.0% of DFT collocation blocks in 0.085 [GiB].

  Minimum eigenvalue in the overlap matrix is 2.1730761369E-02.
  Using Symmetric Orthogonalization.

  SCF Guess: Orbitals guess was supplied from a previous computation.

  ==> Iterations <==

                           Total Energy        Delta E     RMS |[F,P]|

   @DF-RKS iter   0:  -113.28787565976120   -1.13288e+02   4.27085e-05 
   @DF-RKS iter   1:  -113.28810041070679   -2.24751e-04   1.22541e-05 DIIS
   @DF-RKS iter   2:  -113.28810039102683    1.96800e-08   1.92735e-05 DIIS
   @DF-RKS iter   3:  -113.28810042664091   -3.56141e-08   9.77572e-07 DIIS
   @DF-RKS iter   4:  -113.28810042675170   -1.10788e-10   2.13122e-07 DIIS
   @DF-RKS iter   5:  -113.28810042675667   -4.97380e-12   1.50721e-08 DIIS
   @DF-RKS iter   6:  -113.28810042675673   -5.68434e-14   3.03211e-09 DIIS
  Energy and wave function converged.


  ==> Post-Iterations <==

    Orbital Energies [Eh]
    ---------------------

    Doubly Occupied:                                                      

       1A1   -19.743306     2A1   -10.663919     3A1    -1.287320  
       4A1    -0.665181     1B1    -0.546099     1B2    -0.546099  
       5A1    -0.439358  

    Virtual:                                                              

       2B1     0.037225     2B2     0.037225     6A1     0.288343  
       3B2     0.513892     3B1     0.513892     7A1     0.593842  
       8A1     0.821114     9A1     0.879434     4B1     1.019153  
       4B2     1.019153    10A1     1.153090     1A2     1.153090  
       5B1     1.351045     5B2     1.351045    11A1     1.712891  
      12A1     2.054999    13A1     2.637956     2A2     2.637984  
       6B2     3.100412     6B1     3.100412    14A1     3.518037  

    Final Occupation by Irrep:
             A1    A2    B1    B2 
    DOCC [     5,    0,    1,    1 ]

  @DF-RKS Final Energy:  -113.28810042675673

   => Energetics <=

    Nuclear Repulsion Energy =             22.5149037655951183
    One-Electron Energy =                -198.2954427379769982
    Two-Electron Energy =                  69.1660829093755325
    DFT Exchange-Correlation Energy =      -6.6736443637503706
    Empirical Dispersion Energy =           0.0000000000000000
    VV10 Nonlocal Energy =                  0.0000000000000000
    Total Energy =                       -113.2881004267567278

Computation Completed


Properties will be evaluated at   0.000000,   0.000000,   0.000000 [a0]

Properties computed using the SCF density matrix

  Nuclear Dipole Moment: [e a0]
     X:     0.0000      Y:     0.0000      Z:     0.0023

  Electronic Dipole Moment: [e a0]
     X:     0.0000      Y:     0.0000      Z:     0.0442

  Dipole Moment: [e a0]
     X:     0.0000      Y:     0.0000      Z:     0.0465     Total:     0.0465

  Dipole Moment: [D]
     X:     0.0000      Y:     0.0000      Z:     0.1183     Total:     0.1183


*** tstop() called on wanukaka at Thu Apr 14 13:05:17 2022
Module time:
	user time   =       4.43 seconds =       0.07 minutes
	system time =       0.17 seconds =       0.00 minutes
	total time  =          0 seconds =       0.00 minutes
Total time:
	user time   =   14260.61 seconds =     237.68 minutes
	system time =     627.34 seconds =      10.46 minutes
	total time  =       1661 seconds =      27.68 minutes

*** tstart() called on wanukaka
*** at Thu Apr 14 13:05:17 2022


         ------------------------------------------------------------
                                   SCF GRAD                          
                          Rob Parrish, Justin Turney,                
                       Andy Simmonett, and Alex Sokolov              
         ------------------------------------------------------------

  ==> Geometry <==

    Molecular point group: c2v
    Full point group: C_inf_v

    Geometry (in Angstrom), charge = 0, multiplicity = 1:

       Center              X                  Y                   Z               Mass       
    ------------   -----------------  -----------------  -----------------  -----------------
         C            0.000000000000     0.000000000000    -0.644577369835    12.000000000000
         O            0.000000000000     0.000000000000     0.483586728782    15.994914619570

  Nuclear repulsion =   22.514903765595118

  ==> Basis Set <==

  Basis Set: CC-PVDZ
    Blend: CC-PVDZ
    Number of shells: 12
    Number of basis function: 28
    Number of Cartesian functions: 30
    Spherical Harmonics?: true
    Max angular momentum: 2

  ==> DFJKGrad: Density-Fitted SCF Gradients <==

    Gradient:                    1
    J tasked:                  Yes
    K tasked:                  Yes
    wK tasked:                  No
    OpenMP threads:             10
    Integrals threads:          10
    Memory [MiB]:             5722
    Schwarz Cutoff:          0E+00
    Fitting Condition:       1E-10

   => Auxiliary Basis Set <=

  Basis Set: (CC-PVDZ AUX)
    Blend: CC-PVDZ-JKFIT
    Number of shells: 48
    Number of basis function: 140
    Number of Cartesian functions: 162
    Spherical Harmonics?: true
    Max angular momentum: 3

  ==> DFT Potential <==

   => Composite Functional: M06-2X <= 

    Hybrid M06-2X Meta-GGA XC Functional

    Y. Zhao and D. G. Truhlar,  Theor. Chem. Acc., 120, 215, 2008


    Deriv               =              1
    GGA                 =           TRUE
    Meta                =           TRUE

    Exchange Hybrid     =           TRUE
    MP2 Hybrid          =          FALSE

   => Exchange Functionals <=

    1.0000   XC_HYB_MGGA_X_M06_2X

   => Exact (HF) Exchange <=

    0.5400               HF 

   => Correlation Functionals <=

    1.0000   XC_MGGA_C_M06_2X

   => Molecular Quadrature <=

    Radial Scheme          =       TREUTLER
    Pruning Scheme         =           FLAT
    Nuclear Scheme         =       TREUTLER

    BS radius alpha        =              1
    Pruning alpha          =              1
    Radial Points          =             75
    Spherical Points       =            302
    Total Points           =          42745
    Total Blocks           =            388
    Max Points             =            255
    Max Functions          =             28


  -Total Gradient:
     Atom            X                  Y                   Z
    ------   -----------------  -----------------  -----------------
       1        0.000000000000     0.000000000000     0.000189679281
       2        0.000000000000     0.000000000000     0.000085806486


*** tstop() called on wanukaka at Thu Apr 14 13:05:18 2022
Module time:
	user time   =       4.39 seconds =       0.07 minutes
	system time =       0.16 seconds =       0.00 minutes
	total time  =          1 seconds =       0.02 minutes
Total time:
	user time   =   14265.01 seconds =     237.75 minutes
	system time =     627.50 seconds =      10.46 minutes
	total time  =       1662 seconds =      27.70 minutes

			-----------------------------------------
			 OPTKING 2.0: for geometry optimizations 
			  - R.A. King,  Bethel University        
			-----------------------------------------

	Previous internal coordinate definitions found.
	---Fragment 1 Geometry and Gradient---
	 C           0.0000000000        0.0000000000       -1.2180746957
	 O           0.0000000000        0.0000000000        0.9138464753
	             0.0000000000        0.0000000000        0.0001896793
	             0.0000000000        0.0000000000        0.0000858065

	---Fragment 1 Intrafragment Coordinates---
	 - Coordinate -           - BOHR/RAD -       - ANG/DEG -
	 R(1,2)           =         2.131921	       1.128164

	Current energy   :      -113.2881004268

	Energy change for the previous step:
		Projected    :        -0.0000000974
		Actual       :        -0.0000000731
	Energy ratio indicates good step: Trust radius increased to 1.000e+00.


	Performing BFGS update.
	Previous computed or guess Hessian on step 1.
	Steps to be used in Hessian update: 1
	Taking RFO optimization step.
	Going to follow RFO solution 1.
	Using RFO vector 1.
	Norm of target step-size    0.00004
	Projected energy change by RFO approximation:        -0.0000000013

	Back-transformation to cartesian coordinates...
	Successfully converged to displaced geometry.

	--- Internal Coordinate Step in ANG or DEG, aJ/ANG or AJ/DEG ---
	 ---------------------------------------------------------------------------
	   Coordinate                Previous        Force       Change         New 
	   ----------                --------       ------       ------       ------
	    1 R(1,2)          =      1.128164     0.000428     0.000020     1.128185
	 ---------------------------------------------------------------------------
	Successfully symmetrized geometry.

  ==> Convergence Check <==

  Measures of convergence in internal coordinates in au.
  Criteria marked as inactive (o), active & met (*), and active & unmet ( ).
  ---------------------------------------------------------------------------------------------
   Step     Total Energy     Delta E     MAX Force     RMS Force      MAX Disp      RMS Disp   
  ---------------------------------------------------------------------------------------------
    Convergence Criteria    1.00e-06 *    3.00e-04 *             o    1.20e-03 *             o
  ---------------------------------------------------------------------------------------------
      2    -113.28810043   -7.31e-08 *    5.19e-05 *    5.19e-05 o    3.86e-05 *    3.86e-05 o  ~
  ---------------------------------------------------------------------------------------------


  **** Optimization is complete! (in 2 steps) ****

  ==> Optimization Summary <==

  Measures of convergence in internal coordinates in au.
  --------------------------------------------------------------------------------------------------------------- ~
   Step         Total Energy             Delta E       MAX Force       RMS Force        MAX Disp        RMS Disp  ~
  --------------------------------------------------------------------------------------------------------------- ~
      1    -113.288100353687   -113.288100353687      0.00046903      0.00046903      0.00031010      0.00031010  ~
      2    -113.288100426757     -0.000000073070      0.00005194      0.00005194      0.00003861      0.00003861  ~
  --------------------------------------------------------------------------------------------------------------- ~

	Writing optimization data to binary file.
	Final energy is   -113.2881004267567
	Final (previous) structure:
	Cartesian Geometry (in Angstrom)
	    C     0.0000000000   0.0000000000  -0.6445773673
	    O     0.0000000000   0.0000000000   0.4835867269
	Saving final (previous) structure.
			--------------------------
			 OPTKING Finished Execution 
			--------------------------

    Final optimized geometry and variables:
    Molecular point group: c2v
    Full point group: C_inf_v

    Geometry (in Angstrom), charge = 0, multiplicity = 1:

    C       
    O             1    1.128164

	Removing binary optimization data file.
	Cleaning optimization helper files.

*** tstart() called on wanukaka
*** at Thu Apr 14 13:05:18 2022

   => Loading Basis Set <=

    Name: CC-PVDZ
    Role: ORBITAL
    Keyword: BASIS
    atoms 1 entry C          line   138 file /home/sulstice/software/miniconda2/envs/qmpython2/share/psi4/basis/cc-pvdz.gbs 
    atoms 2 entry O          line   198 file /home/sulstice/software/miniconda2/envs/qmpython2/share/psi4/basis/cc-pvdz.gbs 


         ---------------------------------------------------------
                                   SCF
               by Justin Turney, Rob Parrish, Andy Simmonett
                          and Daniel G. A. Smith
                              RKS Reference
                       10 Threads,   7629 MiB Core
         ---------------------------------------------------------

  ==> Geometry <==

    Molecular point group: c2v
    Full point group: C_inf_v

    Geometry (in Angstrom), charge = 0, multiplicity = 1:

       Center              X                  Y                   Z               Mass       
    ------------   -----------------  -----------------  -----------------  -----------------
         C            0.000000000000     0.000000000000    -0.644577369835    12.000000000000
         O            0.000000000000     0.000000000000     0.483586728782    15.994914619570

  Running in c2v symmetry.

  Rotational constants: A = ************  B =      1.93183  C =      1.93183 [cm^-1]
  Rotational constants: A = ************  B =  57914.67508  C =  57914.67508 [MHz]
  Nuclear repulsion =   22.514903765595118

  Charge       = 0
  Multiplicity = 1
  Electrons    = 14
  Nalpha       = 7
  Nbeta        = 7

  ==> Algorithm <==

  SCF Algorithm Type is DF.
  DIIS enabled.
  MOM disabled.
  Fractional occupation disabled.
  Guess Type is SAD.
  Energy threshold   = 1.00e-06
  Density threshold  = 1.00e-06
  Integral threshold = 0.00e+00

  ==> Primary Basis <==

  Basis Set: CC-PVDZ
    Blend: CC-PVDZ
    Number of shells: 12
    Number of basis function: 28
    Number of Cartesian functions: 30
    Spherical Harmonics?: true
    Max angular momentum: 2

  ==> DFT Potential <==

   => Composite Functional: M06-2X <= 

    Hybrid M06-2X Meta-GGA XC Functional

    Y. Zhao and D. G. Truhlar,  Theor. Chem. Acc., 120, 215, 2008


    Deriv               =              1
    GGA                 =           TRUE
    Meta                =           TRUE

    Exchange Hybrid     =           TRUE
    MP2 Hybrid          =          FALSE

   => Exchange Functionals <=

    1.0000   XC_HYB_MGGA_X_M06_2X

   => Exact (HF) Exchange <=

    0.5400               HF 

   => Correlation Functionals <=

    1.0000   XC_MGGA_C_M06_2X

   => Molecular Quadrature <=

    Radial Scheme          =       TREUTLER
    Pruning Scheme         =           FLAT
    Nuclear Scheme         =       TREUTLER

    BS radius alpha        =              1
    Pruning alpha          =              1
    Radial Points          =             75
    Spherical Points       =            302
    Total Points           =          42745
    Total Blocks           =            388
    Max Points             =            255
    Max Functions          =             28

   => Loading Basis Set <=

    Name: (CC-PVDZ AUX)
    Role: JKFIT
    Keyword: DF_BASIS_SCF
    atoms 1 entry C          line   121 file /home/sulstice/software/miniconda2/envs/qmpython2/share/psi4/basis/cc-pvdz-jkfit.gbs 
    atoms 2 entry O          line   221 file /home/sulstice/software/miniconda2/envs/qmpython2/share/psi4/basis/cc-pvdz-jkfit.gbs 

  ==> Pre-Iterations <==

   -------------------------------------------------------
    Irrep   Nso     Nmo     Nalpha   Nbeta   Ndocc  Nsocc
   -------------------------------------------------------
     A1        14      14       0       0       0       0
     A2         2       2       0       0       0       0
     B1         6       6       0       0       0       0
     B2         6       6       0       0       0       0
   -------------------------------------------------------
    Total      28      28       7       7       7       0
   -------------------------------------------------------

  ==> Integral Setup <==

  DFHelper Memory: AOs need 0.001 GiB; user supplied 5.503 GiB. Using in-core AOs.

  ==> MemDFJK: Density-Fitted J/K Matrices <==

    J tasked:                   Yes
    K tasked:                   Yes
    wK tasked:                   No
    OpenMP threads:              10
    Memory [MiB]:              5635
    Algorithm:                 Core
    Schwarz Cutoff:           1E-12
    Mask sparsity (%):       0.0000
    Fitting Condition:        1E-10

   => Auxiliary Basis Set <=

  Basis Set: (CC-PVDZ AUX)
    Blend: CC-PVDZ-JKFIT
    Number of shells: 48
    Number of basis function: 140
    Number of Cartesian functions: 162
    Spherical Harmonics?: true
    Max angular momentum: 3

  Cached 100.0% of DFT collocation blocks in 0.085 [GiB].

  Minimum eigenvalue in the overlap matrix is 2.1730761369E-02.
  Using Symmetric Orthogonalization.

  SCF Guess: Superposition of Atomic Densities via on-the-fly atomic UHF.

  ==> Iterations <==

                           Total Energy        Delta E     RMS |[F,P]|

   @DF-RKS iter SAD:  -112.68009711797404   -1.12680e+02   0.00000e+00 
   @DF-RKS iter   1:  -113.26109632659994   -5.80999e-01   1.65742e-02 DIIS
   @DF-RKS iter   2:  -113.23307636311135    2.80200e-02   2.40243e-02 DIIS
   @DF-RKS iter   3:  -113.28737580948044   -5.42994e-02   2.33795e-03 DIIS
   @DF-RKS iter   4:  -113.28809053829585   -7.14729e-04   2.97236e-04 DIIS
   @DF-RKS iter   5:  -113.28809986120956   -9.32291e-06   7.52345e-05 DIIS
   @DF-RKS iter   6:  -113.28810041120749   -5.49998e-07   1.23806e-05 DIIS
   @DF-RKS iter   7:  -113.28810042670747   -1.55000e-08   4.90760e-07 DIIS
  Energy and wave function converged.


  ==> Post-Iterations <==

    Orbital Energies [Eh]
    ---------------------

    Doubly Occupied:                                                      

       1A1   -19.743305     2A1   -10.663919     3A1    -1.287320  
       4A1    -0.665181     1B1    -0.546099     1B2    -0.546099  
       5A1    -0.439358  

    Virtual:                                                              

       2B1     0.037225     2B2     0.037225     6A1     0.288343  
       3B2     0.513891     3B1     0.513891     7A1     0.593842  
       8A1     0.821114     9A1     0.879434     4B1     1.019153  
       4B2     1.019153    10A1     1.153090     1A2     1.153090  
       5B1     1.351044     5B2     1.351044    11A1     1.712891  
      12A1     2.054998    13A1     2.637956     2A2     2.637985  
       6B2     3.100412     6B1     3.100412    14A1     3.518037  

    Final Occupation by Irrep:
             A1    A2    B1    B2 
    DOCC [     5,    0,    1,    1 ]

  @DF-RKS Final Energy:  -113.28810042670747

   => Energetics <=

    Nuclear Repulsion Energy =             22.5149037655951183
    One-Electron Energy =                -198.2954660789930017
    Two-Electron Energy =                  69.1661077481240483
    DFT Exchange-Correlation Energy =      -6.6736458614336325
    Empirical Dispersion Energy =           0.0000000000000000
    VV10 Nonlocal Energy =                  0.0000000000000000
    Total Energy =                       -113.2881004267074729

Computation Completed


Properties will be evaluated at   0.000000,   0.000000,   0.000000 [a0]

Properties computed using the SCF density matrix

  Nuclear Dipole Moment: [e a0]
     X:     0.0000      Y:     0.0000      Z:     0.0023

  Electronic Dipole Moment: [e a0]
     X:     0.0000      Y:     0.0000      Z:     0.0442

  Dipole Moment: [e a0]
     X:     0.0000      Y:     0.0000      Z:     0.0465     Total:     0.0465

  Dipole Moment: [D]
     X:     0.0000      Y:     0.0000      Z:     0.1183     Total:     0.1183


*** tstop() called on wanukaka at Thu Apr 14 13:05:18 2022
Module time:
	user time   =       6.72 seconds =       0.11 minutes
	system time =       0.24 seconds =       0.00 minutes
	total time  =          0 seconds =       0.00 minutes
Total time:
	user time   =   14271.82 seconds =     237.86 minutes
	system time =     627.75 seconds =      10.46 minutes
	total time  =       1662 seconds =      27.70 minutes
hessian() using ref_gradient to assess stationary point.

  Based on options and gradient (rms=8.50E-05), recommend projecting translations and projecting rotations.
hessian() will perform frequency computation by finite difference of analytic gradients.

         ----------------------------------------------------------
                                   FINDIF
                     R. A. King and Jonathon Misiewicz
         ---------------------------------------------------------

  Using finite-differences of gradients to determine vibrational frequencies and 
  normal modes.  Resulting frequencies are only valid at stationary points.
    Generating geometries for use with 3-point formula.
    Displacement size will be 5.00e-03.
    Number of atoms is 2.
    Number of irreps is 4.
    Number of SALCs is 1.
    Translations projected? 1. Rotations projected? 1.
    Index of SALCs per irrep:
     1 :  0 
     2 : 
     3 : 
     4 : 
    Number of SALCs per irrep:
     Irrep 1: 1
     Irrep 2: 0
     Irrep 3: 0
     Irrep 4: 0
    Number of geometries (including reference) is 3.
    Number of displacements per irrep:
      Irrep 1: 2
      Irrep 2: 0
      Irrep 3: 0
      Irrep 4: 0

  //>>>>>>>>>>>>>>>>>>>>>>>>>>>>>>>>>>>//
  //    Loading displacement 1 of 3    //
  //<<<<<<<<<<<<<<<<<<<<<<<<<<<<<<<<<<<//
gradient() will perform analytic gradient computation.

*** tstart() called on wanukaka
*** at Thu Apr 14 13:05:18 2022

   => Loading Basis Set <=

    Name: CC-PVDZ
    Role: ORBITAL
    Keyword: BASIS
    atoms 1 entry C          line   138 file /home/sulstice/software/miniconda2/envs/qmpython2/share/psi4/basis/cc-pvdz.gbs 
    atoms 2 entry O          line   198 file /home/sulstice/software/miniconda2/envs/qmpython2/share/psi4/basis/cc-pvdz.gbs 


         ---------------------------------------------------------
                                   SCF
               by Justin Turney, Rob Parrish, Andy Simmonett
                          and Daniel G. A. Smith
                              RKS Reference
                       10 Threads,   7629 MiB Core
         ---------------------------------------------------------

  ==> Geometry <==

    Molecular point group: c2v
    Full point group: C_inf_v

    Geometry (in Angstrom), charge = 0, multiplicity = 1:

       Center              X                  Y                   Z               Mass       
    ------------   -----------------  -----------------  -----------------  -----------------
         C            0.000000000000     0.000000000000    -0.644577369835    12.000000000000
         O            0.000000000000     0.000000000000     0.483586728782    15.994914619570

  Running in c2v symmetry.

  Rotational constants: A = ************  B =      1.93183  C =      1.93183 [cm^-1]
  Rotational constants: A = ************  B =  57914.67508  C =  57914.67508 [MHz]
  Nuclear repulsion =   22.514903765595118

  Charge       = 0
  Multiplicity = 1
  Electrons    = 14
  Nalpha       = 7
  Nbeta        = 7

  ==> Algorithm <==

  SCF Algorithm Type is DF.
  DIIS enabled.
  MOM disabled.
  Fractional occupation disabled.
  Guess Type is SAD.
  Energy threshold   = 1.00e-08
  Density threshold  = 1.00e-08
  Integral threshold = 0.00e+00

  ==> Primary Basis <==

  Basis Set: CC-PVDZ
    Blend: CC-PVDZ
    Number of shells: 12
    Number of basis function: 28
    Number of Cartesian functions: 30
    Spherical Harmonics?: true
    Max angular momentum: 2

  ==> DFT Potential <==

   => Composite Functional: M06-2X <= 

    Hybrid M06-2X Meta-GGA XC Functional

    Y. Zhao and D. G. Truhlar,  Theor. Chem. Acc., 120, 215, 2008


    Deriv               =              1
    GGA                 =           TRUE
    Meta                =           TRUE

    Exchange Hybrid     =           TRUE
    MP2 Hybrid          =          FALSE

   => Exchange Functionals <=

    1.0000   XC_HYB_MGGA_X_M06_2X

   => Exact (HF) Exchange <=

    0.5400               HF 

   => Correlation Functionals <=

    1.0000   XC_MGGA_C_M06_2X

   => Molecular Quadrature <=

    Radial Scheme          =       TREUTLER
    Pruning Scheme         =           FLAT
    Nuclear Scheme         =       TREUTLER

    BS radius alpha        =              1
    Pruning alpha          =              1
    Radial Points          =             75
    Spherical Points       =            302
    Total Points           =          42745
    Total Blocks           =            388
    Max Points             =            255
    Max Functions          =             28

   => Loading Basis Set <=

    Name: (CC-PVDZ AUX)
    Role: JKFIT
    Keyword: DF_BASIS_SCF
    atoms 1 entry C          line   121 file /home/sulstice/software/miniconda2/envs/qmpython2/share/psi4/basis/cc-pvdz-jkfit.gbs 
    atoms 2 entry O          line   221 file /home/sulstice/software/miniconda2/envs/qmpython2/share/psi4/basis/cc-pvdz-jkfit.gbs 

  ==> Pre-Iterations <==

   -------------------------------------------------------
    Irrep   Nso     Nmo     Nalpha   Nbeta   Ndocc  Nsocc
   -------------------------------------------------------
     A1        14      14       0       0       0       0
     A2         2       2       0       0       0       0
     B1         6       6       0       0       0       0
     B2         6       6       0       0       0       0
   -------------------------------------------------------
    Total      28      28       7       7       7       0
   -------------------------------------------------------

  ==> Integral Setup <==

  DFHelper Memory: AOs need 0.001 GiB; user supplied 5.503 GiB. Using in-core AOs.

  ==> MemDFJK: Density-Fitted J/K Matrices <==

    J tasked:                   Yes
    K tasked:                   Yes
    wK tasked:                   No
    OpenMP threads:              10
    Memory [MiB]:              5635
    Algorithm:                 Core
    Schwarz Cutoff:           1E-12
    Mask sparsity (%):       0.0000
    Fitting Condition:        1E-10

   => Auxiliary Basis Set <=

  Basis Set: (CC-PVDZ AUX)
    Blend: CC-PVDZ-JKFIT
    Number of shells: 48
    Number of basis function: 140
    Number of Cartesian functions: 162
    Spherical Harmonics?: true
    Max angular momentum: 3

  Cached 100.0% of DFT collocation blocks in 0.085 [GiB].

  Minimum eigenvalue in the overlap matrix is 2.1730761369E-02.
  Using Symmetric Orthogonalization.

  SCF Guess: Superposition of Atomic Densities via on-the-fly atomic UHF.

  ==> Iterations <==

                           Total Energy        Delta E     RMS |[F,P]|

   @DF-RKS iter SAD:  -112.68009711797302   -1.12680e+02   0.00000e+00 
   @DF-RKS iter   1:  -113.26109632659866   -5.80999e-01   1.65742e-02 DIIS
   @DF-RKS iter   2:  -113.23307636310949    2.80200e-02   2.40243e-02 DIIS
   @DF-RKS iter   3:  -113.28737580947919   -5.42994e-02   2.33795e-03 DIIS
   @DF-RKS iter   4:  -113.28809053829470   -7.14729e-04   2.97236e-04 DIIS
   @DF-RKS iter   5:  -113.28809986120831   -9.32291e-06   7.52345e-05 DIIS
   @DF-RKS iter   6:  -113.28810041120624   -5.49998e-07   1.23806e-05 DIIS
   @DF-RKS iter   7:  -113.28810042670642   -1.55002e-08   4.90760e-07 DIIS
   @DF-RKS iter   8:  -113.28810042675509   -4.86722e-11   5.99044e-08 DIIS
   @DF-RKS iter   9:  -113.28810042675558   -4.83169e-13   5.66319e-09 DIIS
  Energy and wave function converged.


  ==> Post-Iterations <==

    Orbital Energies [Eh]
    ---------------------

    Doubly Occupied:                                                      

       1A1   -19.743306     2A1   -10.663919     3A1    -1.287320  
       4A1    -0.665181     1B1    -0.546099     1B2    -0.546099  
       5A1    -0.439358  

    Virtual:                                                              

       2B2     0.037225     2B1     0.037225     6A1     0.288343  
       3B2     0.513892     3B1     0.513892     7A1     0.593842  
       8A1     0.821114     9A1     0.879434     4B2     1.019153  
       4B1     1.019153    10A1     1.153090     1A2     1.153090  
       5B2     1.351045     5B1     1.351045    11A1     1.712891  
      12A1     2.054999    13A1     2.637956     2A2     2.637984  
       6B2     3.100412     6B1     3.100412    14A1     3.518037  

    Final Occupation by Irrep:
             A1    A2    B1    B2 
    DOCC [     5,    0,    1,    1 ]

  @DF-RKS Final Energy:  -113.28810042675558

   => Energetics <=

    Nuclear Repulsion Energy =             22.5149037655951183
    One-Electron Energy =                -198.2954423662111481
    Two-Electron Energy =                  69.1660825157766368
    DFT Exchange-Correlation Energy =      -6.6736443419161668
    Empirical Dispersion Energy =           0.0000000000000000
    VV10 Nonlocal Energy =                  0.0000000000000000
    Total Energy =                       -113.2881004267555767

Computation Completed


Properties will be evaluated at   0.000000,   0.000000,   0.000000 [a0]

Properties computed using the SCF density matrix

  Nuclear Dipole Moment: [e a0]
     X:     0.0000      Y:     0.0000      Z:     0.0023

  Electronic Dipole Moment: [e a0]
     X:     0.0000      Y:     0.0000      Z:     0.0442

  Dipole Moment: [e a0]
     X:     0.0000      Y:     0.0000      Z:     0.0465     Total:     0.0465

  Dipole Moment: [D]
     X:     0.0000      Y:     0.0000      Z:     0.1183     Total:     0.1183


*** tstop() called on wanukaka at Thu Apr 14 13:05:19 2022
Module time:
	user time   =       7.10 seconds =       0.12 minutes
	system time =       0.28 seconds =       0.00 minutes
	total time  =          1 seconds =       0.02 minutes
Total time:
	user time   =   14279.06 seconds =     237.98 minutes
	system time =     628.03 seconds =      10.47 minutes
	total time  =       1663 seconds =      27.72 minutes

*** tstart() called on wanukaka
*** at Thu Apr 14 13:05:19 2022


         ------------------------------------------------------------
                                   SCF GRAD                          
                          Rob Parrish, Justin Turney,                
                       Andy Simmonett, and Alex Sokolov              
         ------------------------------------------------------------

  ==> Geometry <==

    Molecular point group: c2v
    Full point group: C_inf_v

    Geometry (in Angstrom), charge = 0, multiplicity = 1:

       Center              X                  Y                   Z               Mass       
    ------------   -----------------  -----------------  -----------------  -----------------
         C            0.000000000000     0.000000000000    -0.644577369835    12.000000000000
         O            0.000000000000     0.000000000000     0.483586728782    15.994914619570

  Nuclear repulsion =   22.514903765595118

  ==> Basis Set <==

  Basis Set: CC-PVDZ
    Blend: CC-PVDZ
    Number of shells: 12
    Number of basis function: 28
    Number of Cartesian functions: 30
    Spherical Harmonics?: true
    Max angular momentum: 2

  ==> DFJKGrad: Density-Fitted SCF Gradients <==

    Gradient:                    1
    J tasked:                  Yes
    K tasked:                  Yes
    wK tasked:                  No
    OpenMP threads:             10
    Integrals threads:          10
    Memory [MiB]:             5722
    Schwarz Cutoff:          0E+00
    Fitting Condition:       1E-10

   => Auxiliary Basis Set <=

  Basis Set: (CC-PVDZ AUX)
    Blend: CC-PVDZ-JKFIT
    Number of shells: 48
    Number of basis function: 140
    Number of Cartesian functions: 162
    Spherical Harmonics?: true
    Max angular momentum: 3

  ==> DFT Potential <==

   => Composite Functional: M06-2X <= 

    Hybrid M06-2X Meta-GGA XC Functional

    Y. Zhao and D. G. Truhlar,  Theor. Chem. Acc., 120, 215, 2008


    Deriv               =              1
    GGA                 =           TRUE
    Meta                =           TRUE

    Exchange Hybrid     =           TRUE
    MP2 Hybrid          =          FALSE

   => Exchange Functionals <=

    1.0000   XC_HYB_MGGA_X_M06_2X

   => Exact (HF) Exchange <=

    0.5400               HF 

   => Correlation Functionals <=

    1.0000   XC_MGGA_C_M06_2X

   => Molecular Quadrature <=

    Radial Scheme          =       TREUTLER
    Pruning Scheme         =           FLAT
    Nuclear Scheme         =       TREUTLER

    BS radius alpha        =              1
    Pruning alpha          =              1
    Radial Points          =             75
    Spherical Points       =            302
    Total Points           =          42745
    Total Blocks           =            388
    Max Points             =            255
    Max Functions          =             28


  -Total Gradient:
     Atom            X                  Y                   Z
    ------   -----------------  -----------------  -----------------
       1        0.000000000000    -0.000000000000     0.000189677801
       2        0.000000000000     0.000000000000     0.000085807965


*** tstop() called on wanukaka at Thu Apr 14 13:05:20 2022
Module time:
	user time   =       3.86 seconds =       0.06 minutes
	system time =       0.13 seconds =       0.00 minutes
	total time  =          1 seconds =       0.02 minutes
Total time:
	user time   =   14282.93 seconds =     238.05 minutes
	system time =     628.16 seconds =      10.47 minutes
	total time  =       1664 seconds =      27.73 minutes

  //>>>>>>>>>>>>>>>>>>>>>>>>>>>>>>>>>>>//
  //    Loading displacement 2 of 3    //
  //<<<<<<<<<<<<<<<<<<<<<<<<<<<<<<<<<<<//
gradient() will perform analytic gradient computation.

*** tstart() called on wanukaka
*** at Thu Apr 14 13:05:20 2022

   => Loading Basis Set <=

    Name: CC-PVDZ
    Role: ORBITAL
    Keyword: BASIS
    atoms 1 entry C          line   138 file /home/sulstice/software/miniconda2/envs/qmpython2/share/psi4/basis/cc-pvdz.gbs 
    atoms 2 entry O          line   198 file /home/sulstice/software/miniconda2/envs/qmpython2/share/psi4/basis/cc-pvdz.gbs 


         ---------------------------------------------------------
                                   SCF
               by Justin Turney, Rob Parrish, Andy Simmonett
                          and Daniel G. A. Smith
                              RKS Reference
                       10 Threads,   7629 MiB Core
         ---------------------------------------------------------

  ==> Geometry <==

    Molecular point group: c2v
    Full point group: C_inf_v

    Geometry (in Angstrom), charge = 0, multiplicity = 1:

       Center              X                  Y                   Z               Mass       
    ------------   -----------------  -----------------  -----------------  -----------------
         C            0.000000000000     0.000000000000    -0.645154710175    12.000000000000
         O            0.000000000000     0.000000000000     0.484019871705    15.994914619570

  Running in c2v symmetry.

  Rotational constants: A = ************  B =      1.92837  C =      1.92837 [cm^-1]
  Rotational constants: A = ************  B =  57811.06732  C =  57811.06732 [MHz]
  Nuclear repulsion =   22.494755478701322

  Charge       = 0
  Multiplicity = 1
  Electrons    = 14
  Nalpha       = 7
  Nbeta        = 7

  ==> Algorithm <==

  SCF Algorithm Type is DF.
  DIIS enabled.
  MOM disabled.
  Fractional occupation disabled.
  Guess Type is SAD.
  Energy threshold   = 1.00e-08
  Density threshold  = 1.00e-08
  Integral threshold = 0.00e+00

  ==> Primary Basis <==

  Basis Set: CC-PVDZ
    Blend: CC-PVDZ
    Number of shells: 12
    Number of basis function: 28
    Number of Cartesian functions: 30
    Spherical Harmonics?: true
    Max angular momentum: 2

  ==> DFT Potential <==

   => Composite Functional: M06-2X <= 

    Hybrid M06-2X Meta-GGA XC Functional

    Y. Zhao and D. G. Truhlar,  Theor. Chem. Acc., 120, 215, 2008


    Deriv               =              1
    GGA                 =           TRUE
    Meta                =           TRUE

    Exchange Hybrid     =           TRUE
    MP2 Hybrid          =          FALSE

   => Exchange Functionals <=

    1.0000   XC_HYB_MGGA_X_M06_2X

   => Exact (HF) Exchange <=

    0.5400               HF 

   => Correlation Functionals <=

    1.0000   XC_MGGA_C_M06_2X

   => Molecular Quadrature <=

    Radial Scheme          =       TREUTLER
    Pruning Scheme         =           FLAT
    Nuclear Scheme         =       TREUTLER

    BS radius alpha        =              1
    Pruning alpha          =              1
    Radial Points          =             75
    Spherical Points       =            302
    Total Points           =          42745
    Total Blocks           =            387
    Max Points             =            256
    Max Functions          =             28

   => Loading Basis Set <=

    Name: (CC-PVDZ AUX)
    Role: JKFIT
    Keyword: DF_BASIS_SCF
    atoms 1 entry C          line   121 file /home/sulstice/software/miniconda2/envs/qmpython2/share/psi4/basis/cc-pvdz-jkfit.gbs 
    atoms 2 entry O          line   221 file /home/sulstice/software/miniconda2/envs/qmpython2/share/psi4/basis/cc-pvdz-jkfit.gbs 

  ==> Pre-Iterations <==

   -------------------------------------------------------
    Irrep   Nso     Nmo     Nalpha   Nbeta   Ndocc  Nsocc
   -------------------------------------------------------
     A1        14      14       0       0       0       0
     A2         2       2       0       0       0       0
     B1         6       6       0       0       0       0
     B2         6       6       0       0       0       0
   -------------------------------------------------------
    Total      28      28       7       7       7       0
   -------------------------------------------------------

  ==> Integral Setup <==

  DFHelper Memory: AOs need 0.001 GiB; user supplied 5.503 GiB. Using in-core AOs.

  ==> MemDFJK: Density-Fitted J/K Matrices <==

    J tasked:                   Yes
    K tasked:                   Yes
    wK tasked:                   No
    OpenMP threads:              10
    Memory [MiB]:              5635
    Algorithm:                 Core
    Schwarz Cutoff:           1E-12
    Mask sparsity (%):       0.0000
    Fitting Condition:        1E-10

   => Auxiliary Basis Set <=

  Basis Set: (CC-PVDZ AUX)
    Blend: CC-PVDZ-JKFIT
    Number of shells: 48
    Number of basis function: 140
    Number of Cartesian functions: 162
    Spherical Harmonics?: true
    Max angular momentum: 3

  Cached 100.0% of DFT collocation blocks in 0.085 [GiB].

  Minimum eigenvalue in the overlap matrix is 2.1758305376E-02.
  Using Symmetric Orthogonalization.

  SCF Guess: Superposition of Atomic Densities via on-the-fly atomic UHF.

  ==> Iterations <==

                           Total Energy        Delta E     RMS |[F,P]|

   @DF-RKS iter SAD:  -112.67826108024349   -1.12678e+02   0.00000e+00 
   @DF-RKS iter   1:  -113.26107181240569   -5.82811e-01   1.65800e-02 DIIS
   @DF-RKS iter   2:  -113.23267628132552    2.83955e-02   2.41044e-02 DIIS
   @DF-RKS iter   3:  -113.28737721531388   -5.47009e-02   2.33029e-03 DIIS
   @DF-RKS iter   4:  -113.28808810210404   -7.10887e-04   2.97831e-04 DIIS
   @DF-RKS iter   5:  -113.28809746531908   -9.36322e-06   7.53568e-05 DIIS
   @DF-RKS iter   6:  -113.28809801713410   -5.51815e-07   1.24161e-05 DIIS
   @DF-RKS iter   7:  -113.28809803273535   -1.56012e-08   4.92629e-07 DIIS
   @DF-RKS iter   8:  -113.28809803278457   -4.92264e-11   6.05279e-08 DIIS
   @DF-RKS iter   9:  -113.28809803278511   -5.40012e-13   5.66479e-09 DIIS
  Energy and wave function converged.


  ==> Post-Iterations <==

    Orbital Energies [Eh]
    ---------------------

    Doubly Occupied:                                                      

       1A1   -19.743348     2A1   -10.664269     3A1    -1.286726  
       4A1    -0.665142     1B1    -0.545719     1B2    -0.545719  
       5A1    -0.439464  

    Virtual:                                                              

       2B1     0.036813     2B2     0.036813     6A1     0.288237  
       3B2     0.513873     3B1     0.513873     7A1     0.593775  
       8A1     0.819402     9A1     0.879611     4B1     1.019237  
       4B2     1.019237    10A1     1.153079     1A2     1.153079  
       5B2     1.350315     5B1     1.350315    11A1     1.712842  
      12A1     2.053040    13A1     2.637805     2A2     2.637835  
       6B1     3.099446     6B2     3.099446    14A1     3.516569  

    Final Occupation by Irrep:
             A1    A2    B1    B2 
    DOCC [     5,    0,    1,    1 ]

  @DF-RKS Final Energy:  -113.28809803278511

   => Energetics <=

    Nuclear Repulsion Energy =             22.4947554787013217
    One-Electron Energy =                -198.2573192029850304
    Two-Electron Energy =                  69.1476455088862849
    DFT Exchange-Correlation Energy =      -6.6731798173876768
    Empirical Dispersion Energy =           0.0000000000000000
    VV10 Nonlocal Energy =                  0.0000000000000000
    Total Energy =                       -113.2880980327851148

Computation Completed


Properties will be evaluated at   0.000000,   0.000000,   0.000000 [a0]

Properties computed using the SCF density matrix

  Nuclear Dipole Moment: [e a0]
     X:     0.0000      Y:     0.0000      Z:     0.0023

  Electronic Dipole Moment: [e a0]
     X:     0.0000      Y:     0.0000      Z:     0.0427

  Dipole Moment: [e a0]
     X:     0.0000      Y:     0.0000      Z:     0.0450     Total:     0.0450

  Dipole Moment: [D]
     X:     0.0000      Y:     0.0000      Z:     0.1144     Total:     0.1144


*** tstop() called on wanukaka at Thu Apr 14 13:05:20 2022
Module time:
	user time   =       7.26 seconds =       0.12 minutes
	system time =       0.24 seconds =       0.00 minutes
	total time  =          0 seconds =       0.00 minutes
Total time:
	user time   =   14290.27 seconds =     238.17 minutes
	system time =     628.40 seconds =      10.47 minutes
	total time  =       1664 seconds =      27.73 minutes

*** tstart() called on wanukaka
*** at Thu Apr 14 13:05:20 2022


         ------------------------------------------------------------
                                   SCF GRAD                          
                          Rob Parrish, Justin Turney,                
                       Andy Simmonett, and Alex Sokolov              
         ------------------------------------------------------------

  ==> Geometry <==

    Molecular point group: c2v
    Full point group: C_inf_v

    Geometry (in Angstrom), charge = 0, multiplicity = 1:

       Center              X                  Y                   Z               Mass       
    ------------   -----------------  -----------------  -----------------  -----------------
         C            0.000000000000     0.000000000000    -0.645154710175    12.000000000000
         O            0.000000000000     0.000000000000     0.484019871705    15.994914619570

  Nuclear repulsion =   22.494755478701322

  ==> Basis Set <==

  Basis Set: CC-PVDZ
    Blend: CC-PVDZ
    Number of shells: 12
    Number of basis function: 28
    Number of Cartesian functions: 30
    Spherical Harmonics?: true
    Max angular momentum: 2

  ==> DFJKGrad: Density-Fitted SCF Gradients <==

    Gradient:                    1
    J tasked:                  Yes
    K tasked:                  Yes
    wK tasked:                  No
    OpenMP threads:             10
    Integrals threads:          10
    Memory [MiB]:             5722
    Schwarz Cutoff:          0E+00
    Fitting Condition:       1E-10

   => Auxiliary Basis Set <=

  Basis Set: (CC-PVDZ AUX)
    Blend: CC-PVDZ-JKFIT
    Number of shells: 48
    Number of basis function: 140
    Number of Cartesian functions: 162
    Spherical Harmonics?: true
    Max angular momentum: 3

  ==> DFT Potential <==

   => Composite Functional: M06-2X <= 

    Hybrid M06-2X Meta-GGA XC Functional

    Y. Zhao and D. G. Truhlar,  Theor. Chem. Acc., 120, 215, 2008


    Deriv               =              1
    GGA                 =           TRUE
    Meta                =           TRUE

    Exchange Hybrid     =           TRUE
    MP2 Hybrid          =          FALSE

   => Exchange Functionals <=

    1.0000   XC_HYB_MGGA_X_M06_2X

   => Exact (HF) Exchange <=

    0.5400               HF 

   => Correlation Functionals <=

    1.0000   XC_MGGA_C_M06_2X

   => Molecular Quadrature <=

    Radial Scheme          =       TREUTLER
    Pruning Scheme         =           FLAT
    Nuclear Scheme         =       TREUTLER

    BS radius alpha        =              1
    Pruning alpha          =              1
    Radial Points          =             75
    Spherical Points       =            302
    Total Points           =          42745
    Total Blocks           =            387
    Max Points             =            256
    Max Functions          =             28


  -Total Gradient:
     Atom            X                  Y                   Z
    ------   -----------------  -----------------  -----------------
       1        0.000000000000     0.000000000000    -0.002372359152
       2        0.000000000000     0.000000000000     0.002640228354


*** tstop() called on wanukaka at Thu Apr 14 13:05:21 2022
Module time:
	user time   =       4.54 seconds =       0.08 minutes
	system time =       0.16 seconds =       0.00 minutes
	total time  =          1 seconds =       0.02 minutes
Total time:
	user time   =   14294.82 seconds =     238.25 minutes
	system time =     628.56 seconds =      10.48 minutes
	total time  =       1665 seconds =      27.75 minutes

  //>>>>>>>>>>>>>>>>>>>>>>>>>>>>>>>>>>>//
  //    Loading displacement 3 of 3    //
  //<<<<<<<<<<<<<<<<<<<<<<<<<<<<<<<<<<<//
gradient() will perform analytic gradient computation.

*** tstart() called on wanukaka
*** at Thu Apr 14 13:05:21 2022

   => Loading Basis Set <=

    Name: CC-PVDZ
    Role: ORBITAL
    Keyword: BASIS
    atoms 1 entry C          line   138 file /home/sulstice/software/miniconda2/envs/qmpython2/share/psi4/basis/cc-pvdz.gbs 
    atoms 2 entry O          line   198 file /home/sulstice/software/miniconda2/envs/qmpython2/share/psi4/basis/cc-pvdz.gbs 


         ---------------------------------------------------------
                                   SCF
               by Justin Turney, Rob Parrish, Andy Simmonett
                          and Daniel G. A. Smith
                              RKS Reference
                       10 Threads,   7629 MiB Core
         ---------------------------------------------------------

  ==> Geometry <==

    Molecular point group: c2v
    Full point group: C_inf_v

    Geometry (in Angstrom), charge = 0, multiplicity = 1:

       Center              X                  Y                   Z               Mass       
    ------------   -----------------  -----------------  -----------------  -----------------
         C            0.000000000000     0.000000000000    -0.644000029495    12.000000000000
         O            0.000000000000     0.000000000000     0.483153585858    15.994914619570

  Running in c2v symmetry.

  Rotational constants: A = ************  B =      1.93529  C =      1.93529 [cm^-1]
  Rotational constants: A = ************  B =  58018.56162  C =  58018.56162 [MHz]
  Nuclear repulsion =   22.535088178011492

  Charge       = 0
  Multiplicity = 1
  Electrons    = 14
  Nalpha       = 7
  Nbeta        = 7

  ==> Algorithm <==

  SCF Algorithm Type is DF.
  DIIS enabled.
  MOM disabled.
  Fractional occupation disabled.
  Guess Type is SAD.
  Energy threshold   = 1.00e-08
  Density threshold  = 1.00e-08
  Integral threshold = 0.00e+00

  ==> Primary Basis <==

  Basis Set: CC-PVDZ
    Blend: CC-PVDZ
    Number of shells: 12
    Number of basis function: 28
    Number of Cartesian functions: 30
    Spherical Harmonics?: true
    Max angular momentum: 2

  ==> DFT Potential <==

   => Composite Functional: M06-2X <= 

    Hybrid M06-2X Meta-GGA XC Functional

    Y. Zhao and D. G. Truhlar,  Theor. Chem. Acc., 120, 215, 2008


    Deriv               =              1
    GGA                 =           TRUE
    Meta                =           TRUE

    Exchange Hybrid     =           TRUE
    MP2 Hybrid          =          FALSE

   => Exchange Functionals <=

    1.0000   XC_HYB_MGGA_X_M06_2X

   => Exact (HF) Exchange <=

    0.5400               HF 

   => Correlation Functionals <=

    1.0000   XC_MGGA_C_M06_2X

   => Molecular Quadrature <=

    Radial Scheme          =       TREUTLER
    Pruning Scheme         =           FLAT
    Nuclear Scheme         =       TREUTLER

    BS radius alpha        =              1
    Pruning alpha          =              1
    Radial Points          =             75
    Spherical Points       =            302
    Total Points           =          42745
    Total Blocks           =            387
    Max Points             =            255
    Max Functions          =             28

   => Loading Basis Set <=

    Name: (CC-PVDZ AUX)
    Role: JKFIT
    Keyword: DF_BASIS_SCF
    atoms 1 entry C          line   121 file /home/sulstice/software/miniconda2/envs/qmpython2/share/psi4/basis/cc-pvdz-jkfit.gbs 
    atoms 2 entry O          line   221 file /home/sulstice/software/miniconda2/envs/qmpython2/share/psi4/basis/cc-pvdz-jkfit.gbs 

  ==> Pre-Iterations <==

   -------------------------------------------------------
    Irrep   Nso     Nmo     Nalpha   Nbeta   Ndocc  Nsocc
   -------------------------------------------------------
     A1        14      14       0       0       0       0
     A2         2       2       0       0       0       0
     B1         6       6       0       0       0       0
     B2         6       6       0       0       0       0
   -------------------------------------------------------
    Total      28      28       7       7       7       0
   -------------------------------------------------------

  ==> Integral Setup <==

  DFHelper Memory: AOs need 0.001 GiB; user supplied 5.503 GiB. Using in-core AOs.

  ==> MemDFJK: Density-Fitted J/K Matrices <==

    J tasked:                   Yes
    K tasked:                   Yes
    wK tasked:                   No
    OpenMP threads:              10
    Memory [MiB]:              5635
    Algorithm:                 Core
    Schwarz Cutoff:           1E-12
    Mask sparsity (%):       0.0000
    Fitting Condition:        1E-10

   => Auxiliary Basis Set <=

  Basis Set: (CC-PVDZ AUX)
    Blend: CC-PVDZ-JKFIT
    Number of shells: 48
    Number of basis function: 140
    Number of Cartesian functions: 162
    Spherical Harmonics?: true
    Max angular momentum: 3

  Cached 100.0% of DFT collocation blocks in 0.085 [GiB].

  Minimum eigenvalue in the overlap matrix is 2.1703234578E-02.
  Using Symmetric Orthogonalization.

  SCF Guess: Superposition of Atomic Densities via on-the-fly atomic UHF.

  ==> Iterations <==

                           Total Energy        Delta E     RMS |[F,P]|

   @DF-RKS iter SAD:  -112.68193416771909   -1.12682e+02   0.00000e+00 
   @DF-RKS iter   1:  -113.26111487238492   -5.79181e-01   1.65687e-02 DIIS
   @DF-RKS iter   2:  -113.23346717592891    2.76477e-02   2.39449e-02 DIIS
   @DF-RKS iter   3:  -113.28736948494773   -5.39023e-02   2.34563e-03 DIIS
   @DF-RKS iter   4:  -113.28808807166179   -7.18587e-04   2.96646e-04 DIIS
   @DF-RKS iter   5:  -113.28809735466992   -9.28301e-06   7.51119e-05 DIIS
   @DF-RKS iter   6:  -113.28809790285089   -5.48181e-07   1.23451e-05 DIIS
   @DF-RKS iter   7:  -113.28809791825019   -1.53993e-08   4.88907e-07 DIIS
   @DF-RKS iter   8:  -113.28809791829856   -4.83737e-11   5.92882e-08 DIIS
   @DF-RKS iter   9:  -113.28809791829904   -4.83169e-13   5.66135e-09 DIIS
  Energy and wave function converged.


  ==> Post-Iterations <==

    Orbital Energies [Eh]
    ---------------------

    Doubly Occupied:                                                      

       1A1   -19.743263     2A1   -10.663568     3A1    -1.287915  
       4A1    -0.665221     1B2    -0.546479     1B1    -0.546479  
       5A1    -0.439251  

    Virtual:                                                              

       2B1     0.037638     2B2     0.037638     6A1     0.288448  
       3B1     0.513911     3B2     0.513911     7A1     0.593909  
       8A1     0.822828     9A1     0.879260     4B2     1.019068  
       4B1     1.019068    10A1     1.153100     1A2     1.153101  
       5B2     1.351777     5B1     1.351777    11A1     1.712940  
      12A1     2.056964    13A1     2.638108     2A2     2.638136  
       6B1     3.101380     6B2     3.101380    14A1     3.519504  

    Final Occupation by Irrep:
             A1    A2    B1    B2 
    DOCC [     5,    0,    1,    1 ]

  @DF-RKS Final Energy:  -113.28809791829904

   => Energetics <=

    Nuclear Repulsion Energy =             22.5350881780114918
    One-Electron Energy =                -198.3336256194000384
    Two-Electron Energy =                  69.1845495755928397
    DFT Exchange-Correlation Energy =      -6.6741100525033588
    Empirical Dispersion Energy =           0.0000000000000000
    VV10 Nonlocal Energy =                  0.0000000000000000
    Total Energy =                       -113.2880979182990586

Computation Completed


Properties will be evaluated at   0.000000,   0.000000,   0.000000 [a0]

Properties computed using the SCF density matrix

  Nuclear Dipole Moment: [e a0]
     X:     0.0000      Y:     0.0000      Z:     0.0023

  Electronic Dipole Moment: [e a0]
     X:     0.0000      Y:     0.0000      Z:     0.0457

  Dipole Moment: [e a0]
     X:     0.0000      Y:     0.0000      Z:     0.0480     Total:     0.0480

  Dipole Moment: [D]
     X:     0.0000      Y:     0.0000      Z:     0.1221     Total:     0.1221


*** tstop() called on wanukaka at Thu Apr 14 13:05:22 2022
Module time:
	user time   =       7.78 seconds =       0.13 minutes
	system time =       0.24 seconds =       0.00 minutes
	total time  =          1 seconds =       0.02 minutes
Total time:
	user time   =   14302.68 seconds =     238.38 minutes
	system time =     628.80 seconds =      10.48 minutes
	total time  =       1666 seconds =      27.77 minutes

*** tstart() called on wanukaka
*** at Thu Apr 14 13:05:22 2022


         ------------------------------------------------------------
                                   SCF GRAD                          
                          Rob Parrish, Justin Turney,                
                       Andy Simmonett, and Alex Sokolov              
         ------------------------------------------------------------

  ==> Geometry <==

    Molecular point group: c2v
    Full point group: C_inf_v

    Geometry (in Angstrom), charge = 0, multiplicity = 1:

       Center              X                  Y                   Z               Mass       
    ------------   -----------------  -----------------  -----------------  -----------------
         C            0.000000000000     0.000000000000    -0.644000029495    12.000000000000
         O            0.000000000000     0.000000000000     0.483153585858    15.994914619570

  Nuclear repulsion =   22.535088178011492

  ==> Basis Set <==

  Basis Set: CC-PVDZ
    Blend: CC-PVDZ
    Number of shells: 12
    Number of basis function: 28
    Number of Cartesian functions: 30
    Spherical Harmonics?: true
    Max angular momentum: 2

  ==> DFJKGrad: Density-Fitted SCF Gradients <==

    Gradient:                    1
    J tasked:                  Yes
    K tasked:                  Yes
    wK tasked:                  No
    OpenMP threads:             10
    Integrals threads:          10
    Memory [MiB]:             5722
    Schwarz Cutoff:          0E+00
    Fitting Condition:       1E-10

   => Auxiliary Basis Set <=

  Basis Set: (CC-PVDZ AUX)
    Blend: CC-PVDZ-JKFIT
    Number of shells: 48
    Number of basis function: 140
    Number of Cartesian functions: 162
    Spherical Harmonics?: true
    Max angular momentum: 3

  ==> DFT Potential <==

   => Composite Functional: M06-2X <= 

    Hybrid M06-2X Meta-GGA XC Functional

    Y. Zhao and D. G. Truhlar,  Theor. Chem. Acc., 120, 215, 2008


    Deriv               =              1
    GGA                 =           TRUE
    Meta                =           TRUE

    Exchange Hybrid     =           TRUE
    MP2 Hybrid          =          FALSE

   => Exchange Functionals <=

    1.0000   XC_HYB_MGGA_X_M06_2X

   => Exact (HF) Exchange <=

    0.5400               HF 

   => Correlation Functionals <=

    1.0000   XC_MGGA_C_M06_2X

   => Molecular Quadrature <=

    Radial Scheme          =       TREUTLER
    Pruning Scheme         =           FLAT
    Nuclear Scheme         =       TREUTLER

    BS radius alpha        =              1
    Pruning alpha          =              1
    Radial Points          =             75
    Spherical Points       =            302
    Total Points           =          42745
    Total Blocks           =            387
    Max Points             =            255
    Max Functions          =             28


  -Total Gradient:
     Atom            X                  Y                   Z
    ------   -----------------  -----------------  -----------------
       1       -0.000000000000     0.000000000000     0.002768612702
       2        0.000000000000    -0.000000000000    -0.002486632694


*** tstop() called on wanukaka at Thu Apr 14 13:05:22 2022
Module time:
	user time   =       4.38 seconds =       0.07 minutes
	system time =       0.14 seconds =       0.00 minutes
	total time  =          0 seconds =       0.00 minutes
Total time:
	user time   =   14307.07 seconds =     238.45 minutes
	system time =     628.95 seconds =      10.48 minutes
	total time  =       1666 seconds =      27.77 minutes

         ----------------------------------------------------------
                                   FINDIF
                     R. A. King and Jonathon Misiewicz
         ---------------------------------------------------------

  Computing second-derivative from gradients using projected, 
  symmetry-adapted, cartesian coordinates.

  3 gradients passed in, including the reference geometry.
  Generating complete list of displacements from unique ones.


-------------------------------------------------------------


  ==> Harmonic Vibrational Analysis <==

  non-mass-weighted Hessian:       Symmetric? True   Hermitian? True   Lin Dep Dim?  5 (0)
  projection of translations (True) and rotations (True) removed 5 degrees of freedom (5)
  total projector:                 Symmetric? True   Hermitian? True   Lin Dep Dim?  5 (5)
  mass-weighted Hessian:           Symmetric? True   Hermitian? True   Lin Dep Dim?  5 (0)
  pre-proj  low-frequency mode:    0.0000  [cm^-1]
  pre-proj  low-frequency mode:    0.0000  [cm^-1]
  pre-proj  low-frequency mode:    0.0000  [cm^-1]
  pre-proj  low-frequency mode:    0.0000  [cm^-1]
  pre-proj  low-frequency mode:    0.0000  [cm^-1]
  pre-proj  all modes:['0.0000' '0.0000' '0.0000' '0.0000' '0.0000' '2276.4088']
  projected mass-weighted Hessian: Symmetric? True   Hermitian? True   Lin Dep Dim?  5 (5)
  post-proj low-frequency mode:    0.0000  [cm^-1] (TR)
  post-proj low-frequency mode:    0.0000  [cm^-1] (TR)
  post-proj low-frequency mode:    0.0000  [cm^-1] (TR)
  post-proj low-frequency mode:    0.0000  [cm^-1] (TR)
  post-proj low-frequency mode:    0.0000  [cm^-1] (TR)
  post-proj  all modes:['0.0000' '0.0000' '0.0000' '0.0000' '0.0000' '2276.4088']

  Vibration                       6           
  Freq [cm^-1]                2276.4088       
  Irrep                           A1          
  Reduced mass [u]             13.4388        
  Force const [mDyne/A]        41.0308        
  Turning point v=0 [a0]        0.0627        
  RMS dev v=0 [a0 u^1/2]        0.1626        
  Char temp [K]               3275.2454       
  ----------------------------------------------------------------------------------
      1   C                0.00  0.00  0.80   
      2   O                0.00  0.00 -0.60   

  ==> Thermochemistry Components <==

  Entropy, S
    Electronic S            0.000 [cal/(mol K)]        0.000 [J/(mol K)]       0.00000000 [mEh/K] (multiplicity = 1)
    Translational S        35.923 [cal/(mol K)]      150.302 [J/(mol K)]       0.05724692 [mEh/K] (mol. weight = 27.9949 [u], P = 101325.00 [Pa])
    Rotational S           11.278 [cal/(mol K)]       47.187 [J/(mol K)]       0.01797272 [mEh/K] (symmetry no. = 1)
    Vibrational S           0.000 [cal/(mol K)]        0.002 [J/(mol K)]       0.00000064 [mEh/K]
  Total S                  47.201 [cal/(mol K)]      197.491 [J/(mol K)]       0.07522029 [mEh/K]
  Correction S              0.000 [cal/(mol K)]        0.000 [J/(mol K)]       0.00000000 [mEh/K]

  Constant volume heat capacity, Cv
    Electronic Cv           0.000 [cal/(mol K)]        0.000 [J/(mol K)]       0.00000000 [mEh/K]
    Translational Cv        2.981 [cal/(mol K)]       12.472 [J/(mol K)]       0.00475022 [mEh/K]
    Rotational Cv           1.987 [cal/(mol K)]        8.314 [J/(mol K)]       0.00316681 [mEh/K]
    Vibrational Cv          0.004 [cal/(mol K)]        0.017 [J/(mol K)]       0.00000648 [mEh/K]
  Total Cv                  4.972 [cal/(mol K)]       20.803 [J/(mol K)]       0.00792350 [mEh/K]
  Correction Cv             0.000 [cal/(mol K)]        0.000 [J/(mol K)]       0.00000000 [mEh/K]

  Constant pressure heat capacity, Cp
    Electronic Cp           0.000 [cal/(mol K)]        0.000 [J/(mol K)]       0.00000000 [mEh/K]
    Translational Cp        4.968 [cal/(mol K)]       20.786 [J/(mol K)]       0.00791703 [mEh/K]
    Rotational Cp           1.987 [cal/(mol K)]        8.314 [J/(mol K)]       0.00316681 [mEh/K]
    Vibrational Cp          0.004 [cal/(mol K)]        0.017 [J/(mol K)]       0.00000648 [mEh/K]
  Total Cp                  6.959 [cal/(mol K)]       29.118 [J/(mol K)]       0.01109031 [mEh/K]
  Correction Cp             0.000 [cal/(mol K)]        0.000 [J/(mol K)]       0.00000000 [mEh/K]

  ==> Thermochemistry Energy Analysis <==

  Raw electronic energy, E0
  Total E0, Electronic energy at well bottom at 0 [K]                 -113.28810043 [Eh]

  Zero-point energy, ZPE_vib = Sum_i nu_i / 2
    Electronic ZPE          0.000 [kcal/mol]        0.000 [kJ/mol]       0.00000000 [Eh]
    Translational ZPE       0.000 [kcal/mol]        0.000 [kJ/mol]       0.00000000 [Eh]
    Rotational ZPE          0.000 [kcal/mol]        0.000 [kJ/mol]       0.00000000 [Eh]
    Vibrational ZPE         3.254 [kcal/mol]       13.616 [kJ/mol]       0.00518604 [Eh]        1138.204 [cm^-1]
  Correction ZPE            3.254 [kcal/mol]       13.616 [kJ/mol]       0.00518604 [Eh]        1138.204 [cm^-1]
  Total ZPE, Electronic energy at 0 [K]                               -113.28291439 [Eh]

  Thermal Energy, E (includes ZPE)
    Electronic E            0.000 [kcal/mol]        0.000 [kJ/mol]       0.00000000 [Eh]
    Translational E         0.889 [kcal/mol]        3.718 [kJ/mol]       0.00141628 [Eh]
    Rotational E            0.592 [kcal/mol]        2.479 [kJ/mol]       0.00094418 [Eh]
    Vibrational E           3.254 [kcal/mol]       13.616 [kJ/mol]       0.00518622 [Eh]
  Correction E              4.736 [kcal/mol]       19.814 [kJ/mol]       0.00754668 [Eh]
  Total E, Electronic energy at  298.15 [K]                           -113.28055375 [Eh]

  Enthalpy, H_trans = E_trans + k_B * T
    Electronic H            0.000 [kcal/mol]        0.000 [kJ/mol]       0.00000000 [Eh]
    Translational H         1.481 [kcal/mol]        6.197 [kJ/mol]       0.00236046 [Eh]
    Rotational H            0.592 [kcal/mol]        2.479 [kJ/mol]       0.00094418 [Eh]
    Vibrational H           3.254 [kcal/mol]       13.616 [kJ/mol]       0.00518622 [Eh]
  Correction H              5.328 [kcal/mol]       22.293 [kJ/mol]       0.00849086 [Eh]
  Total H, Enthalpy at  298.15 [K]                                    -113.27960956 [Eh]

  Gibbs free energy, G = H - T * S
    Electronic G            0.000 [kcal/mol]        0.000 [kJ/mol]       0.00000000 [Eh]
    Translational G        -9.229 [kcal/mol]      -38.615 [kJ/mol]      -0.01470771 [Eh]
    Rotational G           -2.770 [kcal/mol]      -11.590 [kJ/mol]      -0.00441438 [Eh]
    Vibrational G           3.254 [kcal/mol]       13.616 [kJ/mol]       0.00518602 [Eh]
  Correction G             -8.745 [kcal/mol]      -36.589 [kJ/mol]      -0.01393607 [Eh]
  Total G, Free enthalpy at  298.15 [K]                               -113.30203649 [Eh]
