gradient() will perform analytic gradient computation.

*** tstart() called on wanukaka
*** at Thu Apr 14 12:38:27 2022

   => Loading Basis Set <=

    Name: AUG-CC-PVDZ
    Role: ORBITAL
    Keyword: BASIS
    atoms 1   entry O          line   250 file /home/sulstice/software/miniconda2/envs/qmpython2/share/psi4/basis/aug-cc-pvdz.gbs 
    atoms 2-3 entry H          line    36 file /home/sulstice/software/miniconda2/envs/qmpython2/share/psi4/basis/aug-cc-pvdz.gbs 


         ---------------------------------------------------------
                                   SCF
               by Justin Turney, Rob Parrish, Andy Simmonett
                          and Daniel G. A. Smith
                              RHF Reference
                       10 Threads,   7629 MiB Core
         ---------------------------------------------------------

  ==> Geometry <==

    Molecular point group: c2v
    Full point group: C2v

    Geometry (in Angstrom), charge = 0, multiplicity = 1:

       Center              X                  Y                   Z               Mass       
    ------------   -----------------  -----------------  -----------------  -----------------
         O            0.000000000000     0.000000000000    -0.071470451920    15.994914619570
         H            0.000000000000    -0.870960172609     0.567143968312     1.007825032230
         H            0.000000000000     0.870960172609     0.567143968312     1.007825032230

  Running in c2v symmetry.

  Rotational constants: A =     23.09135  B =     11.02516  C =      7.46225 [cm^-1]
  Rotational constants: A = 692261.25286  B = 330525.88032  C = 223712.49363 [MHz]
  Nuclear repulsion =    8.143451937679213

  Charge       = 0
  Multiplicity = 1
  Electrons    = 10
  Nalpha       = 5
  Nbeta        = 5

  ==> Algorithm <==

  SCF Algorithm Type is DF.
  DIIS enabled.
  MOM disabled.
  Fractional occupation disabled.
  Guess Type is SAD.
  Energy threshold   = 1.00e-08
  Density threshold  = 1.00e-08
  Integral threshold = 0.00e+00

  ==> Primary Basis <==

  Basis Set: AUG-CC-PVDZ
    Blend: AUG-CC-PVDZ
    Number of shells: 19
    Number of basis function: 41
    Number of Cartesian functions: 43
    Spherical Harmonics?: true
    Max angular momentum: 2

   => Loading Basis Set <=

    Name: (AUG-CC-PVDZ AUX)
    Role: JKFIT
    Keyword: DF_BASIS_SCF
    atoms 1   entry O          line   270 file /home/sulstice/software/miniconda2/envs/qmpython2/share/psi4/basis/aug-cc-pvdz-jkfit.gbs 
    atoms 2-3 entry H          line    70 file /home/sulstice/software/miniconda2/envs/qmpython2/share/psi4/basis/aug-cc-pvdz-jkfit.gbs 

  ==> Pre-Iterations <==

   -------------------------------------------------------
    Irrep   Nso     Nmo     Nalpha   Nbeta   Ndocc  Nsocc
   -------------------------------------------------------
     A1        18      18       0       0       0       0
     A2         4       4       0       0       0       0
     B1         7       7       0       0       0       0
     B2        12      12       0       0       0       0
   -------------------------------------------------------
    Total      41      41       5       5       5       0
   -------------------------------------------------------

  ==> Integral Setup <==

  DFHelper Memory: AOs need 0.002 GiB; user supplied 5.588 GiB. Using in-core AOs.

  ==> MemDFJK: Density-Fitted J/K Matrices <==

    J tasked:                   Yes
    K tasked:                   Yes
    wK tasked:                   No
    OpenMP threads:              10
    Memory [MiB]:              5722
    Algorithm:                 Core
    Schwarz Cutoff:           1E-12
    Mask sparsity (%):       0.0000
    Fitting Condition:        1E-10

   => Auxiliary Basis Set <=

  Basis Set: (AUG-CC-PVDZ AUX)
    Blend: AUG-CC-PVDZ-JKFIT
    Number of shells: 52
    Number of basis function: 150
    Number of Cartesian functions: 171
    Spherical Harmonics?: true
    Max angular momentum: 3

  Minimum eigenvalue in the overlap matrix is 3.6359930797E-03.
  Using Symmetric Orthogonalization.

  SCF Guess: Superposition of Atomic Densities via on-the-fly atomic UHF.

  ==> Iterations <==

                           Total Energy        Delta E     RMS |[F,P]|

   @DF-RHF iter SAD:   -75.31362442728144   -7.53136e+01   0.00000e+00 
   @DF-RHF iter   1:   -75.91825676638848   -6.04632e-01   1.96446e-02 DIIS
   @DF-RHF iter   2:   -75.96747995372816   -4.92232e-02   1.47877e-02 DIIS
   @DF-RHF iter   3:   -76.01001639888844   -4.25364e-02   1.04781e-03 DIIS
   @DF-RHF iter   4:   -76.01061252140011   -5.96123e-04   3.02404e-04 DIIS
   @DF-RHF iter   5:   -76.01066891726344   -5.63959e-05   7.28230e-05 DIIS
   @DF-RHF iter   6:   -76.01067386394161   -4.94668e-06   1.39398e-05 DIIS
   @DF-RHF iter   7:   -76.01067404548547   -1.81544e-07   2.53383e-06 DIIS
   @DF-RHF iter   8:   -76.01067405092148   -5.43601e-09   5.36310e-07 DIIS
   @DF-RHF iter   9:   -76.01067405116486   -2.43375e-10   1.54845e-07 DIIS
   @DF-RHF iter  10:   -76.01067405118468   -1.98241e-11   1.73707e-08 DIIS
   @DF-RHF iter  11:   -76.01067405118496   -2.84217e-13   2.81183e-09 DIIS
  Energy and wave function converged.


  ==> Post-Iterations <==

    Orbital Energies [Eh]
    ---------------------

    Doubly Occupied:                                                      

       1A1   -20.594468     2A1    -1.300588     1B2    -0.661819  
       3A1    -0.556546     1B1    -0.500011  

    Virtual:                                                              

       4A1     0.032895     2B2     0.056819     5A1     0.175523  
       2B1     0.202087     6A1     0.208535     3B2     0.232688  
       4B2     0.258907     7A1     0.314478     1A2     0.374609  
       8A1     0.392781     3B1     0.420964     5B2     0.517547  
       9A1     0.611183     6B2     0.634753     7B2     0.788508  
      10A1     0.891537     4B1     1.108430    11A1     1.116446  
       2A2     1.138522    12A1     1.277342     8B2     1.431637  
       5B1     1.448764    13A1     1.559021     9B2     1.913657  
       3A2     1.960006     6B1     2.027801    10B2     2.242950  
      14A1     2.308560    15A1     2.365797    11B2     2.690536  
      16A1     2.923091     7B1     3.665643    17A1     3.678322  
       4A2     3.683455    18A1     3.902230    12B2     4.064520  

    Final Occupation by Irrep:
             A1    A2    B1    B2 
    DOCC [     3,    0,    1,    1 ]

  @DF-RHF Final Energy:   -76.01067405118496

   => Energetics <=

    Nuclear Repulsion Energy =              8.1434519376792132
    One-Electron Energy =                -121.0813887043555894
    Two-Electron Energy =                  36.9272627154914019
    Total Energy =                        -76.0106740511849637

Computation Completed


Properties will be evaluated at   0.000000,   0.000000,   0.000000 [a0]

Properties computed using the SCF density matrix

  Nuclear Dipole Moment: [e a0]
     X:     0.0000      Y:     0.0000      Z:     1.0630

  Electronic Dipole Moment: [e a0]
     X:     0.0000      Y:     0.0000      Z:    -0.2632

  Dipole Moment: [e a0]
     X:     0.0000      Y:     0.0000      Z:     0.7999     Total:     0.7999

  Dipole Moment: [D]
     X:     0.0000      Y:     0.0000      Z:     2.0331     Total:     2.0331


*** tstop() called on wanukaka at Thu Apr 14 12:38:28 2022
Module time:
	user time   =       4.81 seconds =       0.08 minutes
	system time =       0.28 seconds =       0.00 minutes
	total time  =          1 seconds =       0.02 minutes
Total time:
	user time   =     474.86 seconds =       7.91 minutes
	system time =      17.35 seconds =       0.29 minutes
	total time  =         52 seconds =       0.87 minutes

*** tstart() called on wanukaka
*** at Thu Apr 14 12:38:28 2022


         ------------------------------------------------------------
                                   SCF GRAD                          
                          Rob Parrish, Justin Turney,                
                       Andy Simmonett, and Alex Sokolov              
         ------------------------------------------------------------

  ==> Geometry <==

    Molecular point group: c2v
    Full point group: C2v

    Geometry (in Angstrom), charge = 0, multiplicity = 1:

       Center              X                  Y                   Z               Mass       
    ------------   -----------------  -----------------  -----------------  -----------------
         O            0.000000000000     0.000000000000    -0.071470451920    15.994914619570
         H            0.000000000000    -0.870960172609     0.567143968312     1.007825032230
         H            0.000000000000     0.870960172609     0.567143968312     1.007825032230

  Nuclear repulsion =    8.143451937679213

  ==> Basis Set <==

  Basis Set: AUG-CC-PVDZ
    Blend: AUG-CC-PVDZ
    Number of shells: 19
    Number of basis function: 41
    Number of Cartesian functions: 43
    Spherical Harmonics?: true
    Max angular momentum: 2

  ==> DFJKGrad: Density-Fitted SCF Gradients <==

    Gradient:                    1
    J tasked:                  Yes
    K tasked:                  Yes
    wK tasked:                  No
    OpenMP threads:             10
    Integrals threads:          10
    Memory [MiB]:             5722
    Schwarz Cutoff:          0E+00
    Fitting Condition:       1E-10

   => Auxiliary Basis Set <=

  Basis Set: (AUG-CC-PVDZ AUX)
    Blend: AUG-CC-PVDZ-JKFIT
    Number of shells: 52
    Number of basis function: 150
    Number of Cartesian functions: 171
    Spherical Harmonics?: true
    Max angular momentum: 3


  -Total Gradient:
     Atom            X                  Y                   Z
    ------   -----------------  -----------------  -----------------
       1        0.000000000000     0.000000000000    -0.109368623584
       2        0.000000000000    -0.087653232787     0.054684311792
       3       -0.000000000000     0.087653232787     0.054684311792


*** tstop() called on wanukaka at Thu Apr 14 12:38:28 2022
Module time:
	user time   =       3.61 seconds =       0.06 minutes
	system time =       0.22 seconds =       0.00 minutes
	total time  =          0 seconds =       0.00 minutes
Total time:
	user time   =     478.48 seconds =       7.97 minutes
	system time =      17.57 seconds =       0.29 minutes
	total time  =         52 seconds =       0.87 minutes

			-----------------------------------------
			 OPTKING 2.0: for geometry optimizations 
			  - R.A. King,  Bethel University        
			-----------------------------------------

	Internal coordinates to be generated automatically.
	Detected frag 1 with atoms:  1 2 3
	---Fragment 1 Bond Connectivity---
	 1 : 2 3
	 2 : 1
	 3 : 1

	---Fragment 1 Geometry and Gradient---
	 O           0.0000000000        0.0000000000       -0.1350595802
	 H           0.0000000000       -1.6458761924        1.0717467738
	 H           0.0000000000        1.6458761924        1.0717467738
	             0.0000000000        0.0000000000       -0.1093686236
	             0.0000000000       -0.0876532328        0.0546843118
	            -0.0000000000        0.0876532328        0.0546843118

	Previous optimization step data not found.  Starting new optimization.

	---Fragment 1 Intrafragment Coordinates---
	 - Coordinate -           - BOHR/RAD -       - ANG/DEG -
	 R(1,2)           =         2.040904	       1.080000
	 R(1,3)           =         2.040904	       1.080000
	 B(2,1,3)         =         1.876229	     107.500000

	Current energy   :       -76.0106740512

	Generating empirical Hessian (Schlegel '84) for each fragment.
	Taking RFO optimization step.
	Going to follow RFO solution 1.
	Using RFO vector 1.
	Norm of target step-size    0.36086
	Projected energy change by RFO approximation:        -0.0704552982

	Back-transformation to cartesian coordinates...
	Successfully converged to displaced geometry.

	--- Internal Coordinate Step in ANG or DEG, aJ/ANG or AJ/DEG ---
	 ---------------------------------------------------------------------------
	   Coordinate                Previous        Force       Change         New 
	   ----------                --------       ------       ------       ------
	    1 R(1,2)          =      1.080000    -0.848777    -0.132142     0.947858
	    2 R(1,3)          =      1.080000    -0.848777    -0.132142     0.947858
	    3 B(2,1,3)        =    107.500000    -0.001200    -4.251417   103.248583
	 ---------------------------------------------------------------------------
	Successfully symmetrized geometry.

  ==> Convergence Check <==

  Measures of convergence in internal coordinates in au.
  Criteria marked as inactive (o), active & met (*), and active & unmet ( ).
  --------------------------------------------------------------------------------------------- ~
   Step     Total Energy     Delta E     MAX Force     RMS Force      MAX Disp      RMS Disp    ~
  --------------------------------------------------------------------------------------------- ~
    Convergence Criteria    1.00e-06 *    3.00e-04 *             o    1.20e-03 *             o  ~
  --------------------------------------------------------------------------------------------- ~
      1     -76.01067405   -7.60e+01      1.03e-01      8.46e-02 o    2.50e-01      2.08e-01 o  ~
  ---------------------------------------------------------------------------------------------

	Writing optimization data to binary file.
	Structure for next step:
	Cartesian Geometry (in Angstrom)
	    O     0.0000000000   0.0000000000  -0.0380240727
	    H     0.0000000000  -0.7430795966   0.5504207766
	    H     0.0000000000   0.7430795966   0.5504207766
			--------------------------
			 OPTKING Finished Execution 
			--------------------------

    Structure for next step:
    Molecular point group: c2v
    Full point group: C2v

    Geometry (in Angstrom), charge = 0, multiplicity = 1:

    O       
    H             1    0.947858
    H             1    0.947858      2  103.248583

gradient() will perform analytic gradient computation.

*** tstart() called on wanukaka
*** at Thu Apr 14 12:38:28 2022

   => Loading Basis Set <=

    Name: AUG-CC-PVDZ
    Role: ORBITAL
    Keyword: BASIS
    atoms 1   entry O          line   250 file /home/sulstice/software/miniconda2/envs/qmpython2/share/psi4/basis/aug-cc-pvdz.gbs 
    atoms 2-3 entry H          line    36 file /home/sulstice/software/miniconda2/envs/qmpython2/share/psi4/basis/aug-cc-pvdz.gbs 


         ---------------------------------------------------------
                                   SCF
               by Justin Turney, Rob Parrish, Andy Simmonett
                          and Daniel G. A. Smith
                              RHF Reference
                       10 Threads,   7629 MiB Core
         ---------------------------------------------------------

  ==> Geometry <==

    Molecular point group: c2v
    Full point group: C2v

    Geometry (in Angstrom), charge = 0, multiplicity = 1:

       Center              X                  Y                   Z               Mass       
    ------------   -----------------  -----------------  -----------------  -----------------
         O            0.000000000000     0.000000000000    -0.065855731003    15.994914619570
         H            0.000000000000    -0.743079599548     0.522589120590     1.007825032230
         H            0.000000000000     0.743079599548     0.522589120590     1.007825032230

  Running in c2v symmetry.

  Rotational constants: A =     27.19664  B =     15.14644  C =      9.72845 [cm^-1]
  Rotational constants: A = 815334.70923  B = 454078.96702  C = 291651.45253 [MHz]
  Nuclear repulsion =    9.288670047717725

  Charge       = 0
  Multiplicity = 1
  Electrons    = 10
  Nalpha       = 5
  Nbeta        = 5

  ==> Algorithm <==

  SCF Algorithm Type is DF.
  DIIS enabled.
  MOM disabled.
  Fractional occupation disabled.
  Guess Type is READ.
  Energy threshold   = 1.00e-08
  Density threshold  = 1.00e-08
  Integral threshold = 0.00e+00

  ==> Primary Basis <==

  Basis Set: AUG-CC-PVDZ
    Blend: AUG-CC-PVDZ
    Number of shells: 19
    Number of basis function: 41
    Number of Cartesian functions: 43
    Spherical Harmonics?: true
    Max angular momentum: 2

   => Loading Basis Set <=

    Name: (AUG-CC-PVDZ AUX)
    Role: JKFIT
    Keyword: DF_BASIS_SCF
    atoms 1   entry O          line   270 file /home/sulstice/software/miniconda2/envs/qmpython2/share/psi4/basis/aug-cc-pvdz-jkfit.gbs 
    atoms 2-3 entry H          line    70 file /home/sulstice/software/miniconda2/envs/qmpython2/share/psi4/basis/aug-cc-pvdz-jkfit.gbs 

   => Loading Basis Set <=

    Name: AUG-CC-PVDZ
    Role: ORBITAL
    Keyword: BASIS
    atoms 1   entry O          line   250 file /home/sulstice/software/miniconda2/envs/qmpython2/share/psi4/basis/aug-cc-pvdz.gbs 
    atoms 2-3 entry H          line    36 file /home/sulstice/software/miniconda2/envs/qmpython2/share/psi4/basis/aug-cc-pvdz.gbs 

  Reading orbitals from file 180, no projection.

  ==> Pre-Iterations <==

   -------------------------------------------------------
    Irrep   Nso     Nmo     Nalpha   Nbeta   Ndocc  Nsocc
   -------------------------------------------------------
     A1        18      18       0       0       0       0
     A2         4       4       0       0       0       0
     B1         7       7       0       0       0       0
     B2        12      12       0       0       0       0
   -------------------------------------------------------
    Total      41      41       5       5       5       0
   -------------------------------------------------------

  ==> Integral Setup <==

  DFHelper Memory: AOs need 0.002 GiB; user supplied 5.588 GiB. Using in-core AOs.

  ==> MemDFJK: Density-Fitted J/K Matrices <==

    J tasked:                   Yes
    K tasked:                   Yes
    wK tasked:                   No
    OpenMP threads:              10
    Memory [MiB]:              5722
    Algorithm:                 Core
    Schwarz Cutoff:           1E-12
    Mask sparsity (%):       0.0000
    Fitting Condition:        1E-10

   => Auxiliary Basis Set <=

  Basis Set: (AUG-CC-PVDZ AUX)
    Blend: AUG-CC-PVDZ-JKFIT
    Number of shells: 52
    Number of basis function: 150
    Number of Cartesian functions: 171
    Spherical Harmonics?: true
    Max angular momentum: 3

  Minimum eigenvalue in the overlap matrix is 2.5042855657E-03.
  Using Symmetric Orthogonalization.

  SCF Guess: Orbitals guess was supplied from a previous computation.

  ==> Iterations <==

                           Total Energy        Delta E     RMS |[F,P]|

   @DF-RHF iter   0:   -76.22276308274800   -7.62228e+01   1.78635e-02 
   @DF-RHF iter   1:   -76.03917920722198    1.83584e-01   3.01791e-03 DIIS
   @DF-RHF iter   2:   -76.04110303931759   -1.92383e-03   1.66644e-03 DIIS
   @DF-RHF iter   3:   -76.04158623240265   -4.83193e-04   2.26530e-04 DIIS
   @DF-RHF iter   4:   -76.04160903055285   -2.27982e-05   7.32886e-05 DIIS
   @DF-RHF iter   5:   -76.04161192333122   -2.89278e-06   1.60665e-05 DIIS
   @DF-RHF iter   6:   -76.04161215248213   -2.29151e-07   3.19050e-06 DIIS
   @DF-RHF iter   7:   -76.04161216041555   -7.93342e-09   3.00482e-07 DIIS
   @DF-RHF iter   8:   -76.04161216047342   -5.78666e-11   4.77640e-08 DIIS
   @DF-RHF iter   9:   -76.04161216047493   -1.50635e-12   5.59386e-09 DIIS
  Energy and wave function converged.


  ==> Post-Iterations <==

    Orbital Energies [Eh]
    ---------------------

    Doubly Occupied:                                                      

       1A1   -20.576214     2A1    -1.362509     1B2    -0.721920  
       3A1    -0.589956     1B1    -0.510582  

    Virtual:                                                              

       4A1     0.035508     2B2     0.058120     5A1     0.173605  
       2B1     0.196368     6A1     0.223497     3B2     0.231572  
       4B2     0.292816     7A1     0.334737     1A2     0.387228  
       8A1     0.403121     3B1     0.433423     5B2     0.541929  
       9A1     0.650588     6B2     0.658809     7B2     0.813473  
      10A1     0.936977     4B1     1.101236    11A1     1.116807  
       2A2     1.149810    12A1     1.305450     8B2     1.468016  
       5B1     1.484618    13A1     1.588592     3A2     2.014623  
       9B2     2.015248     6B1     2.120182    14A1     2.358687  
      10B2     2.502995    15A1     2.651592    11B2     2.716700  
      16A1     2.980563     7B1     3.675061    17A1     3.695142  
       4A2     3.705358    18A1     4.032330    12B2     4.333458  

    Final Occupation by Irrep:
             A1    A2    B1    B2 
    DOCC [     3,    0,    1,    1 ]

  @DF-RHF Final Energy:   -76.04161216047493

   => Energetics <=

    Nuclear Repulsion Energy =              9.2886700477177246
    One-Electron Energy =                -123.1382023070647449
    Two-Electron Energy =                  37.8079200988720814
    Total Energy =                        -76.0416121604749264

Computation Completed


Properties will be evaluated at   0.000000,   0.000000,   0.000000 [a0]

Properties computed using the SCF density matrix

  Nuclear Dipole Moment: [e a0]
     X:     0.0000      Y:     0.0000      Z:     0.9795

  Electronic Dipole Moment: [e a0]
     X:     0.0000      Y:     0.0000      Z:    -0.1881

  Dipole Moment: [e a0]
     X:     0.0000      Y:     0.0000      Z:     0.7914     Total:     0.7914

  Dipole Moment: [D]
     X:     0.0000      Y:     0.0000      Z:     2.0115     Total:     2.0115


*** tstop() called on wanukaka at Thu Apr 14 12:38:28 2022
Module time:
	user time   =       2.96 seconds =       0.05 minutes
	system time =       0.14 seconds =       0.00 minutes
	total time  =          0 seconds =       0.00 minutes
Total time:
	user time   =     481.52 seconds =       8.03 minutes
	system time =      17.72 seconds =       0.30 minutes
	total time  =         52 seconds =       0.87 minutes

*** tstart() called on wanukaka
*** at Thu Apr 14 12:38:28 2022


         ------------------------------------------------------------
                                   SCF GRAD                          
                          Rob Parrish, Justin Turney,                
                       Andy Simmonett, and Alex Sokolov              
         ------------------------------------------------------------

  ==> Geometry <==

    Molecular point group: c2v
    Full point group: C2v

    Geometry (in Angstrom), charge = 0, multiplicity = 1:

       Center              X                  Y                   Z               Mass       
    ------------   -----------------  -----------------  -----------------  -----------------
         O            0.000000000000     0.000000000000    -0.065855731003    15.994914619570
         H            0.000000000000    -0.743079599548     0.522589120590     1.007825032230
         H            0.000000000000     0.743079599548     0.522589120590     1.007825032230

  Nuclear repulsion =    9.288670047717725

  ==> Basis Set <==

  Basis Set: AUG-CC-PVDZ
    Blend: AUG-CC-PVDZ
    Number of shells: 19
    Number of basis function: 41
    Number of Cartesian functions: 43
    Spherical Harmonics?: true
    Max angular momentum: 2

  ==> DFJKGrad: Density-Fitted SCF Gradients <==

    Gradient:                    1
    J tasked:                  Yes
    K tasked:                  Yes
    wK tasked:                  No
    OpenMP threads:             10
    Integrals threads:          10
    Memory [MiB]:             5722
    Schwarz Cutoff:          0E+00
    Fitting Condition:       1E-10

   => Auxiliary Basis Set <=

  Basis Set: (AUG-CC-PVDZ AUX)
    Blend: AUG-CC-PVDZ-JKFIT
    Number of shells: 52
    Number of basis function: 150
    Number of Cartesian functions: 171
    Spherical Harmonics?: true
    Max angular momentum: 3


  -Total Gradient:
     Atom            X                  Y                   Z
    ------   -----------------  -----------------  -----------------
       1       -0.000000000000     0.000000000000    -0.011300235730
       2        0.000000000000    -0.000077290592     0.005650117865
       3       -0.000000000000     0.000077290592     0.005650117865


*** tstop() called on wanukaka at Thu Apr 14 12:38:29 2022
Module time:
	user time   =       3.68 seconds =       0.06 minutes
	system time =       0.16 seconds =       0.00 minutes
	total time  =          1 seconds =       0.02 minutes
Total time:
	user time   =     485.21 seconds =       8.09 minutes
	system time =      17.88 seconds =       0.30 minutes
	total time  =         53 seconds =       0.88 minutes

			-----------------------------------------
			 OPTKING 2.0: for geometry optimizations 
			  - R.A. King,  Bethel University        
			-----------------------------------------

	Previous internal coordinate definitions found.
	---Fragment 1 Geometry and Gradient---
	 O           0.0000000000        0.0000000000       -0.1244492954
	 H           0.0000000000       -1.4042169326        0.9875503141
	 H           0.0000000000        1.4042169326        0.9875503141
	            -0.0000000000        0.0000000000       -0.0113002357
	             0.0000000000       -0.0000772906        0.0056501179
	            -0.0000000000        0.0000772906        0.0056501179

	---Fragment 1 Intrafragment Coordinates---
	 - Coordinate -           - BOHR/RAD -       - ANG/DEG -
	 R(1,2)           =         1.791192	       0.947858
	 R(1,3)           =         1.791192	       0.947858
	 B(2,1,3)         =         1.802028	     103.248583

	Current energy   :       -76.0416121605

	Energy change for the previous step:
		Projected    :        -0.0704552982
		Actual       :        -0.0309381093

	Performing BFGS update.
	Previous computed or guess Hessian on step 1.
	Steps to be used in Hessian update: 1
	Taking RFO optimization step.
	Going to follow RFO solution 1.
	Using RFO vector 1.
	Norm of target step-size    0.05261
	Projected energy change by RFO approximation:        -0.0005369918

	Back-transformation to cartesian coordinates...
	Successfully converged to displaced geometry.

	--- Internal Coordinate Step in ANG or DEG, aJ/ANG or AJ/DEG ---
	 ---------------------------------------------------------------------------
	   Coordinate                Previous        Force       Change         New 
	   ----------                --------       ------       ------       ------
	    1 R(1,2)          =      0.947858    -0.029398    -0.006320     0.941538
	    2 R(1,3)          =      0.947858    -0.029398    -0.006320     0.941538
	    3 B(2,1,3)        =    103.248583     0.000597     2.854591   106.103175
	 ---------------------------------------------------------------------------
	Successfully symmetrized geometry.

  ==> Convergence Check <==

  Measures of convergence in internal coordinates in au.
  Criteria marked as inactive (o), active & met (*), and active & unmet ( ).
  ---------------------------------------------------------------------------------------------
   Step     Total Energy     Delta E     MAX Force     RMS Force      MAX Disp      RMS Disp   
  ---------------------------------------------------------------------------------------------
    Convergence Criteria    1.00e-06 *    3.00e-04 *             o    1.20e-03 *             o
  ---------------------------------------------------------------------------------------------
      2     -76.04161216   -3.09e-02      7.85e-03      5.39e-03 o    4.98e-02      3.04e-02 o  ~
  ---------------------------------------------------------------------------------------------

	Writing optimization data to binary file.
	Structure for next step:
	Cartesian Geometry (in Angstrom)
	    O     0.0000000000   0.0000000000  -0.0508619679
	    H     0.0000000000  -0.7524552214   0.5150922371
	    H     0.0000000000   0.7524552214   0.5150922371
			--------------------------
			 OPTKING Finished Execution 
			--------------------------

    Structure for next step:
    Molecular point group: c2v
    Full point group: C2v

    Geometry (in Angstrom), charge = 0, multiplicity = 1:

    O       
    H             1    0.941538
    H             1    0.941538      2  106.103175

gradient() will perform analytic gradient computation.

*** tstart() called on wanukaka
*** at Thu Apr 14 12:38:29 2022

   => Loading Basis Set <=

    Name: AUG-CC-PVDZ
    Role: ORBITAL
    Keyword: BASIS
    atoms 1   entry O          line   250 file /home/sulstice/software/miniconda2/envs/qmpython2/share/psi4/basis/aug-cc-pvdz.gbs 
    atoms 2-3 entry H          line    36 file /home/sulstice/software/miniconda2/envs/qmpython2/share/psi4/basis/aug-cc-pvdz.gbs 


         ---------------------------------------------------------
                                   SCF
               by Justin Turney, Rob Parrish, Andy Simmonett
                          and Daniel G. A. Smith
                              RHF Reference
                       10 Threads,   7629 MiB Core
         ---------------------------------------------------------

  ==> Geometry <==

    Molecular point group: c2v
    Full point group: C2v

    Geometry (in Angstrom), charge = 0, multiplicity = 1:

       Center              X                  Y                   Z               Mass       
    ------------   -----------------  -----------------  -----------------  -----------------
         O            0.000000000000     0.000000000000    -0.063338693391    15.994914619570
         H            0.000000000000    -0.752455224334     0.502615513855     1.007825032230
         H            0.000000000000     0.752455224334     0.502615513855     1.007825032230

  Running in c2v symmetry.

  Rotational constants: A =     29.40114  B =     14.77134  C =      9.83179 [cm^-1]
  Rotational constants: A = 881424.01765  B = 442833.77668  C = 294749.50290 [MHz]
  Nuclear repulsion =    9.344195939047413

  Charge       = 0
  Multiplicity = 1
  Electrons    = 10
  Nalpha       = 5
  Nbeta        = 5

  ==> Algorithm <==

  SCF Algorithm Type is DF.
  DIIS enabled.
  MOM disabled.
  Fractional occupation disabled.
  Guess Type is READ.
  Energy threshold   = 1.00e-08
  Density threshold  = 1.00e-08
  Integral threshold = 0.00e+00

  ==> Primary Basis <==

  Basis Set: AUG-CC-PVDZ
    Blend: AUG-CC-PVDZ
    Number of shells: 19
    Number of basis function: 41
    Number of Cartesian functions: 43
    Spherical Harmonics?: true
    Max angular momentum: 2

   => Loading Basis Set <=

    Name: (AUG-CC-PVDZ AUX)
    Role: JKFIT
    Keyword: DF_BASIS_SCF
    atoms 1   entry O          line   270 file /home/sulstice/software/miniconda2/envs/qmpython2/share/psi4/basis/aug-cc-pvdz-jkfit.gbs 
    atoms 2-3 entry H          line    70 file /home/sulstice/software/miniconda2/envs/qmpython2/share/psi4/basis/aug-cc-pvdz-jkfit.gbs 

   => Loading Basis Set <=

    Name: AUG-CC-PVDZ
    Role: ORBITAL
    Keyword: BASIS
    atoms 1   entry O          line   250 file /home/sulstice/software/miniconda2/envs/qmpython2/share/psi4/basis/aug-cc-pvdz.gbs 
    atoms 2-3 entry H          line    36 file /home/sulstice/software/miniconda2/envs/qmpython2/share/psi4/basis/aug-cc-pvdz.gbs 

  Reading orbitals from file 180, no projection.

  ==> Pre-Iterations <==

   -------------------------------------------------------
    Irrep   Nso     Nmo     Nalpha   Nbeta   Ndocc  Nsocc
   -------------------------------------------------------
     A1        18      18       0       0       0       0
     A2         4       4       0       0       0       0
     B1         7       7       0       0       0       0
     B2        12      12       0       0       0       0
   -------------------------------------------------------
    Total      41      41       5       5       5       0
   -------------------------------------------------------

  ==> Integral Setup <==

  DFHelper Memory: AOs need 0.002 GiB; user supplied 5.588 GiB. Using in-core AOs.

  ==> MemDFJK: Density-Fitted J/K Matrices <==

    J tasked:                   Yes
    K tasked:                   Yes
    wK tasked:                   No
    OpenMP threads:              10
    Memory [MiB]:              5722
    Algorithm:                 Core
    Schwarz Cutoff:           1E-12
    Mask sparsity (%):       0.0000
    Fitting Condition:        1E-10

   => Auxiliary Basis Set <=

  Basis Set: (AUG-CC-PVDZ AUX)
    Blend: AUG-CC-PVDZ-JKFIT
    Number of shells: 52
    Number of basis function: 150
    Number of Cartesian functions: 171
    Spherical Harmonics?: true
    Max angular momentum: 3

  Minimum eigenvalue in the overlap matrix is 2.5527343178E-03.
  Using Symmetric Orthogonalization.

  SCF Guess: Orbitals guess was supplied from a previous computation.

  ==> Iterations <==

                           Total Energy        Delta E     RMS |[F,P]|

   @DF-RHF iter   0:   -76.05321185715877   -7.60532e+01   1.46390e-03 
   @DF-RHF iter   1:   -76.04179654165704    1.14153e-02   2.02175e-04 DIIS
   @DF-RHF iter   2:   -76.04181089389546   -1.43522e-05   9.92783e-05 DIIS
   @DF-RHF iter   3:   -76.04181324596807   -2.35207e-06   3.38251e-05 DIIS
   @DF-RHF iter   4:   -76.04181384497943   -5.99011e-07   6.95325e-06 DIIS
   @DF-RHF iter   5:   -76.04181388582536   -4.08459e-08   1.58436e-06 DIIS
   @DF-RHF iter   6:   -76.04181388779553   -1.97016e-09   2.54343e-07 DIIS
   @DF-RHF iter   7:   -76.04181388784066   -4.51337e-11   4.50326e-08 DIIS
   @DF-RHF iter   8:   -76.04181388784220   -1.53477e-12   7.38919e-09 DIIS
  Energy and wave function converged.


  ==> Post-Iterations <==

    Orbital Energies [Eh]
    ---------------------

    Doubly Occupied:                                                      

       1A1   -20.573864     2A1    -1.363761     1B2    -0.731208  
       3A1    -0.585480     1B1    -0.510331  

    Virtual:                                                              

       4A1     0.035852     2B2     0.057901     5A1     0.173784  
       2B1     0.195700     6A1     0.223565     3B2     0.230496  
       4B2     0.296196     7A1     0.331282     1A2     0.386099  
       8A1     0.409610     3B1     0.438654     5B2     0.540037  
       9A1     0.653107     6B2     0.658243     7B2     0.824306  
      10A1     0.929845     4B1     1.097541    11A1     1.111902  
       2A2     1.150490    12A1     1.322499     8B2     1.474410  
       5B1     1.490056    13A1     1.587745     9B2     2.012831  
       3A2     2.026262     6B1     2.115383    14A1     2.394107  
      10B2     2.509164    15A1     2.659603    11B2     2.727948  
      16A1     2.958665     7B1     3.673151    17A1     3.692863  
       4A2     3.708062    18A1     4.060421    12B2     4.339551  

    Final Occupation by Irrep:
             A1    A2    B1    B2 
    DOCC [     3,    0,    1,    1 ]

  @DF-RHF Final Energy:   -76.04181388784220

   => Energetics <=

    Nuclear Repulsion Energy =              9.3441959390474132
    One-Electron Energy =                -123.2427295426012677
    Two-Electron Energy =                  37.8567197157116766
    Total Energy =                        -76.0418138878421814

Computation Completed


Properties will be evaluated at   0.000000,   0.000000,   0.000000 [a0]

Properties computed using the SCF density matrix

  Nuclear Dipole Moment: [e a0]
     X:     0.0000      Y:    -0.0000      Z:     0.9421

  Electronic Dipole Moment: [e a0]
     X:     0.0000      Y:     0.0000      Z:    -0.1709

  Dipole Moment: [e a0]
     X:     0.0000      Y:    -0.0000      Z:     0.7712     Total:     0.7712

  Dipole Moment: [D]
     X:     0.0000      Y:    -0.0000      Z:     1.9602     Total:     1.9602


*** tstop() called on wanukaka at Thu Apr 14 12:38:29 2022
Module time:
	user time   =       2.93 seconds =       0.05 minutes
	system time =       0.15 seconds =       0.00 minutes
	total time  =          0 seconds =       0.00 minutes
Total time:
	user time   =     488.22 seconds =       8.14 minutes
	system time =      18.04 seconds =       0.30 minutes
	total time  =         53 seconds =       0.88 minutes

*** tstart() called on wanukaka
*** at Thu Apr 14 12:38:29 2022


         ------------------------------------------------------------
                                   SCF GRAD                          
                          Rob Parrish, Justin Turney,                
                       Andy Simmonett, and Alex Sokolov              
         ------------------------------------------------------------

  ==> Geometry <==

    Molecular point group: c2v
    Full point group: C2v

    Geometry (in Angstrom), charge = 0, multiplicity = 1:

       Center              X                  Y                   Z               Mass       
    ------------   -----------------  -----------------  -----------------  -----------------
         O            0.000000000000     0.000000000000    -0.063338693391    15.994914619570
         H            0.000000000000    -0.752455224334     0.502615513855     1.007825032230
         H            0.000000000000     0.752455224334     0.502615513855     1.007825032230

  Nuclear repulsion =    9.344195939047413

  ==> Basis Set <==

  Basis Set: AUG-CC-PVDZ
    Blend: AUG-CC-PVDZ
    Number of shells: 19
    Number of basis function: 41
    Number of Cartesian functions: 43
    Spherical Harmonics?: true
    Max angular momentum: 2

  ==> DFJKGrad: Density-Fitted SCF Gradients <==

    Gradient:                    1
    J tasked:                  Yes
    K tasked:                  Yes
    wK tasked:                  No
    OpenMP threads:             10
    Integrals threads:          10
    Memory [MiB]:             5722
    Schwarz Cutoff:          0E+00
    Fitting Condition:       1E-10

   => Auxiliary Basis Set <=

  Basis Set: (AUG-CC-PVDZ AUX)
    Blend: AUG-CC-PVDZ-JKFIT
    Number of shells: 52
    Number of basis function: 150
    Number of Cartesian functions: 171
    Spherical Harmonics?: true
    Max angular momentum: 3


  -Total Gradient:
     Atom            X                  Y                   Z
    ------   -----------------  -----------------  -----------------
       1       -0.000000000000     0.000000000000     0.003135210337
       2       -0.000000000000     0.001817803325    -0.001567605168
       3        0.000000000000    -0.001817803325    -0.001567605168


*** tstop() called on wanukaka at Thu Apr 14 12:38:29 2022
Module time:
	user time   =       3.78 seconds =       0.06 minutes
	system time =       0.18 seconds =       0.00 minutes
	total time  =          0 seconds =       0.00 minutes
Total time:
	user time   =     492.02 seconds =       8.20 minutes
	system time =      18.22 seconds =       0.30 minutes
	total time  =         53 seconds =       0.88 minutes

			-----------------------------------------
			 OPTKING 2.0: for geometry optimizations 
			  - R.A. King,  Bethel University        
			-----------------------------------------

	Previous internal coordinate definitions found.
	---Fragment 1 Geometry and Gradient---
	 O           0.0000000000        0.0000000000       -0.1196927837
	 H           0.0000000000       -1.4219342957        0.9498056676
	 H           0.0000000000        1.4219342957        0.9498056676
	            -0.0000000000        0.0000000000        0.0031352103
	            -0.0000000000        0.0018178033       -0.0015676052
	             0.0000000000       -0.0018178033       -0.0015676052

	---Fragment 1 Intrafragment Coordinates---
	 - Coordinate -           - BOHR/RAD -       - ANG/DEG -
	 R(1,2)           =         1.779248	       0.941538
	 R(1,3)           =         1.779248	       0.941538
	 B(2,1,3)         =         1.851850	     106.103175

	Current energy   :       -76.0418138878

	Energy change for the previous step:
		Projected    :        -0.0005369918
		Actual       :        -0.0002017274

	Performing BFGS update.
	Previous computed or guess Hessian on step 1.
	Steps to be used in Hessian update: 2 1
	Taking RFO optimization step.
	Going to follow RFO solution 1.
	Using RFO vector 1.
	Norm of target step-size    0.00935
	Projected energy change by RFO approximation:        -0.0000303495

	Back-transformation to cartesian coordinates...
	Successfully converged to displaced geometry.

	--- Internal Coordinate Step in ANG or DEG, aJ/ANG or AJ/DEG ---
	 ---------------------------------------------------------------------------
	   Coordinate                Previous        Force       Change         New 
	   ----------                --------       ------       ------       ------
	    1 R(1,2)          =      0.941538     0.019732     0.003260     0.944797
	    2 R(1,3)          =      0.941538     0.019732     0.003260     0.944797
	    3 B(2,1,3)        =    106.103175    -0.000022    -0.194074   105.909101
	 ---------------------------------------------------------------------------
	Successfully symmetrized geometry.

  ==> Convergence Check <==

  Measures of convergence in internal coordinates in au.
  Criteria marked as inactive (o), active & met (*), and active & unmet ( ).
  ---------------------------------------------------------------------------------------------
   Step     Total Energy     Delta E     MAX Force     RMS Force      MAX Disp      RMS Disp   
  ---------------------------------------------------------------------------------------------
    Convergence Criteria    1.00e-06 *    3.00e-04 *             o    1.20e-03 *             o
  ---------------------------------------------------------------------------------------------
      3     -76.04181389   -2.02e-04      2.40e-03      1.96e-03 o    6.16e-03      5.40e-03 o  ~
  ---------------------------------------------------------------------------------------------

	Writing optimization data to binary file.
	Structure for next step:
	Cartesian Geometry (in Angstrom)
	    O     0.0000000000   0.0000000000  -0.0654969771
	    H     0.0000000000  -0.7540974795   0.5036946538
	    H     0.0000000000   0.7540974795   0.5036946538
			--------------------------
			 OPTKING Finished Execution 
			--------------------------

    Structure for next step:
    Molecular point group: c2v
    Full point group: C2v

    Geometry (in Angstrom), charge = 0, multiplicity = 1:

    O       
    H             1    0.944797
    H             1    0.944797      2  105.909101

gradient() will perform analytic gradient computation.

*** tstart() called on wanukaka
*** at Thu Apr 14 12:38:29 2022

   => Loading Basis Set <=

    Name: AUG-CC-PVDZ
    Role: ORBITAL
    Keyword: BASIS
    atoms 1   entry O          line   250 file /home/sulstice/software/miniconda2/envs/qmpython2/share/psi4/basis/aug-cc-pvdz.gbs 
    atoms 2-3 entry H          line    36 file /home/sulstice/software/miniconda2/envs/qmpython2/share/psi4/basis/aug-cc-pvdz.gbs 


         ---------------------------------------------------------
                                   SCF
               by Justin Turney, Rob Parrish, Andy Simmonett
                          and Daniel G. A. Smith
                              RHF Reference
                       10 Threads,   7629 MiB Core
         ---------------------------------------------------------

  ==> Geometry <==

    Molecular point group: c2v
    Full point group: C2v

    Geometry (in Angstrom), charge = 0, multiplicity = 1:

       Center              X                  Y                   Z               Mass       
    ------------   -----------------  -----------------  -----------------  -----------------
         O            0.000000000000     0.000000000000    -0.063701009498    15.994914619570
         H            0.000000000000    -0.754097482510     0.505490623628     1.007825032230
         H            0.000000000000     0.754097482510     0.505490623628     1.007825032230

  Running in c2v symmetry.

  Rotational constants: A =     29.06764  B =     14.70708  C =      9.76591 [cm^-1]
  Rotational constants: A = 871425.87425  B = 440907.08812  C = 292774.66599 [MHz]
  Nuclear repulsion =    9.312403326667541

  Charge       = 0
  Multiplicity = 1
  Electrons    = 10
  Nalpha       = 5
  Nbeta        = 5

  ==> Algorithm <==

  SCF Algorithm Type is DF.
  DIIS enabled.
  MOM disabled.
  Fractional occupation disabled.
  Guess Type is READ.
  Energy threshold   = 1.00e-08
  Density threshold  = 1.00e-08
  Integral threshold = 0.00e+00

  ==> Primary Basis <==

  Basis Set: AUG-CC-PVDZ
    Blend: AUG-CC-PVDZ
    Number of shells: 19
    Number of basis function: 41
    Number of Cartesian functions: 43
    Spherical Harmonics?: true
    Max angular momentum: 2

   => Loading Basis Set <=

    Name: (AUG-CC-PVDZ AUX)
    Role: JKFIT
    Keyword: DF_BASIS_SCF
    atoms 1   entry O          line   270 file /home/sulstice/software/miniconda2/envs/qmpython2/share/psi4/basis/aug-cc-pvdz-jkfit.gbs 
    atoms 2-3 entry H          line    70 file /home/sulstice/software/miniconda2/envs/qmpython2/share/psi4/basis/aug-cc-pvdz-jkfit.gbs 

   => Loading Basis Set <=

    Name: AUG-CC-PVDZ
    Role: ORBITAL
    Keyword: BASIS
    atoms 1   entry O          line   250 file /home/sulstice/software/miniconda2/envs/qmpython2/share/psi4/basis/aug-cc-pvdz.gbs 
    atoms 2-3 entry H          line    36 file /home/sulstice/software/miniconda2/envs/qmpython2/share/psi4/basis/aug-cc-pvdz.gbs 

  Reading orbitals from file 180, no projection.

  ==> Pre-Iterations <==

   -------------------------------------------------------
    Irrep   Nso     Nmo     Nalpha   Nbeta   Ndocc  Nsocc
   -------------------------------------------------------
     A1        18      18       0       0       0       0
     A2         4       4       0       0       0       0
     B1         7       7       0       0       0       0
     B2        12      12       0       0       0       0
   -------------------------------------------------------
    Total      41      41       5       5       5       0
   -------------------------------------------------------

  ==> Integral Setup <==

  DFHelper Memory: AOs need 0.002 GiB; user supplied 5.588 GiB. Using in-core AOs.

  ==> MemDFJK: Density-Fitted J/K Matrices <==

    J tasked:                   Yes
    K tasked:                   Yes
    wK tasked:                   No
    OpenMP threads:              10
    Memory [MiB]:              5722
    Algorithm:                 Core
    Schwarz Cutoff:           1E-12
    Mask sparsity (%):       0.0000
    Fitting Condition:        1E-10

   => Auxiliary Basis Set <=

  Basis Set: (AUG-CC-PVDZ AUX)
    Blend: AUG-CC-PVDZ-JKFIT
    Number of shells: 52
    Number of basis function: 150
    Number of Cartesian functions: 171
    Spherical Harmonics?: true
    Max angular momentum: 3

  Minimum eigenvalue in the overlap matrix is 2.5804073242E-03.
  Using Symmetric Orthogonalization.

  SCF Guess: Orbitals guess was supplied from a previous computation.

  ==> Iterations <==

                           Total Energy        Delta E     RMS |[F,P]|

   @DF-RHF iter   0:   -76.03656574222879   -7.60366e+01   5.73773e-04 
   @DF-RHF iter   1:   -76.04181856045231   -5.25282e-03   8.85976e-05 DIIS
   @DF-RHF iter   2:   -76.04182017585192   -1.61540e-06   5.27385e-05 DIIS
   @DF-RHF iter   3:   -76.04182066887326   -4.93021e-07   6.80282e-06 DIIS
   @DF-RHF iter   4:   -76.04182069475196   -2.58787e-08   2.20422e-06 DIIS
   @DF-RHF iter   5:   -76.04182069788619   -3.13423e-09   5.35451e-07 DIIS
   @DF-RHF iter   6:   -76.04182069813963   -2.53436e-10   8.71740e-08 DIIS
   @DF-RHF iter   7:   -76.04182069814505   -5.41434e-12   9.30621e-09 DIIS
  Energy and wave function converged.


  ==> Post-Iterations <==

    Orbital Energies [Eh]
    ---------------------

    Doubly Occupied:                                                      

       1A1   -20.574512     2A1    -1.362161     1B2    -0.728978  
       3A1    -0.585247     1B1    -0.510099  

    Virtual:                                                              

       4A1     0.035784     2B2     0.057902     5A1     0.173848  
       2B1     0.195890     6A1     0.223371     3B2     0.230659  
       4B2     0.295167     7A1     0.331107     1A2     0.385963  
       8A1     0.408739     3B1     0.437858     5B2     0.539745  
       9A1     0.652230     6B2     0.658249     7B2     0.822010  
      10A1     0.929367     4B1     1.098133    11A1     1.112429  
       2A2     1.150185    12A1     1.320180     8B2     1.473093  
       5B1     1.488823    13A1     1.586786     9B2     2.010687  
       3A2     2.023714     6B1     2.113761    14A1     2.390451  
      10B2     2.503639    15A1     2.653068    11B2     2.725566  
      16A1     2.958995     7B1     3.673141    17A1     3.692302  
       4A2     3.707164    18A1     4.054387    12B2     4.332921  

    Final Occupation by Irrep:
             A1    A2    B1    B2 
    DOCC [     3,    0,    1,    1 ]

  @DF-RHF Final Energy:   -76.04182069814505

   => Energetics <=

    Nuclear Repulsion Energy =              9.3124033266675408
    One-Electron Energy =                -123.1864548172097642
    Two-Electron Energy =                  37.8322307923971977
    Total Energy =                        -76.0418206981450311

Computation Completed


Properties will be evaluated at   0.000000,   0.000000,   0.000000 [a0]

Properties computed using the SCF density matrix

  Nuclear Dipole Moment: [e a0]
     X:     0.0000      Y:     0.0000      Z:     0.9475

  Electronic Dipole Moment: [e a0]
     X:     0.0000      Y:     0.0000      Z:    -0.1740

  Dipole Moment: [e a0]
     X:     0.0000      Y:     0.0000      Z:     0.7735     Total:     0.7735

  Dipole Moment: [D]
     X:     0.0000      Y:     0.0000      Z:     1.9660     Total:     1.9660


*** tstop() called on wanukaka at Thu Apr 14 12:38:30 2022
Module time:
	user time   =       2.97 seconds =       0.05 minutes
	system time =       0.13 seconds =       0.00 minutes
	total time  =          1 seconds =       0.02 minutes
Total time:
	user time   =     495.08 seconds =       8.25 minutes
	system time =      18.36 seconds =       0.31 minutes
	total time  =         54 seconds =       0.90 minutes

*** tstart() called on wanukaka
*** at Thu Apr 14 12:38:30 2022


         ------------------------------------------------------------
                                   SCF GRAD                          
                          Rob Parrish, Justin Turney,                
                       Andy Simmonett, and Alex Sokolov              
         ------------------------------------------------------------

  ==> Geometry <==

    Molecular point group: c2v
    Full point group: C2v

    Geometry (in Angstrom), charge = 0, multiplicity = 1:

       Center              X                  Y                   Z               Mass       
    ------------   -----------------  -----------------  -----------------  -----------------
         O            0.000000000000     0.000000000000    -0.063701009498    15.994914619570
         H            0.000000000000    -0.754097482510     0.505490623628     1.007825032230
         H            0.000000000000     0.754097482510     0.505490623628     1.007825032230

  Nuclear repulsion =    9.312403326667541

  ==> Basis Set <==

  Basis Set: AUG-CC-PVDZ
    Blend: AUG-CC-PVDZ
    Number of shells: 19
    Number of basis function: 41
    Number of Cartesian functions: 43
    Spherical Harmonics?: true
    Max angular momentum: 2

  ==> DFJKGrad: Density-Fitted SCF Gradients <==

    Gradient:                    1
    J tasked:                  Yes
    K tasked:                  Yes
    wK tasked:                  No
    OpenMP threads:             10
    Integrals threads:          10
    Memory [MiB]:             5722
    Schwarz Cutoff:          0E+00
    Fitting Condition:       1E-10

   => Auxiliary Basis Set <=

  Basis Set: (AUG-CC-PVDZ AUX)
    Blend: AUG-CC-PVDZ-JKFIT
    Number of shells: 52
    Number of basis function: 150
    Number of Cartesian functions: 171
    Spherical Harmonics?: true
    Max angular momentum: 3


  -Total Gradient:
     Atom            X                  Y                   Z
    ------   -----------------  -----------------  -----------------
       1        0.000000000000     0.000000000000    -0.001605691263
       2        0.000000000000    -0.001105554950     0.000802845632
       3       -0.000000000000     0.001105554950     0.000802845632


*** tstop() called on wanukaka at Thu Apr 14 12:38:30 2022
Module time:
	user time   =       3.77 seconds =       0.06 minutes
	system time =       0.20 seconds =       0.00 minutes
	total time  =          0 seconds =       0.00 minutes
Total time:
	user time   =     498.86 seconds =       8.31 minutes
	system time =      18.56 seconds =       0.31 minutes
	total time  =         54 seconds =       0.90 minutes

			-----------------------------------------
			 OPTKING 2.0: for geometry optimizations 
			  - R.A. King,  Bethel University        
			-----------------------------------------

	Previous internal coordinate definitions found.
	---Fragment 1 Geometry and Gradient---
	 O           0.0000000000        0.0000000000       -0.1203774619
	 H           0.0000000000       -1.4250377138        0.9552388376
	 H           0.0000000000        1.4250377138        0.9552388376
	             0.0000000000        0.0000000000       -0.0016056913
	             0.0000000000       -0.0011055550        0.0008028456
	            -0.0000000000        0.0011055550        0.0008028456

	---Fragment 1 Intrafragment Coordinates---
	 - Coordinate -           - BOHR/RAD -       - ANG/DEG -
	 R(1,2)           =         1.785408	       0.944797
	 R(1,3)           =         1.785408	       0.944797
	 B(2,1,3)         =         1.848463	     105.909101

	Current energy   :       -76.0418206981

	Energy change for the previous step:
		Projected    :        -0.0000303495
		Actual       :        -0.0000068103
	Energy ratio indicates iffy step: Trust radius decreased to 1.250e-01.


	Performing BFGS update.
	Previous computed or guess Hessian on step 1.
	Steps to be used in Hessian update: 3 2
	Taking RFO optimization step.
	Going to follow RFO solution 1.
	Using RFO vector 1.
	Norm of target step-size    0.00320
	Projected energy change by RFO approximation:        -0.0000062118

	Back-transformation to cartesian coordinates...
	Successfully converged to displaced geometry.

	--- Internal Coordinate Step in ANG or DEG, aJ/ANG or AJ/DEG ---
	 ---------------------------------------------------------------------------
	   Coordinate                Previous        Force       Change         New 
	   ----------                --------       ------       ------       ------
	    1 R(1,2)          =      0.944797    -0.011255    -0.001185     0.943613
	    2 R(1,3)          =      0.944797    -0.011255    -0.001185     0.943613
	    3 B(2,1,3)        =    105.909101    -0.000003     0.027929   105.937030
	 ---------------------------------------------------------------------------
	Successfully symmetrized geometry.

  ==> Convergence Check <==

  Measures of convergence in internal coordinates in au.
  Criteria marked as inactive (o), active & met (*), and active & unmet ( ).
  ---------------------------------------------------------------------------------------------
   Step     Total Energy     Delta E     MAX Force     RMS Force      MAX Disp      RMS Disp   
  ---------------------------------------------------------------------------------------------
    Convergence Criteria    1.00e-06 *    3.00e-04 *             o    1.20e-03 *             o
  ---------------------------------------------------------------------------------------------
      4     -76.04182070   -6.81e-06      1.37e-03      1.12e-03 o    2.24e-03      1.85e-03 o  ~
  ---------------------------------------------------------------------------------------------

	Writing optimization data to binary file.
	Structure for next step:
	Cartesian Geometry (in Angstrom)
	    O     0.0000000000   0.0000000000  -0.0631027765
	    H     0.0000000000  -0.7532903730   0.5051915053
	    H     0.0000000000   0.7532903730   0.5051915053
			--------------------------
			 OPTKING Finished Execution 
			--------------------------

    Structure for next step:
    Molecular point group: c2v
    Full point group: C2v

    Geometry (in Angstrom), charge = 0, multiplicity = 1:

    O       
    H             1    0.943613
    H             1    0.943613      2  105.937030

gradient() will perform analytic gradient computation.

*** tstart() called on wanukaka
*** at Thu Apr 14 12:38:30 2022

   => Loading Basis Set <=

    Name: AUG-CC-PVDZ
    Role: ORBITAL
    Keyword: BASIS
    atoms 1   entry O          line   250 file /home/sulstice/software/miniconda2/envs/qmpython2/share/psi4/basis/aug-cc-pvdz.gbs 
    atoms 2-3 entry H          line    36 file /home/sulstice/software/miniconda2/envs/qmpython2/share/psi4/basis/aug-cc-pvdz.gbs 


         ---------------------------------------------------------
                                   SCF
               by Justin Turney, Rob Parrish, Andy Simmonett
                          and Daniel G. A. Smith
                              RHF Reference
                       10 Threads,   7629 MiB Core
         ---------------------------------------------------------

  ==> Geometry <==

    Molecular point group: c2v
    Full point group: C2v

    Geometry (in Angstrom), charge = 0, multiplicity = 1:

       Center              X                  Y                   Z               Mass       
    ------------   -----------------  -----------------  -----------------  -----------------
         O            0.000000000000     0.000000000000    -0.063600582785    15.994914619570
         H            0.000000000000    -0.753290376003     0.504693701219     1.007825032230
         H            0.000000000000     0.753290376003     0.504693701219     1.007825032230

  Running in c2v symmetry.

  Rotational constants: A =     29.15951  B =     14.73861  C =      9.79018 [cm^-1]
  Rotational constants: A = 874180.04807  B = 441852.40650  C = 293502.30430 [MHz]
  Nuclear repulsion =    9.324031145281005

  Charge       = 0
  Multiplicity = 1
  Electrons    = 10
  Nalpha       = 5
  Nbeta        = 5

  ==> Algorithm <==

  SCF Algorithm Type is DF.
  DIIS enabled.
  MOM disabled.
  Fractional occupation disabled.
  Guess Type is READ.
  Energy threshold   = 1.00e-08
  Density threshold  = 1.00e-08
  Integral threshold = 0.00e+00

  ==> Primary Basis <==

  Basis Set: AUG-CC-PVDZ
    Blend: AUG-CC-PVDZ
    Number of shells: 19
    Number of basis function: 41
    Number of Cartesian functions: 43
    Spherical Harmonics?: true
    Max angular momentum: 2

   => Loading Basis Set <=

    Name: (AUG-CC-PVDZ AUX)
    Role: JKFIT
    Keyword: DF_BASIS_SCF
    atoms 1   entry O          line   270 file /home/sulstice/software/miniconda2/envs/qmpython2/share/psi4/basis/aug-cc-pvdz-jkfit.gbs 
    atoms 2-3 entry H          line    70 file /home/sulstice/software/miniconda2/envs/qmpython2/share/psi4/basis/aug-cc-pvdz-jkfit.gbs 

   => Loading Basis Set <=

    Name: AUG-CC-PVDZ
    Role: ORBITAL
    Keyword: BASIS
    atoms 1   entry O          line   250 file /home/sulstice/software/miniconda2/envs/qmpython2/share/psi4/basis/aug-cc-pvdz.gbs 
    atoms 2-3 entry H          line    36 file /home/sulstice/software/miniconda2/envs/qmpython2/share/psi4/basis/aug-cc-pvdz.gbs 

  Reading orbitals from file 180, no projection.

  ==> Pre-Iterations <==

   -------------------------------------------------------
    Irrep   Nso     Nmo     Nalpha   Nbeta   Ndocc  Nsocc
   -------------------------------------------------------
     A1        18      18       0       0       0       0
     A2         4       4       0       0       0       0
     B1         7       7       0       0       0       0
     B2        12      12       0       0       0       0
   -------------------------------------------------------
    Total      41      41       5       5       5       0
   -------------------------------------------------------

  ==> Integral Setup <==

  DFHelper Memory: AOs need 0.002 GiB; user supplied 5.588 GiB. Using in-core AOs.

  ==> MemDFJK: Density-Fitted J/K Matrices <==

    J tasked:                   Yes
    K tasked:                   Yes
    wK tasked:                   No
    OpenMP threads:              10
    Memory [MiB]:              5722
    Algorithm:                 Core
    Schwarz Cutoff:           1E-12
    Mask sparsity (%):       0.0000
    Fitting Condition:        1E-10

   => Auxiliary Basis Set <=

  Basis Set: (AUG-CC-PVDZ AUX)
    Blend: AUG-CC-PVDZ-JKFIT
    Number of shells: 52
    Number of basis function: 150
    Number of Cartesian functions: 171
    Spherical Harmonics?: true
    Max angular momentum: 3

  Minimum eigenvalue in the overlap matrix is 2.5686469429E-03.
  Using Symmetric Orthogonalization.

  SCF Guess: Orbitals guess was supplied from a previous computation.

  ==> Iterations <==

                           Total Energy        Delta E     RMS |[F,P]|

   @DF-RHF iter   0:   -76.04371012244971   -7.60437e+01   2.05721e-04 
   @DF-RHF iter   1:   -76.04182344707560    1.88668e-03   3.24340e-05 DIIS
   @DF-RHF iter   2:   -76.04182365491009   -2.07834e-07   1.91260e-05 DIIS
   @DF-RHF iter   3:   -76.04182371918530   -6.42752e-08   2.26752e-06 DIIS
   @DF-RHF iter   4:   -76.04182372185106   -2.66576e-09   7.40706e-07 DIIS
   @DF-RHF iter   5:   -76.04182372217613   -3.25073e-10   1.72280e-07 DIIS
   @DF-RHF iter   6:   -76.04182372220268   -2.65459e-11   3.12048e-08 DIIS
   @DF-RHF iter   7:   -76.04182372220347   -7.95808e-13   3.00849e-09 DIIS
  Energy and wave function converged.


  ==> Post-Iterations <==

    Orbital Energies [Eh]
    ---------------------

    Doubly Occupied:                                                      

       1A1   -20.574296     2A1    -1.362773     1B2    -0.729703  
       3A1    -0.585416     1B1    -0.510195  

    Virtual:                                                              

       4A1     0.035805     2B2     0.057906     5A1     0.173820  
       2B1     0.195826     6A1     0.223448     3B2     0.230613  
       4B2     0.295517     7A1     0.331234     1A2     0.386036  
       8A1     0.408972     3B1     0.438083     5B2     0.539894  
       9A1     0.652536     6B2     0.658260     7B2     0.822726  
      10A1     0.929684     4B1     1.097965    11A1     1.112311  
       2A2     1.150294    12A1     1.320786     8B2     1.473509  
       5B1     1.489220    13A1     1.587176     9B2     2.011572  
       3A2     2.024511     6B1     2.114491    14A1     2.391327  
      10B2     2.505736    15A1     2.655521    11B2     2.726298  
      16A1     2.959236     7B1     3.673181    17A1     3.692572  
       4A2     3.707472    18A1     4.056241    12B2     4.335467  

    Final Occupation by Irrep:
             A1    A2    B1    B2 
    DOCC [     3,    0,    1,    1 ]

  @DF-RHF Final Energy:   -76.04182372220347

   => Energetics <=

    Nuclear Repulsion Energy =              9.3240311452810047
    One-Electron Energy =                -123.2069451918999334
    Two-Electron Energy =                  37.8410903244154682
    Total Energy =                        -76.0418237222034747

Computation Completed


Properties will be evaluated at   0.000000,   0.000000,   0.000000 [a0]

Properties computed using the SCF density matrix

  Nuclear Dipole Moment: [e a0]
     X:     0.0000      Y:     0.0000      Z:     0.9460

  Electronic Dipole Moment: [e a0]
     X:     0.0000      Y:     0.0000      Z:    -0.1730

  Dipole Moment: [e a0]
     X:     0.0000      Y:     0.0000      Z:     0.7729     Total:     0.7729

  Dipole Moment: [D]
     X:     0.0000      Y:     0.0000      Z:     1.9646     Total:     1.9646


*** tstop() called on wanukaka at Thu Apr 14 12:38:30 2022
Module time:
	user time   =       3.07 seconds =       0.05 minutes
	system time =       0.12 seconds =       0.00 minutes
	total time  =          0 seconds =       0.00 minutes
Total time:
	user time   =     502.01 seconds =       8.37 minutes
	system time =      18.68 seconds =       0.31 minutes
	total time  =         54 seconds =       0.90 minutes

*** tstart() called on wanukaka
*** at Thu Apr 14 12:38:30 2022


         ------------------------------------------------------------
                                   SCF GRAD                          
                          Rob Parrish, Justin Turney,                
                       Andy Simmonett, and Alex Sokolov              
         ------------------------------------------------------------

  ==> Geometry <==

    Molecular point group: c2v
    Full point group: C2v

    Geometry (in Angstrom), charge = 0, multiplicity = 1:

       Center              X                  Y                   Z               Mass       
    ------------   -----------------  -----------------  -----------------  -----------------
         O            0.000000000000     0.000000000000    -0.063600582785    15.994914619570
         H            0.000000000000    -0.753290376003     0.504693701219     1.007825032230
         H            0.000000000000     0.753290376003     0.504693701219     1.007825032230

  Nuclear repulsion =    9.324031145281005

  ==> Basis Set <==

  Basis Set: AUG-CC-PVDZ
    Blend: AUG-CC-PVDZ
    Number of shells: 19
    Number of basis function: 41
    Number of Cartesian functions: 43
    Spherical Harmonics?: true
    Max angular momentum: 2

  ==> DFJKGrad: Density-Fitted SCF Gradients <==

    Gradient:                    1
    J tasked:                  Yes
    K tasked:                  Yes
    wK tasked:                  No
    OpenMP threads:             10
    Integrals threads:          10
    Memory [MiB]:             5722
    Schwarz Cutoff:          0E+00
    Fitting Condition:       1E-10

   => Auxiliary Basis Set <=

  Basis Set: (AUG-CC-PVDZ AUX)
    Blend: AUG-CC-PVDZ-JKFIT
    Number of shells: 52
    Number of basis function: 150
    Number of Cartesian functions: 171
    Spherical Harmonics?: true
    Max angular momentum: 3


  -Total Gradient:
     Atom            X                  Y                   Z
    ------   -----------------  -----------------  -----------------
       1        0.000000000000     0.000000000000     0.000017618100
       2       -0.000000000000     0.000008359760    -0.000008809050
       3        0.000000000000    -0.000008359760    -0.000008809050


*** tstop() called on wanukaka at Thu Apr 14 12:38:31 2022
Module time:
	user time   =       3.78 seconds =       0.06 minutes
	system time =       0.20 seconds =       0.00 minutes
	total time  =          1 seconds =       0.02 minutes
Total time:
	user time   =     505.80 seconds =       8.43 minutes
	system time =      18.88 seconds =       0.31 minutes
	total time  =         55 seconds =       0.92 minutes

			-----------------------------------------
			 OPTKING 2.0: for geometry optimizations 
			  - R.A. King,  Bethel University        
			-----------------------------------------

	Previous internal coordinate definitions found.
	---Fragment 1 Geometry and Gradient---
	 O           0.0000000000        0.0000000000       -0.1201876829
	 H           0.0000000000       -1.4235125036        0.9537328725
	 H           0.0000000000        1.4235125036        0.9537328725
	             0.0000000000        0.0000000000        0.0000176181
	            -0.0000000000        0.0000083598       -0.0000088090
	             0.0000000000       -0.0000083598       -0.0000088090

	---Fragment 1 Intrafragment Coordinates---
	 - Coordinate -           - BOHR/RAD -       - ANG/DEG -
	 R(1,2)           =         1.783169	       0.943613
	 R(1,3)           =         1.783169	       0.943613
	 B(2,1,3)         =         1.848950	     105.937030

	Current energy   :       -76.0418237222

	Energy change for the previous step:
		Projected    :        -0.0000062118
		Actual       :        -0.0000030241

	Performing BFGS update.
	Previous computed or guess Hessian on step 1.
	Steps to be used in Hessian update: 4 3
	Taking RFO optimization step.
	Going to follow RFO solution 1.
	Using RFO vector 1.
	Norm of target step-size    0.00004
	Projected energy change by RFO approximation:        -0.0000000005

	Back-transformation to cartesian coordinates...
	Successfully converged to displaced geometry.

	--- Internal Coordinate Step in ANG or DEG, aJ/ANG or AJ/DEG ---
	 ---------------------------------------------------------------------------
	   Coordinate                Previous        Force       Change         New 
	   ----------                --------       ------       ------       ------
	    1 R(1,2)          =      0.943613     0.000099     0.000011     0.943623
	    2 R(1,3)          =      0.943613     0.000099     0.000011     0.943623
	    3 B(2,1,3)        =    105.937030    -0.000000    -0.001542   105.935488
	 ---------------------------------------------------------------------------
	Successfully symmetrized geometry.

  ==> Convergence Check <==

  Measures of convergence in internal coordinates in au.
  Criteria marked as inactive (o), active & met (*), and active & unmet ( ).
  ---------------------------------------------------------------------------------------------
   Step     Total Energy     Delta E     MAX Force     RMS Force      MAX Disp      RMS Disp   
  ---------------------------------------------------------------------------------------------
    Convergence Criteria    1.00e-06 *    3.00e-04 *             o    1.20e-03 *             o
  ---------------------------------------------------------------------------------------------
      5     -76.04182372   -3.02e-06      1.20e-05 *    9.99e-06 o    2.69e-05 *    2.27e-05 o  ~
  ---------------------------------------------------------------------------------------------


  **** Optimization is complete! (in 5 steps) ****

  ==> Optimization Summary <==

  Measures of convergence in internal coordinates in au.
  --------------------------------------------------------------------------------------------------------------- ~
   Step         Total Energy             Delta E       MAX Force       RMS Force        MAX Disp        RMS Disp  ~
  --------------------------------------------------------------------------------------------------------------- ~
      1     -76.010674051185    -76.010674051185      0.10302284      0.08460953      0.24971234      0.20834133  ~
      2     -76.041612160475     -0.030938109290      0.00784804      0.00538693      0.04982202      0.03037289  ~
      3     -76.041813887842     -0.000201727367      0.00239503      0.00196244      0.00616015      0.00539655  ~
      4     -76.041820698145     -0.000006810303      0.00136608      0.00111570      0.00223890      0.00184959  ~
      5     -76.041823722203     -0.000003024058      0.00001198      0.00000999      0.00002691      0.00002271  ~
  --------------------------------------------------------------------------------------------------------------- ~

	Writing optimization data to binary file.
	Final energy is    -76.0418237222035
	Final (previous) structure:
	Cartesian Geometry (in Angstrom)
	    O     0.0000000000   0.0000000000  -0.0636005825
	    H     0.0000000000  -0.7532903730   0.5046936992
	    H     0.0000000000   0.7532903730   0.5046936992
	Saving final (previous) structure.
			--------------------------
			 OPTKING Finished Execution 
			--------------------------

    Final optimized geometry and variables:
    Molecular point group: c2v
    Full point group: C2v

    Geometry (in Angstrom), charge = 0, multiplicity = 1:

    O       
    H             1    0.943613
    H             1    0.943613      2  105.937030

	Removing binary optimization data file.
	Cleaning optimization helper files.

*** tstart() called on wanukaka
*** at Thu Apr 14 12:38:31 2022

   => Loading Basis Set <=

    Name: AUG-CC-PVDZ
    Role: ORBITAL
    Keyword: BASIS
    atoms 1   entry O          line   250 file /home/sulstice/software/miniconda2/envs/qmpython2/share/psi4/basis/aug-cc-pvdz.gbs 
    atoms 2-3 entry H          line    36 file /home/sulstice/software/miniconda2/envs/qmpython2/share/psi4/basis/aug-cc-pvdz.gbs 


         ---------------------------------------------------------
                                   SCF
               by Justin Turney, Rob Parrish, Andy Simmonett
                          and Daniel G. A. Smith
                              RHF Reference
                       10 Threads,   7629 MiB Core
         ---------------------------------------------------------

  ==> Geometry <==

    Molecular point group: c2v
    Full point group: C2v

    Geometry (in Angstrom), charge = 0, multiplicity = 1:

       Center              X                  Y                   Z               Mass       
    ------------   -----------------  -----------------  -----------------  -----------------
         O            0.000000000000     0.000000000000    -0.063600582785    15.994914619570
         H            0.000000000000    -0.753290376003     0.504693701219     1.007825032230
         H            0.000000000000     0.753290376003     0.504693701219     1.007825032230

  Running in c2v symmetry.

  Rotational constants: A =     29.15951  B =     14.73861  C =      9.79018 [cm^-1]
  Rotational constants: A = 874180.04807  B = 441852.40650  C = 293502.30430 [MHz]
  Nuclear repulsion =    9.324031145281005

  Charge       = 0
  Multiplicity = 1
  Electrons    = 10
  Nalpha       = 5
  Nbeta        = 5

  ==> Algorithm <==

  SCF Algorithm Type is DF.
  DIIS enabled.
  MOM disabled.
  Fractional occupation disabled.
  Guess Type is SAD.
  Energy threshold   = 1.00e-06
  Density threshold  = 1.00e-06
  Integral threshold = 0.00e+00

  ==> Primary Basis <==

  Basis Set: AUG-CC-PVDZ
    Blend: AUG-CC-PVDZ
    Number of shells: 19
    Number of basis function: 41
    Number of Cartesian functions: 43
    Spherical Harmonics?: true
    Max angular momentum: 2

   => Loading Basis Set <=

    Name: (AUG-CC-PVDZ AUX)
    Role: JKFIT
    Keyword: DF_BASIS_SCF
    atoms 1   entry O          line   270 file /home/sulstice/software/miniconda2/envs/qmpython2/share/psi4/basis/aug-cc-pvdz-jkfit.gbs 
    atoms 2-3 entry H          line    70 file /home/sulstice/software/miniconda2/envs/qmpython2/share/psi4/basis/aug-cc-pvdz-jkfit.gbs 

  ==> Pre-Iterations <==

   -------------------------------------------------------
    Irrep   Nso     Nmo     Nalpha   Nbeta   Ndocc  Nsocc
   -------------------------------------------------------
     A1        18      18       0       0       0       0
     A2         4       4       0       0       0       0
     B1         7       7       0       0       0       0
     B2        12      12       0       0       0       0
   -------------------------------------------------------
    Total      41      41       5       5       5       0
   -------------------------------------------------------

  ==> Integral Setup <==

  DFHelper Memory: AOs need 0.002 GiB; user supplied 5.588 GiB. Using in-core AOs.

  ==> MemDFJK: Density-Fitted J/K Matrices <==

    J tasked:                   Yes
    K tasked:                   Yes
    wK tasked:                   No
    OpenMP threads:              10
    Memory [MiB]:              5722
    Algorithm:                 Core
    Schwarz Cutoff:           1E-12
    Mask sparsity (%):       0.0000
    Fitting Condition:        1E-10

   => Auxiliary Basis Set <=

  Basis Set: (AUG-CC-PVDZ AUX)
    Blend: AUG-CC-PVDZ-JKFIT
    Number of shells: 52
    Number of basis function: 150
    Number of Cartesian functions: 171
    Spherical Harmonics?: true
    Max angular momentum: 3

  Minimum eigenvalue in the overlap matrix is 2.5686469429E-03.
  Using Symmetric Orthogonalization.

  SCF Guess: Superposition of Atomic Densities via on-the-fly atomic UHF.

  ==> Iterations <==

                           Total Energy        Delta E     RMS |[F,P]|

   @DF-RHF iter SAD:   -75.48039231809048   -7.54804e+01   0.00000e+00 
   @DF-RHF iter   1:   -75.95837012764173   -4.77978e-01   1.96776e-02 DIIS
   @DF-RHF iter   2:   -76.01206223354644   -5.36921e-02   1.25911e-02 DIIS
   @DF-RHF iter   3:   -76.04144379472423   -2.93816e-02   9.07447e-04 DIIS
   @DF-RHF iter   4:   -76.04180374247753   -3.59948e-04   1.95641e-04 DIIS
   @DF-RHF iter   5:   -76.04182224480269   -1.85023e-05   4.31667e-05 DIIS
   @DF-RHF iter   6:   -76.04182365785269   -1.41305e-06   8.72120e-06 DIIS
   @DF-RHF iter   7:   -76.04182372042311   -6.25704e-08   1.50525e-06 DIIS
   @DF-RHF iter   8:   -76.04182372216742   -1.74431e-09   2.26840e-07 DIIS
  Energy and wave function converged.


  ==> Post-Iterations <==

    Orbital Energies [Eh]
    ---------------------

    Doubly Occupied:                                                      

       1A1   -20.574295     2A1    -1.362772     1B2    -0.729702  
       3A1    -0.585417     1B1    -0.510194  

    Virtual:                                                              

       4A1     0.035805     2B2     0.057906     5A1     0.173820  
       2B1     0.195826     6A1     0.223448     3B2     0.230613  
       4B2     0.295517     7A1     0.331234     1A2     0.386036  
       8A1     0.408972     3B1     0.438083     5B2     0.539894  
       9A1     0.652536     6B2     0.658260     7B2     0.822726  
      10A1     0.929684     4B1     1.097965    11A1     1.112311  
       2A2     1.150294    12A1     1.320786     8B2     1.473509  
       5B1     1.489220    13A1     1.587176     9B2     2.011572  
       3A2     2.024511     6B1     2.114491    14A1     2.391327  
      10B2     2.505736    15A1     2.655521    11B2     2.726299  
      16A1     2.959236     7B1     3.673181    17A1     3.692572  
       4A2     3.707472    18A1     4.056242    12B2     4.335468  

    Final Occupation by Irrep:
             A1    A2    B1    B2 
    DOCC [     3,    0,    1,    1 ]

  @DF-RHF Final Energy:   -76.04182372216742

   => Energetics <=

    Nuclear Repulsion Energy =              9.3240311452810047
    One-Electron Energy =                -123.2069505728880756
    Two-Electron Energy =                  37.8410957054396562
    Total Energy =                        -76.0418237221674218

Computation Completed


Properties will be evaluated at   0.000000,   0.000000,   0.000000 [a0]

Properties computed using the SCF density matrix

  Nuclear Dipole Moment: [e a0]
     X:     0.0000      Y:     0.0000      Z:     0.9460

  Electronic Dipole Moment: [e a0]
     X:     0.0000      Y:     0.0000      Z:    -0.1730

  Dipole Moment: [e a0]
     X:     0.0000      Y:     0.0000      Z:     0.7729     Total:     0.7729

  Dipole Moment: [D]
     X:     0.0000      Y:     0.0000      Z:     1.9646     Total:     1.9646


*** tstop() called on wanukaka at Thu Apr 14 12:38:31 2022
Module time:
	user time   =       4.91 seconds =       0.08 minutes
	system time =       0.28 seconds =       0.00 minutes
	total time  =          0 seconds =       0.00 minutes
Total time:
	user time   =     510.79 seconds =       8.51 minutes
	system time =      19.17 seconds =       0.32 minutes
	total time  =         55 seconds =       0.92 minutes
hessian() using ref_gradient to assess stationary point.

  Based on options and gradient (rms=8.20E-06), recommend projecting translations and projecting rotations.
hessian() will perform analytic frequency computation.

*** tstart() called on wanukaka
*** at Thu Apr 14 12:38:31 2022

   => Loading Basis Set <=

    Name: AUG-CC-PVDZ
    Role: ORBITAL
    Keyword: BASIS
    atoms 1   entry O          line   250 file /home/sulstice/software/miniconda2/envs/qmpython2/share/psi4/basis/aug-cc-pvdz.gbs 
    atoms 2-3 entry H          line    36 file /home/sulstice/software/miniconda2/envs/qmpython2/share/psi4/basis/aug-cc-pvdz.gbs 


         ---------------------------------------------------------
                                   SCF
               by Justin Turney, Rob Parrish, Andy Simmonett
                          and Daniel G. A. Smith
                              RHF Reference
                       10 Threads,   7629 MiB Core
         ---------------------------------------------------------

  ==> Geometry <==

    Molecular point group: c2v
    Full point group: C2v

    Geometry (in Angstrom), charge = 0, multiplicity = 1:

       Center              X                  Y                   Z               Mass       
    ------------   -----------------  -----------------  -----------------  -----------------
         O            0.000000000000     0.000000000000    -0.063600582785    15.994914619570
         H            0.000000000000    -0.753290376003     0.504693701219     1.007825032230
         H            0.000000000000     0.753290376003     0.504693701219     1.007825032230

  Running in c2v symmetry.

  Rotational constants: A =     29.15951  B =     14.73861  C =      9.79018 [cm^-1]
  Rotational constants: A = 874180.04807  B = 441852.40650  C = 293502.30430 [MHz]
  Nuclear repulsion =    9.324031145281005

  Charge       = 0
  Multiplicity = 1
  Electrons    = 10
  Nalpha       = 5
  Nbeta        = 5

  ==> Algorithm <==

  SCF Algorithm Type is DF.
  DIIS enabled.
  MOM disabled.
  Fractional occupation disabled.
  Guess Type is SAD.
  Energy threshold   = 1.00e-08
  Density threshold  = 1.00e-08
  Integral threshold = 0.00e+00

  ==> Primary Basis <==

  Basis Set: AUG-CC-PVDZ
    Blend: AUG-CC-PVDZ
    Number of shells: 19
    Number of basis function: 41
    Number of Cartesian functions: 43
    Spherical Harmonics?: true
    Max angular momentum: 2

   => Loading Basis Set <=

    Name: (AUG-CC-PVDZ AUX)
    Role: JKFIT
    Keyword: DF_BASIS_SCF
    atoms 1   entry O          line   270 file /home/sulstice/software/miniconda2/envs/qmpython2/share/psi4/basis/aug-cc-pvdz-jkfit.gbs 
    atoms 2-3 entry H          line    70 file /home/sulstice/software/miniconda2/envs/qmpython2/share/psi4/basis/aug-cc-pvdz-jkfit.gbs 

  ==> Pre-Iterations <==

   -------------------------------------------------------
    Irrep   Nso     Nmo     Nalpha   Nbeta   Ndocc  Nsocc
   -------------------------------------------------------
     A1        18      18       0       0       0       0
     A2         4       4       0       0       0       0
     B1         7       7       0       0       0       0
     B2        12      12       0       0       0       0
   -------------------------------------------------------
    Total      41      41       5       5       5       0
   -------------------------------------------------------

  ==> Integral Setup <==

  DFHelper Memory: AOs need 0.002 GiB; user supplied 5.588 GiB. Using in-core AOs.

  ==> MemDFJK: Density-Fitted J/K Matrices <==

    J tasked:                   Yes
    K tasked:                   Yes
    wK tasked:                   No
    OpenMP threads:              10
    Memory [MiB]:              5722
    Algorithm:                 Core
    Schwarz Cutoff:           1E-12
    Mask sparsity (%):       0.0000
    Fitting Condition:        1E-10

   => Auxiliary Basis Set <=

  Basis Set: (AUG-CC-PVDZ AUX)
    Blend: AUG-CC-PVDZ-JKFIT
    Number of shells: 52
    Number of basis function: 150
    Number of Cartesian functions: 171
    Spherical Harmonics?: true
    Max angular momentum: 3

  Minimum eigenvalue in the overlap matrix is 2.5686469429E-03.
  Using Symmetric Orthogonalization.

  SCF Guess: Superposition of Atomic Densities via on-the-fly atomic UHF.

  ==> Iterations <==

                           Total Energy        Delta E     RMS |[F,P]|

   @DF-RHF iter SAD:   -75.48039231809047   -7.54804e+01   0.00000e+00 
   @DF-RHF iter   1:   -75.95837012764167   -4.77978e-01   1.96776e-02 DIIS
   @DF-RHF iter   2:   -76.01206223354652   -5.36921e-02   1.25911e-02 DIIS
   @DF-RHF iter   3:   -76.04144379472416   -2.93816e-02   9.07447e-04 DIIS
   @DF-RHF iter   4:   -76.04180374247741   -3.59948e-04   1.95641e-04 DIIS
   @DF-RHF iter   5:   -76.04182224480266   -1.85023e-05   4.31667e-05 DIIS
   @DF-RHF iter   6:   -76.04182365785272   -1.41305e-06   8.72120e-06 DIIS
   @DF-RHF iter   7:   -76.04182372042310   -6.25704e-08   1.50525e-06 DIIS
   @DF-RHF iter   8:   -76.04182372216735   -1.74425e-09   2.26840e-07 DIIS
   @DF-RHF iter   9:   -76.04182372220131   -3.39639e-11   5.73680e-08 DIIS
   @DF-RHF iter  10:   -76.04182372220336   -2.04636e-12   7.70467e-09 DIIS
  Energy and wave function converged.


  ==> Post-Iterations <==

    Orbital Energies [Eh]
    ---------------------

    Doubly Occupied:                                                      

       1A1   -20.574296     2A1    -1.362773     1B2    -0.729703  
       3A1    -0.585416     1B1    -0.510195  

    Virtual:                                                              

       4A1     0.035805     2B2     0.057906     5A1     0.173820  
       2B1     0.195826     6A1     0.223448     3B2     0.230613  
       4B2     0.295517     7A1     0.331234     1A2     0.386036  
       8A1     0.408972     3B1     0.438083     5B2     0.539894  
       9A1     0.652536     6B2     0.658260     7B2     0.822726  
      10A1     0.929684     4B1     1.097965    11A1     1.112311  
       2A2     1.150294    12A1     1.320786     8B2     1.473509  
       5B1     1.489220    13A1     1.587176     9B2     2.011572  
       3A2     2.024511     6B1     2.114491    14A1     2.391327  
      10B2     2.505736    15A1     2.655521    11B2     2.726298  
      16A1     2.959236     7B1     3.673181    17A1     3.692572  
       4A2     3.707472    18A1     4.056241    12B2     4.335467  

    Final Occupation by Irrep:
             A1    A2    B1    B2 
    DOCC [     3,    0,    1,    1 ]

  @DF-RHF Final Energy:   -76.04182372220336

   => Energetics <=

    Nuclear Repulsion Energy =              9.3240311452810047
    One-Electron Energy =                -123.2069453658953364
    Two-Electron Energy =                  37.8410904984109777
    Total Energy =                        -76.0418237222033611

Computation Completed


Properties will be evaluated at   0.000000,   0.000000,   0.000000 [a0]

Properties computed using the SCF density matrix

  Nuclear Dipole Moment: [e a0]
     X:     0.0000      Y:     0.0000      Z:     0.9460

  Electronic Dipole Moment: [e a0]
     X:     0.0000      Y:     0.0000      Z:    -0.1730

  Dipole Moment: [e a0]
     X:     0.0000      Y:     0.0000      Z:     0.7729     Total:     0.7729

  Dipole Moment: [D]
     X:     0.0000      Y:     0.0000      Z:     1.9646     Total:     1.9646


*** tstop() called on wanukaka at Thu Apr 14 12:38:32 2022
Module time:
	user time   =       5.05 seconds =       0.08 minutes
	system time =       0.26 seconds =       0.00 minutes
	total time  =          1 seconds =       0.02 minutes
Total time:
	user time   =     515.93 seconds =       8.60 minutes
	system time =      19.43 seconds =       0.32 minutes
	total time  =         56 seconds =       0.93 minutes

*** tstart() called on wanukaka
*** at Thu Apr 14 12:38:32 2022


         ------------------------------------------------------------
                                   SCF HESS                          
                          Rob Parrish, Justin Turney,                
                       Andy Simmonett, and Alex Sokolov              
         ------------------------------------------------------------

  ==> Geometry <==

    Molecular point group: c2v
    Full point group: C2v

    Geometry (in Angstrom), charge = 0, multiplicity = 1:

       Center              X                  Y                   Z               Mass       
    ------------   -----------------  -----------------  -----------------  -----------------
         O            0.000000000000     0.000000000000    -0.063600582785    15.994914619570
         H            0.000000000000    -0.753290376003     0.504693701219     1.007825032230
         H            0.000000000000     0.753290376003     0.504693701219     1.007825032230

  Nuclear repulsion =    9.324031145281005

  ==> Basis Set <==

  Basis Set: AUG-CC-PVDZ
    Blend: AUG-CC-PVDZ
    Number of shells: 19
    Number of basis function: 41
    Number of Cartesian functions: 43
    Spherical Harmonics?: true
    Max angular momentum: 2

  ==> DFJKGrad: Density-Fitted SCF Gradients <==

    Gradient:                    2
    J tasked:                  Yes
    K tasked:                  Yes
    wK tasked:                  No
    OpenMP threads:             10
    Integrals threads:          10
    Memory [MiB]:             5722
    Schwarz Cutoff:          0E+00
    Fitting Condition:       1E-10

   => Auxiliary Basis Set <=

  Basis Set: (AUG-CC-PVDZ AUX)
    Blend: AUG-CC-PVDZ-JKFIT
    Number of shells: 52
    Number of basis function: 150
    Number of Cartesian functions: 171
    Spherical Harmonics?: true
    Max angular momentum: 3

  DFHelper Memory: AOs need 0.002 GiB; user supplied 6.706 GiB. Using in-core AOs.

  ==> MemDFJK: Density-Fitted J/K Matrices <==

    J tasked:                   Yes
    K tasked:                   Yes
    wK tasked:                   No
    OpenMP threads:              10
    Memory [MiB]:              6866
    Algorithm:                 Core
    Schwarz Cutoff:           1E-12
    Mask sparsity (%):       0.0000
    Fitting Condition:        1E-10

   => Auxiliary Basis Set <=

  Basis Set: (AUG-CC-PVDZ AUX)
    Blend: AUG-CC-PVDZ-JKFIT
    Number of shells: 52
    Number of basis function: 150
    Number of Cartesian functions: 171
    Spherical Harmonics?: true
    Max angular momentum: 3


         ------------------------------------------------------------
                                     CPHF                           
                                  Rob Parrish                       
         ------------------------------------------------------------

  ==> Geometry <==

    Molecular point group: c2v
    Full point group: C2v

    Geometry (in Angstrom), charge = 0, multiplicity = 1:

       Center              X                  Y                   Z               Mass       
    ------------   -----------------  -----------------  -----------------  -----------------
         O            0.000000000000     0.000000000000    -0.063600582785    15.994914619570
         H            0.000000000000    -0.753290376003     0.504693701219     1.007825032230
         H            0.000000000000     0.753290376003     0.504693701219     1.007825032230

  Nuclear repulsion =    9.324031145281005
  Reference energy  =  -76.041823722203361

  ==> Basis Set <==

  Basis Set: AUG-CC-PVDZ
    Blend: AUG-CC-PVDZ
    Number of shells: 19
    Number of basis function: 41
    Number of Cartesian functions: 43
    Spherical Harmonics?: true
    Max angular momentum: 2

  ==> CGRSolver (by Rob Parrish) <==

   Number of roots    =         9
   Preconditioning    =    JACOBI
   Convergence cutoff =     1E-06
   Maximum iterations =       100

  ==> CPHFRHamiltonian (by Rob Parrish) <== 

  ==> MemDFJK: Density-Fitted J/K Matrices <==

    J tasked:                   Yes
    K tasked:                   Yes
    wK tasked:                   No
    OpenMP threads:              10
    Memory [MiB]:              6866
    Algorithm:                 Core
    Schwarz Cutoff:           1E-12
    Mask sparsity (%):       0.0000
    Fitting Condition:        1E-10

   => Auxiliary Basis Set <=

  Basis Set: (AUG-CC-PVDZ AUX)
    Blend: AUG-CC-PVDZ-JKFIT
    Number of shells: 52
    Number of basis function: 150
    Number of Cartesian functions: 171
    Spherical Harmonics?: true
    Max angular momentum: 3

  ==> CPHF Iterations <==

  => Iterations <=

             Iter  Converged  Remaining    Residual
  CGR           1          0          9   9.308E-02
  CGR           2          0          9   1.854E-02
  CGR           3          0          9   5.551E-03
  CGR           4          0          9   9.887E-04
  CGR           5          0          9   1.456E-04
  CGR           6          0          9   3.062E-05
  CGR           7          1          8   5.803E-06
  CGR           8          7          2   1.000E-06
  CGR           9          9          0   1.599E-07

    CGRSolver converged.


*** tstop() called on wanukaka at Thu Apr 14 12:38:44 2022
Module time:
	user time   =     105.57 seconds =       1.76 minutes
	system time =       2.87 seconds =       0.05 minutes
	total time  =         12 seconds =       0.20 minutes
Total time:
	user time   =     621.52 seconds =      10.36 minutes
	system time =      22.30 seconds =       0.37 minutes
	total time  =         68 seconds =       1.13 minutes


  ==> Harmonic Vibrational Analysis <==

  non-mass-weighted Hessian:       Symmetric? True   Hermitian? True   Lin Dep Dim?  0 (0)
  projection of translations (True) and rotations (True) removed 6 degrees of freedom (6)
  total projector:                 Symmetric? True   Hermitian? True   Lin Dep Dim?  6 (6)
  mass-weighted Hessian:           Symmetric? True   Hermitian? True   Lin Dep Dim?  0 (0)
  pre-proj  low-frequency mode:    0.0000i [cm^-1]
  pre-proj  low-frequency mode:    0.0000i [cm^-1]
  pre-proj  low-frequency mode:    0.0000i [cm^-1]
  pre-proj  low-frequency mode:    0.0000i [cm^-1]
  pre-proj  low-frequency mode:    0.0000i [cm^-1]
  pre-proj  low-frequency mode:    0.0000i [cm^-1]
  pre-proj  all modes:['15.5633i' '13.5478i' '12.4058i' '0.0070i' '0.0065i' '0.0008i'
 '1744.6503' '4130.1792' '4237.6217']
  projected mass-weighted Hessian: Symmetric? True   Hermitian? True   Lin Dep Dim?  6 (6)
  post-proj low-frequency mode:    0.0001i [cm^-1] (TR)
  post-proj low-frequency mode:    0.0001i [cm^-1] (TR)
  post-proj low-frequency mode:    0.0001i [cm^-1] (TR)
  post-proj low-frequency mode:    0.0000i [cm^-1] (TR)
  post-proj low-frequency mode:    0.0000i [cm^-1] (TR)
  post-proj low-frequency mode:    0.0000  [cm^-1] (TR)
  post-proj  all modes:['0.0001i' '0.0001i' '0.0001i' '0.0000i' '0.0000i' '0.0000' '1744.6503'
 '4130.1792' '4237.6217']

  Vibration                       7                   8                   9           
  Freq [cm^-1]                1744.6503           4130.1792           4237.6217       
  Irrep                           A1                  A1                  B2          
  Reduced mass [u]              1.0825              1.0453              1.0833        
  Force const [mDyne/A]         1.9413             10.5061             11.4614        
  Turning point v=0 [a0]        0.2525              0.1670              0.1619        
  RMS dev v=0 [a0 u^1/2]        0.1858              0.1207              0.1192        
  IR activ [km/mol]            93.2147             14.3901             87.9422        
  Char temp [K]               2510.1633           5942.4083           6096.9941       
  ----------------------------------------------------------------------------------
      1   O               -0.00  0.00 -0.07   -0.00  0.00  0.05   -0.00 -0.07  0.00   
      2   H                0.00  0.43  0.56    0.00  0.58 -0.40    0.00  0.56 -0.42   
      3   H                0.00 -0.43  0.56   -0.00 -0.58 -0.40   -0.00  0.56  0.42   

  ==> Thermochemistry Components <==

  Entropy, S
    Electronic S            0.000 [cal/(mol K)]        0.000 [J/(mol K)]       0.00000000 [mEh/K] (multiplicity = 1)
    Translational S        34.608 [cal/(mol K)]      144.801 [J/(mol K)]       0.05515177 [mEh/K] (mol. weight = 18.0106 [u], P = 101325.00 [Pa])
    Rotational S           10.349 [cal/(mol K)]       43.298 [J/(mol K)]       0.01649150 [mEh/K] (symmetry no. = 2)
    Vibrational S           0.004 [cal/(mol K)]        0.017 [J/(mol K)]       0.00000658 [mEh/K]
  Total S                  44.961 [cal/(mol K)]      188.117 [J/(mol K)]       0.07164986 [mEh/K]
  Correction S              0.000 [cal/(mol K)]        0.000 [J/(mol K)]       0.00000000 [mEh/K]

  Constant volume heat capacity, Cv
    Electronic Cv           0.000 [cal/(mol K)]        0.000 [J/(mol K)]       0.00000000 [mEh/K]
    Translational Cv        2.981 [cal/(mol K)]       12.472 [J/(mol K)]       0.00475022 [mEh/K]
    Rotational Cv           2.981 [cal/(mol K)]       12.472 [J/(mol K)]       0.00475022 [mEh/K]
    Vibrational Cv          0.031 [cal/(mol K)]        0.130 [J/(mol K)]       0.00004955 [mEh/K]
  Total Cv                  5.993 [cal/(mol K)]       25.073 [J/(mol K)]       0.00954998 [mEh/K]
  Correction Cv             0.000 [cal/(mol K)]        0.000 [J/(mol K)]       0.00000000 [mEh/K]

  Constant pressure heat capacity, Cp
    Electronic Cp           0.000 [cal/(mol K)]        0.000 [J/(mol K)]       0.00000000 [mEh/K]
    Translational Cp        4.968 [cal/(mol K)]       20.786 [J/(mol K)]       0.00791703 [mEh/K]
    Rotational Cp           2.981 [cal/(mol K)]       12.472 [J/(mol K)]       0.00475022 [mEh/K]
    Vibrational Cp          0.031 [cal/(mol K)]        0.130 [J/(mol K)]       0.00004955 [mEh/K]
  Total Cp                  7.980 [cal/(mol K)]       33.388 [J/(mol K)]       0.01271679 [mEh/K]
  Correction Cp             0.000 [cal/(mol K)]        0.000 [J/(mol K)]       0.00000000 [mEh/K]

  ==> Thermochemistry Energy Analysis <==

  Raw electronic energy, E0
  Total E0, Electronic energy at well bottom at 0 [K]                  -76.04182372 [Eh]

  Zero-point energy, ZPE_vib = Sum_i nu_i / 2
    Electronic ZPE          0.000 [kcal/mol]        0.000 [kJ/mol]       0.00000000 [Eh]
    Translational ZPE       0.000 [kcal/mol]        0.000 [kJ/mol]       0.00000000 [Eh]
    Rotational ZPE          0.000 [kcal/mol]        0.000 [kJ/mol]       0.00000000 [Eh]
    Vibrational ZPE        14.456 [kcal/mol]       60.486 [kJ/mol]       0.02303786 [Eh]        5056.226 [cm^-1]
  Correction ZPE           14.456 [kcal/mol]       60.486 [kJ/mol]       0.02303786 [Eh]        5056.226 [cm^-1]
  Total ZPE, Electronic energy at 0 [K]                                -76.01878586 [Eh]

  Thermal Energy, E (includes ZPE)
    Electronic E            0.000 [kcal/mol]        0.000 [kJ/mol]       0.00000000 [Eh]
    Translational E         0.889 [kcal/mol]        3.718 [kJ/mol]       0.00141628 [Eh]
    Rotational E            0.889 [kcal/mol]        3.718 [kJ/mol]       0.00141628 [Eh]
    Vibrational E          14.458 [kcal/mol]       60.490 [kJ/mol]       0.02303961 [Eh]
  Correction E             16.235 [kcal/mol]       67.927 [kJ/mol]       0.02587217 [Eh]
  Total E, Electronic energy at  298.15 [K]                            -76.01595156 [Eh]

  Enthalpy, H_trans = E_trans + k_B * T
    Electronic H            0.000 [kcal/mol]        0.000 [kJ/mol]       0.00000000 [Eh]
    Translational H         1.481 [kcal/mol]        6.197 [kJ/mol]       0.00236046 [Eh]
    Rotational H            0.889 [kcal/mol]        3.718 [kJ/mol]       0.00141628 [Eh]
    Vibrational H          14.458 [kcal/mol]       60.490 [kJ/mol]       0.02303961 [Eh]
  Correction H             16.828 [kcal/mol]       70.406 [kJ/mol]       0.02681635 [Eh]
  Total H, Enthalpy at  298.15 [K]                                     -76.01500737 [Eh]

  Gibbs free energy, G = H - T * S
    Electronic G            0.000 [kcal/mol]        0.000 [kJ/mol]       0.00000000 [Eh]
    Translational G        -8.837 [kcal/mol]      -36.975 [kJ/mol]      -0.01408304 [Eh]
    Rotational G           -2.197 [kcal/mol]       -9.191 [kJ/mol]      -0.00350066 [Eh]
    Vibrational G          14.456 [kcal/mol]       60.485 [kJ/mol]       0.02303765 [Eh]
  Correction G              3.422 [kcal/mol]       14.319 [kJ/mol]       0.00545395 [Eh]
  Total G, Free enthalpy at  298.15 [K]                                -76.03636978 [Eh]
