gradient() will perform analytic gradient computation.

*** tstart() called on wanukaka
*** at Thu Apr 14 12:37:49 2022

   => Loading Basis Set <=

    Name: 6-31++G(D,P)
    Role: ORBITAL
    Keyword: BASIS
    atoms 1   entry O          line   153 file /home/sulstice/software/miniconda2/envs/qmpython2/share/psi4/basis/6-31ppg_d_p_.gbs 
    atoms 2-3 entry H          line    46 file /home/sulstice/software/miniconda2/envs/qmpython2/share/psi4/basis/6-31ppg_d_p_.gbs 


         ---------------------------------------------------------
                                   SCF
               by Justin Turney, Rob Parrish, Andy Simmonett
                          and Daniel G. A. Smith
                              RHF Reference
                       10 Threads,   7629 MiB Core
         ---------------------------------------------------------

  ==> Geometry <==

    Molecular point group: c2v
    Full point group: C2v

    Geometry (in Angstrom), charge = 0, multiplicity = 1:

       Center              X                  Y                   Z               Mass       
    ------------   -----------------  -----------------  -----------------  -----------------
         O            0.000000000000     0.000000000000    -0.071470451920    15.994914619570
         H            0.000000000000    -0.870960172609     0.567143968312     1.007825032230
         H            0.000000000000     0.870960172609     0.567143968312     1.007825032230

  Running in c2v symmetry.

  Rotational constants: A =     23.09135  B =     11.02516  C =      7.46225 [cm^-1]
  Rotational constants: A = 692261.25286  B = 330525.88032  C = 223712.49363 [MHz]
  Nuclear repulsion =    8.143451937679213

  Charge       = 0
  Multiplicity = 1
  Electrons    = 10
  Nalpha       = 5
  Nbeta        = 5

  ==> Algorithm <==

  SCF Algorithm Type is DF.
  DIIS enabled.
  MOM disabled.
  Fractional occupation disabled.
  Guess Type is SAD.
  Energy threshold   = 1.00e-08
  Density threshold  = 1.00e-08
  Integral threshold = 0.00e+00

  ==> Primary Basis <==

  Basis Set: 6-31++G(D,P)
    Blend: 6-31++G(D,P)
    Number of shells: 16
    Number of basis function: 31
    Number of Cartesian functions: 31
    Spherical Harmonics?: false
    Max angular momentum: 2

   => Loading Basis Set <=

    Name: (6-31++G(D,P) AUX)
    Role: JKFIT
    Keyword: DF_BASIS_SCF
    atoms 1   entry O          line   270 file /home/sulstice/software/miniconda2/envs/qmpython2/share/psi4/basis/aug-cc-pvdz-jkfit.gbs 
    atoms 2-3 entry H          line    70 file /home/sulstice/software/miniconda2/envs/qmpython2/share/psi4/basis/aug-cc-pvdz-jkfit.gbs 

  ==> Pre-Iterations <==

   -------------------------------------------------------
    Irrep   Nso     Nmo     Nalpha   Nbeta   Ndocc  Nsocc
   -------------------------------------------------------
     A1        15      15       0       0       0       0
     A2         2       2       0       0       0       0
     B1         5       5       0       0       0       0
     B2         9       9       0       0       0       0
   -------------------------------------------------------
    Total      31      31       5       5       5       0
   -------------------------------------------------------

  ==> Integral Setup <==

  DFHelper Memory: AOs need 0.002 GiB; user supplied 5.588 GiB. Using in-core AOs.

  ==> MemDFJK: Density-Fitted J/K Matrices <==

    J tasked:                   Yes
    K tasked:                   Yes
    wK tasked:                   No
    OpenMP threads:              10
    Memory [MiB]:              5722
    Algorithm:                 Core
    Schwarz Cutoff:           1E-12
    Mask sparsity (%):       0.0000
    Fitting Condition:        1E-10

   => Auxiliary Basis Set <=

  Basis Set: (6-31++G(D,P) AUX)
    Blend: AUG-CC-PVDZ-JKFIT
    Number of shells: 52
    Number of basis function: 171
    Number of Cartesian functions: 171
    Spherical Harmonics?: false
    Max angular momentum: 3

  Minimum eigenvalue in the overlap matrix is 1.3261852425E-02.
  Using Symmetric Orthogonalization.

  SCF Guess: Superposition of Atomic Densities via on-the-fly atomic UHF.

  ==> Iterations <==

                           Total Energy        Delta E     RMS |[F,P]|

   @DF-RHF iter SAD:   -75.30253370726447   -7.53025e+01   0.00000e+00 
   @DF-RHF iter   1:   -75.90653237600679   -6.03999e-01   2.49673e-02 DIIS
   @DF-RHF iter   2:   -75.95875334177957   -5.22210e-02   1.85230e-02 DIIS
   @DF-RHF iter   3:   -75.99933910963102   -4.05858e-02   1.35986e-03 DIIS
   @DF-RHF iter   4:   -75.99993031357161   -5.91204e-04   3.79173e-04 DIIS
   @DF-RHF iter   5:   -75.99998081103668   -5.04975e-05   7.96940e-05 DIIS
   @DF-RHF iter   6:   -75.99998433469594   -3.52366e-06   1.68340e-05 DIIS
   @DF-RHF iter   7:   -75.99998449715802   -1.62462e-07   2.61584e-06 DIIS
   @DF-RHF iter   8:   -75.99998450078620   -3.62817e-09   6.23796e-07 DIIS
   @DF-RHF iter   9:   -75.99998450100429   -2.18094e-10   1.68143e-07 DIIS
   @DF-RHF iter  10:   -75.99998450101737   -1.30740e-11   1.77516e-08 DIIS
   @DF-RHF iter  11:   -75.99998450101761   -2.41585e-13   2.77837e-09 DIIS
  Energy and wave function converged.


  ==> Post-Iterations <==

    Orbital Energies [Eh]
    ---------------------

    Doubly Occupied:                                                      

       1A1   -20.600335     2A1    -1.300301     1B2    -0.663040  
       3A1    -0.555427     1B1    -0.500291  

    Virtual:                                                              

       4A1     0.038273     2B2     0.069964     5A1     0.247428  
       2B1     0.254158     6A1     0.255501     3B2     0.309043  
       4B2     0.319073     7A1     0.371909     5B2     1.119956  
       8A1     1.161092     3B1     1.402702     9A1     1.413486  
       6B2     1.478582    10A1     1.627777     1A2     1.782064  
      11A1     1.848280     4B1     1.927183    12A1     2.407697  
       7B2     2.435502     8B2     2.593796     5B1     2.818612  
       2A2     2.838736    13A1     3.130821    14A1     3.528109  
       9B2     3.834530    15A1     4.381541  

    Final Occupation by Irrep:
             A1    A2    B1    B2 
    DOCC [     3,    0,    1,    1 ]

  @DF-RHF Final Energy:   -75.99998450101761

   => Energetics <=

    Nuclear Repulsion Energy =              8.1434519376792132
    One-Electron Energy =                -121.0480852699710823
    Two-Electron Energy =                  36.9046488312742582
    Total Energy =                        -75.9999845010176074

Computation Completed


Properties will be evaluated at   0.000000,   0.000000,   0.000000 [a0]

Properties computed using the SCF density matrix

  Nuclear Dipole Moment: [e a0]
     X:     0.0000      Y:     0.0000      Z:     1.0630

  Electronic Dipole Moment: [e a0]
     X:     0.0000      Y:     0.0000      Z:    -0.1478

  Dipole Moment: [e a0]
     X:     0.0000      Y:     0.0000      Z:     0.9152     Total:     0.9152

  Dipole Moment: [D]
     X:     0.0000      Y:     0.0000      Z:     2.3261     Total:     2.3261


*** tstop() called on wanukaka at Thu Apr 14 12:37:49 2022
Module time:
	user time   =       4.85 seconds =       0.08 minutes
	system time =       0.16 seconds =       0.00 minutes
	total time  =          0 seconds =       0.00 minutes
Total time:
	user time   =     122.70 seconds =       2.04 minutes
	system time =       4.99 seconds =       0.08 minutes
	total time  =         13 seconds =       0.22 minutes

*** tstart() called on wanukaka
*** at Thu Apr 14 12:37:49 2022


         ------------------------------------------------------------
                                   SCF GRAD                          
                          Rob Parrish, Justin Turney,                
                       Andy Simmonett, and Alex Sokolov              
         ------------------------------------------------------------

  ==> Geometry <==

    Molecular point group: c2v
    Full point group: C2v

    Geometry (in Angstrom), charge = 0, multiplicity = 1:

       Center              X                  Y                   Z               Mass       
    ------------   -----------------  -----------------  -----------------  -----------------
         O            0.000000000000     0.000000000000    -0.071470451920    15.994914619570
         H            0.000000000000    -0.870960172609     0.567143968312     1.007825032230
         H            0.000000000000     0.870960172609     0.567143968312     1.007825032230

  Nuclear repulsion =    8.143451937679213

  ==> Basis Set <==

  Basis Set: 6-31++G(D,P)
    Blend: 6-31++G(D,P)
    Number of shells: 16
    Number of basis function: 31
    Number of Cartesian functions: 31
    Spherical Harmonics?: false
    Max angular momentum: 2

  ==> DFJKGrad: Density-Fitted SCF Gradients <==

    Gradient:                    1
    J tasked:                  Yes
    K tasked:                  Yes
    wK tasked:                  No
    OpenMP threads:             10
    Integrals threads:          10
    Memory [MiB]:             5722
    Schwarz Cutoff:          0E+00
    Fitting Condition:       1E-10

   => Auxiliary Basis Set <=

  Basis Set: (6-31++G(D,P) AUX)
    Blend: AUG-CC-PVDZ-JKFIT
    Number of shells: 52
    Number of basis function: 171
    Number of Cartesian functions: 171
    Spherical Harmonics?: false
    Max angular momentum: 3


  -Total Gradient:
     Atom            X                  Y                   Z
    ------   -----------------  -----------------  -----------------
       1        0.000000000000     0.000000000000    -0.112537140938
       2        0.000000000000    -0.087473887345     0.056268570469
       3       -0.000000000000     0.087473887345     0.056268570469


*** tstop() called on wanukaka at Thu Apr 14 12:37:50 2022
Module time:
	user time   =       3.66 seconds =       0.06 minutes
	system time =       0.23 seconds =       0.00 minutes
	total time  =          1 seconds =       0.02 minutes
Total time:
	user time   =     126.38 seconds =       2.11 minutes
	system time =       5.22 seconds =       0.09 minutes
	total time  =         14 seconds =       0.23 minutes

			-----------------------------------------
			 OPTKING 2.0: for geometry optimizations 
			  - R.A. King,  Bethel University        
			-----------------------------------------

	Internal coordinates to be generated automatically.
	Detected frag 1 with atoms:  1 2 3
	---Fragment 1 Bond Connectivity---
	 1 : 2 3
	 2 : 1
	 3 : 1

	---Fragment 1 Geometry and Gradient---
	 O           0.0000000000        0.0000000000       -0.1350595802
	 H           0.0000000000       -1.6458761924        1.0717467738
	 H           0.0000000000        1.6458761924        1.0717467738
	             0.0000000000        0.0000000000       -0.1125371409
	             0.0000000000       -0.0874738873        0.0562685705
	            -0.0000000000        0.0874738873        0.0562685705

	Previous optimization step data not found.  Starting new optimization.

	---Fragment 1 Intrafragment Coordinates---
	 - Coordinate -           - BOHR/RAD -       - ANG/DEG -
	 R(1,2)           =         2.040904	       1.080000
	 R(1,3)           =         2.040904	       1.080000
	 B(2,1,3)         =         1.876229	     107.500000

	Current energy   :       -75.9999845010

	Generating empirical Hessian (Schlegel '84) for each fragment.
	Taking RFO optimization step.
	Going to follow RFO solution 1.
	Using RFO vector 1.
	Norm of target step-size    0.36071
	Projected energy change by RFO approximation:        -0.0734533830

	Back-transformation to cartesian coordinates...
	Successfully converged to displaced geometry.

	--- Internal Coordinate Step in ANG or DEG, aJ/ANG or AJ/DEG ---
	 ---------------------------------------------------------------------------
	   Coordinate                Previous        Force       Change         New 
	   ----------                --------       ------       ------       ------
	    1 R(1,2)          =      1.080000    -0.855303    -0.133040     0.946960
	    2 R(1,3)          =      1.080000    -0.855303    -0.133040     0.946960
	    3 B(2,1,3)        =    107.500000    -0.000986    -3.484464   104.015536
	 ---------------------------------------------------------------------------
	Successfully symmetrized geometry.

  ==> Convergence Check <==

  Measures of convergence in internal coordinates in au.
  Criteria marked as inactive (o), active & met (*), and active & unmet ( ).
  --------------------------------------------------------------------------------------------- ~
   Step     Total Energy     Delta E     MAX Force     RMS Force      MAX Disp      RMS Disp    ~
  --------------------------------------------------------------------------------------------- ~
    Convergence Criteria    1.00e-06 *    3.00e-04 *             o    1.20e-03 *             o  ~
  --------------------------------------------------------------------------------------------- ~
      1     -75.99998450   -7.60e+01      1.04e-01      8.51e-02 o    2.51e-01      2.08e-01 o  ~
  ---------------------------------------------------------------------------------------------

	Writing optimization data to binary file.
	Structure for next step:
	Cartesian Geometry (in Angstrom)
	    O     0.0000000000   0.0000000000  -0.0343310913
	    H     0.0000000000  -0.7462933920   0.5485742859
	    H     0.0000000000   0.7462933920   0.5485742859
			--------------------------
			 OPTKING Finished Execution 
			--------------------------

    Structure for next step:
    Molecular point group: c2v
    Full point group: C2v

    Geometry (in Angstrom), charge = 0, multiplicity = 1:

    O       
    H             1    0.946960
    H             1    0.946960      2  104.015536

gradient() will perform analytic gradient computation.

*** tstart() called on wanukaka
*** at Thu Apr 14 12:37:50 2022

   => Loading Basis Set <=

    Name: 6-31++G(D,P)
    Role: ORBITAL
    Keyword: BASIS
    atoms 1   entry O          line   153 file /home/sulstice/software/miniconda2/envs/qmpython2/share/psi4/basis/6-31ppg_d_p_.gbs 
    atoms 2-3 entry H          line    46 file /home/sulstice/software/miniconda2/envs/qmpython2/share/psi4/basis/6-31ppg_d_p_.gbs 


         ---------------------------------------------------------
                                   SCF
               by Justin Turney, Rob Parrish, Andy Simmonett
                          and Daniel G. A. Smith
                              RHF Reference
                       10 Threads,   7629 MiB Core
         ---------------------------------------------------------

  ==> Geometry <==

    Molecular point group: c2v
    Full point group: C2v

    Geometry (in Angstrom), charge = 0, multiplicity = 1:

       Center              X                  Y                   Z               Mass       
    ------------   -----------------  -----------------  -----------------  -----------------
         O            0.000000000000     0.000000000000    -0.065235781692    15.994914619570
         H            0.000000000000    -0.746293394938     0.517669597867     1.007825032230
         H            0.000000000000     0.746293394938     0.517669597867     1.007825032230

  Running in c2v symmetry.

  Rotational constants: A =     27.71601  B =     15.01627  C =      9.73950 [cm^-1]
  Rotational constants: A = 830904.93629  B = 450176.54810  C = 291982.92269 [MHz]
  Nuclear repulsion =    9.295610319648819

  Charge       = 0
  Multiplicity = 1
  Electrons    = 10
  Nalpha       = 5
  Nbeta        = 5

  ==> Algorithm <==

  SCF Algorithm Type is DF.
  DIIS enabled.
  MOM disabled.
  Fractional occupation disabled.
  Guess Type is READ.
  Energy threshold   = 1.00e-08
  Density threshold  = 1.00e-08
  Integral threshold = 0.00e+00

  ==> Primary Basis <==

  Basis Set: 6-31++G(D,P)
    Blend: 6-31++G(D,P)
    Number of shells: 16
    Number of basis function: 31
    Number of Cartesian functions: 31
    Spherical Harmonics?: false
    Max angular momentum: 2

   => Loading Basis Set <=

    Name: (6-31++G(D,P) AUX)
    Role: JKFIT
    Keyword: DF_BASIS_SCF
    atoms 1   entry O          line   270 file /home/sulstice/software/miniconda2/envs/qmpython2/share/psi4/basis/aug-cc-pvdz-jkfit.gbs 
    atoms 2-3 entry H          line    70 file /home/sulstice/software/miniconda2/envs/qmpython2/share/psi4/basis/aug-cc-pvdz-jkfit.gbs 

   => Loading Basis Set <=

    Name: 6-31++G(D,P)
    Role: ORBITAL
    Keyword: BASIS
    atoms 1   entry O          line   153 file /home/sulstice/software/miniconda2/envs/qmpython2/share/psi4/basis/6-31ppg_d_p_.gbs 
    atoms 2-3 entry H          line    46 file /home/sulstice/software/miniconda2/envs/qmpython2/share/psi4/basis/6-31ppg_d_p_.gbs 

  Reading orbitals from file 180, no projection.

  ==> Pre-Iterations <==

   -------------------------------------------------------
    Irrep   Nso     Nmo     Nalpha   Nbeta   Ndocc  Nsocc
   -------------------------------------------------------
     A1        15      15       0       0       0       0
     A2         2       2       0       0       0       0
     B1         5       5       0       0       0       0
     B2         9       9       0       0       0       0
   -------------------------------------------------------
    Total      31      31       5       5       5       0
   -------------------------------------------------------

  ==> Integral Setup <==

  DFHelper Memory: AOs need 0.002 GiB; user supplied 5.588 GiB. Using in-core AOs.

  ==> MemDFJK: Density-Fitted J/K Matrices <==

    J tasked:                   Yes
    K tasked:                   Yes
    wK tasked:                   No
    OpenMP threads:              10
    Memory [MiB]:              5722
    Algorithm:                 Core
    Schwarz Cutoff:           1E-12
    Mask sparsity (%):       0.0000
    Fitting Condition:        1E-10

   => Auxiliary Basis Set <=

  Basis Set: (6-31++G(D,P) AUX)
    Blend: AUG-CC-PVDZ-JKFIT
    Number of shells: 52
    Number of basis function: 171
    Number of Cartesian functions: 171
    Spherical Harmonics?: false
    Max angular momentum: 3

  Minimum eigenvalue in the overlap matrix is 1.2603712241E-02.
  Using Symmetric Orthogonalization.

  SCF Guess: Orbitals guess was supplied from a previous computation.

  ==> Iterations <==

                           Total Energy        Delta E     RMS |[F,P]|

   @DF-RHF iter   0:   -76.17864768398384   -7.61786e+01   1.71265e-02 
   @DF-RHF iter   1:   -76.02959955002930    1.49048e-01   2.68233e-03 DIIS
   @DF-RHF iter   2:   -76.03081210862916   -1.21256e-03   1.27852e-03 DIIS
   @DF-RHF iter   3:   -76.03099514661662   -1.83038e-04   2.88557e-04 DIIS
   @DF-RHF iter   4:   -76.03101810599394   -2.29594e-05   8.88216e-05 DIIS
   @DF-RHF iter   5:   -76.03102128657446   -3.18058e-06   1.97468e-05 DIIS
   @DF-RHF iter   6:   -76.03102149141924   -2.04845e-07   3.02524e-06 DIIS
   @DF-RHF iter   7:   -76.03102149548643   -4.06719e-09   3.90779e-07 DIIS
   @DF-RHF iter   8:   -76.03102149555178   -6.53557e-11   5.76462e-08 DIIS
   @DF-RHF iter   9:   -76.03102149555303   -1.25056e-12   5.23447e-09 DIIS
  Energy and wave function converged.


  ==> Post-Iterations <==

    Orbital Energies [Eh]
    ---------------------

    Doubly Occupied:                                                      

       1A1   -20.581021     2A1    -1.362560     1B2    -0.724647  
       3A1    -0.586461     1B1    -0.510339  

    Virtual:                                                              

       4A1     0.042077     2B2     0.072108     5A1     0.238794  
       2B1     0.252086     6A1     0.282711     3B2     0.313950  
       4B2     0.361714     7A1     0.412805     5B2     1.180311  
       8A1     1.287744     9A1     1.399021     3B1     1.404527  
       6B2     1.421972    10A1     1.599767     1A2     1.792349  
      11A1     1.815551     4B1     1.913290     7B2     2.585507  
      12A1     2.597388     8B2     2.897325     2A2     2.976428  
       5B1     3.007577    13A1     3.395837    14A1     3.776056  
       9B2     3.985667    15A1     4.442167  

    Final Occupation by Irrep:
             A1    A2    B1    B2 
    DOCC [     3,    0,    1,    1 ]

  @DF-RHF Final Energy:   -76.03102149555303

   => Energetics <=

    Nuclear Repulsion Energy =              9.2956103196488193
    One-Electron Energy =                -123.1232067511896133
    Two-Electron Energy =                  37.7965749359877634
    Total Energy =                        -76.0310214955530341

Computation Completed


Properties will be evaluated at   0.000000,   0.000000,   0.000000 [a0]

Properties computed using the SCF density matrix

  Nuclear Dipole Moment: [e a0]
     X:     0.0000      Y:     0.0000      Z:     0.9703

  Electronic Dipole Moment: [e a0]
     X:     0.0000      Y:     0.0000      Z:    -0.0712

  Dipole Moment: [e a0]
     X:     0.0000      Y:     0.0000      Z:     0.8990     Total:     0.8990

  Dipole Moment: [D]
     X:     0.0000      Y:     0.0000      Z:     2.2851     Total:     2.2851


*** tstop() called on wanukaka at Thu Apr 14 12:37:50 2022
Module time:
	user time   =       2.52 seconds =       0.04 minutes
	system time =       0.11 seconds =       0.00 minutes
	total time  =          0 seconds =       0.00 minutes
Total time:
	user time   =     128.97 seconds =       2.15 minutes
	system time =       5.35 seconds =       0.09 minutes
	total time  =         14 seconds =       0.23 minutes

*** tstart() called on wanukaka
*** at Thu Apr 14 12:37:50 2022


         ------------------------------------------------------------
                                   SCF GRAD                          
                          Rob Parrish, Justin Turney,                
                       Andy Simmonett, and Alex Sokolov              
         ------------------------------------------------------------

  ==> Geometry <==

    Molecular point group: c2v
    Full point group: C2v

    Geometry (in Angstrom), charge = 0, multiplicity = 1:

       Center              X                  Y                   Z               Mass       
    ------------   -----------------  -----------------  -----------------  -----------------
         O            0.000000000000     0.000000000000    -0.065235781692    15.994914619570
         H            0.000000000000    -0.746293394938     0.517669597867     1.007825032230
         H            0.000000000000     0.746293394938     0.517669597867     1.007825032230

  Nuclear repulsion =    9.295610319648819

  ==> Basis Set <==

  Basis Set: 6-31++G(D,P)
    Blend: 6-31++G(D,P)
    Number of shells: 16
    Number of basis function: 31
    Number of Cartesian functions: 31
    Spherical Harmonics?: false
    Max angular momentum: 2

  ==> DFJKGrad: Density-Fitted SCF Gradients <==

    Gradient:                    1
    J tasked:                  Yes
    K tasked:                  Yes
    wK tasked:                  No
    OpenMP threads:             10
    Integrals threads:          10
    Memory [MiB]:             5722
    Schwarz Cutoff:          0E+00
    Fitting Condition:       1E-10

   => Auxiliary Basis Set <=

  Basis Set: (6-31++G(D,P) AUX)
    Blend: AUG-CC-PVDZ-JKFIT
    Number of shells: 52
    Number of basis function: 171
    Number of Cartesian functions: 171
    Spherical Harmonics?: false
    Max angular momentum: 3


  -Total Gradient:
     Atom            X                  Y                   Z
    ------   -----------------  -----------------  -----------------
       1        0.000000000000     0.000000000000    -0.011411003052
       2       -0.000000000000     0.000808657113     0.005705501526
       3        0.000000000000    -0.000808657113     0.005705501526


*** tstop() called on wanukaka at Thu Apr 14 12:37:51 2022
Module time:
	user time   =       3.69 seconds =       0.06 minutes
	system time =       0.20 seconds =       0.00 minutes
	total time  =          1 seconds =       0.02 minutes
Total time:
	user time   =     132.68 seconds =       2.21 minutes
	system time =       5.55 seconds =       0.09 minutes
	total time  =         15 seconds =       0.25 minutes

			-----------------------------------------
			 OPTKING 2.0: for geometry optimizations 
			  - R.A. King,  Bethel University        
			-----------------------------------------

	Previous internal coordinate definitions found.
	---Fragment 1 Geometry and Gradient---
	 O           0.0000000000        0.0000000000       -0.1232777610
	 H           0.0000000000       -1.4102901257        0.9782537634
	 H           0.0000000000        1.4102901257        0.9782537634
	             0.0000000000        0.0000000000       -0.0114110031
	            -0.0000000000        0.0008086571        0.0057055015
	             0.0000000000       -0.0008086571        0.0057055015

	---Fragment 1 Intrafragment Coordinates---
	 - Coordinate -           - BOHR/RAD -       - ANG/DEG -
	 R(1,2)           =         1.789494	       0.946960
	 R(1,3)           =         1.789494	       0.946960
	 B(2,1,3)         =         1.815414	     104.015536

	Current energy   :       -76.0310214956

	Energy change for the previous step:
		Projected    :        -0.0734533830
		Actual       :        -0.0310369945

	Performing BFGS update.
	Previous computed or guess Hessian on step 1.
	Steps to be used in Hessian update: 1
	Taking RFO optimization step.
	Going to follow RFO solution 1.
	Using RFO vector 1.
	Norm of target step-size    0.05818
	Projected energy change by RFO approximation:        -0.0006713923

	Back-transformation to cartesian coordinates...
	Successfully converged to displaced geometry.

	--- Internal Coordinate Step in ANG or DEG, aJ/ANG or AJ/DEG ---
	 ---------------------------------------------------------------------------
	   Coordinate                Previous        Force       Change         New 
	   ----------                --------       ------       ------       ------
	    1 R(1,2)          =      0.946960    -0.023684    -0.005588     0.941372
	    2 R(1,3)          =      0.946960    -0.023684    -0.005588     0.941372
	    3 B(2,1,3)        =    104.015536     0.000680     3.221523   107.237059
	 ---------------------------------------------------------------------------
	Successfully symmetrized geometry.

  ==> Convergence Check <==

  Measures of convergence in internal coordinates in au.
  Criteria marked as inactive (o), active & met (*), and active & unmet ( ).
  ---------------------------------------------------------------------------------------------
   Step     Total Energy     Delta E     MAX Force     RMS Force      MAX Disp      RMS Disp   
  ---------------------------------------------------------------------------------------------
    Convergence Criteria    1.00e-06 *    3.00e-04 *             o    1.20e-03 *             o
  ---------------------------------------------------------------------------------------------
      2     -76.03102150   -3.10e-02      8.94e-03      5.67e-03 o    5.62e-02      3.36e-02 o  ~
  ---------------------------------------------------------------------------------------------

	Writing optimization data to binary file.
	Structure for next step:
	Cartesian Geometry (in Angstrom)
	    O     0.0000000000   0.0000000000  -0.0488874013
	    H     0.0000000000  -0.7578850422   0.5094954058
	    H     0.0000000000   0.7578850422   0.5094954058
			--------------------------
			 OPTKING Finished Execution 
			--------------------------

    Structure for next step:
    Molecular point group: c2v
    Full point group: C2v

    Geometry (in Angstrom), charge = 0, multiplicity = 1:

    O       
    H             1    0.941372
    H             1    0.941372      2  107.237059

gradient() will perform analytic gradient computation.

*** tstart() called on wanukaka
*** at Thu Apr 14 12:37:51 2022

   => Loading Basis Set <=

    Name: 6-31++G(D,P)
    Role: ORBITAL
    Keyword: BASIS
    atoms 1   entry O          line   153 file /home/sulstice/software/miniconda2/envs/qmpython2/share/psi4/basis/6-31ppg_d_p_.gbs 
    atoms 2-3 entry H          line    46 file /home/sulstice/software/miniconda2/envs/qmpython2/share/psi4/basis/6-31ppg_d_p_.gbs 


         ---------------------------------------------------------
                                   SCF
               by Justin Turney, Rob Parrish, Andy Simmonett
                          and Daniel G. A. Smith
                              RHF Reference
                       10 Threads,   7629 MiB Core
         ---------------------------------------------------------

  ==> Geometry <==

    Molecular point group: c2v
    Full point group: C2v

    Geometry (in Angstrom), charge = 0, multiplicity = 1:

       Center              X                  Y                   Z               Mass       
    ------------   -----------------  -----------------  -----------------  -----------------
         O            0.000000000000     0.000000000000    -0.062491341343    15.994914619570
         H            0.000000000000    -0.757885045134     0.495891467904     1.007825032230
         H            0.000000000000     0.757885045134     0.495891467904     1.007825032230

  Running in c2v symmetry.

  Rotational constants: A =     30.20388  B =     14.56045  C =      9.82438 [cm^-1]
  Rotational constants: A = 905489.43439  B = 436511.19625  C = 294527.63820 [MHz]
  Nuclear repulsion =    9.343259183494832

  Charge       = 0
  Multiplicity = 1
  Electrons    = 10
  Nalpha       = 5
  Nbeta        = 5

  ==> Algorithm <==

  SCF Algorithm Type is DF.
  DIIS enabled.
  MOM disabled.
  Fractional occupation disabled.
  Guess Type is READ.
  Energy threshold   = 1.00e-08
  Density threshold  = 1.00e-08
  Integral threshold = 0.00e+00

  ==> Primary Basis <==

  Basis Set: 6-31++G(D,P)
    Blend: 6-31++G(D,P)
    Number of shells: 16
    Number of basis function: 31
    Number of Cartesian functions: 31
    Spherical Harmonics?: false
    Max angular momentum: 2

   => Loading Basis Set <=

    Name: (6-31++G(D,P) AUX)
    Role: JKFIT
    Keyword: DF_BASIS_SCF
    atoms 1   entry O          line   270 file /home/sulstice/software/miniconda2/envs/qmpython2/share/psi4/basis/aug-cc-pvdz-jkfit.gbs 
    atoms 2-3 entry H          line    70 file /home/sulstice/software/miniconda2/envs/qmpython2/share/psi4/basis/aug-cc-pvdz-jkfit.gbs 

   => Loading Basis Set <=

    Name: 6-31++G(D,P)
    Role: ORBITAL
    Keyword: BASIS
    atoms 1   entry O          line   153 file /home/sulstice/software/miniconda2/envs/qmpython2/share/psi4/basis/6-31ppg_d_p_.gbs 
    atoms 2-3 entry H          line    46 file /home/sulstice/software/miniconda2/envs/qmpython2/share/psi4/basis/6-31ppg_d_p_.gbs 

  Reading orbitals from file 180, no projection.

  ==> Pre-Iterations <==

   -------------------------------------------------------
    Irrep   Nso     Nmo     Nalpha   Nbeta   Ndocc  Nsocc
   -------------------------------------------------------
     A1        15      15       0       0       0       0
     A2         2       2       0       0       0       0
     B1         5       5       0       0       0       0
     B2         9       9       0       0       0       0
   -------------------------------------------------------
    Total      31      31       5       5       5       0
   -------------------------------------------------------

  ==> Integral Setup <==

  DFHelper Memory: AOs need 0.002 GiB; user supplied 5.588 GiB. Using in-core AOs.

  ==> MemDFJK: Density-Fitted J/K Matrices <==

    J tasked:                   Yes
    K tasked:                   Yes
    wK tasked:                   No
    OpenMP threads:              10
    Memory [MiB]:              5722
    Algorithm:                 Core
    Schwarz Cutoff:           1E-12
    Mask sparsity (%):       0.0000
    Fitting Condition:        1E-10

   => Auxiliary Basis Set <=

  Basis Set: (6-31++G(D,P) AUX)
    Blend: AUG-CC-PVDZ-JKFIT
    Number of shells: 52
    Number of basis function: 171
    Number of Cartesian functions: 171
    Spherical Harmonics?: false
    Max angular momentum: 3

  Minimum eigenvalue in the overlap matrix is 1.2780922754E-02.
  Using Symmetric Orthogonalization.

  SCF Guess: Orbitals guess was supplied from a previous computation.

  ==> Iterations <==

                           Total Energy        Delta E     RMS |[F,P]|

   @DF-RHF iter   0:   -76.03878285924722   -7.60388e+01   1.29509e-03 
   @DF-RHF iter   1:   -76.03125972322789    7.52314e-03   1.98943e-04 DIIS
   @DF-RHF iter   2:   -76.03127076860368   -1.10454e-05   6.53956e-05 DIIS
   @DF-RHF iter   3:   -76.03127254047810   -1.77187e-06   1.55857e-05 DIIS
   @DF-RHF iter   4:   -76.03127266565937   -1.25181e-07   5.08003e-06 DIIS
   @DF-RHF iter   5:   -76.03127267578994   -1.01306e-08   1.99830e-06 DIIS
   @DF-RHF iter   6:   -76.03127267668427   -8.94332e-10   2.63833e-07 DIIS
   @DF-RHF iter   7:   -76.03127267671321   -2.89475e-11   4.07061e-08 DIIS
   @DF-RHF iter   8:   -76.03127267671408   -8.66862e-13   5.01718e-09 DIIS
  Energy and wave function converged.


  ==> Post-Iterations <==

    Orbital Energies [Eh]
    ---------------------

    Doubly Occupied:                                                      

       1A1   -20.578691     2A1    -1.363052     1B2    -0.734149  
       3A1    -0.581147     1B1    -0.509864  

    Virtual:                                                              

       4A1     0.042639     2B2     0.071882     5A1     0.239229  
       2B1     0.252129     6A1     0.283962     3B2     0.313371  
       4B2     0.367185     7A1     0.407684     5B2     1.195428  
       8A1     1.285350     9A1     1.392525     3B1     1.405117  
       6B2     1.419560    10A1     1.594555     1A2     1.785949  
      11A1     1.837704     4B1     1.924277     7B2     2.571291  
      12A1     2.603542     8B2     2.914371     5B1     2.991066  
       2A2     3.003410    13A1     3.414977    14A1     3.792128  
       9B2     3.981265    15A1     4.453708  

    Final Occupation by Irrep:
             A1    A2    B1    B2 
    DOCC [     3,    0,    1,    1 ]

  @DF-RHF Final Energy:   -76.03127267671408

   => Energetics <=

    Nuclear Repulsion Energy =              9.3432591834948315
    One-Electron Energy =                -123.2152585789862513
    Two-Electron Energy =                  37.8407267187773471
    Total Energy =                        -76.0312726767140674

Computation Completed


Properties will be evaluated at   0.000000,   0.000000,   0.000000 [a0]

Properties computed using the SCF density matrix

  Nuclear Dipole Moment: [e a0]
     X:     0.0000      Y:     0.0000      Z:     0.9295

  Electronic Dipole Moment: [e a0]
     X:     0.0000      Y:     0.0000      Z:    -0.0549

  Dipole Moment: [e a0]
     X:     0.0000      Y:     0.0000      Z:     0.8746     Total:     0.8746

  Dipole Moment: [D]
     X:     0.0000      Y:     0.0000      Z:     2.2229     Total:     2.2229


*** tstop() called on wanukaka at Thu Apr 14 12:37:51 2022
Module time:
	user time   =       2.48 seconds =       0.04 minutes
	system time =       0.13 seconds =       0.00 minutes
	total time  =          0 seconds =       0.00 minutes
Total time:
	user time   =     135.24 seconds =       2.25 minutes
	system time =       5.69 seconds =       0.09 minutes
	total time  =         15 seconds =       0.25 minutes

*** tstart() called on wanukaka
*** at Thu Apr 14 12:37:51 2022


         ------------------------------------------------------------
                                   SCF GRAD                          
                          Rob Parrish, Justin Turney,                
                       Andy Simmonett, and Alex Sokolov              
         ------------------------------------------------------------

  ==> Geometry <==

    Molecular point group: c2v
    Full point group: C2v

    Geometry (in Angstrom), charge = 0, multiplicity = 1:

       Center              X                  Y                   Z               Mass       
    ------------   -----------------  -----------------  -----------------  -----------------
         O            0.000000000000     0.000000000000    -0.062491341343    15.994914619570
         H            0.000000000000    -0.757885045134     0.495891467904     1.007825032230
         H            0.000000000000     0.757885045134     0.495891467904     1.007825032230

  Nuclear repulsion =    9.343259183494833

  ==> Basis Set <==

  Basis Set: 6-31++G(D,P)
    Blend: 6-31++G(D,P)
    Number of shells: 16
    Number of basis function: 31
    Number of Cartesian functions: 31
    Spherical Harmonics?: false
    Max angular momentum: 2

  ==> DFJKGrad: Density-Fitted SCF Gradients <==

    Gradient:                    1
    J tasked:                  Yes
    K tasked:                  Yes
    wK tasked:                  No
    OpenMP threads:             10
    Integrals threads:          10
    Memory [MiB]:             5722
    Schwarz Cutoff:          0E+00
    Fitting Condition:       1E-10

   => Auxiliary Basis Set <=

  Basis Set: (6-31++G(D,P) AUX)
    Blend: AUG-CC-PVDZ-JKFIT
    Number of shells: 52
    Number of basis function: 171
    Number of Cartesian functions: 171
    Spherical Harmonics?: false
    Max angular momentum: 3


  -Total Gradient:
     Atom            X                  Y                   Z
    ------   -----------------  -----------------  -----------------
       1       -0.000000000000     0.000000000000     0.002731243703
       2       -0.000000000000     0.001632451597    -0.001365621852
       3        0.000000000000    -0.001632451597    -0.001365621852


*** tstop() called on wanukaka at Thu Apr 14 12:37:51 2022
Module time:
	user time   =       3.65 seconds =       0.06 minutes
	system time =       0.23 seconds =       0.00 minutes
	total time  =          0 seconds =       0.00 minutes
Total time:
	user time   =     138.90 seconds =       2.31 minutes
	system time =       5.92 seconds =       0.10 minutes
	total time  =         15 seconds =       0.25 minutes

			-----------------------------------------
			 OPTKING 2.0: for geometry optimizations 
			  - R.A. King,  Bethel University        
			-----------------------------------------

	Previous internal coordinate definitions found.
	---Fragment 1 Geometry and Gradient---
	 O           0.0000000000        0.0000000000       -0.1180915204
	 H           0.0000000000       -1.4321951699        0.9370990623
	 H           0.0000000000        1.4321951699        0.9370990623
	            -0.0000000000        0.0000000000        0.0027312437
	            -0.0000000000        0.0016324516       -0.0013656219
	             0.0000000000       -0.0016324516       -0.0013656219

	---Fragment 1 Intrafragment Coordinates---
	 - Coordinate -           - BOHR/RAD -       - ANG/DEG -
	 R(1,2)           =         1.778935	       0.941372
	 R(1,3)           =         1.778935	       0.941372
	 B(2,1,3)         =         1.871640	     107.237059

	Current energy   :       -76.0312726767

	Energy change for the previous step:
		Projected    :        -0.0006713923
		Actual       :        -0.0002511812

	Performing BFGS update.
	Previous computed or guess Hessian on step 1.
	Steps to be used in Hessian update: 2 1
	Taking RFO optimization step.
	Going to follow RFO solution 1.
	Using RFO vector 1.
	Norm of target step-size    0.00821
	Projected energy change by RFO approximation:        -0.0000237518

	Back-transformation to cartesian coordinates...
	Successfully converged to displaced geometry.

	--- Internal Coordinate Step in ANG or DEG, aJ/ANG or AJ/DEG ---
	 ---------------------------------------------------------------------------
	   Coordinate                Previous        Force       Change         New 
	   ----------                --------       ------       ------       ------
	    1 R(1,2)          =      0.941372     0.017501     0.002870     0.944242
	    2 R(1,3)          =      0.941372     0.017501     0.002870     0.944242
	    3 B(2,1,3)        =    107.237059    -0.000018    -0.167941   107.069118
	 ---------------------------------------------------------------------------
	Successfully symmetrized geometry.

  ==> Convergence Check <==

  Measures of convergence in internal coordinates in au.
  Criteria marked as inactive (o), active & met (*), and active & unmet ( ).
  ---------------------------------------------------------------------------------------------
   Step     Total Energy     Delta E     MAX Force     RMS Force      MAX Disp      RMS Disp   
  ---------------------------------------------------------------------------------------------
    Convergence Criteria    1.00e-06 *    3.00e-04 *             o    1.20e-03 *             o
  ---------------------------------------------------------------------------------------------
      3     -76.03127268   -2.51e-04      2.12e-03      1.74e-03 o    5.42e-03      4.74e-03 o  ~
  ---------------------------------------------------------------------------------------------

	Writing optimization data to binary file.
	Structure for next step:
	Cartesian Geometry (in Angstrom)
	    O     0.0000000000   0.0000000000  -0.0643686084
	    H     0.0000000000  -0.7593740183   0.4968300996
	    H     0.0000000000   0.7593740183   0.4968300996
			--------------------------
			 OPTKING Finished Execution 
			--------------------------

    Structure for next step:
    Molecular point group: c2v
    Full point group: C2v

    Geometry (in Angstrom), charge = 0, multiplicity = 1:

    O       
    H             1    0.944242
    H             1    0.944242      2  107.069118

gradient() will perform analytic gradient computation.

*** tstart() called on wanukaka
*** at Thu Apr 14 12:37:51 2022

   => Loading Basis Set <=

    Name: 6-31++G(D,P)
    Role: ORBITAL
    Keyword: BASIS
    atoms 1   entry O          line   153 file /home/sulstice/software/miniconda2/envs/qmpython2/share/psi4/basis/6-31ppg_d_p_.gbs 
    atoms 2-3 entry H          line    46 file /home/sulstice/software/miniconda2/envs/qmpython2/share/psi4/basis/6-31ppg_d_p_.gbs 


         ---------------------------------------------------------
                                   SCF
               by Justin Turney, Rob Parrish, Andy Simmonett
                          and Daniel G. A. Smith
                              RHF Reference
                       10 Threads,   7629 MiB Core
         ---------------------------------------------------------

  ==> Geometry <==

    Molecular point group: c2v
    Full point group: C2v

    Geometry (in Angstrom), charge = 0, multiplicity = 1:

       Center              X                  Y                   Z               Mass       
    ------------   -----------------  -----------------  -----------------  -----------------
         O            0.000000000000     0.000000000000    -0.062806482535    15.994914619570
         H            0.000000000000    -0.759374021324     0.498392227608     1.007825032230
         H            0.000000000000     0.759374021324     0.498392227608     1.007825032230

  Running in c2v symmetry.

  Rotational constants: A =     29.90153  B =     14.50340  C =      9.76635 [cm^-1]
  Rotational constants: A = 896425.36658  B = 434801.05726  C = 292787.68071 [MHz]
  Nuclear repulsion =    9.315236751542034

  Charge       = 0
  Multiplicity = 1
  Electrons    = 10
  Nalpha       = 5
  Nbeta        = 5

  ==> Algorithm <==

  SCF Algorithm Type is DF.
  DIIS enabled.
  MOM disabled.
  Fractional occupation disabled.
  Guess Type is READ.
  Energy threshold   = 1.00e-08
  Density threshold  = 1.00e-08
  Integral threshold = 0.00e+00

  ==> Primary Basis <==

  Basis Set: 6-31++G(D,P)
    Blend: 6-31++G(D,P)
    Number of shells: 16
    Number of basis function: 31
    Number of Cartesian functions: 31
    Spherical Harmonics?: false
    Max angular momentum: 2

   => Loading Basis Set <=

    Name: (6-31++G(D,P) AUX)
    Role: JKFIT
    Keyword: DF_BASIS_SCF
    atoms 1   entry O          line   270 file /home/sulstice/software/miniconda2/envs/qmpython2/share/psi4/basis/aug-cc-pvdz-jkfit.gbs 
    atoms 2-3 entry H          line    70 file /home/sulstice/software/miniconda2/envs/qmpython2/share/psi4/basis/aug-cc-pvdz-jkfit.gbs 

   => Loading Basis Set <=

    Name: 6-31++G(D,P)
    Role: ORBITAL
    Keyword: BASIS
    atoms 1   entry O          line   153 file /home/sulstice/software/miniconda2/envs/qmpython2/share/psi4/basis/6-31ppg_d_p_.gbs 
    atoms 2-3 entry H          line    46 file /home/sulstice/software/miniconda2/envs/qmpython2/share/psi4/basis/6-31ppg_d_p_.gbs 

  Reading orbitals from file 180, no projection.

  ==> Pre-Iterations <==

   -------------------------------------------------------
    Irrep   Nso     Nmo     Nalpha   Nbeta   Ndocc  Nsocc
   -------------------------------------------------------
     A1        15      15       0       0       0       0
     A2         2       2       0       0       0       0
     B1         5       5       0       0       0       0
     B2         9       9       0       0       0       0
   -------------------------------------------------------
    Total      31      31       5       5       5       0
   -------------------------------------------------------

  ==> Integral Setup <==

  DFHelper Memory: AOs need 0.002 GiB; user supplied 5.588 GiB. Using in-core AOs.

  ==> MemDFJK: Density-Fitted J/K Matrices <==

    J tasked:                   Yes
    K tasked:                   Yes
    wK tasked:                   No
    OpenMP threads:              10
    Memory [MiB]:              5722
    Algorithm:                 Core
    Schwarz Cutoff:           1E-12
    Mask sparsity (%):       0.0000
    Fitting Condition:        1E-10

   => Auxiliary Basis Set <=

  Basis Set: (6-31++G(D,P) AUX)
    Blend: AUG-CC-PVDZ-JKFIT
    Number of shells: 52
    Number of basis function: 171
    Number of Cartesian functions: 171
    Spherical Harmonics?: false
    Max angular momentum: 3

  Minimum eigenvalue in the overlap matrix is 1.2785485209E-02.
  Using Symmetric Orthogonalization.

  SCF Guess: Orbitals guess was supplied from a previous computation.

  ==> Iterations <==

                           Total Energy        Delta E     RMS |[F,P]|

   @DF-RHF iter   0:   -76.02758039745557   -7.60276e+01   4.47669e-04 
   @DF-RHF iter   1:   -76.03127698204047   -3.69658e-03   6.66385e-05 DIIS
   @DF-RHF iter   2:   -76.03127775790978   -7.75869e-07   3.53330e-05 DIIS
   @DF-RHF iter   3:   -76.03127790065690   -1.42747e-07   7.31573e-06 DIIS
   @DF-RHF iter   4:   -76.03127791952663   -1.88697e-08   2.37033e-06 DIIS
   @DF-RHF iter   5:   -76.03127792206942   -2.54279e-09   5.35043e-07 DIIS
   @DF-RHF iter   6:   -76.03127792221932   -1.49896e-10   7.35089e-08 DIIS
   @DF-RHF iter   7:   -76.03127792222153   -2.21689e-12   1.00474e-08 DIIS
   @DF-RHF iter   8:   -76.03127792222163   -9.94760e-14   1.33853e-09 DIIS
  Energy and wave function converged.


  ==> Post-Iterations <==

    Orbital Energies [Eh]
    ---------------------

    Doubly Occupied:                                                      

       1A1   -20.579247     2A1    -1.361641     1B2    -0.732198  
       3A1    -0.580953     1B1    -0.509665  

    Virtual:                                                              

       4A1     0.042548     2B2     0.071868     5A1     0.239380  
       2B1     0.252173     6A1     0.283559     3B2     0.313487  
       4B2     0.365845     7A1     0.407047     5B2     1.192747  
       8A1     1.282811     9A1     1.393233     3B1     1.405102  
       6B2     1.420770    10A1     1.595388     1A2     1.785895  
      11A1     1.836539     4B1     1.923546     7B2     2.569061  
      12A1     2.599736     8B2     2.907176     5B1     2.988659  
       2A2     2.998835    13A1     3.408777    14A1     3.784753  
       9B2     3.977085    15A1     4.450928  

    Final Occupation by Irrep:
             A1    A2    B1    B2 
    DOCC [     3,    0,    1,    1 ]

  @DF-RHF Final Energy:   -76.03127792222163

   => Energetics <=

    Nuclear Repulsion Energy =              9.3152367515420345
    One-Electron Energy =                -123.1656203679298756
    Two-Electron Energy =                  37.8191056941662112
    Total Energy =                        -76.0312779222216335

Computation Completed


Properties will be evaluated at   0.000000,   0.000000,   0.000000 [a0]

Properties computed using the SCF density matrix

  Nuclear Dipole Moment: [e a0]
     X:     0.0000      Y:     0.0000      Z:     0.9342

  Electronic Dipole Moment: [e a0]
     X:     0.0000      Y:     0.0000      Z:    -0.0573

  Dipole Moment: [e a0]
     X:     0.0000      Y:     0.0000      Z:     0.8768     Total:     0.8768

  Dipole Moment: [D]
     X:     0.0000      Y:     0.0000      Z:     2.2287     Total:     2.2287


*** tstop() called on wanukaka at Thu Apr 14 12:37:51 2022
Module time:
	user time   =       2.67 seconds =       0.04 minutes
	system time =       0.13 seconds =       0.00 minutes
	total time  =          0 seconds =       0.00 minutes
Total time:
	user time   =     141.66 seconds =       2.36 minutes
	system time =       6.05 seconds =       0.10 minutes
	total time  =         15 seconds =       0.25 minutes

*** tstart() called on wanukaka
*** at Thu Apr 14 12:37:51 2022


         ------------------------------------------------------------
                                   SCF GRAD                          
                          Rob Parrish, Justin Turney,                
                       Andy Simmonett, and Alex Sokolov              
         ------------------------------------------------------------

  ==> Geometry <==

    Molecular point group: c2v
    Full point group: C2v

    Geometry (in Angstrom), charge = 0, multiplicity = 1:

       Center              X                  Y                   Z               Mass       
    ------------   -----------------  -----------------  -----------------  -----------------
         O            0.000000000000     0.000000000000    -0.062806482535    15.994914619570
         H            0.000000000000    -0.759374021324     0.498392227608     1.007825032230
         H            0.000000000000     0.759374021324     0.498392227608     1.007825032230

  Nuclear repulsion =    9.315236751542034

  ==> Basis Set <==

  Basis Set: 6-31++G(D,P)
    Blend: 6-31++G(D,P)
    Number of shells: 16
    Number of basis function: 31
    Number of Cartesian functions: 31
    Spherical Harmonics?: false
    Max angular momentum: 2

  ==> DFJKGrad: Density-Fitted SCF Gradients <==

    Gradient:                    1
    J tasked:                  Yes
    K tasked:                  Yes
    wK tasked:                  No
    OpenMP threads:             10
    Integrals threads:          10
    Memory [MiB]:             5722
    Schwarz Cutoff:          0E+00
    Fitting Condition:       1E-10

   => Auxiliary Basis Set <=

  Basis Set: (6-31++G(D,P) AUX)
    Blend: AUG-CC-PVDZ-JKFIT
    Number of shells: 52
    Number of basis function: 171
    Number of Cartesian functions: 171
    Spherical Harmonics?: false
    Max angular momentum: 3


  -Total Gradient:
     Atom            X                  Y                   Z
    ------   -----------------  -----------------  -----------------
       1       -0.000000000000     0.000000000000    -0.001414480619
       2        0.000000000000    -0.000993805850     0.000707240309
       3       -0.000000000000     0.000993805850     0.000707240309


*** tstop() called on wanukaka at Thu Apr 14 12:37:52 2022
Module time:
	user time   =       3.74 seconds =       0.06 minutes
	system time =       0.17 seconds =       0.00 minutes
	total time  =          1 seconds =       0.02 minutes
Total time:
	user time   =     145.41 seconds =       2.42 minutes
	system time =       6.22 seconds =       0.10 minutes
	total time  =         16 seconds =       0.27 minutes

			-----------------------------------------
			 OPTKING 2.0: for geometry optimizations 
			  - R.A. King,  Bethel University        
			-----------------------------------------

	Previous internal coordinate definitions found.
	---Fragment 1 Geometry and Gradient---
	 O           0.0000000000        0.0000000000       -0.1186870509
	 H           0.0000000000       -1.4350089271        0.9418248132
	 H           0.0000000000        1.4350089271        0.9418248132
	            -0.0000000000        0.0000000000       -0.0014144806
	             0.0000000000       -0.0009938058        0.0007072403
	            -0.0000000000        0.0009938058        0.0007072403

	---Fragment 1 Intrafragment Coordinates---
	 - Coordinate -           - BOHR/RAD -       - ANG/DEG -
	 R(1,2)           =         1.784359	       0.944242
	 R(1,3)           =         1.784359	       0.944242
	 B(2,1,3)         =         1.868709	     107.069118

	Current energy   :       -76.0312779222

	Energy change for the previous step:
		Projected    :        -0.0000237518
		Actual       :        -0.0000052455
	Energy ratio indicates iffy step: Trust radius decreased to 1.250e-01.


	Performing BFGS update.
	Previous computed or guess Hessian on step 1.
	Steps to be used in Hessian update: 3 2
	Taking RFO optimization step.
	Going to follow RFO solution 1.
	Using RFO vector 1.
	Norm of target step-size    0.00281
	Projected energy change by RFO approximation:        -0.0000048549

	Back-transformation to cartesian coordinates...
	Successfully converged to displaced geometry.

	--- Internal Coordinate Step in ANG or DEG, aJ/ANG or AJ/DEG ---
	 ---------------------------------------------------------------------------
	   Coordinate                Previous        Force       Change         New 
	   ----------                --------       ------       ------       ------
	    1 R(1,2)          =      0.944242    -0.010048    -0.001040     0.943202
	    2 R(1,3)          =      0.944242    -0.010048    -0.001040     0.943202
	    3 B(2,1,3)        =    107.069118    -0.000003     0.025144   107.094262
	 ---------------------------------------------------------------------------
	Successfully symmetrized geometry.

  ==> Convergence Check <==

  Measures of convergence in internal coordinates in au.
  Criteria marked as inactive (o), active & met (*), and active & unmet ( ).
  ---------------------------------------------------------------------------------------------
   Step     Total Energy     Delta E     MAX Force     RMS Force      MAX Disp      RMS Disp   
  ---------------------------------------------------------------------------------------------
    Convergence Criteria    1.00e-06 *    3.00e-04 *             o    1.20e-03 *             o
  ---------------------------------------------------------------------------------------------
      4     -76.03127792   -5.25e-06      1.22e-03      9.96e-04 o    1.97e-03      1.62e-03 o  ~
  ---------------------------------------------------------------------------------------------

	Writing optimization data to binary file.
	Structure for next step:
	Cartesian Geometry (in Angstrom)
	    O     0.0000000000   0.0000000000  -0.0622834232
	    H     0.0000000000  -0.7586605866   0.4981306961
	    H     0.0000000000   0.7586605866   0.4981306961
			--------------------------
			 OPTKING Finished Execution 
			--------------------------

    Structure for next step:
    Molecular point group: c2v
    Full point group: C2v

    Geometry (in Angstrom), charge = 0, multiplicity = 1:

    O       
    H             1    0.943202
    H             1    0.943202      2  107.094262

gradient() will perform analytic gradient computation.

*** tstart() called on wanukaka
*** at Thu Apr 14 12:37:52 2022

   => Loading Basis Set <=

    Name: 6-31++G(D,P)
    Role: ORBITAL
    Keyword: BASIS
    atoms 1   entry O          line   153 file /home/sulstice/software/miniconda2/envs/qmpython2/share/psi4/basis/6-31ppg_d_p_.gbs 
    atoms 2-3 entry H          line    46 file /home/sulstice/software/miniconda2/envs/qmpython2/share/psi4/basis/6-31ppg_d_p_.gbs 


         ---------------------------------------------------------
                                   SCF
               by Justin Turney, Rob Parrish, Andy Simmonett
                          and Daniel G. A. Smith
                              RHF Reference
                       10 Threads,   7629 MiB Core
         ---------------------------------------------------------

  ==> Geometry <==

    Molecular point group: c2v
    Full point group: C2v

    Geometry (in Angstrom), charge = 0, multiplicity = 1:

       Center              X                  Y                   Z               Mass       
    ------------   -----------------  -----------------  -----------------  -----------------
         O            0.000000000000     0.000000000000    -0.062718675393    15.994914619570
         H            0.000000000000    -0.758660589539     0.497695446076     1.007825032230
         H            0.000000000000     0.758660589539     0.497695446076     1.007825032230

  Running in c2v symmetry.

  Rotational constants: A =     29.98532  B =     14.53069  C =      9.78766 [cm^-1]
  Rotational constants: A = 898937.14313  B = 435619.20111  C = 293426.56219 [MHz]
  Nuclear repulsion =    9.325451842304389

  Charge       = 0
  Multiplicity = 1
  Electrons    = 10
  Nalpha       = 5
  Nbeta        = 5

  ==> Algorithm <==

  SCF Algorithm Type is DF.
  DIIS enabled.
  MOM disabled.
  Fractional occupation disabled.
  Guess Type is READ.
  Energy threshold   = 1.00e-08
  Density threshold  = 1.00e-08
  Integral threshold = 0.00e+00

  ==> Primary Basis <==

  Basis Set: 6-31++G(D,P)
    Blend: 6-31++G(D,P)
    Number of shells: 16
    Number of basis function: 31
    Number of Cartesian functions: 31
    Spherical Harmonics?: false
    Max angular momentum: 2

   => Loading Basis Set <=

    Name: (6-31++G(D,P) AUX)
    Role: JKFIT
    Keyword: DF_BASIS_SCF
    atoms 1   entry O          line   270 file /home/sulstice/software/miniconda2/envs/qmpython2/share/psi4/basis/aug-cc-pvdz-jkfit.gbs 
    atoms 2-3 entry H          line    70 file /home/sulstice/software/miniconda2/envs/qmpython2/share/psi4/basis/aug-cc-pvdz-jkfit.gbs 

   => Loading Basis Set <=

    Name: 6-31++G(D,P)
    Role: ORBITAL
    Keyword: BASIS
    atoms 1   entry O          line   153 file /home/sulstice/software/miniconda2/envs/qmpython2/share/psi4/basis/6-31ppg_d_p_.gbs 
    atoms 2-3 entry H          line    46 file /home/sulstice/software/miniconda2/envs/qmpython2/share/psi4/basis/6-31ppg_d_p_.gbs 

  Reading orbitals from file 180, no projection.

  ==> Pre-Iterations <==

   -------------------------------------------------------
    Irrep   Nso     Nmo     Nalpha   Nbeta   Ndocc  Nsocc
   -------------------------------------------------------
     A1        15      15       0       0       0       0
     A2         2       2       0       0       0       0
     B1         5       5       0       0       0       0
     B2         9       9       0       0       0       0
   -------------------------------------------------------
    Total      31      31       5       5       5       0
   -------------------------------------------------------

  ==> Integral Setup <==

  DFHelper Memory: AOs need 0.002 GiB; user supplied 5.588 GiB. Using in-core AOs.

  ==> MemDFJK: Density-Fitted J/K Matrices <==

    J tasked:                   Yes
    K tasked:                   Yes
    wK tasked:                   No
    OpenMP threads:              10
    Memory [MiB]:              5722
    Algorithm:                 Core
    Schwarz Cutoff:           1E-12
    Mask sparsity (%):       0.0000
    Fitting Condition:        1E-10

   => Auxiliary Basis Set <=

  Basis Set: (6-31++G(D,P) AUX)
    Blend: AUG-CC-PVDZ-JKFIT
    Number of shells: 52
    Number of basis function: 171
    Number of Cartesian functions: 171
    Spherical Harmonics?: false
    Max angular momentum: 3

  Minimum eigenvalue in the overlap matrix is 1.2781642053E-02.
  Using Symmetric Orthogonalization.

  SCF Guess: Orbitals guess was supplied from a previous computation.

  ==> Iterations <==

                           Total Energy        Delta E     RMS |[F,P]|

   @DF-RHF iter   0:   -76.03261208343940   -7.60326e+01   1.60469e-04 
   @DF-RHF iter   1:   -76.03128018957536    1.33189e-03   2.44480e-05 DIIS
   @DF-RHF iter   2:   -76.03128028769970   -9.81243e-08   1.31342e-05 DIIS
   @DF-RHF iter   3:   -76.03128030681977   -1.91201e-08   2.40548e-06 DIIS
   @DF-RHF iter   4:   -76.03128030879716   -1.97740e-09   7.84853e-07 DIIS
   @DF-RHF iter   5:   -76.03128030906484   -2.67676e-10   1.79461e-07 DIIS
   @DF-RHF iter   6:   -76.03128030908204   -1.71951e-11   2.60929e-08 DIIS
   @DF-RHF iter   7:   -76.03128030908233   -2.98428e-13   3.39868e-09 DIIS
  Energy and wave function converged.


  ==> Post-Iterations <==

    Orbital Energies [Eh]
    ---------------------

    Doubly Occupied:                                                      

       1A1   -20.579061     2A1    -1.362179     1B2    -0.732834  
       3A1    -0.581093     1B1    -0.509748  

    Virtual:                                                              

       4A1     0.042576     2B2     0.071876     5A1     0.239316  
       2B1     0.252155     6A1     0.283700     3B2     0.313451  
       4B2     0.366293     7A1     0.407358     5B2     1.193589  
       8A1     1.283832     9A1     1.393035     3B1     1.405101  
       6B2     1.420327    10A1     1.595125     1A2     1.785990  
      11A1     1.836718     4B1     1.923693     7B2     2.570119  
      12A1     2.601134     8B2     2.909704     5B1     2.989803  
       2A2     3.000262    13A1     3.410980    14A1     3.787373  
       9B2     3.978747    15A1     4.451832  

    Final Occupation by Irrep:
             A1    A2    B1    B2 
    DOCC [     3,    0,    1,    1 ]

  @DF-RHF Final Energy:   -76.03128030908233

   => Energetics <=

    Nuclear Repulsion Energy =              9.3254518423043891
    One-Electron Energy =                -123.1836338329395346
    Two-Electron Energy =                  37.8269016815528119
    Total Energy =                        -76.0312803090823337

Computation Completed


Properties will be evaluated at   0.000000,   0.000000,   0.000000 [a0]

Properties computed using the SCF density matrix

  Nuclear Dipole Moment: [e a0]
     X:     0.0000      Y:     0.0000      Z:     0.9328

  Electronic Dipole Moment: [e a0]
     X:     0.0000      Y:     0.0000      Z:    -0.0566

  Dipole Moment: [e a0]
     X:     0.0000      Y:     0.0000      Z:     0.8763     Total:     0.8763

  Dipole Moment: [D]
     X:     0.0000      Y:     0.0000      Z:     2.2273     Total:     2.2273


*** tstop() called on wanukaka at Thu Apr 14 12:37:52 2022
Module time:
	user time   =       2.59 seconds =       0.04 minutes
	system time =       0.08 seconds =       0.00 minutes
	total time  =          0 seconds =       0.00 minutes
Total time:
	user time   =     148.09 seconds =       2.47 minutes
	system time =       6.30 seconds =       0.10 minutes
	total time  =         16 seconds =       0.27 minutes

*** tstart() called on wanukaka
*** at Thu Apr 14 12:37:52 2022


         ------------------------------------------------------------
                                   SCF GRAD                          
                          Rob Parrish, Justin Turney,                
                       Andy Simmonett, and Alex Sokolov              
         ------------------------------------------------------------

  ==> Geometry <==

    Molecular point group: c2v
    Full point group: C2v

    Geometry (in Angstrom), charge = 0, multiplicity = 1:

       Center              X                  Y                   Z               Mass       
    ------------   -----------------  -----------------  -----------------  -----------------
         O            0.000000000000     0.000000000000    -0.062718675393    15.994914619570
         H            0.000000000000    -0.758660589539     0.497695446076     1.007825032230
         H            0.000000000000     0.758660589539     0.497695446076     1.007825032230

  Nuclear repulsion =    9.325451842304389

  ==> Basis Set <==

  Basis Set: 6-31++G(D,P)
    Blend: 6-31++G(D,P)
    Number of shells: 16
    Number of basis function: 31
    Number of Cartesian functions: 31
    Spherical Harmonics?: false
    Max angular momentum: 2

  ==> DFJKGrad: Density-Fitted SCF Gradients <==

    Gradient:                    1
    J tasked:                  Yes
    K tasked:                  Yes
    wK tasked:                  No
    OpenMP threads:             10
    Integrals threads:          10
    Memory [MiB]:             5722
    Schwarz Cutoff:          0E+00
    Fitting Condition:       1E-10

   => Auxiliary Basis Set <=

  Basis Set: (6-31++G(D,P) AUX)
    Blend: AUG-CC-PVDZ-JKFIT
    Number of shells: 52
    Number of basis function: 171
    Number of Cartesian functions: 171
    Spherical Harmonics?: false
    Max angular momentum: 3


  -Total Gradient:
     Atom            X                  Y                   Z
    ------   -----------------  -----------------  -----------------
       1        0.000000000000     0.000000000000     0.000005565350
       2       -0.000000000000     0.000000222717    -0.000002782675
       3        0.000000000000    -0.000000222717    -0.000002782675


*** tstop() called on wanukaka at Thu Apr 14 12:37:53 2022
Module time:
	user time   =       3.91 seconds =       0.07 minutes
	system time =       0.17 seconds =       0.00 minutes
	total time  =          1 seconds =       0.02 minutes
Total time:
	user time   =     152.00 seconds =       2.53 minutes
	system time =       6.48 seconds =       0.11 minutes
	total time  =         17 seconds =       0.28 minutes

			-----------------------------------------
			 OPTKING 2.0: for geometry optimizations 
			  - R.A. King,  Bethel University        
			-----------------------------------------

	Previous internal coordinate definitions found.
	---Fragment 1 Geometry and Gradient---
	 O           0.0000000000        0.0000000000       -0.1185211194
	 H           0.0000000000       -1.4336607364        0.9405080870
	 H           0.0000000000        1.4336607364        0.9405080870
	             0.0000000000        0.0000000000        0.0000055654
	            -0.0000000000        0.0000002227       -0.0000027827
	             0.0000000000       -0.0000002227       -0.0000027827

	---Fragment 1 Intrafragment Coordinates---
	 - Coordinate -           - BOHR/RAD -       - ANG/DEG -
	 R(1,2)           =         1.782393	       0.943202
	 R(1,3)           =         1.782393	       0.943202
	 B(2,1,3)         =         1.869147	     107.094262

	Current energy   :       -76.0312803091

	Energy change for the previous step:
		Projected    :        -0.0000048549
		Actual       :        -0.0000023869

	Performing BFGS update.
	Previous computed or guess Hessian on step 1.
	Steps to be used in Hessian update: 4 3
	Taking RFO optimization step.
	Going to follow RFO solution 1.
	Using RFO vector 1.
	Norm of target step-size    0.00002
	Projected energy change by RFO approximation:        -0.0000000001

	Back-transformation to cartesian coordinates...
	Successfully converged to displaced geometry.

	--- Internal Coordinate Step in ANG or DEG, aJ/ANG or AJ/DEG ---
	 ---------------------------------------------------------------------------
	   Coordinate                Previous        Force       Change         New 
	   ----------                --------       ------       ------       ------
	    1 R(1,2)          =      0.943202     0.000015     0.000002     0.943204
	    2 R(1,3)          =      0.943202     0.000015     0.000002     0.943204
	    3 B(2,1,3)        =    107.094262    -0.000000    -0.001314   107.092948
	 ---------------------------------------------------------------------------
	Successfully symmetrized geometry.

  ==> Convergence Check <==

  Measures of convergence in internal coordinates in au.
  Criteria marked as inactive (o), active & met (*), and active & unmet ( ).
  ---------------------------------------------------------------------------------------------
   Step     Total Energy     Delta E     MAX Force     RMS Force      MAX Disp      RMS Disp   
  ---------------------------------------------------------------------------------------------
    Convergence Criteria    1.00e-06 *    3.00e-04 *             o    1.20e-03 *             o
  ---------------------------------------------------------------------------------------------
      5     -76.03128031   -2.39e-06      3.75e-06 *    2.63e-06 o    2.29e-05 *    1.36e-05 o  ~
  ---------------------------------------------------------------------------------------------


  **** Optimization is complete! (in 5 steps) ****

  ==> Optimization Summary <==

  Measures of convergence in internal coordinates in au.
  --------------------------------------------------------------------------------------------------------------- ~
   Step         Total Energy             Delta E       MAX Force       RMS Force        MAX Disp        RMS Disp  ~
  --------------------------------------------------------------------------------------------------------------- ~
      1     -75.999984501018    -75.999984501018      0.10381499      0.08509384      0.25140989      0.20825655  ~
      2     -76.031021495553     -0.031036994535      0.00893717      0.00566867      0.05622618      0.03358758  ~
      3     -76.031272676714     -0.000251181161      0.00212429      0.00173970      0.00542360      0.00474068  ~
      4     -76.031277922222     -0.000005245508      0.00121957      0.00099603      0.00196539      0.00162461  ~
      5     -76.031280309082     -0.000002386861      0.00000375      0.00000263      0.00002294      0.00001363  ~
  --------------------------------------------------------------------------------------------------------------- ~

	Writing optimization data to binary file.
	Final energy is    -76.0312803090823
	Final (previous) structure:
	Cartesian Geometry (in Angstrom)
	    O     0.0000000000   0.0000000000  -0.0627186751
	    H     0.0000000000  -0.7586605866   0.4976954441
	    H     0.0000000000   0.7586605866   0.4976954441
	Saving final (previous) structure.
			--------------------------
			 OPTKING Finished Execution 
			--------------------------

    Final optimized geometry and variables:
    Molecular point group: c2v
    Full point group: C2v

    Geometry (in Angstrom), charge = 0, multiplicity = 1:

    O       
    H             1    0.943202
    H             1    0.943202      2  107.094262

	Removing binary optimization data file.
	Cleaning optimization helper files.

*** tstart() called on wanukaka
*** at Thu Apr 14 12:37:53 2022

   => Loading Basis Set <=

    Name: 6-31++G(D,P)
    Role: ORBITAL
    Keyword: BASIS
    atoms 1   entry O          line   153 file /home/sulstice/software/miniconda2/envs/qmpython2/share/psi4/basis/6-31ppg_d_p_.gbs 
    atoms 2-3 entry H          line    46 file /home/sulstice/software/miniconda2/envs/qmpython2/share/psi4/basis/6-31ppg_d_p_.gbs 


         ---------------------------------------------------------
                                   SCF
               by Justin Turney, Rob Parrish, Andy Simmonett
                          and Daniel G. A. Smith
                              RHF Reference
                       10 Threads,   7629 MiB Core
         ---------------------------------------------------------

  ==> Geometry <==

    Molecular point group: c2v
    Full point group: C2v

    Geometry (in Angstrom), charge = 0, multiplicity = 1:

       Center              X                  Y                   Z               Mass       
    ------------   -----------------  -----------------  -----------------  -----------------
         O            0.000000000000     0.000000000000    -0.062718675393    15.994914619570
         H            0.000000000000    -0.758660589539     0.497695446076     1.007825032230
         H            0.000000000000     0.758660589539     0.497695446076     1.007825032230

  Running in c2v symmetry.

  Rotational constants: A =     29.98532  B =     14.53069  C =      9.78766 [cm^-1]
  Rotational constants: A = 898937.14313  B = 435619.20111  C = 293426.56219 [MHz]
  Nuclear repulsion =    9.325451842304389

  Charge       = 0
  Multiplicity = 1
  Electrons    = 10
  Nalpha       = 5
  Nbeta        = 5

  ==> Algorithm <==

  SCF Algorithm Type is DF.
  DIIS enabled.
  MOM disabled.
  Fractional occupation disabled.
  Guess Type is SAD.
  Energy threshold   = 1.00e-06
  Density threshold  = 1.00e-06
  Integral threshold = 0.00e+00

  ==> Primary Basis <==

  Basis Set: 6-31++G(D,P)
    Blend: 6-31++G(D,P)
    Number of shells: 16
    Number of basis function: 31
    Number of Cartesian functions: 31
    Spherical Harmonics?: false
    Max angular momentum: 2

   => Loading Basis Set <=

    Name: (6-31++G(D,P) AUX)
    Role: JKFIT
    Keyword: DF_BASIS_SCF
    atoms 1   entry O          line   270 file /home/sulstice/software/miniconda2/envs/qmpython2/share/psi4/basis/aug-cc-pvdz-jkfit.gbs 
    atoms 2-3 entry H          line    70 file /home/sulstice/software/miniconda2/envs/qmpython2/share/psi4/basis/aug-cc-pvdz-jkfit.gbs 

  ==> Pre-Iterations <==

   -------------------------------------------------------
    Irrep   Nso     Nmo     Nalpha   Nbeta   Ndocc  Nsocc
   -------------------------------------------------------
     A1        15      15       0       0       0       0
     A2         2       2       0       0       0       0
     B1         5       5       0       0       0       0
     B2         9       9       0       0       0       0
   -------------------------------------------------------
    Total      31      31       5       5       5       0
   -------------------------------------------------------

  ==> Integral Setup <==

  DFHelper Memory: AOs need 0.002 GiB; user supplied 5.588 GiB. Using in-core AOs.

  ==> MemDFJK: Density-Fitted J/K Matrices <==

    J tasked:                   Yes
    K tasked:                   Yes
    wK tasked:                   No
    OpenMP threads:              10
    Memory [MiB]:              5722
    Algorithm:                 Core
    Schwarz Cutoff:           1E-12
    Mask sparsity (%):       0.0000
    Fitting Condition:        1E-10

   => Auxiliary Basis Set <=

  Basis Set: (6-31++G(D,P) AUX)
    Blend: AUG-CC-PVDZ-JKFIT
    Number of shells: 52
    Number of basis function: 171
    Number of Cartesian functions: 171
    Spherical Harmonics?: false
    Max angular momentum: 3

  Minimum eigenvalue in the overlap matrix is 1.2781642053E-02.
  Using Symmetric Orthogonalization.

  SCF Guess: Superposition of Atomic Densities via on-the-fly atomic UHF.

  ==> Iterations <==

                           Total Energy        Delta E     RMS |[F,P]|

   @DF-RHF iter SAD:   -75.46521160515073   -7.54652e+01   0.00000e+00 
   @DF-RHF iter   1:   -75.94708960047397   -4.81878e-01   2.50799e-02 DIIS
   @DF-RHF iter   2:   -76.00280120367151   -5.57116e-02   1.57951e-02 DIIS
   @DF-RHF iter   3:   -76.03090931471067   -2.81081e-02   1.15900e-03 DIIS
   @DF-RHF iter   4:   -76.03126347441342   -3.54160e-04   2.41260e-04 DIIS
   @DF-RHF iter   5:   -76.03127936145184   -1.58870e-05   4.45671e-05 DIIS
   @DF-RHF iter   6:   -76.03128025122101   -8.89769e-07   1.03584e-05 DIIS
   @DF-RHF iter   7:   -76.03128030803181   -5.68108e-08   1.47609e-06 DIIS
   @DF-RHF iter   8:   -76.03128030905700   -1.02519e-09   2.35412e-07 DIIS
  Energy and wave function converged.


  ==> Post-Iterations <==

    Orbital Energies [Eh]
    ---------------------

    Doubly Occupied:                                                      

       1A1   -20.579060     2A1    -1.362178     1B2    -0.732834  
       3A1    -0.581093     1B1    -0.509747  

    Virtual:                                                              

       4A1     0.042576     2B2     0.071876     5A1     0.239316  
       2B1     0.252155     6A1     0.283700     3B2     0.313451  
       4B2     0.366293     7A1     0.407358     5B2     1.193589  
       8A1     1.283832     9A1     1.393035     3B1     1.405102  
       6B2     1.420327    10A1     1.595125     1A2     1.785991  
      11A1     1.836719     4B1     1.923693     7B2     2.570119  
      12A1     2.601134     8B2     2.909705     5B1     2.989803  
       2A2     3.000262    13A1     3.410980    14A1     3.787373  
       9B2     3.978747    15A1     4.451832  

    Final Occupation by Irrep:
             A1    A2    B1    B2 
    DOCC [     3,    0,    1,    1 ]

  @DF-RHF Final Energy:   -76.03128030905700

   => Energetics <=

    Nuclear Repulsion Energy =              9.3254518423043891
    One-Electron Energy =                -123.1836395842444460
    Two-Electron Energy =                  37.8269074328830612
    Total Energy =                        -76.0312803090569957

Computation Completed


Properties will be evaluated at   0.000000,   0.000000,   0.000000 [a0]

Properties computed using the SCF density matrix

  Nuclear Dipole Moment: [e a0]
     X:     0.0000      Y:     0.0000      Z:     0.9328

  Electronic Dipole Moment: [e a0]
     X:     0.0000      Y:     0.0000      Z:    -0.0566

  Dipole Moment: [e a0]
     X:     0.0000      Y:     0.0000      Z:     0.8763     Total:     0.8763

  Dipole Moment: [D]
     X:     0.0000      Y:     0.0000      Z:     2.2273     Total:     2.2273


*** tstop() called on wanukaka at Thu Apr 14 12:37:53 2022
Module time:
	user time   =       4.93 seconds =       0.08 minutes
	system time =       0.23 seconds =       0.00 minutes
	total time  =          0 seconds =       0.00 minutes
Total time:
	user time   =     157.01 seconds =       2.62 minutes
	system time =       6.72 seconds =       0.11 minutes
	total time  =         17 seconds =       0.28 minutes
hessian() using ref_gradient to assess stationary point.

  Based on options and gradient (rms=2.27E-06), recommend projecting translations and projecting rotations.
hessian() will perform analytic frequency computation.

*** tstart() called on wanukaka
*** at Thu Apr 14 12:37:53 2022

   => Loading Basis Set <=

    Name: 6-31++G(D,P)
    Role: ORBITAL
    Keyword: BASIS
    atoms 1   entry O          line   153 file /home/sulstice/software/miniconda2/envs/qmpython2/share/psi4/basis/6-31ppg_d_p_.gbs 
    atoms 2-3 entry H          line    46 file /home/sulstice/software/miniconda2/envs/qmpython2/share/psi4/basis/6-31ppg_d_p_.gbs 


         ---------------------------------------------------------
                                   SCF
               by Justin Turney, Rob Parrish, Andy Simmonett
                          and Daniel G. A. Smith
                              RHF Reference
                       10 Threads,   7629 MiB Core
         ---------------------------------------------------------

  ==> Geometry <==

    Molecular point group: c2v
    Full point group: C2v

    Geometry (in Angstrom), charge = 0, multiplicity = 1:

       Center              X                  Y                   Z               Mass       
    ------------   -----------------  -----------------  -----------------  -----------------
         O            0.000000000000     0.000000000000    -0.062718675393    15.994914619570
         H            0.000000000000    -0.758660589539     0.497695446076     1.007825032230
         H            0.000000000000     0.758660589539     0.497695446076     1.007825032230

  Running in c2v symmetry.

  Rotational constants: A =     29.98532  B =     14.53069  C =      9.78766 [cm^-1]
  Rotational constants: A = 898937.14313  B = 435619.20111  C = 293426.56219 [MHz]
  Nuclear repulsion =    9.325451842304389

  Charge       = 0
  Multiplicity = 1
  Electrons    = 10
  Nalpha       = 5
  Nbeta        = 5

  ==> Algorithm <==

  SCF Algorithm Type is DF.
  DIIS enabled.
  MOM disabled.
  Fractional occupation disabled.
  Guess Type is SAD.
  Energy threshold   = 1.00e-08
  Density threshold  = 1.00e-08
  Integral threshold = 0.00e+00

  ==> Primary Basis <==

  Basis Set: 6-31++G(D,P)
    Blend: 6-31++G(D,P)
    Number of shells: 16
    Number of basis function: 31
    Number of Cartesian functions: 31
    Spherical Harmonics?: false
    Max angular momentum: 2

   => Loading Basis Set <=

    Name: (6-31++G(D,P) AUX)
    Role: JKFIT
    Keyword: DF_BASIS_SCF
    atoms 1   entry O          line   270 file /home/sulstice/software/miniconda2/envs/qmpython2/share/psi4/basis/aug-cc-pvdz-jkfit.gbs 
    atoms 2-3 entry H          line    70 file /home/sulstice/software/miniconda2/envs/qmpython2/share/psi4/basis/aug-cc-pvdz-jkfit.gbs 

  ==> Pre-Iterations <==

   -------------------------------------------------------
    Irrep   Nso     Nmo     Nalpha   Nbeta   Ndocc  Nsocc
   -------------------------------------------------------
     A1        15      15       0       0       0       0
     A2         2       2       0       0       0       0
     B1         5       5       0       0       0       0
     B2         9       9       0       0       0       0
   -------------------------------------------------------
    Total      31      31       5       5       5       0
   -------------------------------------------------------

  ==> Integral Setup <==

  DFHelper Memory: AOs need 0.002 GiB; user supplied 5.588 GiB. Using in-core AOs.

  ==> MemDFJK: Density-Fitted J/K Matrices <==

    J tasked:                   Yes
    K tasked:                   Yes
    wK tasked:                   No
    OpenMP threads:              10
    Memory [MiB]:              5722
    Algorithm:                 Core
    Schwarz Cutoff:           1E-12
    Mask sparsity (%):       0.0000
    Fitting Condition:        1E-10

   => Auxiliary Basis Set <=

  Basis Set: (6-31++G(D,P) AUX)
    Blend: AUG-CC-PVDZ-JKFIT
    Number of shells: 52
    Number of basis function: 171
    Number of Cartesian functions: 171
    Spherical Harmonics?: false
    Max angular momentum: 3

  Minimum eigenvalue in the overlap matrix is 1.2781642053E-02.
  Using Symmetric Orthogonalization.

  SCF Guess: Superposition of Atomic Densities via on-the-fly atomic UHF.

  ==> Iterations <==

                           Total Energy        Delta E     RMS |[F,P]|

   @DF-RHF iter SAD:   -75.46521160515073   -7.54652e+01   0.00000e+00 
   @DF-RHF iter   1:   -75.94708960047392   -4.81878e-01   2.50799e-02 DIIS
   @DF-RHF iter   2:   -76.00280120367161   -5.57116e-02   1.57951e-02 DIIS
   @DF-RHF iter   3:   -76.03090931471073   -2.81081e-02   1.15900e-03 DIIS
   @DF-RHF iter   4:   -76.03126347441336   -3.54160e-04   2.41260e-04 DIIS
   @DF-RHF iter   5:   -76.03127936145188   -1.58870e-05   4.45671e-05 DIIS
   @DF-RHF iter   6:   -76.03128025122099   -8.89769e-07   1.03584e-05 DIIS
   @DF-RHF iter   7:   -76.03128030803181   -5.68108e-08   1.47609e-06 DIIS
   @DF-RHF iter   8:   -76.03128030905695   -1.02514e-09   2.35412e-07 DIIS
   @DF-RHF iter   9:   -76.03128030908090   -2.39453e-11   6.37620e-08 DIIS
   @DF-RHF iter  10:   -76.03128030908240   -1.50635e-12   6.83667e-09 DIIS
  Energy and wave function converged.


  ==> Post-Iterations <==

    Orbital Energies [Eh]
    ---------------------

    Doubly Occupied:                                                      

       1A1   -20.579061     2A1    -1.362179     1B2    -0.732834  
       3A1    -0.581093     1B1    -0.509748  

    Virtual:                                                              

       4A1     0.042576     2B2     0.071876     5A1     0.239316  
       2B1     0.252155     6A1     0.283700     3B2     0.313451  
       4B2     0.366293     7A1     0.407358     5B2     1.193589  
       8A1     1.283832     9A1     1.393035     3B1     1.405101  
       6B2     1.420327    10A1     1.595125     1A2     1.785990  
      11A1     1.836718     4B1     1.923693     7B2     2.570119  
      12A1     2.601134     8B2     2.909704     5B1     2.989803  
       2A2     3.000262    13A1     3.410980    14A1     3.787373  
       9B2     3.978747    15A1     4.451832  

    Final Occupation by Irrep:
             A1    A2    B1    B2 
    DOCC [     3,    0,    1,    1 ]

  @DF-RHF Final Energy:   -76.03128030908240

   => Energetics <=

    Nuclear Repulsion Energy =              9.3254518423043891
    One-Electron Energy =                -123.1836339721803171
    Two-Electron Energy =                  37.8269018207935090
    Total Energy =                        -76.0312803090824190

Computation Completed


Properties will be evaluated at   0.000000,   0.000000,   0.000000 [a0]

Properties computed using the SCF density matrix

  Nuclear Dipole Moment: [e a0]
     X:     0.0000      Y:     0.0000      Z:     0.9328

  Electronic Dipole Moment: [e a0]
     X:     0.0000      Y:     0.0000      Z:    -0.0566

  Dipole Moment: [e a0]
     X:     0.0000      Y:     0.0000      Z:     0.8763     Total:     0.8763

  Dipole Moment: [D]
     X:     0.0000      Y:     0.0000      Z:     2.2273     Total:     2.2273


*** tstop() called on wanukaka at Thu Apr 14 12:37:54 2022
Module time:
	user time   =       4.99 seconds =       0.08 minutes
	system time =       0.22 seconds =       0.00 minutes
	total time  =          1 seconds =       0.02 minutes
Total time:
	user time   =     162.07 seconds =       2.70 minutes
	system time =       6.96 seconds =       0.12 minutes
	total time  =         18 seconds =       0.30 minutes

*** tstart() called on wanukaka
*** at Thu Apr 14 12:37:54 2022


         ------------------------------------------------------------
                                   SCF HESS                          
                          Rob Parrish, Justin Turney,                
                       Andy Simmonett, and Alex Sokolov              
         ------------------------------------------------------------

  ==> Geometry <==

    Molecular point group: c2v
    Full point group: C2v

    Geometry (in Angstrom), charge = 0, multiplicity = 1:

       Center              X                  Y                   Z               Mass       
    ------------   -----------------  -----------------  -----------------  -----------------
         O            0.000000000000     0.000000000000    -0.062718675393    15.994914619570
         H            0.000000000000    -0.758660589539     0.497695446076     1.007825032230
         H            0.000000000000     0.758660589539     0.497695446076     1.007825032230

  Nuclear repulsion =    9.325451842304389

  ==> Basis Set <==

  Basis Set: 6-31++G(D,P)
    Blend: 6-31++G(D,P)
    Number of shells: 16
    Number of basis function: 31
    Number of Cartesian functions: 31
    Spherical Harmonics?: false
    Max angular momentum: 2

  ==> DFJKGrad: Density-Fitted SCF Gradients <==

    Gradient:                    2
    J tasked:                  Yes
    K tasked:                  Yes
    wK tasked:                  No
    OpenMP threads:             10
    Integrals threads:          10
    Memory [MiB]:             5722
    Schwarz Cutoff:          0E+00
    Fitting Condition:       1E-10

   => Auxiliary Basis Set <=

  Basis Set: (6-31++G(D,P) AUX)
    Blend: AUG-CC-PVDZ-JKFIT
    Number of shells: 52
    Number of basis function: 171
    Number of Cartesian functions: 171
    Spherical Harmonics?: false
    Max angular momentum: 3

  DFHelper Memory: AOs need 0.002 GiB; user supplied 6.706 GiB. Using in-core AOs.

  ==> MemDFJK: Density-Fitted J/K Matrices <==

    J tasked:                   Yes
    K tasked:                   Yes
    wK tasked:                   No
    OpenMP threads:              10
    Memory [MiB]:              6866
    Algorithm:                 Core
    Schwarz Cutoff:           1E-12
    Mask sparsity (%):       0.0000
    Fitting Condition:        1E-10

   => Auxiliary Basis Set <=

  Basis Set: (6-31++G(D,P) AUX)
    Blend: AUG-CC-PVDZ-JKFIT
    Number of shells: 52
    Number of basis function: 171
    Number of Cartesian functions: 171
    Spherical Harmonics?: false
    Max angular momentum: 3


         ------------------------------------------------------------
                                     CPHF                           
                                  Rob Parrish                       
         ------------------------------------------------------------

  ==> Geometry <==

    Molecular point group: c2v
    Full point group: C2v

    Geometry (in Angstrom), charge = 0, multiplicity = 1:

       Center              X                  Y                   Z               Mass       
    ------------   -----------------  -----------------  -----------------  -----------------
         O            0.000000000000     0.000000000000    -0.062718675393    15.994914619570
         H            0.000000000000    -0.758660589539     0.497695446076     1.007825032230
         H            0.000000000000     0.758660589539     0.497695446076     1.007825032230

  Nuclear repulsion =    9.325451842304389
  Reference energy  =  -76.031280309082405

  ==> Basis Set <==

  Basis Set: 6-31++G(D,P)
    Blend: 6-31++G(D,P)
    Number of shells: 16
    Number of basis function: 31
    Number of Cartesian functions: 31
    Spherical Harmonics?: false
    Max angular momentum: 2

  ==> CGRSolver (by Rob Parrish) <==

   Number of roots    =         9
   Preconditioning    =    JACOBI
   Convergence cutoff =     1E-06
   Maximum iterations =       100

  ==> CPHFRHamiltonian (by Rob Parrish) <== 

  ==> MemDFJK: Density-Fitted J/K Matrices <==

    J tasked:                   Yes
    K tasked:                   Yes
    wK tasked:                   No
    OpenMP threads:              10
    Memory [MiB]:              6866
    Algorithm:                 Core
    Schwarz Cutoff:           1E-12
    Mask sparsity (%):       0.0000
    Fitting Condition:        1E-10

   => Auxiliary Basis Set <=

  Basis Set: (6-31++G(D,P) AUX)
    Blend: AUG-CC-PVDZ-JKFIT
    Number of shells: 52
    Number of basis function: 171
    Number of Cartesian functions: 171
    Spherical Harmonics?: false
    Max angular momentum: 3

  ==> CPHF Iterations <==

  => Iterations <=

             Iter  Converged  Remaining    Residual
  CGR           1          0          9   1.184E-01
  CGR           2          0          9   2.277E-02
  CGR           3          0          9   4.649E-03
  CGR           4          0          9   9.603E-04
  CGR           5          0          9   1.572E-04
  CGR           6          0          9   2.559E-05
  CGR           7          2          7   5.261E-06
  CGR           8          7          2   1.081E-06
  CGR           9          9          0   1.199E-07

    CGRSolver converged.


*** tstop() called on wanukaka at Thu Apr 14 12:38:00 2022
Module time:
	user time   =      62.44 seconds =       1.04 minutes
	system time =       1.64 seconds =       0.03 minutes
	total time  =          6 seconds =       0.10 minutes
Total time:
	user time   =     224.52 seconds =       3.74 minutes
	system time =       8.60 seconds =       0.14 minutes
	total time  =         24 seconds =       0.40 minutes


  ==> Harmonic Vibrational Analysis <==

  non-mass-weighted Hessian:       Symmetric? True   Hermitian? True   Lin Dep Dim?  0 (0)
  projection of translations (True) and rotations (True) removed 6 degrees of freedom (6)
  total projector:                 Symmetric? True   Hermitian? True   Lin Dep Dim?  6 (6)
  mass-weighted Hessian:           Symmetric? True   Hermitian? True   Lin Dep Dim?  0 (0)
  pre-proj  low-frequency mode:    0.0000i [cm^-1]
  pre-proj  low-frequency mode:    0.0000i [cm^-1]
  pre-proj  low-frequency mode:    0.0000i [cm^-1]
  pre-proj  low-frequency mode:    0.0000i [cm^-1]
  pre-proj  low-frequency mode:    0.0000i [cm^-1]
  pre-proj  low-frequency mode:    0.0237  [cm^-1]
  pre-proj  all modes:['8.8117i' '5.2966i' '2.0081i' '0.0392i' '0.0088i' '0.0237' '1728.8407'
 '4146.9739' '4269.1951']
  projected mass-weighted Hessian: Symmetric? True   Hermitian? True   Lin Dep Dim?  6 (6)
  post-proj low-frequency mode:    0.0001i [cm^-1] (TR)
  post-proj low-frequency mode:    0.0000i [cm^-1] (TR)
  post-proj low-frequency mode:    0.0000i [cm^-1] (TR)
  post-proj low-frequency mode:    0.0000i [cm^-1] (TR)
  post-proj low-frequency mode:    0.0000  [cm^-1] (TR)
  post-proj low-frequency mode:    0.0000  [cm^-1] (TR)
  post-proj  all modes:['0.0001i' '0.0000i' '0.0000i' '0.0000i' '0.0000' '0.0000' '1728.8407'
 '4146.9739' '4269.1951']

  Vibration                       7                   8                   9           
  Freq [cm^-1]                1728.8407           4146.9739           4269.1951       
  Irrep                           A1                  A1                  B2          
  Reduced mass [u]              1.0836              1.0443              1.0844        
  Force const [mDyne/A]         1.9082             10.5814             11.6450        
  Turning point v=0 [a0]        0.2535              0.1667              0.1613        
  RMS dev v=0 [a0 u^1/2]        0.1866              0.1205              0.1187        
  IR activ [km/mol]            113.6669            20.3432             89.3476        
  Char temp [K]               2487.4169           5966.5721           6142.4213       
  ----------------------------------------------------------------------------------
      1   O               -0.00 -0.00 -0.07   -0.00 -0.00  0.05   -0.00 -0.07 -0.00   
      2   H                0.00  0.42  0.56    0.00  0.59 -0.39    0.00  0.57 -0.42   
      3   H                0.00 -0.42  0.56    0.00 -0.59 -0.39    0.00  0.57  0.42   

  ==> Thermochemistry Components <==

  Entropy, S
    Electronic S            0.000 [cal/(mol K)]        0.000 [J/(mol K)]       0.00000000 [mEh/K] (multiplicity = 1)
    Translational S        34.608 [cal/(mol K)]      144.801 [J/(mol K)]       0.05515177 [mEh/K] (mol. weight = 18.0106 [u], P = 101325.00 [Pa])
    Rotational S           10.335 [cal/(mol K)]       43.242 [J/(mol K)]       0.01647019 [mEh/K] (symmetry no. = 2)
    Vibrational S           0.004 [cal/(mol K)]        0.019 [J/(mol K)]       0.00000705 [mEh/K]
  Total S                  44.948 [cal/(mol K)]      188.062 [J/(mol K)]       0.07162901 [mEh/K]
  Correction S              0.000 [cal/(mol K)]        0.000 [J/(mol K)]       0.00000000 [mEh/K]

  Constant volume heat capacity, Cv
    Electronic Cv           0.000 [cal/(mol K)]        0.000 [J/(mol K)]       0.00000000 [mEh/K]
    Translational Cv        2.981 [cal/(mol K)]       12.472 [J/(mol K)]       0.00475022 [mEh/K]
    Rotational Cv           2.981 [cal/(mol K)]       12.472 [J/(mol K)]       0.00475022 [mEh/K]
    Vibrational Cv          0.033 [cal/(mol K)]        0.138 [J/(mol K)]       0.00005251 [mEh/K]
  Total Cv                  5.995 [cal/(mol K)]       25.081 [J/(mol K)]       0.00955294 [mEh/K]
  Correction Cv             0.000 [cal/(mol K)]        0.000 [J/(mol K)]       0.00000000 [mEh/K]

  Constant pressure heat capacity, Cp
    Electronic Cp           0.000 [cal/(mol K)]        0.000 [J/(mol K)]       0.00000000 [mEh/K]
    Translational Cp        4.968 [cal/(mol K)]       20.786 [J/(mol K)]       0.00791703 [mEh/K]
    Rotational Cp           2.981 [cal/(mol K)]       12.472 [J/(mol K)]       0.00475022 [mEh/K]
    Vibrational Cp          0.033 [cal/(mol K)]        0.138 [J/(mol K)]       0.00005251 [mEh/K]
  Total Cp                  7.982 [cal/(mol K)]       33.396 [J/(mol K)]       0.01271975 [mEh/K]
  Correction Cp             0.000 [cal/(mol K)]        0.000 [J/(mol K)]       0.00000000 [mEh/K]

  ==> Thermochemistry Energy Analysis <==

  Raw electronic energy, E0
  Total E0, Electronic energy at well bottom at 0 [K]                  -76.03128031 [Eh]

  Zero-point energy, ZPE_vib = Sum_i nu_i / 2
    Electronic ZPE          0.000 [kcal/mol]        0.000 [kJ/mol]       0.00000000 [Eh]
    Translational ZPE       0.000 [kcal/mol]        0.000 [kJ/mol]       0.00000000 [Eh]
    Rotational ZPE          0.000 [kcal/mol]        0.000 [kJ/mol]       0.00000000 [Eh]
    Vibrational ZPE        14.503 [kcal/mol]       60.681 [kJ/mol]       0.02311203 [Eh]        5072.505 [cm^-1]
  Correction ZPE           14.503 [kcal/mol]       60.681 [kJ/mol]       0.02311203 [Eh]        5072.505 [cm^-1]
  Total ZPE, Electronic energy at 0 [K]                                -76.00816828 [Eh]

  Thermal Energy, E (includes ZPE)
    Electronic E            0.000 [kcal/mol]        0.000 [kJ/mol]       0.00000000 [Eh]
    Translational E         0.889 [kcal/mol]        3.718 [kJ/mol]       0.00141628 [Eh]
    Rotational E            0.889 [kcal/mol]        3.718 [kJ/mol]       0.00141628 [Eh]
    Vibrational E          14.504 [kcal/mol]       60.686 [kJ/mol]       0.02311391 [Eh]
  Correction E             16.282 [kcal/mol]       68.122 [kJ/mol]       0.02594646 [Eh]
  Total E, Electronic energy at  298.15 [K]                            -76.00533385 [Eh]

  Enthalpy, H_trans = E_trans + k_B * T
    Electronic H            0.000 [kcal/mol]        0.000 [kJ/mol]       0.00000000 [Eh]
    Translational H         1.481 [kcal/mol]        6.197 [kJ/mol]       0.00236046 [Eh]
    Rotational H            0.889 [kcal/mol]        3.718 [kJ/mol]       0.00141628 [Eh]
    Vibrational H          14.504 [kcal/mol]       60.686 [kJ/mol]       0.02311391 [Eh]
  Correction H             16.874 [kcal/mol]       70.601 [kJ/mol]       0.02689065 [Eh]
  Total H, Enthalpy at  298.15 [K]                                     -76.00438966 [Eh]

  Gibbs free energy, G = H - T * S
    Electronic G            0.000 [kcal/mol]        0.000 [kJ/mol]       0.00000000 [Eh]
    Translational G        -8.837 [kcal/mol]      -36.975 [kJ/mol]      -0.01408304 [Eh]
    Rotational G           -2.193 [kcal/mol]       -9.174 [kJ/mol]      -0.00349431 [Eh]
    Vibrational G          14.503 [kcal/mol]       60.680 [kJ/mol]       0.02311181 [Eh]
  Correction G              3.473 [kcal/mol]       14.531 [kJ/mol]       0.00553446 [Eh]
  Total G, Free enthalpy at  298.15 [K]                                -76.02574585 [Eh]
