gradient() will perform analytic gradient computation.

*** tstart() called on wanukaka
*** at Thu Apr 21 15:05:31 2022

   => Loading Basis Set <=

    Name: CC-PVDZ
    Role: ORBITAL
    Keyword: BASIS
    atoms 1-6  entry C          line   138 file /home/sulstice/software/miniconda2/envs/qmpython2/share/psi4/basis/cc-pvdz.gbs 
    atoms 7-12 entry H          line    22 file /home/sulstice/software/miniconda2/envs/qmpython2/share/psi4/basis/cc-pvdz.gbs 


         ---------------------------------------------------------
                                   SCF
               by Justin Turney, Rob Parrish, Andy Simmonett
                          and Daniel G. A. Smith
                              RHF Reference
                       12 Threads,   7629 MiB Core
         ---------------------------------------------------------

  ==> Geometry <==

    Molecular point group: c1
    Full point group: C1

    Geometry (in Angstrom), charge = 0, multiplicity = 1:

       Center              X                  Y                   Z               Mass       
    ------------   -----------------  -----------------  -----------------  -----------------
         C           -0.762035129131     1.168403333333    -0.000521537536    12.000000000000
         C            0.630834870869     1.243953333333    -0.001191537536    12.000000000000
         C            1.392704870869     0.075793333333     0.000398462464    12.000000000000
         C            0.762034870869    -1.168396666667     0.002718462464    12.000000000000
         C           -0.630835129131    -1.243956666667     0.000128462464    12.000000000000
         C           -1.392705129131    -0.075796666667    -0.001531537536    12.000000000000
         H           -1.355605129131     2.078513333333     0.000518462464     1.007825032230
         H            1.122274870869     2.213303333333    -0.002821537536     1.007825032230
         H            2.477914870869     0.134733333333    -0.000041537536     1.007825032230
         H            1.355604870869    -2.078506666667     0.006288462464     1.007825032230
         H           -1.122265129131    -2.213306666667    -0.000481537536     1.007825032230
         H           -2.477915129131    -0.134736666667    -0.003471537536     1.007825032230

  Running in c1 symmetry.

  Rotational constants: A =      0.19014  B =      0.19014  C =      0.09507 [cm^-1]
  Rotational constants: A =   5700.40336  B =   5700.20496  C =   2850.15460 [MHz]
  Nuclear repulsion =  203.416220078318048

  Charge       = 0
  Multiplicity = 1
  Electrons    = 42
  Nalpha       = 21
  Nbeta        = 21

  ==> Algorithm <==

  SCF Algorithm Type is DF.
  DIIS enabled.
  MOM disabled.
  Fractional occupation disabled.
  Guess Type is SAD.
  Energy threshold   = 1.00e-08
  Density threshold  = 1.00e-08
  Integral threshold = 0.00e+00

  ==> Primary Basis <==

  Basis Set: CC-PVDZ
    Blend: CC-PVDZ
    Number of shells: 54
    Number of basis function: 114
    Number of Cartesian functions: 120
    Spherical Harmonics?: true
    Max angular momentum: 2

   => Loading Basis Set <=

    Name: (CC-PVDZ AUX)
    Role: JKFIT
    Keyword: DF_BASIS_SCF
    atoms 1-6  entry C          line   121 file /home/sulstice/software/miniconda2/envs/qmpython2/share/psi4/basis/cc-pvdz-jkfit.gbs 
    atoms 7-12 entry H          line    51 file /home/sulstice/software/miniconda2/envs/qmpython2/share/psi4/basis/cc-pvdz-jkfit.gbs 

  ==> Pre-Iterations <==

   -------------------------------------------------------
    Irrep   Nso     Nmo     Nalpha   Nbeta   Ndocc  Nsocc
   -------------------------------------------------------
     A        114     114       0       0       0       0
   -------------------------------------------------------
    Total     114     114      21      21      21       0
   -------------------------------------------------------

  ==> Integral Setup <==

  DFHelper Memory: AOs need 0.059 GiB; user supplied 5.588 GiB. Using in-core AOs.

  ==> MemDFJK: Density-Fitted J/K Matrices <==

    J tasked:                   Yes
    K tasked:                   Yes
    wK tasked:                   No
    OpenMP threads:              12
    Memory [MiB]:              5722
    Algorithm:                 Core
    Schwarz Cutoff:           1E-12
    Mask sparsity (%):       0.3693
    Fitting Condition:        1E-10

   => Auxiliary Basis Set <=

  Basis Set: (CC-PVDZ AUX)
    Blend: CC-PVDZ-JKFIT
    Number of shells: 198
    Number of basis function: 558
    Number of Cartesian functions: 636
    Spherical Harmonics?: true
    Max angular momentum: 3

  Minimum eigenvalue in the overlap matrix is 3.6282698797E-04.
  Using Symmetric Orthogonalization.

  SCF Guess: Superposition of Atomic Densities via on-the-fly atomic UHF.

  ==> Iterations <==

                           Total Energy        Delta E     RMS |[F,P]|

   @DF-RHF iter SAD:  -230.11182864533393   -2.30112e+02   0.00000e+00 
   @DF-RHF iter   1:  -230.61103345358768   -4.99205e-01   3.46045e-03 DIIS
   @DF-RHF iter   2:  -230.70472297350028   -9.36895e-02   1.51166e-03 DIIS
   @DF-RHF iter   3:  -230.72047683565148   -1.57539e-02   3.11650e-04 DIIS
   @DF-RHF iter   4:  -230.72158347331555   -1.10664e-03   2.77759e-05 DIIS
   @DF-RHF iter   5:  -230.72159434835521   -1.08750e-05   5.22142e-06 DIIS
   @DF-RHF iter   6:  -230.72159473363155   -3.85276e-07   5.75579e-07 DIIS
   @DF-RHF iter   7:  -230.72159473798820   -4.35665e-09   6.98953e-08 DIIS
   @DF-RHF iter   8:  -230.72159473804032   -5.21254e-11   2.76383e-08 DIIS
   @DF-RHF iter   9:  -230.72159473804584   -5.51381e-12   4.06363e-09 DIIS
  Energy and wave function converged.


  ==> Post-Iterations <==

    Orbital Energies [Eh]
    ---------------------

    Doubly Occupied:                                                      

       1A    -11.239637     2A    -11.239086     3A    -11.239081  
       4A    -11.237894     5A    -11.237887     6A    -11.237309  
       7A     -1.148173     8A     -1.012684     9A     -1.012641  
      10A     -0.821029    11A     -0.820925    12A     -0.704704  
      13A     -0.639920    14A     -0.615168    15A     -0.583916  
      16A     -0.583892    17A     -0.499045    18A     -0.490522  
      19A     -0.490343    20A     -0.333674    21A     -0.333603  

    Virtual:                                                              

      22A      0.137134    23A      0.137232    24A      0.181988  
      25A      0.219813    26A      0.219823    27A      0.255545  
      28A      0.255547    29A      0.272199    30A      0.350703  
      31A      0.437088    32A      0.437136    33A      0.469093  
      34A      0.469213    35A      0.584938    36A      0.588393  
      37A      0.672029    38A      0.680473    39A      0.712743  
      40A      0.731906    41A      0.731947    42A      0.739592  
      43A      0.739681    44A      0.742175    45A      0.742252  
      46A      0.743191    47A      0.822888    48A      0.822931  
      49A      0.852428    50A      0.852535    51A      0.887509  
      52A      0.887530    53A      0.910094    54A      0.988097  
      55A      0.997879    56A      1.049139    57A      1.106291  
      58A      1.106410    59A      1.125726    60A      1.152255  
      61A      1.204632    62A      1.204648    63A      1.244471  
      64A      1.244510    65A      1.245892    66A      1.245936  
      67A      1.311029    68A      1.319675    69A      1.319719  
      70A      1.469664    71A      1.514028    72A      1.514058  
      73A      1.719860    74A      1.743261    75A      1.743303  
      76A      1.766734    77A      1.811678    78A      1.871104  
      79A      1.871106    80A      1.894904    81A      1.894921  
      82A      1.898619    83A      1.952126    84A      1.952166  
      85A      1.962553    86A      1.962650    87A      1.964127  
      88A      2.091319    89A      2.091439    90A      2.121577  
      91A      2.148449    92A      2.148480    93A      2.166592  
      94A      2.166866    95A      2.168036    96A      2.265600  
      97A      2.265615    98A      2.280396    99A      2.280469  
     100A      2.326224   101A      2.501323   102A      2.560722  
     103A      2.701772   104A      2.760855   105A      2.761041  
     106A      2.784333   107A      2.784528   108A      2.963218  
     109A      2.963387   110A      3.004795   111A      3.132308  
     112A      3.272534   113A      3.272611   114A      4.026993  

    Final Occupation by Irrep:
              A 
    DOCC [    21 ]

  @DF-RHF Final Energy:  -230.72159473804584

   => Energetics <=

    Nuclear Repulsion Energy =            203.4162200783180481
    One-Electron Energy =                -713.2333599175219661
    Two-Electron Energy =                 279.0955451011581090
    Total Energy =                       -230.7215947380458374

Computation Completed


Properties will be evaluated at   0.000000,   0.000000,   0.000000 [a0]

Properties computed using the SCF density matrix

  Nuclear Dipole Moment: [e a0]
     X:     0.0000      Y:     0.0000      Z:    -0.0000

  Electronic Dipole Moment: [e a0]
     X:    -0.0000      Y:    -0.0000      Z:     0.0000

  Dipole Moment: [e a0]
     X:    -0.0000      Y:    -0.0000      Z:    -0.0000     Total:     0.0000

  Dipole Moment: [D]
     X:    -0.0000      Y:    -0.0000      Z:    -0.0000     Total:     0.0000


*** tstop() called on wanukaka at Thu Apr 21 15:05:33 2022
Module time:
	user time   =      12.01 seconds =       0.20 minutes
	system time =       0.30 seconds =       0.01 minutes
	total time  =          2 seconds =       0.03 minutes
Total time:
	user time   =     458.97 seconds =       7.65 minutes
	system time =      16.18 seconds =       0.27 minutes
	total time  =         52 seconds =       0.87 minutes

*** tstart() called on wanukaka
*** at Thu Apr 21 15:05:33 2022


         ------------------------------------------------------------
                                   SCF GRAD                          
                          Rob Parrish, Justin Turney,                
                       Andy Simmonett, and Alex Sokolov              
         ------------------------------------------------------------

  ==> Geometry <==

    Molecular point group: c1
    Full point group: C1

    Geometry (in Angstrom), charge = 0, multiplicity = 1:

       Center              X                  Y                   Z               Mass       
    ------------   -----------------  -----------------  -----------------  -----------------
         C           -0.762035129131     1.168403333333    -0.000521537536    12.000000000000
         C            0.630834870869     1.243953333333    -0.001191537536    12.000000000000
         C            1.392704870869     0.075793333333     0.000398462464    12.000000000000
         C            0.762034870869    -1.168396666667     0.002718462464    12.000000000000
         C           -0.630835129131    -1.243956666667     0.000128462464    12.000000000000
         C           -1.392705129131    -0.075796666667    -0.001531537536    12.000000000000
         H           -1.355605129131     2.078513333333     0.000518462464     1.007825032230
         H            1.122274870869     2.213303333333    -0.002821537536     1.007825032230
         H            2.477914870869     0.134733333333    -0.000041537536     1.007825032230
         H            1.355604870869    -2.078506666667     0.006288462464     1.007825032230
         H           -1.122265129131    -2.213306666667    -0.000481537536     1.007825032230
         H           -2.477915129131    -0.134736666667    -0.003471537536     1.007825032230

  Nuclear repulsion =  203.416220078318048

  ==> Basis Set <==

  Basis Set: CC-PVDZ
    Blend: CC-PVDZ
    Number of shells: 54
    Number of basis function: 114
    Number of Cartesian functions: 120
    Spherical Harmonics?: true
    Max angular momentum: 2

  ==> DFJKGrad: Density-Fitted SCF Gradients <==

    Gradient:                    1
    J tasked:                  Yes
    K tasked:                  Yes
    wK tasked:                  No
    OpenMP threads:             12
    Integrals threads:          12
    Memory [MiB]:             5722
    Schwarz Cutoff:          0E+00
    Fitting Condition:       1E-10

   => Auxiliary Basis Set <=

  Basis Set: (CC-PVDZ AUX)
    Blend: CC-PVDZ-JKFIT
    Number of shells: 198
    Number of basis function: 558
    Number of Cartesian functions: 636
    Spherical Harmonics?: true
    Max angular momentum: 3


  -Total Gradient:
     Atom            X                  Y                   Z
    ------   -----------------  -----------------  -----------------
       1       -0.001971058892     0.003010656443     0.000085628346
       2        0.001656327469     0.002752160863    -0.000045038134
       3        0.003180933283     0.000394937233    -0.000042643232
       4        0.001971358057    -0.003001511848     0.000091679953
       5       -0.001658660428    -0.002758412760    -0.000039980173
       6       -0.003182008083    -0.000398096583    -0.000048742694
       7       -0.001823330211     0.002796269840     0.000100360590
       8        0.001570372494     0.003130690245    -0.000052337416
       9        0.003497804303     0.000175105278    -0.000051596406
      10        0.001825245413    -0.002799175661     0.000108379914
      11       -0.001568132397    -0.003127519564    -0.000049379333
      12       -0.003498851009    -0.000175103484    -0.000056331414


*** tstop() called on wanukaka at Thu Apr 21 15:05:34 2022
Module time:
	user time   =      12.16 seconds =       0.20 minutes
	system time =       0.32 seconds =       0.01 minutes
	total time  =          1 seconds =       0.02 minutes
Total time:
	user time   =     471.15 seconds =       7.85 minutes
	system time =      16.50 seconds =       0.28 minutes
	total time  =         53 seconds =       0.88 minutes

			-----------------------------------------
			 OPTKING 2.0: for geometry optimizations 
			  - R.A. King,  Bethel University        
			-----------------------------------------

	Internal coordinates to be generated automatically.
	Detected frag 1 with atoms:  1 2 3 4 5 6 7 8 9 10 11 12
	---Fragment 1 Bond Connectivity---
	 1 : 2 6 7
	 2 : 1 3 8
	 3 : 2 4 9
	 4 : 3 5 10
	 5 : 4 6 11
	 6 : 1 5 12
	 7 : 1
	 8 : 2
	 9 : 3
	 10 : 4
	 11 : 5
	 12 : 6

	---Fragment 1 Geometry and Gradient---
	 C          -1.4400376920        2.2079623041       -0.0009855631
	 C           1.1921051363        2.3507311129       -0.0022516796
	 C           2.6318307795        0.1432286421        0.0007529849
	 C           1.4400372040       -2.2079497059        0.0051371495
	 C          -1.1921056244       -2.3507374119        0.0002427589
	 C          -2.6318312676       -0.1432349412       -0.0028941865
	 H          -2.5617224283        3.9278209481        0.0009797521
	 H           2.1207921434        4.1825371326       -0.0053319332
	 H           4.6825804681        0.2546091000       -0.0000784946
	 H           2.5617219403       -3.9278083499        0.0118834718
	 H          -2.1207737342       -4.1825434316       -0.0009099741
	 H          -4.6825809562       -0.2546153991       -0.0065602552
	            -0.0019710589        0.0030106564        0.0000856283
	             0.0016563275        0.0027521609       -0.0000450381
	             0.0031809333        0.0003949372       -0.0000426432
	             0.0019713581       -0.0030015118        0.0000916800
	            -0.0016586604       -0.0027584128       -0.0000399802
	            -0.0031820081       -0.0003980966       -0.0000487427
	            -0.0018233302        0.0027962698        0.0001003606
	             0.0015703725        0.0031306902       -0.0000523374
	             0.0034978043        0.0001751053       -0.0000515964
	             0.0018252454       -0.0027991757        0.0001083799
	            -0.0015681324       -0.0031275196       -0.0000493793
	            -0.0034988510       -0.0001751035       -0.0000563314

	Previous optimization step data not found.  Starting new optimization.

	---Fragment 1 Intrafragment Coordinates---
	 - Coordinate -           - BOHR/RAD -       - ANG/DEG -
	 R(1,2)           =         2.636012	       1.394918
	 R(1,6)           =         2.636002	       1.394912
	 R(1,7)           =         2.053313	       1.086566
	 R(2,3)           =         2.635505	       1.394649
	 R(2,8)           =         2.053773	       1.086810
	 R(3,4)           =         2.635988	       1.394905
	 R(3,9)           =         2.053772	       1.086809
	 R(4,5)           =         2.636017	       1.394920
	 R(4,10)          =         2.053323	       1.086572
	 R(5,6)           =         2.635505	       1.394649
	 R(5,11)          =         2.053762	       1.086804
	 R(6,12)          =         2.053775	       1.086811
	 B(1,2,3)         =         2.094526	     120.007482
	 B(1,2,8)         =         2.094199	     119.988764
	 B(1,6,5)         =         2.094530	     120.007755
	 B(1,6,12)        =         2.094198	     119.988723
	 B(2,1,6)         =         2.094126	     119.984577
	 B(2,1,7)         =         2.094526	     120.007526
	 B(2,3,4)         =         2.094530	     120.007717
	 B(2,3,9)         =         2.094454	     120.003402
	 B(3,2,8)         =         2.094461	     120.003753
	 B(3,4,5)         =         2.094132	     119.984901
	 B(3,4,10)        =         2.094532	     120.007825
	 B(4,3,9)         =         2.094201	     119.988881
	 B(4,5,6)         =         2.094521	     120.007199
	 B(4,5,11)        =         2.094198	     119.988704
	 B(5,4,10)        =         2.094522	     120.007272
	 B(5,6,12)        =         2.094457	     120.003521
	 B(6,1,7)         =         2.094533	     120.007895
	 B(6,5,11)        =         2.094467	     120.004096
	 D(1,2,3,4)       =        -0.000049	      -0.002815
	 D(1,2,3,9)       =        -3.141505	    -179.995000
	 D(1,6,5,4)       =        -0.000067	      -0.003828
	 D(1,6,5,11)      =         3.141405	     179.989222
	 D(2,1,6,5)       =         0.002765	       0.158422
	 D(2,1,6,12)      =        -3.138977	    -179.850148
	 D(2,3,4,5)       =         0.002747	       0.157410
	 D(2,3,4,10)      =        -3.139115	    -179.858044
	 D(3,2,1,6)       =        -0.002707	      -0.155101
	 D(3,2,1,7)       =         3.139171	     179.861239
	 D(3,4,5,6)       =        -0.002689	      -0.154088
	 D(3,4,5,11)      =         3.139025	     179.852860
	 D(4,3,2,8)       =         3.141404	     179.989191
	 D(4,5,6,12)      =        -3.141510	    -179.995258
	 D(5,4,3,9)       =        -3.138982	    -179.850404
	 D(5,6,1,7)       =        -3.139113	    -179.857918
	 D(6,1,2,8)       =         3.139025	     179.852892
	 D(6,5,4,10)      =         3.139173	     179.861366
	 D(7,1,2,8)       =        -0.002282	      -0.130769
	 D(7,1,6,12)      =         0.002330	       0.133513
	 D(8,2,3,9)       =        -0.000052	      -0.002993
	 D(9,3,4,10)      =         0.002341	       0.134142
	 D(10,4,5,11)     =        -0.002298	      -0.131686
	 D(11,5,6,12)     =        -0.000039	      -0.002207

	Current energy   :      -230.7215947380

	Generating empirical Hessian (Schlegel '84) for each fragment.
	Taking RFO optimization step.
	Going to follow RFO solution 1.
	Using RFO vector 1.
	Norm of target step-size    0.04469
	Projected energy change by RFO approximation:        -0.0008451235

	Back-transformation to cartesian coordinates...
	Could not converge backtransformation.
	Using first guess instead.

	--- Internal Coordinate Step in ANG or DEG, aJ/ANG or AJ/DEG ---
	 ---------------------------------------------------------------------------
	   Coordinate                Previous        Force       Change         New 
	   ----------                --------       ------       ------       ------
	    1 R(1,2)          =      1.394918    -0.056504    -0.007794     1.387124
	    2 R(1,6)          =      1.394912    -0.056448    -0.007786     1.387126
	    3 R(1,7)          =      1.086566    -0.027503    -0.005003     1.081564
	    4 R(2,3)          =      1.394649    -0.054662    -0.007534     1.387115
	    5 R(2,8)          =      1.086810    -0.028856    -0.005255     1.081554
	    6 R(3,4)          =      1.394905    -0.056409    -0.007780     1.387124
	    7 R(3,9)          =      1.086809    -0.028853    -0.005255     1.081555
	    8 R(4,5)          =      1.394920    -0.056511    -0.007795     1.387125
	    9 R(4,10)         =      1.086572    -0.027534    -0.005008     1.081563
	   10 R(5,6)          =      1.394649    -0.054675    -0.007536     1.387113
	   11 R(5,11)         =      1.086804    -0.028824    -0.005249     1.081555
	   12 R(6,12)         =      1.086811    -0.028863    -0.005256     1.081555
	   13 B(1,2,3)        =    120.007482    -0.000002    -0.005987   120.001495
	   14 B(1,2,8)        =    119.988764     0.000002     0.008552   119.997316
	   15 B(1,6,5)        =    120.007755    -0.000002    -0.006106   120.001649
	   16 B(1,6,12)       =    119.988723     0.000002     0.008574   119.997298
	   17 B(2,1,6)        =    119.984577     0.000004     0.012269   119.996846
	   18 B(2,1,7)        =    120.007526    -0.000002    -0.006030   120.001496
	   19 B(2,3,4)        =    120.007717    -0.000002    -0.006133   120.001584
	   20 B(2,3,9)        =    120.003402    -0.000000    -0.002408   120.000994
	   21 B(3,2,8)        =    120.003753    -0.000000    -0.002573   120.001180
	   22 B(3,4,5)        =    119.984901     0.000004     0.011984   119.996885
	   23 B(3,4,10)       =    120.007825    -0.000002    -0.006116   120.001709
	   24 B(4,3,9)        =    119.988881     0.000002     0.008532   119.997413
	   25 B(4,5,6)        =    120.007199    -0.000002    -0.005746   120.001453
	   26 B(4,5,11)       =    119.988704     0.000002     0.008592   119.997296
	   27 B(5,4,10)       =    120.007272    -0.000002    -0.005902   120.001370
	   28 B(5,6,12)       =    120.003521    -0.000000    -0.002477   120.001044
	   29 B(6,1,7)        =    120.007895    -0.000002    -0.006274   120.001622
	   30 B(6,5,11)       =    120.004096    -0.000000    -0.002853   120.001243
	   31 D(1,2,3,4)      =     -0.002815     0.000000     0.004136     0.001321
	   32 D(1,2,3,9)      =   -179.995000    -0.000000    -0.038921  -180.033920
	   33 D(1,6,5,4)      =     -0.003828     0.000000     0.005801     0.001972
	   34 D(1,6,5,11)     =    179.989222     0.000000     0.045679   180.034902
	   35 D(2,1,6,5)      =      0.158422    -0.000001    -0.235863    -0.077441
	   36 D(2,1,6,12)     =   -179.850148    -0.000001    -0.191692  -180.041839
	   37 D(2,3,4,5)      =      0.157410    -0.000001    -0.234200    -0.076790
	   38 D(2,3,4,10)     =   -179.858044    -0.000001    -0.150021  -180.008065
	   39 D(3,2,1,6)      =     -0.155101     0.000001     0.230895     0.075795
	   40 D(3,2,1,7)      =    179.861239     0.000001     0.145410   180.006649
	   41 D(3,4,5,6)      =     -0.154088     0.000001     0.229231     0.075143
	   42 D(3,4,5,11)     =    179.852860     0.000001     0.189355   180.042215
	   43 D(4,3,2,8)      =    179.989191     0.000000     0.045547   180.034738
	   44 D(4,5,6,12)     =   -179.995258    -0.000000    -0.038373  -180.033631
	   45 D(5,4,3,9)      =   -179.850404    -0.000001    -0.191146  -180.041550
	   46 D(5,6,1,7)      =   -179.857918    -0.000001    -0.150378  -180.008295
	   47 D(6,1,2,8)      =    179.852892     0.000001     0.189487   180.042378
	   48 D(6,5,4,10)     =    179.861366     0.000001     0.145053   180.006418
	   49 D(7,1,2,8)      =     -0.130769     0.000001     0.104001    -0.026768
	   50 D(7,1,6,12)     =      0.133513    -0.000001    -0.106206     0.027307
	   51 D(8,2,3,9)      =     -0.002993     0.000000     0.002993     0.000000
	   52 D(9,3,4,10)     =      0.134142    -0.000001    -0.106967     0.027175
	   53 D(10,4,5,11)    =     -0.131686     0.000001     0.105177    -0.026510
	   54 D(11,5,6,12)    =     -0.002207     0.000000     0.002207     0.000000
	 ---------------------------------------------------------------------------
	Successfully symmetrized geometry.

  ==> Convergence Check <==

  Measures of convergence in internal coordinates in au.
  Criteria marked as inactive (o), active & met (*), and active & unmet ( ).
  --------------------------------------------------------------------------------------------- ~
   Step     Total Energy     Delta E     MAX Force     RMS Force      MAX Disp      RMS Disp    ~
  --------------------------------------------------------------------------------------------- ~
    Convergence Criteria    1.00e-06 *    3.00e-04 *             o    1.20e-03 *             o  ~
  --------------------------------------------------------------------------------------------- ~
      1    -230.72159474   -2.31e+02      6.86e-03      2.54e-03 o    1.47e-02      6.08e-03 o  ~
  ---------------------------------------------------------------------------------------------

	Writing optimization data to binary file.
	Structure for next step:
	Cartesian Geometry (in Angstrom)
	    C    -0.7577751224   1.1618784397  -0.0021486715
	    C     0.6273033614   1.2371562283  -0.0003964721
	    C     1.3850596520   0.0753083823   0.0012311553
	    C     0.7577781735  -1.1618788021   0.0010789782
	    C    -0.6273032241  -1.2371554504   0.0009091393
	    C    -1.3850577424  -0.0753088276  -0.0006839655
	    H    -1.3486140604   2.0677963894  -0.0035264558
	    H     1.1164082116   2.2017992310  -0.0008456939
	    H     2.4650197774   0.1340122998   0.0020428428
	    H     1.3486152588  -2.0677979378   0.0022162336
	    H    -1.1164078527  -2.2017989106   0.0014806221
	    H    -2.4650179823  -0.1340110418  -0.0013661629
			--------------------------
			 OPTKING Finished Execution 
			--------------------------

    Structure for next step:
    Molecular point group: c1
    Full point group: C1

    Geometry (in Angstrom), charge = 0, multiplicity = 1:

    C           -0.757775952525     1.161878448483    -0.002147177020
    C            0.627302536776     1.237156237376    -0.000394977640
    C            1.385058830328     0.075308386778     0.001232649789
    C            0.757777349389    -1.161878802463     0.001080472628
    C           -0.627304053740    -1.237155451085     0.000910633813
    C           -1.385058574977    -0.075308823717    -0.000682471042
    H           -1.348614892873     2.067796401761    -0.003524961334
    H            1.116407388813     2.201799243854    -0.000844199479
    H            2.465018959996     0.134012304499     0.002044337308
    H            1.348614436991    -2.067797941764     0.002217728080
    H           -1.116408684191    -2.201798915083     0.001482116544
    H           -2.465018819161    -0.134011038160    -0.001364668448

gradient() will perform analytic gradient computation.

*** tstart() called on wanukaka
*** at Thu Apr 21 15:05:34 2022

   => Loading Basis Set <=

    Name: CC-PVDZ
    Role: ORBITAL
    Keyword: BASIS
    atoms 1-6  entry C          line   138 file /home/sulstice/software/miniconda2/envs/qmpython2/share/psi4/basis/cc-pvdz.gbs 
    atoms 7-12 entry H          line    22 file /home/sulstice/software/miniconda2/envs/qmpython2/share/psi4/basis/cc-pvdz.gbs 


         ---------------------------------------------------------
                                   SCF
               by Justin Turney, Rob Parrish, Andy Simmonett
                          and Daniel G. A. Smith
                              RHF Reference
                       12 Threads,   7629 MiB Core
         ---------------------------------------------------------

  ==> Geometry <==

    Molecular point group: c1
    Full point group: C1

    Geometry (in Angstrom), charge = 0, multiplicity = 1:

       Center              X                  Y                   Z               Mass       
    ------------   -----------------  -----------------  -----------------  -----------------
         C           -0.757775952525     1.161878448483    -0.002147177020    12.000000000000
         C            0.627302536776     1.237156237376    -0.000394977640    12.000000000000
         C            1.385058830328     0.075308386778     0.001232649789    12.000000000000
         C            0.757777349389    -1.161878802463     0.001080472628    12.000000000000
         C           -0.627304053740    -1.237155451085     0.000910633813    12.000000000000
         C           -1.385058574977    -0.075308823717    -0.000682471042    12.000000000000
         H           -1.348614892873     2.067796401761    -0.003524961334     1.007825032230
         H            1.116407388813     2.201799243854    -0.000844199479     1.007825032230
         H            2.465018959996     0.134012304499     0.002044337308     1.007825032230
         H            1.348614436991    -2.067797941764     0.002217728080     1.007825032230
         H           -1.116408684191    -2.201798915083     0.001482116544     1.007825032230
         H           -2.465018819161    -0.134011038160    -0.001364668448     1.007825032230

  Running in c1 symmetry.

  Rotational constants: A =      0.19224  B =      0.19223  C =      0.09612 [cm^-1]
  Rotational constants: A =   5763.13595  B =   5762.83320  C =   2881.49267 [MHz]
  Nuclear repulsion =  204.522296761774840

  Charge       = 0
  Multiplicity = 1
  Electrons    = 42
  Nalpha       = 21
  Nbeta        = 21

  ==> Algorithm <==

  SCF Algorithm Type is DF.
  DIIS enabled.
  MOM disabled.
  Fractional occupation disabled.
  Guess Type is READ.
  Energy threshold   = 1.00e-08
  Density threshold  = 1.00e-08
  Integral threshold = 0.00e+00

  ==> Primary Basis <==

  Basis Set: CC-PVDZ
    Blend: CC-PVDZ
    Number of shells: 54
    Number of basis function: 114
    Number of Cartesian functions: 120
    Spherical Harmonics?: true
    Max angular momentum: 2

   => Loading Basis Set <=

    Name: (CC-PVDZ AUX)
    Role: JKFIT
    Keyword: DF_BASIS_SCF
    atoms 1-6  entry C          line   121 file /home/sulstice/software/miniconda2/envs/qmpython2/share/psi4/basis/cc-pvdz-jkfit.gbs 
    atoms 7-12 entry H          line    51 file /home/sulstice/software/miniconda2/envs/qmpython2/share/psi4/basis/cc-pvdz-jkfit.gbs 

   => Loading Basis Set <=

    Name: CC-PVDZ
    Role: ORBITAL
    Keyword: BASIS
    atoms 1-6  entry C          line   138 file /home/sulstice/software/miniconda2/envs/qmpython2/share/psi4/basis/cc-pvdz.gbs 
    atoms 7-12 entry H          line    22 file /home/sulstice/software/miniconda2/envs/qmpython2/share/psi4/basis/cc-pvdz.gbs 

  Reading orbitals from file 180, no projection.

  ==> Pre-Iterations <==

   -------------------------------------------------------
    Irrep   Nso     Nmo     Nalpha   Nbeta   Ndocc  Nsocc
   -------------------------------------------------------
     A        114     114       0       0       0       0
   -------------------------------------------------------
    Total     114     114      21      21      21       0
   -------------------------------------------------------

  ==> Integral Setup <==

  DFHelper Memory: AOs need 0.059 GiB; user supplied 5.588 GiB. Using in-core AOs.

  ==> MemDFJK: Density-Fitted J/K Matrices <==

    J tasked:                   Yes
    K tasked:                   Yes
    wK tasked:                   No
    OpenMP threads:              12
    Memory [MiB]:              5722
    Algorithm:                 Core
    Schwarz Cutoff:           1E-12
    Mask sparsity (%):       0.3693
    Fitting Condition:        1E-10

   => Auxiliary Basis Set <=

  Basis Set: (CC-PVDZ AUX)
    Blend: CC-PVDZ-JKFIT
    Number of shells: 198
    Number of basis function: 558
    Number of Cartesian functions: 636
    Spherical Harmonics?: true
    Max angular momentum: 3

  Minimum eigenvalue in the overlap matrix is 3.4552507494E-04.
  Using Symmetric Orthogonalization.

  SCF Guess: Orbitals guess was supplied from a previous computation.

  ==> Iterations <==

                           Total Energy        Delta E     RMS |[F,P]|

   @DF-RHF iter   0:  -230.75982521999589   -2.30760e+02   3.58367e-04 
   @DF-RHF iter   1:  -230.72187110803566    3.79541e-02   6.93685e-05 DIIS
   @DF-RHF iter   2:  -230.72190300209053   -3.18941e-05   3.37119e-05 DIIS
   @DF-RHF iter   3:  -230.72191032248759   -7.32040e-06   2.98458e-06 DIIS
   @DF-RHF iter   4:  -230.72191044648446   -1.23997e-07   6.13508e-07 DIIS
   @DF-RHF iter   5:  -230.72191045375979   -7.27533e-09   1.95031e-07 DIIS
   @DF-RHF iter   6:  -230.72191045476106   -1.00127e-09   4.34280e-08 DIIS
   @DF-RHF iter   7:  -230.72191045481080   -4.97380e-11   5.53186e-09 DIIS
  Energy and wave function converged.


  ==> Post-Iterations <==

    Orbital Energies [Eh]
    ---------------------

    Doubly Occupied:                                                      

       1A    -11.236531     2A    -11.235957     3A    -11.235955  
       4A    -11.234718     5A    -11.234716     6A    -11.234114  
       7A     -1.152881     8A     -1.015445     9A     -1.015442  
      10A     -0.822895    11A     -0.822894    12A     -0.708184  
      13A     -0.639747    14A     -0.618019    15A     -0.585549  
      16A     -0.585540    17A     -0.502084    18A     -0.490828  
      19A     -0.490806    20A     -0.334855    21A     -0.334855  

    Virtual:                                                              

      22A      0.139263    23A      0.139270    24A      0.182580  
      25A      0.220177    26A      0.220180    27A      0.256581  
      28A      0.256583    29A      0.273686    30A      0.354783  
      31A      0.439946    32A      0.439950    33A      0.473096  
      34A      0.473110    35A      0.583492    36A      0.590535  
      37A      0.679239    38A      0.679495    39A      0.712813  
      40A      0.730448    41A      0.730449    42A      0.742218  
      43A      0.742226    44A      0.747671    45A      0.747676  
      46A      0.748509    47A      0.823293    48A      0.823298  
      49A      0.853278    50A      0.853282    51A      0.891275  
      52A      0.891280    53A      0.912281    54A      0.994722  
      55A      0.998844    56A      1.047713    57A      1.109722  
      58A      1.109738    59A      1.133644    60A      1.155262  
      61A      1.206119    62A      1.206133    63A      1.248602  
      64A      1.248621    65A      1.250645    66A      1.250669  
      67A      1.319888    68A      1.324869    69A      1.324887  
      70A      1.470487    71A      1.518179    72A      1.518201  
      73A      1.722755    74A      1.748487    75A      1.748504  
      76A      1.771802    77A      1.819757    78A      1.877829  
      79A      1.877836    80A      1.900990    81A      1.906858  
      82A      1.906899    83A      1.955268    84A      1.955285  
      85A      1.968774    86A      1.968815    87A      1.969539  
      88A      2.100536    89A      2.100537    90A      2.132482  
      91A      2.156931    92A      2.156956    93A      2.171808  
      94A      2.179680    95A      2.179713    96A      2.273997  
      97A      2.274019    98A      2.291420    99A      2.291447  
     100A      2.335834   101A      2.513487   102A      2.574017  
     103A      2.713866   104A      2.778918   105A      2.778944  
     106A      2.801897   107A      2.801944   108A      2.986235  
     109A      2.986304   110A      3.014398   111A      3.152884  
     112A      3.299779   113A      3.299811   114A      4.066566  

    Final Occupation by Irrep:
              A 
    DOCC [    21 ]

  @DF-RHF Final Energy:  -230.72191045481080

   => Energetics <=

    Nuclear Repulsion Energy =            204.5222967617748395
    One-Electron Energy =                -715.4243863938082768
    Two-Electron Energy =                 280.1801791772226125
    Total Energy =                       -230.7219104548108248

Computation Completed


Properties will be evaluated at   0.000000,   0.000000,   0.000000 [a0]

Properties computed using the SCF density matrix

  Nuclear Dipole Moment: [e a0]
     X:    -0.0000      Y:     0.0000      Z:     0.0000

  Electronic Dipole Moment: [e a0]
     X:     0.0000      Y:    -0.0000      Z:    -0.0000

  Dipole Moment: [e a0]
     X:     0.0000      Y:    -0.0000      Z:     0.0000     Total:     0.0000

  Dipole Moment: [D]
     X:     0.0000      Y:    -0.0000      Z:     0.0000     Total:     0.0000


*** tstop() called on wanukaka at Thu Apr 21 15:05:35 2022
Module time:
	user time   =       8.81 seconds =       0.15 minutes
	system time =       0.30 seconds =       0.01 minutes
	total time  =          1 seconds =       0.02 minutes
Total time:
	user time   =     480.35 seconds =       8.01 minutes
	system time =      16.83 seconds =       0.28 minutes
	total time  =         54 seconds =       0.90 minutes

*** tstart() called on wanukaka
*** at Thu Apr 21 15:05:35 2022


         ------------------------------------------------------------
                                   SCF GRAD                          
                          Rob Parrish, Justin Turney,                
                       Andy Simmonett, and Alex Sokolov              
         ------------------------------------------------------------

  ==> Geometry <==

    Molecular point group: c1
    Full point group: C1

    Geometry (in Angstrom), charge = 0, multiplicity = 1:

       Center              X                  Y                   Z               Mass       
    ------------   -----------------  -----------------  -----------------  -----------------
         C           -0.757775952525     1.161878448483    -0.002147177020    12.000000000000
         C            0.627302536776     1.237156237376    -0.000394977640    12.000000000000
         C            1.385058830328     0.075308386778     0.001232649789    12.000000000000
         C            0.757777349389    -1.161878802463     0.001080472628    12.000000000000
         C           -0.627304053740    -1.237155451085     0.000910633813    12.000000000000
         C           -1.385058574977    -0.075308823717    -0.000682471042    12.000000000000
         H           -1.348614892873     2.067796401761    -0.003524961334     1.007825032230
         H            1.116407388813     2.201799243854    -0.000844199479     1.007825032230
         H            2.465018959996     0.134012304499     0.002044337308     1.007825032230
         H            1.348614436991    -2.067797941764     0.002217728080     1.007825032230
         H           -1.116408684191    -2.201798915083     0.001482116544     1.007825032230
         H           -2.465018819161    -0.134011038160    -0.001364668448     1.007825032230

  Nuclear repulsion =  204.522296761774840

  ==> Basis Set <==

  Basis Set: CC-PVDZ
    Blend: CC-PVDZ
    Number of shells: 54
    Number of basis function: 114
    Number of Cartesian functions: 120
    Spherical Harmonics?: true
    Max angular momentum: 2

  ==> DFJKGrad: Density-Fitted SCF Gradients <==

    Gradient:                    1
    J tasked:                  Yes
    K tasked:                  Yes
    wK tasked:                  No
    OpenMP threads:             12
    Integrals threads:          12
    Memory [MiB]:             5722
    Schwarz Cutoff:          0E+00
    Fitting Condition:       1E-10

   => Auxiliary Basis Set <=

  Basis Set: (CC-PVDZ AUX)
    Blend: CC-PVDZ-JKFIT
    Number of shells: 198
    Number of basis function: 558
    Number of Cartesian functions: 636
    Spherical Harmonics?: true
    Max angular momentum: 3


  -Total Gradient:
     Atom            X                  Y                   Z
    ------   -----------------  -----------------  -----------------
       1        0.000601166295    -0.000920361707    -0.000149368109
       2       -0.000496907285    -0.001010588074     0.000073694564
       3       -0.001125988390    -0.000046910072     0.000075953309
       4       -0.000599952384     0.000920675641    -0.000150635620
       5        0.000495328809     0.001011512244     0.000071213967
       6        0.001126586920     0.000045732852     0.000078740230
       7        0.000272927984    -0.000418036155     0.000017648136
       8       -0.000234917315    -0.000450922621    -0.000007931899
       9       -0.000507105661    -0.000032803451    -0.000009118329
      10       -0.000273212658     0.000418141932     0.000016524066
      11        0.000234812700     0.000450650366    -0.000008380617
      12        0.000507260986     0.000032909046    -0.000008339696


*** tstop() called on wanukaka at Thu Apr 21 15:05:36 2022
Module time:
	user time   =      13.48 seconds =       0.22 minutes
	system time =       0.36 seconds =       0.01 minutes
	total time  =          1 seconds =       0.02 minutes
Total time:
	user time   =     493.85 seconds =       8.23 minutes
	system time =      17.19 seconds =       0.29 minutes
	total time  =         55 seconds =       0.92 minutes

			-----------------------------------------
			 OPTKING 2.0: for geometry optimizations 
			  - R.A. King,  Bethel University        
			-----------------------------------------

	Previous internal coordinate definitions found.
	---Fragment 1 Geometry and Gradient---
	 C          -1.4319890147        2.1956320587       -0.0040575765
	 C           1.1854299923        2.3378864630       -0.0007463996
	 C           2.6173818570        0.1423122260        0.0023293705
	 C           1.4319916544       -2.1956327276        0.0020417974
	 C          -1.1854328590       -2.3378849772        0.0017208485
	 C          -2.6173813744       -0.1423130517       -0.0012896834
	 H          -2.5485127962        3.9075688825       -0.0066612115
	 H           2.1097042093        4.1607975541       -0.0015953058
	 H           4.6582107285        0.2532465529        0.0038632376
	 H           2.5485119348       -3.9075717927        0.0041908987
	 H          -2.1097066572       -4.1607969328        0.0028007944
	 H          -4.6582104623       -0.2532441599       -0.0025788496
	             0.0006011663       -0.0009203617       -0.0001493681
	            -0.0004969073       -0.0010105881        0.0000736946
	            -0.0011259884       -0.0000469101        0.0000759533
	            -0.0005999524        0.0009206756       -0.0001506356
	             0.0004953288        0.0010115122        0.0000712140
	             0.0011265869        0.0000457329        0.0000787402
	             0.0002729280       -0.0004180362        0.0000176481
	            -0.0002349173       -0.0004509226       -0.0000079319
	            -0.0005071057       -0.0000328035       -0.0000091183
	            -0.0002732127        0.0004181419        0.0000165241
	             0.0002348127        0.0004506504       -0.0000083806
	             0.0005072610        0.0000329090       -0.0000083397

	---Fragment 1 Intrafragment Coordinates---
	 - Coordinate -           - BOHR/RAD -       - ANG/DEG -
	 R(1,2)           =         2.621284	       1.387124
	 R(1,6)           =         2.621288	       1.387126
	 R(1,7)           =         2.043859	       1.081564
	 R(2,3)           =         2.621267	       1.387115
	 R(2,8)           =         2.043842	       1.081554
	 R(3,4)           =         2.621285	       1.387124
	 R(3,9)           =         2.043842	       1.081555
	 R(4,5)           =         2.621287	       1.387125
	 R(4,10)          =         2.043858	       1.081563
	 R(5,6)           =         2.621263	       1.387113
	 R(5,11)          =         2.043842	       1.081555
	 R(6,12)          =         2.043842	       1.081555
	 B(1,2,3)         =         2.094421	     120.001495
	 B(1,2,8)         =         2.094348	     119.997316
	 B(1,6,5)         =         2.094424	     120.001649
	 B(1,6,12)        =         2.094348	     119.997298
	 B(2,1,6)         =         2.094340	     119.996846
	 B(2,1,7)         =         2.094421	     120.001496
	 B(2,3,4)         =         2.094423	     120.001584
	 B(2,3,9)         =         2.094412	     120.000994
	 B(3,2,8)         =         2.094416	     120.001180
	 B(3,4,5)         =         2.094341	     119.996885
	 B(3,4,10)        =         2.094425	     120.001709
	 B(4,3,9)         =         2.094350	     119.997413
	 B(4,5,6)         =         2.094420	     120.001453
	 B(4,5,11)        =         2.094348	     119.997296
	 B(5,4,10)        =         2.094419	     120.001370
	 B(5,6,12)        =         2.094413	     120.001044
	 B(6,1,7)         =         2.094423	     120.001622
	 B(6,5,11)        =         2.094417	     120.001243
	 D(1,2,3,4)       =         0.000023	       0.001321
	 D(1,2,3,9)       =         3.141001	     179.966080
	 D(1,6,5,4)       =         0.000034	       0.001972
	 D(1,6,5,11)      =        -3.140984	    -179.965098
	 D(2,1,6,5)       =        -0.001352	      -0.077441
	 D(2,1,6,12)      =         3.140862	     179.958161
	 D(2,3,4,5)       =        -0.001340	      -0.076790
	 D(2,3,4,10)      =         3.141452	     179.991935
	 D(3,2,1,6)       =         0.001323	       0.075795
	 D(3,2,1,7)       =        -3.141477	    -179.993351
	 D(3,4,5,6)       =         0.001311	       0.075143
	 D(3,4,5,11)      =        -3.140856	    -179.957785
	 D(4,3,2,8)       =        -3.140986	    -179.965262
	 D(4,5,6,12)      =         3.141006	     179.966369
	 D(5,4,3,9)       =         3.140867	     179.958450
	 D(5,6,1,7)       =         3.141448	     179.991705
	 D(6,1,2,8)       =        -3.140853	    -179.957622
	 D(6,5,4,10)      =        -3.141481	    -179.993582
	 D(7,1,2,8)       =        -0.000467	      -0.026768
	 D(7,1,6,12)      =         0.000477	       0.027307
	 D(8,2,3,9)       =        -0.000000	      -0.000000
	 D(9,3,4,10)      =         0.000474	       0.027175
	 D(10,4,5,11)     =        -0.000463	      -0.026510
	 D(11,5,6,12)     =        -0.000000	      -0.000000

	Current energy   :      -230.7219104548

	Energy change for the previous step:
		Projected    :        -0.0008451235
		Actual       :        -0.0003157168

	Performing BFGS update.
	Previous computed or guess Hessian on step 1.
	Steps to be used in Hessian update: 1
	Taking RFO optimization step.
	Going to follow RFO solution 1.
	Using RFO vector 1.
	Norm of target step-size    0.00903
	Projected energy change by RFO approximation:        -0.0000318562

	Back-transformation to cartesian coordinates...
	Could not converge backtransformation.
	Using first guess instead.

	--- Internal Coordinate Step in ANG or DEG, aJ/ANG or AJ/DEG ---
	 ---------------------------------------------------------------------------
	   Coordinate                Previous        Force       Change         New 
	   ----------                --------       ------       ------       ------
	    1 R(1,2)          =      1.387124     0.013367     0.001505     1.388629
	    2 R(1,6)          =      1.387126     0.013355     0.001504     1.388630
	    3 R(1,7)          =      1.081564     0.004113     0.000607     1.082171
	    4 R(2,3)          =      1.387115     0.013382     0.001506     1.388621
	    5 R(2,8)          =      1.081554     0.004189     0.000619     1.082173
	    6 R(3,4)          =      1.387124     0.013358     0.001504     1.388629
	    7 R(3,9)          =      1.081555     0.004186     0.000618     1.082173
	    8 R(4,5)          =      1.387125     0.013361     0.001505     1.388630
	    9 R(4,10)         =      1.081563     0.004115     0.000607     1.082171
	   10 R(5,6)          =      1.387113     0.013391     0.001507     1.388620
	   11 R(5,11)         =      1.081555     0.004186     0.000618     1.082173
	   12 R(6,12)         =      1.081555     0.004188     0.000619     1.082173
	   13 B(1,2,3)        =    120.001495    -0.000000    -0.001358   120.000137
	   14 B(1,2,8)        =    119.997316     0.000001     0.002366   119.999682
	   15 B(1,6,5)        =    120.001649    -0.000001    -0.001525   120.000123
	   16 B(1,6,12)       =    119.997298     0.000001     0.002366   119.999664
	   17 B(2,1,6)        =    119.996846     0.000001     0.002885   119.999731
	   18 B(2,1,7)        =    120.001496    -0.000000    -0.001356   120.000140
	   19 B(2,3,4)        =    120.001584    -0.000001    -0.001464   120.000120
	   20 B(2,3,9)        =    120.000994    -0.000000    -0.000830   120.000164
	   21 B(3,2,8)        =    120.001180    -0.000000    -0.001002   120.000178
	   22 B(3,4,5)        =    119.996885     0.000001     0.002854   119.999739
	   23 B(3,4,10)       =    120.001709    -0.000001    -0.001540   120.000169
	   24 B(4,3,9)        =    119.997413     0.000001     0.002301   119.999714
	   25 B(4,5,6)        =    120.001453    -0.000000    -0.001322   120.000131
	   26 B(4,5,11)       =    119.997296     0.000001     0.002352   119.999648
	   27 B(5,4,10)       =    120.001370    -0.000000    -0.001287   120.000083
	   28 B(5,6,12)       =    120.001044    -0.000000    -0.000834   120.000210
	   29 B(6,1,7)        =    120.001622    -0.000001    -0.001502   120.000119
	   30 B(6,5,11)       =    120.001243    -0.000000    -0.001024   120.000219
	   31 D(1,2,3,4)      =      0.001321    -0.000000    -0.001321     0.000000
	   32 D(1,2,3,9)      =    179.966080     0.000000     0.051326   180.017406
	   33 D(1,6,5,4)      =      0.001972    -0.000000    -0.002837    -0.000864
	   34 D(1,6,5,11)     =   -179.965098    -0.000000    -0.052661  -180.017760
	   35 D(2,1,6,5)      =     -0.077441     0.000001     0.111958     0.034517
	   36 D(2,1,6,12)     =    179.958161     0.000000     0.058217   180.016377
	   37 D(2,3,4,5)      =     -0.076790     0.000001     0.111027     0.034237
	   38 D(2,3,4,10)     =    179.991935     0.000000     0.007099   179.999035
	   39 D(3,2,1,6)      =      0.075795    -0.000001    -0.109587    -0.033792
	   40 D(3,2,1,7)      =   -179.993351    -0.000000    -0.005065  -179.998416
	   41 D(3,4,5,6)      =      0.075143    -0.000001    -0.108656    -0.033513
	   42 D(3,4,5,11)     =   -179.957785    -0.000000    -0.058832  -180.016617
	   43 D(4,3,2,8)      =   -179.965262    -0.000000    -0.052393  -180.017655
	   44 D(4,5,6,12)     =    179.966369     0.000000     0.050906   180.017275
	   45 D(5,4,3,9)      =    179.958450     0.000000     0.057796   180.016247
	   46 D(5,6,1,7)      =    179.991705     0.000000     0.007436   179.999141
	   47 D(6,1,2,8)      =   -179.957622    -0.000000    -0.059100  -180.016722
	   48 D(6,5,4,10)     =   -179.993582    -0.000000    -0.004729  -179.998310
	   49 D(7,1,2,8)      =     -0.026768     0.000000     0.045421     0.018654
	   50 D(7,1,6,12)     =      0.027307    -0.000000    -0.046305    -0.018998
	   51 D(8,2,3,9)      =      0.000000     0.000000     0.000000     0.000000
	   52 D(9,3,4,10)     =      0.027175    -0.000000    -0.046131    -0.018956
	   53 D(10,4,5,11)    =     -0.026510     0.000000     0.045095     0.018585
	   54 D(11,5,6,12)    =      0.000000     0.000000     0.000000     0.000000
	 ---------------------------------------------------------------------------
	Successfully symmetrized geometry.

  ==> Convergence Check <==

  Measures of convergence in internal coordinates in au.
  Criteria marked as inactive (o), active & met (*), and active & unmet ( ).
  ---------------------------------------------------------------------------------------------
   Step     Total Energy     Delta E     MAX Force     RMS Force      MAX Disp      RMS Disp   
  ---------------------------------------------------------------------------------------------
    Convergence Criteria    1.00e-06 *    3.00e-04 *             o    1.20e-03 *             o
  ---------------------------------------------------------------------------------------------
      2    -230.72191045   -3.16e-04      1.63e-03      5.67e-04 o    2.85e-03      1.23e-03 o  ~
  ---------------------------------------------------------------------------------------------

	Writing optimization data to binary file.
	Structure for next step:
	Cartesian Geometry (in Angstrom)
	    C    -0.7585834754   1.1631148087  -0.0013744670
	    C     0.6279974108   1.2385070807  -0.0007691358
	    C     1.3865770965   0.0753983322   0.0008386163
	    C     0.7585834163  -1.1631139768   0.0018533232
	    C    -0.6279979469  -1.2385070772   0.0005416569
	    C    -1.3865770666  -0.0753991584  -0.0010812988
	    H    -1.3497547885   2.0695409350  -0.0026533139
	    H     1.1173984189   2.2036936893  -0.0012711322
	    H     2.4671539187   0.1341521011   0.0015950643
	    H     1.3497539153  -2.0695406361   0.0030904744
	    H    -1.1173983077  -2.2036940213   0.0010606221
	    H    -2.4671540666  -0.1341520267  -0.0018209262
			--------------------------
			 OPTKING Finished Execution 
			--------------------------

    Structure for next step:
    Molecular point group: c1
    Full point group: C1

    Geometry (in Angstrom), charge = 0, multiplicity = 1:

    C           -0.758583379722     1.163114811285    -0.001375814044
    C            0.627997511924     1.238507083653    -0.000770482844
    C            1.386577200636     0.075398330533     0.000837269229
    C            0.758583517964    -1.163113983329     0.001851976219
    C           -0.627997850719    -1.238507084001     0.000540309824
    C           -1.386576973392    -0.075399160619    -0.001082645813
    H           -1.349754695093     2.069540941190    -0.002654660991
    H            1.117398521964     2.203693695974    -0.001272479283
    H            2.467154027074     0.134152099700     0.001593717281
    H            1.349754019254    -2.069540646203     0.003089127415
    H           -1.117398213404    -2.203694031963     0.001059275069
    H           -2.467153977606    -0.134152029203    -0.001822273270

gradient() will perform analytic gradient computation.

*** tstart() called on wanukaka
*** at Thu Apr 21 15:05:36 2022

   => Loading Basis Set <=

    Name: CC-PVDZ
    Role: ORBITAL
    Keyword: BASIS
    atoms 1-6  entry C          line   138 file /home/sulstice/software/miniconda2/envs/qmpython2/share/psi4/basis/cc-pvdz.gbs 
    atoms 7-12 entry H          line    22 file /home/sulstice/software/miniconda2/envs/qmpython2/share/psi4/basis/cc-pvdz.gbs 


         ---------------------------------------------------------
                                   SCF
               by Justin Turney, Rob Parrish, Andy Simmonett
                          and Daniel G. A. Smith
                              RHF Reference
                       12 Threads,   7629 MiB Core
         ---------------------------------------------------------

  ==> Geometry <==

    Molecular point group: c1
    Full point group: C1

    Geometry (in Angstrom), charge = 0, multiplicity = 1:

       Center              X                  Y                   Z               Mass       
    ------------   -----------------  -----------------  -----------------  -----------------
         C           -0.758583379722     1.163114811285    -0.001375814044    12.000000000000
         C            0.627997511924     1.238507083653    -0.000770482844    12.000000000000
         C            1.386577200636     0.075398330533     0.000837269229    12.000000000000
         C            0.758583517964    -1.163113983329     0.001851976219    12.000000000000
         C           -0.627997850719    -1.238507084001     0.000540309824    12.000000000000
         C           -1.386576973392    -0.075399160619    -0.001082645813    12.000000000000
         H           -1.349754695093     2.069540941190    -0.002654660991     1.007825032230
         H            1.117398521964     2.203693695974    -0.001272479283     1.007825032230
         H            2.467154027074     0.134152099700     0.001593717281     1.007825032230
         H            1.349754019254    -2.069540646203     0.003089127415     1.007825032230
         H           -1.117398213404    -2.203694031963     0.001059275069     1.007825032230
         H           -2.467153977606    -0.134152029203    -0.001822273270     1.007825032230

  Running in c1 symmetry.

  Rotational constants: A =      0.19183  B =      0.19183  C =      0.09592 [cm^-1]
  Rotational constants: A =   5751.05184  B =   5751.03552  C =   2875.52191 [MHz]
  Nuclear repulsion =  204.316493728313048

  Charge       = 0
  Multiplicity = 1
  Electrons    = 42
  Nalpha       = 21
  Nbeta        = 21

  ==> Algorithm <==

  SCF Algorithm Type is DF.
  DIIS enabled.
  MOM disabled.
  Fractional occupation disabled.
  Guess Type is READ.
  Energy threshold   = 1.00e-08
  Density threshold  = 1.00e-08
  Integral threshold = 0.00e+00

  ==> Primary Basis <==

  Basis Set: CC-PVDZ
    Blend: CC-PVDZ
    Number of shells: 54
    Number of basis function: 114
    Number of Cartesian functions: 120
    Spherical Harmonics?: true
    Max angular momentum: 2

   => Loading Basis Set <=

    Name: (CC-PVDZ AUX)
    Role: JKFIT
    Keyword: DF_BASIS_SCF
    atoms 1-6  entry C          line   121 file /home/sulstice/software/miniconda2/envs/qmpython2/share/psi4/basis/cc-pvdz-jkfit.gbs 
    atoms 7-12 entry H          line    51 file /home/sulstice/software/miniconda2/envs/qmpython2/share/psi4/basis/cc-pvdz-jkfit.gbs 

   => Loading Basis Set <=

    Name: CC-PVDZ
    Role: ORBITAL
    Keyword: BASIS
    atoms 1-6  entry C          line   138 file /home/sulstice/software/miniconda2/envs/qmpython2/share/psi4/basis/cc-pvdz.gbs 
    atoms 7-12 entry H          line    22 file /home/sulstice/software/miniconda2/envs/qmpython2/share/psi4/basis/cc-pvdz.gbs 

  Reading orbitals from file 180, no projection.

  ==> Pre-Iterations <==

   -------------------------------------------------------
    Irrep   Nso     Nmo     Nalpha   Nbeta   Ndocc  Nsocc
   -------------------------------------------------------
     A        114     114       0       0       0       0
   -------------------------------------------------------
    Total     114     114      21      21      21       0
   -------------------------------------------------------

  ==> Integral Setup <==

  DFHelper Memory: AOs need 0.059 GiB; user supplied 5.588 GiB. Using in-core AOs.

  ==> MemDFJK: Density-Fitted J/K Matrices <==

    J tasked:                   Yes
    K tasked:                   Yes
    wK tasked:                   No
    OpenMP threads:              12
    Memory [MiB]:              5722
    Algorithm:                 Core
    Schwarz Cutoff:           1E-12
    Mask sparsity (%):       0.3693
    Fitting Condition:        1E-10

   => Auxiliary Basis Set <=

  Basis Set: (CC-PVDZ AUX)
    Blend: CC-PVDZ-JKFIT
    Number of shells: 198
    Number of basis function: 558
    Number of Cartesian functions: 636
    Spherical Harmonics?: true
    Max angular momentum: 3

  Minimum eigenvalue in the overlap matrix is 3.4879851746E-04.
  Using Symmetric Orthogonalization.

  SCF Guess: Orbitals guess was supplied from a previous computation.

  ==> Iterations <==

                           Total Energy        Delta E     RMS |[F,P]|

   @DF-RHF iter   0:  -230.71550707487833   -2.30716e+02   6.99635e-05 
   @DF-RHF iter   1:  -230.72192451280267   -6.41744e-03   1.32181e-05 DIIS
   @DF-RHF iter   2:  -230.72192565300651   -1.14020e-06   6.44737e-06 DIIS
   @DF-RHF iter   3:  -230.72192592324464   -2.70238e-07   6.72086e-07 DIIS
   @DF-RHF iter   4:  -230.72192593098555   -7.74091e-09   1.45415e-07 DIIS
   @DF-RHF iter   5:  -230.72192593147994   -4.94396e-10   4.77034e-08 DIIS
   @DF-RHF iter   6:  -230.72192593154134   -6.13909e-11   8.73526e-09 DIIS
  Energy and wave function converged.


  ==> Post-Iterations <==

    Orbital Energies [Eh]
    ---------------------

    Doubly Occupied:                                                      

       1A    -11.237079     2A    -11.236508     3A    -11.236508  
       4A    -11.235279     5A    -11.235278     6A    -11.234680  
       7A     -1.151954     8A     -1.014929     9A     -1.014926  
      10A     -0.822587    11A     -0.822584    12A     -0.707607  
      13A     -0.639940    14A     -0.617444    15A     -0.585301  
      16A     -0.585300    17A     -0.501467    18A     -0.490800  
      19A     -0.490796    20A     -0.334602    21A     -0.334599  

    Virtual:                                                              

      22A      0.138864    23A      0.138867    24A      0.182535  
      25A      0.220139    26A      0.220139    27A      0.256401  
      28A      0.256401    29A      0.273447    30A      0.353987  
      31A      0.439424    32A      0.439426    33A      0.472367  
      34A      0.472370    35A      0.583801    36A      0.590221  
      37A      0.678207    38A      0.679500    39A      0.712828  
      40A      0.730760    41A      0.730762    42A      0.741827  
      43A      0.741829    44A      0.746719    45A      0.746723  
      46A      0.747486    47A      0.823242    48A      0.823243  
      49A      0.853224    50A      0.853227    51A      0.890695  
      52A      0.890697    53A      0.911877    54A      0.993434  
      55A      0.998713    56A      1.048023    57A      1.109063  
      58A      1.109066    59A      1.132083    60A      1.154687  
      61A      1.205790    62A      1.205790    63A      1.247978  
      64A      1.247979    65A      1.249623    66A      1.249623  
      67A      1.318309    68A      1.323882    69A      1.323883  
      70A      1.470546    71A      1.517555    72A      1.517555  
      73A      1.722144    74A      1.747554    75A      1.747554  
      76A      1.770906    77A      1.818329    78A      1.876542  
      79A      1.876542    80A      1.900778    81A      1.904821  
      82A      1.904821    83A      1.954872    84A      1.954877  
      85A      1.967710    86A      1.967714    87A      1.968480  
      88A      2.098831    89A      2.098833    90A      2.130771  
      91A      2.155284    92A      2.155285    93A      2.171091  
      94A      2.177319    95A      2.177326    96A      2.272677  
      97A      2.272681    98A      2.289740    99A      2.289741  
     100A      2.334500   101A      2.511108   102A      2.571840  
     103A      2.712452   104A      2.775753   105A      2.775759  
     106A      2.799357   107A      2.799358   108A      2.982332  
     109A      2.982339   110A      3.012668   111A      3.149439  
     112A      3.295246   113A      3.295249   114A      4.059640  

    Final Occupation by Irrep:
              A 
    DOCC [    21 ]

  @DF-RHF Final Energy:  -230.72192593154134

   => Energetics <=

    Nuclear Repulsion Energy =            204.3164937283130485
    One-Electron Energy =                -715.0165020581415547
    Two-Electron Energy =                 279.9780823982871425
    Total Energy =                       -230.7219259315413638

Computation Completed


Properties will be evaluated at   0.000000,   0.000000,   0.000000 [a0]

Properties computed using the SCF density matrix

  Nuclear Dipole Moment: [e a0]
     X:    -0.0000      Y:     0.0000      Z:    -0.0000

  Electronic Dipole Moment: [e a0]
     X:     0.0000      Y:    -0.0000      Z:     0.0000

  Dipole Moment: [e a0]
     X:    -0.0000      Y:    -0.0000      Z:    -0.0000     Total:     0.0000

  Dipole Moment: [D]
     X:    -0.0000      Y:    -0.0000      Z:    -0.0000     Total:     0.0000


*** tstop() called on wanukaka at Thu Apr 21 15:05:37 2022
Module time:
	user time   =       8.05 seconds =       0.13 minutes
	system time =       0.29 seconds =       0.00 minutes
	total time  =          1 seconds =       0.02 minutes
Total time:
	user time   =     502.36 seconds =       8.37 minutes
	system time =      17.50 seconds =       0.29 minutes
	total time  =         56 seconds =       0.93 minutes

*** tstart() called on wanukaka
*** at Thu Apr 21 15:05:37 2022


         ------------------------------------------------------------
                                   SCF GRAD                          
                          Rob Parrish, Justin Turney,                
                       Andy Simmonett, and Alex Sokolov              
         ------------------------------------------------------------

  ==> Geometry <==

    Molecular point group: c1
    Full point group: C1

    Geometry (in Angstrom), charge = 0, multiplicity = 1:

       Center              X                  Y                   Z               Mass       
    ------------   -----------------  -----------------  -----------------  -----------------
         C           -0.758583379722     1.163114811285    -0.001375814044    12.000000000000
         C            0.627997511924     1.238507083653    -0.000770482844    12.000000000000
         C            1.386577200636     0.075398330533     0.000837269229    12.000000000000
         C            0.758583517964    -1.163113983329     0.001851976219    12.000000000000
         C           -0.627997850719    -1.238507084001     0.000540309824    12.000000000000
         C           -1.386576973392    -0.075399160619    -0.001082645813    12.000000000000
         H           -1.349754695093     2.069540941190    -0.002654660991     1.007825032230
         H            1.117398521964     2.203693695974    -0.001272479283     1.007825032230
         H            2.467154027074     0.134152099700     0.001593717281     1.007825032230
         H            1.349754019254    -2.069540646203     0.003089127415     1.007825032230
         H           -1.117398213404    -2.203694031963     0.001059275069     1.007825032230
         H           -2.467153977606    -0.134152029203    -0.001822273270     1.007825032230

  Nuclear repulsion =  204.316493728313048

  ==> Basis Set <==

  Basis Set: CC-PVDZ
    Blend: CC-PVDZ
    Number of shells: 54
    Number of basis function: 114
    Number of Cartesian functions: 120
    Spherical Harmonics?: true
    Max angular momentum: 2

  ==> DFJKGrad: Density-Fitted SCF Gradients <==

    Gradient:                    1
    J tasked:                  Yes
    K tasked:                  Yes
    wK tasked:                  No
    OpenMP threads:             12
    Integrals threads:          12
    Memory [MiB]:             5722
    Schwarz Cutoff:          0E+00
    Fitting Condition:       1E-10

   => Auxiliary Basis Set <=

  Basis Set: (CC-PVDZ AUX)
    Blend: CC-PVDZ-JKFIT
    Number of shells: 198
    Number of basis function: 558
    Number of Cartesian functions: 636
    Spherical Harmonics?: true
    Max angular momentum: 3


  -Total Gradient:
     Atom            X                  Y                   Z
    ------   -----------------  -----------------  -----------------
       1       -0.000036064668     0.000055550472     0.000075832576
       2        0.000033408742     0.000048516372    -0.000036869499
       3        0.000057823761     0.000010573278    -0.000038621790
       4        0.000036666486    -0.000054879822     0.000075436778
       5       -0.000034027371    -0.000048290681    -0.000036280817
       6       -0.000057660730    -0.000011489770    -0.000039200577
       7        0.000011973258    -0.000018381978    -0.000012333449
       8       -0.000009594908    -0.000017975643     0.000005933332
       9       -0.000020306265    -0.000001480925     0.000006298257
      10       -0.000012041556     0.000018350640    -0.000012414001
      11        0.000009615876     0.000017955602     0.000005943685
      12        0.000020207376     0.000001552456     0.000006275505


*** tstop() called on wanukaka at Thu Apr 21 15:05:38 2022
Module time:
	user time   =      11.36 seconds =       0.19 minutes
	system time =       0.41 seconds =       0.01 minutes
	total time  =          1 seconds =       0.02 minutes
Total time:
	user time   =     513.74 seconds =       8.56 minutes
	system time =      17.91 seconds =       0.30 minutes
	total time  =         57 seconds =       0.95 minutes

			-----------------------------------------
			 OPTKING 2.0: for geometry optimizations 
			  - R.A. King,  Bethel University        
			-----------------------------------------

	Previous internal coordinate definitions found.
	---Fragment 1 Geometry and Gradient---
	 C          -1.4335148310        2.1979684458       -0.0025999117
	 C           1.1867433050        2.3404391925       -0.0014560016
	 C           2.6202511610        0.1424821950        0.0015822095
	 C           1.4335150922       -2.1979668812        0.0034997278
	 C          -1.1867439452       -2.3404391932        0.0010210376
	 C          -2.6202507316       -0.1424837637       -0.0020459041
	 H          -2.5506667103        3.9108655843       -0.0050165822
	 H           2.1115771795        4.1643775498       -0.0024046373
	 H           4.6622454205        0.2535107276        0.0030116892
	 H           2.5506654331       -3.9108650268        0.0058376048
	 H          -2.1115765964       -4.1643781847        0.0020017398
	 H          -4.6622453270       -0.2535105944       -0.0034435974
	            -0.0000360647        0.0000555505        0.0000758326
	             0.0000334087        0.0000485164       -0.0000368695
	             0.0000578238        0.0000105733       -0.0000386218
	             0.0000366665       -0.0000548798        0.0000754368
	            -0.0000340274       -0.0000482907       -0.0000362808
	            -0.0000576607       -0.0000114898       -0.0000392006
	             0.0000119733       -0.0000183820       -0.0000123334
	            -0.0000095949       -0.0000179756        0.0000059333
	            -0.0000203063       -0.0000014809        0.0000062983
	            -0.0000120416        0.0000183506       -0.0000124140
	             0.0000096159        0.0000179556        0.0000059437
	             0.0000202074        0.0000015525        0.0000062755

	---Fragment 1 Intrafragment Coordinates---
	 - Coordinate -           - BOHR/RAD -       - ANG/DEG -
	 R(1,2)           =         2.624129	       1.388629
	 R(1,6)           =         2.624130	       1.388630
	 R(1,7)           =         2.045006	       1.082171
	 R(2,3)           =         2.624113	       1.388621
	 R(2,8)           =         2.045011	       1.082173
	 R(3,4)           =         2.624128	       1.388629
	 R(3,9)           =         2.045011	       1.082173
	 R(4,5)           =         2.624131	       1.388630
	 R(4,10)          =         2.045006	       1.082171
	 R(5,6)           =         2.624111	       1.388620
	 R(5,11)          =         2.045011	       1.082173
	 R(6,12)          =         2.045011	       1.082173
	 B(1,2,3)         =         2.094398	     120.000137
	 B(1,2,8)         =         2.094390	     119.999682
	 B(1,6,5)         =         2.094397	     120.000123
	 B(1,6,12)        =         2.094389	     119.999664
	 B(2,1,6)         =         2.094390	     119.999731
	 B(2,1,7)         =         2.094398	     120.000140
	 B(2,3,4)         =         2.094397	     120.000120
	 B(2,3,9)         =         2.094398	     120.000164
	 B(3,2,8)         =         2.094398	     120.000178
	 B(3,4,5)         =         2.094391	     119.999739
	 B(3,4,10)        =         2.094398	     120.000169
	 B(4,3,9)         =         2.094390	     119.999714
	 B(4,5,6)         =         2.094397	     120.000131
	 B(4,5,11)        =         2.094389	     119.999648
	 B(5,4,10)        =         2.094397	     120.000083
	 B(5,6,12)        =         2.094399	     120.000210
	 B(6,1,7)         =         2.094397	     120.000119
	 B(6,5,11)        =         2.094399	     120.000219
	 D(1,2,3,4)       =        -0.000000	      -0.000000
	 D(1,2,3,9)       =        -3.141289	    -179.982594
	 D(1,6,5,4)       =        -0.000015	      -0.000864
	 D(1,6,5,11)      =         3.141283	     179.982240
	 D(2,1,6,5)       =         0.000602	       0.034517
	 D(2,1,6,12)      =        -3.141307	    -179.983623
	 D(2,3,4,5)       =         0.000598	       0.034237
	 D(2,3,4,10)      =         3.141576	     179.999035
	 D(3,2,1,6)       =        -0.000590	      -0.033792
	 D(3,2,1,7)       =        -3.141565	    -179.998416
	 D(3,4,5,6)       =        -0.000585	      -0.033513
	 D(3,4,5,11)      =         3.141303	     179.983383
	 D(4,3,2,8)       =         3.141285	     179.982345
	 D(4,5,6,12)      =        -3.141291	    -179.982725
	 D(5,4,3,9)       =        -3.141309	    -179.983753
	 D(5,6,1,7)       =         3.141578	     179.999141
	 D(6,1,2,8)       =         3.141301	     179.983278
	 D(6,5,4,10)      =        -3.141563	    -179.998310
	 D(7,1,2,8)       =         0.000326	       0.018654
	 D(7,1,6,12)      =        -0.000332	      -0.018998
	 D(8,2,3,9)       =         0.000000	       0.000000
	 D(9,3,4,10)      =        -0.000331	      -0.018956
	 D(10,4,5,11)     =         0.000324	       0.018585
	 D(11,5,6,12)     =         0.000000	       0.000000

	Current energy   :      -230.7219259315

	Energy change for the previous step:
		Projected    :        -0.0000318562
		Actual       :        -0.0000154767

	Performing BFGS update.
	Previous computed or guess Hessian on step 1.
	Steps to be used in Hessian update: 2 1
	Taking RFO optimization step.
	Going to follow RFO solution 1.
	Using RFO vector 1.
	Norm of target step-size    0.00282
	Projected energy change by RFO approximation:        -0.0000001469

	Back-transformation to cartesian coordinates...
	Could not converge backtransformation.
	Using first guess instead.

	--- Internal Coordinate Step in ANG or DEG, aJ/ANG or AJ/DEG ---
	 ---------------------------------------------------------------------------
	   Coordinate                Previous        Force       Change         New 
	   ----------                --------       ------       ------       ------
	    1 R(1,2)          =      1.388629    -0.000353    -0.000041     1.388588
	    2 R(1,6)          =      1.388630    -0.000354    -0.000041     1.388589
	    3 R(1,7)          =      1.082171     0.000181     0.000034     1.082205
	    4 R(2,3)          =      1.388621    -0.000286    -0.000031     1.388589
	    5 R(2,8)          =      1.082173     0.000168     0.000031     1.082205
	    6 R(3,4)          =      1.388629    -0.000350    -0.000040     1.388588
	    7 R(3,9)          =      1.082173     0.000168     0.000031     1.082205
	    8 R(4,5)          =      1.388630    -0.000356    -0.000041     1.388589
	    9 R(4,10)         =      1.082171     0.000181     0.000034     1.082205
	   10 R(5,6)          =      1.388620    -0.000283    -0.000031     1.388589
	   11 R(5,11)         =      1.082173     0.000168     0.000031     1.082205
	   12 R(6,12)         =      1.082173     0.000167     0.000031     1.082205
	   13 B(1,2,3)        =    120.000137    -0.000000    -0.000117   120.000021
	   14 B(1,2,8)        =    119.999682     0.000000     0.000232   119.999914
	   15 B(1,6,5)        =    120.000123    -0.000000    -0.000102   120.000021
	   16 B(1,6,12)       =    119.999664     0.000000     0.000233   119.999897
	   17 B(2,1,6)        =    119.999731     0.000000     0.000222   119.999953
	   18 B(2,1,7)        =    120.000140    -0.000000    -0.000113   120.000027
	   19 B(2,3,4)        =    120.000120    -0.000000    -0.000099   120.000021
	   20 B(2,3,9)        =    120.000164    -0.000000    -0.000107   120.000056
	   21 B(3,2,8)        =    120.000178    -0.000000    -0.000114   120.000064
	   22 B(3,4,5)        =    119.999739     0.000000     0.000213   119.999953
	   23 B(3,4,10)       =    120.000169    -0.000000    -0.000129   120.000040
	   24 B(4,3,9)        =    119.999714     0.000000     0.000208   119.999921
	   25 B(4,5,6)        =    120.000131    -0.000000    -0.000110   120.000021
	   26 B(4,5,11)       =    119.999648     0.000000     0.000244   119.999892
	   27 B(5,4,10)       =    120.000083    -0.000000    -0.000080   120.000002
	   28 B(5,6,12)       =    120.000210    -0.000000    -0.000130   120.000080
	   29 B(6,1,7)        =    120.000119    -0.000000    -0.000104   120.000015
	   30 B(6,5,11)       =    120.000219    -0.000000    -0.000133   120.000086
	   31 D(1,2,3,4)      =      0.000000     0.000000     0.000000     0.000000
	   32 D(1,2,3,9)      =   -179.982594    -0.000000    -0.030299  -180.012894
	   33 D(1,6,5,4)      =     -0.000864     0.000000     0.000864     0.000000
	   34 D(1,6,5,11)     =    179.982240     0.000000     0.030942   180.013182
	   35 D(2,1,6,5)      =      0.034517    -0.000000    -0.061434    -0.026917
	   36 D(2,1,6,12)     =   -179.983623    -0.000000    -0.029831  -180.013454
	   37 D(2,3,4,5)      =      0.034237    -0.000000    -0.060950    -0.026713
	   38 D(2,3,4,10)     =    179.999035     0.000000     0.000965   180.000000
	   39 D(3,2,1,6)      =     -0.033792     0.000000     0.060155     0.026363
	   40 D(3,2,1,7)      =   -179.998416    -0.000000    -0.001584  -180.000000
	   41 D(3,4,5,6)      =     -0.033513     0.000000     0.059671     0.026159
	   42 D(3,4,5,11)     =    179.983383     0.000000     0.030250   180.013633
	   43 D(4,3,2,8)      =    179.982345     0.000000     0.030761   180.013107
	   44 D(4,5,6,12)     =   -179.982725    -0.000000    -0.030082  -180.012807
	   45 D(5,4,3,9)      =   -179.983753    -0.000000    -0.029614  -180.013367
	   46 D(5,6,1,7)      =    179.999141     0.000000     0.000859   180.000000
	   47 D(6,1,2,8)      =    179.983278     0.000000     0.030431   180.013708
	   48 D(6,5,4,10)     =   -179.998310    -0.000000    -0.001690  -180.000000
	   49 D(7,1,2,8)      =      0.018654    -0.000000    -0.031212    -0.012559
	   50 D(7,1,6,12)     =     -0.018998     0.000000     0.031811     0.012813
	   51 D(8,2,3,9)      =      0.000000    -0.000000     0.000000     0.000000
	   52 D(9,3,4,10)     =     -0.018956     0.000000     0.031726     0.012770
	   53 D(10,4,5,11)    =      0.018585    -0.000000    -0.031090    -0.012505
	   54 D(11,5,6,12)    =      0.000000    -0.000000     0.000000     0.000000
	 ---------------------------------------------------------------------------
	Successfully symmetrized geometry.

  ==> Convergence Check <==

  Measures of convergence in internal coordinates in au.
  Criteria marked as inactive (o), active & met (*), and active & unmet ( ).
  ---------------------------------------------------------------------------------------------
   Step     Total Energy     Delta E     MAX Force     RMS Force      MAX Disp      RMS Disp   
  ---------------------------------------------------------------------------------------------
    Convergence Criteria    1.00e-06 *    3.00e-04 *             o    1.20e-03 *             o
  ---------------------------------------------------------------------------------------------
      3    -230.72192593   -1.55e-05      4.32e-05 *    1.68e-05 o    1.07e-03 *    3.84e-04 o  ~
  ---------------------------------------------------------------------------------------------


  **** Optimization is complete! (in 3 steps) ****

  ==> Optimization Summary <==

  Measures of convergence in internal coordinates in au.
  --------------------------------------------------------------------------------------------------------------- ~
   Step         Total Energy             Delta E       MAX Force       RMS Force        MAX Disp        RMS Disp  ~
  --------------------------------------------------------------------------------------------------------------- ~
      1    -230.721594738046   -230.721594738046      0.00685917      0.00253639      0.01473022      0.00608290  ~
      2    -230.721910454811     -0.000315716765      0.00162534      0.00056676      0.00284774      0.00122875  ~
      3    -230.721925931541     -0.000015476731      0.00004322      0.00001683      0.00107222      0.00038404  ~
  --------------------------------------------------------------------------------------------------------------- ~

	Writing optimization data to binary file.
	Final energy is   -230.7219259315413
	Final (previous) structure:
	Cartesian Geometry (in Angstrom)
	    C    -0.7585833767   1.1631148067  -0.0013758140
	    C     0.6279975095   1.2385070788  -0.0007704828
	    C     1.3865771952   0.0753983302   0.0008372692
	    C     0.7585835150  -1.1631139788   0.0018519762
	    C    -0.6279978483  -1.2385070791   0.0005403098
	    C    -1.3865769679  -0.0753991603  -0.0010826458
	    H    -1.3497546898   2.0695409331  -0.0026546610
	    H     1.1173985176   2.2036936873  -0.0012724793
	    H     2.4671540174   0.1341520992   0.0015937173
	    H     1.3497540139  -2.0695406381   0.0030891274
	    H    -1.1173982090  -2.2036940233   0.0010592751
	    H    -2.4671539679  -0.1341520287  -0.0018222733
	Saving final (previous) structure.
			--------------------------
			 OPTKING Finished Execution 
			--------------------------

    Final optimized geometry and variables:
    Molecular point group: c1
    Full point group: C1

    Geometry (in Angstrom), charge = 0, multiplicity = 1:

    C           -0.758583379722     1.163114811285    -0.001375814044
    C            0.627997511924     1.238507083653    -0.000770482844
    C            1.386577200636     0.075398330533     0.000837269229
    C            0.758583517964    -1.163113983329     0.001851976219
    C           -0.627997850719    -1.238507084001     0.000540309824
    C           -1.386576973392    -0.075399160619    -0.001082645813
    H           -1.349754695093     2.069540941190    -0.002654660991
    H            1.117398521964     2.203693695974    -0.001272479283
    H            2.467154027074     0.134152099700     0.001593717281
    H            1.349754019254    -2.069540646203     0.003089127415
    H           -1.117398213404    -2.203694031963     0.001059275069
    H           -2.467153977606    -0.134152029203    -0.001822273270

	Removing binary optimization data file.
	Cleaning optimization helper files.

*** tstart() called on wanukaka
*** at Thu Apr 21 15:05:38 2022

   => Loading Basis Set <=

    Name: CC-PVDZ
    Role: ORBITAL
    Keyword: BASIS
    atoms 1-6  entry C          line   138 file /home/sulstice/software/miniconda2/envs/qmpython2/share/psi4/basis/cc-pvdz.gbs 
    atoms 7-12 entry H          line    22 file /home/sulstice/software/miniconda2/envs/qmpython2/share/psi4/basis/cc-pvdz.gbs 


         ---------------------------------------------------------
                                   SCF
               by Justin Turney, Rob Parrish, Andy Simmonett
                          and Daniel G. A. Smith
                              RHF Reference
                       12 Threads,   7629 MiB Core
         ---------------------------------------------------------

  ==> Geometry <==

    Molecular point group: c1
    Full point group: C1

    Geometry (in Angstrom), charge = 0, multiplicity = 1:

       Center              X                  Y                   Z               Mass       
    ------------   -----------------  -----------------  -----------------  -----------------
         C           -0.758583379722     1.163114811285    -0.001375814044    12.000000000000
         C            0.627997511924     1.238507083653    -0.000770482844    12.000000000000
         C            1.386577200636     0.075398330533     0.000837269229    12.000000000000
         C            0.758583517964    -1.163113983329     0.001851976219    12.000000000000
         C           -0.627997850719    -1.238507084001     0.000540309824    12.000000000000
         C           -1.386576973392    -0.075399160619    -0.001082645813    12.000000000000
         H           -1.349754695093     2.069540941190    -0.002654660991     1.007825032230
         H            1.117398521964     2.203693695974    -0.001272479283     1.007825032230
         H            2.467154027074     0.134152099700     0.001593717281     1.007825032230
         H            1.349754019254    -2.069540646203     0.003089127415     1.007825032230
         H           -1.117398213404    -2.203694031963     0.001059275069     1.007825032230
         H           -2.467153977606    -0.134152029203    -0.001822273270     1.007825032230

  Running in c1 symmetry.

  Rotational constants: A =      0.19183  B =      0.19183  C =      0.09592 [cm^-1]
  Rotational constants: A =   5751.05184  B =   5751.03552  C =   2875.52191 [MHz]
  Nuclear repulsion =  204.316493728313048

  Charge       = 0
  Multiplicity = 1
  Electrons    = 42
  Nalpha       = 21
  Nbeta        = 21

  ==> Algorithm <==

  SCF Algorithm Type is DF.
  DIIS enabled.
  MOM disabled.
  Fractional occupation disabled.
  Guess Type is SAD.
  Energy threshold   = 1.00e-06
  Density threshold  = 1.00e-06
  Integral threshold = 0.00e+00

  ==> Primary Basis <==

  Basis Set: CC-PVDZ
    Blend: CC-PVDZ
    Number of shells: 54
    Number of basis function: 114
    Number of Cartesian functions: 120
    Spherical Harmonics?: true
    Max angular momentum: 2

   => Loading Basis Set <=

    Name: (CC-PVDZ AUX)
    Role: JKFIT
    Keyword: DF_BASIS_SCF
    atoms 1-6  entry C          line   121 file /home/sulstice/software/miniconda2/envs/qmpython2/share/psi4/basis/cc-pvdz-jkfit.gbs 
    atoms 7-12 entry H          line    51 file /home/sulstice/software/miniconda2/envs/qmpython2/share/psi4/basis/cc-pvdz-jkfit.gbs 

  ==> Pre-Iterations <==

   -------------------------------------------------------
    Irrep   Nso     Nmo     Nalpha   Nbeta   Ndocc  Nsocc
   -------------------------------------------------------
     A        114     114       0       0       0       0
   -------------------------------------------------------
    Total     114     114      21      21      21       0
   -------------------------------------------------------

  ==> Integral Setup <==

  DFHelper Memory: AOs need 0.059 GiB; user supplied 5.588 GiB. Using in-core AOs.

  ==> MemDFJK: Density-Fitted J/K Matrices <==

    J tasked:                   Yes
    K tasked:                   Yes
    wK tasked:                   No
    OpenMP threads:              12
    Memory [MiB]:              5722
    Algorithm:                 Core
    Schwarz Cutoff:           1E-12
    Mask sparsity (%):       0.3693
    Fitting Condition:        1E-10

   => Auxiliary Basis Set <=

  Basis Set: (CC-PVDZ AUX)
    Blend: CC-PVDZ-JKFIT
    Number of shells: 198
    Number of basis function: 558
    Number of Cartesian functions: 636
    Spherical Harmonics?: true
    Max angular momentum: 3

  Minimum eigenvalue in the overlap matrix is 3.4879851746E-04.
  Using Symmetric Orthogonalization.

  SCF Guess: Superposition of Atomic Densities via on-the-fly atomic UHF.

  ==> Iterations <==

                           Total Energy        Delta E     RMS |[F,P]|

   @DF-RHF iter SAD:  -230.19266160139790   -2.30193e+02   0.00000e+00 
   @DF-RHF iter   1:  -230.60938190307104   -4.16720e-01   3.50551e-03 DIIS
   @DF-RHF iter   2:  -230.70460378641064   -9.52219e-02   1.53712e-03 DIIS
   @DF-RHF iter   3:  -230.72080428480092   -1.62005e-02   3.12752e-04 DIIS
   @DF-RHF iter   4:  -230.72191446053142   -1.11018e-03   2.80997e-05 DIIS
   @DF-RHF iter   5:  -230.72192553348384   -1.10730e-05   5.28026e-06 DIIS
   @DF-RHF iter   6:  -230.72192592714276   -3.93659e-07   5.75255e-07 DIIS
  Energy and wave function converged.


  ==> Post-Iterations <==

    Orbital Energies [Eh]
    ---------------------

    Doubly Occupied:                                                      

       1A    -11.237078     2A    -11.236507     3A    -11.236506  
       4A    -11.235277     5A    -11.235277     6A    -11.234679  
       7A     -1.151953     8A     -1.014927     9A     -1.014925  
      10A     -0.822586    11A     -0.822583    12A     -0.707608  
      13A     -0.639940    14A     -0.617442    15A     -0.585302  
      16A     -0.585301    17A     -0.501466    18A     -0.490800  
      19A     -0.490796    20A     -0.334601    21A     -0.334598  

    Virtual:                                                              

      22A      0.138866    23A      0.138869    24A      0.182536  
      25A      0.220139    26A      0.220139    27A      0.256401  
      28A      0.256401    29A      0.273448    30A      0.353989  
      31A      0.439425    32A      0.439427    33A      0.472369  
      34A      0.472372    35A      0.583803    36A      0.590223  
      37A      0.678209    38A      0.679502    39A      0.712830  
      40A      0.730763    41A      0.730765    42A      0.741828  
      43A      0.741831    44A      0.746721    45A      0.746725  
      46A      0.747487    47A      0.823243    48A      0.823245  
      49A      0.853226    50A      0.853228    51A      0.890696  
      52A      0.890698    53A      0.911879    54A      0.993434  
      55A      0.998714    56A      1.048025    57A      1.109064  
      58A      1.109067    59A      1.132085    60A      1.154689  
      61A      1.205791    62A      1.205791    63A      1.247980  
      64A      1.247981    65A      1.249624    66A      1.249625  
      67A      1.318310    68A      1.323884    69A      1.323884  
      70A      1.470548    71A      1.517556    72A      1.517557  
      73A      1.722146    74A      1.747556    75A      1.747556  
      76A      1.770907    77A      1.818331    78A      1.876543  
      79A      1.876544    80A      1.900779    81A      1.904822  
      82A      1.904823    83A      1.954873    84A      1.954878  
      85A      1.967712    86A      1.967715    87A      1.968482  
      88A      2.098833    89A      2.098835    90A      2.130773  
      91A      2.155286    92A      2.155287    93A      2.171093  
      94A      2.177320    95A      2.177327    96A      2.272679  
      97A      2.272682    98A      2.289741    99A      2.289742  
     100A      2.334501   101A      2.511109   102A      2.571841  
     103A      2.712454   104A      2.775755   105A      2.775761  
     106A      2.799358   107A      2.799359   108A      2.982333  
     109A      2.982340   110A      3.012669   111A      3.149440  
     112A      3.295248   113A      3.295251   114A      4.059642  

    Final Occupation by Irrep:
              A 
    DOCC [    21 ]

  @DF-RHF Final Energy:  -230.72192592714276

   => Energetics <=

    Nuclear Repulsion Energy =            204.3164937283130485
    One-Electron Energy =                -715.0166127859598646
    Two-Electron Energy =                 279.9781931305040530
    Total Energy =                       -230.7219259271427632

Computation Completed


Properties will be evaluated at   0.000000,   0.000000,   0.000000 [a0]

Properties computed using the SCF density matrix

  Nuclear Dipole Moment: [e a0]
     X:    -0.0000      Y:     0.0000      Z:    -0.0000

  Electronic Dipole Moment: [e a0]
     X:     0.0000      Y:    -0.0000      Z:     0.0000

  Dipole Moment: [e a0]
     X:    -0.0000      Y:     0.0000      Z:    -0.0000     Total:     0.0000

  Dipole Moment: [D]
     X:    -0.0000      Y:     0.0000      Z:    -0.0000     Total:     0.0000


*** tstop() called on wanukaka at Thu Apr 21 15:05:39 2022
Module time:
	user time   =      11.48 seconds =       0.19 minutes
	system time =       0.43 seconds =       0.01 minutes
	total time  =          1 seconds =       0.02 minutes
Total time:
	user time   =     525.51 seconds =       8.76 minutes
	system time =      18.35 seconds =       0.31 minutes
	total time  =         58 seconds =       0.97 minutes
