gradient() will perform analytic gradient computation.

*** tstart() called on wanukaka
*** at Thu Apr 14 13:07:48 2022

   => Loading Basis Set <=

    Name: 6-311++G(D,P)
    Role: ORBITAL
    Keyword: BASIS
    atoms 1-2 entry C          line   119 file /home/sulstice/software/miniconda2/envs/qmpython2/share/psi4/basis/6-311ppg_d_p_.gbs 
    atoms 3-4 entry H          line    42 file /home/sulstice/software/miniconda2/envs/qmpython2/share/psi4/basis/6-311ppg_d_p_.gbs 


         ---------------------------------------------------------
                                   SCF
               by Justin Turney, Rob Parrish, Andy Simmonett
                          and Daniel G. A. Smith
                              RHF Reference
                       10 Threads,   7629 MiB Core
         ---------------------------------------------------------

  ==> Geometry <==

    Molecular point group: d2h
    Full point group: D_inf_h

    Geometry (in Angstrom), charge = 0, multiplicity = 1:

       Center              X                  Y                   Z               Mass       
    ------------   -----------------  -----------------  -----------------  -----------------
         C           -0.600155000000    -0.000000000000     0.000000000000    12.000000000000
         C            0.600155000000     0.000000000000     0.000000000000    12.000000000000
         H           -1.665935000000    -0.000000000000     0.000000000000     1.007825032230
         H            1.665935000000     0.000000000000     0.000000000000     1.007825032230

  Running in d2h symmetry.

  Rotational constants: A = ************  B =      1.18394  C =      1.18394 [cm^-1]
  Rotational constants: A = ************  B =  35493.64415  C =  35493.64415 [MHz]
  Nuclear repulsion =   24.790474845202418

  Charge       = 0
  Multiplicity = 1
  Electrons    = 14
  Nalpha       = 7
  Nbeta        = 7

  ==> Algorithm <==

  SCF Algorithm Type is DF.
  DIIS enabled.
  MOM disabled.
  Fractional occupation disabled.
  Guess Type is SAD.
  Energy threshold   = 1.00e-08
  Density threshold  = 1.00e-08
  Integral threshold = 0.00e+00

  ==> Primary Basis <==

  Basis Set: 6-311++G(D,P)
    Blend: 6-311++G(D,P)
    Number of shells: 30
    Number of basis function: 58
    Number of Cartesian functions: 60
    Spherical Harmonics?: true
    Max angular momentum: 2

   => Loading Basis Set <=

    Name: (6-311++G(D,P) AUX)
    Role: JKFIT
    Keyword: DF_BASIS_SCF
    atoms 1-2 entry C          line   162 file /home/sulstice/software/miniconda2/envs/qmpython2/share/psi4/basis/aug-cc-pvtz-jkfit.gbs 
    atoms 3-4 entry H          line    70 file /home/sulstice/software/miniconda2/envs/qmpython2/share/psi4/basis/aug-cc-pvtz-jkfit.gbs 

  ==> Pre-Iterations <==

   -------------------------------------------------------
    Irrep   Nso     Nmo     Nalpha   Nbeta   Ndocc  Nsocc
   -------------------------------------------------------
     Ag        16      16       0       0       0       0
     B1g        6       6       0       0       0       0
     B2g        6       6       0       0       0       0
     B3g        1       1       0       0       0       0
     Au         1       1       0       0       0       0
     B1u        6       6       0       0       0       0
     B2u        6       6       0       0       0       0
     B3u       16      16       0       0       0       0
   -------------------------------------------------------
    Total      58      58       7       7       7       0
   -------------------------------------------------------

  ==> Integral Setup <==

  DFHelper Memory: AOs need 0.009 GiB; user supplied 5.588 GiB. Using in-core AOs.

  ==> MemDFJK: Density-Fitted J/K Matrices <==

    J tasked:                   Yes
    K tasked:                   Yes
    wK tasked:                   No
    OpenMP threads:              10
    Memory [MiB]:              5722
    Algorithm:                 Core
    Schwarz Cutoff:           1E-12
    Mask sparsity (%):       0.0000
    Fitting Condition:        1E-10

   => Auxiliary Basis Set <=

  Basis Set: (6-311++G(D,P) AUX)
    Blend: AUG-CC-PVTZ-JKFIT
    Number of shells: 88
    Number of basis function: 300
    Number of Cartesian functions: 372
    Spherical Harmonics?: true
    Max angular momentum: 4

  Minimum eigenvalue in the overlap matrix is 1.4310125720E-05.
  Using Symmetric Orthogonalization.

  SCF Guess: Superposition of Atomic Densities via on-the-fly atomic UHF.

  ==> Iterations <==

                           Total Energy        Delta E     RMS |[F,P]|

   @DF-RHF iter SAD:   -75.88252262880594   -7.58825e+01   0.00000e+00 
   @DF-RHF iter   1:   -76.79374018763934   -9.11218e-01   1.17808e-02 DIIS
   @DF-RHF iter   2:   -76.83649256159656   -4.27524e-02   4.04740e-03 DIIS
   @DF-RHF iter   3:   -76.84184127011878   -5.34871e-03   4.42810e-04 DIIS
   @DF-RHF iter   4:   -76.84197327013844   -1.32000e-04   4.83161e-05 DIIS
   @DF-RHF iter   5:   -76.84197495235524   -1.68222e-06   9.19928e-06 DIIS
   @DF-RHF iter   6:   -76.84197502195829   -6.96030e-08   1.37624e-06 DIIS
   @DF-RHF iter   7:   -76.84197502366209   -1.70380e-09   2.42155e-07 DIIS
   @DF-RHF iter   8:   -76.84197502371404   -5.19549e-11   1.26031e-08 DIIS
   @DF-RHF iter   9:   -76.84197502371411   -7.10543e-14   1.63077e-09 DIIS
  Energy and wave function converged.


  ==> Post-Iterations <==

    Orbital Energies [Eh]
    ---------------------

    Doubly Occupied:                                                      

       1Ag   -11.244393     1B3u  -11.240527     2Ag    -1.033731  
       2B3u   -0.766665     3Ag    -0.681915     1B2u   -0.412219  
       1B1u   -0.412219  

    Virtual:                                                              

       4Ag     0.042158     3B3u    0.047432     1B1g    0.113732  
       1B2g    0.113732     2B2u    0.126856     2B1u    0.126856  
       5Ag     0.150332     4B3u    0.168160     6Ag     0.188088  
       5B3u    0.217341     2B2g    0.248818     2B1g    0.248818  
       6B3u    0.355071     7Ag     0.382855     7B3u    0.575708  
       8Ag     0.615877     3B2u    0.703976     3B1u    0.703976  
       3B2g    0.822964     3B1g    0.822964     9Ag     0.867395  
       8B3u    0.873670    10Ag     1.017772     9B3u    1.219448  
       4B2u    1.292021     4B1u    1.292021    10B3u    1.315791  
      11Ag     1.410198     1B3g    1.410198     4B2g    1.697668  
       4B1g    1.697668    11B3u    1.851281     1Au     1.851281  
      12Ag     2.016627     5B2u    2.128806     5B1u    2.128806  
      12B3u    2.493280     5B1g    2.815040     5B2g    2.815040  
      13Ag     2.867887    13B3u    2.921044     6B2u    3.128402  
       6B1u    3.128402    14Ag     3.332359     6B1g    3.363019  
       6B2g    3.363019    14B3u    3.710994    15Ag     3.754137  
      15B3u    4.180834    16Ag    24.733507    16B3u   26.336738  

    Final Occupation by Irrep:
             Ag   B1g   B2g   B3g    Au   B1u   B2u   B3u 
    DOCC [     3,    0,    0,    0,    0,    1,    1,    2 ]

  @DF-RHF Final Energy:   -76.84197502371411

   => Energetics <=

    Nuclear Repulsion Energy =             24.7904748452024180
    One-Electron Energy =                -151.6815594298291217
    Two-Electron Energy =                  50.0491095609125765
    Total Energy =                        -76.8419750237141272

Computation Completed


Properties will be evaluated at   0.000000,   0.000000,   0.000000 [a0]

Properties computed using the SCF density matrix

  Nuclear Dipole Moment: [e a0]
     X:     0.0000      Y:     0.0000      Z:     0.0000

  Electronic Dipole Moment: [e a0]
     X:     0.0000      Y:     0.0000      Z:     0.0000

  Dipole Moment: [e a0]
     X:     0.0000      Y:     0.0000      Z:     0.0000     Total:     0.0000

  Dipole Moment: [D]
     X:     0.0000      Y:     0.0000      Z:     0.0000     Total:     0.0000


*** tstop() called on wanukaka at Thu Apr 14 13:07:49 2022
Module time:
	user time   =       5.89 seconds =       0.10 minutes
	system time =       0.24 seconds =       0.00 minutes
	total time  =          1 seconds =       0.02 minutes
Total time:
	user time   =   15686.12 seconds =     261.44 minutes
	system time =     668.51 seconds =      11.14 minutes
	total time  =       1813 seconds =      30.22 minutes

*** tstart() called on wanukaka
*** at Thu Apr 14 13:07:49 2022


         ------------------------------------------------------------
                                   SCF GRAD                          
                          Rob Parrish, Justin Turney,                
                       Andy Simmonett, and Alex Sokolov              
         ------------------------------------------------------------

  ==> Geometry <==

    Molecular point group: d2h
    Full point group: D_inf_h

    Geometry (in Angstrom), charge = 0, multiplicity = 1:

       Center              X                  Y                   Z               Mass       
    ------------   -----------------  -----------------  -----------------  -----------------
         C           -0.600155000000    -0.000000000000     0.000000000000    12.000000000000
         C            0.600155000000     0.000000000000     0.000000000000    12.000000000000
         H           -1.665935000000    -0.000000000000     0.000000000000     1.007825032230
         H            1.665935000000     0.000000000000     0.000000000000     1.007825032230

  Nuclear repulsion =   24.790474845202418

  ==> Basis Set <==

  Basis Set: 6-311++G(D,P)
    Blend: 6-311++G(D,P)
    Number of shells: 30
    Number of basis function: 58
    Number of Cartesian functions: 60
    Spherical Harmonics?: true
    Max angular momentum: 2

  ==> DFJKGrad: Density-Fitted SCF Gradients <==

    Gradient:                    1
    J tasked:                  Yes
    K tasked:                  Yes
    wK tasked:                  No
    OpenMP threads:             10
    Integrals threads:          10
    Memory [MiB]:             5722
    Schwarz Cutoff:          0E+00
    Fitting Condition:       1E-10

   => Auxiliary Basis Set <=

  Basis Set: (6-311++G(D,P) AUX)
    Blend: AUG-CC-PVTZ-JKFIT
    Number of shells: 88
    Number of basis function: 300
    Number of Cartesian functions: 372
    Spherical Harmonics?: true
    Max angular momentum: 4


  -Total Gradient:
     Atom            X                  Y                   Z
    ------   -----------------  -----------------  -----------------
       1       -0.030545538147    -0.000000000000     0.000000000000
       2        0.030545538147     0.000000000000     0.000000000000
       3       -0.007915060789    -0.000000000000     0.000000000000
       4        0.007915060789     0.000000000000     0.000000000000


*** tstop() called on wanukaka at Thu Apr 14 13:07:49 2022
Module time:
	user time   =       4.58 seconds =       0.08 minutes
	system time =       0.20 seconds =       0.00 minutes
	total time  =          0 seconds =       0.00 minutes
Total time:
	user time   =   15690.72 seconds =     261.51 minutes
	system time =     668.71 seconds =      11.15 minutes
	total time  =       1813 seconds =      30.22 minutes

			-----------------------------------------
			 OPTKING 2.0: for geometry optimizations 
			  - R.A. King,  Bethel University        
			-----------------------------------------

	Internal coordinates to be generated automatically.
	Detected frag 1 with atoms:  1 2 3 4
	---Fragment 1 Bond Connectivity---
	 1 : 2 3
	 2 : 1 4
	 3 : 1
	 4 : 2

	---Fragment 1 Geometry and Gradient---
	 C          -1.1341285828       -0.0000000000        0.0000000000
	 C           1.1341285828        0.0000000000        0.0000000000
	 H          -3.1481608928       -0.0000000000        0.0000000000
	 H           3.1481608928        0.0000000000        0.0000000000
	            -0.0305455381       -0.0000000000        0.0000000000
	             0.0305455381        0.0000000000        0.0000000000
	            -0.0079150608       -0.0000000000        0.0000000000
	             0.0079150608        0.0000000000        0.0000000000

	Previous optimization step data not found.  Starting new optimization.

	---Fragment 1 Intrafragment Coordinates---
	 - Coordinate -           - BOHR/RAD -       - ANG/DEG -
	 R(1,2)           =         2.268257	       1.200310
	 R(1,3)           =         2.014032	       1.065780
	 R(2,4)           =         2.014032	       1.065780
	 L(1,2,4)         =         3.141593	     180.000000
	 l(1,2,4)         =         3.141593	     180.000000
	 L(2,1,3)         =         3.141593	     180.000000
	 l(2,1,3)         =         3.141593	     180.000000

	Current energy   :       -76.8419750237

	Generating empirical Hessian (Schlegel '84) for each fragment.
	Taking RFO optimization step.
	Going to follow RFO solution 1.
	Using RFO vector 1.
	Norm of target step-size    0.04708
	Projected energy change by RFO approximation:        -0.0017372829

	Back-transformation to cartesian coordinates...
	Successfully converged to displaced geometry.

	--- Internal Coordinate Step in ANG or DEG, aJ/ANG or AJ/DEG ---
	 ---------------------------------------------------------------------------
	   Coordinate                Previous        Force       Change         New 
	   ----------                --------       ------       ------       ------
	    1 R(1,2)          =      1.200310    -0.316866    -0.019413     1.180897
	    2 R(1,3)          =      1.065780    -0.065210    -0.011039     1.054741
	    3 R(2,4)          =      1.065780    -0.065210    -0.011039     1.054741
	    4 L(1,2,4)        =    180.000000    -0.000000     0.000000   180.000000
	    5 l(1,2,4)        =    180.000000     0.000000     0.000000   180.000000
	    6 L(2,1,3)        =    180.000000    -0.000000     0.000000   180.000000
	    7 l(2,1,3)        =    180.000000    -0.000000     0.000000   180.000000
	 ---------------------------------------------------------------------------
	Successfully symmetrized geometry.

  ==> Convergence Check <==

  Measures of convergence in internal coordinates in au.
  Criteria marked as inactive (o), active & met (*), and active & unmet ( ).
  --------------------------------------------------------------------------------------------- ~
   Step     Total Energy     Delta E     MAX Force     RMS Force      MAX Disp      RMS Disp    ~
  --------------------------------------------------------------------------------------------- ~
    Convergence Criteria    1.00e-06 *    3.00e-04 *             o    1.20e-03 *             o  ~
  --------------------------------------------------------------------------------------------- ~
      1     -76.84197502   -7.68e+01      3.85e-02      1.51e-02 o    3.67e-02      1.78e-02 o  ~
  ---------------------------------------------------------------------------------------------

	Writing optimization data to binary file.
	Structure for next step:
	Cartesian Geometry (in Angstrom)
	    C    -0.5904486985  -0.0000000000   0.0000000000
	    C     0.5904486985   0.0000000000  -0.0000000000
	    H    -1.6451897592  -0.0000000000   0.0000000000
	    H     1.6451897592   0.0000000000   0.0000000000
			--------------------------
			 OPTKING Finished Execution 
			--------------------------

    Structure for next step:
    Molecular point group: d2h
    Full point group: D_inf_h

    Geometry (in Angstrom), charge = 0, multiplicity = 1:

    C           -0.590448700851    -0.000000000000     0.000000000000
    C            0.590448700851     0.000000000000     0.000000000000
    H           -1.645189765680    -0.000000000000     0.000000000000
    H            1.645189765680     0.000000000000     0.000000000000

gradient() will perform analytic gradient computation.

*** tstart() called on wanukaka
*** at Thu Apr 14 13:07:49 2022

   => Loading Basis Set <=

    Name: 6-311++G(D,P)
    Role: ORBITAL
    Keyword: BASIS
    atoms 1-2 entry C          line   119 file /home/sulstice/software/miniconda2/envs/qmpython2/share/psi4/basis/6-311ppg_d_p_.gbs 
    atoms 3-4 entry H          line    42 file /home/sulstice/software/miniconda2/envs/qmpython2/share/psi4/basis/6-311ppg_d_p_.gbs 


         ---------------------------------------------------------
                                   SCF
               by Justin Turney, Rob Parrish, Andy Simmonett
                          and Daniel G. A. Smith
                              RHF Reference
                       10 Threads,   7629 MiB Core
         ---------------------------------------------------------

  ==> Geometry <==

    Molecular point group: d2h
    Full point group: D_inf_h

    Geometry (in Angstrom), charge = 0, multiplicity = 1:

       Center              X                  Y                   Z               Mass       
    ------------   -----------------  -----------------  -----------------  -----------------
         C           -0.590448700851    -0.000000000000     0.000000000000    12.000000000000
         C            0.590448700851     0.000000000000     0.000000000000    12.000000000000
         H           -1.645189765680    -0.000000000000     0.000000000000     1.007825032230
         H            1.645189765680     0.000000000000     0.000000000000     1.007825032230

  Running in d2h symmetry.

  Rotational constants: A = ************  B =      1.21956  C =      1.21956 [cm^-1]
  Rotational constants: A = ************  B =  36561.34108  C =  36561.34108 [MHz]
  Nuclear repulsion =   25.153909875348269

  Charge       = 0
  Multiplicity = 1
  Electrons    = 14
  Nalpha       = 7
  Nbeta        = 7

  ==> Algorithm <==

  SCF Algorithm Type is DF.
  DIIS enabled.
  MOM disabled.
  Fractional occupation disabled.
  Guess Type is READ.
  Energy threshold   = 1.00e-08
  Density threshold  = 1.00e-08
  Integral threshold = 0.00e+00

  ==> Primary Basis <==

  Basis Set: 6-311++G(D,P)
    Blend: 6-311++G(D,P)
    Number of shells: 30
    Number of basis function: 58
    Number of Cartesian functions: 60
    Spherical Harmonics?: true
    Max angular momentum: 2

   => Loading Basis Set <=

    Name: (6-311++G(D,P) AUX)
    Role: JKFIT
    Keyword: DF_BASIS_SCF
    atoms 1-2 entry C          line   162 file /home/sulstice/software/miniconda2/envs/qmpython2/share/psi4/basis/aug-cc-pvtz-jkfit.gbs 
    atoms 3-4 entry H          line    70 file /home/sulstice/software/miniconda2/envs/qmpython2/share/psi4/basis/aug-cc-pvtz-jkfit.gbs 

   => Loading Basis Set <=

    Name: 6-311++G(D,P)
    Role: ORBITAL
    Keyword: BASIS
    atoms 1-2 entry C          line   119 file /home/sulstice/software/miniconda2/envs/qmpython2/share/psi4/basis/6-311ppg_d_p_.gbs 
    atoms 3-4 entry H          line    42 file /home/sulstice/software/miniconda2/envs/qmpython2/share/psi4/basis/6-311ppg_d_p_.gbs 

  Reading orbitals from file 180, no projection.

  ==> Pre-Iterations <==

   -------------------------------------------------------
    Irrep   Nso     Nmo     Nalpha   Nbeta   Ndocc  Nsocc
   -------------------------------------------------------
     Ag        16      16       0       0       0       0
     B1g        6       6       0       0       0       0
     B2g        6       6       0       0       0       0
     B3g        1       1       0       0       0       0
     Au         1       1       0       0       0       0
     B1u        6       6       0       0       0       0
     B2u        6       6       0       0       0       0
     B3u       16      16       0       0       0       0
   -------------------------------------------------------
    Total      58      58       7       7       7       0
   -------------------------------------------------------

  ==> Integral Setup <==

  DFHelper Memory: AOs need 0.009 GiB; user supplied 5.588 GiB. Using in-core AOs.

  ==> MemDFJK: Density-Fitted J/K Matrices <==

    J tasked:                   Yes
    K tasked:                   Yes
    wK tasked:                   No
    OpenMP threads:              10
    Memory [MiB]:              5722
    Algorithm:                 Core
    Schwarz Cutoff:           1E-12
    Mask sparsity (%):       0.0000
    Fitting Condition:        1E-10

   => Auxiliary Basis Set <=

  Basis Set: (6-311++G(D,P) AUX)
    Blend: AUG-CC-PVTZ-JKFIT
    Number of shells: 88
    Number of basis function: 300
    Number of Cartesian functions: 372
    Spherical Harmonics?: true
    Max angular momentum: 4

  Minimum eigenvalue in the overlap matrix is 1.3187035718E-05.
  Using Symmetric Orthogonalization.

  SCF Guess: Orbitals guess was supplied from a previous computation.

  ==> Iterations <==

                           Total Energy        Delta E     RMS |[F,P]|

   @DF-RHF iter   0:   -76.87875358713910   -7.68788e+01   2.41620e-03 
   @DF-RHF iter   1:   -76.84263289719178    3.61207e-02   4.41625e-04 DIIS
   @DF-RHF iter   2:   -76.84271922575391   -8.63286e-05   1.85797e-04 DIIS
   @DF-RHF iter   3:   -76.84272891278344   -9.68703e-06   1.66760e-05 DIIS
   @DF-RHF iter   4:   -76.84272909690203   -1.84119e-07   2.80304e-06 DIIS
   @DF-RHF iter   5:   -76.84272910345857   -6.55653e-09   3.77725e-07 DIIS
   @DF-RHF iter   6:   -76.84272910360222   -1.43658e-10   8.33622e-08 DIIS
   @DF-RHF iter   7:   -76.84272910360907   -6.84963e-12   9.96304e-09 DIIS
  Energy and wave function converged.


  ==> Post-Iterations <==

    Orbital Energies [Eh]
    ---------------------

    Doubly Occupied:                                                      

       1Ag   -11.237120     1B3u  -11.232745     2Ag    -1.039721  
       2B3u   -0.767832     3Ag    -0.685875     1B2u   -0.416715  
       1B1u   -0.416715  

    Virtual:                                                              

       4Ag     0.042087     3B3u    0.047746     1B2g    0.115322  
       1B1g    0.115322     2B1u    0.126335     2B2u    0.126335  
       5Ag     0.150594     4B3u    0.169247     6Ag     0.187807  
       5B3u    0.217537     2B1g    0.253670     2B2g    0.253670  
       6B3u    0.361493     7Ag     0.386015     7B3u    0.580792  
       8Ag     0.617135     3B1u    0.701163     3B2u    0.701163  
       3B1g    0.827766     3B2g    0.827766     9Ag     0.868564  
       8B3u    0.874896    10Ag     1.026679     9B3u    1.229741  
       4B2u    1.300024     4B1u    1.300024    10B3u    1.342947  
       1B3g    1.407475    11Ag     1.407475     4B1g    1.710301  
       4B2g    1.710301     1Au     1.861237    11B3u    1.861237  
      12Ag     2.016152     5B2u    2.151978     5B1u    2.151978  
      12B3u    2.529552     5B1g    2.843282     5B2g    2.843282  
      13Ag     2.877371    13B3u    2.920851     6B2u    3.132869  
       6B1u    3.132869    14Ag     3.352466     6B1g    3.375908  
       6B2g    3.375908    14B3u    3.725677    15Ag     3.781974  
      15B3u    4.219486    16Ag    24.773431    16B3u   26.433546  

    Final Occupation by Irrep:
             Ag   B1g   B2g   B3g    Au   B1u   B2u   B3u 
    DOCC [     3,    0,    0,    0,    0,    1,    1,    2 ]

  @DF-RHF Final Energy:   -76.84272910360907

   => Energetics <=

    Nuclear Repulsion Energy =             25.1539098753482691
    One-Electron Energy =                -152.3998329862425578
    Two-Electron Energy =                  50.4031940072852223
    Total Energy =                        -76.8427291036090736

Computation Completed


Properties will be evaluated at   0.000000,   0.000000,   0.000000 [a0]

Properties computed using the SCF density matrix

  Nuclear Dipole Moment: [e a0]
     X:     0.0000      Y:     0.0000      Z:     0.0000

  Electronic Dipole Moment: [e a0]
     X:     0.0000      Y:     0.0000      Z:     0.0000

  Dipole Moment: [e a0]
     X:     0.0000      Y:     0.0000      Z:     0.0000     Total:     0.0000

  Dipole Moment: [D]
     X:     0.0000      Y:     0.0000      Z:     0.0000     Total:     0.0000


*** tstop() called on wanukaka at Thu Apr 14 13:07:50 2022
Module time:
	user time   =       3.51 seconds =       0.06 minutes
	system time =       0.18 seconds =       0.00 minutes
	total time  =          1 seconds =       0.02 minutes
Total time:
	user time   =   15694.32 seconds =     261.57 minutes
	system time =     668.89 seconds =      11.15 minutes
	total time  =       1814 seconds =      30.23 minutes

*** tstart() called on wanukaka
*** at Thu Apr 14 13:07:50 2022


         ------------------------------------------------------------
                                   SCF GRAD                          
                          Rob Parrish, Justin Turney,                
                       Andy Simmonett, and Alex Sokolov              
         ------------------------------------------------------------

  ==> Geometry <==

    Molecular point group: d2h
    Full point group: D_inf_h

    Geometry (in Angstrom), charge = 0, multiplicity = 1:

       Center              X                  Y                   Z               Mass       
    ------------   -----------------  -----------------  -----------------  -----------------
         C           -0.590448700851    -0.000000000000     0.000000000000    12.000000000000
         C            0.590448700851     0.000000000000     0.000000000000    12.000000000000
         H           -1.645189765680    -0.000000000000     0.000000000000     1.007825032230
         H            1.645189765680     0.000000000000     0.000000000000     1.007825032230

  Nuclear repulsion =   25.153909875348269

  ==> Basis Set <==

  Basis Set: 6-311++G(D,P)
    Blend: 6-311++G(D,P)
    Number of shells: 30
    Number of basis function: 58
    Number of Cartesian functions: 60
    Spherical Harmonics?: true
    Max angular momentum: 2

  ==> DFJKGrad: Density-Fitted SCF Gradients <==

    Gradient:                    1
    J tasked:                  Yes
    K tasked:                  Yes
    wK tasked:                  No
    OpenMP threads:             10
    Integrals threads:          10
    Memory [MiB]:             5722
    Schwarz Cutoff:          0E+00
    Fitting Condition:       1E-10

   => Auxiliary Basis Set <=

  Basis Set: (6-311++G(D,P) AUX)
    Blend: AUG-CC-PVTZ-JKFIT
    Number of shells: 88
    Number of basis function: 300
    Number of Cartesian functions: 372
    Spherical Harmonics?: true
    Max angular momentum: 4


  -Total Gradient:
     Atom            X                  Y                   Z
    ------   -----------------  -----------------  -----------------
       1        0.005324975322     0.000000000000     0.000000000000
       2       -0.005324975322    -0.000000000000     0.000000000000
       3        0.000898454713     0.000000000000     0.000000000000
       4       -0.000898454713    -0.000000000000     0.000000000000


*** tstop() called on wanukaka at Thu Apr 14 13:07:50 2022
Module time:
	user time   =       4.49 seconds =       0.07 minutes
	system time =       0.18 seconds =       0.00 minutes
	total time  =          0 seconds =       0.00 minutes
Total time:
	user time   =   15698.82 seconds =     261.65 minutes
	system time =     669.07 seconds =      11.15 minutes
	total time  =       1814 seconds =      30.23 minutes

			-----------------------------------------
			 OPTKING 2.0: for geometry optimizations 
			  - R.A. King,  Bethel University        
			-----------------------------------------

	Previous internal coordinate definitions found.
	---Fragment 1 Geometry and Gradient---
	 C          -1.1157863357       -0.0000000000        0.0000000000
	 C           1.1157863357        0.0000000000        0.0000000000
	 H          -3.1089580815       -0.0000000000        0.0000000000
	 H           3.1089580815        0.0000000000        0.0000000000
	             0.0053249753        0.0000000000        0.0000000000
	            -0.0053249753       -0.0000000000        0.0000000000
	             0.0008984547        0.0000000000        0.0000000000
	            -0.0008984547       -0.0000000000        0.0000000000

	---Fragment 1 Intrafragment Coordinates---
	 - Coordinate -           - BOHR/RAD -       - ANG/DEG -
	 R(1,2)           =         2.231573	       1.180897
	 R(1,3)           =         1.993172	       1.054741
	 R(2,4)           =         1.993172	       1.054741
	 L(1,2,4)         =         3.141593	     180.000000
	 l(1,2,4)         =         3.141593	     180.000000
	 L(2,1,3)         =         3.141593	     180.000000
	 l(2,1,3)         =         3.141593	     180.000000

	Current energy   :       -76.8427291036

	Energy change for the previous step:
		Projected    :        -0.0017372829
		Actual       :        -0.0007540799

	Performing BFGS update.
	Previous computed or guess Hessian on step 1.
	Steps to be used in Hessian update: 1
	Taking RFO optimization step.
	Going to follow RFO solution 1.
	Using RFO vector 1.
	Norm of target step-size    0.00590
	Projected energy change by RFO approximation:        -0.0000356691

	Back-transformation to cartesian coordinates...
	Successfully converged to displaced geometry.

	--- Internal Coordinate Step in ANG or DEG, aJ/ANG or AJ/DEG ---
	 ---------------------------------------------------------------------------
	   Coordinate                Previous        Force       Change         New 
	   ----------                --------       ------       ------       ------
	    1 R(1,2)          =      1.180897     0.051273     0.002720     1.183618
	    2 R(1,3)          =      1.054741     0.007402     0.001082     1.055824
	    3 R(2,4)          =      1.054741     0.007402     0.001082     1.055824
	    4 L(1,2,4)        =    180.000000    -0.000000     0.000000   180.000000
	    5 l(1,2,4)        =    180.000000     0.000000     0.000000   180.000000
	    6 L(2,1,3)        =    180.000000    -0.000000     0.000000   180.000000
	    7 l(2,1,3)        =    180.000000    -0.000000     0.000000   180.000000
	 ---------------------------------------------------------------------------
	Successfully symmetrized geometry.

  ==> Convergence Check <==

  Measures of convergence in internal coordinates in au.
  Criteria marked as inactive (o), active & met (*), and active & unmet ( ).
  ---------------------------------------------------------------------------------------------
   Step     Total Energy     Delta E     MAX Force     RMS Force      MAX Disp      RMS Disp   
  ---------------------------------------------------------------------------------------------
    Convergence Criteria    1.00e-06 *    3.00e-04 *             o    1.20e-03 *             o
  ---------------------------------------------------------------------------------------------
      2     -76.84272910   -7.54e-04      6.22e-03      2.40e-03 o    5.14e-03      2.23e-03 o  ~
  ---------------------------------------------------------------------------------------------

	Writing optimization data to binary file.
	Structure for next step:
	Cartesian Geometry (in Angstrom)
	    C    -0.5918089444  -0.0000000000   0.0000000000
	    C     0.5918089444   0.0000000000   0.0000000000
	    H    -1.6476325024  -0.0000000000   0.0000000000
	    H     1.6476325024   0.0000000000   0.0000000000
			--------------------------
			 OPTKING Finished Execution 
			--------------------------

    Structure for next step:
    Molecular point group: d2h
    Full point group: D_inf_h

    Geometry (in Angstrom), charge = 0, multiplicity = 1:

    C           -0.591808946690    -0.000000000000     0.000000000000
    C            0.591808946690     0.000000000000     0.000000000000
    H           -1.647632508855    -0.000000000000     0.000000000000
    H            1.647632508855     0.000000000000     0.000000000000

gradient() will perform analytic gradient computation.

*** tstart() called on wanukaka
*** at Thu Apr 14 13:07:50 2022

   => Loading Basis Set <=

    Name: 6-311++G(D,P)
    Role: ORBITAL
    Keyword: BASIS
    atoms 1-2 entry C          line   119 file /home/sulstice/software/miniconda2/envs/qmpython2/share/psi4/basis/6-311ppg_d_p_.gbs 
    atoms 3-4 entry H          line    42 file /home/sulstice/software/miniconda2/envs/qmpython2/share/psi4/basis/6-311ppg_d_p_.gbs 


         ---------------------------------------------------------
                                   SCF
               by Justin Turney, Rob Parrish, Andy Simmonett
                          and Daniel G. A. Smith
                              RHF Reference
                       10 Threads,   7629 MiB Core
         ---------------------------------------------------------

  ==> Geometry <==

    Molecular point group: d2h
    Full point group: D_inf_h

    Geometry (in Angstrom), charge = 0, multiplicity = 1:

       Center              X                  Y                   Z               Mass       
    ------------   -----------------  -----------------  -----------------  -----------------
         C           -0.591808946690    -0.000000000000     0.000000000000    12.000000000000
         C            0.591808946690     0.000000000000     0.000000000000    12.000000000000
         H           -1.647632508855    -0.000000000000     0.000000000000     1.007825032230
         H            1.647632508855     0.000000000000     0.000000000000     1.007825032230

  Running in d2h symmetry.

  Rotational constants: A = ************  B =      1.21474  C =      1.21474 [cm^-1]
  Rotational constants: A = ************  B =  36416.94394  C =  36416.94394 [MHz]
  Nuclear repulsion =   25.105596297661805

  Charge       = 0
  Multiplicity = 1
  Electrons    = 14
  Nalpha       = 7
  Nbeta        = 7

  ==> Algorithm <==

  SCF Algorithm Type is DF.
  DIIS enabled.
  MOM disabled.
  Fractional occupation disabled.
  Guess Type is READ.
  Energy threshold   = 1.00e-08
  Density threshold  = 1.00e-08
  Integral threshold = 0.00e+00

  ==> Primary Basis <==

  Basis Set: 6-311++G(D,P)
    Blend: 6-311++G(D,P)
    Number of shells: 30
    Number of basis function: 58
    Number of Cartesian functions: 60
    Spherical Harmonics?: true
    Max angular momentum: 2

   => Loading Basis Set <=

    Name: (6-311++G(D,P) AUX)
    Role: JKFIT
    Keyword: DF_BASIS_SCF
    atoms 1-2 entry C          line   162 file /home/sulstice/software/miniconda2/envs/qmpython2/share/psi4/basis/aug-cc-pvtz-jkfit.gbs 
    atoms 3-4 entry H          line    70 file /home/sulstice/software/miniconda2/envs/qmpython2/share/psi4/basis/aug-cc-pvtz-jkfit.gbs 

   => Loading Basis Set <=

    Name: 6-311++G(D,P)
    Role: ORBITAL
    Keyword: BASIS
    atoms 1-2 entry C          line   119 file /home/sulstice/software/miniconda2/envs/qmpython2/share/psi4/basis/6-311ppg_d_p_.gbs 
    atoms 3-4 entry H          line    42 file /home/sulstice/software/miniconda2/envs/qmpython2/share/psi4/basis/6-311ppg_d_p_.gbs 

  Reading orbitals from file 180, no projection.

  ==> Pre-Iterations <==

   -------------------------------------------------------
    Irrep   Nso     Nmo     Nalpha   Nbeta   Ndocc  Nsocc
   -------------------------------------------------------
     Ag        16      16       0       0       0       0
     B1g        6       6       0       0       0       0
     B2g        6       6       0       0       0       0
     B3g        1       1       0       0       0       0
     Au         1       1       0       0       0       0
     B1u        6       6       0       0       0       0
     B2u        6       6       0       0       0       0
     B3u       16      16       0       0       0       0
   -------------------------------------------------------
    Total      58      58       7       7       7       0
   -------------------------------------------------------

  ==> Integral Setup <==

  DFHelper Memory: AOs need 0.009 GiB; user supplied 5.588 GiB. Using in-core AOs.

  ==> MemDFJK: Density-Fitted J/K Matrices <==

    J tasked:                   Yes
    K tasked:                   Yes
    wK tasked:                   No
    OpenMP threads:              10
    Memory [MiB]:              5722
    Algorithm:                 Core
    Schwarz Cutoff:           1E-12
    Mask sparsity (%):       0.0000
    Fitting Condition:        1E-10

   => Auxiliary Basis Set <=

  Basis Set: (6-311++G(D,P) AUX)
    Blend: AUG-CC-PVTZ-JKFIT
    Number of shells: 88
    Number of basis function: 300
    Number of Cartesian functions: 372
    Spherical Harmonics?: true
    Max angular momentum: 4

  Minimum eigenvalue in the overlap matrix is 1.3350933542E-05.
  Using Symmetric Orthogonalization.

  SCF Guess: Orbitals guess was supplied from a previous computation.

  ==> Iterations <==

                           Total Energy        Delta E     RMS |[F,P]|

   @DF-RHF iter   0:   -76.83824755829806   -7.68382e+01   3.44597e-04 
   @DF-RHF iter   1:   -76.84274447150169   -4.49691e-03   5.69050e-05 DIIS
   @DF-RHF iter   2:   -76.84274589714775   -1.42565e-06   2.41582e-05 DIIS
   @DF-RHF iter   3:   -76.84274605979107   -1.62643e-07   2.20341e-06 DIIS
   @DF-RHF iter   4:   -76.84274606285703   -3.06596e-09   3.68909e-07 DIIS
   @DF-RHF iter   5:   -76.84274606297187   -1.14838e-10   5.32477e-08 DIIS
   @DF-RHF iter   6:   -76.84274606297483   -2.95586e-12   1.10622e-08 DIIS
   @DF-RHF iter   7:   -76.84274606297491   -8.52651e-14   1.05000e-09 DIIS
  Energy and wave function converged.


  ==> Post-Iterations <==

    Orbital Energies [Eh]
    ---------------------

    Doubly Occupied:                                                      

       1Ag   -11.238104     1B3u  -11.233805     2Ag    -1.038911  
       2B3u   -0.767860     3Ag    -0.685489     1B1u   -0.416083  
       1B2u   -0.416083  

    Virtual:                                                              

       4Ag     0.042091     3B3u    0.047708     1B2g    0.115104  
       1B1g    0.115104     2B1u    0.126406     2B2u    0.126406  
       5Ag     0.150570     4B3u    0.169123     6Ag     0.187830  
       5B3u    0.217508     2B2g    0.252966     2B1g    0.252966  
       6B3u    0.360736     7Ag     0.385685     7B3u    0.580066  
       8Ag     0.617034     3B1u    0.701561     3B2u    0.701561  
       3B2g    0.827075     3B1g    0.827075     9Ag     0.868402  
       8B3u    0.874763    10Ag     1.025691     9B3u    1.228673  
       4B2u    1.298921     4B1u    1.298921    10B3u    1.338998  
      11Ag     1.407839     1B3g    1.407839     4B2g    1.708722  
       4B1g    1.708722    11B3u    1.859818     1Au     1.859818  
      12Ag     2.016265     5B1u    2.149123     5B2u    2.149123  
      12B3u    2.524698     5B2g    2.839737     5B1g    2.839737  
      13Ag     2.876016    13B3u    2.921044     6B1u    3.132293  
       6B2u    3.132293    14Ag     3.350749     6B2g    3.374206  
       6B1g    3.374206    14B3u    3.724526    15Ag     3.778164  
      15B3u    4.214285    16Ag    24.768316    16B3u   26.420947  

    Final Occupation by Irrep:
             Ag   B1g   B2g   B3g    Au   B1u   B2u   B3u 
    DOCC [     3,    0,    0,    0,    0,    1,    1,    2 ]

  @DF-RHF Final Energy:   -76.84274606297491

   => Energetics <=

    Nuclear Repulsion Energy =             25.1055962976618048
    One-Electron Energy =                -152.3040133820703943
    Two-Electron Energy =                  50.3556710214336931
    Total Energy =                        -76.8427460629748964

Computation Completed


Properties will be evaluated at   0.000000,   0.000000,   0.000000 [a0]

Properties computed using the SCF density matrix

  Nuclear Dipole Moment: [e a0]
     X:     0.0000      Y:     0.0000      Z:     0.0000

  Electronic Dipole Moment: [e a0]
     X:     0.0000      Y:     0.0000      Z:     0.0000

  Dipole Moment: [e a0]
     X:     0.0000      Y:     0.0000      Z:     0.0000     Total:     0.0000

  Dipole Moment: [D]
     X:     0.0000      Y:     0.0000      Z:     0.0000     Total:     0.0000


*** tstop() called on wanukaka at Thu Apr 14 13:07:51 2022
Module time:
	user time   =       3.55 seconds =       0.06 minutes
	system time =       0.13 seconds =       0.00 minutes
	total time  =          1 seconds =       0.02 minutes
Total time:
	user time   =   15702.46 seconds =     261.71 minutes
	system time =     669.20 seconds =      11.15 minutes
	total time  =       1815 seconds =      30.25 minutes

*** tstart() called on wanukaka
*** at Thu Apr 14 13:07:51 2022


         ------------------------------------------------------------
                                   SCF GRAD                          
                          Rob Parrish, Justin Turney,                
                       Andy Simmonett, and Alex Sokolov              
         ------------------------------------------------------------

  ==> Geometry <==

    Molecular point group: d2h
    Full point group: D_inf_h

    Geometry (in Angstrom), charge = 0, multiplicity = 1:

       Center              X                  Y                   Z               Mass       
    ------------   -----------------  -----------------  -----------------  -----------------
         C           -0.591808946690    -0.000000000000     0.000000000000    12.000000000000
         C            0.591808946690     0.000000000000     0.000000000000    12.000000000000
         H           -1.647632508855    -0.000000000000     0.000000000000     1.007825032230
         H            1.647632508855     0.000000000000     0.000000000000     1.007825032230

  Nuclear repulsion =   25.105596297661805

  ==> Basis Set <==

  Basis Set: 6-311++G(D,P)
    Blend: 6-311++G(D,P)
    Number of shells: 30
    Number of basis function: 58
    Number of Cartesian functions: 60
    Spherical Harmonics?: true
    Max angular momentum: 2

  ==> DFJKGrad: Density-Fitted SCF Gradients <==

    Gradient:                    1
    J tasked:                  Yes
    K tasked:                  Yes
    wK tasked:                  No
    OpenMP threads:             10
    Integrals threads:          10
    Memory [MiB]:             5722
    Schwarz Cutoff:          0E+00
    Fitting Condition:       1E-10

   => Auxiliary Basis Set <=

  Basis Set: (6-311++G(D,P) AUX)
    Blend: AUG-CC-PVTZ-JKFIT
    Number of shells: 88
    Number of basis function: 300
    Number of Cartesian functions: 372
    Spherical Harmonics?: true
    Max angular momentum: 4


  -Total Gradient:
     Atom            X                  Y                   Z
    ------   -----------------  -----------------  -----------------
       1       -0.000364233429    -0.000000000000     0.000000000000
       2        0.000364233429     0.000000000000     0.000000000000
       3        0.000022575561     0.000000000000     0.000000000000
       4       -0.000022575561    -0.000000000000     0.000000000000


*** tstop() called on wanukaka at Thu Apr 14 13:07:51 2022
Module time:
	user time   =       4.47 seconds =       0.07 minutes
	system time =       0.20 seconds =       0.00 minutes
	total time  =          0 seconds =       0.00 minutes
Total time:
	user time   =   15706.94 seconds =     261.78 minutes
	system time =     669.40 seconds =      11.16 minutes
	total time  =       1815 seconds =      30.25 minutes

			-----------------------------------------
			 OPTKING 2.0: for geometry optimizations 
			  - R.A. King,  Bethel University        
			-----------------------------------------

	Previous internal coordinate definitions found.
	---Fragment 1 Geometry and Gradient---
	 C          -1.1183568278       -0.0000000000        0.0000000000
	 C           1.1183568278        0.0000000000        0.0000000000
	 H          -3.1135741971       -0.0000000000        0.0000000000
	 H           3.1135741971        0.0000000000        0.0000000000
	            -0.0003642334       -0.0000000000        0.0000000000
	             0.0003642334        0.0000000000        0.0000000000
	             0.0000225756        0.0000000000        0.0000000000
	            -0.0000225756       -0.0000000000        0.0000000000

	---Fragment 1 Intrafragment Coordinates---
	 - Coordinate -           - BOHR/RAD -       - ANG/DEG -
	 R(1,2)           =         2.236714	       1.183618
	 R(1,3)           =         1.995217	       1.055824
	 R(2,4)           =         1.995217	       1.055824
	 L(1,2,4)         =         3.141593	     180.000000
	 l(1,2,4)         =         3.141593	     180.000000
	 L(2,1,3)         =         3.141593	     180.000000
	 l(2,1,3)         =         3.141593	     180.000000

	Current energy   :       -76.8427460630

	Energy change for the previous step:
		Projected    :        -0.0000356691
		Actual       :        -0.0000169594

	Performing BFGS update.
	Previous computed or guess Hessian on step 1.
	Steps to be used in Hessian update: 2 1
	Taking RFO optimization step.
	Going to follow RFO solution 1.
	Using RFO vector 1.
	Norm of target step-size    0.00031
	Projected energy change by RFO approximation:        -0.0000001029

	Back-transformation to cartesian coordinates...
	Successfully converged to displaced geometry.

	--- Internal Coordinate Step in ANG or DEG, aJ/ANG or AJ/DEG ---
	 ---------------------------------------------------------------------------
	   Coordinate                Previous        Force       Change         New 
	   ----------                --------       ------       ------       ------
	    1 R(1,2)          =      1.183618    -0.002815    -0.000154     1.183464
	    2 R(1,3)          =      1.055824     0.000186     0.000039     1.055863
	    3 R(2,4)          =      1.055824     0.000186     0.000039     1.055863
	    4 L(1,2,4)        =    180.000000    -0.000000     0.000000   180.000000
	    5 l(1,2,4)        =    180.000000    -0.000000     0.000000   180.000000
	    6 L(2,1,3)        =    180.000000    -0.000000     0.000000   180.000000
	    7 l(2,1,3)        =    180.000000     0.000000     0.000000   180.000000
	 ---------------------------------------------------------------------------
	Successfully symmetrized geometry.

  ==> Convergence Check <==

  Measures of convergence in internal coordinates in au.
  Criteria marked as inactive (o), active & met (*), and active & unmet ( ).
  ---------------------------------------------------------------------------------------------
   Step     Total Energy     Delta E     MAX Force     RMS Force      MAX Disp      RMS Disp   
  ---------------------------------------------------------------------------------------------
    Convergence Criteria    1.00e-06 *    3.00e-04 *             o    1.20e-03 *             o
  ---------------------------------------------------------------------------------------------
      3     -76.84274606   -1.70e-05      3.42e-04      1.30e-04 o    2.91e-04 *    1.17e-04 o  ~
  ---------------------------------------------------------------------------------------------

	Writing optimization data to binary file.
	Structure for next step:
	Cartesian Geometry (in Angstrom)
	    C    -0.5917318743  -0.0000000000   0.0000000000
	    C     0.5917318743   0.0000000000   0.0000000000
	    H    -1.6475946263  -0.0000000000   0.0000000000
	    H     1.6475946263   0.0000000000   0.0000000000
			--------------------------
			 OPTKING Finished Execution 
			--------------------------

    Structure for next step:
    Molecular point group: d2h
    Full point group: D_inf_h

    Geometry (in Angstrom), charge = 0, multiplicity = 1:

    C           -0.591731876611    -0.000000000000     0.000000000000
    C            0.591731876611     0.000000000000     0.000000000000
    H           -1.647594632729    -0.000000000000     0.000000000000
    H            1.647594632729     0.000000000000     0.000000000000

gradient() will perform analytic gradient computation.

*** tstart() called on wanukaka
*** at Thu Apr 14 13:07:51 2022

   => Loading Basis Set <=

    Name: 6-311++G(D,P)
    Role: ORBITAL
    Keyword: BASIS
    atoms 1-2 entry C          line   119 file /home/sulstice/software/miniconda2/envs/qmpython2/share/psi4/basis/6-311ppg_d_p_.gbs 
    atoms 3-4 entry H          line    42 file /home/sulstice/software/miniconda2/envs/qmpython2/share/psi4/basis/6-311ppg_d_p_.gbs 


         ---------------------------------------------------------
                                   SCF
               by Justin Turney, Rob Parrish, Andy Simmonett
                          and Daniel G. A. Smith
                              RHF Reference
                       10 Threads,   7629 MiB Core
         ---------------------------------------------------------

  ==> Geometry <==

    Molecular point group: d2h
    Full point group: D_inf_h

    Geometry (in Angstrom), charge = 0, multiplicity = 1:

       Center              X                  Y                   Z               Mass       
    ------------   -----------------  -----------------  -----------------  -----------------
         C           -0.591731876611    -0.000000000000     0.000000000000    12.000000000000
         C            0.591731876611     0.000000000000     0.000000000000    12.000000000000
         H           -1.647594632729    -0.000000000000     0.000000000000     1.007825032230
         H            1.647594632729     0.000000000000     0.000000000000     1.007825032230

  Running in d2h symmetry.

  Rotational constants: A = ************  B =      1.21495  C =      1.21495 [cm^-1]
  Rotational constants: A = ************  B =  36423.34997  C =  36423.34997 [MHz]
  Nuclear repulsion =   25.107618583847430

  Charge       = 0
  Multiplicity = 1
  Electrons    = 14
  Nalpha       = 7
  Nbeta        = 7

  ==> Algorithm <==

  SCF Algorithm Type is DF.
  DIIS enabled.
  MOM disabled.
  Fractional occupation disabled.
  Guess Type is READ.
  Energy threshold   = 1.00e-08
  Density threshold  = 1.00e-08
  Integral threshold = 0.00e+00

  ==> Primary Basis <==

  Basis Set: 6-311++G(D,P)
    Blend: 6-311++G(D,P)
    Number of shells: 30
    Number of basis function: 58
    Number of Cartesian functions: 60
    Spherical Harmonics?: true
    Max angular momentum: 2

   => Loading Basis Set <=

    Name: (6-311++G(D,P) AUX)
    Role: JKFIT
    Keyword: DF_BASIS_SCF
    atoms 1-2 entry C          line   162 file /home/sulstice/software/miniconda2/envs/qmpython2/share/psi4/basis/aug-cc-pvtz-jkfit.gbs 
    atoms 3-4 entry H          line    70 file /home/sulstice/software/miniconda2/envs/qmpython2/share/psi4/basis/aug-cc-pvtz-jkfit.gbs 

   => Loading Basis Set <=

    Name: 6-311++G(D,P)
    Role: ORBITAL
    Keyword: BASIS
    atoms 1-2 entry C          line   119 file /home/sulstice/software/miniconda2/envs/qmpython2/share/psi4/basis/6-311ppg_d_p_.gbs 
    atoms 3-4 entry H          line    42 file /home/sulstice/software/miniconda2/envs/qmpython2/share/psi4/basis/6-311ppg_d_p_.gbs 

  Reading orbitals from file 180, no projection.

  ==> Pre-Iterations <==

   -------------------------------------------------------
    Irrep   Nso     Nmo     Nalpha   Nbeta   Ndocc  Nsocc
   -------------------------------------------------------
     Ag        16      16       0       0       0       0
     B1g        6       6       0       0       0       0
     B2g        6       6       0       0       0       0
     B3g        1       1       0       0       0       0
     Au         1       1       0       0       0       0
     B1u        6       6       0       0       0       0
     B2u        6       6       0       0       0       0
     B3u       16      16       0       0       0       0
   -------------------------------------------------------
    Total      58      58       7       7       7       0
   -------------------------------------------------------

  ==> Integral Setup <==

  DFHelper Memory: AOs need 0.009 GiB; user supplied 5.588 GiB. Using in-core AOs.

  ==> MemDFJK: Density-Fitted J/K Matrices <==

    J tasked:                   Yes
    K tasked:                   Yes
    wK tasked:                   No
    OpenMP threads:              10
    Memory [MiB]:              5722
    Algorithm:                 Core
    Schwarz Cutoff:           1E-12
    Mask sparsity (%):       0.0000
    Fitting Condition:        1E-10

   => Auxiliary Basis Set <=

  Basis Set: (6-311++G(D,P) AUX)
    Blend: AUG-CC-PVTZ-JKFIT
    Number of shells: 88
    Number of basis function: 300
    Number of Cartesian functions: 372
    Spherical Harmonics?: true
    Max angular momentum: 4

  Minimum eigenvalue in the overlap matrix is 1.3339321761E-05.
  Using Symmetric Orthogonalization.

  SCF Guess: Orbitals guess was supplied from a previous computation.

  ==> Iterations <==

                           Total Energy        Delta E     RMS |[F,P]|

   @DF-RHF iter   0:   -76.84290535144608   -7.68429e+01   2.20809e-05 
   @DF-RHF iter   1:   -76.84274610589360    1.59246e-04   2.62399e-06 DIIS
   @DF-RHF iter   2:   -76.84274610879029   -2.89670e-09   1.14276e-06 DIIS
   @DF-RHF iter   3:   -76.84274610914537   -3.55072e-10   1.23535e-07 DIIS
   @DF-RHF iter   4:   -76.84274610915345   -8.08598e-12   2.04339e-08 DIIS
   @DF-RHF iter   5:   -76.84274610915388   -4.26326e-13   3.36452e-09 DIIS
  Energy and wave function converged.


  ==> Post-Iterations <==

    Orbital Energies [Eh]
    ---------------------

    Doubly Occupied:                                                      

       1Ag   -11.238056     1B3u  -11.233753     2Ag    -1.038951  
       2B3u   -0.767818     3Ag    -0.685476     1B2u   -0.416118  
       1B1u   -0.416118  

    Virtual:                                                              

       4Ag     0.042092     3B3u    0.047709     1B2g    0.115116  
       1B1g    0.115116     2B1u    0.126402     2B2u    0.126402  
       5Ag     0.150568     4B3u    0.169126     6Ag     0.187832  
       5B3u    0.217510     2B2g    0.253009     2B1g    0.253009  
       6B3u    0.360749     7Ag     0.385680     7B3u    0.580109  
       8Ag     0.617024     3B1u    0.701539     3B2u    0.701539  
       3B2g    0.827115     3B1g    0.827115     9Ag     0.868411  
       8B3u    0.874761    10Ag     1.025686     9B3u    1.228674  
       4B2u    1.298976     4B1u    1.298976    10B3u    1.339222  
       1B3g    1.407820    11Ag     1.407820     4B1g    1.708764  
       4B2g    1.708764     1Au     1.859901    11B3u    1.859901  
      12Ag     2.016271     5B1u    2.149189     5B2u    2.149189  
      12B3u    2.524904     5B1g    2.839844     5B2g    2.839844  
      13Ag     2.876063    13B3u    2.920966     6B1u    3.132319  
       6B2u    3.132319    14Ag     3.350646     6B2g    3.374277  
       6B1g    3.374277    14B3u    3.724459    15Ag     3.778347  
      15B3u    4.214451    16Ag    24.768432    16B3u   26.421486  

    Final Occupation by Irrep:
             Ag   B1g   B2g   B3g    Au   B1u   B2u   B3u 
    DOCC [     3,    0,    0,    0,    0,    1,    1,    2 ]

  @DF-RHF Final Energy:   -76.84274610915388

   => Energetics <=

    Nuclear Repulsion Energy =             25.1076185838474295
    One-Electron Energy =                -152.3081508668338131
    Two-Electron Energy =                  50.3577861738325083
    Total Energy =                        -76.8427461091538788

Computation Completed


Properties will be evaluated at   0.000000,   0.000000,   0.000000 [a0]

Properties computed using the SCF density matrix

  Nuclear Dipole Moment: [e a0]
     X:     0.0000      Y:     0.0000      Z:     0.0000

  Electronic Dipole Moment: [e a0]
     X:     0.0000      Y:     0.0000      Z:     0.0000

  Dipole Moment: [e a0]
     X:     0.0000      Y:     0.0000      Z:     0.0000     Total:     0.0000

  Dipole Moment: [D]
     X:     0.0000      Y:     0.0000      Z:     0.0000     Total:     0.0000


*** tstop() called on wanukaka at Thu Apr 14 13:07:51 2022
Module time:
	user time   =       3.47 seconds =       0.06 minutes
	system time =       0.12 seconds =       0.00 minutes
	total time  =          0 seconds =       0.00 minutes
Total time:
	user time   =   15710.49 seconds =     261.84 minutes
	system time =     669.53 seconds =      11.16 minutes
	total time  =       1815 seconds =      30.25 minutes

*** tstart() called on wanukaka
*** at Thu Apr 14 13:07:51 2022


         ------------------------------------------------------------
                                   SCF GRAD                          
                          Rob Parrish, Justin Turney,                
                       Andy Simmonett, and Alex Sokolov              
         ------------------------------------------------------------

  ==> Geometry <==

    Molecular point group: d2h
    Full point group: D_inf_h

    Geometry (in Angstrom), charge = 0, multiplicity = 1:

       Center              X                  Y                   Z               Mass       
    ------------   -----------------  -----------------  -----------------  -----------------
         C           -0.591731876611    -0.000000000000     0.000000000000    12.000000000000
         C            0.591731876611     0.000000000000     0.000000000000    12.000000000000
         H           -1.647594632729    -0.000000000000     0.000000000000     1.007825032230
         H            1.647594632729     0.000000000000     0.000000000000     1.007825032230

  Nuclear repulsion =   25.107618583847430

  ==> Basis Set <==

  Basis Set: 6-311++G(D,P)
    Blend: 6-311++G(D,P)
    Number of shells: 30
    Number of basis function: 58
    Number of Cartesian functions: 60
    Spherical Harmonics?: true
    Max angular momentum: 2

  ==> DFJKGrad: Density-Fitted SCF Gradients <==

    Gradient:                    1
    J tasked:                  Yes
    K tasked:                  Yes
    wK tasked:                  No
    OpenMP threads:             10
    Integrals threads:          10
    Memory [MiB]:             5722
    Schwarz Cutoff:          0E+00
    Fitting Condition:       1E-10

   => Auxiliary Basis Set <=

  Basis Set: (6-311++G(D,P) AUX)
    Blend: AUG-CC-PVTZ-JKFIT
    Number of shells: 88
    Number of basis function: 300
    Number of Cartesian functions: 372
    Spherical Harmonics?: true
    Max angular momentum: 4


  -Total Gradient:
     Atom            X                  Y                   Z
    ------   -----------------  -----------------  -----------------
       1        0.000042886054     0.000000000000     0.000000000000
       2       -0.000042886054    -0.000000000000     0.000000000000
       3       -0.000012882176    -0.000000000000     0.000000000000
       4        0.000012882176     0.000000000000     0.000000000000


*** tstop() called on wanukaka at Thu Apr 14 13:07:52 2022
Module time:
	user time   =       4.53 seconds =       0.08 minutes
	system time =       0.17 seconds =       0.00 minutes
	total time  =          1 seconds =       0.02 minutes
Total time:
	user time   =   15715.03 seconds =     261.92 minutes
	system time =     669.70 seconds =      11.16 minutes
	total time  =       1816 seconds =      30.27 minutes

			-----------------------------------------
			 OPTKING 2.0: for geometry optimizations 
			  - R.A. King,  Bethel University        
			-----------------------------------------

	Previous internal coordinate definitions found.
	---Fragment 1 Geometry and Gradient---
	 C          -1.1182111865       -0.0000000000        0.0000000000
	 C           1.1182111865        0.0000000000        0.0000000000
	 H          -3.1135026216       -0.0000000000        0.0000000000
	 H           3.1135026216        0.0000000000        0.0000000000
	             0.0000428861        0.0000000000        0.0000000000
	            -0.0000428861       -0.0000000000        0.0000000000
	            -0.0000128822       -0.0000000000        0.0000000000
	             0.0000128822        0.0000000000        0.0000000000

	---Fragment 1 Intrafragment Coordinates---
	 - Coordinate -           - BOHR/RAD -       - ANG/DEG -
	 R(1,2)           =         2.236422	       1.183464
	 R(1,3)           =         1.995291	       1.055863
	 R(2,4)           =         1.995291	       1.055863
	 L(1,2,4)         =         3.141593	     180.000000
	 l(1,2,4)         =         3.141593	     180.000000
	 L(2,1,3)         =         3.141593	     180.000000
	 l(2,1,3)         =         3.141593	     180.000000

	Current energy   :       -76.8427461092

	Energy change for the previous step:
		Projected    :        -0.0000001029
		Actual       :        -0.0000000462

	Performing BFGS update.
	Previous computed or guess Hessian on step 1.
	Denominators (dg)(dq) or (dq)(dq) are very small.
	 Skipping Hessian update for step 3.
	Steps to be used in Hessian update: 2 1
	Taking RFO optimization step.
	Going to follow RFO solution 1.
	Using RFO vector 1.
	Norm of target step-size    0.00006
	Projected energy change by RFO approximation:        -0.0000000017

	Back-transformation to cartesian coordinates...
	Successfully converged to displaced geometry.

	--- Internal Coordinate Step in ANG or DEG, aJ/ANG or AJ/DEG ---
	 ---------------------------------------------------------------------------
	   Coordinate                Previous        Force       Change         New 
	   ----------                --------       ------       ------       ------
	    1 R(1,2)          =      1.183464     0.000247     0.000014     1.183478
	    2 R(1,3)          =      1.055863    -0.000106    -0.000018     1.055844
	    3 R(2,4)          =      1.055863    -0.000106    -0.000018     1.055844
	    4 L(1,2,4)        =    180.000000     0.000000     0.000000   180.000000
	    5 l(1,2,4)        =    180.000000     0.000000     0.000000   180.000000
	    6 L(2,1,3)        =    180.000000     0.000000     0.000000   180.000000
	    7 l(2,1,3)        =    180.000000    -0.000000     0.000000   180.000000
	 ---------------------------------------------------------------------------
	Successfully symmetrized geometry.

  ==> Convergence Check <==

  Measures of convergence in internal coordinates in au.
  Criteria marked as inactive (o), active & met (*), and active & unmet ( ).
  ---------------------------------------------------------------------------------------------
   Step     Total Energy     Delta E     MAX Force     RMS Force      MAX Disp      RMS Disp   
  ---------------------------------------------------------------------------------------------
    Convergence Criteria    1.00e-06 *    3.00e-04 *             o    1.20e-03 *             o
  ---------------------------------------------------------------------------------------------
      4     -76.84274611   -4.62e-08 *    3.00e-05 *    1.33e-05 o    3.45e-05 *    2.10e-05 o  ~
  ---------------------------------------------------------------------------------------------


  **** Optimization is complete! (in 4 steps) ****

  ==> Optimization Summary <==

  Measures of convergence in internal coordinates in au.
  --------------------------------------------------------------------------------------------------------------- ~
   Step         Total Energy             Delta E       MAX Force       RMS Force        MAX Disp        RMS Disp  ~
  --------------------------------------------------------------------------------------------------------------- ~
      1     -76.841975023714    -76.841975023714      0.03846060      0.01513989      0.03668449      0.01779277  ~
      2     -76.842729103609     -0.000754079895      0.00622343      0.00240076      0.00514098      0.00222963  ~
      3     -76.842746062975     -0.000016959366      0.00034166      0.00012970      0.00029128      0.00011700  ~
      4     -76.842746109154     -0.000000046179      0.00003000      0.00001327      0.00003452      0.00002098  ~
  --------------------------------------------------------------------------------------------------------------- ~

	Writing optimization data to binary file.
	Final energy is    -76.8427461091539
	Final (previous) structure:
	Cartesian Geometry (in Angstrom)
	    C    -0.5917318743  -0.0000000000   0.0000000000
	    C     0.5917318743   0.0000000000   0.0000000000
	    H    -1.6475946263  -0.0000000000   0.0000000000
	    H     1.6475946263   0.0000000000   0.0000000000
	Saving final (previous) structure.
			--------------------------
			 OPTKING Finished Execution 
			--------------------------

    Final optimized geometry and variables:
    Molecular point group: d2h
    Full point group: D_inf_h

    Geometry (in Angstrom), charge = 0, multiplicity = 1:

    C           -0.591731876611    -0.000000000000     0.000000000000
    C            0.591731876611     0.000000000000     0.000000000000
    H           -1.647594632729    -0.000000000000     0.000000000000
    H            1.647594632729     0.000000000000     0.000000000000

	Removing binary optimization data file.
	Cleaning optimization helper files.

*** tstart() called on wanukaka
*** at Thu Apr 14 13:07:52 2022

   => Loading Basis Set <=

    Name: 6-311++G(D,P)
    Role: ORBITAL
    Keyword: BASIS
    atoms 1-2 entry C          line   119 file /home/sulstice/software/miniconda2/envs/qmpython2/share/psi4/basis/6-311ppg_d_p_.gbs 
    atoms 3-4 entry H          line    42 file /home/sulstice/software/miniconda2/envs/qmpython2/share/psi4/basis/6-311ppg_d_p_.gbs 


         ---------------------------------------------------------
                                   SCF
               by Justin Turney, Rob Parrish, Andy Simmonett
                          and Daniel G. A. Smith
                              RHF Reference
                       10 Threads,   7629 MiB Core
         ---------------------------------------------------------

  ==> Geometry <==

    Molecular point group: d2h
    Full point group: D_inf_h

    Geometry (in Angstrom), charge = 0, multiplicity = 1:

       Center              X                  Y                   Z               Mass       
    ------------   -----------------  -----------------  -----------------  -----------------
         C           -0.591731876611    -0.000000000000     0.000000000000    12.000000000000
         C            0.591731876611     0.000000000000     0.000000000000    12.000000000000
         H           -1.647594632729    -0.000000000000     0.000000000000     1.007825032230
         H            1.647594632729     0.000000000000     0.000000000000     1.007825032230

  Running in d2h symmetry.

  Rotational constants: A = ************  B =      1.21495  C =      1.21495 [cm^-1]
  Rotational constants: A = ************  B =  36423.34997  C =  36423.34997 [MHz]
  Nuclear repulsion =   25.107618583847430

  Charge       = 0
  Multiplicity = 1
  Electrons    = 14
  Nalpha       = 7
  Nbeta        = 7

  ==> Algorithm <==

  SCF Algorithm Type is DF.
  DIIS enabled.
  MOM disabled.
  Fractional occupation disabled.
  Guess Type is SAD.
  Energy threshold   = 1.00e-06
  Density threshold  = 1.00e-06
  Integral threshold = 0.00e+00

  ==> Primary Basis <==

  Basis Set: 6-311++G(D,P)
    Blend: 6-311++G(D,P)
    Number of shells: 30
    Number of basis function: 58
    Number of Cartesian functions: 60
    Spherical Harmonics?: true
    Max angular momentum: 2

   => Loading Basis Set <=

    Name: (6-311++G(D,P) AUX)
    Role: JKFIT
    Keyword: DF_BASIS_SCF
    atoms 1-2 entry C          line   162 file /home/sulstice/software/miniconda2/envs/qmpython2/share/psi4/basis/aug-cc-pvtz-jkfit.gbs 
    atoms 3-4 entry H          line    70 file /home/sulstice/software/miniconda2/envs/qmpython2/share/psi4/basis/aug-cc-pvtz-jkfit.gbs 

  ==> Pre-Iterations <==

   -------------------------------------------------------
    Irrep   Nso     Nmo     Nalpha   Nbeta   Ndocc  Nsocc
   -------------------------------------------------------
     Ag        16      16       0       0       0       0
     B1g        6       6       0       0       0       0
     B2g        6       6       0       0       0       0
     B3g        1       1       0       0       0       0
     Au         1       1       0       0       0       0
     B1u        6       6       0       0       0       0
     B2u        6       6       0       0       0       0
     B3u       16      16       0       0       0       0
   -------------------------------------------------------
    Total      58      58       7       7       7       0
   -------------------------------------------------------

  ==> Integral Setup <==

  DFHelper Memory: AOs need 0.009 GiB; user supplied 5.588 GiB. Using in-core AOs.

  ==> MemDFJK: Density-Fitted J/K Matrices <==

    J tasked:                   Yes
    K tasked:                   Yes
    wK tasked:                   No
    OpenMP threads:              10
    Memory [MiB]:              5722
    Algorithm:                 Core
    Schwarz Cutoff:           1E-12
    Mask sparsity (%):       0.0000
    Fitting Condition:        1E-10

   => Auxiliary Basis Set <=

  Basis Set: (6-311++G(D,P) AUX)
    Blend: AUG-CC-PVTZ-JKFIT
    Number of shells: 88
    Number of basis function: 300
    Number of Cartesian functions: 372
    Spherical Harmonics?: true
    Max angular momentum: 4

  Minimum eigenvalue in the overlap matrix is 1.3339321761E-05.
  Using Symmetric Orthogonalization.

  SCF Guess: Superposition of Atomic Densities via on-the-fly atomic UHF.

  ==> Iterations <==

                           Total Energy        Delta E     RMS |[F,P]|

   @DF-RHF iter SAD:   -75.90822831544520   -7.59082e+01   0.00000e+00 
   @DF-RHF iter   1:   -76.79185985488029   -8.83632e-01   1.22160e-02 DIIS
   @DF-RHF iter   2:   -76.83693178577238   -4.50719e-02   4.19354e-03 DIIS
   @DF-RHF iter   3:   -76.84261339335760   -5.68161e-03   4.45470e-04 DIIS
   @DF-RHF iter   4:   -76.84274445382331   -1.31060e-04   4.73624e-05 DIIS
   @DF-RHF iter   5:   -76.84274604378720   -1.58996e-06   8.87927e-06 DIIS
   @DF-RHF iter   6:   -76.84274610749497   -6.37078e-08   1.34755e-06 DIIS
   @DF-RHF iter   7:   -76.84274610910495   -1.60998e-09   2.34594e-07 DIIS
  Energy and wave function converged.


  ==> Post-Iterations <==

    Orbital Energies [Eh]
    ---------------------

    Doubly Occupied:                                                      

       1Ag   -11.238056     1B3u  -11.233753     2Ag    -1.038951  
       2B3u   -0.767818     3Ag    -0.685475     1B2u   -0.416118  
       1B1u   -0.416118  

    Virtual:                                                              

       4Ag     0.042092     3B3u    0.047709     1B2g    0.115116  
       1B1g    0.115116     2B1u    0.126402     2B2u    0.126402  
       5Ag     0.150568     4B3u    0.169126     6Ag     0.187832  
       5B3u    0.217510     2B2g    0.253009     2B1g    0.253009  
       6B3u    0.360749     7Ag     0.385680     7B3u    0.580109  
       8Ag     0.617024     3B1u    0.701539     3B2u    0.701539  
       3B2g    0.827115     3B1g    0.827115     9Ag     0.868411  
       8B3u    0.874760    10Ag     1.025686     9B3u    1.228674  
       4B2u    1.298976     4B1u    1.298976    10B3u    1.339222  
       1B3g    1.407820    11Ag     1.407820     4B1g    1.708764  
       4B2g    1.708764     1Au     1.859901    11B3u    1.859901  
      12Ag     2.016271     5B1u    2.149189     5B2u    2.149189  
      12B3u    2.524904     5B1g    2.839844     5B2g    2.839844  
      13Ag     2.876062    13B3u    2.920966     6B1u    3.132319  
       6B2u    3.132319    14Ag     3.350646     6B2g    3.374277  
       6B1g    3.374277    14B3u    3.724459    15Ag     3.778347  
      15B3u    4.214451    16Ag    24.768432    16B3u   26.421486  

    Final Occupation by Irrep:
             Ag   B1g   B2g   B3g    Au   B1u   B2u   B3u 
    DOCC [     3,    0,    0,    0,    0,    1,    1,    2 ]

  @DF-RHF Final Energy:   -76.84274610910495

   => Energetics <=

    Nuclear Repulsion Energy =             25.1076185838474295
    One-Electron Energy =                -152.3081524192050438
    Two-Electron Energy =                  50.3577877262526812
    Total Energy =                        -76.8427461091049366

Computation Completed


Properties will be evaluated at   0.000000,   0.000000,   0.000000 [a0]

Properties computed using the SCF density matrix

  Nuclear Dipole Moment: [e a0]
     X:     0.0000      Y:     0.0000      Z:     0.0000

  Electronic Dipole Moment: [e a0]
     X:     0.0000      Y:     0.0000      Z:     0.0000

  Dipole Moment: [e a0]
     X:     0.0000      Y:     0.0000      Z:     0.0000     Total:     0.0000

  Dipole Moment: [D]
     X:     0.0000      Y:     0.0000      Z:     0.0000     Total:     0.0000


*** tstop() called on wanukaka at Thu Apr 14 13:07:53 2022
Module time:
	user time   =       5.97 seconds =       0.10 minutes
	system time =       0.19 seconds =       0.00 minutes
	total time  =          1 seconds =       0.02 minutes
Total time:
	user time   =   15721.08 seconds =     262.02 minutes
	system time =     669.90 seconds =      11.17 minutes
	total time  =       1817 seconds =      30.28 minutes
hessian() using ref_gradient to assess stationary point.

  Based on options and gradient (rms=1.83E-05), recommend projecting translations and projecting rotations.
hessian() will perform analytic frequency computation.

*** tstart() called on wanukaka
*** at Thu Apr 14 13:07:53 2022

   => Loading Basis Set <=

    Name: 6-311++G(D,P)
    Role: ORBITAL
    Keyword: BASIS
    atoms 1-2 entry C          line   119 file /home/sulstice/software/miniconda2/envs/qmpython2/share/psi4/basis/6-311ppg_d_p_.gbs 
    atoms 3-4 entry H          line    42 file /home/sulstice/software/miniconda2/envs/qmpython2/share/psi4/basis/6-311ppg_d_p_.gbs 


         ---------------------------------------------------------
                                   SCF
               by Justin Turney, Rob Parrish, Andy Simmonett
                          and Daniel G. A. Smith
                              RHF Reference
                       10 Threads,   7629 MiB Core
         ---------------------------------------------------------

  ==> Geometry <==

    Molecular point group: d2h
    Full point group: D_inf_h

    Geometry (in Angstrom), charge = 0, multiplicity = 1:

       Center              X                  Y                   Z               Mass       
    ------------   -----------------  -----------------  -----------------  -----------------
         C           -0.591731876611    -0.000000000000     0.000000000000    12.000000000000
         C            0.591731876611     0.000000000000     0.000000000000    12.000000000000
         H           -1.647594632729    -0.000000000000     0.000000000000     1.007825032230
         H            1.647594632729     0.000000000000     0.000000000000     1.007825032230

  Running in d2h symmetry.

  Rotational constants: A = ************  B =      1.21495  C =      1.21495 [cm^-1]
  Rotational constants: A = ************  B =  36423.34997  C =  36423.34997 [MHz]
  Nuclear repulsion =   25.107618583847430

  Charge       = 0
  Multiplicity = 1
  Electrons    = 14
  Nalpha       = 7
  Nbeta        = 7

  ==> Algorithm <==

  SCF Algorithm Type is DF.
  DIIS enabled.
  MOM disabled.
  Fractional occupation disabled.
  Guess Type is SAD.
  Energy threshold   = 1.00e-08
  Density threshold  = 1.00e-08
  Integral threshold = 0.00e+00

  ==> Primary Basis <==

  Basis Set: 6-311++G(D,P)
    Blend: 6-311++G(D,P)
    Number of shells: 30
    Number of basis function: 58
    Number of Cartesian functions: 60
    Spherical Harmonics?: true
    Max angular momentum: 2

   => Loading Basis Set <=

    Name: (6-311++G(D,P) AUX)
    Role: JKFIT
    Keyword: DF_BASIS_SCF
    atoms 1-2 entry C          line   162 file /home/sulstice/software/miniconda2/envs/qmpython2/share/psi4/basis/aug-cc-pvtz-jkfit.gbs 
    atoms 3-4 entry H          line    70 file /home/sulstice/software/miniconda2/envs/qmpython2/share/psi4/basis/aug-cc-pvtz-jkfit.gbs 

  ==> Pre-Iterations <==

   -------------------------------------------------------
    Irrep   Nso     Nmo     Nalpha   Nbeta   Ndocc  Nsocc
   -------------------------------------------------------
     Ag        16      16       0       0       0       0
     B1g        6       6       0       0       0       0
     B2g        6       6       0       0       0       0
     B3g        1       1       0       0       0       0
     Au         1       1       0       0       0       0
     B1u        6       6       0       0       0       0
     B2u        6       6       0       0       0       0
     B3u       16      16       0       0       0       0
   -------------------------------------------------------
    Total      58      58       7       7       7       0
   -------------------------------------------------------

  ==> Integral Setup <==

  DFHelper Memory: AOs need 0.009 GiB; user supplied 5.588 GiB. Using in-core AOs.

  ==> MemDFJK: Density-Fitted J/K Matrices <==

    J tasked:                   Yes
    K tasked:                   Yes
    wK tasked:                   No
    OpenMP threads:              10
    Memory [MiB]:              5722
    Algorithm:                 Core
    Schwarz Cutoff:           1E-12
    Mask sparsity (%):       0.0000
    Fitting Condition:        1E-10

   => Auxiliary Basis Set <=

  Basis Set: (6-311++G(D,P) AUX)
    Blend: AUG-CC-PVTZ-JKFIT
    Number of shells: 88
    Number of basis function: 300
    Number of Cartesian functions: 372
    Spherical Harmonics?: true
    Max angular momentum: 4

  Minimum eigenvalue in the overlap matrix is 1.3339321761E-05.
  Using Symmetric Orthogonalization.

  SCF Guess: Superposition of Atomic Densities via on-the-fly atomic UHF.

  ==> Iterations <==

                           Total Energy        Delta E     RMS |[F,P]|

   @DF-RHF iter SAD:   -75.90822831544517   -7.59082e+01   0.00000e+00 
   @DF-RHF iter   1:   -76.79185985488019   -8.83632e-01   1.22160e-02 DIIS
   @DF-RHF iter   2:   -76.83693178577244   -4.50719e-02   4.19354e-03 DIIS
   @DF-RHF iter   3:   -76.84261339335758   -5.68161e-03   4.45470e-04 DIIS
   @DF-RHF iter   4:   -76.84274445382333   -1.31060e-04   4.73624e-05 DIIS
   @DF-RHF iter   5:   -76.84274604378720   -1.58996e-06   8.87927e-06 DIIS
   @DF-RHF iter   6:   -76.84274610749503   -6.37078e-08   1.34755e-06 DIIS
   @DF-RHF iter   7:   -76.84274610910492   -1.60989e-09   2.34594e-07 DIIS
   @DF-RHF iter   8:   -76.84274610915375   -4.88285e-11   1.26429e-08 DIIS
   @DF-RHF iter   9:   -76.84274610915384   -8.52651e-14   1.63108e-09 DIIS
  Energy and wave function converged.


  ==> Post-Iterations <==

    Orbital Energies [Eh]
    ---------------------

    Doubly Occupied:                                                      

       1Ag   -11.238056     1B3u  -11.233753     2Ag    -1.038952  
       2B3u   -0.767818     3Ag    -0.685476     1B2u   -0.416118  
       1B1u   -0.416118  

    Virtual:                                                              

       4Ag     0.042092     3B3u    0.047709     1B2g    0.115116  
       1B1g    0.115116     2B1u    0.126402     2B2u    0.126402  
       5Ag     0.150568     4B3u    0.169126     6Ag     0.187832  
       5B3u    0.217510     2B2g    0.253009     2B1g    0.253009  
       6B3u    0.360749     7Ag     0.385680     7B3u    0.580109  
       8Ag     0.617024     3B1u    0.701539     3B2u    0.701539  
       3B2g    0.827115     3B1g    0.827115     9Ag     0.868411  
       8B3u    0.874761    10Ag     1.025686     9B3u    1.228674  
       4B2u    1.298976     4B1u    1.298976    10B3u    1.339222  
       1B3g    1.407820    11Ag     1.407820     4B1g    1.708764  
       4B2g    1.708764     1Au     1.859901    11B3u    1.859901  
      12Ag     2.016271     5B1u    2.149189     5B2u    2.149189  
      12B3u    2.524904     5B1g    2.839844     5B2g    2.839844  
      13Ag     2.876063    13B3u    2.920966     6B1u    3.132319  
       6B2u    3.132319    14Ag     3.350646     6B2g    3.374277  
       6B1g    3.374277    14B3u    3.724459    15Ag     3.778347  
      15B3u    4.214451    16Ag    24.768432    16B3u   26.421486  

    Final Occupation by Irrep:
             Ag   B1g   B2g   B3g    Au   B1u   B2u   B3u 
    DOCC [     3,    0,    0,    0,    0,    1,    1,    2 ]

  @DF-RHF Final Energy:   -76.84274610915384

   => Energetics <=

    Nuclear Repulsion Energy =             25.1076185838474295
    One-Electron Energy =                -152.3081507816832811
    Two-Electron Energy =                  50.3577860886820119
    Total Energy =                        -76.8427461091538362

Computation Completed


Properties will be evaluated at   0.000000,   0.000000,   0.000000 [a0]

Properties computed using the SCF density matrix

  Nuclear Dipole Moment: [e a0]
     X:     0.0000      Y:     0.0000      Z:     0.0000

  Electronic Dipole Moment: [e a0]
     X:     0.0000      Y:     0.0000      Z:     0.0000

  Dipole Moment: [e a0]
     X:     0.0000      Y:     0.0000      Z:     0.0000     Total:     0.0000

  Dipole Moment: [D]
     X:     0.0000      Y:     0.0000      Z:     0.0000     Total:     0.0000


*** tstop() called on wanukaka at Thu Apr 14 13:07:53 2022
Module time:
	user time   =       6.05 seconds =       0.10 minutes
	system time =       0.22 seconds =       0.00 minutes
	total time  =          0 seconds =       0.00 minutes
Total time:
	user time   =   15727.23 seconds =     262.12 minutes
	system time =     670.13 seconds =      11.17 minutes
	total time  =       1817 seconds =      30.28 minutes

*** tstart() called on wanukaka
*** at Thu Apr 14 13:07:53 2022


         ------------------------------------------------------------
                                   SCF HESS                          
                          Rob Parrish, Justin Turney,                
                       Andy Simmonett, and Alex Sokolov              
         ------------------------------------------------------------

  ==> Geometry <==

    Molecular point group: d2h
    Full point group: D_inf_h

    Geometry (in Angstrom), charge = 0, multiplicity = 1:

       Center              X                  Y                   Z               Mass       
    ------------   -----------------  -----------------  -----------------  -----------------
         C           -0.591731876611    -0.000000000000     0.000000000000    12.000000000000
         C            0.591731876611     0.000000000000     0.000000000000    12.000000000000
         H           -1.647594632729    -0.000000000000     0.000000000000     1.007825032230
         H            1.647594632729     0.000000000000     0.000000000000     1.007825032230

  Nuclear repulsion =   25.107618583847430

  ==> Basis Set <==

  Basis Set: 6-311++G(D,P)
    Blend: 6-311++G(D,P)
    Number of shells: 30
    Number of basis function: 58
    Number of Cartesian functions: 60
    Spherical Harmonics?: true
    Max angular momentum: 2

  ==> DFJKGrad: Density-Fitted SCF Gradients <==

    Gradient:                    2
    J tasked:                  Yes
    K tasked:                  Yes
    wK tasked:                  No
    OpenMP threads:             10
    Integrals threads:          10
    Memory [MiB]:             5722
    Schwarz Cutoff:          0E+00
    Fitting Condition:       1E-10

   => Auxiliary Basis Set <=

  Basis Set: (6-311++G(D,P) AUX)
    Blend: AUG-CC-PVTZ-JKFIT
    Number of shells: 88
    Number of basis function: 300
    Number of Cartesian functions: 372
    Spherical Harmonics?: true
    Max angular momentum: 4

  DFHelper Memory: AOs need 0.009 GiB; user supplied 6.706 GiB. Using in-core AOs.

  ==> MemDFJK: Density-Fitted J/K Matrices <==

    J tasked:                   Yes
    K tasked:                   Yes
    wK tasked:                   No
    OpenMP threads:              10
    Memory [MiB]:              6866
    Algorithm:                 Core
    Schwarz Cutoff:           1E-12
    Mask sparsity (%):       0.0000
    Fitting Condition:        1E-10

   => Auxiliary Basis Set <=

  Basis Set: (6-311++G(D,P) AUX)
    Blend: AUG-CC-PVTZ-JKFIT
    Number of shells: 88
    Number of basis function: 300
    Number of Cartesian functions: 372
    Spherical Harmonics?: true
    Max angular momentum: 4


         ------------------------------------------------------------
                                     CPHF                           
                                  Rob Parrish                       
         ------------------------------------------------------------

  ==> Geometry <==

    Molecular point group: d2h
    Full point group: D_inf_h

    Geometry (in Angstrom), charge = 0, multiplicity = 1:

       Center              X                  Y                   Z               Mass       
    ------------   -----------------  -----------------  -----------------  -----------------
         C           -0.591731876611    -0.000000000000     0.000000000000    12.000000000000
         C            0.591731876611     0.000000000000     0.000000000000    12.000000000000
         H           -1.647594632729    -0.000000000000     0.000000000000     1.007825032230
         H            1.647594632729     0.000000000000     0.000000000000     1.007825032230

  Nuclear repulsion =   25.107618583847430
  Reference energy  =  -76.842746109153836

  ==> Basis Set <==

  Basis Set: 6-311++G(D,P)
    Blend: 6-311++G(D,P)
    Number of shells: 30
    Number of basis function: 58
    Number of Cartesian functions: 60
    Spherical Harmonics?: true
    Max angular momentum: 2

  ==> CGRSolver (by Rob Parrish) <==

   Number of roots    =        12
   Preconditioning    =    JACOBI
   Convergence cutoff =     1E-06
   Maximum iterations =       100

  ==> CPHFRHamiltonian (by Rob Parrish) <== 

  ==> MemDFJK: Density-Fitted J/K Matrices <==

    J tasked:                   Yes
    K tasked:                   Yes
    wK tasked:                   No
    OpenMP threads:              10
    Memory [MiB]:              6866
    Algorithm:                 Core
    Schwarz Cutoff:           1E-12
    Mask sparsity (%):       0.0000
    Fitting Condition:        1E-10

   => Auxiliary Basis Set <=

  Basis Set: (6-311++G(D,P) AUX)
    Blend: AUG-CC-PVTZ-JKFIT
    Number of shells: 88
    Number of basis function: 300
    Number of Cartesian functions: 372
    Spherical Harmonics?: true
    Max angular momentum: 4

  ==> CPHF Iterations <==

  => Iterations <=

             Iter  Converged  Remaining    Residual
  CGR           1          0         12   7.946E-02
  CGR           2          0         12   2.318E-02
  CGR           3          0         12   4.179E-03
  CGR           4          0         12   6.885E-04
  CGR           5          0         12   9.773E-05
  CGR           6          0         12   1.669E-05
  CGR           7          4          8   1.586E-06
  CGR           8         12          0   2.175E-07

    CGRSolver converged.


*** tstop() called on wanukaka at Thu Apr 14 13:10:38 2022
Module time:
	user time   =    1565.39 seconds =      26.09 minutes
	system time =      41.65 seconds =       0.69 minutes
	total time  =        165 seconds =       2.75 minutes
Total time:
	user time   =   17292.63 seconds =     288.21 minutes
	system time =     711.78 seconds =      11.86 minutes
	total time  =       1982 seconds =      33.03 minutes


  ==> Harmonic Vibrational Analysis <==

  non-mass-weighted Hessian:       Symmetric? True   Hermitian? True   Lin Dep Dim?  0 (0)
  projection of translations (True) and rotations (True) removed 5 degrees of freedom (5)
  total projector:                 Symmetric? True   Hermitian? True   Lin Dep Dim?  5 (5)
  mass-weighted Hessian:           Symmetric? True   Hermitian? True   Lin Dep Dim?  0 (0)
  pre-proj  low-frequency mode:    0.0000i [cm^-1]
  pre-proj  low-frequency mode:    0.0000i [cm^-1]
  pre-proj  low-frequency mode:    0.0000i [cm^-1]
  pre-proj  low-frequency mode:    0.0525  [cm^-1]
  pre-proj  low-frequency mode:    0.0967  [cm^-1]
  pre-proj  all modes:['2.9857i' '2.9839i' '0.0192i' '0.0525' '0.0967' '817.1413' '817.1413'
 '873.0590' '873.0590' '2205.6954' '3559.4302' '3673.8017']
  projected mass-weighted Hessian: Symmetric? True   Hermitian? True   Lin Dep Dim?  5 (5)
  post-proj low-frequency mode:    0.0000i [cm^-1] (TR)
  post-proj low-frequency mode:    0.0000i [cm^-1] (TR)
  post-proj low-frequency mode:    0.0000i [cm^-1] (TR)
  post-proj low-frequency mode:    0.0000i [cm^-1] (TR)
  post-proj low-frequency mode:    0.0000  [cm^-1] (TR)
  post-proj  all modes:['0.0000i' '0.0000i' '0.0000i' '0.0000i' '0.0000' '817.1413' '817.1413'
 '873.0590' '873.0590' '2205.6954' '3559.4302' '3673.8017']

  Vibration                       6                   7                   8           
  Freq [cm^-1]                 817.1413            817.1413            873.0590       
  Irrep                                                                  B1u          
  Reduced mass [u]              1.5778              1.5778              1.0848        
  Force const [mDyne/A]         0.6207              0.6207              0.4872        
  Turning point v=0 [a0]        0.3056              0.3056              0.3565        
  RMS dev v=0 [a0 u^1/2]        0.2714              0.2714              0.2626        
  IR activ [km/mol]             0.0000              0.0000             126.3208       
  Char temp [K]               1175.6844           1175.6844           1256.1375       
  ----------------------------------------------------------------------------------
      1   C               -0.00 -0.00 -0.16    0.00 -0.16  0.00   -0.00 -0.00 -0.06   
      2   C                0.00  0.00  0.16   -0.00  0.16 -0.00   -0.00 -0.00 -0.06   
      3   H                0.00  0.00  0.69    0.00  0.69 -0.00    0.00  0.00  0.70   
      4   H                0.00 -0.00 -0.69   -0.00 -0.69  0.00   -0.00  0.00  0.70   

  Vibration                       9                   10                  11          
  Freq [cm^-1]                 873.0590           2205.6954           3559.4302       
  Irrep                          B2u                  Ag                 B3u          
  Reduced mass [u]              1.0848              3.6657              1.0848        
  Force const [mDyne/A]         0.4872             10.5076              8.0978        
  Turning point v=0 [a0]        0.3565              0.1220              0.1766        
  RMS dev v=0 [a0 u^1/2]        0.2626              0.1652              0.1300        
  IR activ [km/mol]            126.3208             0.0000             101.3398       
  Char temp [K]               1256.1375           3173.5046           5121.2276       
  ----------------------------------------------------------------------------------
      1   C                0.00 -0.06  0.00    0.35  0.00 -0.00   -0.06  0.00  0.00   
      2   C               -0.00 -0.06  0.00   -0.35 -0.00  0.00   -0.06 -0.00 -0.00   
      3   H                0.00  0.70 -0.00    0.62 -0.00  0.00    0.70 -0.00 -0.00   
      4   H               -0.00  0.70 -0.00   -0.62  0.00 -0.00    0.70  0.00  0.00   

  Vibration                       12          
  Freq [cm^-1]                3673.8017       
  Irrep                           Ag          
  Reduced mass [u]              1.2457        
  Force const [mDyne/A]         9.9058        
  Turning point v=0 [a0]        0.1622        
  RMS dev v=0 [a0 u^1/2]        0.1280        
  IR activ [km/mol]             0.0000        
  Char temp [K]               5285.7827       
  ----------------------------------------------------------------------------------
      1   C               -0.10  0.00  0.00   
      2   C                0.10 -0.00  0.00   
      3   H                0.70 -0.00 -0.00   
      4   H               -0.70  0.00 -0.00   

  ==> Thermochemistry Components <==

  Entropy, S
    Electronic S            0.000 [cal/(mol K)]        0.000 [J/(mol K)]       0.00000000 [mEh/K] (multiplicity = 1)
    Translational S        35.704 [cal/(mol K)]      149.387 [J/(mol K)]       0.05689862 [mEh/K] (mol. weight = 26.0157 [u], P = 101325.00 [Pa])
    Rotational S           10.822 [cal/(mol K)]       45.280 [J/(mol K)]       0.01724630 [mEh/K] (symmetry no. = 2)
    Vibrational S           0.699 [cal/(mol K)]        2.924 [J/(mol K)]       0.00111388 [mEh/K]
  Total S                  47.226 [cal/(mol K)]      197.592 [J/(mol K)]       0.07525879 [mEh/K]
  Correction S              0.000 [cal/(mol K)]        0.000 [J/(mol K)]       0.00000000 [mEh/K]

  Constant volume heat capacity, Cv
    Electronic Cv           0.000 [cal/(mol K)]        0.000 [J/(mol K)]       0.00000000 [mEh/K]
    Translational Cv        2.981 [cal/(mol K)]       12.472 [J/(mol K)]       0.00475022 [mEh/K]
    Rotational Cv           1.987 [cal/(mol K)]        8.314 [J/(mol K)]       0.00316681 [mEh/K]
    Vibrational Cv          2.327 [cal/(mol K)]        9.736 [J/(mol K)]       0.00370819 [mEh/K]
  Total Cv                  7.295 [cal/(mol K)]       30.522 [J/(mol K)]       0.01162522 [mEh/K]
  Correction Cv             0.000 [cal/(mol K)]        0.000 [J/(mol K)]       0.00000000 [mEh/K]

  Constant pressure heat capacity, Cp
    Electronic Cp           0.000 [cal/(mol K)]        0.000 [J/(mol K)]       0.00000000 [mEh/K]
    Translational Cp        4.968 [cal/(mol K)]       20.786 [J/(mol K)]       0.00791703 [mEh/K]
    Rotational Cp           1.987 [cal/(mol K)]        8.314 [J/(mol K)]       0.00316681 [mEh/K]
    Vibrational Cp          2.327 [cal/(mol K)]        9.736 [J/(mol K)]       0.00370819 [mEh/K]
  Total Cp                  9.282 [cal/(mol K)]       38.836 [J/(mol K)]       0.01479203 [mEh/K]
  Correction Cp             0.000 [cal/(mol K)]        0.000 [J/(mol K)]       0.00000000 [mEh/K]

  ==> Thermochemistry Energy Analysis <==

  Raw electronic energy, E0
  Total E0, Electronic energy at well bottom at 0 [K]                  -76.84274611 [Eh]

  Zero-point energy, ZPE_vib = Sum_i nu_i / 2
    Electronic ZPE          0.000 [kcal/mol]        0.000 [kJ/mol]       0.00000000 [Eh]
    Translational ZPE       0.000 [kcal/mol]        0.000 [kJ/mol]       0.00000000 [Eh]
    Rotational ZPE          0.000 [kcal/mol]        0.000 [kJ/mol]       0.00000000 [Eh]
    Vibrational ZPE        18.326 [kcal/mol]       76.677 [kJ/mol]       0.02920458 [Eh]        6409.664 [cm^-1]
  Correction ZPE           18.326 [kcal/mol]       76.677 [kJ/mol]       0.02920458 [Eh]        6409.664 [cm^-1]
  Total ZPE, Electronic energy at 0 [K]                                -76.81354153 [Eh]

  Thermal Energy, E (includes ZPE)
    Electronic E            0.000 [kcal/mol]        0.000 [kJ/mol]       0.00000000 [Eh]
    Translational E         0.889 [kcal/mol]        3.718 [kJ/mol]       0.00141628 [Eh]
    Rotational E            0.592 [kcal/mol]        2.479 [kJ/mol]       0.00094418 [Eh]
    Vibrational E          18.494 [kcal/mol]       77.378 [kJ/mol]       0.02947154 [Eh]
  Correction E             19.975 [kcal/mol]       83.575 [kJ/mol]       0.03183200 [Eh]
  Total E, Electronic energy at  298.15 [K]                            -76.81091411 [Eh]

  Enthalpy, H_trans = E_trans + k_B * T
    Electronic H            0.000 [kcal/mol]        0.000 [kJ/mol]       0.00000000 [Eh]
    Translational H         1.481 [kcal/mol]        6.197 [kJ/mol]       0.00236046 [Eh]
    Rotational H            0.592 [kcal/mol]        2.479 [kJ/mol]       0.00094418 [Eh]
    Vibrational H          18.494 [kcal/mol]       77.378 [kJ/mol]       0.02947154 [Eh]
  Correction H             20.567 [kcal/mol]       86.054 [kJ/mol]       0.03277618 [Eh]
  Total H, Enthalpy at  298.15 [K]                                     -76.80996993 [Eh]

  Gibbs free energy, G = H - T * S
    Electronic G            0.000 [kcal/mol]        0.000 [kJ/mol]       0.00000000 [Eh]
    Translational G        -9.164 [kcal/mol]      -38.342 [kJ/mol]      -0.01460386 [Eh]
    Rotational G           -2.634 [kcal/mol]      -11.021 [kJ/mol]      -0.00419780 [Eh]
    Vibrational G          18.285 [kcal/mol]       76.506 [kJ/mol]       0.02913943 [Eh]
  Correction G              6.487 [kcal/mol]       27.142 [kJ/mol]       0.01033777 [Eh]
  Total G, Free enthalpy at  298.15 [K]                                -76.83240834 [Eh]
