gradient() will perform analytic gradient computation.

*** tstart() called on wanukaka
*** at Thu Apr 14 12:55:53 2022

   => Loading Basis Set <=

    Name: AUG-CC-PVTZ
    Role: ORBITAL
    Keyword: BASIS
    atoms 1 entry C          line   235 file /home/sulstice/software/miniconda2/envs/qmpython2/share/psi4/basis/aug-cc-pvtz.gbs 
    atoms 2 entry O          line   327 file /home/sulstice/software/miniconda2/envs/qmpython2/share/psi4/basis/aug-cc-pvtz.gbs 


         ---------------------------------------------------------
                                   SCF
               by Justin Turney, Rob Parrish, Andy Simmonett
                          and Daniel G. A. Smith
                              RHF Reference
                       10 Threads,   7629 MiB Core
         ---------------------------------------------------------

  ==> Geometry <==

    Molecular point group: c2v
    Full point group: C_inf_v

    Geometry (in Angstrom), charge = 0, multiplicity = 1:

       Center              X                  Y                   Z               Mass       
    ------------   -----------------  -----------------  -----------------  -----------------
         C            0.000000000000     0.000000000000    -0.644483611972    12.000000000000
         O            0.000000000000     0.000000000000     0.483516388028    15.994914619570

  Running in c2v symmetry.

  Rotational constants: A = ************  B =      1.93239  C =      1.93239 [cm^-1]
  Rotational constants: A = ************  B =  57931.52687  C =  57931.52687 [MHz]
  Nuclear repulsion =   22.518179177446818

  Charge       = 0
  Multiplicity = 1
  Electrons    = 14
  Nalpha       = 7
  Nbeta        = 7

  ==> Algorithm <==

  SCF Algorithm Type is DF.
  DIIS enabled.
  MOM disabled.
  Fractional occupation disabled.
  Guess Type is SAD.
  Energy threshold   = 1.00e-08
  Density threshold  = 1.00e-08
  Integral threshold = 0.00e+00

  ==> Primary Basis <==

  Basis Set: AUG-CC-PVTZ
    Blend: AUG-CC-PVTZ
    Number of shells: 28
    Number of basis function: 92
    Number of Cartesian functions: 110
    Spherical Harmonics?: true
    Max angular momentum: 3

   => Loading Basis Set <=

    Name: (AUG-CC-PVTZ AUX)
    Role: JKFIT
    Keyword: DF_BASIS_SCF
    atoms 1 entry C          line   162 file /home/sulstice/software/miniconda2/envs/qmpython2/share/psi4/basis/aug-cc-pvtz-jkfit.gbs 
    atoms 2 entry O          line   286 file /home/sulstice/software/miniconda2/envs/qmpython2/share/psi4/basis/aug-cc-pvtz-jkfit.gbs 

  ==> Pre-Iterations <==

   -------------------------------------------------------
    Irrep   Nso     Nmo     Nalpha   Nbeta   Ndocc  Nsocc
   -------------------------------------------------------
     A1        38      38       0       0       0       0
     A2        10      10       0       0       0       0
     B1        22      22       0       0       0       0
     B2        22      22       0       0       0       0
   -------------------------------------------------------
    Total      92      92       7       7       7       0
   -------------------------------------------------------

  ==> Integral Setup <==

  DFHelper Memory: AOs need 0.016 GiB; user supplied 5.588 GiB. Using in-core AOs.

  ==> MemDFJK: Density-Fitted J/K Matrices <==

    J tasked:                   Yes
    K tasked:                   Yes
    wK tasked:                   No
    OpenMP threads:              10
    Memory [MiB]:              5722
    Algorithm:                 Core
    Schwarz Cutoff:           1E-12
    Mask sparsity (%):       0.0000
    Fitting Condition:        1E-10

   => Auxiliary Basis Set <=

  Basis Set: (AUG-CC-PVTZ AUX)
    Blend: AUG-CC-PVTZ-JKFIT
    Number of shells: 60
    Number of basis function: 208
    Number of Cartesian functions: 262
    Spherical Harmonics?: true
    Max angular momentum: 4

  Minimum eigenvalue in the overlap matrix is 4.7389443573E-04.
  Using Symmetric Orthogonalization.

  SCF Guess: Superposition of Atomic Densities via on-the-fly atomic UHF.

  ==> Iterations <==

                           Total Energy        Delta E     RMS |[F,P]|

   @DF-RHF iter SAD:  -111.87341404533225   -1.11873e+02   0.00000e+00 
   @DF-RHF iter   1:  -112.75468724142834   -8.81273e-01   5.64818e-03 DIIS
   @DF-RHF iter   2:  -112.76373409924051   -9.04686e-03   4.62568e-03 DIIS
   @DF-RHF iter   3:  -112.78122478491926   -1.74907e-02   3.19628e-04 DIIS
   @DF-RHF iter   4:  -112.78135093039761   -1.26145e-04   3.67125e-05 DIIS
   @DF-RHF iter   5:  -112.78135330539284   -2.37500e-06   6.45236e-06 DIIS
   @DF-RHF iter   6:  -112.78135342325129   -1.17858e-07   1.10290e-06 DIIS
   @DF-RHF iter   7:  -112.78135342615715   -2.90586e-09   1.57591e-07 DIIS
   @DF-RHF iter   8:  -112.78135342620844   -5.12870e-11   3.79995e-08 DIIS
   @DF-RHF iter   9:  -112.78135342621103   -2.58638e-12   7.76969e-09 DIIS
  Energy and wave function converged.


  ==> Post-Iterations <==

    Orbital Energies [Eh]
    ---------------------

    Doubly Occupied:                                                      

       1A1   -20.668234     2A1   -11.361938     3A1    -1.523292  
       4A1    -0.804953     1B1    -0.640636     1B2    -0.640636  
       5A1    -0.554912  

    Virtual:                                                              

       6A1     0.069254     2B2     0.070304     2B1     0.070304  
       7A1     0.087903     3B2     0.153955     3B1     0.153955  
       8A1     0.185318     4B2     0.198210     4B1     0.198210  
       9A1     0.268842    10A1     0.296184     1A2     0.296184  
      11A1     0.392721     5B1     0.414500     5B2     0.414500  
      12A1     0.500550     6B1     0.507868     6B2     0.507868  
      13A1     0.670426     2A2     0.724867    14A1     0.724867  
      15A1     0.791038     7B1     0.842057     7B2     0.842057  
      16A1     1.007855     3A2     1.048178    17A1     1.048178  
       8B2     1.072746     8B1     1.072746     9B1     1.088500  
       9B2     1.088500    10B1     1.219813    10B2     1.219813  
      18A1     1.253718    19A1     1.276563     4A2     1.276563  
      20A1     1.381448    11B1     1.490488    11B2     1.490488  
      21A1     1.537949    12B2     2.143751    12B1     2.143751  
      22A1     2.179207     5A2     2.179207    13B1     2.323498  
      13B2     2.323498    23A1     2.361784    24A1     2.438218  
      14B1     2.575288    14B2     2.575288    25A1     2.583497  
       6A2     2.583497    26A1     2.673852    15B1     2.965088  
      15B2     2.965088     7A2     3.397983    27A1     3.397983  
      16B1     3.422574    16B2     3.422574    28A1     3.486448  
      17B1     3.625534    17B2     3.625534     8A2     3.748951  
      29A1     3.748951    18B2     3.991117    18B1     3.991117  
      30A1     4.030491    31A1     4.380309    19B2     5.235842  
      19B1     5.235842    32A1     5.346096    20B2     6.471895  
      20B1     6.471895    33A1     6.754888     9A2     6.754888  
      34A1     7.034779    10A2     7.034779    21B2     7.113365  
      21B1     7.113365    35A1     7.220067    22B2     7.434805  
      22B1     7.434805    36A1     7.617116    37A1    12.544147  
      38A1    15.306048  

    Final Occupation by Irrep:
             A1    A2    B1    B2 
    DOCC [     5,    0,    1,    1 ]

  @DF-RHF Final Energy:  -112.78135342621103

   => Energetics <=

    Nuclear Repulsion Energy =             22.5181791774468181
    One-Electron Energy =                -198.2098651532779456
    Two-Electron Energy =                  62.9103325496201009
    Total Energy =                       -112.7813534262110124

Computation Completed


Properties will be evaluated at   0.000000,   0.000000,   0.000000 [a0]

Properties computed using the SCF density matrix

  Nuclear Dipole Moment: [e a0]
     X:     0.0000      Y:     0.0000      Z:     0.0023

  Electronic Dipole Moment: [e a0]
     X:     0.0000      Y:     0.0000      Z:    -0.1070

  Dipole Moment: [e a0]
     X:     0.0000      Y:     0.0000      Z:    -0.1047     Total:     0.1047

  Dipole Moment: [D]
     X:     0.0000      Y:     0.0000      Z:    -0.2660     Total:     0.2660


*** tstop() called on wanukaka at Thu Apr 14 12:55:54 2022
Module time:
	user time   =       6.29 seconds =       0.10 minutes
	system time =       0.22 seconds =       0.00 minutes
	total time  =          1 seconds =       0.02 minutes
Total time:
	user time   =    9505.77 seconds =     158.43 minutes
	system time =     411.60 seconds =       6.86 minutes
	total time  =       1098 seconds =      18.30 minutes

*** tstart() called on wanukaka
*** at Thu Apr 14 12:55:54 2022


         ------------------------------------------------------------
                                   SCF GRAD                          
                          Rob Parrish, Justin Turney,                
                       Andy Simmonett, and Alex Sokolov              
         ------------------------------------------------------------

  ==> Geometry <==

    Molecular point group: c2v
    Full point group: C_inf_v

    Geometry (in Angstrom), charge = 0, multiplicity = 1:

       Center              X                  Y                   Z               Mass       
    ------------   -----------------  -----------------  -----------------  -----------------
         C            0.000000000000     0.000000000000    -0.644483611972    12.000000000000
         O            0.000000000000     0.000000000000     0.483516388028    15.994914619570

  Nuclear repulsion =   22.518179177446818

  ==> Basis Set <==

  Basis Set: AUG-CC-PVTZ
    Blend: AUG-CC-PVTZ
    Number of shells: 28
    Number of basis function: 92
    Number of Cartesian functions: 110
    Spherical Harmonics?: true
    Max angular momentum: 3

  ==> DFJKGrad: Density-Fitted SCF Gradients <==

    Gradient:                    1
    J tasked:                  Yes
    K tasked:                  Yes
    wK tasked:                  No
    OpenMP threads:             10
    Integrals threads:          10
    Memory [MiB]:             5722
    Schwarz Cutoff:          0E+00
    Fitting Condition:       1E-10

   => Auxiliary Basis Set <=

  Basis Set: (AUG-CC-PVTZ AUX)
    Blend: AUG-CC-PVTZ-JKFIT
    Number of shells: 60
    Number of basis function: 208
    Number of Cartesian functions: 262
    Spherical Harmonics?: true
    Max angular momentum: 4


  -Total Gradient:
     Atom            X                  Y                   Z
    ------   -----------------  -----------------  -----------------
       1       -0.000000000000     0.000000000000    -0.063216212724
       2        0.000000000000     0.000000000000     0.063216212725


*** tstop() called on wanukaka at Thu Apr 14 12:55:55 2022
Module time:
	user time   =       7.47 seconds =       0.12 minutes
	system time =       0.36 seconds =       0.01 minutes
	total time  =          1 seconds =       0.02 minutes
Total time:
	user time   =    9513.25 seconds =     158.55 minutes
	system time =     411.96 seconds =       6.87 minutes
	total time  =       1099 seconds =      18.32 minutes

			-----------------------------------------
			 OPTKING 2.0: for geometry optimizations 
			  - R.A. King,  Bethel University        
			-----------------------------------------

	Internal coordinates to be generated automatically.
	Detected frag 1 with atoms:  1 2
	---Fragment 1 Bond Connectivity---
	 1 : 2
	 2 : 1

	---Fragment 1 Geometry and Gradient---
	 C           0.0000000000        0.0000000000       -1.2178975190
	 O           0.0000000000        0.0000000000        0.9137135505
	            -0.0000000000        0.0000000000       -0.0632162127
	             0.0000000000        0.0000000000        0.0632162127

	Previous optimization step data not found.  Starting new optimization.

	---Fragment 1 Intrafragment Coordinates---
	 - Coordinate -           - BOHR/RAD -       - ANG/DEG -
	 R(1,2)           =         2.131611	       1.128000

	Current energy   :      -112.7813534262

	Generating empirical Hessian (Schlegel '84) for each fragment.
	Taking RFO optimization step.
	Going to follow RFO solution 1.
	Using RFO vector 1.
	Norm of target step-size    0.04172
	Projected energy change by RFO approximation:        -0.0017641011

	Back-transformation to cartesian coordinates...
	Successfully converged to displaced geometry.

	--- Internal Coordinate Step in ANG or DEG, aJ/ANG or AJ/DEG ---
	 ---------------------------------------------------------------------------
	   Coordinate                Previous        Force       Change         New 
	   ----------                --------       ------       ------       ------
	    1 R(1,2)          =      1.128000    -0.520821    -0.022079     1.105921
	 ---------------------------------------------------------------------------
	Successfully symmetrized geometry.

  ==> Convergence Check <==

  Measures of convergence in internal coordinates in au.
  Criteria marked as inactive (o), active & met (*), and active & unmet ( ).
  --------------------------------------------------------------------------------------------- ~
   Step     Total Energy     Delta E     MAX Force     RMS Force      MAX Disp      RMS Disp    ~
  --------------------------------------------------------------------------------------------- ~
    Convergence Criteria    1.00e-06 *    3.00e-04 *             o    1.20e-03 *             o  ~
  --------------------------------------------------------------------------------------------- ~
      1    -112.78135343   -1.13e+02      6.32e-02      6.32e-02 o    4.17e-02      4.17e-02 o  ~
  ---------------------------------------------------------------------------------------------

	Writing optimization data to binary file.
	Structure for next step:
	Cartesian Geometry (in Angstrom)
	    C     0.0000000000   0.0000000000  -0.6334440995
	    O     0.0000000000   0.0000000000   0.4724768762
			--------------------------
			 OPTKING Finished Execution 
			--------------------------

    Structure for next step:
    Molecular point group: c2v
    Full point group: C_inf_v

    Geometry (in Angstrom), charge = 0, multiplicity = 1:

    C       
    O             1    1.105921

gradient() will perform analytic gradient computation.

*** tstart() called on wanukaka
*** at Thu Apr 14 12:55:55 2022

   => Loading Basis Set <=

    Name: AUG-CC-PVTZ
    Role: ORBITAL
    Keyword: BASIS
    atoms 1 entry C          line   235 file /home/sulstice/software/miniconda2/envs/qmpython2/share/psi4/basis/aug-cc-pvtz.gbs 
    atoms 2 entry O          line   327 file /home/sulstice/software/miniconda2/envs/qmpython2/share/psi4/basis/aug-cc-pvtz.gbs 


         ---------------------------------------------------------
                                   SCF
               by Justin Turney, Rob Parrish, Andy Simmonett
                          and Daniel G. A. Smith
                              RHF Reference
                       10 Threads,   7629 MiB Core
         ---------------------------------------------------------

  ==> Geometry <==

    Molecular point group: c2v
    Full point group: C_inf_v

    Geometry (in Angstrom), charge = 0, multiplicity = 1:

       Center              X                  Y                   Z               Mass       
    ------------   -----------------  -----------------  -----------------  -----------------
         C            0.000000000000     0.000000000000    -0.631868748048    12.000000000000
         O            0.000000000000     0.000000000000     0.474052232032    15.994914619570

  Running in c2v symmetry.

  Rotational constants: A = ************  B =      2.01032  C =      2.01032 [cm^-1]
  Rotational constants: A = ************  B =  60267.75032  C =  60267.75032 [MHz]
  Nuclear repulsion =   22.967740525475442

  Charge       = 0
  Multiplicity = 1
  Electrons    = 14
  Nalpha       = 7
  Nbeta        = 7

  ==> Algorithm <==

  SCF Algorithm Type is DF.
  DIIS enabled.
  MOM disabled.
  Fractional occupation disabled.
  Guess Type is READ.
  Energy threshold   = 1.00e-08
  Density threshold  = 1.00e-08
  Integral threshold = 0.00e+00

  ==> Primary Basis <==

  Basis Set: AUG-CC-PVTZ
    Blend: AUG-CC-PVTZ
    Number of shells: 28
    Number of basis function: 92
    Number of Cartesian functions: 110
    Spherical Harmonics?: true
    Max angular momentum: 3

   => Loading Basis Set <=

    Name: (AUG-CC-PVTZ AUX)
    Role: JKFIT
    Keyword: DF_BASIS_SCF
    atoms 1 entry C          line   162 file /home/sulstice/software/miniconda2/envs/qmpython2/share/psi4/basis/aug-cc-pvtz-jkfit.gbs 
    atoms 2 entry O          line   286 file /home/sulstice/software/miniconda2/envs/qmpython2/share/psi4/basis/aug-cc-pvtz-jkfit.gbs 

   => Loading Basis Set <=

    Name: AUG-CC-PVTZ
    Role: ORBITAL
    Keyword: BASIS
    atoms 1 entry C          line   235 file /home/sulstice/software/miniconda2/envs/qmpython2/share/psi4/basis/aug-cc-pvtz.gbs 
    atoms 2 entry O          line   327 file /home/sulstice/software/miniconda2/envs/qmpython2/share/psi4/basis/aug-cc-pvtz.gbs 

  Reading orbitals from file 180, no projection.

  ==> Pre-Iterations <==

   -------------------------------------------------------
    Irrep   Nso     Nmo     Nalpha   Nbeta   Ndocc  Nsocc
   -------------------------------------------------------
     A1        38      38       0       0       0       0
     A2        10      10       0       0       0       0
     B1        22      22       0       0       0       0
     B2        22      22       0       0       0       0
   -------------------------------------------------------
    Total      92      92       7       7       7       0
   -------------------------------------------------------

  ==> Integral Setup <==

  DFHelper Memory: AOs need 0.016 GiB; user supplied 5.588 GiB. Using in-core AOs.

  ==> MemDFJK: Density-Fitted J/K Matrices <==

    J tasked:                   Yes
    K tasked:                   Yes
    wK tasked:                   No
    OpenMP threads:              10
    Memory [MiB]:              5722
    Algorithm:                 Core
    Schwarz Cutoff:           1E-12
    Mask sparsity (%):       0.0000
    Fitting Condition:        1E-10

   => Auxiliary Basis Set <=

  Basis Set: (AUG-CC-PVTZ AUX)
    Blend: AUG-CC-PVTZ-JKFIT
    Number of shells: 60
    Number of basis function: 208
    Number of Cartesian functions: 262
    Spherical Harmonics?: true
    Max angular momentum: 4

  Minimum eigenvalue in the overlap matrix is 4.6068955247E-04.
  Using Symmetric Orthogonalization.

  SCF Guess: Orbitals guess was supplied from a previous computation.

  ==> Iterations <==

                           Total Energy        Delta E     RMS |[F,P]|

   @DF-RHF iter   0:  -112.81904698321739   -1.12819e+02   2.17542e-03 
   @DF-RHF iter   1:  -112.78269425905178    3.63527e-02   3.28445e-04 DIIS
   @DF-RHF iter   2:  -112.78276592079071   -7.16617e-05   2.34306e-04 DIIS
   @DF-RHF iter   3:  -112.78280672717493   -4.08064e-05   3.09660e-05 DIIS
   @DF-RHF iter   4:  -112.78280764691210   -9.19737e-07   6.94405e-06 DIIS
   @DF-RHF iter   5:  -112.78280775039782   -1.03486e-07   2.39063e-06 DIIS
   @DF-RHF iter   6:  -112.78280775861082   -8.21299e-09   4.08346e-07 DIIS
   @DF-RHF iter   7:  -112.78280775893982   -3.29010e-10   4.92859e-08 DIIS
   @DF-RHF iter   8:  -112.78280775894397   -4.14957e-12   4.26414e-09 DIIS
  Energy and wave function converged.


  ==> Post-Iterations <==

    Orbital Energies [Eh]
    ---------------------

    Doubly Occupied:                                                      

       1A1   -20.667284     2A1   -11.351982     3A1    -1.538749  
       4A1    -0.806907     1B2    -0.650466     1B1    -0.650466  
       5A1    -0.552226  

    Virtual:                                                              

       6A1     0.068838     2B1     0.071338     2B2     0.071338  
       7A1     0.088471     3B2     0.159845     3B1     0.159845  
       8A1     0.185484     4B1     0.198726     4B2     0.198726  
       9A1     0.268657    10A1     0.296426     1A2     0.296426  
      11A1     0.393862     5B2     0.417376     5B1     0.417376  
      12A1     0.501734     6B2     0.507403     6B1     0.507403  
      13A1     0.671529     2A2     0.724463    14A1     0.724463  
      15A1     0.804587     7B2     0.843426     7B1     0.843426  
      16A1     1.016094     3A2     1.050650    17A1     1.050650  
       8B2     1.073714     8B1     1.073714     9B2     1.092178  
       9B1     1.092178    10B2     1.218125    10B1     1.218125  
      18A1     1.260016     4A2     1.280487    19A1     1.280487  
      20A1     1.380191    11B2     1.499758    11B1     1.499758  
      21A1     1.561933    12B2     2.147084    12B1     2.147084  
      22A1     2.178729     5A2     2.178729    13B2     2.326968  
      13B1     2.326968    23A1     2.374699    24A1     2.449357  
       6A2     2.593405    25A1     2.593405    14B2     2.599396  
      14B1     2.599396    26A1     2.676181    15B2     2.948660  
      15B1     2.948660    27A1     3.403828     7A2     3.403828  
      16B2     3.426217    16B1     3.426217    28A1     3.510319  
      17B2     3.636049    17B1     3.636049     8A2     3.773300  
      29A1     3.773300    18B2     4.012130    18B1     4.012130  
      30A1     4.064155    31A1     4.392576    19B1     5.292806  
      19B2     5.292806    32A1     5.423800    20B2     6.471402  
      20B1     6.471402     9A2     6.767552    33A1     6.767552  
      34A1     7.036538    10A2     7.036538    21B2     7.158740  
      21B1     7.158740    35A1     7.276837    22B1     7.426365  
      22B2     7.426365    36A1     7.647056    37A1    12.697901  
      38A1    15.882772  

    Final Occupation by Irrep:
             A1    A2    B1    B2 
    DOCC [     5,    0,    1,    1 ]

  @DF-RHF Final Energy:  -112.78280775894397

   => Energetics <=

    Nuclear Repulsion Energy =             22.9677405254754419
    One-Electron Energy =                -199.0649340299136725
    Two-Electron Energy =                  63.3143857454942420
    Total Energy =                       -112.7828077589439886

Computation Completed


Properties will be evaluated at   0.000000,   0.000000,   0.000000 [a0]

Properties computed using the SCF density matrix

  Nuclear Dipole Moment: [e a0]
     X:     0.0000      Y:     0.0000      Z:     0.0023

  Electronic Dipole Moment: [e a0]
     X:     0.0000      Y:     0.0000      Z:    -0.0643

  Dipole Moment: [e a0]
     X:     0.0000      Y:     0.0000      Z:    -0.0621     Total:     0.0621

  Dipole Moment: [D]
     X:     0.0000      Y:     0.0000      Z:    -0.1578     Total:     0.1578


*** tstop() called on wanukaka at Thu Apr 14 12:55:55 2022
Module time:
	user time   =       4.89 seconds =       0.08 minutes
	system time =       0.24 seconds =       0.00 minutes
	total time  =          0 seconds =       0.00 minutes
Total time:
	user time   =    9518.23 seconds =     158.64 minutes
	system time =     412.20 seconds =       6.87 minutes
	total time  =       1099 seconds =      18.32 minutes

*** tstart() called on wanukaka
*** at Thu Apr 14 12:55:55 2022


         ------------------------------------------------------------
                                   SCF GRAD                          
                          Rob Parrish, Justin Turney,                
                       Andy Simmonett, and Alex Sokolov              
         ------------------------------------------------------------

  ==> Geometry <==

    Molecular point group: c2v
    Full point group: C_inf_v

    Geometry (in Angstrom), charge = 0, multiplicity = 1:

       Center              X                  Y                   Z               Mass       
    ------------   -----------------  -----------------  -----------------  -----------------
         C            0.000000000000     0.000000000000    -0.631868748048    12.000000000000
         O            0.000000000000     0.000000000000     0.474052232032    15.994914619570

  Nuclear repulsion =   22.967740525475449

  ==> Basis Set <==

  Basis Set: AUG-CC-PVTZ
    Blend: AUG-CC-PVTZ
    Number of shells: 28
    Number of basis function: 92
    Number of Cartesian functions: 110
    Spherical Harmonics?: true
    Max angular momentum: 3

  ==> DFJKGrad: Density-Fitted SCF Gradients <==

    Gradient:                    1
    J tasked:                  Yes
    K tasked:                  Yes
    wK tasked:                  No
    OpenMP threads:             10
    Integrals threads:          10
    Memory [MiB]:             5722
    Schwarz Cutoff:          0E+00
    Fitting Condition:       1E-10

   => Auxiliary Basis Set <=

  Basis Set: (AUG-CC-PVTZ AUX)
    Blend: AUG-CC-PVTZ-JKFIT
    Number of shells: 60
    Number of basis function: 208
    Number of Cartesian functions: 262
    Spherical Harmonics?: true
    Max angular momentum: 4


  -Total Gradient:
     Atom            X                  Y                   Z
    ------   -----------------  -----------------  -----------------
       1        0.000000000000    -0.000000000000    -0.005032773463
       2        0.000000000000     0.000000000000     0.005032773463


*** tstop() called on wanukaka at Thu Apr 14 12:55:56 2022
Module time:
	user time   =       6.76 seconds =       0.11 minutes
	system time =       0.31 seconds =       0.01 minutes
	total time  =          1 seconds =       0.02 minutes
Total time:
	user time   =    9525.01 seconds =     158.75 minutes
	system time =     412.51 seconds =       6.88 minutes
	total time  =       1100 seconds =      18.33 minutes

			-----------------------------------------
			 OPTKING 2.0: for geometry optimizations 
			  - R.A. King,  Bethel University        
			-----------------------------------------

	Previous internal coordinate definitions found.
	---Fragment 1 Geometry and Gradient---
	 C           0.0000000000        0.0000000000       -1.1940588810
	 O           0.0000000000        0.0000000000        0.8958288877
	             0.0000000000       -0.0000000000       -0.0050327735
	             0.0000000000        0.0000000000        0.0050327735

	---Fragment 1 Intrafragment Coordinates---
	 - Coordinate -           - BOHR/RAD -       - ANG/DEG -
	 R(1,2)           =         2.089888	       1.105921

	Current energy   :      -112.7828077589

	Energy change for the previous step:
		Projected    :        -0.0017641011
		Actual       :        -0.0014543327
	Energy ratio indicates good step: Trust radius increased to 1.000e+00.


	Performing BFGS update.
	Previous computed or guess Hessian on step 1.
	Steps to be used in Hessian update: 1
	Taking RFO optimization step.
	Going to follow RFO solution 1.
	Using RFO vector 1.
	Norm of target step-size    0.00361
	Projected energy change by RFO approximation:        -0.0000116506

	Back-transformation to cartesian coordinates...
	Successfully converged to displaced geometry.

	--- Internal Coordinate Step in ANG or DEG, aJ/ANG or AJ/DEG ---
	 ---------------------------------------------------------------------------
	   Coordinate                Previous        Force       Change         New 
	   ----------                --------       ------       ------       ------
	    1 R(1,2)          =      1.105921    -0.041464    -0.001910     1.104011
	 ---------------------------------------------------------------------------
	Successfully symmetrized geometry.

  ==> Convergence Check <==

  Measures of convergence in internal coordinates in au.
  Criteria marked as inactive (o), active & met (*), and active & unmet ( ).
  ---------------------------------------------------------------------------------------------
   Step     Total Energy     Delta E     MAX Force     RMS Force      MAX Disp      RMS Disp   
  ---------------------------------------------------------------------------------------------
    Convergence Criteria    1.00e-06 *    3.00e-04 *             o    1.20e-03 *             o
  ---------------------------------------------------------------------------------------------
      2    -112.78280776   -1.45e-03      5.03e-03      5.03e-03 o    3.61e-03      3.61e-03 o  ~
  ---------------------------------------------------------------------------------------------

	Writing optimization data to binary file.
	Structure for next step:
	Cartesian Geometry (in Angstrom)
	    C     0.0000000000   0.0000000000  -0.6309138582
	    O     0.0000000000   0.0000000000   0.4730973428
			--------------------------
			 OPTKING Finished Execution 
			--------------------------

    Structure for next step:
    Molecular point group: c2v
    Full point group: C_inf_v

    Geometry (in Angstrom), charge = 0, multiplicity = 1:

    C       
    O             1    1.104011

gradient() will perform analytic gradient computation.

*** tstart() called on wanukaka
*** at Thu Apr 14 12:55:56 2022

   => Loading Basis Set <=

    Name: AUG-CC-PVTZ
    Role: ORBITAL
    Keyword: BASIS
    atoms 1 entry C          line   235 file /home/sulstice/software/miniconda2/envs/qmpython2/share/psi4/basis/aug-cc-pvtz.gbs 
    atoms 2 entry O          line   327 file /home/sulstice/software/miniconda2/envs/qmpython2/share/psi4/basis/aug-cc-pvtz.gbs 


         ---------------------------------------------------------
                                   SCF
               by Justin Turney, Rob Parrish, Andy Simmonett
                          and Daniel G. A. Smith
                              RHF Reference
                       10 Threads,   7629 MiB Core
         ---------------------------------------------------------

  ==> Geometry <==

    Molecular point group: c2v
    Full point group: C_inf_v

    Geometry (in Angstrom), charge = 0, multiplicity = 1:

       Center              X                  Y                   Z               Mass       
    ------------   -----------------  -----------------  -----------------  -----------------
         C            0.000000000000     0.000000000000    -0.630777596918    12.000000000000
         O            0.000000000000     0.000000000000     0.473233608497    15.994914619570

  Running in c2v symmetry.

  Rotational constants: A = ************  B =      2.01728  C =      2.01728 [cm^-1]
  Rotational constants: A = ************  B =  60476.43910  C =  60476.43910 [MHz]
  Nuclear repulsion =   23.007471289773559

  Charge       = 0
  Multiplicity = 1
  Electrons    = 14
  Nalpha       = 7
  Nbeta        = 7

  ==> Algorithm <==

  SCF Algorithm Type is DF.
  DIIS enabled.
  MOM disabled.
  Fractional occupation disabled.
  Guess Type is READ.
  Energy threshold   = 1.00e-08
  Density threshold  = 1.00e-08
  Integral threshold = 0.00e+00

  ==> Primary Basis <==

  Basis Set: AUG-CC-PVTZ
    Blend: AUG-CC-PVTZ
    Number of shells: 28
    Number of basis function: 92
    Number of Cartesian functions: 110
    Spherical Harmonics?: true
    Max angular momentum: 3

   => Loading Basis Set <=

    Name: (AUG-CC-PVTZ AUX)
    Role: JKFIT
    Keyword: DF_BASIS_SCF
    atoms 1 entry C          line   162 file /home/sulstice/software/miniconda2/envs/qmpython2/share/psi4/basis/aug-cc-pvtz-jkfit.gbs 
    atoms 2 entry O          line   286 file /home/sulstice/software/miniconda2/envs/qmpython2/share/psi4/basis/aug-cc-pvtz-jkfit.gbs 

   => Loading Basis Set <=

    Name: AUG-CC-PVTZ
    Role: ORBITAL
    Keyword: BASIS
    atoms 1 entry C          line   235 file /home/sulstice/software/miniconda2/envs/qmpython2/share/psi4/basis/aug-cc-pvtz.gbs 
    atoms 2 entry O          line   327 file /home/sulstice/software/miniconda2/envs/qmpython2/share/psi4/basis/aug-cc-pvtz.gbs 

  Reading orbitals from file 180, no projection.

  ==> Pre-Iterations <==

   -------------------------------------------------------
    Irrep   Nso     Nmo     Nalpha   Nbeta   Ndocc  Nsocc
   -------------------------------------------------------
     A1        38      38       0       0       0       0
     A2        10      10       0       0       0       0
     B1        22      22       0       0       0       0
     B2        22      22       0       0       0       0
   -------------------------------------------------------
    Total      92      92       7       7       7       0
   -------------------------------------------------------

  ==> Integral Setup <==

  DFHelper Memory: AOs need 0.016 GiB; user supplied 5.588 GiB. Using in-core AOs.

  ==> MemDFJK: Density-Fitted J/K Matrices <==

    J tasked:                   Yes
    K tasked:                   Yes
    wK tasked:                   No
    OpenMP threads:              10
    Memory [MiB]:              5722
    Algorithm:                 Core
    Schwarz Cutoff:           1E-12
    Mask sparsity (%):       0.0000
    Fitting Condition:        1E-10

   => Auxiliary Basis Set <=

  Basis Set: (AUG-CC-PVTZ AUX)
    Blend: AUG-CC-PVTZ-JKFIT
    Number of shells: 60
    Number of basis function: 208
    Number of Cartesian functions: 262
    Spherical Harmonics?: true
    Max angular momentum: 4

  Minimum eigenvalue in the overlap matrix is 4.5959351257E-04.
  Using Symmetric Orthogonalization.

  SCF Guess: Orbitals guess was supplied from a previous computation.

  ==> Iterations <==

                           Total Energy        Delta E     RMS |[F,P]|

   @DF-RHF iter   0:  -112.78597673183648   -1.12786e+02   1.94014e-04 
   @DF-RHF iter   1:  -112.78281520579962    3.16153e-03   2.91830e-05 DIIS
   @DF-RHF iter   2:  -112.78281576979232   -5.63993e-07   2.07735e-05 DIIS
   @DF-RHF iter   3:  -112.78281608982934   -3.20037e-07   2.71854e-06 DIIS
   @DF-RHF iter   4:  -112.78281609683350   -7.00416e-09   6.06586e-07 DIIS
   @DF-RHF iter   5:  -112.78281609760363   -7.70129e-10   2.01587e-07 DIIS
   @DF-RHF iter   6:  -112.78281609766275   -5.91172e-11   3.51823e-08 DIIS
   @DF-RHF iter   7:  -112.78281609766515   -2.40163e-12   4.28905e-09 DIIS
  Energy and wave function converged.


  ==> Post-Iterations <==

    Orbital Energies [Eh]
    ---------------------

    Doubly Occupied:                                                      

       1A1   -20.667192     2A1   -11.351117     3A1    -1.540097  
       4A1    -0.807078     1B1    -0.651333     1B2    -0.651333  
       5A1    -0.551984  

    Virtual:                                                              

       6A1     0.068802     2B2     0.071418     2B1     0.071418  
       7A1     0.088519     3B2     0.160344     3B1     0.160344  
       8A1     0.185499     4B2     0.198795     4B1     0.198795  
       9A1     0.268641     1A2     0.296445    10A1     0.296445  
      11A1     0.393955     5B2     0.417629     5B1     0.417629  
      12A1     0.501838     6B2     0.507372     6B1     0.507372  
      13A1     0.671632     2A2     0.724426    14A1     0.724426  
      15A1     0.805654     7B1     0.843544     7B2     0.843544  
      16A1     1.016874     3A2     1.050863    17A1     1.050863  
       8B2     1.073796     8B1     1.073796     9B2     1.092494  
       9B1     1.092494    10B2     1.217983    10B1     1.217983  
      18A1     1.260557     4A2     1.280826    19A1     1.280826  
      20A1     1.380035    11B2     1.500584    11B1     1.500584  
      21A1     1.564231    12B1     2.147384    12B2     2.147384  
       5A2     2.178692    22A1     2.178692    13B2     2.327245  
      13B1     2.327245    23A1     2.375788    24A1     2.450291  
       6A2     2.594253    25A1     2.594253    14B2     2.601489  
      14B1     2.601489    26A1     2.676534    15B2     2.947252  
      15B1     2.947252     7A2     3.404339    27A1     3.404339  
      16B2     3.426536    16B1     3.426536    28A1     3.512353  
      17B2     3.636979    17B1     3.636979     8A2     3.775468  
      29A1     3.775468    18B2     4.014027    18B1     4.014027  
      30A1     4.067087    31A1     4.393553    19B2     5.297665  
      19B1     5.297665    32A1     5.430842    20B2     6.471372  
      20B1     6.471372     9A2     6.768681    33A1     6.768681  
      10A2     7.036711    34A1     7.036711    21B2     7.162861  
      21B1     7.162861    35A1     7.282053    22B2     7.425509  
      22B1     7.425509    36A1     7.649765    37A1    12.710503  
      38A1    15.934144  

    Final Occupation by Irrep:
             A1    A2    B1    B2 
    DOCC [     5,    0,    1,    1 ]

  @DF-RHF Final Energy:  -112.78281609766515

   => Energetics <=

    Nuclear Repulsion Energy =             23.0074712897735587
    One-Electron Energy =                -199.1403081978868954
    Two-Electron Energy =                  63.3500208104481928
    Total Energy =                       -112.7828160976651475

Computation Completed


Properties will be evaluated at   0.000000,   0.000000,   0.000000 [a0]

Properties computed using the SCF density matrix

  Nuclear Dipole Moment: [e a0]
     X:     0.0000      Y:     0.0000      Z:     0.0023

  Electronic Dipole Moment: [e a0]
     X:     0.0000      Y:     0.0000      Z:    -0.0607

  Dipole Moment: [e a0]
     X:     0.0000      Y:     0.0000      Z:    -0.0584     Total:     0.0584

  Dipole Moment: [D]
     X:     0.0000      Y:     0.0000      Z:    -0.1485     Total:     0.1485


*** tstop() called on wanukaka at Thu Apr 14 12:55:56 2022
Module time:
	user time   =       3.49 seconds =       0.06 minutes
	system time =       0.15 seconds =       0.00 minutes
	total time  =          0 seconds =       0.00 minutes
Total time:
	user time   =    9528.58 seconds =     158.81 minutes
	system time =     412.66 seconds =       6.88 minutes
	total time  =       1100 seconds =      18.33 minutes

*** tstart() called on wanukaka
*** at Thu Apr 14 12:55:56 2022


         ------------------------------------------------------------
                                   SCF GRAD                          
                          Rob Parrish, Justin Turney,                
                       Andy Simmonett, and Alex Sokolov              
         ------------------------------------------------------------

  ==> Geometry <==

    Molecular point group: c2v
    Full point group: C_inf_v

    Geometry (in Angstrom), charge = 0, multiplicity = 1:

       Center              X                  Y                   Z               Mass       
    ------------   -----------------  -----------------  -----------------  -----------------
         C            0.000000000000     0.000000000000    -0.630777596918    12.000000000000
         O            0.000000000000     0.000000000000     0.473233608497    15.994914619570

  Nuclear repulsion =   23.007471289773559

  ==> Basis Set <==

  Basis Set: AUG-CC-PVTZ
    Blend: AUG-CC-PVTZ
    Number of shells: 28
    Number of basis function: 92
    Number of Cartesian functions: 110
    Spherical Harmonics?: true
    Max angular momentum: 3

  ==> DFJKGrad: Density-Fitted SCF Gradients <==

    Gradient:                    1
    J tasked:                  Yes
    K tasked:                  Yes
    wK tasked:                  No
    OpenMP threads:             10
    Integrals threads:          10
    Memory [MiB]:             5722
    Schwarz Cutoff:          0E+00
    Fitting Condition:       1E-10

   => Auxiliary Basis Set <=

  Basis Set: (AUG-CC-PVTZ AUX)
    Blend: AUG-CC-PVTZ-JKFIT
    Number of shells: 60
    Number of basis function: 208
    Number of Cartesian functions: 262
    Spherical Harmonics?: true
    Max angular momentum: 4


  -Total Gradient:
     Atom            X                  Y                   Z
    ------   -----------------  -----------------  -----------------
       1        0.000000000000     0.000000000000     0.000423376806
       2       -0.000000000000     0.000000000000    -0.000423376805


*** tstop() called on wanukaka at Thu Apr 14 12:55:57 2022
Module time:
	user time   =       7.47 seconds =       0.12 minutes
	system time =       0.36 seconds =       0.01 minutes
	total time  =          1 seconds =       0.02 minutes
Total time:
	user time   =    9536.06 seconds =     158.93 minutes
	system time =     413.02 seconds =       6.88 minutes
	total time  =       1101 seconds =      18.35 minutes

			-----------------------------------------
			 OPTKING 2.0: for geometry optimizations 
			  - R.A. King,  Bethel University        
			-----------------------------------------

	Previous internal coordinate definitions found.
	---Fragment 1 Geometry and Gradient---
	 C           0.0000000000        0.0000000000       -1.1919969042
	 O           0.0000000000        0.0000000000        0.8942819134
	             0.0000000000        0.0000000000        0.0004233768
	            -0.0000000000        0.0000000000       -0.0004233768

	---Fragment 1 Intrafragment Coordinates---
	 - Coordinate -           - BOHR/RAD -       - ANG/DEG -
	 R(1,2)           =         2.086279	       1.104011

	Current energy   :      -112.7828160977

	Energy change for the previous step:
		Projected    :        -0.0000116506
		Actual       :        -0.0000083387

	Performing BFGS update.
	Previous computed or guess Hessian on step 1.
	Steps to be used in Hessian update: 2 1
	Taking RFO optimization step.
	Going to follow RFO solution 1.
	Using RFO vector 1.
	Norm of target step-size    0.00030
	Projected energy change by RFO approximation:        -0.0000000822

	Back-transformation to cartesian coordinates...
	Successfully converged to displaced geometry.

	--- Internal Coordinate Step in ANG or DEG, aJ/ANG or AJ/DEG ---
	 ---------------------------------------------------------------------------
	   Coordinate                Previous        Force       Change         New 
	   ----------                --------       ------       ------       ------
	    1 R(1,2)          =      1.104011     0.003488     0.000160     1.104171
	 ---------------------------------------------------------------------------
	Successfully symmetrized geometry.

  ==> Convergence Check <==

  Measures of convergence in internal coordinates in au.
  Criteria marked as inactive (o), active & met (*), and active & unmet ( ).
  ---------------------------------------------------------------------------------------------
   Step     Total Energy     Delta E     MAX Force     RMS Force      MAX Disp      RMS Disp   
  ---------------------------------------------------------------------------------------------
    Convergence Criteria    1.00e-06 *    3.00e-04 *             o    1.20e-03 *             o
  ---------------------------------------------------------------------------------------------
      3    -112.78281610   -8.34e-06      4.23e-04      4.23e-04 o    3.02e-04 *    3.02e-04 o  ~
  ---------------------------------------------------------------------------------------------

	Writing optimization data to binary file.
	Structure for next step:
	Cartesian Geometry (in Angstrom)
	    C     0.0000000000   0.0000000000  -0.6308573899
	    O     0.0000000000   0.0000000000   0.4733134021
			--------------------------
			 OPTKING Finished Execution 
			--------------------------

    Structure for next step:
    Molecular point group: c2v
    Full point group: C_inf_v

    Geometry (in Angstrom), charge = 0, multiplicity = 1:

    C       
    O             1    1.104171

gradient() will perform analytic gradient computation.

*** tstart() called on wanukaka
*** at Thu Apr 14 12:55:57 2022

   => Loading Basis Set <=

    Name: AUG-CC-PVTZ
    Role: ORBITAL
    Keyword: BASIS
    atoms 1 entry C          line   235 file /home/sulstice/software/miniconda2/envs/qmpython2/share/psi4/basis/aug-cc-pvtz.gbs 
    atoms 2 entry O          line   327 file /home/sulstice/software/miniconda2/envs/qmpython2/share/psi4/basis/aug-cc-pvtz.gbs 


         ---------------------------------------------------------
                                   SCF
               by Justin Turney, Rob Parrish, Andy Simmonett
                          and Daniel G. A. Smith
                              RHF Reference
                       10 Threads,   7629 MiB Core
         ---------------------------------------------------------

  ==> Geometry <==

    Molecular point group: c2v
    Full point group: C_inf_v

    Geometry (in Angstrom), charge = 0, multiplicity = 1:

       Center              X                  Y                   Z               Mass       
    ------------   -----------------  -----------------  -----------------  -----------------
         C            0.000000000000     0.000000000000    -0.630868779284    12.000000000000
         O            0.000000000000     0.000000000000     0.473302017014    15.994914619570

  Running in c2v symmetry.

  Rotational constants: A = ************  B =      2.01669  C =      2.01669 [cm^-1]
  Rotational constants: A = ************  B =  60458.95849  C =  60458.95849 [MHz]
  Nuclear repulsion =   23.004145914139695

  Charge       = 0
  Multiplicity = 1
  Electrons    = 14
  Nalpha       = 7
  Nbeta        = 7

  ==> Algorithm <==

  SCF Algorithm Type is DF.
  DIIS enabled.
  MOM disabled.
  Fractional occupation disabled.
  Guess Type is READ.
  Energy threshold   = 1.00e-08
  Density threshold  = 1.00e-08
  Integral threshold = 0.00e+00

  ==> Primary Basis <==

  Basis Set: AUG-CC-PVTZ
    Blend: AUG-CC-PVTZ
    Number of shells: 28
    Number of basis function: 92
    Number of Cartesian functions: 110
    Spherical Harmonics?: true
    Max angular momentum: 3

   => Loading Basis Set <=

    Name: (AUG-CC-PVTZ AUX)
    Role: JKFIT
    Keyword: DF_BASIS_SCF
    atoms 1 entry C          line   162 file /home/sulstice/software/miniconda2/envs/qmpython2/share/psi4/basis/aug-cc-pvtz-jkfit.gbs 
    atoms 2 entry O          line   286 file /home/sulstice/software/miniconda2/envs/qmpython2/share/psi4/basis/aug-cc-pvtz-jkfit.gbs 

   => Loading Basis Set <=

    Name: AUG-CC-PVTZ
    Role: ORBITAL
    Keyword: BASIS
    atoms 1 entry C          line   235 file /home/sulstice/software/miniconda2/envs/qmpython2/share/psi4/basis/aug-cc-pvtz.gbs 
    atoms 2 entry O          line   327 file /home/sulstice/software/miniconda2/envs/qmpython2/share/psi4/basis/aug-cc-pvtz.gbs 

  Reading orbitals from file 180, no projection.

  ==> Pre-Iterations <==

   -------------------------------------------------------
    Irrep   Nso     Nmo     Nalpha   Nbeta   Ndocc  Nsocc
   -------------------------------------------------------
     A1        38      38       0       0       0       0
     A2        10      10       0       0       0       0
     B1        22      22       0       0       0       0
     B2        22      22       0       0       0       0
   -------------------------------------------------------
    Total      92      92       7       7       7       0
   -------------------------------------------------------

  ==> Integral Setup <==

  DFHelper Memory: AOs need 0.016 GiB; user supplied 5.588 GiB. Using in-core AOs.

  ==> MemDFJK: Density-Fitted J/K Matrices <==

    J tasked:                   Yes
    K tasked:                   Yes
    wK tasked:                   No
    OpenMP threads:              10
    Memory [MiB]:              5722
    Algorithm:                 Core
    Schwarz Cutoff:           1E-12
    Mask sparsity (%):       0.0000
    Fitting Condition:        1E-10

   => Auxiliary Basis Set <=

  Basis Set: (AUG-CC-PVTZ AUX)
    Blend: AUG-CC-PVTZ-JKFIT
    Number of shells: 60
    Number of basis function: 208
    Number of Cartesian functions: 262
    Spherical Harmonics?: true
    Max angular momentum: 4

  Minimum eigenvalue in the overlap matrix is 4.5968481994E-04.
  Using Symmetric Orthogonalization.

  SCF Guess: Orbitals guess was supplied from a previous computation.

  ==> Iterations <==

                           Total Energy        Delta E     RMS |[F,P]|

   @DF-RHF iter   0:  -112.78255191980938   -1.12783e+02   1.62497e-05 
   @DF-RHF iter   1:  -112.78281614992187   -2.64230e-04   2.44556e-06 DIIS
   @DF-RHF iter   2:  -112.78281615387861   -3.95674e-09   1.74131e-06 DIIS
   @DF-RHF iter   3:  -112.78281615612758   -2.24897e-09   2.27629e-07 DIIS
   @DF-RHF iter   4:  -112.78281615617662   -4.90417e-11   5.07632e-08 DIIS
   @DF-RHF iter   5:  -112.78281615618202   -5.40012e-12   1.68208e-08 DIIS
   @DF-RHF iter   6:  -112.78281615618232   -2.98428e-13   2.94302e-09 DIIS
  Energy and wave function converged.


  ==> Post-Iterations <==

    Orbital Energies [Eh]
    ---------------------

    Doubly Occupied:                                                      

       1A1   -20.667200     2A1   -11.351190     3A1    -1.539984  
       4A1    -0.807064     1B1    -0.651260     1B2    -0.651260  
       5A1    -0.552004  

    Virtual:                                                              

       6A1     0.068805     2B1     0.071411     2B2     0.071411  
       7A1     0.088515     3B2     0.160302     3B1     0.160302  
       8A1     0.185498     4B2     0.198789     4B1     0.198789  
       9A1     0.268642     1A2     0.296444    10A1     0.296444  
      11A1     0.393947     5B2     0.417607     5B1     0.417607  
      12A1     0.501829     6B2     0.507374     6B1     0.507374  
      13A1     0.671624    14A1     0.724429     2A2     0.724429  
      15A1     0.805566     7B1     0.843534     7B2     0.843534  
      16A1     1.016808     3A2     1.050845    17A1     1.050845  
       8B2     1.073789     8B1     1.073789     9B2     1.092468  
       9B1     1.092468    10B2     1.217995    10B1     1.217995  
      18A1     1.260511    19A1     1.280798     4A2     1.280798  
      20A1     1.380048    11B2     1.500515    11B1     1.500515  
      21A1     1.564037    12B1     2.147359    12B2     2.147359  
      22A1     2.178695     5A2     2.178695    13B1     2.327222  
      13B2     2.327222    23A1     2.375697    24A1     2.450213  
      25A1     2.594182     6A2     2.594182    14B1     2.601314  
      14B2     2.601314    26A1     2.676503    15B2     2.947369  
      15B1     2.947369    27A1     3.404297     7A2     3.404297  
      16B1     3.426509    16B2     3.426509    28A1     3.512183  
      17B1     3.636901    17B2     3.636901    29A1     3.775287  
       8A2     3.775287    18B1     4.013868    18B2     4.013868  
      30A1     4.066842    31A1     4.393472    19B1     5.297259  
      19B2     5.297259    32A1     5.430252    20B2     6.471374  
      20B1     6.471374     9A2     6.768587    33A1     6.768587  
      34A1     7.036697    10A2     7.036697    21B2     7.162516  
      21B1     7.162516    35A1     7.281615    22B1     7.425581  
      22B2     7.425581    36A1     7.649538    37A1    12.709454  
      38A1    15.929843  

    Final Occupation by Irrep:
             A1    A2    B1    B2 
    DOCC [     5,    0,    1,    1 ]

  @DF-RHF Final Energy:  -112.78281615618232

   => Energetics <=

    Nuclear Repulsion Energy =             23.0041459141396949
    One-Electron Energy =                -199.1340009725506377
    Two-Electron Energy =                  63.3470389022286327
    Total Energy =                       -112.7828161561823208

Computation Completed


Properties will be evaluated at   0.000000,   0.000000,   0.000000 [a0]

Properties computed using the SCF density matrix

  Nuclear Dipole Moment: [e a0]
     X:     0.0000      Y:     0.0000      Z:     0.0023

  Electronic Dipole Moment: [e a0]
     X:     0.0000      Y:     0.0000      Z:    -0.0610

  Dipole Moment: [e a0]
     X:     0.0000      Y:     0.0000      Z:    -0.0587     Total:     0.0587

  Dipole Moment: [D]
     X:     0.0000      Y:     0.0000      Z:    -0.1492     Total:     0.1492


*** tstop() called on wanukaka at Thu Apr 14 12:55:58 2022
Module time:
	user time   =       3.53 seconds =       0.06 minutes
	system time =       0.19 seconds =       0.00 minutes
	total time  =          1 seconds =       0.02 minutes
Total time:
	user time   =    9539.69 seconds =     158.99 minutes
	system time =     413.22 seconds =       6.89 minutes
	total time  =       1102 seconds =      18.37 minutes

*** tstart() called on wanukaka
*** at Thu Apr 14 12:55:58 2022


         ------------------------------------------------------------
                                   SCF GRAD                          
                          Rob Parrish, Justin Turney,                
                       Andy Simmonett, and Alex Sokolov              
         ------------------------------------------------------------

  ==> Geometry <==

    Molecular point group: c2v
    Full point group: C_inf_v

    Geometry (in Angstrom), charge = 0, multiplicity = 1:

       Center              X                  Y                   Z               Mass       
    ------------   -----------------  -----------------  -----------------  -----------------
         C            0.000000000000     0.000000000000    -0.630868779284    12.000000000000
         O            0.000000000000     0.000000000000     0.473302017014    15.994914619570

  Nuclear repulsion =   23.004145914139695

  ==> Basis Set <==

  Basis Set: AUG-CC-PVTZ
    Blend: AUG-CC-PVTZ
    Number of shells: 28
    Number of basis function: 92
    Number of Cartesian functions: 110
    Spherical Harmonics?: true
    Max angular momentum: 3

  ==> DFJKGrad: Density-Fitted SCF Gradients <==

    Gradient:                    1
    J tasked:                  Yes
    K tasked:                  Yes
    wK tasked:                  No
    OpenMP threads:             10
    Integrals threads:          10
    Memory [MiB]:             5722
    Schwarz Cutoff:          0E+00
    Fitting Condition:       1E-10

   => Auxiliary Basis Set <=

  Basis Set: (AUG-CC-PVTZ AUX)
    Blend: AUG-CC-PVTZ-JKFIT
    Number of shells: 60
    Number of basis function: 208
    Number of Cartesian functions: 262
    Spherical Harmonics?: true
    Max angular momentum: 4


  -Total Gradient:
     Atom            X                  Y                   Z
    ------   -----------------  -----------------  -----------------
       1       -0.000000000000     0.000000000000    -0.000035267688
       2        0.000000000000     0.000000000000     0.000035267688


*** tstop() called on wanukaka at Thu Apr 14 12:55:58 2022
Module time:
	user time   =       6.91 seconds =       0.12 minutes
	system time =       0.31 seconds =       0.01 minutes
	total time  =          0 seconds =       0.00 minutes
Total time:
	user time   =    9546.61 seconds =     159.11 minutes
	system time =     413.53 seconds =       6.89 minutes
	total time  =       1102 seconds =      18.37 minutes

			-----------------------------------------
			 OPTKING 2.0: for geometry optimizations 
			  - R.A. King,  Bethel University        
			-----------------------------------------

	Previous internal coordinate definitions found.
	---Fragment 1 Geometry and Gradient---
	 C           0.0000000000        0.0000000000       -1.1921692139
	 O           0.0000000000        0.0000000000        0.8944111868
	            -0.0000000000        0.0000000000       -0.0000352677
	             0.0000000000        0.0000000000        0.0000352677

	---Fragment 1 Intrafragment Coordinates---
	 - Coordinate -           - BOHR/RAD -       - ANG/DEG -
	 R(1,2)           =         2.086580	       1.104171

	Current energy   :      -112.7828161562

	Energy change for the previous step:
		Projected    :        -0.0000000822
		Actual       :        -0.0000000585

	Performing BFGS update.
	Previous computed or guess Hessian on step 1.
	Denominators (dg)(dq) or (dq)(dq) are very small.
	 Skipping Hessian update for step 3.
	Steps to be used in Hessian update: 2 1
	Taking RFO optimization step.
	Going to follow RFO solution 1.
	Using RFO vector 1.
	Norm of target step-size    0.00003
	Projected energy change by RFO approximation:        -0.0000000006

	Back-transformation to cartesian coordinates...
	Successfully converged to displaced geometry.

	--- Internal Coordinate Step in ANG or DEG, aJ/ANG or AJ/DEG ---
	 ---------------------------------------------------------------------------
	   Coordinate                Previous        Force       Change         New 
	   ----------                --------       ------       ------       ------
	    1 R(1,2)          =      1.104171    -0.000291    -0.000013     1.104157
	 ---------------------------------------------------------------------------
	Successfully symmetrized geometry.

  ==> Convergence Check <==

  Measures of convergence in internal coordinates in au.
  Criteria marked as inactive (o), active & met (*), and active & unmet ( ).
  ---------------------------------------------------------------------------------------------
   Step     Total Energy     Delta E     MAX Force     RMS Force      MAX Disp      RMS Disp   
  ---------------------------------------------------------------------------------------------
    Convergence Criteria    1.00e-06 *    3.00e-04 *             o    1.20e-03 *             o
  ---------------------------------------------------------------------------------------------
      4    -112.78281616   -5.85e-08 *    3.53e-05 *    3.53e-05 o    2.51e-05 *    2.51e-05 o  ~
  ---------------------------------------------------------------------------------------------


  **** Optimization is complete! (in 4 steps) ****

  ==> Optimization Summary <==

  Measures of convergence in internal coordinates in au.
  --------------------------------------------------------------------------------------------------------------- ~
   Step         Total Energy             Delta E       MAX Force       RMS Force        MAX Disp        RMS Disp  ~
  --------------------------------------------------------------------------------------------------------------- ~
      1    -112.781353426211   -112.781353426211      0.06321621      0.06321621      0.04172330      0.04172330  ~
      2    -112.782807758944     -0.001454332733      0.00503277      0.00503277      0.00360895      0.00360895  ~
      3    -112.782816097665     -0.000008338721      0.00042338      0.00042338      0.00030158      0.00030158  ~
      4    -112.782816156182     -0.000000058517      0.00003527      0.00003527      0.00002514      0.00002514  ~
  --------------------------------------------------------------------------------------------------------------- ~

	Writing optimization data to binary file.
	Final energy is   -112.7828161561823
	Final (previous) structure:
	Cartesian Geometry (in Angstrom)
	    C     0.0000000000   0.0000000000  -0.6308687768
	    O     0.0000000000   0.0000000000   0.4733020152
	Saving final (previous) structure.
			--------------------------
			 OPTKING Finished Execution 
			--------------------------

    Final optimized geometry and variables:
    Molecular point group: c2v
    Full point group: C_inf_v

    Geometry (in Angstrom), charge = 0, multiplicity = 1:

    C       
    O             1    1.104171

	Removing binary optimization data file.
	Cleaning optimization helper files.

*** tstart() called on wanukaka
*** at Thu Apr 14 12:55:58 2022

   => Loading Basis Set <=

    Name: AUG-CC-PVTZ
    Role: ORBITAL
    Keyword: BASIS
    atoms 1 entry C          line   235 file /home/sulstice/software/miniconda2/envs/qmpython2/share/psi4/basis/aug-cc-pvtz.gbs 
    atoms 2 entry O          line   327 file /home/sulstice/software/miniconda2/envs/qmpython2/share/psi4/basis/aug-cc-pvtz.gbs 


         ---------------------------------------------------------
                                   SCF
               by Justin Turney, Rob Parrish, Andy Simmonett
                          and Daniel G. A. Smith
                              RHF Reference
                       10 Threads,   7629 MiB Core
         ---------------------------------------------------------

  ==> Geometry <==

    Molecular point group: c2v
    Full point group: C_inf_v

    Geometry (in Angstrom), charge = 0, multiplicity = 1:

       Center              X                  Y                   Z               Mass       
    ------------   -----------------  -----------------  -----------------  -----------------
         C            0.000000000000     0.000000000000    -0.630868779284    12.000000000000
         O            0.000000000000     0.000000000000     0.473302017014    15.994914619570

  Running in c2v symmetry.

  Rotational constants: A = ************  B =      2.01669  C =      2.01669 [cm^-1]
  Rotational constants: A = ************  B =  60458.95849  C =  60458.95849 [MHz]
  Nuclear repulsion =   23.004145914139695

  Charge       = 0
  Multiplicity = 1
  Electrons    = 14
  Nalpha       = 7
  Nbeta        = 7

  ==> Algorithm <==

  SCF Algorithm Type is DF.
  DIIS enabled.
  MOM disabled.
  Fractional occupation disabled.
  Guess Type is SAD.
  Energy threshold   = 1.00e-06
  Density threshold  = 1.00e-06
  Integral threshold = 0.00e+00

  ==> Primary Basis <==

  Basis Set: AUG-CC-PVTZ
    Blend: AUG-CC-PVTZ
    Number of shells: 28
    Number of basis function: 92
    Number of Cartesian functions: 110
    Spherical Harmonics?: true
    Max angular momentum: 3

   => Loading Basis Set <=

    Name: (AUG-CC-PVTZ AUX)
    Role: JKFIT
    Keyword: DF_BASIS_SCF
    atoms 1 entry C          line   162 file /home/sulstice/software/miniconda2/envs/qmpython2/share/psi4/basis/aug-cc-pvtz-jkfit.gbs 
    atoms 2 entry O          line   286 file /home/sulstice/software/miniconda2/envs/qmpython2/share/psi4/basis/aug-cc-pvtz-jkfit.gbs 

  ==> Pre-Iterations <==

   -------------------------------------------------------
    Irrep   Nso     Nmo     Nalpha   Nbeta   Ndocc  Nsocc
   -------------------------------------------------------
     A1        38      38       0       0       0       0
     A2        10      10       0       0       0       0
     B1        22      22       0       0       0       0
     B2        22      22       0       0       0       0
   -------------------------------------------------------
    Total      92      92       7       7       7       0
   -------------------------------------------------------

  ==> Integral Setup <==

  DFHelper Memory: AOs need 0.016 GiB; user supplied 5.588 GiB. Using in-core AOs.

  ==> MemDFJK: Density-Fitted J/K Matrices <==

    J tasked:                   Yes
    K tasked:                   Yes
    wK tasked:                   No
    OpenMP threads:              10
    Memory [MiB]:              5722
    Algorithm:                 Core
    Schwarz Cutoff:           1E-12
    Mask sparsity (%):       0.0000
    Fitting Condition:        1E-10

   => Auxiliary Basis Set <=

  Basis Set: (AUG-CC-PVTZ AUX)
    Blend: AUG-CC-PVTZ-JKFIT
    Number of shells: 60
    Number of basis function: 208
    Number of Cartesian functions: 262
    Spherical Harmonics?: true
    Max angular momentum: 4

  Minimum eigenvalue in the overlap matrix is 4.5968481994E-04.
  Using Symmetric Orthogonalization.

  SCF Guess: Superposition of Atomic Densities via on-the-fly atomic UHF.

  ==> Iterations <==

                           Total Energy        Delta E     RMS |[F,P]|

   @DF-RHF iter SAD:  -111.92458942286927   -1.11925e+02   0.00000e+00 
   @DF-RHF iter   1:  -112.75826119853311   -8.33672e-01   5.50502e-03 DIIS
   @DF-RHF iter   2:  -112.76803048971470   -9.76929e-03   4.27670e-03 DIIS
   @DF-RHF iter   3:  -112.78268969757845   -1.46592e-02   3.23617e-04 DIIS
   @DF-RHF iter   4:  -112.78281373266248   -1.24035e-04   3.74165e-05 DIIS
   @DF-RHF iter   5:  -112.78281605555270   -2.32289e-06   6.28880e-06 DIIS
   @DF-RHF iter   6:  -112.78281615309827   -9.75456e-08   1.18075e-06 DIIS
   @DF-RHF iter   7:  -112.78281615602707   -2.92880e-09   2.58912e-07 DIIS
  Energy and wave function converged.


  ==> Post-Iterations <==

    Orbital Energies [Eh]
    ---------------------

    Doubly Occupied:                                                      

       1A1   -20.667199     2A1   -11.351190     3A1    -1.539984  
       4A1    -0.807063     1B1    -0.651261     1B2    -0.651261  
       5A1    -0.552004  

    Virtual:                                                              

       6A1     0.068805     2B1     0.071411     2B2     0.071411  
       7A1     0.088515     3B2     0.160302     3B1     0.160302  
       8A1     0.185498     4B2     0.198789     4B1     0.198789  
       9A1     0.268642     1A2     0.296444    10A1     0.296444  
      11A1     0.393947     5B2     0.417607     5B1     0.417607  
      12A1     0.501829     6B2     0.507374     6B1     0.507374  
      13A1     0.671624    14A1     0.724429     2A2     0.724429  
      15A1     0.805566     7B1     0.843534     7B2     0.843534  
      16A1     1.016808     3A2     1.050844    17A1     1.050844  
       8B2     1.073788     8B1     1.073788     9B2     1.092468  
       9B1     1.092468    10B2     1.217995    10B1     1.217995  
      18A1     1.260511    19A1     1.280798     4A2     1.280798  
      20A1     1.380048    11B2     1.500514    11B1     1.500514  
      21A1     1.564037    12B1     2.147359    12B2     2.147359  
      22A1     2.178696     5A2     2.178696    13B1     2.327222  
      13B2     2.327222    23A1     2.375697    24A1     2.450213  
      25A1     2.594182     6A2     2.594182    14B1     2.601314  
      14B2     2.601314    26A1     2.676503    15B2     2.947369  
      15B1     2.947369    27A1     3.404296     7A2     3.404296  
      16B1     3.426508    16B2     3.426508    28A1     3.512183  
      17B1     3.636901    17B2     3.636901    29A1     3.775286  
       8A2     3.775286    18B1     4.013868    18B2     4.013868  
      30A1     4.066842    31A1     4.393472    19B1     5.297259  
      19B2     5.297259    32A1     5.430252    20B2     6.471375  
      20B1     6.471375     9A2     6.768587    33A1     6.768587  
      34A1     7.036697    10A2     7.036697    21B2     7.162516  
      21B1     7.162516    35A1     7.281615    22B1     7.425581  
      22B2     7.425581    36A1     7.649538    37A1    12.709453  
      38A1    15.929843  

    Final Occupation by Irrep:
             A1    A2    B1    B2 
    DOCC [     5,    0,    1,    1 ]

  @DF-RHF Final Energy:  -112.78281615602707

   => Energetics <=

    Nuclear Repulsion Energy =             23.0041459141396949
    One-Electron Energy =                -199.1339767540428625
    Two-Electron Energy =                  63.3470146838761110
    Total Energy =                       -112.7828161560270672

Computation Completed


Properties will be evaluated at   0.000000,   0.000000,   0.000000 [a0]

Properties computed using the SCF density matrix

  Nuclear Dipole Moment: [e a0]
     X:     0.0000      Y:     0.0000      Z:     0.0023

  Electronic Dipole Moment: [e a0]
     X:     0.0000      Y:     0.0000      Z:    -0.0610

  Dipole Moment: [e a0]
     X:     0.0000      Y:     0.0000      Z:    -0.0587     Total:     0.0587

  Dipole Moment: [D]
     X:     0.0000      Y:     0.0000      Z:    -0.1492     Total:     0.1492


*** tstop() called on wanukaka at Thu Apr 14 12:55:59 2022
Module time:
	user time   =       7.89 seconds =       0.13 minutes
	system time =       0.28 seconds =       0.00 minutes
	total time  =          1 seconds =       0.02 minutes
Total time:
	user time   =    9554.59 seconds =     159.24 minutes
	system time =     413.81 seconds =       6.90 minutes
	total time  =       1103 seconds =      18.38 minutes
hessian() using ref_gradient to assess stationary point.

  Based on options and gradient (rms=2.04E-05), recommend projecting translations and projecting rotations.
hessian() will perform analytic frequency computation.

*** tstart() called on wanukaka
*** at Thu Apr 14 12:55:59 2022

   => Loading Basis Set <=

    Name: AUG-CC-PVTZ
    Role: ORBITAL
    Keyword: BASIS
    atoms 1 entry C          line   235 file /home/sulstice/software/miniconda2/envs/qmpython2/share/psi4/basis/aug-cc-pvtz.gbs 
    atoms 2 entry O          line   327 file /home/sulstice/software/miniconda2/envs/qmpython2/share/psi4/basis/aug-cc-pvtz.gbs 


         ---------------------------------------------------------
                                   SCF
               by Justin Turney, Rob Parrish, Andy Simmonett
                          and Daniel G. A. Smith
                              RHF Reference
                       10 Threads,   7629 MiB Core
         ---------------------------------------------------------

  ==> Geometry <==

    Molecular point group: c2v
    Full point group: C_inf_v

    Geometry (in Angstrom), charge = 0, multiplicity = 1:

       Center              X                  Y                   Z               Mass       
    ------------   -----------------  -----------------  -----------------  -----------------
         C            0.000000000000     0.000000000000    -0.630868779284    12.000000000000
         O            0.000000000000     0.000000000000     0.473302017014    15.994914619570

  Running in c2v symmetry.

  Rotational constants: A = ************  B =      2.01669  C =      2.01669 [cm^-1]
  Rotational constants: A = ************  B =  60458.95849  C =  60458.95849 [MHz]
  Nuclear repulsion =   23.004145914139695

  Charge       = 0
  Multiplicity = 1
  Electrons    = 14
  Nalpha       = 7
  Nbeta        = 7

  ==> Algorithm <==

  SCF Algorithm Type is DF.
  DIIS enabled.
  MOM disabled.
  Fractional occupation disabled.
  Guess Type is SAD.
  Energy threshold   = 1.00e-08
  Density threshold  = 1.00e-08
  Integral threshold = 0.00e+00

  ==> Primary Basis <==

  Basis Set: AUG-CC-PVTZ
    Blend: AUG-CC-PVTZ
    Number of shells: 28
    Number of basis function: 92
    Number of Cartesian functions: 110
    Spherical Harmonics?: true
    Max angular momentum: 3

   => Loading Basis Set <=

    Name: (AUG-CC-PVTZ AUX)
    Role: JKFIT
    Keyword: DF_BASIS_SCF
    atoms 1 entry C          line   162 file /home/sulstice/software/miniconda2/envs/qmpython2/share/psi4/basis/aug-cc-pvtz-jkfit.gbs 
    atoms 2 entry O          line   286 file /home/sulstice/software/miniconda2/envs/qmpython2/share/psi4/basis/aug-cc-pvtz-jkfit.gbs 

  ==> Pre-Iterations <==

   -------------------------------------------------------
    Irrep   Nso     Nmo     Nalpha   Nbeta   Ndocc  Nsocc
   -------------------------------------------------------
     A1        38      38       0       0       0       0
     A2        10      10       0       0       0       0
     B1        22      22       0       0       0       0
     B2        22      22       0       0       0       0
   -------------------------------------------------------
    Total      92      92       7       7       7       0
   -------------------------------------------------------

  ==> Integral Setup <==

  DFHelper Memory: AOs need 0.016 GiB; user supplied 5.588 GiB. Using in-core AOs.

  ==> MemDFJK: Density-Fitted J/K Matrices <==

    J tasked:                   Yes
    K tasked:                   Yes
    wK tasked:                   No
    OpenMP threads:              10
    Memory [MiB]:              5722
    Algorithm:                 Core
    Schwarz Cutoff:           1E-12
    Mask sparsity (%):       0.0000
    Fitting Condition:        1E-10

   => Auxiliary Basis Set <=

  Basis Set: (AUG-CC-PVTZ AUX)
    Blend: AUG-CC-PVTZ-JKFIT
    Number of shells: 60
    Number of basis function: 208
    Number of Cartesian functions: 262
    Spherical Harmonics?: true
    Max angular momentum: 4

  Minimum eigenvalue in the overlap matrix is 4.5968481994E-04.
  Using Symmetric Orthogonalization.

  SCF Guess: Superposition of Atomic Densities via on-the-fly atomic UHF.

  ==> Iterations <==

                           Total Energy        Delta E     RMS |[F,P]|

   @DF-RHF iter SAD:  -111.92458942286927   -1.11925e+02   0.00000e+00 
   @DF-RHF iter   1:  -112.75826119853298   -8.33672e-01   5.50502e-03 DIIS
   @DF-RHF iter   2:  -112.76803048971476   -9.76929e-03   4.27670e-03 DIIS
   @DF-RHF iter   3:  -112.78268969757839   -1.46592e-02   3.23617e-04 DIIS
   @DF-RHF iter   4:  -112.78281373266256   -1.24035e-04   3.74165e-05 DIIS
   @DF-RHF iter   5:  -112.78281605555287   -2.32289e-06   6.28880e-06 DIIS
   @DF-RHF iter   6:  -112.78281615309832   -9.75455e-08   1.18075e-06 DIIS
   @DF-RHF iter   7:  -112.78281615602711   -2.92879e-09   2.58912e-07 DIIS
   @DF-RHF iter   8:  -112.78281615617827   -1.51161e-10   4.47043e-08 DIIS
   @DF-RHF iter   9:  -112.78281615618208   -3.80851e-12   1.15187e-08 DIIS
   @DF-RHF iter  10:  -112.78281615618251   -4.26326e-13   1.50095e-09 DIIS
  Energy and wave function converged.


  ==> Post-Iterations <==

    Orbital Energies [Eh]
    ---------------------

    Doubly Occupied:                                                      

       1A1   -20.667200     2A1   -11.351190     3A1    -1.539984  
       4A1    -0.807064     1B1    -0.651260     1B2    -0.651260  
       5A1    -0.552004  

    Virtual:                                                              

       6A1     0.068805     2B1     0.071411     2B2     0.071411  
       7A1     0.088515     3B2     0.160302     3B1     0.160302  
       8A1     0.185498     4B2     0.198789     4B1     0.198789  
       9A1     0.268642     1A2     0.296444    10A1     0.296444  
      11A1     0.393947     5B2     0.417607     5B1     0.417607  
      12A1     0.501829     6B2     0.507374     6B1     0.507374  
      13A1     0.671624    14A1     0.724429     2A2     0.724429  
      15A1     0.805566     7B1     0.843534     7B2     0.843534  
      16A1     1.016808     3A2     1.050845    17A1     1.050845  
       8B2     1.073789     8B1     1.073789     9B2     1.092468  
       9B1     1.092468    10B2     1.217995    10B1     1.217995  
      18A1     1.260511    19A1     1.280798     4A2     1.280798  
      20A1     1.380048    11B2     1.500515    11B1     1.500515  
      21A1     1.564037    12B1     2.147359    12B2     2.147359  
      22A1     2.178695     5A2     2.178695    13B1     2.327222  
      13B2     2.327222    23A1     2.375697    24A1     2.450213  
      25A1     2.594182     6A2     2.594182    14B1     2.601314  
      14B2     2.601314    26A1     2.676503    15B2     2.947369  
      15B1     2.947369    27A1     3.404297     7A2     3.404297  
      16B1     3.426509    16B2     3.426509    28A1     3.512183  
      17B1     3.636901    17B2     3.636901    29A1     3.775287  
       8A2     3.775287    18B1     4.013868    18B2     4.013868  
      30A1     4.066842    31A1     4.393472    19B1     5.297259  
      19B2     5.297259    32A1     5.430252    20B2     6.471374  
      20B1     6.471374     9A2     6.768587    33A1     6.768587  
      34A1     7.036697    10A2     7.036697    21B2     7.162516  
      21B1     7.162516    35A1     7.281615    22B1     7.425581  
      22B2     7.425581    36A1     7.649538    37A1    12.709454  
      38A1    15.929843  

    Final Occupation by Irrep:
             A1    A2    B1    B2 
    DOCC [     5,    0,    1,    1 ]

  @DF-RHF Final Energy:  -112.78281615618251

   => Energetics <=

    Nuclear Repulsion Energy =             23.0041459141396949
    One-Electron Energy =                -199.1340008745845012
    Two-Electron Energy =                  63.3470388042623114
    Total Energy =                       -112.7828161561825056

Computation Completed


Properties will be evaluated at   0.000000,   0.000000,   0.000000 [a0]

Properties computed using the SCF density matrix

  Nuclear Dipole Moment: [e a0]
     X:     0.0000      Y:     0.0000      Z:     0.0023

  Electronic Dipole Moment: [e a0]
     X:     0.0000      Y:     0.0000      Z:    -0.0610

  Dipole Moment: [e a0]
     X:     0.0000      Y:     0.0000      Z:    -0.0587     Total:     0.0587

  Dipole Moment: [D]
     X:     0.0000      Y:     0.0000      Z:    -0.1492     Total:     0.1492


*** tstop() called on wanukaka at Thu Apr 14 12:56:00 2022
Module time:
	user time   =       6.57 seconds =       0.11 minutes
	system time =       0.31 seconds =       0.01 minutes
	total time  =          1 seconds =       0.02 minutes
Total time:
	user time   =    9561.24 seconds =     159.35 minutes
	system time =     414.12 seconds =       6.90 minutes
	total time  =       1104 seconds =      18.40 minutes

*** tstart() called on wanukaka
*** at Thu Apr 14 12:56:00 2022


         ------------------------------------------------------------
                                   SCF HESS                          
                          Rob Parrish, Justin Turney,                
                       Andy Simmonett, and Alex Sokolov              
         ------------------------------------------------------------

  ==> Geometry <==

    Molecular point group: c2v
    Full point group: C_inf_v

    Geometry (in Angstrom), charge = 0, multiplicity = 1:

       Center              X                  Y                   Z               Mass       
    ------------   -----------------  -----------------  -----------------  -----------------
         C            0.000000000000     0.000000000000    -0.630868779284    12.000000000000
         O            0.000000000000     0.000000000000     0.473302017014    15.994914619570

  Nuclear repulsion =   23.004145914139695

  ==> Basis Set <==

  Basis Set: AUG-CC-PVTZ
    Blend: AUG-CC-PVTZ
    Number of shells: 28
    Number of basis function: 92
    Number of Cartesian functions: 110
    Spherical Harmonics?: true
    Max angular momentum: 3

  ==> DFJKGrad: Density-Fitted SCF Gradients <==

    Gradient:                    2
    J tasked:                  Yes
    K tasked:                  Yes
    wK tasked:                  No
    OpenMP threads:             10
    Integrals threads:          10
    Memory [MiB]:             5722
    Schwarz Cutoff:          0E+00
    Fitting Condition:       1E-10

   => Auxiliary Basis Set <=

  Basis Set: (AUG-CC-PVTZ AUX)
    Blend: AUG-CC-PVTZ-JKFIT
    Number of shells: 60
    Number of basis function: 208
    Number of Cartesian functions: 262
    Spherical Harmonics?: true
    Max angular momentum: 4

  DFHelper Memory: AOs need 0.016 GiB; user supplied 6.706 GiB. Using in-core AOs.

  ==> MemDFJK: Density-Fitted J/K Matrices <==

    J tasked:                   Yes
    K tasked:                   Yes
    wK tasked:                   No
    OpenMP threads:              10
    Memory [MiB]:              6866
    Algorithm:                 Core
    Schwarz Cutoff:           1E-12
    Mask sparsity (%):       0.0000
    Fitting Condition:        1E-10

   => Auxiliary Basis Set <=

  Basis Set: (AUG-CC-PVTZ AUX)
    Blend: AUG-CC-PVTZ-JKFIT
    Number of shells: 60
    Number of basis function: 208
    Number of Cartesian functions: 262
    Spherical Harmonics?: true
    Max angular momentum: 4


         ------------------------------------------------------------
                                     CPHF                           
                                  Rob Parrish                       
         ------------------------------------------------------------

  ==> Geometry <==

    Molecular point group: c2v
    Full point group: C_inf_v

    Geometry (in Angstrom), charge = 0, multiplicity = 1:

       Center              X                  Y                   Z               Mass       
    ------------   -----------------  -----------------  -----------------  -----------------
         C            0.000000000000     0.000000000000    -0.630868779284    12.000000000000
         O            0.000000000000     0.000000000000     0.473302017014    15.994914619570

  Nuclear repulsion =   23.004145914139695
  Reference energy  = -112.782816156182506

  ==> Basis Set <==

  Basis Set: AUG-CC-PVTZ
    Blend: AUG-CC-PVTZ
    Number of shells: 28
    Number of basis function: 92
    Number of Cartesian functions: 110
    Spherical Harmonics?: true
    Max angular momentum: 3

  ==> CGRSolver (by Rob Parrish) <==

   Number of roots    =         6
   Preconditioning    =    JACOBI
   Convergence cutoff =     1E-06
   Maximum iterations =       100

  ==> CPHFRHamiltonian (by Rob Parrish) <== 

  ==> MemDFJK: Density-Fitted J/K Matrices <==

    J tasked:                   Yes
    K tasked:                   Yes
    wK tasked:                   No
    OpenMP threads:              10
    Memory [MiB]:              6866
    Algorithm:                 Core
    Schwarz Cutoff:           1E-12
    Mask sparsity (%):       0.0000
    Fitting Condition:        1E-10

   => Auxiliary Basis Set <=

  Basis Set: (AUG-CC-PVTZ AUX)
    Blend: AUG-CC-PVTZ-JKFIT
    Number of shells: 60
    Number of basis function: 208
    Number of Cartesian functions: 262
    Spherical Harmonics?: true
    Max angular momentum: 4

  ==> CPHF Iterations <==

  => Iterations <=

             Iter  Converged  Remaining    Residual
  CGR           1          0          6   8.589E-02
  CGR           2          0          6   2.625E-02
  CGR           3          0          6   4.104E-03
  CGR           4          0          6   7.156E-04
  CGR           5          0          6   1.055E-04
  CGR           6          0          6   1.935E-05
  CGR           7          0          6   1.827E-06
  CGR           8          6          0   2.176E-07

    CGRSolver converged.


*** tstop() called on wanukaka at Thu Apr 14 12:58:54 2022
Module time:
	user time   =    1635.07 seconds =      27.25 minutes
	system time =      47.60 seconds =       0.79 minutes
	total time  =        174 seconds =       2.90 minutes
Total time:
	user time   =   11196.32 seconds =     186.61 minutes
	system time =     461.72 seconds =       7.70 minutes
	total time  =       1278 seconds =      21.30 minutes


  ==> Harmonic Vibrational Analysis <==

  non-mass-weighted Hessian:       Symmetric? True   Hermitian? True   Lin Dep Dim?  0 (0)
  projection of translations (True) and rotations (True) removed 5 degrees of freedom (5)
  total projector:                 Symmetric? True   Hermitian? True   Lin Dep Dim?  5 (5)
  mass-weighted Hessian:           Symmetric? True   Hermitian? True   Lin Dep Dim?  0 (0)
  pre-proj  low-frequency mode:    0.0000i [cm^-1]
  pre-proj  low-frequency mode:    0.0000i [cm^-1]
  pre-proj  low-frequency mode:    0.0104  [cm^-1]
  pre-proj  low-frequency mode:    8.0709  [cm^-1]
  pre-proj  low-frequency mode:    8.0709  [cm^-1]
  pre-proj  all modes:['0.0115i' '0.0099i' '0.0104' '8.0709' '8.0709' '2420.3690']
  projected mass-weighted Hessian: Symmetric? True   Hermitian? True   Lin Dep Dim?  5 (5)
  post-proj low-frequency mode:    0.0000i [cm^-1] (TR)
  post-proj low-frequency mode:    0.0000i [cm^-1] (TR)
  post-proj low-frequency mode:    0.0000  [cm^-1] (TR)
  post-proj low-frequency mode:    0.0000  [cm^-1] (TR)
  post-proj low-frequency mode:    0.0000  [cm^-1] (TR)
  post-proj  all modes:['0.0000i' '0.0000i' '0.0000' '0.0000' '0.0000' '2420.3690']

  Vibration                       6           
  Freq [cm^-1]                2420.3690       
  Irrep                           A1          
  Reduced mass [u]             13.4388        
  Force const [mDyne/A]        46.3845        
  Turning point v=0 [a0]        0.0608        
  RMS dev v=0 [a0 u^1/2]        0.1577        
  IR activ [km/mol]            145.3944       
  Char temp [K]               3482.3721       
  ----------------------------------------------------------------------------------
      1   C               -0.00  0.00  0.80   
      2   O                0.00  0.00 -0.60   

  ==> Thermochemistry Components <==

  Entropy, S
    Electronic S            0.000 [cal/(mol K)]        0.000 [J/(mol K)]       0.00000000 [mEh/K] (multiplicity = 1)
    Translational S        35.923 [cal/(mol K)]      150.302 [J/(mol K)]       0.05724692 [mEh/K] (mol. weight = 27.9949 [u], P = 101325.00 [Pa])
    Rotational S           11.193 [cal/(mol K)]       46.830 [J/(mol K)]       0.01783656 [mEh/K] (symmetry no. = 1)
    Vibrational S           0.000 [cal/(mol K)]        0.001 [J/(mol K)]       0.00000034 [mEh/K]
  Total S                  47.116 [cal/(mol K)]      197.133 [J/(mol K)]       0.07508383 [mEh/K]
  Correction S              0.000 [cal/(mol K)]        0.000 [J/(mol K)]       0.00000000 [mEh/K]

  Constant volume heat capacity, Cv
    Electronic Cv           0.000 [cal/(mol K)]        0.000 [J/(mol K)]       0.00000000 [mEh/K]
    Translational Cv        2.981 [cal/(mol K)]       12.472 [J/(mol K)]       0.00475022 [mEh/K]
    Rotational Cv           1.987 [cal/(mol K)]        8.314 [J/(mol K)]       0.00316681 [mEh/K]
    Vibrational Cv          0.002 [cal/(mol K)]        0.010 [J/(mol K)]       0.00000366 [mEh/K]
  Total Cv                  4.970 [cal/(mol K)]       20.796 [J/(mol K)]       0.00792068 [mEh/K]
  Correction Cv             0.000 [cal/(mol K)]        0.000 [J/(mol K)]       0.00000000 [mEh/K]

  Constant pressure heat capacity, Cp
    Electronic Cp           0.000 [cal/(mol K)]        0.000 [J/(mol K)]       0.00000000 [mEh/K]
    Translational Cp        4.968 [cal/(mol K)]       20.786 [J/(mol K)]       0.00791703 [mEh/K]
    Rotational Cp           1.987 [cal/(mol K)]        8.314 [J/(mol K)]       0.00316681 [mEh/K]
    Vibrational Cp          0.002 [cal/(mol K)]        0.010 [J/(mol K)]       0.00000366 [mEh/K]
  Total Cp                  6.958 [cal/(mol K)]       29.110 [J/(mol K)]       0.01108749 [mEh/K]
  Correction Cp             0.000 [cal/(mol K)]        0.000 [J/(mol K)]       0.00000000 [mEh/K]

  ==> Thermochemistry Energy Analysis <==

  Raw electronic energy, E0
  Total E0, Electronic energy at well bottom at 0 [K]                 -112.78281616 [Eh]

  Zero-point energy, ZPE_vib = Sum_i nu_i / 2
    Electronic ZPE          0.000 [kcal/mol]        0.000 [kJ/mol]       0.00000000 [Eh]
    Translational ZPE       0.000 [kcal/mol]        0.000 [kJ/mol]       0.00000000 [Eh]
    Rotational ZPE          0.000 [kcal/mol]        0.000 [kJ/mol]       0.00000000 [Eh]
    Vibrational ZPE         3.460 [kcal/mol]       14.477 [kJ/mol]       0.00551401 [Eh]        1210.184 [cm^-1]
  Correction ZPE            3.460 [kcal/mol]       14.477 [kJ/mol]       0.00551401 [Eh]        1210.184 [cm^-1]
  Total ZPE, Electronic energy at 0 [K]                               -112.77730215 [Eh]

  Thermal Energy, E (includes ZPE)
    Electronic E            0.000 [kcal/mol]        0.000 [kJ/mol]       0.00000000 [Eh]
    Translational E         0.889 [kcal/mol]        3.718 [kJ/mol]       0.00141628 [Eh]
    Rotational E            0.592 [kcal/mol]        2.479 [kJ/mol]       0.00094418 [Eh]
    Vibrational E           3.460 [kcal/mol]       14.477 [kJ/mol]       0.00551410 [Eh]
  Correction E              4.941 [kcal/mol]       20.675 [kJ/mol]       0.00787456 [Eh]
  Total E, Electronic energy at  298.15 [K]                           -112.77494160 [Eh]

  Enthalpy, H_trans = E_trans + k_B * T
    Electronic H            0.000 [kcal/mol]        0.000 [kJ/mol]       0.00000000 [Eh]
    Translational H         1.481 [kcal/mol]        6.197 [kJ/mol]       0.00236046 [Eh]
    Rotational H            0.592 [kcal/mol]        2.479 [kJ/mol]       0.00094418 [Eh]
    Vibrational H           3.460 [kcal/mol]       14.477 [kJ/mol]       0.00551410 [Eh]
  Correction H              5.534 [kcal/mol]       23.154 [kJ/mol]       0.00881875 [Eh]
  Total H, Enthalpy at  298.15 [K]                                    -112.77399741 [Eh]

  Gibbs free energy, G = H - T * S
    Electronic G            0.000 [kcal/mol]        0.000 [kJ/mol]       0.00000000 [Eh]
    Translational G        -9.229 [kcal/mol]      -38.615 [kJ/mol]      -0.01470771 [Eh]
    Rotational G           -2.745 [kcal/mol]      -11.483 [kJ/mol]      -0.00437379 [Eh]
    Vibrational G           3.460 [kcal/mol]       14.477 [kJ/mol]       0.00551400 [Eh]
  Correction G             -8.514 [kcal/mol]      -35.621 [kJ/mol]      -0.01356750 [Eh]
  Total G, Free enthalpy at  298.15 [K]                               -112.79638365 [Eh]
